==> Warning: Missing a source id for legion@master
/var/spool/slurmd/job97214/slurm_script: line 12: 71134 Killed                  spliced splice --package legion@master --splice cmake --runner spack --replace cmake --experiment experiment --outfile /p/vast1/build/spliced-experiment/results/legion/master/cmake/experiment.json
/var/spool/slurmd/job100566/slurm_script: line 12: 37865 Killed                  spliced splice --package legion@master --splice cmake --runner spack --replace cmake --experiment experiment --outfile /p/vast1/build/spliced-experiment/results/legion/master/cmake/experiment.json
==> Warning: Missing a source id for legion@master
==> Warning: Missing a source id for cmake@master
==> Warning: Missing a source id for legion@master
==> Warning: Missing a source id for legion@master
==> Warning: Missing a source id for legion@master
==> Warning: Missing a source id for legion@master
==> Warning: Missing a source id for legion@master
==> Warning: Missing a source id for legion@master
==> Warning: Missing a source id for legion@master
==> Warning: Missing a source id for legion@master
==> Warning: Missing a source id for legion@master
==> Warning: Missing a source id for legion@master
==> Warning: Missing a source id for legion@master
==> Warning: Missing a source id for legion@master
==> Warning: Missing a source id for legion@master
==> Warning: Missing a source id for legion@master
==> Warning: Missing a source id for legion@master
==> Warning: Missing a source id for legion@master
==> Warning: Missing a source id for legion@master
==> Warning: Missing a source id for legion@master
==> Warning: Missing a source id for legion@master
==> Warning: Missing a source id for legion@master
==> Warning: Missing a source id for legion@master
==> Warning: Missing a source id for legion@master
==> Warning: Missing a source id for legion@master
==> Warning: Missing a source id for legion@master
==> Warning: Missing a source id for legion@master
==> Warning: Missing a source id for legion@master
==> Warning: Missing a source id for legion@master
==> Warning: Missing a source id for legion@master
==> Warning: Missing a source id for legion@master
==> Warning: Missing a source id for legion@master
==> Warning: Missing a source id for legion@master
==> Warning: Missing a source id for legion@master
==> Warning: Missing a source id for legion@master
==> Warning: Missing a source id for legion@master
==> Warning: Missing a source id for legion@master
==> Warning: Missing a source id for legion@master
==> Warning: Missing a source id for legion@master
==> Warning: Missing a source id for legion@master
==> Warning: Missing a source id for legion@master
==> Warning: Missing a source id for legion@master
==> Warning: Missing a source id for legion@master
==> Warning: Missing a source id for legion@master
==> Warning: Missing a source id for legion@master
==> Warning: Missing a source id for legion@master
==> Warning: Missing a source id for legion@master
==> Warning: Missing a source id for legion@master
==> Warning: Missing a source id for legion@master
==> Warning: Missing a source id for legion@master
==> Warning: Missing a source id for legion@master
==> Warning: Missing a source id for legion@master
==> Warning: Missing a source id for legion@master
==> Warning: Missing a source id for legion@master
==> Warning: Missing a source id for legion@master
==> Warning: Missing a source id for legion@master
==> Warning: Missing a source id for legion@master
==> Warning: Missing a source id for legion@master
==> Warning: Missing a source id for legion@master
==> Warning: Missing a source id for legion@master
==> Warning: Missing a source id for legion@master
==> Warning: Missing a source id for legion@master
==> Warning: Missing a source id for legion@master
==> Warning: Missing a source id for legion@master
==> Warning: Missing a source id for legion@master
==> Warning: Missing a source id for legion@master
==> Warning: Missing a source id for legion@master
==> Warning: Missing a source id for legion@master
==> Warning: Missing a source id for legion@master
==> Warning: Missing a source id for legion@master
==> Warning: Missing a source id for legion@master
==> Warning: Missing a source id for legion@master
==> Warning: Missing a source id for legion@master
==> Warning: Missing a source id for legion@master
==> Warning: Missing a source id for legion@master
==> Warning: Missing a source id for legion@master
==> Warning: Missing a source id for legion@master
==> Warning: Missing a source id for legion@master
==> Warning: Missing a source id for legion@master
==> Warning: Missing a source id for legion@master
==> Warning: Missing a source id for legion@master
==> Warning: Missing a source id for legion@master
==> Warning: Missing a source id for legion@master
==> Warning: Missing a source id for legion@master
==> Warning: Missing a source id for legion@master
==> Warning: Missing a source id for legion@master
==> Warning: Missing a source id for legion@master
==> Warning: Missing a source id for legion@master
==> Warning: Missing a source id for legion@master
==> Warning: Missing a source id for legion@master
==> Warning: Missing a source id for legion@master
==> Warning: Missing a source id for legion@master
==> Warning: Missing a source id for legion@master
==> Warning: Missing a source id for legion@master
==> Warning: Missing a source id for legion@master
==> Warning: Missing a source id for legion@master
==> Warning: Missing a source id for legion@master
==> Warning: Missing a source id for legion@master
==> Warning: Missing a source id for legion@master
==> Warning: Missing a source id for legion@master
==> Warning: Missing a source id for legion@master
==> Warning: Missing a source id for legion@master
==> Warning: Missing a source id for legion@master
==> Warning: Missing a source id for legion@master
==> Error: ProcessError: Command exited with status 2:
    'make' '-j16'

6 errors found in build log:
     258    Linking CXX executable ../bin/ccmake
     259    [ 96%] Built target CTestLib
     260    Scanning dependencies of target cpack
     261    [ 96%] Building CXX object Source/CMakeFiles/cpack.dir/CPack/cpack.
            cxx.o
     262    Scanning dependencies of target ctest
     263    [ 96%] Building CXX object Source/CMakeFiles/ctest.dir/ctest.cxx.o
  >> 264    /usr/tce/packages/gcc/gcc-10.2.1/rh/usr/bin/../libexec/gcc/x86_64-r
            edhat-linux/10/ld: CMakeFiles/ccmake.dir/CursesDialog/ccmake.cxx.o:
             undefined reference to symbol 'cbreak@@@@NCURSES6_TINFO_5.0.19991023
            '
  >> 265    /usr/tce/packages/gcc/gcc-10.2.1/rh/usr/bin/../libexec/gcc/x86_64-r
            edhat-linux/10/ld: /p/vast1/build/spack/opt/spack/linux-rhel7-broad
            well/gcc-10.2.1/ncurses-6.2-2xef6sx47tqatqlceqguyz3rza5okbhy/lib/li
            btinfo.so.6: error adding symbols: DSO missing from command line
  >> 266    collect2: error: ld returned 1 exit status
  >> 267    make[2]: *** [bin/ccmake] Error 1
  >> 268    make[1]: *** [Source/CMakeFiles/ccmake.dir/all] Error 2
     269    make[1]: *** Waiting for unfinished jobs....
     270    /tmp/sochat1/spack-stage/spack-stage-cmake-2.8.10.2-62xh3dj52yzaycz
            fgo4de6xhzsuerhm2/spack-src/Source/CPack/cpack.cxx: In function 'in
            t main(int, char**)':
     271    /tmp/sochat1/spack-stage/spack-stage-cmake-2.8.10.2-62xh3dj52yzaycz
            fgo4de6xhzsuerhm2/spack-src/Source/CPack/cpack.cxx:279:8: warning: 
            'template<class> class std::auto_ptr' is deprecated [-Wdeprecated-d
            eclarations]
     272      279 |   std::auto_ptr<cmLocalGenerator> cmlg(cmgg.CreateLocalGene
            rator());
     273          |        ^~~~~~~~
     274    In file included from /usr/tce/packages/gcc/gcc-10.2.1/rh/usr/inclu
            de/c++/10/bits/locale_conv.h:41,

     ...

     281       57 |   template<typename> class auto_ptr;
     282          |                            ^~~~~~~~
     283    Linking CXX executable ../bin/ctest
     284    Linking CXX executable ../bin/cpack
     285    [ 96%] Built target ctest
     286    [ 96%] Built target cpack
  >> 287    make: *** [all] Error 2

See build log for details:
  /var/tmp/sochat1/spack-stage/spack-stage-cmake-2.8.10.2-62xh3dj52yzayczfgo4de6xhzsuerhm2/spack-build-out.txt

Making predictions for spack-test
Making predictions for symbolator
Making predictions for libabigail
abicompat not found on path, will look for spack instead.
Making predictions for actual
