slurmstepd: error: *** JOB 96605 ON oslic10 CANCELLED AT 2022-02-24T21:58:57 DUE TO TIME LIMIT ***
/var/spool/slurmd/job99956/slurm_script: line 12: 16719 Killed                  spliced splice --package arborx@1.1 --splice openmpi --runner spack --replace openmpi --experiment experiment --outfile /p/vast1/build/spliced-experiment/results/arborx/1.1/openmpi/experiment.json
==> Error: ProcessError: Command exited with status 1:
    'cmake' '-G' 'Unix Makefiles' '-DCMAKE_INSTALL_PREFIX:STRING=/p/vast1/build/spack/opt/spack/linux-rhel7-broadwell/gcc-10.2.1/arborx-1.1-22vfaq3do62bbpqqhsju6tm7674w3v7h' '-DCMAKE_BUILD_TYPE:STRING=RelWithDebInfo' '-DCMAKE_INTERPROCEDURAL_OPTIMIZATION:BOOL=OFF' '-DCMAKE_VERBOSE_MAKEFILE:BOOL=ON' '-DCMAKE_INSTALL_RPATH_USE_LINK_PATH:BOOL=OFF' '-DCMAKE_INSTALL_RPATH:STRING=/p/vast1/build/spack/opt/spack/linux-rhel7-broadwell/gcc-10.2.1/arborx-1.1-22vfaq3do62bbpqqhsju6tm7674w3v7h/lib;/p/vast1/build/spack/opt/spack/linux-rhel7-broadwell/gcc-10.2.1/arborx-1.1-22vfaq3do62bbpqqhsju6tm7674w3v7h/lib64;/p/vast1/build/spack/opt/spack/linux-rhel7-broadwell/gcc-10.2.1/openmpi-4.1.2-mtnsjnbj5kuefhd6gtupaglpuytu6vhz/lib;/p/vast1/build/spack/opt/spack/linux-rhel7-broadwell/gcc-10.2.1/hwloc-2.7.0-zcvfxqfecuheq2vakvpuosok2avakr6j/lib;/p/vast1/build/spack/opt/spack/linux-rhel7-broadwell/gcc-10.2.1/libpciaccess-0.16-vzg6r6gyrqyboudgxfqbdwe36epu6s7s/lib;/p/vast1/build/spack/opt/spack/linux-rhel7-broadwell/gcc-10.2.1/libxml2-2.9.12-rs3llxgrrh537ywuyzjxyebuzo3gnxpt/lib;/p/vast1/build/spack/opt/spack/linux-rhel7-broadwell/gcc-10.2.1/libiconv-1.16-glggocpnh7m2dgmtu4fedhbfeessepbe/lib;/p/vast1/build/spack/opt/spack/linux-rhel7-broadwell/gcc-10.2.1/xz-5.2.5-d536jz4ora4tt45q72d2lklqr3dqx34m/lib;/p/vast1/build/spack/opt/spack/linux-rhel7-broadwell/gcc-10.2.1/zlib-1.2.11-su2ldy5ofm424qnly3kitbbdgwovpfk4/lib;/p/vast1/build/spack/opt/spack/linux-rhel7-broadwell/gcc-10.2.1/ncurses-6.2-2xef6sx47tqatqlceqguyz3rza5okbhy/lib;/p/vast1/build/spack/opt/spack/linux-rhel7-broadwell/gcc-10.2.1/libevent-2.1.12-ojhvas6alyezjgn2r2flj4slwat4cowk/lib;/p/vast1/build/spack/opt/spack/linux-rhel7-broadwell/gcc-10.2.1/openssl-1.1.1m-momhhzpwxq3fzqnlqbabquoitiq5d6q6/lib;/p/vast1/build/spack/opt/spack/linux-rhel7-broadwell/gcc-10.2.1/numactl-2.0.14-wiobx4m5fgmgis4po6hi44kpy7ad57vj/lib;/p/vast1/build/spack/opt/spack/linux-rhel7-broadwell/gcc-10.2.1/kokkos-3.5.00-imwisv3cvhufc74ti7lgv5kigmz5oua2/lib64' '-DCMAKE_PREFIX_PATH:STRING=/p/vast1/build/spack/opt/spack/linux-rhel7-broadwell/gcc-10.2.1/openmpi-4.1.2-mtnsjnbj5kuefhd6gtupaglpuytu6vhz;/p/vast1/build/spack/opt/spack/linux-rhel7-broadwell/gcc-10.2.1/numactl-2.0.14-wiobx4m5fgmgis4po6hi44kpy7ad57vj;/p/vast1/build/spack/opt/spack/linux-rhel7-broadwell/gcc-10.2.1/libevent-2.1.12-ojhvas6alyezjgn2r2flj4slwat4cowk;/p/vast1/build/spack/opt/spack/linux-rhel7-broadwell/gcc-10.2.1/hwloc-2.7.0-zcvfxqfecuheq2vakvpuosok2avakr6j;/p/vast1/build/spack/opt/spack/linux-rhel7-broadwell/gcc-10.2.1/libxml2-2.9.12-rs3llxgrrh537ywuyzjxyebuzo3gnxpt;/p/vast1/build/spack/opt/spack/linux-rhel7-broadwell/gcc-10.2.1/xz-5.2.5-d536jz4ora4tt45q72d2lklqr3dqx34m;/p/vast1/build/spack/opt/spack/linux-rhel7-broadwell/gcc-10.2.1/libpciaccess-0.16-vzg6r6gyrqyboudgxfqbdwe36epu6s7s;/p/vast1/build/spack/opt/spack/linux-rhel7-broadwell/gcc-10.2.1/kokkos-3.5.00-imwisv3cvhufc74ti7lgv5kigmz5oua2;/p/vast1/build/spack/opt/spack/linux-rhel7-broadwell/gcc-10.2.1/cmake-3.22.2-7oku4yd37mfoi65gi3alunjbl35euphw;/p/vast1/build/spack/opt/spack/linux-rhel7-broadwell/gcc-10.2.1/openssl-1.1.1m-momhhzpwxq3fzqnlqbabquoitiq5d6q6;/p/vast1/build/spack/opt/spack/linux-rhel7-broadwell/gcc-10.2.1/zlib-1.2.11-su2ldy5ofm424qnly3kitbbdgwovpfk4;/p/vast1/build/spack/opt/spack/linux-rhel7-broadwell/gcc-10.2.1/libiconv-1.16-glggocpnh7m2dgmtu4fedhbfeessepbe;/p/vast1/build/spack/opt/spack/linux-rhel7-broadwell/gcc-10.2.1/ncurses-6.2-2xef6sx47tqatqlceqguyz3rza5okbhy' '-DKokkos_ROOT=/p/vast1/build/spack/opt/spack/linux-rhel7-broadwell/gcc-10.2.1/kokkos-3.5.00-imwisv3cvhufc74ti7lgv5kigmz5oua2' '-DARBORX_ENABLE_MPI:BOOL=ON' '/var/tmp/sochat1/spack-stage/spack-stage-arborx-1.1-22vfaq3do62bbpqqhsju6tm7674w3v7h/spack-src'

1 error found in build log:
     5     -- Detecting CXX compiler ABI info - done
     6     -- Check for working CXX compiler: /p/vast1/build/spack/lib/spack/en
           v/gcc/g++ - skipped
     7     -- Detecting CXX compile features
     8     -- Detecting CXX compile features - done
     9     -- Enabled Kokkos devices: SERIAL
     10    -- Could NOT find MPI_CXX (missing: MPI_CXX_WORKS)
  >> 11    CMake Error at /p/vast1/build/spack/opt/spack/linux-rhel7-broadwell/
           gcc-10.2.1/cmake-3.22.2-7oku4yd37mfoi65gi3alunjbl35euphw/share/cmake
           -3.22/Modules/FindPackageHandleStandardArgs.cmake:230 (message):
     12      Could NOT find MPI (missing: MPI_CXX_FOUND)
     13    Call Stack (most recent call first):
     14      /p/vast1/build/spack/opt/spack/linux-rhel7-broadwell/gcc-10.2.1/cm
           ake-3.22.2-7oku4yd37mfoi65gi3alunjbl35euphw/share/cmake-3.22/Modules
           /FindPackageHandleStandardArgs.cmake:594 (_FPHSA_FAILURE_MESSAGE)
     15      /p/vast1/build/spack/opt/spack/linux-rhel7-broadwell/gcc-10.2.1/cm
           ake-3.22.2-7oku4yd37mfoi65gi3alunjbl35euphw/share/cmake-3.22/Modules
           /FindMPI.cmake:1830 (find_package_handle_standard_args)
     16      CMakeLists.txt:43 (find_package)
     17    

See build log for details:
  /var/tmp/sochat1/spack-stage/spack-stage-arborx-1.1-22vfaq3do62bbpqqhsju6tm7674w3v7h/spack-build-out.txt

Making predictions for spack-test
Making predictions for symbolator
Making predictions for libabigail
abicompat not found on path, will look for spack instead.
Making predictions for actual
