==> Warning: Missing a source id for llvm-openmp-ompt@tr6_forwards
==> Warning: pcre-8.44-lxo5u6idberuvszo4i25b6yd2rr4xmhh failed to install
==> Warning: Skipping build of swig-4.0.2-e6fiypiqu2ddcc4cw2j5jricvo5d3khx since pcre-8.44-lxo5u6idberuvszo4i25b6yd2rr4xmhh failed
==> Warning: Skipping build of llvm-8.0.0-os3muxuco45ceyjakvumahfvp6rocd3i since swig-4.0.2-e6fiypiqu2ddcc4cw2j5jricvo5d3khx failed
==> Warning: Skipping build of llvm-openmp-ompt-tr6_forwards-wza5txvawwihrjqi3kpnfszgdgeeaj47 since llvm-8.0.0-os3muxuco45ceyjakvumahfvp6rocd3i failed
==> Warning: Skipping build of archer-2.0.0-6ulgmrj5f6xskrizm6oexiidakri7g4t since llvm-openmp-ompt-tr6_forwards-wza5txvawwihrjqi3kpnfszgdgeeaj47 failed
==> Error: archer-2.0.0-6ulgmrj5f6xskrizm6oexiidakri7g4t: Package was not installed
Making predictions for symbolator
Making predictions for libabigail
Making predictions for actual
/var/spool/slurmd/job99964/slurm_script: line 12: 16735 Killed                  spliced splice --package archer@2.0.0 --splice llvm-openmp-ompt --runner spack --replace llvm-openmp-ompt --experiment experiment --outfile /p/vast1/build/spliced-experiment/results/archer/2.0.0/llvm-openmp-ompt/experiment.json
==> Warning: Missing a source id for llvm-openmp-ompt@tr6_forwards
==> Warning: Missing a source id for llvm-openmp-ompt@tr6_forwards
==> Error: ProcessError: Command exited with status 2:
    'make' '-j16' 'V=1'

5 errors found in build log:
     603    libtool: compile:  /p/vast1/build/spack/lib/spack/env/intel/icc -DH
            AVE_CONFIG_H -I. -I/var/tmp/sochat1/spack-stage/spack-stage-util-li
            nux-uuid-2.37.4-zyijncnkgt5ta27xkdtmmnozk4c23ugt/spack-src -include
             config.h -I/var/tmp/sochat1/spack-stage/spack-stage-util-linux-uui
            d-2.37.4-zyijncnkgt5ta27xkdtmmnozk4c23ugt/spack-src/include -DLOCAL
            EDIR=\"/p/vast1/build/spack/opt/spack/linux-rhel7-broadwell/intel-2
            021.5.0/util-linux-uuid-2.37.4-zyijncnkgt5ta27xkdtmmnozk4c23ugt/sha
            re/locale\" -D_PATH_RUNSTATEDIR=\"/p/vast1/build/spack/opt/spack/li
            nux-rhel7-broadwell/intel-2021.5.0/util-linux-uuid-2.37.4-zyijncnkg
            t5ta27xkdtmmnozk4c23ugt/var/run\" -D_PATH_SYSCONFSTATICDIR=\"/p/vas
            t1/build/spack/opt/spack/linux-rhel7-broadwell/intel-2021.5.0/util-
            linux-uuid-2.37.4-zyijncnkgt5ta27xkdtmmnozk4c23ugt/lib\" -fsigned-c
            har -fno-common -Wall -Wextra -Wformat-security -Wimplicit-function
            -declaration -Wmissing-declarations -Wmissing-prototypes -Wno-missi
            ng-field-initializers -Wpointer-arith -Wsign-compare -Wstrict-proto
            types -Wtype-limits -Wuninitialized -Wunused-but-set-parameter -Wun
            used-but-set-variable -Wunused-parameter -Wunused-variable -Werror=
            sequence-point -I/var/tmp/sochat1/spack-stage/spack-stage-util-linu
            x-uuid-2.37.4-zyijncnkgt5ta27xkdtmmnozk4c23ugt/spack-src/libuuid/sr
            c -Ilibuuid/src -g -O2 -MT libuuid/src/la-unpack.lo -MD -MP -MF lib
            uuid/src/.deps/la-unpack.Tpo -c libuuid/src/unpack.c  -fPIC -DPIC -
            o libuuid/src/.libs/la-unpack.o
     604    libtool: compile:  /p/vast1/build/spack/lib/spack/env/intel/icc -DH
            AVE_CONFIG_H -I. -I/var/tmp/sochat1/spack-stage/spack-stage-util-li
            nux-uuid-2.37.4-zyijncnkgt5ta27xkdtmmnozk4c23ugt/spack-src -include
             config.h -I/var/tmp/sochat1/spack-stage/spack-stage-util-linux-uui
            d-2.37.4-zyijncnkgt5ta27xkdtmmnozk4c23ugt/spack-src/include -DLOCAL
            EDIR=\"/p/vast1/build/spack/opt/spack/linux-rhel7-broadwell/intel-2
            021.5.0/util-linux-uuid-2.37.4-zyijncnkgt5ta27xkdtmmnozk4c23ugt/sha
            re/locale\" -D_PATH_RUNSTATEDIR=\"/p/vast1/build/spack/opt/spack/li
            nux-rhel7-broadwell/intel-2021.5.0/util-linux-uuid-2.37.4-zyijncnkg
            t5ta27xkdtmmnozk4c23ugt/var/run\" -D_PATH_SYSCONFSTATICDIR=\"/p/vas
            t1/build/spack/opt/spack/linux-rhel7-broadwell/intel-2021.5.0/util-
            linux-uuid-2.37.4-zyijncnkgt5ta27xkdtmmnozk4c23ugt/lib\" -fsigned-c
            har -fno-common -Wall -Wextra -Wformat-security -Wimplicit-function
            -declaration -Wmissing-declarations -Wmissing-prototypes -Wno-missi
            ng-field-initializers -Wpointer-arith -Wsign-compare -Wstrict-proto
            types -Wtype-limits -Wuninitialized -Wunused-but-set-parameter -Wun
            used-but-set-variable -Wunused-parameter -Wunused-variable -Werror=
            sequence-point -I/var/tmp/sochat1/spack-stage/spack-stage-util-linu
            x-uuid-2.37.4-zyijncnkgt5ta27xkdtmmnozk4c23ugt/spack-src/libuuid/sr
            c -Ilibuuid/src -g -O2 -MT libuuid/src/la-uuid_time.lo -MD -MP -MF 
            libuuid/src/.deps/la-uuid_time.Tpo -c libuuid/src/uuid_time.c  -fPI
            C -DPIC -o libuuid/src/.libs/la-uuid_time.o
     605    libtool: compile:  /p/vast1/build/spack/lib/spack/env/intel/icc -DH
            AVE_CONFIG_H -I. -I/var/tmp/sochat1/spack-stage/spack-stage-util-li
            nux-uuid-2.37.4-zyijncnkgt5ta27xkdtmmnozk4c23ugt/spack-src -include
             config.h -I/var/tmp/sochat1/spack-stage/spack-stage-util-linux-uui
            d-2.37.4-zyijncnkgt5ta27xkdtmmnozk4c23ugt/spack-src/include -DLOCAL
            EDIR=\"/p/vast1/build/spack/opt/spack/linux-rhel7-broadwell/intel-2
            021.5.0/util-linux-uuid-2.37.4-zyijncnkgt5ta27xkdtmmnozk4c23ugt/sha
            re/locale\" -D_PATH_RUNSTATEDIR=\"/p/vast1/build/spack/opt/spack/li
            nux-rhel7-broadwell/intel-2021.5.0/util-linux-uuid-2.37.4-zyijncnkg
            t5ta27xkdtmmnozk4c23ugt/var/run\" -D_PATH_SYSCONFSTATICDIR=\"/p/vas
            t1/build/spack/opt/spack/linux-rhel7-broadwell/intel-2021.5.0/util-
            linux-uuid-2.37.4-zyijncnkgt5ta27xkdtmmnozk4c23ugt/lib\" -fsigned-c
            har -fno-common -Wall -Wextra -Wformat-security -Wimplicit-function
            -declaration -Wmissing-declarations -Wmissing-prototypes -Wno-missi
            ng-field-initializers -Wpointer-arith -Wsign-compare -Wstrict-proto
            types -Wtype-limits -Wuninitialized -Wunused-but-set-parameter -Wun
            used-but-set-variable -Wunused-parameter -Wunused-variable -Werror=
            sequence-point -I/var/tmp/sochat1/spack-stage/spack-stage-util-linu
            x-uuid-2.37.4-zyijncnkgt5ta27xkdtmmnozk4c23ugt/spack-src/libuuid/sr
            c -Ilibuuid/src -g -O2 -MT lib/libuuid_la-md5.lo -MD -MP -MF lib/.d
            eps/libuuid_la-md5.Tpo -c lib/md5.c  -fPIC -DPIC -o lib/.libs/libuu
            id_la-md5.o
     606    libtool: compile:  /p/vast1/build/spack/lib/spack/env/intel/icc -DH
            AVE_CONFIG_H -I. -I/var/tmp/sochat1/spack-stage/spack-stage-util-li
            nux-uuid-2.37.4-zyijncnkgt5ta27xkdtmmnozk4c23ugt/spack-src -include
             config.h -I/var/tmp/sochat1/spack-stage/spack-stage-util-linux-uui
            d-2.37.4-zyijncnkgt5ta27xkdtmmnozk4c23ugt/spack-src/include -DLOCAL
            EDIR=\"/p/vast1/build/spack/opt/spack/linux-rhel7-broadwell/intel-2
            021.5.0/util-linux-uuid-2.37.4-zyijncnkgt5ta27xkdtmmnozk4c23ugt/sha
            re/locale\" -D_PATH_RUNSTATEDIR=\"/p/vast1/build/spack/opt/spack/li
            nux-rhel7-broadwell/intel-2021.5.0/util-linux-uuid-2.37.4-zyijncnkg
            t5ta27xkdtmmnozk4c23ugt/var/run\" -D_PATH_SYSCONFSTATICDIR=\"/p/vas
            t1/build/spack/opt/spack/linux-rhel7-broadwell/intel-2021.5.0/util-
            linux-uuid-2.37.4-zyijncnkgt5ta27xkdtmmnozk4c23ugt/lib\" -fsigned-c
            har -fno-common -Wall -Wextra -Wformat-security -Wimplicit-function
            -declaration -Wmissing-declarations -Wmissing-prototypes -Wno-missi
            ng-field-initializers -Wpointer-arith -Wsign-compare -Wstrict-proto
            types -Wtype-limits -Wuninitialized -Wunused-but-set-parameter -Wun
            used-but-set-variable -Wunused-parameter -Wunused-variable -Werror=
            sequence-point -I/var/tmp/sochat1/spack-stage/spack-stage-util-linu
            x-uuid-2.37.4-zyijncnkgt5ta27xkdtmmnozk4c23ugt/spack-src/libuuid/sr
            c -Ilibuuid/src -g -O2 -MT lib/libuuid_la-sha1.lo -MD -MP -MF lib/.
            deps/libuuid_la-sha1.Tpo -c lib/sha1.c  -fPIC -DPIC -o lib/.libs/li
            buuid_la-sha1.o
     607    libtool: compile:  /p/vast1/build/spack/lib/spack/env/intel/icc -DH
            AVE_CONFIG_H -I. -I/var/tmp/sochat1/spack-stage/spack-stage-util-li
            nux-uuid-2.37.4-zyijncnkgt5ta27xkdtmmnozk4c23ugt/spack-src -include
             config.h -I/var/tmp/sochat1/spack-stage/spack-stage-util-linux-uui
            d-2.37.4-zyijncnkgt5ta27xkdtmmnozk4c23ugt/spack-src/include -DLOCAL
            EDIR=\"/p/vast1/build/spack/opt/spack/linux-rhel7-broadwell/intel-2
            021.5.0/util-linux-uuid-2.37.4-zyijncnkgt5ta27xkdtmmnozk4c23ugt/sha
            re/locale\" -D_PATH_RUNSTATEDIR=\"/p/vast1/build/spack/opt/spack/li
            nux-rhel7-broadwell/intel-2021.5.0/util-linux-uuid-2.37.4-zyijncnkg
            t5ta27xkdtmmnozk4c23ugt/var/run\" -D_PATH_SYSCONFSTATICDIR=\"/p/vas
            t1/build/spack/opt/spack/linux-rhel7-broadwell/intel-2021.5.0/util-
            linux-uuid-2.37.4-zyijncnkgt5ta27xkdtmmnozk4c23ugt/lib\" -fsigned-c
            har -fno-common -Wall -Wextra -Wformat-security -Wimplicit-function
            -declaration -Wmissing-declarations -Wmissing-prototypes -Wno-missi
            ng-field-initializers -Wpointer-arith -Wsign-compare -Wstrict-proto
            types -Wtype-limits -Wuninitialized -Wunused-but-set-parameter -Wun
            used-but-set-variable -Wunused-parameter -Wunused-variable -Werror=
            sequence-point -I/var/tmp/sochat1/spack-stage/spack-stage-util-linu
            x-uuid-2.37.4-zyijncnkgt5ta27xkdtmmnozk4c23ugt/spack-src/libuuid/sr
            c -Ilibuuid/src -g -O2 -MT libuuid/src/la-predefined.lo -MD -MP -MF
             libuuid/src/.deps/la-predefined.Tpo -c libuuid/src/predefined.c  -
            fPIC -DPIC -o libuuid/src/.libs/la-predefined.o
     608    libtool: compile:  /p/vast1/build/spack/lib/spack/env/intel/icc -DH
            AVE_CONFIG_H -I. -I/var/tmp/sochat1/spack-stage/spack-stage-util-li
            nux-uuid-2.37.4-zyijncnkgt5ta27xkdtmmnozk4c23ugt/spack-src -include
             config.h -I/var/tmp/sochat1/spack-stage/spack-stage-util-linux-uui
            d-2.37.4-zyijncnkgt5ta27xkdtmmnozk4c23ugt/spack-src/include -DLOCAL
            EDIR=\"/p/vast1/build/spack/opt/spack/linux-rhel7-broadwell/intel-2
            021.5.0/util-linux-uuid-2.37.4-zyijncnkgt5ta27xkdtmmnozk4c23ugt/sha
            re/locale\" -D_PATH_RUNSTATEDIR=\"/p/vast1/build/spack/opt/spack/li
            nux-rhel7-broadwell/intel-2021.5.0/util-linux-uuid-2.37.4-zyijncnkg
            t5ta27xkdtmmnozk4c23ugt/var/run\" -D_PATH_SYSCONFSTATICDIR=\"/p/vas
            t1/build/spack/opt/spack/linux-rhel7-broadwell/intel-2021.5.0/util-
            linux-uuid-2.37.4-zyijncnkgt5ta27xkdtmmnozk4c23ugt/lib\" -fsigned-c
            har -fno-common -Wall -Wextra -Wformat-security -Wimplicit-function
            -declaration -Wmissing-declarations -Wmissing-prototypes -Wno-missi
            ng-field-initializers -Wpointer-arith -Wsign-compare -Wstrict-proto
            types -Wtype-limits -Wuninitialized -Wunused-but-set-parameter -Wun
            used-but-set-variable -Wunused-parameter -Wunused-variable -Werror=
            sequence-point -I/var/tmp/sochat1/spack-stage/spack-stage-util-linu
            x-uuid-2.37.4-zyijncnkgt5ta27xkdtmmnozk4c23ugt/spack-src/libuuid/sr
            c -Ilibuuid/src -g -O2 -MT lib/libuuid_la-randutils.lo -MD -MP -MF 
            lib/.deps/libuuid_la-randutils.Tpo -c lib/randutils.c  -fPIC -DPIC 
            -o lib/.libs/libuuid_la-randutils.o
  >> 609    libuuid/src/unparse.c(42): error: expected a ")"
     610      static void uuid_fmt(const uuid_t uuid, char *buf, char const *re
            strict fmt)
     611                                                                       
                   ^
     612    
  >> 613    libuuid/src/unparse.c(52): error: identifier "fmt" is undefined
     614      		*p++ = fmt[tmp >> 4];
     615      		       ^
     616    
     617    libuuid/src/unparse.c(42): warning #869: parameter "restrict" was n
            ever referenced
     618      static void uuid_fmt(const uuid_t uuid, char *buf, char const *re
            strict fmt)
     619                                                                     ^
     620    
     621    compilation aborted for libuuid/src/unparse.c (code 2)
  >> 622    make[2]: *** [libuuid/src/la-unparse.lo] Error 1
     623    make[2]: *** Waiting for unfinished jobs....
     624    libtool: compile:  /p/vast1/build/spack/lib/spack/env/intel/icc -DH
            AVE_CONFIG_H -I. -I/var/tmp/sochat1/spack-stage/spack-stage-util-li
            nux-uuid-2.37.4-zyijncnkgt5ta27xkdtmmnozk4c23ugt/spack-src -include
             config.h -I/var/tmp/sochat1/spack-stage/spack-stage-util-linux-uui
            d-2.37.4-zyijncnkgt5ta27xkdtmmnozk4c23ugt/spack-src/include -DLOCAL
            EDIR=\"/p/vast1/build/spack/opt/spack/linux-rhel7-broadwell/intel-2
            021.5.0/util-linux-uuid-2.37.4-zyijncnkgt5ta27xkdtmmnozk4c23ugt/sha
            re/locale\" -D_PATH_RUNSTATEDIR=\"/p/vast1/build/spack/opt/spack/li
            nux-rhel7-broadwell/intel-2021.5.0/util-linux-uuid-2.37.4-zyijncnkg
            t5ta27xkdtmmnozk4c23ugt/var/run\" -D_PATH_SYSCONFSTATICDIR=\"/p/vas
            t1/build/spack/opt/spack/linux-rhel7-broadwell/intel-2021.5.0/util-
            linux-uuid-2.37.4-zyijncnkgt5ta27xkdtmmnozk4c23ugt/lib\" -fsigned-c
            har -fno-common -Wall -Wextra -Wformat-security -Wimplicit-function
            -declaration -Wmissing-declarations -Wmissing-prototypes -Wno-missi
            ng-field-initializers -Wpointer-arith -Wsign-compare -Wstrict-proto
            types -Wtype-limits -Wuninitialized -Wunused-but-set-parameter -Wun
            used-but-set-variable -Wunused-parameter -Wunused-variable -Werror=
            sequence-point -I/var/tmp/sochat1/spack-stage/spack-stage-util-linu
            x-uuid-2.37.4-zyijncnkgt5ta27xkdtmmnozk4c23ugt/spack-src/libuuid/sr
            c -Ilibuuid/src -g -O2 -MT libuuid/src/la-isnull.lo -MD -MP -MF lib
            uuid/src/.deps/la-isnull.Tpo -c libuuid/src/isnull.c -o libuuid/src
            /la-isnull.o >/dev/null 2>&1
     625    libtool: compile:  /p/vast1/build/spack/lib/spack/env/intel/icc -DH
            AVE_CONFIG_H -I. -I/var/tmp/sochat1/spack-stage/spack-stage-util-li
            nux-uuid-2.37.4-zyijncnkgt5ta27xkdtmmnozk4c23ugt/spack-src -include
             config.h -I/var/tmp/sochat1/spack-stage/spack-stage-util-linux-uui
            d-2.37.4-zyijncnkgt5ta27xkdtmmnozk4c23ugt/spack-src/include -DLOCAL
            EDIR=\"/p/vast1/build/spack/opt/spack/linux-rhel7-broadwell/intel-2
            021.5.0/util-linux-uuid-2.37.4-zyijncnkgt5ta27xkdtmmnozk4c23ugt/sha
            re/locale\" -D_PATH_RUNSTATEDIR=\"/p/vast1/build/spack/opt/spack/li
            nux-rhel7-broadwell/intel-2021.5.0/util-linux-uuid-2.37.4-zyijncnkg
            t5ta27xkdtmmnozk4c23ugt/var/run\" -D_PATH_SYSCONFSTATICDIR=\"/p/vas
            t1/build/spack/opt/spack/linux-rhel7-broadwell/intel-2021.5.0/util-
            linux-uuid-2.37.4-zyijncnkgt5ta27xkdtmmnozk4c23ugt/lib\" -fsigned-c
            har -fno-common -Wall -Wextra -Wformat-security -Wimplicit-function
            -declaration -Wmissing-declarations -Wmissing-prototypes -Wno-missi
            ng-field-initializers -Wpointer-arith -Wsign-compare -Wstrict-proto
            types -Wtype-limits -Wuninitialized -Wunused-but-set-parameter -Wun
            used-but-set-variable -Wunused-parameter -Wunused-variable -Werror=
            sequence-point -I/var/tmp/sochat1/spack-stage/spack-stage-util-linu
            x-uuid-2.37.4-zyijncnkgt5ta27xkdtmmnozk4c23ugt/spack-src/libuuid/sr
            c -Ilibuuid/src -g -O2 -MT libuuid/src/la-clear.lo -MD -MP -MF libu
            uid/src/.deps/la-clear.Tpo -c libuuid/src/clear.c -o libuuid/src/la
            -clear.o >/dev/null 2>&1
     626    libtool: compile:  /p/vast1/build/spack/lib/spack/env/intel/icc -DH
            AVE_CONFIG_H -I. -I/var/tmp/sochat1/spack-stage/spack-stage-util-li
            nux-uuid-2.37.4-zyijncnkgt5ta27xkdtmmnozk4c23ugt/spack-src -include
             config.h -I/var/tmp/sochat1/spack-stage/spack-stage-util-linux-uui
            d-2.37.4-zyijncnkgt5ta27xkdtmmnozk4c23ugt/spack-src/include -DLOCAL
            EDIR=\"/p/vast1/build/spack/opt/spack/linux-rhel7-broadwell/intel-2
            021.5.0/util-linux-uuid-2.37.4-zyijncnkgt5ta27xkdtmmnozk4c23ugt/sha
            re/locale\" -D_PATH_RUNSTATEDIR=\"/p/vast1/build/spack/opt/spack/li
            nux-rhel7-broadwell/intel-2021.5.0/util-linux-uuid-2.37.4-zyijncnkg
            t5ta27xkdtmmnozk4c23ugt/var/run\" -D_PATH_SYSCONFSTATICDIR=\"/p/vas
            t1/build/spack/opt/spack/linux-rhel7-broadwell/intel-2021.5.0/util-
            linux-uuid-2.37.4-zyijncnkgt5ta27xkdtmmnozk4c23ugt/lib\" -fsigned-c
            har -fno-common -Wall -Wextra -Wformat-security -Wimplicit-function
            -declaration -Wmissing-declarations -Wmissing-prototypes -Wno-missi
            ng-field-initializers -Wpointer-arith -Wsign-compare -Wstrict-proto
            types -Wtype-limits -Wuninitialized -Wunused-but-set-parameter -Wun
            used-but-set-variable -Wunused-parameter -Wunused-variable -Werror=
            sequence-point -I/var/tmp/sochat1/spack-stage/spack-stage-util-linu
            x-uuid-2.37.4-zyijncnkgt5ta27xkdtmmnozk4c23ugt/spack-src/libuuid/sr
            c -Ilibuuid/src -g -O2 -MT libuuid/src/la-pack.lo -MD -MP -MF libuu
            id/src/.deps/la-pack.Tpo -c libuuid/src/pack.c -o libuuid/src/la-pa
            ck.o >/dev/null 2>&1
     627    libtool: compile:  /p/vast1/build/spack/lib/spack/env/intel/icc -DH
            AVE_CONFIG_H -I. -I/var/tmp/sochat1/spack-stage/spack-stage-util-li
            nux-uuid-2.37.4-zyijncnkgt5ta27xkdtmmnozk4c23ugt/spack-src -include
             config.h -I/var/tmp/sochat1/spack-stage/spack-stage-util-linux-uui
            d-2.37.4-zyijncnkgt5ta27xkdtmmnozk4c23ugt/spack-src/include -DLOCAL
            EDIR=\"/p/vast1/build/spack/opt/spack/linux-rhel7-broadwell/intel-2
            021.5.0/util-linux-uuid-2.37.4-zyijncnkgt5ta27xkdtmmnozk4c23ugt/sha
            re/locale\" -D_PATH_RUNSTATEDIR=\"/p/vast1/build/spack/opt/spack/li
            nux-rhel7-broadwell/intel-2021.5.0/util-linux-uuid-2.37.4-zyijncnkg
            t5ta27xkdtmmnozk4c23ugt/var/run\" -D_PATH_SYSCONFSTATICDIR=\"/p/vas
            t1/build/spack/opt/spack/linux-rhel7-broadwell/intel-2021.5.0/util-
            linux-uuid-2.37.4-zyijncnkgt5ta27xkdtmmnozk4c23ugt/lib\" -fsigned-c
            har -fno-common -Wall -Wextra -Wformat-security -Wimplicit-function
            -declaration -Wmissing-declarations -Wmissing-prototypes -Wno-missi
            ng-field-initializers -Wpointer-arith -Wsign-compare -Wstrict-proto
            types -Wtype-limits -Wuninitialized -Wunused-but-set-parameter -Wun
            used-but-set-variable -Wunused-parameter -Wunused-variable -Werror=
            sequence-point -I/var/tmp/sochat1/spack-stage/spack-stage-util-linu
            x-uuid-2.37.4-zyijncnkgt5ta27xkdtmmnozk4c23ugt/spack-src/libuuid/sr
            c -Ilibuuid/src -g -O2 -MT libuuid/src/la-compare.lo -MD -MP -MF li
            buuid/src/.deps/la-compare.Tpo -c libuuid/src/compare.c -o libuuid/
            src/la-compare.o >/dev/null 2>&1
     628    libtool: compile:  /p/vast1/build/spack/lib/spack/env/intel/icc -DH
            AVE_CONFIG_H -I. -I/var/tmp/sochat1/spack-stage/spack-stage-util-li
            nux-uuid-2.37.4-zyijncnkgt5ta27xkdtmmnozk4c23ugt/spack-src -include
             config.h -I/var/tmp/sochat1/spack-stage/spack-stage-util-linux-uui
            d-2.37.4-zyijncnkgt5ta27xkdtmmnozk4c23ugt/spack-src/include -DLOCAL
            EDIR=\"/p/vast1/build/spack/opt/spack/linux-rhel7-broadwell/intel-2
            021.5.0/util-linux-uuid-2.37.4-zyijncnkgt5ta27xkdtmmnozk4c23ugt/sha
            re/locale\" -D_PATH_RUNSTATEDIR=\"/p/vast1/build/spack/opt/spack/li
            nux-rhel7-broadwell/intel-2021.5.0/util-linux-uuid-2.37.4-zyijncnkg
            t5ta27xkdtmmnozk4c23ugt/var/run\" -D_PATH_SYSCONFSTATICDIR=\"/p/vas
            t1/build/spack/opt/spack/linux-rhel7-broadwell/intel-2021.5.0/util-
            linux-uuid-2.37.4-zyijncnkgt5ta27xkdtmmnozk4c23ugt/lib\" -fsigned-c
            har -fno-common -Wall -Wextra -Wformat-security -Wimplicit-function
            -declaration -Wmissing-declarations -Wmissing-prototypes -Wno-missi
            ng-field-initializers -Wpointer-arith -Wsign-compare -Wstrict-proto
            types -Wtype-limits -Wuninitialized -Wunused-but-set-parameter -Wun
            used-but-set-variable -Wunused-parameter -Wunused-variable -Werror=
            sequence-point -I/var/tmp/sochat1/spack-stage/spack-stage-util-linu
            x-uuid-2.37.4-zyijncnkgt5ta27xkdtmmnozk4c23ugt/spack-src/libuuid/sr
            c -Ilibuuid/src -g -O2 -MT libuuid/src/la-predefined.lo -MD -MP -MF
             libuuid/src/.deps/la-predefined.Tpo -c libuuid/src/predefined.c -o
             libuuid/src/la-predefined.o >/dev/null 2>&1

     ...

     645    mv -f libuuid/src/.deps/la-parse.Tpo libuuid/src/.deps/la-parse.Plo
     646    mv -f lib/.deps/libuuid_la-randutils.Tpo lib/.deps/libuuid_la-randu
            tils.Plo
     647    mv -f lib/.deps/libuuid_la-md5.Tpo lib/.deps/libuuid_la-md5.Plo
     648    mv -f libuuid/src/.deps/la-gen_uuid.Tpo libuuid/src/.deps/la-gen_uu
            id.Plo
     649    mv -f lib/.deps/libuuid_la-sha1.Tpo lib/.deps/libuuid_la-sha1.Plo
     650    make[2]: Leaving directory `/tmp/sochat1/spack-stage/spack-stage-ut
            il-linux-uuid-2.37.4-zyijncnkgt5ta27xkdtmmnozk4c23ugt/spack-src'
  >> 651    make[1]: *** [all-recursive] Error 1
     652    make[1]: Leaving directory `/tmp/sochat1/spack-stage/spack-stage-ut
            il-linux-uuid-2.37.4-zyijncnkgt5ta27xkdtmmnozk4c23ugt/spack-src'
  >> 653    make: *** [all] Error 2

See build log for details:
  /var/tmp/sochat1/spack-stage/spack-stage-util-linux-uuid-2.37.4-zyijncnkgt5ta27xkdtmmnozk4c23ugt/spack-build-out.txt

slurmstepd: error: *** JOB 2468237 ON borax44 CANCELLED AT 2022-03-01T21:42:29 DUE TO TIME LIMIT ***
