==> Warning: Missing a source id for llvm-openmp-ompt@tr6_forwards
==> Warning: pcre-8.44-lxo5u6idberuvszo4i25b6yd2rr4xmhh failed to install
==> Warning: Skipping build of swig-4.0.2-e6fiypiqu2ddcc4cw2j5jricvo5d3khx since pcre-8.44-lxo5u6idberuvszo4i25b6yd2rr4xmhh failed
==> Warning: Skipping build of llvm-8.0.0-os3muxuco45ceyjakvumahfvp6rocd3i since swig-4.0.2-e6fiypiqu2ddcc4cw2j5jricvo5d3khx failed
==> Warning: Skipping build of llvm-openmp-ompt-tr6_forwards-wza5txvawwihrjqi3kpnfszgdgeeaj47 since llvm-8.0.0-os3muxuco45ceyjakvumahfvp6rocd3i failed
==> Warning: Skipping build of archer-2.0.0-6ulgmrj5f6xskrizm6oexiidakri7g4t since llvm-openmp-ompt-tr6_forwards-wza5txvawwihrjqi3kpnfszgdgeeaj47 failed
==> Error: archer-2.0.0-6ulgmrj5f6xskrizm6oexiidakri7g4t: Package was not installed
Making predictions for symbolator
Making predictions for libabigail
Making predictions for actual
/var/spool/slurmd/job99962/slurm_script: line 12: 16743 Killed                  spliced splice --package archer@2.0.0 --splice llvm --runner spack --replace llvm --experiment experiment --outfile /p/vast1/build/spliced-experiment/results/archer/2.0.0/llvm/experiment.json
==> Warning: Missing a source id for llvm-openmp-ompt@tr6_forwards
==> Warning: Missing a source id for llvm@main
==> Error: ProcessError: Command exited with status 2:
    'make' '-j16' 'V=1'

8 errors found in build log:
     2043    /p/vast1/build/spack/lib/spack/env/intel/icc -std=gnu11 -DHAVE_CON
             FIG_H -I. -I/var/tmp/sochat1/spack-stage/spack-stage-tar-1.34-lquk
             f43yliyeyk3mrle42mfayvwou7fh/spack-src/gnu -I..   -I/p/vast1/build
             /spack/opt/spack/linux-rhel7-broadwell/intel-2021.5.0/libiconv-1.1
             6-a2km53ermri74hzjwgqhac4caq54iiuq/include  -g -O2 -MT mbchar.o -M
             D -MP -MF $depbase.Tpo -c -o mbchar.o mbchar.c &&\
     2044    mv -f $depbase.Tpo $depbase.Po
     2045    depbase=`echo mbscasecmp.o | sed 's|[^/]*$|.deps/&|;s|\.o$||'`;\
     2046    /p/vast1/build/spack/lib/spack/env/intel/icc -std=gnu11 -DHAVE_CON
             FIG_H -I. -I/var/tmp/sochat1/spack-stage/spack-stage-tar-1.34-lquk
             f43yliyeyk3mrle42mfayvwou7fh/spack-src/gnu -I..   -I/p/vast1/build
             /spack/opt/spack/linux-rhel7-broadwell/intel-2021.5.0/libiconv-1.1
             6-a2km53ermri74hzjwgqhac4caq54iiuq/include  -g -O2 -MT mbscasecmp.
             o -MD -MP -MF $depbase.Tpo -c -o mbscasecmp.o mbscasecmp.c &&\
     2047    mv -f $depbase.Tpo $depbase.Po
     2048    In file included from fprintftime.c(2):
  >> 2049    nstrftime.c(692): error: argument is incompatible with formal para
             meter
     2050                    if (INT_MULTIPLY_WRAPV (width, 10, &width)
     2051                        ^
     2052    
     2053    In file included from fprintftime.c(2):
  >> 2054    nstrftime.c(692): error: argument is incompatible with formal para
             meter
     2055                    if (INT_MULTIPLY_WRAPV (width, 10, &width)
     2056                        ^
     2057    
     2058    In file included from fprintftime.c(2):
  >> 2059    nstrftime.c(693): error: argument is incompatible with formal para
             meter
     2060                        || INT_ADD_WRAPV (width, *f - L_('0'), &width)
             )
     2061                           ^
     2062    
     2063    depbase=`echo mbuiter.o | sed 's|[^/]*$|.deps/&|;s|\.o$||'`;\
     2064    /p/vast1/build/spack/lib/spack/env/intel/icc -std=gnu11 -DHAVE_CON
             FIG_H -I. -I/var/tmp/sochat1/spack-stage/spack-stage-tar-1.34-lquk
             f43yliyeyk3mrle42mfayvwou7fh/spack-src/gnu -I..   -I/p/vast1/build
             /spack/opt/spack/linux-rhel7-broadwell/intel-2021.5.0/libiconv-1.1
             6-a2km53ermri74hzjwgqhac4caq54iiuq/include  -g -O2 -MT mbuiter.o -
             MD -MP -MF $depbase.Tpo -c -o mbuiter.o mbuiter.c &&\
     2065    mv -f $depbase.Tpo $depbase.Po
     2066    depbase=`echo modechange.o | sed 's|[^/]*$|.deps/&|;s|\.o$||'`;\
     2067    /p/vast1/build/spack/lib/spack/env/intel/icc -std=gnu11 -DHAVE_CON
             FIG_H -I. -I/var/tmp/sochat1/spack-stage/spack-stage-tar-1.34-lquk
             f43yliyeyk3mrle42mfayvwou7fh/spack-src/gnu -I..   -I/p/vast1/build
             /spack/opt/spack/linux-rhel7-broadwell/intel-2021.5.0/libiconv-1.1
             6-a2km53ermri74hzjwgqhac4caq54iiuq/include  -g -O2 -MT modechange.
             o -MD -MP -MF $depbase.Tpo -c -o modechange.o modechange.c &&\
     2068    mv -f $depbase.Tpo $depbase.Po
     2069    compilation aborted for fprintftime.c (code 2)
  >> 2070    make[4]: *** [fprintftime.o] Error 2
     2071    make[4]: *** Waiting for unfinished jobs....
     2072    make[4]: Leaving directory `/tmp/sochat1/spack-stage/spack-stage-t
             ar-1.34-lqukf43yliyeyk3mrle42mfayvwou7fh/spack-src/gnu'
  >> 2073    make[3]: *** [all-recursive] Error 1
     2074    make[3]: Leaving directory `/tmp/sochat1/spack-stage/spack-stage-t
             ar-1.34-lqukf43yliyeyk3mrle42mfayvwou7fh/spack-src/gnu'
  >> 2075    make[2]: *** [all] Error 2
     2076    make[2]: Leaving directory `/tmp/sochat1/spack-stage/spack-stage-t
             ar-1.34-lqukf43yliyeyk3mrle42mfayvwou7fh/spack-src/gnu'
  >> 2077    make[1]: *** [all-recursive] Error 1
     2078    make[1]: Leaving directory `/tmp/sochat1/spack-stage/spack-stage-t
             ar-1.34-lqukf43yliyeyk3mrle42mfayvwou7fh/spack-src'
  >> 2079    make: *** [all] Error 2

See build log for details:
  /var/tmp/sochat1/spack-stage/spack-stage-tar-1.34-lqukf43yliyeyk3mrle42mfayvwou7fh/spack-build-out.txt

==> Warning: Skipping build of gettext-0.21-mcil4cumuzztobmryln2v3jmpydutdsf since tar-1.34-lqukf43yliyeyk3mrle42mfayvwou7fh failed
==> Warning: Skipping build of python-3.9.10-2mkgljxtorwpqx4g73rrs5xiu426ok5y since gettext-0.21-mcil4cumuzztobmryln2v3jmpydutdsf failed
==> Warning: Skipping build of ninja-1.10.2-5nwbz3up6kjnglvwlyrj3yyslnh52lfe since python-3.9.10-2mkgljxtorwpqx4g73rrs5xiu426ok5y failed
==> Warning: Skipping build of llvm-main-2z7dqlnshs6qoh2fv46sz7hxcbb2iltf since ninja-1.10.2-5nwbz3up6kjnglvwlyrj3yyslnh52lfe failed
==> Warning: Skipping build of binutils-2.38-pez6dtbbivzlic5wqrhinwemd47ketos since gettext-0.21-mcil4cumuzztobmryln2v3jmpydutdsf failed
==> Error: ProcessError: Command exited with status 2:
    'make' '-j16' 'V=1'

8 errors found in build log:
     1781    depbase=`echo setlocale_null.o | sed 's|[^/]*$|.deps/&|;s|\.o$||'`
             ;\
     1782    /p/vast1/build/spack/lib/spack/env/intel/icc -std=gnu11  -I. -I/va
             r/tmp/sochat1/spack-stage/spack-stage-diffutils-3.8-nih4aakkdprcoj
             6mnrftzzwwntuyj6zx/spack-src/lib      -g -O2 -MT setlocale_null.o 
             -MD -MP -MF $depbase.Tpo -c -o setlocale_null.o /var/tmp/sochat1/s
             pack-stage/spack-stage-diffutils-3.8-nih4aakkdprcoj6mnrftzzwwntuyj
             6zx/spack-src/lib/setlocale_null.c &&\
     1783    mv -f $depbase.Tpo $depbase.Po
     1784    depbase=`echo sh-quote.o | sed 's|[^/]*$|.deps/&|;s|\.o$||'`;\
     1785    /p/vast1/build/spack/lib/spack/env/intel/icc -std=gnu11  -I. -I/va
             r/tmp/sochat1/spack-stage/spack-stage-diffutils-3.8-nih4aakkdprcoj
             6mnrftzzwwntuyj6zx/spack-src/lib      -g -O2 -MT sh-quote.o -MD -M
             P -MF $depbase.Tpo -c -o sh-quote.o /var/tmp/sochat1/spack-stage/s
             pack-stage-diffutils-3.8-nih4aakkdprcoj6mnrftzzwwntuyj6zx/spack-sr
             c/lib/sh-quote.c &&\
     1786    mv -f $depbase.Tpo $depbase.Po
  >> 1787    /var/tmp/sochat1/spack-stage/spack-stage-diffutils-3.8-nih4aakkdpr
             coj6mnrftzzwwntuyj6zx/spack-src/lib/malloca.c(52): error: argument
              is incompatible with formal parameter
     1788        if (!INT_ADD_WRAPV (n, plus, &nplus) && !xalloc_oversized (npl
             us, 1))
     1789             ^
     1790    
     1791    compilation aborted for /var/tmp/sochat1/spack-stage/spack-stage-d
             iffutils-3.8-nih4aakkdprcoj6mnrftzzwwntuyj6zx/spack-src/lib/malloc
             a.c (code 2)
  >> 1792    make[2]: *** [malloca.o] Error 2
     1793    make[2]: *** Waiting for unfinished jobs....
  >> 1794    /var/tmp/sochat1/spack-stage/spack-stage-diffutils-3.8-nih4aakkdpr
             coj6mnrftzzwwntuyj6zx/spack-src/lib/nstrftime.c(691): error: argum
             ent is incompatible with formal parameter
     1795                    if (INT_MULTIPLY_WRAPV (width, 10, &width)
     1796                        ^
     1797    
  >> 1798    /var/tmp/sochat1/spack-stage/spack-stage-diffutils-3.8-nih4aakkdpr
             coj6mnrftzzwwntuyj6zx/spack-src/lib/nstrftime.c(691): error: argum
             ent is incompatible with formal parameter
     1799                    if (INT_MULTIPLY_WRAPV (width, 10, &width)
     1800                        ^
     1801    
  >> 1802    /var/tmp/sochat1/spack-stage/spack-stage-diffutils-3.8-nih4aakkdpr
             coj6mnrftzzwwntuyj6zx/spack-src/lib/nstrftime.c(692): error: argum
             ent is incompatible with formal parameter
     1803                        || INT_ADD_WRAPV (width, *f - L_('0'), &width)
             )
     1804                           ^
     1805    
     1806    compilation aborted for /var/tmp/sochat1/spack-stage/spack-stage-d
             iffutils-3.8-nih4aakkdprcoj6mnrftzzwwntuyj6zx/spack-src/lib/nstrft
             ime.c (code 2)
  >> 1807    make[2]: *** [nstrftime.o] Error 2
     1808    make[2]: Leaving directory `/tmp/sochat1/spack-stage/spack-stage-d
             iffutils-3.8-nih4aakkdprcoj6mnrftzzwwntuyj6zx/spack-src/spack-buil
             d/lib'
  >> 1809    make[1]: *** [all] Error 2
     1810    make[1]: Leaving directory `/tmp/sochat1/spack-stage/spack-stage-d
             iffutils-3.8-nih4aakkdprcoj6mnrftzzwwntuyj6zx/spack-src/spack-buil
             d/lib'
  >> 1811    make: *** [all-recursive] Error 1

See build log for details:
  /var/tmp/sochat1/spack-stage/spack-stage-diffutils-3.8-nih4aakkdprcoj6mnrftzzwwntuyj6zx/spack-build-out.txt

==> Warning: Skipping build of bzip2-1.0.8-t5apjbykwotp536c5zasqcjwaioncmn5 since diffutils-3.8-nih4aakkdprcoj6mnrftzzwwntuyj6zx failed
==> Warning: Skipping build of perl-5.34.0-66mc3aalnrwafovucayscuum5m5ayrld since bzip2-1.0.8-t5apjbykwotp536c5zasqcjwaioncmn5 failed
==> Warning: Skipping build of openssl-1.1.1m-xaqfhsaqs7d5yaurdkj67ydonnbx4f6r since perl-5.34.0-66mc3aalnrwafovucayscuum5m5ayrld failed
==> Warning: Skipping build of cmake-3.22.2-kfmd6sg5i3otkk5pevpkts6cmdysvx5l since openssl-1.1.1m-xaqfhsaqs7d5yaurdkj67ydonnbx4f6r failed
==> Warning: Skipping build of perl-data-dumper-2.173-cgqnz4ynlc33s3bacccwm34ef75zyhfa since perl-5.34.0-66mc3aalnrwafovucayscuum5m5ayrld failed
==> Error: ProcessError: Command exited with status 2:
    'make' '-j16' 'V=1'

13 errors found in build log:
     2223    /p/vast1/build/spack/lib/spack/env/intel/icc -std=gnu11  -I. -I/va
             r/tmp/sochat1/spack-stage/spack-stage-m4-1.4.19-qh3aruh4bd7rt2xx45
             cfmix56ttnqqmb/spack-src/lib     -g -O2 -MT exitfail.o -MD -MP -MF
              $depbase.Tpo -c -o exitfail.o /var/tmp/sochat1/spack-stage/spack-
             stage-m4-1.4.19-qh3aruh4bd7rt2xx45cfmix56ttnqqmb/spack-src/lib/exi
             tfail.c &&\
     2224    mv -f $depbase.Tpo $depbase.Po
     2225    depbase=`echo fatal-signal.o | sed 's|[^/]*$|.deps/&|;s|\.o$||'`;\
     2226    /p/vast1/build/spack/lib/spack/env/intel/icc -std=gnu11  -I. -I/va
             r/tmp/sochat1/spack-stage/spack-stage-m4-1.4.19-qh3aruh4bd7rt2xx45
             cfmix56ttnqqmb/spack-src/lib     -g -O2 -MT fatal-signal.o -MD -MP
              -MF $depbase.Tpo -c -o fatal-signal.o /var/tmp/sochat1/spack-stag
             e/spack-stage-m4-1.4.19-qh3aruh4bd7rt2xx45cfmix56ttnqqmb/spack-src
             /lib/fatal-signal.c &&\
     2227    mv -f $depbase.Tpo $depbase.Po
     2228    In file included from /var/tmp/sochat1/spack-stage/spack-stage-m4-
             1.4.19-qh3aruh4bd7rt2xx45cfmix56ttnqqmb/spack-src/lib/clean-temp.c
             (45):
  >> 2229    /var/tmp/sochat1/spack-stage/spack-stage-m4-1.4.19-qh3aruh4bd7rt2x
             x45cfmix56ttnqqmb/spack-src/lib/xalloc.h(199): error: argument is 
             incompatible with formal parameter
     2230            if (INT_ADD_WRAPV (n, (n >> 1) + 1, &n))
     2231                ^
     2232    
     2233    depbase=`echo fd-hook.o | sed 's|[^/]*$|.deps/&|;s|\.o$||'`;\
     2234    /p/vast1/build/spack/lib/spack/env/intel/icc -std=gnu11  -I. -I/va
             r/tmp/sochat1/spack-stage/spack-stage-m4-1.4.19-qh3aruh4bd7rt2xx45
             cfmix56ttnqqmb/spack-src/lib     -g -O2 -MT fd-hook.o -MD -MP -MF 
             $depbase.Tpo -c -o fd-hook.o /var/tmp/sochat1/spack-stage/spack-st
             age-m4-1.4.19-qh3aruh4bd7rt2xx45cfmix56ttnqqmb/spack-src/lib/fd-ho
             ok.c &&\
     2235    mv -f $depbase.Tpo $depbase.Po
     2236    In file included from /var/tmp/sochat1/spack-stage/spack-stage-m4-
             1.4.19-qh3aruh4bd7rt2xx45cfmix56ttnqqmb/spack-src/lib/canonicalize
             .c(36):
  >> 2237    /var/tmp/sochat1/spack-stage/spack-stage-m4-1.4.19-qh3aruh4bd7rt2x
             x45cfmix56ttnqqmb/spack-src/lib/xalloc.h(199): error: argument is 
             incompatible with formal parameter
     2238            if (INT_ADD_WRAPV (n, (n >> 1) + 1, &n))
     2239                ^
     2240    
     2241    compilation aborted for /var/tmp/sochat1/spack-stage/spack-stage-m
             4-1.4.19-qh3aruh4bd7rt2xx45cfmix56ttnqqmb/spack-src/lib/canonicali
             ze.c (code 2)
  >> 2242    make[3]: *** [canonicalize.o] Error 2
     2243    make[3]: *** Waiting for unfinished jobs....
     2244    compilation aborted for /var/tmp/sochat1/spack-stage/spack-stage-m
             4-1.4.19-qh3aruh4bd7rt2xx45cfmix56ttnqqmb/spack-src/lib/clean-temp
             .c (code 2)
  >> 2245    make[3]: *** [clean-temp.o] Error 2
     2246    In file included from /var/tmp/sochat1/spack-stage/spack-stage-m4-
             1.4.19-qh3aruh4bd7rt2xx45cfmix56ttnqqmb/spack-src/lib/basename.c(2
             4):
  >> 2247    /var/tmp/sochat1/spack-stage/spack-stage-m4-1.4.19-qh3aruh4bd7rt2x
             x45cfmix56ttnqqmb/spack-src/lib/xalloc.h(199): error: argument is 
             incompatible with formal parameter
     2248            if (INT_ADD_WRAPV (n, (n >> 1) + 1, &n))
     2249                ^
     2250    
     2251    compilation aborted for /var/tmp/sochat1/spack-stage/spack-stage-m
             4-1.4.19-qh3aruh4bd7rt2xx45cfmix56ttnqqmb/spack-src/lib/basename.c
              (code 2)
  >> 2252    make[3]: *** [basename.o] Error 2
     2253    In file included from /var/tmp/sochat1/spack-stage/spack-stage-m4-
             1.4.19-qh3aruh4bd7rt2xx45cfmix56ttnqqmb/spack-src/lib/dirname.c(25
             ):
  >> 2254    /var/tmp/sochat1/spack-stage/spack-stage-m4-1.4.19-qh3aruh4bd7rt2x
             x45cfmix56ttnqqmb/spack-src/lib/xalloc.h(199): error: argument is 
             incompatible with formal parameter
     2255            if (INT_ADD_WRAPV (n, (n >> 1) + 1, &n))
     2256                ^
     2257    
     2258    compilation aborted for /var/tmp/sochat1/spack-stage/spack-stage-m
             4-1.4.19-qh3aruh4bd7rt2xx45cfmix56ttnqqmb/spack-src/lib/dirname.c 
             (code 2)
  >> 2259    make[3]: *** [dirname.o] Error 2
     2260    In file included from /var/tmp/sochat1/spack-stage/spack-stage-m4-
             1.4.19-qh3aruh4bd7rt2xx45cfmix56ttnqqmb/spack-src/lib/execute.c(40
             ):
  >> 2261    /var/tmp/sochat1/spack-stage/spack-stage-m4-1.4.19-qh3aruh4bd7rt2x
             x45cfmix56ttnqqmb/spack-src/lib/xalloc.h(199): error: argument is 
             incompatible with formal parameter
     2262            if (INT_ADD_WRAPV (n, (n >> 1) + 1, &n))
     2263                ^
     2264    
     2265    compilation aborted for /var/tmp/sochat1/spack-stage/spack-stage-m
             4-1.4.19-qh3aruh4bd7rt2xx45cfmix56ttnqqmb/spack-src/lib/execute.c 
             (code 2)
  >> 2266    make[3]: *** [execute.o] Error 2
     2267    make[3]: Leaving directory `/tmp/sochat1/spack-stage/spack-stage-m
             4-1.4.19-qh3aruh4bd7rt2xx45cfmix56ttnqqmb/spack-src/spack-build/li
             b'
  >> 2268    make[2]: *** [all] Error 2
     2269    make[2]: Leaving directory `/tmp/sochat1/spack-stage/spack-stage-m
             4-1.4.19-qh3aruh4bd7rt2xx45cfmix56ttnqqmb/spack-src/spack-build/li
             b'
  >> 2270    make[1]: *** [all-recursive] Error 1
     2271    make[1]: Leaving directory `/tmp/sochat1/spack-stage/spack-stage-m
             4-1.4.19-qh3aruh4bd7rt2xx45cfmix56ttnqqmb/spack-src/spack-build'
  >> 2272    make: *** [all] Error 2

See build log for details:
  /var/tmp/sochat1/spack-stage/spack-stage-m4-1.4.19-qh3aruh4bd7rt2xx45cfmix56ttnqqmb/spack-build-out.txt

==> Warning: Skipping build of libtool-2.4.6-xuwuip44be4eggkjbr5bqhbkiahfv36n since m4-1.4.19-qh3aruh4bd7rt2xx45cfmix56ttnqqmb failed
==> Warning: Skipping build of libpciaccess-0.16-lknfovieubuhr32wqe2jc6rwjighkjlr since libtool-2.4.6-xuwuip44be4eggkjbr5bqhbkiahfv36n failed
==> Warning: Skipping build of hwloc-2.7.0-oo6xqqrcgezp6cnyoye6glv65ul7ltw4 since libpciaccess-0.16-lknfovieubuhr32wqe2jc6rwjighkjlr failed
slurmstepd: error: *** JOB 2468235 ON borax35 CANCELLED AT 2022-03-01T21:42:29 DUE TO TIME LIMIT ***
