==> Error: ProcessError: Command exited with status 2:
    'make' '-j2'

4 errors found in build log:
     55    make[2]: Entering directory `/tmp/sochat1/spack-stage/spack-stage-he
           ffte-0.1-2mhu3yfntf6d46yyammqinoo53xvkr2i/spack-build-2mhu3yf'
     56    [ 11%] Building CXX object CMakeFiles/heffte.dir/src/heffte_common.c
           pp.o
     57    /p/vast1/build/spack/opt/spack/linux-rhel7-broadwell/gcc-10.2.1/mpic
           h-3.4.2-y5jp7zdd3xgbpzopqsopo5vonns6s6a2/bin/mpicxx -DFFT_FFTW3 -I/v
           ar/tmp/sochat1/spack-stage/spack-stage-heffte-0.1-2mhu3yfntf6d46yyam
           mqinoo53xvkr2i/spack-src/include -I/tmp/sochat1/spack-stage/spack-st
           age-heffte-0.1-2mhu3yfntf6d46yyammqinoo53xvkr2i/spack-build-2mhu3yf/
           include -O3  -I/usr/include  -O2 -g -DNDEBUG -MD -MT CMakeFiles/heff
           te.dir/src/heffte_common.cpp.o -MF CMakeFiles/heffte.dir/src/heffte_
           common.cpp.o.d -o CMakeFiles/heffte.dir/src/heffte_common.cpp.o -c /
           var/tmp/sochat1/spack-stage/spack-stage-heffte-0.1-2mhu3yfntf6d46yya
           mmqinoo53xvkr2i/spack-src/src/heffte_common.cpp
     58    [ 22%] Building CXX object CMakeFiles/heffte.dir/src/heffte.cpp.o
     59    /p/vast1/build/spack/opt/spack/linux-rhel7-broadwell/gcc-10.2.1/mpic
           h-3.4.2-y5jp7zdd3xgbpzopqsopo5vonns6s6a2/bin/mpicxx -DFFT_FFTW3 -I/v
           ar/tmp/sochat1/spack-stage/spack-stage-heffte-0.1-2mhu3yfntf6d46yyam
           mqinoo53xvkr2i/spack-src/include -I/tmp/sochat1/spack-stage/spack-st
           age-heffte-0.1-2mhu3yfntf6d46yyammqinoo53xvkr2i/spack-build-2mhu3yf/
           include -O3  -I/usr/include  -O2 -g -DNDEBUG -MD -MT CMakeFiles/heff
           te.dir/src/heffte.cpp.o -MF CMakeFiles/heffte.dir/src/heffte.cpp.o.d
            -o CMakeFiles/heffte.dir/src/heffte.cpp.o -c /var/tmp/sochat1/spack
           -stage/spack-stage-heffte-0.1-2mhu3yfntf6d46yyammqinoo53xvkr2i/spack
           -src/src/heffte.cpp
     60    In file included from /var/tmp/sochat1/spack-stage/spack-stage-hefft
           e-0.1-2mhu3yfntf6d46yyammqinoo53xvkr2i/spack-src/src/heffte.cpp:10:
  >> 61    /var/tmp/sochat1/spack-stage/spack-stage-heffte-0.1-2mhu3yfntf6d46yy
           ammqinoo53xvkr2i/spack-src/include/heffte.h:12:10: fatal error: fft3
           d.h: No such file or directory
     62       12 | #include <fft3d.h>
     63          |          ^~~~~~~~~
     64    compilation terminated.
  >> 65    make[2]: *** [CMakeFiles/heffte.dir/src/heffte.cpp.o] Error 1
     66    make[2]: *** Waiting for unfinished jobs....
     67    make[2]: Leaving directory `/tmp/sochat1/spack-stage/spack-stage-hef
           fte-0.1-2mhu3yfntf6d46yyammqinoo53xvkr2i/spack-build-2mhu3yf'
  >> 68    make[1]: *** [CMakeFiles/heffte.dir/all] Error 2
     69    make[1]: Leaving directory `/tmp/sochat1/spack-stage/spack-stage-hef
           fte-0.1-2mhu3yfntf6d46yyammqinoo53xvkr2i/spack-build-2mhu3yf'
  >> 70    make: *** [all] Error 2

See build log for details:
  /var/tmp/sochat1/spack-stage/spack-stage-heffte-0.1-2mhu3yfntf6d46yyammqinoo53xvkr2i/spack-build-out.txt

Making predictions for symbolator
Making predictions for libabigail
Making predictions for actual
/var/spool/slurmd/job100246/slurm_script: line 12: 18709 Killed                  spliced splice --package heffte@0.1 --splice cmake --runner spack --replace cmake --experiment experiment --outfile /p/vast1/build/spliced-experiment/results/heffte/0.1/cmake/experiment.json
==> Error: ProcessError: Command exited with status 2:
    'make' '-j16'

8 errors found in build log:
     62    [ 55%] Building CXX object CMakeFiles/heffte.dir/src/heffte_reshape3
           d.cpp.o
     63    /p/vast1/build/spack/opt/spack/linux-rhel7-broadwell/gcc-10.2.1/mpic
           h-3.4.2-b5ciezi5ojdl5dodked5a2svlfxng2fr/bin/mpicxx -DFFT_FFTW3 -I/v
           ar/tmp/sochat1/spack-stage/spack-stage-heffte-0.1-ks7lm2vbe3t33airmf
           r2wgk4thzjiay3/spack-src/include -I/tmp/sochat1/spack-stage/spack-st
           age-heffte-0.1-ks7lm2vbe3t33airmfr2wgk4thzjiay3/spack-build-ks7lm2v/
           include -O3  -I/usr/include  -O2 -g -DNDEBUG -MD -MT CMakeFiles/heff
           te.dir/src/heffte_pack3d.cpp.o -MF CMakeFiles/heffte.dir/src/heffte_
           pack3d.cpp.o.d -o CMakeFiles/heffte.dir/src/heffte_pack3d.cpp.o -c /
           var/tmp/sochat1/spack-stage/spack-stage-heffte-0.1-ks7lm2vbe3t33airm
           fr2wgk4thzjiay3/spack-src/src/heffte_pack3d.cpp
     64    [ 66%] Building CXX object CMakeFiles/heffte.dir/src/heffte_trace.cp
           p.o
     65    /p/vast1/build/spack/opt/spack/linux-rhel7-broadwell/gcc-10.2.1/mpic
           h-3.4.2-b5ciezi5ojdl5dodked5a2svlfxng2fr/bin/mpicxx -DFFT_FFTW3 -I/v
           ar/tmp/sochat1/spack-stage/spack-stage-heffte-0.1-ks7lm2vbe3t33airmf
           r2wgk4thzjiay3/spack-src/include -I/tmp/sochat1/spack-stage/spack-st
           age-heffte-0.1-ks7lm2vbe3t33airmfr2wgk4thzjiay3/spack-build-ks7lm2v/
           include -O3  -I/usr/include  -O2 -g -DNDEBUG -MD -MT CMakeFiles/heff
           te.dir/src/heffte_fft3d.cpp.o -MF CMakeFiles/heffte.dir/src/heffte_f
           ft3d.cpp.o.d -o CMakeFiles/heffte.dir/src/heffte_fft3d.cpp.o -c /var
           /tmp/sochat1/spack-stage/spack-stage-heffte-0.1-ks7lm2vbe3t33airmfr2
           wgk4thzjiay3/spack-src/src/heffte_fft3d.cpp
     66    /p/vast1/build/spack/opt/spack/linux-rhel7-broadwell/gcc-10.2.1/mpic
           h-3.4.2-b5ciezi5ojdl5dodked5a2svlfxng2fr/bin/mpicxx -DFFT_FFTW3 -I/v
           ar/tmp/sochat1/spack-stage/spack-stage-heffte-0.1-ks7lm2vbe3t33airmf
           r2wgk4thzjiay3/spack-src/include -I/tmp/sochat1/spack-stage/spack-st
           age-heffte-0.1-ks7lm2vbe3t33airmfr2wgk4thzjiay3/spack-build-ks7lm2v/
           include -O3  -I/usr/include  -O2 -g -DNDEBUG -MD -MT CMakeFiles/heff
           te.dir/src/heffte_reshape3d.cpp.o -MF CMakeFiles/heffte.dir/src/heff
           te_reshape3d.cpp.o.d -o CMakeFiles/heffte.dir/src/heffte_reshape3d.c
           pp.o -c /var/tmp/sochat1/spack-stage/spack-stage-heffte-0.1-ks7lm2vb
           e3t33airmfr2wgk4thzjiay3/spack-src/src/heffte_reshape3d.cpp
     67    /p/vast1/build/spack/opt/spack/linux-rhel7-broadwell/gcc-10.2.1/mpic
           h-3.4.2-b5ciezi5ojdl5dodked5a2svlfxng2fr/bin/mpicxx -DFFT_FFTW3 -I/v
           ar/tmp/sochat1/spack-stage/spack-stage-heffte-0.1-ks7lm2vbe3t33airmf
           r2wgk4thzjiay3/spack-src/include -I/tmp/sochat1/spack-stage/spack-st
           age-heffte-0.1-ks7lm2vbe3t33airmfr2wgk4thzjiay3/spack-build-ks7lm2v/
           include -O3  -I/usr/include  -O2 -g -DNDEBUG -MD -MT CMakeFiles/heff
           te.dir/src/heffte_trace.cpp.o -MF CMakeFiles/heffte.dir/src/heffte_t
           race.cpp.o.d -o CMakeFiles/heffte.dir/src/heffte_trace.cpp.o -c /var
           /tmp/sochat1/spack-stage/spack-stage-heffte-0.1-ks7lm2vbe3t33airmfr2
           wgk4thzjiay3/spack-src/src/heffte_trace.cpp
  >> 68    /var/tmp/sochat1/spack-stage/spack-stage-heffte-0.1-ks7lm2vbe3t33air
           mfr2wgk4thzjiay3/spack-src/src/heffte_pack3d.cpp:17:10: fatal error:
            pack3d.h: No such file or directory
     69       17 | #include "pack3d.h"
     70          |          ^~~~~~~~~~
     71    compilation terminated.
  >> 72    make[2]: *** [CMakeFiles/heffte.dir/src/heffte_pack3d.cpp.o] Error 1
     73    make[2]: *** Waiting for unfinished jobs....
  >> 74    /var/tmp/sochat1/spack-stage/spack-stage-heffte-0.1-ks7lm2vbe3t33air
           mfr2wgk4thzjiay3/spack-src/src/heffte_fft3d.cpp:17:10: fatal error: 
           fft3d.h: No such file or directory
     75       17 | #include "fft3d.h"
     76          |          ^~~~~~~~~
     77    compilation terminated.
     78    In file included from /var/tmp/sochat1/spack-stage/spack-stage-hefft
           e-0.1-ks7lm2vbe3t33airmfr2wgk4thzjiay3/spack-src/src/heffte.cpp:10:
  >> 79    /var/tmp/sochat1/spack-stage/spack-stage-heffte-0.1-ks7lm2vbe3t33air
           mfr2wgk4thzjiay3/spack-src/include/heffte.h:12:10: fatal error: fft3
           d.h: No such file or directory
     80       12 | #include <fft3d.h>
     81          |          ^~~~~~~~~
     82    compilation terminated.
  >> 83    make[2]: *** [CMakeFiles/heffte.dir/src/heffte_fft3d.cpp.o] Error 1
  >> 84    make[2]: *** [CMakeFiles/heffte.dir/src/heffte.cpp.o] Error 1
     85    make[2]: Leaving directory `/tmp/sochat1/spack-stage/spack-stage-hef
           fte-0.1-ks7lm2vbe3t33airmfr2wgk4thzjiay3/spack-build-ks7lm2v'
  >> 86    make[1]: *** [CMakeFiles/heffte.dir/all] Error 2
     87    make[1]: Leaving directory `/tmp/sochat1/spack-stage/spack-stage-hef
           fte-0.1-ks7lm2vbe3t33airmfr2wgk4thzjiay3/spack-build-ks7lm2v'
  >> 88    make: *** [all] Error 2

See build log for details:
  /var/tmp/sochat1/spack-stage/spack-stage-heffte-0.1-ks7lm2vbe3t33airmfr2wgk4thzjiay3/spack-build-out.txt

Making predictions for spack-test
Making predictions for symbolator
Making predictions for libabigail
abicompat not found on path, will look for spack instead.
Making predictions for actual
