Making predictions for symbolator
Making predictions for libabigail
Making predictions for actual
==> Warning: Fetching from mirror without a checksum!
  This package is normally checked out from a version control system, but it has been archived on a spack mirror.  This means we cannot know a checksum for the tarball in advance. Be sure that your connection to this mirror is secure!
/var/spool/slurmd/job100017/slurm_script: line 12: 37255 Killed                  spliced splice --package caliper@2.3.0 --splice elfutils --runner spack --replace elfutils --experiment experiment --outfile /p/vast1/build/spliced-experiment/results/caliper/2.3.0/elfutils/experiment.json
==> Warning: Fetching from mirror without a checksum!
  This package is normally checked out from a version control system, but it has been archived on a spack mirror.  This means we cannot know a checksum for the tarball in advance. Be sure that your connection to this mirror is secure!
==> Error: ProcessError: Command exited with status 2:
    'make' '-j16'

14 errors found in build log:
     195    [ 11%] Building CXX object src/services/pthread/CMakeFiles/caliper-
            pthread.dir/PthreadService.cpp.o
     196    [ 12%] Building CXX object src/services/report/CMakeFiles/caliper-r
            eport.dir/Report.cpp.o
     197    [ 12%] Building CXX object src/services/sampler/CMakeFiles/caliper-
            sampler.dir/Sampler.cpp.o
     198    cd /tmp/sochat1/spack-stage/spack-stage-caliper-2.3.0-hjzmy56fyhcdc
            oqwbhp4m33ojqo6o33y/spack-build-hjzmy56/src/services/report && /p/v
            ast1/build/spack/lib/spack/env/gcc/g++  -I/tmp/sochat1/spack-stage/
            spack-stage-caliper-2.3.0-hjzmy56fyhcdcoqwbhp4m33ojqo6o33y/spack-bu
            ild-hjzmy56/include -I/var/tmp/sochat1/spack-stage/spack-stage-cali
            per-2.3.0-hjzmy56fyhcdcoqwbhp4m33ojqo6o33y/spack-src/include -I/tmp
            /sochat1/spack-stage/spack-stage-caliper-2.3.0-hjzmy56fyhcdcoqwbhp4
            m33ojqo6o33y/spack-build-hjzmy56 -I/var/tmp/sochat1/spack-stage/spa
            ck-stage-caliper-2.3.0-hjzmy56fyhcdcoqwbhp4m33ojqo6o33y/spack-src/s
            rc -I/tmp/sochat1/spack-stage/spack-stage-caliper-2.3.0-hjzmy56fyhc
            dcoqwbhp4m33ojqo6o33y/spack-build-hjzmy56/src/services -O2 -g -DNDE
            BUG -fPIC -Wall -std=gnu++11 -MD -MT src/services/report/CMakeFiles
            /caliper-report.dir/Report.cpp.o -MF CMakeFiles/caliper-report.dir/
            Report.cpp.o.d -o CMakeFiles/caliper-report.dir/Report.cpp.o -c /va
            r/tmp/sochat1/spack-stage/spack-stage-caliper-2.3.0-hjzmy56fyhcdcoq
            wbhp4m33ojqo6o33y/spack-src/src/services/report/Report.cpp
     199    cd /tmp/sochat1/spack-stage/spack-stage-caliper-2.3.0-hjzmy56fyhcdc
            oqwbhp4m33ojqo6o33y/spack-build-hjzmy56/src/services/pthread && /p/
            vast1/build/spack/lib/spack/env/gcc/g++  -I/tmp/sochat1/spack-stage
            /spack-stage-caliper-2.3.0-hjzmy56fyhcdcoqwbhp4m33ojqo6o33y/spack-b
            uild-hjzmy56/include -I/var/tmp/sochat1/spack-stage/spack-stage-cal
            iper-2.3.0-hjzmy56fyhcdcoqwbhp4m33ojqo6o33y/spack-src/include -I/tm
            p/sochat1/spack-stage/spack-stage-caliper-2.3.0-hjzmy56fyhcdcoqwbhp
            4m33ojqo6o33y/spack-build-hjzmy56 -I/var/tmp/sochat1/spack-stage/sp
            ack-stage-caliper-2.3.0-hjzmy56fyhcdcoqwbhp4m33ojqo6o33y/spack-src/
            src -I/tmp/sochat1/spack-stage/spack-stage-caliper-2.3.0-hjzmy56fyh
            cdcoqwbhp4m33ojqo6o33y/spack-build-hjzmy56/src/services -I/var/tmp/
            sochat1/spack-stage/spack-stage-caliper-2.3.0-hjzmy56fyhcdcoqwbhp4m
            33ojqo6o33y/spack-src/ext/gotcha/include -O2 -g -DNDEBUG -fPIC -Wal
            l -std=gnu++11 -MD -MT src/services/pthread/CMakeFiles/caliper-pthr
            ead.dir/PthreadService.cpp.o -MF CMakeFiles/caliper-pthread.dir/Pth
            readService.cpp.o.d -o CMakeFiles/caliper-pthread.dir/PthreadServic
            e.cpp.o -c /var/tmp/sochat1/spack-stage/spack-stage-caliper-2.3.0-h
            jzmy56fyhcdcoqwbhp4m33ojqo6o33y/spack-src/src/services/pthread/Pthr
            eadService.cpp
     200    cd /tmp/sochat1/spack-stage/spack-stage-caliper-2.3.0-hjzmy56fyhcdc
            oqwbhp4m33ojqo6o33y/spack-build-hjzmy56/src/services/sampler && /p/
            vast1/build/spack/lib/spack/env/gcc/g++  -I/tmp/sochat1/spack-stage
            /spack-stage-caliper-2.3.0-hjzmy56fyhcdcoqwbhp4m33ojqo6o33y/spack-b
            uild-hjzmy56/include -I/var/tmp/sochat1/spack-stage/spack-stage-cal
            iper-2.3.0-hjzmy56fyhcdcoqwbhp4m33ojqo6o33y/spack-src/include -I/tm
            p/sochat1/spack-stage/spack-stage-caliper-2.3.0-hjzmy56fyhcdcoqwbhp
            4m33ojqo6o33y/spack-build-hjzmy56 -I/var/tmp/sochat1/spack-stage/sp
            ack-stage-caliper-2.3.0-hjzmy56fyhcdcoqwbhp4m33ojqo6o33y/spack-src/
            src -I/tmp/sochat1/spack-stage/spack-stage-caliper-2.3.0-hjzmy56fyh
            cdcoqwbhp4m33ojqo6o33y/spack-build-hjzmy56/src/services -I/tmp/soch
            at1/spack-stage/spack-stage-caliper-2.3.0-hjzmy56fyhcdcoqwbhp4m33oj
            qo6o33y/spack-build-hjzmy56/src/services/sampler -I/var/tmp/sochat1
            /spack-stage/spack-stage-caliper-2.3.0-hjzmy56fyhcdcoqwbhp4m33ojqo6
            o33y/spack-src/src/services/sampler -O2 -g -DNDEBUG -fPIC -Wall -st
            d=gnu++11 -MD -MT src/services/sampler/CMakeFiles/caliper-sampler.d
            ir/Sampler.cpp.o -MF CMakeFiles/caliper-sampler.dir/Sampler.cpp.o.d
             -o CMakeFiles/caliper-sampler.dir/Sampler.cpp.o -c /var/tmp/sochat
            1/spack-stage/spack-stage-caliper-2.3.0-hjzmy56fyhcdcoqwbhp4m33ojqo
            6o33y/spack-src/src/services/sampler/Sampler.cpp
  >> 201    /tmp/sochat1/spack-stage/spack-stage-caliper-2.3.0-hjzmy56fyhcdcoqw
            bhp4m33ojqo6o33y/spack-build-hjzmy56/src/services/gen_services_inc.
            py:42: SyntaxWarning: "is not" with a literal. Did you mean "!="?
     202      service_list=[x for x in service_string.split(";") if x is not ''
            ]
  >> 203    /tmp/sochat1/spack-stage/spack-stage-caliper-2.3.0-hjzmy56fyhcdcoqw
            bhp4m33ojqo6o33y/spack-build-hjzmy56/src/services/gen_services_inc.
            py:69: SyntaxWarning: "is not" with a literal. Did you mean "!="?
     204      if service_condition is not "":
  >> 205    /tmp/sochat1/spack-stage/spack-stage-caliper-2.3.0-hjzmy56fyhcdcoqw
            bhp4m33ojqo6o33y/spack-build-hjzmy56/src/services/gen_services_inc.
            py:72: SyntaxWarning: "is not" with a literal. Did you mean "!="?
     206      if service_condition is not "":
  >> 207    /tmp/sochat1/spack-stage/spack-stage-caliper-2.3.0-hjzmy56fyhcdcoqw
            bhp4m33ojqo6o33y/spack-build-hjzmy56/src/services/gen_services_inc.
            py:80: SyntaxWarning: "is not" with a literal. Did you mean "!="?
     208      if service_condition is not "":
  >> 209    /tmp/sochat1/spack-stage/spack-stage-caliper-2.3.0-hjzmy56fyhcdcoqw
            bhp4m33ojqo6o33y/spack-build-hjzmy56/src/services/gen_services_inc.
            py:83: SyntaxWarning: "is not" with a literal. Did you mean "!="?
     210      if service_condition is not "":
     211    make[2]: Leaving directory `/tmp/sochat1/spack-stage/spack-stage-ca
            liper-2.3.0-hjzmy56fyhcdcoqwbhp4m33ojqo6o33y/spack-build-hjzmy56'
     212    [ 12%] Built target gen-services
     213    [ 13%] Building CXX object src/caliper/controllers/CMakeFiles/calip
            er-controllers.dir/EventTraceController.cpp.o
     214    cd /tmp/sochat1/spack-stage/spack-stage-caliper-2.3.0-hjzmy56fyhcdc
            oqwbhp4m33ojqo6o33y/spack-build-hjzmy56/src/caliper/controllers && 
            /p/vast1/build/spack/lib/spack/env/gcc/g++  -I/tmp/sochat1/spack-st
            age/spack-stage-caliper-2.3.0-hjzmy56fyhcdcoqwbhp4m33ojqo6o33y/spac
            k-build-hjzmy56/include -I/var/tmp/sochat1/spack-stage/spack-stage-
            caliper-2.3.0-hjzmy56fyhcdcoqwbhp4m33ojqo6o33y/spack-src/include -I
            /tmp/sochat1/spack-stage/spack-stage-caliper-2.3.0-hjzmy56fyhcdcoqw
            bhp4m33ojqo6o33y/spack-build-hjzmy56 -I/var/tmp/sochat1/spack-stage
            /spack-stage-caliper-2.3.0-hjzmy56fyhcdcoqwbhp4m33ojqo6o33y/spack-s
            rc/src -O2 -g -DNDEBUG -fPIC -std=gnu++11 -MD -MT src/caliper/contr
            ollers/CMakeFiles/caliper-controllers.dir/EventTraceController.cpp.
            o -MF CMakeFiles/caliper-controllers.dir/EventTraceController.cpp.o
            .d -o CMakeFiles/caliper-controllers.dir/EventTraceController.cpp.o
             -c /var/tmp/sochat1/spack-stage/spack-stage-caliper-2.3.0-hjzmy56f
            yhcdcoqwbhp4m33ojqo6o33y/spack-src/src/caliper/controllers/EventTra
            ceController.cpp
     215    [ 13%] Building C object src/services/io/CurIOus/src/CMakeFiles/cal
            iper-CurIOus.dir/curious.c.o

     ...

     551    [ 97%] Building CXX object src/tools/cali-stat/CMakeFiles/cali-stat
            .dir/cali-stat.cpp.o
     552    cd /tmp/sochat1/spack-stage/spack-stage-caliper-2.3.0-hjzmy56fyhcdc
            oqwbhp4m33ojqo6o33y/spack-build-hjzmy56/src/tools/cali-stat && /p/v
            ast1/build/spack/lib/spack/env/gcc/g++  -I/tmp/sochat1/spack-stage/
            spack-stage-caliper-2.3.0-hjzmy56fyhcdcoqwbhp4m33ojqo6o33y/spack-bu
            ild-hjzmy56/include -I/var/tmp/sochat1/spack-stage/spack-stage-cali
            per-2.3.0-hjzmy56fyhcdcoqwbhp4m33ojqo6o33y/spack-src/include -I/tmp
            /sochat1/spack-stage/spack-stage-caliper-2.3.0-hjzmy56fyhcdcoqwbhp4
            m33ojqo6o33y/spack-build-hjzmy56 -I/var/tmp/sochat1/spack-stage/spa
            ck-stage-caliper-2.3.0-hjzmy56fyhcdcoqwbhp4m33ojqo6o33y/spack-src/s
            rc -O2 -g -DNDEBUG -std=gnu++11 -MD -MT src/tools/cali-stat/CMakeFi
            les/cali-stat.dir/cali-stat.cpp.o -MF CMakeFiles/cali-stat.dir/cali
            -stat.cpp.o.d -o CMakeFiles/cali-stat.dir/cali-stat.cpp.o -c /var/t
            mp/sochat1/spack-stage/spack-stage-caliper-2.3.0-hjzmy56fyhcdcoqwbh
            p4m33ojqo6o33y/spack-src/src/tools/cali-stat/cali-stat.cpp
     553    [ 98%] Linking CXX executable cali-stat
     554    cd /tmp/sochat1/spack-stage/spack-stage-caliper-2.3.0-hjzmy56fyhcdc
            oqwbhp4m33ojqo6o33y/spack-build-hjzmy56/src/tools/cali-stat && /p/v
            ast1/build/spack/opt/spack/linux-rhel7-broadwell/gcc-10.2.1/cmake-3
            .22.2-7oku4yd37mfoi65gi3alunjbl35euphw/bin/cmake -E cmake_link_scri
            pt CMakeFiles/cali-stat.dir/link.txt --verbose=1
     555    /p/vast1/build/spack/lib/spack/env/gcc/g++ -O2 -g -DNDEBUG -rdynami
            c CMakeFiles/cali-stat.dir/cali-stat.cpp.o -o cali-stat  -Wl,-rpath
            ,/tmp/sochat1/spack-stage/spack-stage-caliper-2.3.0-hjzmy56fyhcdcoq
            wbhp4m33ojqo6o33y/spack-build-hjzmy56/src/tools/util:/tmp/sochat1/s
            pack-stage/spack-stage-caliper-2.3.0-hjzmy56fyhcdcoqwbhp4m33ojqo6o3
            3y/spack-build-hjzmy56/src/caliper:/p/vast1/build/spack/opt/spack/l
            inux-rhel7-broadwell/gcc-10.2.1/adiak-0.2.1-wo554abjcjhbmxe75vsn5cn
            mzuk67z5s/lib:/p/vast1/build/spack/opt/spack/linux-rhel7-broadwell/
            gcc-10.2.1/openmpi-4.1.2-mtnsjnbj5kuefhd6gtupaglpuytu6vhz/lib::::::
            :::::::::::::::::::::::::::::::::::::::::::::::::::::::::::::::::::
            :::::::::::::::::::::::::::::::::::::::::::::::::::::::::::::::::::
            :::::::::::::::::::::::::::::::::::::::::::::::::::::::::::::::::::
            :::::::::::::::::::::::::::::::::::::::::::::::::::::::::::::::::::
            :::::::::::::::::::::::::::::::::::::::::::::::::::::::::::::::::::
            :::::::::::::::::::::::::::::::::::::::::::::::::::::::::::::::::::
            :::::::::::::::::::::::::::::::::::::::::::::::::::::::::::::::::::
            :::::::::::::::::::::::::::::::::::::::::::::::::::::::::::::::::::
            :::::::::::::::::::::::::::::::::::::::::::::::::::::::::::::::::::
            :::::::::::::::::::::::::::::::::::::::::::::::::::::::::::::::::::
            :::::::::::::::::::::::::::::::::::::::::::::::::::::::::::::::::::
            :::::::::::::::::::::::::::::::::::::::::::::::::::::::::::::::::::
            :::::::::::::::::::::::::::::::::::::::::::::::::::::::::::::::::::
            :::::::::::::::::::::::::::::::::::::::::::::::::::::::::::::::::::
            :::::::::::::::::::::::::::::::::::::::::::::::::::::::::::::::::::
            :::::::::::::::::::::::::::::::::::::::::::::::::::::::::::::::::::
            :::::::::::::::::::::::::::::::::::::::::::::::::::::::::::::::::::
            :::::::::::::::::::::::::::::::::::::::::::::::::::::::::::::::::::
            :::::::::::::::::::::::::::::::::::::::::::::::::::::::::::::::::::
            :::::::::::::::::::::::::::::::::::::::::::::::::::::::::::::::::::
            :::::::::::::::::::::::::::::: ../util/libcaliper-tools-util.so.2.3
            .0 ../../caliper/libcaliper-serial.so.2.3.0 -Wl,-rpath-link,/p/vast
            1/build/spack/opt/spack/linux-rhel7-broadwell/gcc-10.2.1/adiak-0.2.
            1-wo554abjcjhbmxe75vsn5cnmzuk67z5s/lib:/p/vast1/build/spack/opt/spa
            ck/linux-rhel7-broadwell/gcc-10.2.1/openmpi-4.1.2-mtnsjnbj5kuefhd6g
            tupaglpuytu6vhz/lib
     556    /usr/tce/packages/gcc/gcc-10.2.1/rh/usr/bin/../libexec/gcc/x86_64-r
            edhat-linux/10/ld: warning: libgpfs.so, needed by /p/vast1/build/sp
            ack/opt/spack/linux-rhel7-broadwell/gcc-10.2.1/openmpi-4.1.2-mtnsjn
            bj5kuefhd6gtupaglpuytu6vhz/lib/libmpi.so.40, not found (try using -
            rpath or -rpath-link)
  >> 557    /usr/tce/packages/gcc/gcc-10.2.1/rh/usr/bin/../libexec/gcc/x86_64-r
            edhat-linux/10/ld: /p/vast1/build/spack/opt/spack/linux-rhel7-broad
            well/gcc-10.2.1/openmpi-4.1.2-mtnsjnbj5kuefhd6gtupaglpuytu6vhz/lib/
            libmpi.so.40: undefined reference to `gpfs_fcntl'
  >> 558    collect2: error: ld returned 1 exit status
  >> 559    make[2]: *** [src/tools/cali-stat/cali-stat] Error 1
     560    make[2]: Leaving directory `/tmp/sochat1/spack-stage/spack-stage-ca
            liper-2.3.0-hjzmy56fyhcdcoqwbhp4m33ojqo6o33y/spack-build-hjzmy56'
  >> 561    make[1]: *** [src/tools/cali-stat/CMakeFiles/cali-stat.dir/all] Err
            or 2
     562    make[1]: *** Waiting for unfinished jobs....
     563    [100%] Linking CXX executable cali-query
     564    cd /tmp/sochat1/spack-stage/spack-stage-caliper-2.3.0-hjzmy56fyhcdc
            oqwbhp4m33ojqo6o33y/spack-build-hjzmy56/src/tools/cali-query && /p/
            vast1/build/spack/opt/spack/linux-rhel7-broadwell/gcc-10.2.1/cmake-
            3.22.2-7oku4yd37mfoi65gi3alunjbl35euphw/bin/cmake -E cmake_link_scr
            ipt CMakeFiles/cali-query.dir/link.txt --verbose=1
     565    /p/vast1/build/spack/lib/spack/env/gcc/g++ -O2 -g -DNDEBUG -rdynami
            c CMakeFiles/cali-query.dir/AttributeExtract.cpp.o CMakeFiles/cali-
            query.dir/cali-query.cpp.o CMakeFiles/query-common.dir/query_common
            .cpp.o -o cali-query  -Wl,-rpath,/tmp/sochat1/spack-stage/spack-sta
            ge-caliper-2.3.0-hjzmy56fyhcdcoqwbhp4m33ojqo6o33y/spack-build-hjzmy
            56/src/tools/util:/tmp/sochat1/spack-stage/spack-stage-caliper-2.3.
            0-hjzmy56fyhcdcoqwbhp4m33ojqo6o33y/spack-build-hjzmy56/src/caliper:
            /p/vast1/build/spack/opt/spack/linux-rhel7-broadwell/gcc-10.2.1/adi
            ak-0.2.1-wo554abjcjhbmxe75vsn5cnmzuk67z5s/lib:/p/vast1/build/spack/
            opt/spack/linux-rhel7-broadwell/gcc-10.2.1/openmpi-4.1.2-mtnsjnbj5k
            uefhd6gtupaglpuytu6vhz/lib:::::::::::::::::::::::::::::::::::::::::
            :::::::::::::::::::::::::::::::::::::::::::::::::::::::::::::::::::
            :::::::::::::::::::::::::::::::::::::::::::::::::::::::::::::::::::
            :::::::::::::::::::::::::::::::::::::::::::::::::::::::::::::::::::
            :::::::::::::::::::::::::::::::::::::::::::::::::::::::::::::::::::
            :::::::::::::::::::::::::::::::::::::::::::::::::::::::::::::::::::
            :::::::::::::::::::::::::::::::::::::::::::::::::::::::::::::::::::
            :::::::::::::::::::::::::::::::::::::::::::::::::::::::::::::::::::
            :::::::::::::::::::::::::::::::::::::::::::::::::::::::::::::::::::
            :::::::::::::::::::::::::::::::::::::::::::::::::::::::::::::::::::
            :::::::::::::::::::::::::::::::::::::::::::::::::::::::::::::::::::
            :::::::::::::::::::::::::::::::::::::::::::::::::::::::::::::::::::
            :::::::::::::::::::::::::::::::::::::::::::::::::::::::::::::::::::
            :::::::::::::::::::::::::::::::::::::::::::::::::::::::::::::::::::
            :::::::::::::::::::::::::::::::::::::::::::::::::::::::::::::::::::
            :::::::::::::::::::::::::::::::::::::::::::::::::::::::::::::::::::
            :::::::::::::::::::::::::::::::::::::::::::::::::::::::::::::::::::
            :::::::::::::::::::::::::::::::::::::::::::::::::::::::::::::::::::
            :::::::::::::::::::::::::::::::::::::::::::::::::::::::::::::::::::
            :::::::::::::::::::::::::::::::::::::::::::::::::::::::::::::::::::
            :::::::::::::::::::::::::::::::::::::::::::::::::::::::::::::: ../u
            til/libcaliper-tools-util.so.2.3.0 ../../caliper/libcaliper-serial.
            so.2.3.0 -pthread -Wl,-rpath-link,/p/vast1/build/spack/opt/spack/li
            nux-rhel7-broadwell/gcc-10.2.1/adiak-0.2.1-wo554abjcjhbmxe75vsn5cnm
            zuk67z5s/lib:/p/vast1/build/spack/opt/spack/linux-rhel7-broadwell/g
            cc-10.2.1/openmpi-4.1.2-mtnsjnbj5kuefhd6gtupaglpuytu6vhz/lib
     566    /usr/tce/packages/gcc/gcc-10.2.1/rh/usr/bin/../libexec/gcc/x86_64-r
            edhat-linux/10/ld: warning: libgpfs.so, needed by /p/vast1/build/sp
            ack/opt/spack/linux-rhel7-broadwell/gcc-10.2.1/openmpi-4.1.2-mtnsjn
            bj5kuefhd6gtupaglpuytu6vhz/lib/libmpi.so.40, not found (try using -
            rpath or -rpath-link)
  >> 567    /usr/tce/packages/gcc/gcc-10.2.1/rh/usr/bin/../libexec/gcc/x86_64-r
            edhat-linux/10/ld: /p/vast1/build/spack/opt/spack/linux-rhel7-broad
            well/gcc-10.2.1/openmpi-4.1.2-mtnsjnbj5kuefhd6gtupaglpuytu6vhz/lib/
            libmpi.so.40: undefined reference to `gpfs_fcntl'
  >> 568    collect2: error: ld returned 1 exit status
  >> 569    make[2]: *** [src/tools/cali-query/cali-query] Error 1
     570    make[2]: Leaving directory `/tmp/sochat1/spack-stage/spack-stage-ca
            liper-2.3.0-hjzmy56fyhcdcoqwbhp4m33ojqo6o33y/spack-build-hjzmy56'
  >> 571    make[1]: *** [src/tools/cali-query/CMakeFiles/cali-query.dir/all] E
            rror 2
     572    make[1]: Leaving directory `/tmp/sochat1/spack-stage/spack-stage-ca
            liper-2.3.0-hjzmy56fyhcdcoqwbhp4m33ojqo6o33y/spack-build-hjzmy56'
  >> 573    make: *** [all] Error 2

See build log for details:
  /var/tmp/sochat1/spack-stage/spack-stage-caliper-2.3.0-hjzmy56fyhcdcoqwbhp4m33ojqo6o33y/spack-build-out.txt

Making predictions for spack-test
Making predictions for symbolator
Making predictions for libabigail
abicompat not found on path, will look for spack instead.
Making predictions for actual
