slurmstepd: error: *** JOB 96720 ON oslic11 CANCELLED AT 2022-02-24T23:04:27 DUE TO TIME LIMIT ***
/var/spool/slurmd/job100072/slurm_script: line 12:  3780 Killed                  spliced splice --package caliper@1.8.0 --splice python --runner spack --replace python --experiment experiment --outfile /p/vast1/build/spliced-experiment/results/caliper/1.8.0/python/experiment.json
==> Warning: Spack was unable to fetch url list due to a certificate verification problem. You can try running spack -k, which will not check SSL certificates. Use this at your own risk.
==> Warning: Spack was unable to fetch url list due to a certificate verification problem. You can try running spack -k, which will not check SSL certificates. Use this at your own risk.
==> Warning: Spack was unable to fetch url list due to a certificate verification problem. You can try running spack -k, which will not check SSL certificates. Use this at your own risk.
==> Error: FetchError: All fetchers failed for spack-stage-python-3.9.3-zne5bz2smbh7v5midjkmeguu3nrcbdyv

/p/vast1/build/spack/lib/spack/spack/package.py:1400, in do_fetch:
       1397
       1398        self.stage.create()
       1399        err_msg = None if not self.manual_download else self.download_instr
  >>   1400        start_time = time.time()
       1401        self.stage.fetch(mirror_only, err_msg=err_msg)
       1402        self._fetch_time = time.time() - start_time
       1403


==> Warning: Python v3.7.1 does not have the C++ "distutils" patch; errors may occur when installing Python modules w/ mixed C/C++ source files.
==> Warning: Python v3.7.0 does not have the C++ "distutils" patch; errors may occur when installing Python modules w/ mixed C/C++ source files.
==> Warning: Python v3.6.15 does not have the C++ "distutils" patch; errors may occur when installing Python modules w/ mixed C/C++ source files.
==> Warning: Python v3.6.14 does not have the C++ "distutils" patch; errors may occur when installing Python modules w/ mixed C/C++ source files.
==> Warning: Python v3.6.13 does not have the C++ "distutils" patch; errors may occur when installing Python modules w/ mixed C/C++ source files.
==> Warning: Python v3.6.12 does not have the C++ "distutils" patch; errors may occur when installing Python modules w/ mixed C/C++ source files.
==> Warning: Python v3.6.11 does not have the C++ "distutils" patch; errors may occur when installing Python modules w/ mixed C/C++ source files.
==> Warning: Python v3.6.10 does not have the C++ "distutils" patch; errors may occur when installing Python modules w/ mixed C/C++ source files.
==> Warning: Python v3.6.9 does not have the C++ "distutils" patch; errors may occur when installing Python modules w/ mixed C/C++ source files.
==> Warning: Python v3.6.7 does not have the C++ "distutils" patch; errors may occur when installing Python modules w/ mixed C/C++ source files.
==> Warning: Python v3.6.6 does not have the C++ "distutils" patch; errors may occur when installing Python modules w/ mixed C/C++ source files.
==> Warning: Python v3.6.5 does not have the C++ "distutils" patch; errors may occur when installing Python modules w/ mixed C/C++ source files.
==> Warning: Python v3.6.4 does not have the C++ "distutils" patch; errors may occur when installing Python modules w/ mixed C/C++ source files.
==> Warning: Python v3.6.3 does not have the C++ "distutils" patch; errors may occur when installing Python modules w/ mixed C/C++ source files.
==> Warning: Python v3.6.2 does not have the C++ "distutils" patch; errors may occur when installing Python modules w/ mixed C/C++ source files.
==> Warning: Python v3.6.1 does not have the C++ "distutils" patch; errors may occur when installing Python modules w/ mixed C/C++ source files.
==> Warning: Python v3.6.0 does not have the C++ "distutils" patch; errors may occur when installing Python modules w/ mixed C/C++ source files.
==> Warning: Python v3.5.10 does not have the C++ "distutils" patch; errors may occur when installing Python modules w/ mixed C/C++ source files.
==> Warning: Python v3.5.9 does not have the C++ "distutils" patch; errors may occur when installing Python modules w/ mixed C/C++ source files.
==> Warning: Python v3.5.8 does not have the C++ "distutils" patch; errors may occur when installing Python modules w/ mixed C/C++ source files.
==> Warning: Python v3.5.7 does not have the C++ "distutils" patch; errors may occur when installing Python modules w/ mixed C/C++ source files.
==> Warning: Python v3.5.6 does not have the C++ "distutils" patch; errors may occur when installing Python modules w/ mixed C/C++ source files.
==> Warning: Python v3.5.5 does not have the C++ "distutils" patch; errors may occur when installing Python modules w/ mixed C/C++ source files.
==> Warning: Python v3.5.4 does not have the C++ "distutils" patch; errors may occur when installing Python modules w/ mixed C/C++ source files.
==> Warning: Python v3.5.3 does not have the C++ "distutils" patch; errors may occur when installing Python modules w/ mixed C/C++ source files.
==> Warning: Python v3.5.2 does not have the C++ "distutils" patch; errors may occur when installing Python modules w/ mixed C/C++ source files.
==> Warning: Python v3.5.1 does not have the C++ "distutils" patch; errors may occur when installing Python modules w/ mixed C/C++ source files.
==> Warning: Python v3.5.0 does not have the C++ "distutils" patch; errors may occur when installing Python modules w/ mixed C/C++ source files.
==> Warning: Python v3.4.10 does not have the C++ "distutils" patch; errors may occur when installing Python modules w/ mixed C/C++ source files.
==> Warning: Python v3.4.3 does not have the C++ "distutils" patch; errors may occur when installing Python modules w/ mixed C/C++ source files.
==> Warning: Python v3.3.6 may not install properly if Python user configurations are present.
==> Warning: Python v3.3.6 does not have the C++ "distutils" patch; errors may occur when installing Python modules w/ mixed C/C++ source files.
==> Error: ProcessError: Command exited with status 2:
    'make' '-j16' 'V=1'

96 warnings found in build log:
     664     /p/vast1/build/spack/lib/spack/env/gcc/gcc -pthread -c -Wno-unused
             -result -DNDEBUG -g -fwrapv -O3 -Wall -Wstrict-prototypes -fPIC   
              -I. -IInclude -I/var/tmp/sochat1/spack-stage/spack-stage-python-3
             .3.6-uh2uijssyvwc5m2gnyk25nei2x5fxid5/spack-src/Include -I/p/vast1
             /build/spack/opt/spack/linux-rhel7-broadwell/gcc-10.2.1/bzip2-1.0.
             8-jmjklgubcyryaddwqvzuvzeiq6zfqmst/include -I/p/vast1/build/spack/
             opt/spack/linux-rhel7-broadwell/gcc-10.2.1/expat-2.4.6-akiducmoeuf
             ix2d6beegvgbj5skm36ul/include -I/p/vast1/build/spack/opt/spack/lin
             ux-rhel7-broadwell/gcc-10.2.1/gdbm-1.23-nloqbvc3qve7h3pyuk7djuhk7h
             vuti54/include -I/p/vast1/build/spack/opt/spack/linux-rhel7-broadw
             ell/gcc-10.2.1/gettext-0.21-zrjvymznliicfcjx4lqkixtjo76ruzmr/inclu
             de -I/p/vast1/build/spack/opt/spack/linux-rhel7-broadwell/gcc-10.2
             .1/libffi-3.4.2-7vfnd7a5ankpytut3b4oqhktzrcbabfm/include -I/p/vast
             1/build/spack/opt/spack/linux-rhel7-broadwell/gcc-10.2.1/ncurses-6
             .2-2xef6sx47tqatqlceqguyz3rza5okbhy/include -I/p/vast1/build/spack
             /opt/spack/linux-rhel7-broadwell/gcc-10.2.1/readline-8.1-vfjorqgtm
             qh3rl5ollaj4n2uusx4foez/include -I/p/vast1/build/spack/opt/spack/l
             inux-rhel7-broadwell/gcc-10.2.1/sqlite-3.37.2-osxyeivy7mdmhjyjwcsm
             4l7tooho6s2d/include -I/p/vast1/build/spack/opt/spack/linux-rhel7-
             broadwell/gcc-10.2.1/util-linux-uuid-2.37.4-26saxoixdjk3763nksg3aj
             mdzt5gyubu/include -I/p/vast1/build/spack/opt/spack/linux-rhel7-br
             oadwell/gcc-10.2.1/xz-5.2.5-d536jz4ora4tt45q72d2lklqr3dqx34m/inclu
             de -I/p/vast1/build/spack/opt/spack/linux-rhel7-broadwell/gcc-10.2
             .1/zlib-1.2.11-su2ldy5ofm424qnly3kitbbdgwovpfk4/include  -fPIC -DP
             y_BUILD_CORE -o Objects/exceptions.o /var/tmp/sochat1/spack-stage/
             spack-stage-python-3.3.6-uh2uijssyvwc5m2gnyk25nei2x5fxid5/spack-sr
             c/Objects/exceptions.c
     665     /p/vast1/build/spack/lib/spack/env/gcc/gcc -pthread -c -Wno-unused
             -result -DNDEBUG -g -fwrapv -O3 -Wall -Wstrict-prototypes -fPIC   
              -I. -IInclude -I/var/tmp/sochat1/spack-stage/spack-stage-python-3
             .3.6-uh2uijssyvwc5m2gnyk25nei2x5fxid5/spack-src/Include -I/p/vast1
             /build/spack/opt/spack/linux-rhel7-broadwell/gcc-10.2.1/bzip2-1.0.
             8-jmjklgubcyryaddwqvzuvzeiq6zfqmst/include -I/p/vast1/build/spack/
             opt/spack/linux-rhel7-broadwell/gcc-10.2.1/expat-2.4.6-akiducmoeuf
             ix2d6beegvgbj5skm36ul/include -I/p/vast1/build/spack/opt/spack/lin
             ux-rhel7-broadwell/gcc-10.2.1/gdbm-1.23-nloqbvc3qve7h3pyuk7djuhk7h
             vuti54/include -I/p/vast1/build/spack/opt/spack/linux-rhel7-broadw
             ell/gcc-10.2.1/gettext-0.21-zrjvymznliicfcjx4lqkixtjo76ruzmr/inclu
             de -I/p/vast1/build/spack/opt/spack/linux-rhel7-broadwell/gcc-10.2
             .1/libffi-3.4.2-7vfnd7a5ankpytut3b4oqhktzrcbabfm/include -I/p/vast
             1/build/spack/opt/spack/linux-rhel7-broadwell/gcc-10.2.1/ncurses-6
             .2-2xef6sx47tqatqlceqguyz3rza5okbhy/include -I/p/vast1/build/spack
             /opt/spack/linux-rhel7-broadwell/gcc-10.2.1/readline-8.1-vfjorqgtm
             qh3rl5ollaj4n2uusx4foez/include -I/p/vast1/build/spack/opt/spack/l
             inux-rhel7-broadwell/gcc-10.2.1/sqlite-3.37.2-osxyeivy7mdmhjyjwcsm
             4l7tooho6s2d/include -I/p/vast1/build/spack/opt/spack/linux-rhel7-
             broadwell/gcc-10.2.1/util-linux-uuid-2.37.4-26saxoixdjk3763nksg3aj
             mdzt5gyubu/include -I/p/vast1/build/spack/opt/spack/linux-rhel7-br
             oadwell/gcc-10.2.1/xz-5.2.5-d536jz4ora4tt45q72d2lklqr3dqx34m/inclu
             de -I/p/vast1/build/spack/opt/spack/linux-rhel7-broadwell/gcc-10.2
             .1/zlib-1.2.11-su2ldy5ofm424qnly3kitbbdgwovpfk4/include  -fPIC -DP
             y_BUILD_CORE -o Objects/genobject.o /var/tmp/sochat1/spack-stage/s
             pack-stage-python-3.3.6-uh2uijssyvwc5m2gnyk25nei2x5fxid5/spack-src
             /Objects/genobject.c
     666     /p/vast1/build/spack/lib/spack/env/gcc/gcc -pthread -c -Wno-unused
             -result -DNDEBUG -g -fwrapv -O3 -Wall -Wstrict-prototypes -fPIC   
              -I. -IInclude -I/var/tmp/sochat1/spack-stage/spack-stage-python-3
             .3.6-uh2uijssyvwc5m2gnyk25nei2x5fxid5/spack-src/Include -I/p/vast1
             /build/spack/opt/spack/linux-rhel7-broadwell/gcc-10.2.1/bzip2-1.0.
             8-jmjklgubcyryaddwqvzuvzeiq6zfqmst/include -I/p/vast1/build/spack/
             opt/spack/linux-rhel7-broadwell/gcc-10.2.1/expat-2.4.6-akiducmoeuf
             ix2d6beegvgbj5skm36ul/include -I/p/vast1/build/spack/opt/spack/lin
             ux-rhel7-broadwell/gcc-10.2.1/gdbm-1.23-nloqbvc3qve7h3pyuk7djuhk7h
             vuti54/include -I/p/vast1/build/spack/opt/spack/linux-rhel7-broadw
             ell/gcc-10.2.1/gettext-0.21-zrjvymznliicfcjx4lqkixtjo76ruzmr/inclu
             de -I/p/vast1/build/spack/opt/spack/linux-rhel7-broadwell/gcc-10.2
             .1/libffi-3.4.2-7vfnd7a5ankpytut3b4oqhktzrcbabfm/include -I/p/vast
             1/build/spack/opt/spack/linux-rhel7-broadwell/gcc-10.2.1/ncurses-6
             .2-2xef6sx47tqatqlceqguyz3rza5okbhy/include -I/p/vast1/build/spack
             /opt/spack/linux-rhel7-broadwell/gcc-10.2.1/readline-8.1-vfjorqgtm
             qh3rl5ollaj4n2uusx4foez/include -I/p/vast1/build/spack/opt/spack/l
             inux-rhel7-broadwell/gcc-10.2.1/sqlite-3.37.2-osxyeivy7mdmhjyjwcsm
             4l7tooho6s2d/include -I/p/vast1/build/spack/opt/spack/linux-rhel7-
             broadwell/gcc-10.2.1/util-linux-uuid-2.37.4-26saxoixdjk3763nksg3aj
             mdzt5gyubu/include -I/p/vast1/build/spack/opt/spack/linux-rhel7-br
             oadwell/gcc-10.2.1/xz-5.2.5-d536jz4ora4tt45q72d2lklqr3dqx34m/inclu
             de -I/p/vast1/build/spack/opt/spack/linux-rhel7-broadwell/gcc-10.2
             .1/zlib-1.2.11-su2ldy5ofm424qnly3kitbbdgwovpfk4/include  -fPIC -DP
             y_BUILD_CORE -o Objects/fileobject.o /var/tmp/sochat1/spack-stage/
             spack-stage-python-3.3.6-uh2uijssyvwc5m2gnyk25nei2x5fxid5/spack-sr
             c/Objects/fileobject.c
     667     In file included from /var/tmp/sochat1/spack-stage/spack-stage-pyt
             hon-3.3.6-uh2uijssyvwc5m2gnyk25nei2x5fxid5/spack-src/Include/Pytho
             n.h:69,
     668                      from /var/tmp/sochat1/spack-stage/spack-stage-pyt
             hon-3.3.6-uh2uijssyvwc5m2gnyk25nei2x5fxid5/spack-src/Objects/class
             object.c:3:
     669     /var/tmp/sochat1/spack-stage/spack-stage-python-3.3.6-uh2uijssyvwc
             5m2gnyk25nei2x5fxid5/spack-src/Objects/classobject.c: In function 
             'PyMethod_New':
  >> 670     /var/tmp/sochat1/spack-stage/spack-stage-python-3.3.6-uh2uijssyvwc
             5m2gnyk25nei2x5fxid5/spack-src/Include/objimpl.h:163:66: warning: 
             right-hand operand of comma expression has no effect [-Wunused-val
             ue]
     671       163 |     ( Py_TYPE(op) = (typeobj), _Py_NewReference((PyObject 
             *)(op)), (op) )
     672           |     ~~~~~~~~~~~~~~~~~~~~~~~~~~~~~~~~~~~~~~~~~~~~~~~~~~~~~~
             ~~~~~~~^~~~~~~~
  >> 673     /var/tmp/sochat1/spack-stage/spack-stage-python-3.3.6-uh2uijssyvwc
             5m2gnyk25nei2x5fxid5/spack-src/Objects/classobject.c:55:9: note: i
             n expansion of macro 'PyObject_INIT'
     674        55 |         PyObject_INIT(im, &PyMethod_Type);
     675           |         ^~~~~~~~~~~~~
     676     In file included from /var/tmp/sochat1/spack-stage/spack-stage-pyt
             hon-3.3.6-uh2uijssyvwc5m2gnyk25nei2x5fxid5/spack-src/Include/Pytho
             n.h:69,
     677                      from /var/tmp/sochat1/spack-stage/spack-stage-pyt
             hon-3.3.6-uh2uijssyvwc5m2gnyk25nei2x5fxid5/spack-src/Objects/bytes
             object.c:5:
     678     /var/tmp/sochat1/spack-stage/spack-stage-python-3.3.6-uh2uijssyvwc
             5m2gnyk25nei2x5fxid5/spack-src/Objects/bytesobject.c: In function 
             'PyBytes_FromStringAndSize':
  >> 679     /var/tmp/sochat1/spack-stage/spack-stage-python-3.3.6-uh2uijssyvwc
             5m2gnyk25nei2x5fxid5/spack-src/Include/objimpl.h:163:66: warning: 
             right-hand operand of comma expression has no effect [-Wunused-val
             ue]
     680       163 |     ( Py_TYPE(op) = (typeobj), _Py_NewReference((PyObject 
             *)(op)), (op) )
     681           |     ~~~~~~~~~~~~~~~~~~~~~~~~~~~~~~~~~~~~~~~~~~~~~~~~~~~~~~
             ~~~~~~~^~~~~~~~
  >> 682     /var/tmp/sochat1/spack-stage/spack-stage-python-3.3.6-uh2uijssyvwc
             5m2gnyk25nei2x5fxid5/spack-src/Include/objimpl.h:165:29: note: in 
             expansion of macro 'PyObject_INIT'
     683       165 |     ( Py_SIZE(op) = (size), PyObject_INIT((op), (typeobj))
              )
     684           |                             ^~~~~~~~~~~~~
  >> 685     /var/tmp/sochat1/spack-stage/spack-stage-python-3.3.6-uh2uijssyvwc
             5m2gnyk25nei2x5fxid5/spack-src/Objects/bytesobject.c:101:5: note: 
             in expansion of macro 'PyObject_INIT_VAR'
     686       101 |     PyObject_INIT_VAR(op, &PyBytes_Type, size);
     687           |     ^~~~~~~~~~~~~~~~~
     688     /var/tmp/sochat1/spack-stage/spack-stage-python-3.3.6-uh2uijssyvwc
             5m2gnyk25nei2x5fxid5/spack-src/Objects/bytesobject.c: In function 
             'PyBytes_FromString':
  >> 689     /var/tmp/sochat1/spack-stage/spack-stage-python-3.3.6-uh2uijssyvwc
             5m2gnyk25nei2x5fxid5/spack-src/Include/objimpl.h:163:66: warning: 
             right-hand operand of comma expression has no effect [-Wunused-val
             ue]
     690       163 |     ( Py_TYPE(op) = (typeobj), _Py_NewReference((PyObject 
             *)(op)), (op) )
     691           |     ~~~~~~~~~~~~~~~~~~~~~~~~~~~~~~~~~~~~~~~~~~~~~~~~~~~~~~
             ~~~~~~~^~~~~~~~
  >> 692     /var/tmp/sochat1/spack-stage/spack-stage-python-3.3.6-uh2uijssyvwc
             5m2gnyk25nei2x5fxid5/spack-src/Include/objimpl.h:165:29: note: in 
             expansion of macro 'PyObject_INIT'
     693       165 |     ( Py_SIZE(op) = (size), PyObject_INIT((op), (typeobj))
              )
     694           |                             ^~~~~~~~~~~~~
  >> 695     /var/tmp/sochat1/spack-stage/spack-stage-python-3.3.6-uh2uijssyvwc
             5m2gnyk25nei2x5fxid5/spack-src/Objects/bytesobject.c:149:5: note: 
             in expansion of macro 'PyObject_INIT_VAR'
     696       149 |     PyObject_INIT_VAR(op, &PyBytes_Type, size);
     697           |     ^~~~~~~~~~~~~~~~~
     698     /p/vast1/build/spack/lib/spack/env/gcc/gcc -pthread -c -Wno-unused
             -result -DNDEBUG -g -fwrapv -O3 -Wall -Wstrict-prototypes -fPIC   
              -I. -IInclude -I/var/tmp/sochat1/spack-stage/spack-stage-python-3
             .3.6-uh2uijssyvwc5m2gnyk25nei2x5fxid5/spack-src/Include -I/p/vast1
             /build/spack/opt/spack/linux-rhel7-broadwell/gcc-10.2.1/bzip2-1.0.
             8-jmjklgubcyryaddwqvzuvzeiq6zfqmst/include -I/p/vast1/build/spack/
             opt/spack/linux-rhel7-broadwell/gcc-10.2.1/expat-2.4.6-akiducmoeuf
             ix2d6beegvgbj5skm36ul/include -I/p/vast1/build/spack/opt/spack/lin
             ux-rhel7-broadwell/gcc-10.2.1/gdbm-1.23-nloqbvc3qve7h3pyuk7djuhk7h
             vuti54/include -I/p/vast1/build/spack/opt/spack/linux-rhel7-broadw
             ell/gcc-10.2.1/gettext-0.21-zrjvymznliicfcjx4lqkixtjo76ruzmr/inclu
             de -I/p/vast1/build/spack/opt/spack/linux-rhel7-broadwell/gcc-10.2
             .1/libffi-3.4.2-7vfnd7a5ankpytut3b4oqhktzrcbabfm/include -I/p/vast
             1/build/spack/opt/spack/linux-rhel7-broadwell/gcc-10.2.1/ncurses-6
             .2-2xef6sx47tqatqlceqguyz3rza5okbhy/include -I/p/vast1/build/spack
             /opt/spack/linux-rhel7-broadwell/gcc-10.2.1/readline-8.1-vfjorqgtm
             qh3rl5ollaj4n2uusx4foez/include -I/p/vast1/build/spack/opt/spack/l
             inux-rhel7-broadwell/gcc-10.2.1/sqlite-3.37.2-osxyeivy7mdmhjyjwcsm
             4l7tooho6s2d/include -I/p/vast1/build/spack/opt/spack/linux-rhel7-
             broadwell/gcc-10.2.1/util-linux-uuid-2.37.4-26saxoixdjk3763nksg3aj
             mdzt5gyubu/include -I/p/vast1/build/spack/opt/spack/linux-rhel7-br
             oadwell/gcc-10.2.1/xz-5.2.5-d536jz4ora4tt45q72d2lklqr3dqx34m/inclu
             de -I/p/vast1/build/spack/opt/spack/linux-rhel7-broadwell/gcc-10.2
             .1/zlib-1.2.11-su2ldy5ofm424qnly3kitbbdgwovpfk4/include  -fPIC -DP
             y_BUILD_CORE -o Objects/floatobject.o /var/tmp/sochat1/spack-stage
             /spack-stage-python-3.3.6-uh2uijssyvwc5m2gnyk25nei2x5fxid5/spack-s
             rc/Objects/floatobject.c
     699     /var/tmp/sochat1/spack-stage/spack-stage-python-3.3.6-uh2uijssyvwc
             5m2gnyk25nei2x5fxid5/spack-src/Objects/bytesobject.c: In function 
             'bytes_repeat':
  >> 700     /var/tmp/sochat1/spack-stage/spack-stage-python-3.3.6-uh2uijssyvwc
             5m2gnyk25nei2x5fxid5/spack-src/Include/objimpl.h:163:66: warning: 
             right-hand operand of comma expression has no effect [-Wunused-val
             ue]
     701       163 |     ( Py_TYPE(op) = (typeobj), _Py_NewReference((PyObject 
             *)(op)), (op) )
     702           |     ~~~~~~~~~~~~~~~~~~~~~~~~~~~~~~~~~~~~~~~~~~~~~~~~~~~~~~
             ~~~~~~~^~~~~~~~
  >> 703     /var/tmp/sochat1/spack-stage/spack-stage-python-3.3.6-uh2uijssyvwc
             5m2gnyk25nei2x5fxid5/spack-src/Include/objimpl.h:165:29: note: in 
             expansion of macro 'PyObject_INIT'
     704       165 |     ( Py_SIZE(op) = (size), PyObject_INIT((op), (typeobj))
              )
     705           |                             ^~~~~~~~~~~~~
  >> 706     /var/tmp/sochat1/spack-stage/spack-stage-python-3.3.6-uh2uijssyvwc
             5m2gnyk25nei2x5fxid5/spack-src/Objects/bytesobject.c:759:5: note: 
             in expansion of macro 'PyObject_INIT_VAR'
     707       759 |     PyObject_INIT_VAR(op, &PyBytes_Type, size);
     708           |     ^~~~~~~~~~~~~~~~~
     709     In file included from /var/tmp/sochat1/spack-stage/spack-stage-pyt
             hon-3.3.6-uh2uijssyvwc5m2gnyk25nei2x5fxid5/spack-src/Include/Pytho
             n.h:69,
     710                      from /var/tmp/sochat1/spack-stage/spack-stage-pyt
             hon-3.3.6-uh2uijssyvwc5m2gnyk25nei2x5fxid5/spack-src/Objects/compl
             exobject.c:8:
     711     /var/tmp/sochat1/spack-stage/spack-stage-python-3.3.6-uh2uijssyvwc
             5m2gnyk25nei2x5fxid5/spack-src/Objects/complexobject.c: In functio
             n 'PyComplex_FromCComplex':
  >> 712     /var/tmp/sochat1/spack-stage/spack-stage-python-3.3.6-uh2uijssyvwc
             5m2gnyk25nei2x5fxid5/spack-src/Include/objimpl.h:163:66: warning: 
             right-hand operand of comma expression has no effect [-Wunused-val
             ue]
     713       163 |     ( Py_TYPE(op) = (typeobj), _Py_NewReference((PyObject 
             *)(op)), (op) )
     714           |     ~~~~~~~~~~~~~~~~~~~~~~~~~~~~~~~~~~~~~~~~~~~~~~~~~~~~~~
             ~~~~~~~^~~~~~~~
  >> 715     /var/tmp/sochat1/spack-stage/spack-stage-python-3.3.6-uh2uijssyvwc
             5m2gnyk25nei2x5fxid5/spack-src/Objects/complexobject.c:220:5: note
             : in expansion of macro 'PyObject_INIT'
     716       220 |     PyObject_INIT(op, &PyComplex_Type);
     717           |     ^~~~~~~~~~~~~
     718     /p/vast1/build/spack/lib/spack/env/gcc/gcc -pthread -c -Wno-unused
             -result -DNDEBUG -g -fwrapv -O3 -Wall -Wstrict-prototypes -fPIC   
              -I. -IInclude -I/var/tmp/sochat1/spack-stage/spack-stage-python-3
             .3.6-uh2uijssyvwc5m2gnyk25nei2x5fxid5/spack-src/Include -I/p/vast1
             /build/spack/opt/spack/linux-rhel7-broadwell/gcc-10.2.1/bzip2-1.0.
             8-jmjklgubcyryaddwqvzuvzeiq6zfqmst/include -I/p/vast1/build/spack/
             opt/spack/linux-rhel7-broadwell/gcc-10.2.1/expat-2.4.6-akiducmoeuf
             ix2d6beegvgbj5skm36ul/include -I/p/vast1/build/spack/opt/spack/lin
             ux-rhel7-broadwell/gcc-10.2.1/gdbm-1.23-nloqbvc3qve7h3pyuk7djuhk7h
             vuti54/include -I/p/vast1/build/spack/opt/spack/linux-rhel7-broadw
             ell/gcc-10.2.1/gettext-0.21-zrjvymznliicfcjx4lqkixtjo76ruzmr/inclu
             de -I/p/vast1/build/spack/opt/spack/linux-rhel7-broadwell/gcc-10.2
             .1/libffi-3.4.2-7vfnd7a5ankpytut3b4oqhktzrcbabfm/include -I/p/vast
             1/build/spack/opt/spack/linux-rhel7-broadwell/gcc-10.2.1/ncurses-6
             .2-2xef6sx47tqatqlceqguyz3rza5okbhy/include -I/p/vast1/build/spack
             /opt/spack/linux-rhel7-broadwell/gcc-10.2.1/readline-8.1-vfjorqgtm
             qh3rl5ollaj4n2uusx4foez/include -I/p/vast1/build/spack/opt/spack/l
             inux-rhel7-broadwell/gcc-10.2.1/sqlite-3.37.2-osxyeivy7mdmhjyjwcsm
             4l7tooho6s2d/include -I/p/vast1/build/spack/opt/spack/linux-rhel7-
             broadwell/gcc-10.2.1/util-linux-uuid-2.37.4-26saxoixdjk3763nksg3aj
             mdzt5gyubu/include -I/p/vast1/build/spack/opt/spack/linux-rhel7-br
             oadwell/gcc-10.2.1/xz-5.2.5-d536jz4ora4tt45q72d2lklqr3dqx34m/inclu
             de -I/p/vast1/build/spack/opt/spack/linux-rhel7-broadwell/gcc-10.2
             .1/zlib-1.2.11-su2ldy5ofm424qnly3kitbbdgwovpfk4/include  -fPIC -DP
             y_BUILD_CORE -o Objects/frameobject.o /var/tmp/sochat1/spack-stage
             /spack-stage-python-3.3.6-uh2uijssyvwc5m2gnyk25nei2x5fxid5/spack-s
             rc/Objects/frameobject.c
     719     /p/vast1/build/spack/lib/spack/env/gcc/gcc -pthread -c -Wno-unused
             -result -DNDEBUG -g -fwrapv -O3 -Wall -Wstrict-prototypes -fPIC   
              -I. -IInclude -I/var/tmp/sochat1/spack-stage/spack-stage-python-3
             .3.6-uh2uijssyvwc5m2gnyk25nei2x5fxid5/spack-src/Include -I/p/vast1
             /build/spack/opt/spack/linux-rhel7-broadwell/gcc-10.2.1/bzip2-1.0.
             8-jmjklgubcyryaddwqvzuvzeiq6zfqmst/include -I/p/vast1/build/spack/
             opt/spack/linux-rhel7-broadwell/gcc-10.2.1/expat-2.4.6-akiducmoeuf
             ix2d6beegvgbj5skm36ul/include -I/p/vast1/build/spack/opt/spack/lin
             ux-rhel7-broadwell/gcc-10.2.1/gdbm-1.23-nloqbvc3qve7h3pyuk7djuhk7h
             vuti54/include -I/p/vast1/build/spack/opt/spack/linux-rhel7-broadw
             ell/gcc-10.2.1/gettext-0.21-zrjvymznliicfcjx4lqkixtjo76ruzmr/inclu
             de -I/p/vast1/build/spack/opt/spack/linux-rhel7-broadwell/gcc-10.2
             .1/libffi-3.4.2-7vfnd7a5ankpytut3b4oqhktzrcbabfm/include -I/p/vast
             1/build/spack/opt/spack/linux-rhel7-broadwell/gcc-10.2.1/ncurses-6
             .2-2xef6sx47tqatqlceqguyz3rza5okbhy/include -I/p/vast1/build/spack
             /opt/spack/linux-rhel7-broadwell/gcc-10.2.1/readline-8.1-vfjorqgtm
             qh3rl5ollaj4n2uusx4foez/include -I/p/vast1/build/spack/opt/spack/l
             inux-rhel7-broadwell/gcc-10.2.1/sqlite-3.37.2-osxyeivy7mdmhjyjwcsm
             4l7tooho6s2d/include -I/p/vast1/build/spack/opt/spack/linux-rhel7-
             broadwell/gcc-10.2.1/util-linux-uuid-2.37.4-26saxoixdjk3763nksg3aj
             mdzt5gyubu/include -I/p/vast1/build/spack/opt/spack/linux-rhel7-br
             oadwell/gcc-10.2.1/xz-5.2.5-d536jz4ora4tt45q72d2lklqr3dqx34m/inclu
             de -I/p/vast1/build/spack/opt/spack/linux-rhel7-broadwell/gcc-10.2
             .1/zlib-1.2.11-su2ldy5ofm424qnly3kitbbdgwovpfk4/include  -fPIC -DP
             y_BUILD_CORE -o Objects/funcobject.o /var/tmp/sochat1/spack-stage/
             spack-stage-python-3.3.6-uh2uijssyvwc5m2gnyk25nei2x5fxid5/spack-sr
             c/Objects/funcobject.c
     720     In file included from /var/tmp/sochat1/spack-stage/spack-stage-pyt
             hon-3.3.6-uh2uijssyvwc5m2gnyk25nei2x5fxid5/spack-src/Include/Pytho
             n.h:69,
     721                      from /var/tmp/sochat1/spack-stage/spack-stage-pyt
             hon-3.3.6-uh2uijssyvwc5m2gnyk25nei2x5fxid5/spack-src/Objects/float
             object.c:7:
     722     /var/tmp/sochat1/spack-stage/spack-stage-python-3.3.6-uh2uijssyvwc
             5m2gnyk25nei2x5fxid5/spack-src/Objects/floatobject.c: In function 
             'PyFloat_FromDouble':
  >> 723     /var/tmp/sochat1/spack-stage/spack-stage-python-3.3.6-uh2uijssyvwc
             5m2gnyk25nei2x5fxid5/spack-src/Include/objimpl.h:163:66: warning: 
             right-hand operand of comma expression has no effect [-Wunused-val
             ue]
     724       163 |     ( Py_TYPE(op) = (typeobj), _Py_NewReference((PyObject 
             *)(op)), (op) )
     725           |     ~~~~~~~~~~~~~~~~~~~~~~~~~~~~~~~~~~~~~~~~~~~~~~~~~~~~~~
             ~~~~~~~^~~~~~~~
  >> 726     /var/tmp/sochat1/spack-stage/spack-stage-python-3.3.6-uh2uijssyvwc
             5m2gnyk25nei2x5fxid5/spack-src/Objects/floatobject.c:127:5: note: 
             in expansion of macro 'PyObject_INIT'
     727       127 |     PyObject_INIT(op, &PyFloat_Type);
     728           |     ^~~~~~~~~~~~~
     729     /p/vast1/build/spack/lib/spack/env/gcc/gcc -pthread -c -Wno-unused
             -result -DNDEBUG -g -fwrapv -O3 -Wall -Wstrict-prototypes -fPIC   
              -I. -IInclude -I/var/tmp/sochat1/spack-stage/spack-stage-python-3
             .3.6-uh2uijssyvwc5m2gnyk25nei2x5fxid5/spack-src/Include -I/p/vast1
             /build/spack/opt/spack/linux-rhel7-broadwell/gcc-10.2.1/bzip2-1.0.
             8-jmjklgubcyryaddwqvzuvzeiq6zfqmst/include -I/p/vast1/build/spack/
             opt/spack/linux-rhel7-broadwell/gcc-10.2.1/expat-2.4.6-akiducmoeuf
             ix2d6beegvgbj5skm36ul/include -I/p/vast1/build/spack/opt/spack/lin
             ux-rhel7-broadwell/gcc-10.2.1/gdbm-1.23-nloqbvc3qve7h3pyuk7djuhk7h
             vuti54/include -I/p/vast1/build/spack/opt/spack/linux-rhel7-broadw
             ell/gcc-10.2.1/gettext-0.21-zrjvymznliicfcjx4lqkixtjo76ruzmr/inclu
             de -I/p/vast1/build/spack/opt/spack/linux-rhel7-broadwell/gcc-10.2
             .1/libffi-3.4.2-7vfnd7a5ankpytut3b4oqhktzrcbabfm/include -I/p/vast
             1/build/spack/opt/spack/linux-rhel7-broadwell/gcc-10.2.1/ncurses-6
             .2-2xef6sx47tqatqlceqguyz3rza5okbhy/include -I/p/vast1/build/spack
             /opt/spack/linux-rhel7-broadwell/gcc-10.2.1/readline-8.1-vfjorqgtm
             qh3rl5ollaj4n2uusx4foez/include -I/p/vast1/build/spack/opt/spack/l
             inux-rhel7-broadwell/gcc-10.2.1/sqlite-3.37.2-osxyeivy7mdmhjyjwcsm
             4l7tooho6s2d/include -I/p/vast1/build/spack/opt/spack/linux-rhel7-
             broadwell/gcc-10.2.1/util-linux-uuid-2.37.4-26saxoixdjk3763nksg3aj
             mdzt5gyubu/include -I/p/vast1/build/spack/opt/spack/linux-rhel7-br
             oadwell/gcc-10.2.1/xz-5.2.5-d536jz4ora4tt45q72d2lklqr3dqx34m/inclu
             de -I/p/vast1/build/spack/opt/spack/linux-rhel7-broadwell/gcc-10.2
             .1/zlib-1.2.11-su2ldy5ofm424qnly3kitbbdgwovpfk4/include  -fPIC -DP
             y_BUILD_CORE -o Objects/iterobject.o /var/tmp/sochat1/spack-stage/
             spack-stage-python-3.3.6-uh2uijssyvwc5m2gnyk25nei2x5fxid5/spack-sr
             c/Objects/iterobject.c
     730     /p/vast1/build/spack/lib/spack/env/gcc/gcc -pthread -c -Wno-unused
             -result -DNDEBUG -g -fwrapv -O3 -Wall -Wstrict-prototypes -fPIC   
              -I. -IInclude -I/var/tmp/sochat1/spack-stage/spack-stage-python-3
             .3.6-uh2uijssyvwc5m2gnyk25nei2x5fxid5/spack-src/Include -I/p/vast1
             /build/spack/opt/spack/linux-rhel7-broadwell/gcc-10.2.1/bzip2-1.0.
             8-jmjklgubcyryaddwqvzuvzeiq6zfqmst/include -I/p/vast1/build/spack/
             opt/spack/linux-rhel7-broadwell/gcc-10.2.1/expat-2.4.6-akiducmoeuf
             ix2d6beegvgbj5skm36ul/include -I/p/vast1/build/spack/opt/spack/lin
             ux-rhel7-broadwell/gcc-10.2.1/gdbm-1.23-nloqbvc3qve7h3pyuk7djuhk7h
             vuti54/include -I/p/vast1/build/spack/opt/spack/linux-rhel7-broadw
             ell/gcc-10.2.1/gettext-0.21-zrjvymznliicfcjx4lqkixtjo76ruzmr/inclu
             de -I/p/vast1/build/spack/opt/spack/linux-rhel7-broadwell/gcc-10.2
             .1/libffi-3.4.2-7vfnd7a5ankpytut3b4oqhktzrcbabfm/include -I/p/vast
             1/build/spack/opt/spack/linux-rhel7-broadwell/gcc-10.2.1/ncurses-6
             .2-2xef6sx47tqatqlceqguyz3rza5okbhy/include -I/p/vast1/build/spack
             /opt/spack/linux-rhel7-broadwell/gcc-10.2.1/readline-8.1-vfjorqgtm
             qh3rl5ollaj4n2uusx4foez/include -I/p/vast1/build/spack/opt/spack/l
             inux-rhel7-broadwell/gcc-10.2.1/sqlite-3.37.2-osxyeivy7mdmhjyjwcsm
             4l7tooho6s2d/include -I/p/vast1/build/spack/opt/spack/linux-rhel7-
             broadwell/gcc-10.2.1/util-linux-uuid-2.37.4-26saxoixdjk3763nksg3aj
             mdzt5gyubu/include -I/p/vast1/build/spack/opt/spack/linux-rhel7-br
             oadwell/gcc-10.2.1/xz-5.2.5-d536jz4ora4tt45q72d2lklqr3dqx34m/inclu
             de -I/p/vast1/build/spack/opt/spack/linux-rhel7-broadwell/gcc-10.2
             .1/zlib-1.2.11-su2ldy5ofm424qnly3kitbbdgwovpfk4/include  -fPIC -DP
             y_BUILD_CORE -o Objects/listobject.o /var/tmp/sochat1/spack-stage/
             spack-stage-python-3.3.6-uh2uijssyvwc5m2gnyk25nei2x5fxid5/spack-sr
             c/Objects/listobject.c
     731     /p/vast1/build/spack/lib/spack/env/gcc/gcc -pthread -c -Wno-unused
             -result -DNDEBUG -g -fwrapv -O3 -Wall -Wstrict-prototypes -fPIC   
              -I. -IInclude -I/var/tmp/sochat1/spack-stage/spack-stage-python-3
             .3.6-uh2uijssyvwc5m2gnyk25nei2x5fxid5/spack-src/Include -I/p/vast1
             /build/spack/opt/spack/linux-rhel7-broadwell/gcc-10.2.1/bzip2-1.0.
             8-jmjklgubcyryaddwqvzuvzeiq6zfqmst/include -I/p/vast1/build/spack/
             opt/spack/linux-rhel7-broadwell/gcc-10.2.1/expat-2.4.6-akiducmoeuf
             ix2d6beegvgbj5skm36ul/include -I/p/vast1/build/spack/opt/spack/lin
             ux-rhel7-broadwell/gcc-10.2.1/gdbm-1.23-nloqbvc3qve7h3pyuk7djuhk7h
             vuti54/include -I/p/vast1/build/spack/opt/spack/linux-rhel7-broadw
             ell/gcc-10.2.1/gettext-0.21-zrjvymznliicfcjx4lqkixtjo76ruzmr/inclu
             de -I/p/vast1/build/spack/opt/spack/linux-rhel7-broadwell/gcc-10.2
             .1/libffi-3.4.2-7vfnd7a5ankpytut3b4oqhktzrcbabfm/include -I/p/vast
             1/build/spack/opt/spack/linux-rhel7-broadwell/gcc-10.2.1/ncurses-6
             .2-2xef6sx47tqatqlceqguyz3rza5okbhy/include -I/p/vast1/build/spack
             /opt/spack/linux-rhel7-broadwell/gcc-10.2.1/readline-8.1-vfjorqgtm
             qh3rl5ollaj4n2uusx4foez/include -I/p/vast1/build/spack/opt/spack/l
             inux-rhel7-broadwell/gcc-10.2.1/sqlite-3.37.2-osxyeivy7mdmhjyjwcsm
             4l7tooho6s2d/include -I/p/vast1/build/spack/opt/spack/linux-rhel7-
             broadwell/gcc-10.2.1/util-linux-uuid-2.37.4-26saxoixdjk3763nksg3aj
             mdzt5gyubu/include -I/p/vast1/build/spack/opt/spack/linux-rhel7-br
             oadwell/gcc-10.2.1/xz-5.2.5-d536jz4ora4tt45q72d2lklqr3dqx34m/inclu
             de -I/p/vast1/build/spack/opt/spack/linux-rhel7-broadwell/gcc-10.2
             .1/zlib-1.2.11-su2ldy5ofm424qnly3kitbbdgwovpfk4/include  -fPIC -DP
             y_BUILD_CORE -o Objects/longobject.o /var/tmp/sochat1/spack-stage/
             spack-stage-python-3.3.6-uh2uijssyvwc5m2gnyk25nei2x5fxid5/spack-sr
             c/Objects/longobject.c
     732     /p/vast1/build/spack/lib/spack/env/gcc/gcc -pthread -c -Wno-unused
             -result -DNDEBUG -g -fwrapv -O3 -Wall -Wstrict-prototypes -fPIC   
              -I. -IInclude -I/var/tmp/sochat1/spack-stage/spack-stage-python-3
             .3.6-uh2uijssyvwc5m2gnyk25nei2x5fxid5/spack-src/Include -I/p/vast1
             /build/spack/opt/spack/linux-rhel7-broadwell/gcc-10.2.1/bzip2-1.0.
             8-jmjklgubcyryaddwqvzuvzeiq6zfqmst/include -I/p/vast1/build/spack/
             opt/spack/linux-rhel7-broadwell/gcc-10.2.1/expat-2.4.6-akiducmoeuf
             ix2d6beegvgbj5skm36ul/include -I/p/vast1/build/spack/opt/spack/lin
             ux-rhel7-broadwell/gcc-10.2.1/gdbm-1.23-nloqbvc3qve7h3pyuk7djuhk7h
             vuti54/include -I/p/vast1/build/spack/opt/spack/linux-rhel7-broadw
             ell/gcc-10.2.1/gettext-0.21-zrjvymznliicfcjx4lqkixtjo76ruzmr/inclu
             de -I/p/vast1/build/spack/opt/spack/linux-rhel7-broadwell/gcc-10.2
             .1/libffi-3.4.2-7vfnd7a5ankpytut3b4oqhktzrcbabfm/include -I/p/vast
             1/build/spack/opt/spack/linux-rhel7-broadwell/gcc-10.2.1/ncurses-6
             .2-2xef6sx47tqatqlceqguyz3rza5okbhy/include -I/p/vast1/build/spack
             /opt/spack/linux-rhel7-broadwell/gcc-10.2.1/readline-8.1-vfjorqgtm
             qh3rl5ollaj4n2uusx4foez/include -I/p/vast1/build/spack/opt/spack/l
             inux-rhel7-broadwell/gcc-10.2.1/sqlite-3.37.2-osxyeivy7mdmhjyjwcsm
             4l7tooho6s2d/include -I/p/vast1/build/spack/opt/spack/linux-rhel7-
             broadwell/gcc-10.2.1/util-linux-uuid-2.37.4-26saxoixdjk3763nksg3aj
             mdzt5gyubu/include -I/p/vast1/build/spack/opt/spack/linux-rhel7-br
             oadwell/gcc-10.2.1/xz-5.2.5-d536jz4ora4tt45q72d2lklqr3dqx34m/inclu
             de -I/p/vast1/build/spack/opt/spack/linux-rhel7-broadwell/gcc-10.2
             .1/zlib-1.2.11-su2ldy5ofm424qnly3kitbbdgwovpfk4/include  -fPIC -DP
             y_BUILD_CORE -o Objects/dictobject.o /var/tmp/sochat1/spack-stage/
             spack-stage-python-3.3.6-uh2uijssyvwc5m2gnyk25nei2x5fxid5/spack-sr
             c/Objects/dictobject.c
     733     /p/vast1/build/spack/lib/spack/env/gcc/gcc -pthread -c -Wno-unused
             -result -DNDEBUG -g -fwrapv -O3 -Wall -Wstrict-prototypes -fPIC   
              -I. -IInclude -I/var/tmp/sochat1/spack-stage/spack-stage-python-3
             .3.6-uh2uijssyvwc5m2gnyk25nei2x5fxid5/spack-src/Include -I/p/vast1
             /build/spack/opt/spack/linux-rhel7-broadwell/gcc-10.2.1/bzip2-1.0.
             8-jmjklgubcyryaddwqvzuvzeiq6zfqmst/include -I/p/vast1/build/spack/
             opt/spack/linux-rhel7-broadwell/gcc-10.2.1/expat-2.4.6-akiducmoeuf
             ix2d6beegvgbj5skm36ul/include -I/p/vast1/build/spack/opt/spack/lin
             ux-rhel7-broadwell/gcc-10.2.1/gdbm-1.23-nloqbvc3qve7h3pyuk7djuhk7h
             vuti54/include -I/p/vast1/build/spack/opt/spack/linux-rhel7-broadw
             ell/gcc-10.2.1/gettext-0.21-zrjvymznliicfcjx4lqkixtjo76ruzmr/inclu
             de -I/p/vast1/build/spack/opt/spack/linux-rhel7-broadwell/gcc-10.2
             .1/libffi-3.4.2-7vfnd7a5ankpytut3b4oqhktzrcbabfm/include -I/p/vast
             1/build/spack/opt/spack/linux-rhel7-broadwell/gcc-10.2.1/ncurses-6
             .2-2xef6sx47tqatqlceqguyz3rza5okbhy/include -I/p/vast1/build/spack
             /opt/spack/linux-rhel7-broadwell/gcc-10.2.1/readline-8.1-vfjorqgtm
             qh3rl5ollaj4n2uusx4foez/include -I/p/vast1/build/spack/opt/spack/l
             inux-rhel7-broadwell/gcc-10.2.1/sqlite-3.37.2-osxyeivy7mdmhjyjwcsm
             4l7tooho6s2d/include -I/p/vast1/build/spack/opt/spack/linux-rhel7-
             broadwell/gcc-10.2.1/util-linux-uuid-2.37.4-26saxoixdjk3763nksg3aj
             mdzt5gyubu/include -I/p/vast1/build/spack/opt/spack/linux-rhel7-br
             oadwell/gcc-10.2.1/xz-5.2.5-d536jz4ora4tt45q72d2lklqr3dqx34m/inclu
             de -I/p/vast1/build/spack/opt/spack/linux-rhel7-broadwell/gcc-10.2
             .1/zlib-1.2.11-su2ldy5ofm424qnly3kitbbdgwovpfk4/include  -fPIC -DP
             y_BUILD_CORE -o Objects/memoryobject.o /var/tmp/sochat1/spack-stag
             e/spack-stage-python-3.3.6-uh2uijssyvwc5m2gnyk25nei2x5fxid5/spack-
             src/Objects/memoryobject.c
     734     /p/vast1/build/spack/lib/spack/env/gcc/gcc -pthread -c -Wno-unused
             -result -DNDEBUG -g -fwrapv -O3 -Wall -Wstrict-prototypes -fPIC   
              -I. -IInclude -I/var/tmp/sochat1/spack-stage/spack-stage-python-3
             .3.6-uh2uijssyvwc5m2gnyk25nei2x5fxid5/spack-src/Include -I/p/vast1
             /build/spack/opt/spack/linux-rhel7-broadwell/gcc-10.2.1/bzip2-1.0.
             8-jmjklgubcyryaddwqvzuvzeiq6zfqmst/include -I/p/vast1/build/spack/
             opt/spack/linux-rhel7-broadwell/gcc-10.2.1/expat-2.4.6-akiducmoeuf
             ix2d6beegvgbj5skm36ul/include -I/p/vast1/build/spack/opt/spack/lin
             ux-rhel7-broadwell/gcc-10.2.1/gdbm-1.23-nloqbvc3qve7h3pyuk7djuhk7h
             vuti54/include -I/p/vast1/build/spack/opt/spack/linux-rhel7-broadw
             ell/gcc-10.2.1/gettext-0.21-zrjvymznliicfcjx4lqkixtjo76ruzmr/inclu
             de -I/p/vast1/build/spack/opt/spack/linux-rhel7-broadwell/gcc-10.2
             .1/libffi-3.4.2-7vfnd7a5ankpytut3b4oqhktzrcbabfm/include -I/p/vast
             1/build/spack/opt/spack/linux-rhel7-broadwell/gcc-10.2.1/ncurses-6
             .2-2xef6sx47tqatqlceqguyz3rza5okbhy/include -I/p/vast1/build/spack
             /opt/spack/linux-rhel7-broadwell/gcc-10.2.1/readline-8.1-vfjorqgtm
             qh3rl5ollaj4n2uusx4foez/include -I/p/vast1/build/spack/opt/spack/l
             inux-rhel7-broadwell/gcc-10.2.1/sqlite-3.37.2-osxyeivy7mdmhjyjwcsm
             4l7tooho6s2d/include -I/p/vast1/build/spack/opt/spack/linux-rhel7-
             broadwell/gcc-10.2.1/util-linux-uuid-2.37.4-26saxoixdjk3763nksg3aj
             mdzt5gyubu/include -I/p/vast1/build/spack/opt/spack/linux-rhel7-br
             oadwell/gcc-10.2.1/xz-5.2.5-d536jz4ora4tt45q72d2lklqr3dqx34m/inclu
             de -I/p/vast1/build/spack/opt/spack/linux-rhel7-broadwell/gcc-10.2
             .1/zlib-1.2.11-su2ldy5ofm424qnly3kitbbdgwovpfk4/include  -fPIC -DP
             y_BUILD_CORE -o Objects/methodobject.o /var/tmp/sochat1/spack-stag
             e/spack-stage-python-3.3.6-uh2uijssyvwc5m2gnyk25nei2x5fxid5/spack-
             src/Objects/methodobject.c
     735     In file included from /var/tmp/sochat1/spack-stage/spack-stage-pyt
             hon-3.3.6-uh2uijssyvwc5m2gnyk25nei2x5fxid5/spack-src/Include/Pytho
             n.h:66,
     736                      from /var/tmp/sochat1/spack-stage/spack-stage-pyt
             hon-3.3.6-uh2uijssyvwc5m2gnyk25nei2x5fxid5/spack-src/Objects/listo
             bject.c:3:
     737     /var/tmp/sochat1/spack-stage/spack-stage-python-3.3.6-uh2uijssyvwc
             5m2gnyk25nei2x5fxid5/spack-src/Objects/listobject.c: In function '
             list_resize':
  >> 738     /var/tmp/sochat1/spack-stage/spack-stage-python-3.3.6-uh2uijssyvwc
             5m2gnyk25nei2x5fxid5/spack-src/Include/pymem.h:110:34: warning: '*
             ' in boolean context, suggest '&&' instead [-Wint-in-bool-context]
     739       110 |  (type *) PyMem_REALLOC((p), (n) * sizeof(type)) )
     740           |                                  ^
  >> 741     /var/tmp/sochat1/spack-stage/spack-stage-python-3.3.6-uh2uijssyvwc
             5m2gnyk25nei2x5fxid5/spack-src/Include/pymem.h:77:21: note: in def
             inition of macro 'PyMem_REALLOC'
     742        77 |     : realloc((p), (n) ? (n) : 1))
     743           |                     ^
  >> 744     /var/tmp/sochat1/spack-stage/spack-stage-python-3.3.6-uh2uijssyvwc
             5m2gnyk25nei2x5fxid5/spack-src/Objects/listobject.c:63:9: note: in
              expansion of macro 'PyMem_RESIZE'
     745        63 |         PyMem_RESIZE(items, PyObject *, new_allocated);
     746           |         ^~~~~~~~~~~~
     747     /var/tmp/sochat1/spack-stage/spack-stage-python-3.3.6-uh2uijssyvwc
             5m2gnyk25nei2x5fxid5/spack-src/Objects/listobject.c: In function '
             listsort':
  >> 748     /var/tmp/sochat1/spack-stage/spack-stage-python-3.3.6-uh2uijssyvwc
             5m2gnyk25nei2x5fxid5/spack-src/Objects/listobject.c:1955:52: warni
             ng: '*' in boolean context, suggest '&&' instead [-Wint-in-bool-co
             ntext]
     749      1955 |             keys = PyMem_MALLOC(sizeof(PyObject *) * saved
             _ob_size);
  >> 750     /var/tmp/sochat1/spack-stage/spack-stage-python-3.3.6-uh2uijssyvwc
             5m2gnyk25nei2x5fxid5/spack-src/Include/pymem.h:75:15: note: in def
             inition of macro 'PyMem_MALLOC'
     751        75 |     : malloc((n) ? (n) : 1))
     752           |               ^
     753     /var/tmp/sochat1/spack-stage/spack-stage-python-3.3.6-uh2uijssyvwc
             5m2gnyk25nei2x5fxid5/spack-src/Objects/listobject.c: In function '
             list_ass_subscript':
  >> 754     /var/tmp/sochat1/spack-stage/spack-stage-python-3.3.6-uh2uijssyvwc
             5m2gnyk25nei2x5fxid5/spack-src/Objects/listobject.c:2493:41: warni
             ng: '*' in boolean context, suggest '&&' instead [-Wint-in-bool-co
             ntext]
     755      2493 |                 PyMem_MALLOC(slicelength*sizeof(PyObject*)
             );
  >> 756     /var/tmp/sochat1/spack-stage/spack-stage-python-3.3.6-uh2uijssyvwc
             5m2gnyk25nei2x5fxid5/spack-src/Include/pymem.h:75:15: note: in def
             inition of macro 'PyMem_MALLOC'
     757        75 |     : malloc((n) ? (n) : 1))
     758           |               ^
  >> 759     /var/tmp/sochat1/spack-stage/spack-stage-python-3.3.6-uh2uijssyvwc
             5m2gnyk25nei2x5fxid5/spack-src/Objects/listobject.c:2574:41: warni
             ng: '*' in boolean context, suggest '&&' instead [-Wint-in-bool-co
             ntext]
     760      2574 |                 PyMem_MALLOC(slicelength*sizeof(PyObject*)
             );
  >> 761     /var/tmp/sochat1/spack-stage/spack-stage-python-3.3.6-uh2uijssyvwc
             5m2gnyk25nei2x5fxid5/spack-src/Include/pymem.h:75:15: note: in def
             inition of macro 'PyMem_MALLOC'
     762        75 |     : malloc((n) ? (n) : 1))
     763           |               ^
     764     /p/vast1/build/spack/lib/spack/env/gcc/gcc -pthread -c -Wno-unused
             -result -DNDEBUG -g -fwrapv -O3 -Wall -Wstrict-prototypes -fPIC   
              -I. -IInclude -I/var/tmp/sochat1/spack-stage/spack-stage-python-3
             .3.6-uh2uijssyvwc5m2gnyk25nei2x5fxid5/spack-src/Include -I/p/vast1
             /build/spack/opt/spack/linux-rhel7-broadwell/gcc-10.2.1/bzip2-1.0.
             8-jmjklgubcyryaddwqvzuvzeiq6zfqmst/include -I/p/vast1/build/spack/
             opt/spack/linux-rhel7-broadwell/gcc-10.2.1/expat-2.4.6-akiducmoeuf
             ix2d6beegvgbj5skm36ul/include -I/p/vast1/build/spack/opt/spack/lin
             ux-rhel7-broadwell/gcc-10.2.1/gdbm-1.23-nloqbvc3qve7h3pyuk7djuhk7h
             vuti54/include -I/p/vast1/build/spack/opt/spack/linux-rhel7-broadw
             ell/gcc-10.2.1/gettext-0.21-zrjvymznliicfcjx4lqkixtjo76ruzmr/inclu
             de -I/p/vast1/build/spack/opt/spack/linux-rhel7-broadwell/gcc-10.2
             .1/libffi-3.4.2-7vfnd7a5ankpytut3b4oqhktzrcbabfm/include -I/p/vast
             1/build/spack/opt/spack/linux-rhel7-broadwell/gcc-10.2.1/ncurses-6
             .2-2xef6sx47tqatqlceqguyz3rza5okbhy/include -I/p/vast1/build/spack
             /opt/spack/linux-rhel7-broadwell/gcc-10.2.1/readline-8.1-vfjorqgtm
             qh3rl5ollaj4n2uusx4foez/include -I/p/vast1/build/spack/opt/spack/l
             inux-rhel7-broadwell/gcc-10.2.1/sqlite-3.37.2-osxyeivy7mdmhjyjwcsm
             4l7tooho6s2d/include -I/p/vast1/build/spack/opt/spack/linux-rhel7-
             broadwell/gcc-10.2.1/util-linux-uuid-2.37.4-26saxoixdjk3763nksg3aj
             mdzt5gyubu/include -I/p/vast1/build/spack/opt/spack/linux-rhel7-br
             oadwell/gcc-10.2.1/xz-5.2.5-d536jz4ora4tt45q72d2lklqr3dqx34m/inclu
             de -I/p/vast1/build/spack/opt/spack/linux-rhel7-broadwell/gcc-10.2
             .1/zlib-1.2.11-su2ldy5ofm424qnly3kitbbdgwovpfk4/include  -fPIC -DP
             y_BUILD_CORE -o Objects/moduleobject.o /var/tmp/sochat1/spack-stag
             e/spack-stage-python-3.3.6-uh2uijssyvwc5m2gnyk25nei2x5fxid5/spack-
             src/Objects/moduleobject.c
     765     In file included from /var/tmp/sochat1/spack-stage/spack-stage-pyt
             hon-3.3.6-uh2uijssyvwc5m2gnyk25nei2x5fxid5/spack-src/Include/Pytho
             n.h:66,
     766                      from /var/tmp/sochat1/spack-stage/spack-stage-pyt
             hon-3.3.6-uh2uijssyvwc5m2gnyk25nei2x5fxid5/spack-src/Objects/dicto
             bject.c:69:
     767     /var/tmp/sochat1/spack-stage/spack-stage-python-3.3.6-uh2uijssyvwc
             5m2gnyk25nei2x5fxid5/spack-src/Objects/dictobject.c: In function '
             new_dict_with_shared_keys':
  >> 768     /var/tmp/sochat1/spack-stage/spack-stage-python-3.3.6-uh2uijssyvwc
             5m2gnyk25nei2x5fxid5/spack-src/Include/pymem.h:97:30: warning: '*'
              in boolean context, suggest '&&' instead [-Wint-in-bool-context]
     769        97 |  ( (type *) PyMem_MALLOC((n) * sizeof(type)) ) )
     770           |                              ^
  >> 771     /var/tmp/sochat1/spack-stage/spack-stage-python-3.3.6-uh2uijssyvwc
             5m2gnyk25nei2x5fxid5/spack-src/Include/pymem.h:75:15: note: in def
             inition of macro 'PyMem_MALLOC'
     772        75 |     : malloc((n) ? (n) : 1))
     773           |               ^
  >> 774     /var/tmp/sochat1/spack-stage/spack-stage-python-3.3.6-uh2uijssyvwc
             5m2gnyk25nei2x5fxid5/spack-src/Objects/dictobject.c:383:26: note: 
             in expansion of macro 'PyMem_NEW'
     775       383 | #define new_values(size) PyMem_NEW(PyObject *, size)
     776           |                          ^~~~~~~~~
  >> 777     /var/tmp/sochat1/spack-stage/spack-stage-python-3.3.6-uh2uijssyvwc
             5m2gnyk25nei2x5fxid5/spack-src/Objects/dictobject.c:420:14: note: 
             in expansion of macro 'new_values'
     778       420 |     values = new_values(size);
     779           |              ^~~~~~~~~~
     780     /var/tmp/sochat1/spack-stage/spack-stage-python-3.3.6-uh2uijssyvwc
             5m2gnyk25nei2x5fxid5/spack-src/Objects/dictobject.c: In function '
             make_keys_shared':
  >> 781     /var/tmp/sochat1/spack-stage/spack-stage-python-3.3.6-uh2uijssyvwc
             5m2gnyk25nei2x5fxid5/spack-src/Include/pymem.h:97:30: warning: '*'
              in boolean context, suggest '&&' instead [-Wint-in-bool-context]
     782        97 |  ( (type *) PyMem_MALLOC((n) * sizeof(type)) ) )
     783           |                              ^
  >> 784     /var/tmp/sochat1/spack-stage/spack-stage-python-3.3.6-uh2uijssyvwc
             5m2gnyk25nei2x5fxid5/spack-src/Include/pymem.h:75:15: note: in def
             inition of macro 'PyMem_MALLOC'
     785        75 |     : malloc((n) ? (n) : 1))
     786           |               ^
  >> 787     /var/tmp/sochat1/spack-stage/spack-stage-python-3.3.6-uh2uijssyvwc
             5m2gnyk25nei2x5fxid5/spack-src/Objects/dictobject.c:383:26: note: 
             in expansion of macro 'PyMem_NEW'
     788       383 | #define new_values(size) PyMem_NEW(PyObject *, size)
     789           |                          ^~~~~~~~~
  >> 790     /var/tmp/sochat1/spack-stage/spack-stage-python-3.3.6-uh2uijssyvwc
             5m2gnyk25nei2x5fxid5/spack-src/Objects/dictobject.c:1019:18: note:
              in expansion of macro 'new_values'
     791      1019 |         values = new_values(size);
     792           |                  ^~~~~~~~~~
     793     /p/vast1/build/spack/lib/spack/env/gcc/gcc -pthread -c -Wno-unused
             -result -DNDEBUG -g -fwrapv -O3 -Wall -Wstrict-prototypes -fPIC   
              -I. -IInclude -I/var/tmp/sochat1/spack-stage/spack-stage-python-3
             .3.6-uh2uijssyvwc5m2gnyk25nei2x5fxid5/spack-src/Include -I/p/vast1
             /build/spack/opt/spack/linux-rhel7-broadwell/gcc-10.2.1/bzip2-1.0.
             8-jmjklgubcyryaddwqvzuvzeiq6zfqmst/include -I/p/vast1/build/spack/
             opt/spack/linux-rhel7-broadwell/gcc-10.2.1/expat-2.4.6-akiducmoeuf
             ix2d6beegvgbj5skm36ul/include -I/p/vast1/build/spack/opt/spack/lin
             ux-rhel7-broadwell/gcc-10.2.1/gdbm-1.23-nloqbvc3qve7h3pyuk7djuhk7h
             vuti54/include -I/p/vast1/build/spack/opt/spack/linux-rhel7-broadw
             ell/gcc-10.2.1/gettext-0.21-zrjvymznliicfcjx4lqkixtjo76ruzmr/inclu
             de -I/p/vast1/build/spack/opt/spack/linux-rhel7-broadwell/gcc-10.2
             .1/libffi-3.4.2-7vfnd7a5ankpytut3b4oqhktzrcbabfm/include -I/p/vast
             1/build/spack/opt/spack/linux-rhel7-broadwell/gcc-10.2.1/ncurses-6
             .2-2xef6sx47tqatqlceqguyz3rza5okbhy/include -I/p/vast1/build/spack
             /opt/spack/linux-rhel7-broadwell/gcc-10.2.1/readline-8.1-vfjorqgtm
             qh3rl5ollaj4n2uusx4foez/include -I/p/vast1/build/spack/opt/spack/l
             inux-rhel7-broadwell/gcc-10.2.1/sqlite-3.37.2-osxyeivy7mdmhjyjwcsm
             4l7tooho6s2d/include -I/p/vast1/build/spack/opt/spack/linux-rhel7-
             broadwell/gcc-10.2.1/util-linux-uuid-2.37.4-26saxoixdjk3763nksg3aj
             mdzt5gyubu/include -I/p/vast1/build/spack/opt/spack/linux-rhel7-br
             oadwell/gcc-10.2.1/xz-5.2.5-d536jz4ora4tt45q72d2lklqr3dqx34m/inclu
             de -I/p/vast1/build/spack/opt/spack/linux-rhel7-broadwell/gcc-10.2
             .1/zlib-1.2.11-su2ldy5ofm424qnly3kitbbdgwovpfk4/include  -fPIC -DP
             y_BUILD_CORE -o Objects/namespaceobject.o /var/tmp/sochat1/spack-s
             tage/spack-stage-python-3.3.6-uh2uijssyvwc5m2gnyk25nei2x5fxid5/spa
             ck-src/Objects/namespaceobject.c
     794     /var/tmp/sochat1/spack-stage/spack-stage-python-3.3.6-uh2uijssyvwc
             5m2gnyk25nei2x5fxid5/spack-src/Objects/dictobject.c: In function '
             PyDict_Copy':
  >> 795     /var/tmp/sochat1/spack-stage/spack-stage-python-3.3.6-uh2uijssyvwc
             5m2gnyk25nei2x5fxid5/spack-src/Include/pymem.h:97:30: warning: '*'
              in boolean context, suggest '&&' instead [-Wint-in-bool-context]
     796        97 |  ( (type *) PyMem_MALLOC((n) * sizeof(type)) ) )
     797           |                              ^
  >> 798     /var/tmp/sochat1/spack-stage/spack-stage-python-3.3.6-uh2uijssyvwc
             5m2gnyk25nei2x5fxid5/spack-src/Include/pymem.h:75:15: note: in def
             inition of macro 'PyMem_MALLOC'
     799        75 |     : malloc((n) ? (n) : 1))
     800           |               ^
  >> 801     /var/tmp/sochat1/spack-stage/spack-stage-python-3.3.6-uh2uijssyvwc
             5m2gnyk25nei2x5fxid5/spack-src/Objects/dictobject.c:383:26: note: 
             in expansion of macro 'PyMem_NEW'
     802       383 | #define new_values(size) PyMem_NEW(PyObject *, size)
     803           |                          ^~~~~~~~~
  >> 804     /var/tmp/sochat1/spack-stage/spack-stage-python-3.3.6-uh2uijssyvwc
             5m2gnyk25nei2x5fxid5/spack-src/Objects/dictobject.c:2028:32: note:
              in expansion of macro 'new_values'
     805      2028 |         PyObject **newvalues = new_values(DK_SIZE(mp->ma_k
             eys));
     806           |                                ^~~~~~~~~~
     807     In file included from /var/tmp/sochat1/spack-stage/spack-stage-pyt
             hon-3.3.6-uh2uijssyvwc5m2gnyk25nei2x5fxid5/spack-src/Include/Pytho
             n.h:69,
     808                      from /var/tmp/sochat1/spack-stage/spack-stage-pyt
             hon-3.3.6-uh2uijssyvwc5m2gnyk25nei2x5fxid5/spack-src/Objects/longo
             bject.c:5:
     809     /var/tmp/sochat1/spack-stage/spack-stage-python-3.3.6-uh2uijssyvwc
             5m2gnyk25nei2x5fxid5/spack-src/Objects/longobject.c: In function '
             _PyLong_Init':
  >> 810     /var/tmp/sochat1/spack-stage/spack-stage-python-3.3.6-uh2uijssyvwc
             5m2gnyk25nei2x5fxid5/spack-src/Include/objimpl.h:163:66: warning: 
             right-hand operand of comma expression has no effect [-Wunused-val
             ue]
     811       163 |     ( Py_TYPE(op) = (typeobj), _Py_NewReference((PyObject 
             *)(op)), (op) )
     812           |     ~~~~~~~~~~~~~~~~~~~~~~~~~~~~~~~~~~~~~~~~~~~~~~~~~~~~~~
             ~~~~~~~^~~~~~~~
  >> 813     /var/tmp/sochat1/spack-stage/spack-stage-python-3.3.6-uh2uijssyvwc
             5m2gnyk25nei2x5fxid5/spack-src/Objects/longobject.c:5085:13: note:
              in expansion of macro 'PyObject_INIT'
     814      5085 |             PyObject_INIT(v, &PyLong_Type);
     815           |             ^~~~~~~~~~~~~
     816     /p/vast1/build/spack/lib/spack/env/gcc/gcc -pthread -c -Wno-unused
             -result -DNDEBUG -g -fwrapv -O3 -Wall -Wstrict-prototypes -fPIC   
              -I. -IInclude -I/var/tmp/sochat1/spack-stage/spack-stage-python-3
             .3.6-uh2uijssyvwc5m2gnyk25nei2x5fxid5/spack-src/Include -I/p/vast1
             /build/spack/opt/spack/linux-rhel7-broadwell/gcc-10.2.1/bzip2-1.0.
             8-jmjklgubcyryaddwqvzuvzeiq6zfqmst/include -I/p/vast1/build/spack/
             opt/spack/linux-rhel7-broadwell/gcc-10.2.1/expat-2.4.6-akiducmoeuf
             ix2d6beegvgbj5skm36ul/include -I/p/vast1/build/spack/opt/spack/lin
             ux-rhel7-broadwell/gcc-10.2.1/gdbm-1.23-nloqbvc3qve7h3pyuk7djuhk7h
             vuti54/include -I/p/vast1/build/spack/opt/spack/linux-rhel7-broadw
             ell/gcc-10.2.1/gettext-0.21-zrjvymznliicfcjx4lqkixtjo76ruzmr/inclu
             de -I/p/vast1/build/spack/opt/spack/linux-rhel7-broadwell/gcc-10.2
             .1/libffi-3.4.2-7vfnd7a5ankpytut3b4oqhktzrcbabfm/include -I/p/vast
             1/build/spack/opt/spack/linux-rhel7-broadwell/gcc-10.2.1/ncurses-6
             .2-2xef6sx47tqatqlceqguyz3rza5okbhy/include -I/p/vast1/build/spack
             /opt/spack/linux-rhel7-broadwell/gcc-10.2.1/readline-8.1-vfjorqgtm
             qh3rl5ollaj4n2uusx4foez/include -I/p/vast1/build/spack/opt/spack/l
             inux-rhel7-broadwell/gcc-10.2.1/sqlite-3.37.2-osxyeivy7mdmhjyjwcsm
             4l7tooho6s2d/include -I/p/vast1/build/spack/opt/spack/linux-rhel7-
             broadwell/gcc-10.2.1/util-linux-uuid-2.37.4-26saxoixdjk3763nksg3aj
             mdzt5gyubu/include -I/p/vast1/build/spack/opt/spack/linux-rhel7-br
             oadwell/gcc-10.2.1/xz-5.2.5-d536jz4ora4tt45q72d2lklqr3dqx34m/inclu
             de -I/p/vast1/build/spack/opt/spack/linux-rhel7-broadwell/gcc-10.2
             .1/zlib-1.2.11-su2ldy5ofm424qnly3kitbbdgwovpfk4/include  -fPIC -DP
             y_BUILD_CORE -o Objects/object.o /var/tmp/sochat1/spack-stage/spac
             k-stage-python-3.3.6-uh2uijssyvwc5m2gnyk25nei2x5fxid5/spack-src/Ob
             jects/object.c
     817     In file included from /var/tmp/sochat1/spack-stage/spack-stage-pyt
             hon-3.3.6-uh2uijssyvwc5m2gnyk25nei2x5fxid5/spack-src/Include/Pytho
             n.h:69,
     818                      from /var/tmp/sochat1/spack-stage/spack-stage-pyt
             hon-3.3.6-uh2uijssyvwc5m2gnyk25nei2x5fxid5/spack-src/Objects/metho
             dobject.c:4:
     819     /var/tmp/sochat1/spack-stage/spack-stage-python-3.3.6-uh2uijssyvwc
             5m2gnyk25nei2x5fxid5/spack-src/Objects/methodobject.c: In function
              'PyCFunction_NewEx':
  >> 820     /var/tmp/sochat1/spack-stage/spack-stage-python-3.3.6-uh2uijssyvwc
             5m2gnyk25nei2x5fxid5/spack-src/Include/objimpl.h:163:66: warning: 
             right-hand operand of comma expression has no effect [-Wunused-val
             ue]
     821       163 |     ( Py_TYPE(op) = (typeobj), _Py_NewReference((PyObject 
             *)(op)), (op) )
     822           |     ~~~~~~~~~~~~~~~~~~~~~~~~~~~~~~~~~~~~~~~~~~~~~~~~~~~~~~
             ~~~~~~~^~~~~~~~
  >> 823     /var/tmp/sochat1/spack-stage/spack-stage-python-3.3.6-uh2uijssyvwc
             5m2gnyk25nei2x5fxid5/spack-src/Objects/methodobject.c:23:9: note: 
             in expansion of macro 'PyObject_INIT'
     824        23 |         PyObject_INIT(op, &PyCFunction_Type);
     825           |         ^~~~~~~~~~~~~
     826     /p/vast1/build/spack/lib/spack/env/gcc/gcc -pthread -c -Wno-unused
             -result -DNDEBUG -g -fwrapv -O3 -Wall -Wstrict-prototypes -fPIC   
              -I. -IInclude -I/var/tmp/sochat1/spack-stage/spack-stage-python-3
             .3.6-uh2uijssyvwc5m2gnyk25nei2x5fxid5/spack-src/Include -I/p/vast1
             /build/spack/opt/spack/linux-rhel7-broadwell/gcc-10.2.1/bzip2-1.0.
             8-jmjklgubcyryaddwqvzuvzeiq6zfqmst/include -I/p/vast1/build/spack/
             opt/spack/linux-rhel7-broadwell/gcc-10.2.1/expat-2.4.6-akiducmoeuf
             ix2d6beegvgbj5skm36ul/include -I/p/vast1/build/spack/opt/spack/lin
             ux-rhel7-broadwell/gcc-10.2.1/gdbm-1.23-nloqbvc3qve7h3pyuk7djuhk7h
             vuti54/include -I/p/vast1/build/spack/opt/spack/linux-rhel7-broadw
             ell/gcc-10.2.1/gettext-0.21-zrjvymznliicfcjx4lqkixtjo76ruzmr/inclu
             de -I/p/vast1/build/spack/opt/spack/linux-rhel7-broadwell/gcc-10.2
             .1/libffi-3.4.2-7vfnd7a5ankpytut3b4oqhktzrcbabfm/include -I/p/vast
             1/build/spack/opt/spack/linux-rhel7-broadwell/gcc-10.2.1/ncurses-6
             .2-2xef6sx47tqatqlceqguyz3rza5okbhy/include -I/p/vast1/build/spack
             /opt/spack/linux-rhel7-broadwell/gcc-10.2.1/readline-8.1-vfjorqgtm
             qh3rl5ollaj4n2uusx4foez/include -I/p/vast1/build/spack/opt/spack/l
             inux-rhel7-broadwell/gcc-10.2.1/sqlite-3.37.2-osxyeivy7mdmhjyjwcsm
             4l7tooho6s2d/include -I/p/vast1/build/spack/opt/spack/linux-rhel7-
             broadwell/gcc-10.2.1/util-linux-uuid-2.37.4-26saxoixdjk3763nksg3aj
             mdzt5gyubu/include -I/p/vast1/build/spack/opt/spack/linux-rhel7-br
             oadwell/gcc-10.2.1/xz-5.2.5-d536jz4ora4tt45q72d2lklqr3dqx34m/inclu
             de -I/p/vast1/build/spack/opt/spack/linux-rhel7-broadwell/gcc-10.2
             .1/zlib-1.2.11-su2ldy5ofm424qnly3kitbbdgwovpfk4/include  -fPIC -DP
             y_BUILD_CORE -o Objects/obmalloc.o /var/tmp/sochat1/spack-stage/sp
             ack-stage-python-3.3.6-uh2uijssyvwc5m2gnyk25nei2x5fxid5/spack-src/
             Objects/obmalloc.c
     827     /p/vast1/build/spack/lib/spack/env/gcc/gcc -pthread -c -Wno-unused
             -result -DNDEBUG -g -fwrapv -O3 -Wall -Wstrict-prototypes -fPIC   
              -I. -IInclude -I/var/tmp/sochat1/spack-stage/spack-stage-python-3
             .3.6-uh2uijssyvwc5m2gnyk25nei2x5fxid5/spack-src/Include -I/p/vast1
             /build/spack/opt/spack/linux-rhel7-broadwell/gcc-10.2.1/bzip2-1.0.
             8-jmjklgubcyryaddwqvzuvzeiq6zfqmst/include -I/p/vast1/build/spack/
             opt/spack/linux-rhel7-broadwell/gcc-10.2.1/expat-2.4.6-akiducmoeuf
             ix2d6beegvgbj5skm36ul/include -I/p/vast1/build/spack/opt/spack/lin
             ux-rhel7-broadwell/gcc-10.2.1/gdbm-1.23-nloqbvc3qve7h3pyuk7djuhk7h
             vuti54/include -I/p/vast1/build/spack/opt/spack/linux-rhel7-broadw
             ell/gcc-10.2.1/gettext-0.21-zrjvymznliicfcjx4lqkixtjo76ruzmr/inclu
             de -I/p/vast1/build/spack/opt/spack/linux-rhel7-broadwell/gcc-10.2
             .1/libffi-3.4.2-7vfnd7a5ankpytut3b4oqhktzrcbabfm/include -I/p/vast
             1/build/spack/opt/spack/linux-rhel7-broadwell/gcc-10.2.1/ncurses-6
             .2-2xef6sx47tqatqlceqguyz3rza5okbhy/include -I/p/vast1/build/spack
             /opt/spack/linux-rhel7-broadwell/gcc-10.2.1/readline-8.1-vfjorqgtm
             qh3rl5ollaj4n2uusx4foez/include -I/p/vast1/build/spack/opt/spack/l
             inux-rhel7-broadwell/gcc-10.2.1/sqlite-3.37.2-osxyeivy7mdmhjyjwcsm
             4l7tooho6s2d/include -I/p/vast1/build/spack/opt/spack/linux-rhel7-
             broadwell/gcc-10.2.1/util-linux-uuid-2.37.4-26saxoixdjk3763nksg3aj
             mdzt5gyubu/include -I/p/vast1/build/spack/opt/spack/linux-rhel7-br
             oadwell/gcc-10.2.1/xz-5.2.5-d536jz4ora4tt45q72d2lklqr3dqx34m/inclu
             de -I/p/vast1/build/spack/opt/spack/linux-rhel7-broadwell/gcc-10.2
             .1/zlib-1.2.11-su2ldy5ofm424qnly3kitbbdgwovpfk4/include  -fPIC -DP
             y_BUILD_CORE -o Objects/capsule.o /var/tmp/sochat1/spack-stage/spa
             ck-stage-python-3.3.6-uh2uijssyvwc5m2gnyk25nei2x5fxid5/spack-src/O
             bjects/capsule.c
     828     /p/vast1/build/spack/lib/spack/env/gcc/gcc -pthread -c -Wno-unused
             -result -DNDEBUG -g -fwrapv -O3 -Wall -Wstrict-prototypes -fPIC   
              -I. -IInclude -I/var/tmp/sochat1/spack-stage/spack-stage-python-3
             .3.6-uh2uijssyvwc5m2gnyk25nei2x5fxid5/spack-src/Include -I/p/vast1
             /build/spack/opt/spack/linux-rhel7-broadwell/gcc-10.2.1/bzip2-1.0.
             8-jmjklgubcyryaddwqvzuvzeiq6zfqmst/include -I/p/vast1/build/spack/
             opt/spack/linux-rhel7-broadwell/gcc-10.2.1/expat-2.4.6-akiducmoeuf
             ix2d6beegvgbj5skm36ul/include -I/p/vast1/build/spack/opt/spack/lin
             ux-rhel7-broadwell/gcc-10.2.1/gdbm-1.23-nloqbvc3qve7h3pyuk7djuhk7h
             vuti54/include -I/p/vast1/build/spack/opt/spack/linux-rhel7-broadw
             ell/gcc-10.2.1/gettext-0.21-zrjvymznliicfcjx4lqkixtjo76ruzmr/inclu
             de -I/p/vast1/build/spack/opt/spack/linux-rhel7-broadwell/gcc-10.2
             .1/libffi-3.4.2-7vfnd7a5ankpytut3b4oqhktzrcbabfm/include -I/p/vast
             1/build/spack/opt/spack/linux-rhel7-broadwell/gcc-10.2.1/ncurses-6
             .2-2xef6sx47tqatqlceqguyz3rza5okbhy/include -I/p/vast1/build/spack
             /opt/spack/linux-rhel7-broadwell/gcc-10.2.1/readline-8.1-vfjorqgtm
             qh3rl5ollaj4n2uusx4foez/include -I/p/vast1/build/spack/opt/spack/l
             inux-rhel7-broadwell/gcc-10.2.1/sqlite-3.37.2-osxyeivy7mdmhjyjwcsm
             4l7tooho6s2d/include -I/p/vast1/build/spack/opt/spack/linux-rhel7-
             broadwell/gcc-10.2.1/util-linux-uuid-2.37.4-26saxoixdjk3763nksg3aj
             mdzt5gyubu/include -I/p/vast1/build/spack/opt/spack/linux-rhel7-br
             oadwell/gcc-10.2.1/xz-5.2.5-d536jz4ora4tt45q72d2lklqr3dqx34m/inclu
             de -I/p/vast1/build/spack/opt/spack/linux-rhel7-broadwell/gcc-10.2
             .1/zlib-1.2.11-su2ldy5ofm424qnly3kitbbdgwovpfk4/include  -fPIC -DP
             y_BUILD_CORE -o Objects/rangeobject.o /var/tmp/sochat1/spack-stage
             /spack-stage-python-3.3.6-uh2uijssyvwc5m2gnyk25nei2x5fxid5/spack-s
             rc/Objects/rangeobject.c
     829     /p/vast1/build/spack/lib/spack/env/gcc/gcc -pthread -c -Wno-unused
             -result -DNDEBUG -g -fwrapv -O3 -Wall -Wstrict-prototypes -fPIC   
              -I. -IInclude -I/var/tmp/sochat1/spack-stage/spack-stage-python-3
             .3.6-uh2uijssyvwc5m2gnyk25nei2x5fxid5/spack-src/Include -I/p/vast1
             /build/spack/opt/spack/linux-rhel7-broadwell/gcc-10.2.1/bzip2-1.0.
             8-jmjklgubcyryaddwqvzuvzeiq6zfqmst/include -I/p/vast1/build/spack/
             opt/spack/linux-rhel7-broadwell/gcc-10.2.1/expat-2.4.6-akiducmoeuf
             ix2d6beegvgbj5skm36ul/include -I/p/vast1/build/spack/opt/spack/lin
             ux-rhel7-broadwell/gcc-10.2.1/gdbm-1.23-nloqbvc3qve7h3pyuk7djuhk7h
             vuti54/include -I/p/vast1/build/spack/opt/spack/linux-rhel7-broadw
             ell/gcc-10.2.1/gettext-0.21-zrjvymznliicfcjx4lqkixtjo76ruzmr/inclu
             de -I/p/vast1/build/spack/opt/spack/linux-rhel7-broadwell/gcc-10.2
             .1/libffi-3.4.2-7vfnd7a5ankpytut3b4oqhktzrcbabfm/include -I/p/vast
             1/build/spack/opt/spack/linux-rhel7-broadwell/gcc-10.2.1/ncurses-6
             .2-2xef6sx47tqatqlceqguyz3rza5okbhy/include -I/p/vast1/build/spack
             /opt/spack/linux-rhel7-broadwell/gcc-10.2.1/readline-8.1-vfjorqgtm
             qh3rl5ollaj4n2uusx4foez/include -I/p/vast1/build/spack/opt/spack/l
             inux-rhel7-broadwell/gcc-10.2.1/sqlite-3.37.2-osxyeivy7mdmhjyjwcsm
             4l7tooho6s2d/include -I/p/vast1/build/spack/opt/spack/linux-rhel7-
             broadwell/gcc-10.2.1/util-linux-uuid-2.37.4-26saxoixdjk3763nksg3aj
             mdzt5gyubu/include -I/p/vast1/build/spack/opt/spack/linux-rhel7-br
             oadwell/gcc-10.2.1/xz-5.2.5-d536jz4ora4tt45q72d2lklqr3dqx34m/inclu
             de -I/p/vast1/build/spack/opt/spack/linux-rhel7-broadwell/gcc-10.2
             .1/zlib-1.2.11-su2ldy5ofm424qnly3kitbbdgwovpfk4/include  -fPIC -DP
             y_BUILD_CORE -o Objects/setobject.o /var/tmp/sochat1/spack-stage/s
             pack-stage-python-3.3.6-uh2uijssyvwc5m2gnyk25nei2x5fxid5/spack-src
             /Objects/setobject.c
     830     /p/vast1/build/spack/lib/spack/env/gcc/gcc -pthread -c -Wno-unused
             -result -DNDEBUG -g -fwrapv -O3 -Wall -Wstrict-prototypes -fPIC   
              -I. -IInclude -I/var/tmp/sochat1/spack-stage/spack-stage-python-3
             .3.6-uh2uijssyvwc5m2gnyk25nei2x5fxid5/spack-src/Include -I/p/vast1
             /build/spack/opt/spack/linux-rhel7-broadwell/gcc-10.2.1/bzip2-1.0.
             8-jmjklgubcyryaddwqvzuvzeiq6zfqmst/include -I/p/vast1/build/spack/
             opt/spack/linux-rhel7-broadwell/gcc-10.2.1/expat-2.4.6-akiducmoeuf
             ix2d6beegvgbj5skm36ul/include -I/p/vast1/build/spack/opt/spack/lin
             ux-rhel7-broadwell/gcc-10.2.1/gdbm-1.23-nloqbvc3qve7h3pyuk7djuhk7h
             vuti54/include -I/p/vast1/build/spack/opt/spack/linux-rhel7-broadw
             ell/gcc-10.2.1/gettext-0.21-zrjvymznliicfcjx4lqkixtjo76ruzmr/inclu
             de -I/p/vast1/build/spack/opt/spack/linux-rhel7-broadwell/gcc-10.2
             .1/libffi-3.4.2-7vfnd7a5ankpytut3b4oqhktzrcbabfm/include -I/p/vast
             1/build/spack/opt/spack/linux-rhel7-broadwell/gcc-10.2.1/ncurses-6
             .2-2xef6sx47tqatqlceqguyz3rza5okbhy/include -I/p/vast1/build/spack
             /opt/spack/linux-rhel7-broadwell/gcc-10.2.1/readline-8.1-vfjorqgtm
             qh3rl5ollaj4n2uusx4foez/include -I/p/vast1/build/spack/opt/spack/l
             inux-rhel7-broadwell/gcc-10.2.1/sqlite-3.37.2-osxyeivy7mdmhjyjwcsm
             4l7tooho6s2d/include -I/p/vast1/build/spack/opt/spack/linux-rhel7-
             broadwell/gcc-10.2.1/util-linux-uuid-2.37.4-26saxoixdjk3763nksg3aj
             mdzt5gyubu/include -I/p/vast1/build/spack/opt/spack/linux-rhel7-br
             oadwell/gcc-10.2.1/xz-5.2.5-d536jz4ora4tt45q72d2lklqr3dqx34m/inclu
             de -I/p/vast1/build/spack/opt/spack/linux-rhel7-broadwell/gcc-10.2
             .1/zlib-1.2.11-su2ldy5ofm424qnly3kitbbdgwovpfk4/include  -fPIC -DP
             y_BUILD_CORE -o Objects/sliceobject.o /var/tmp/sochat1/spack-stage
             /spack-stage-python-3.3.6-uh2uijssyvwc5m2gnyk25nei2x5fxid5/spack-s
             rc/Objects/sliceobject.c
     831     /p/vast1/build/spack/lib/spack/env/gcc/gcc -pthread -c -Wno-unused
             -result -DNDEBUG -g -fwrapv -O3 -Wall -Wstrict-prototypes -fPIC   
              -I. -IInclude -I/var/tmp/sochat1/spack-stage/spack-stage-python-3
             .3.6-uh2uijssyvwc5m2gnyk25nei2x5fxid5/spack-src/Include -I/p/vast1
             /build/spack/opt/spack/linux-rhel7-broadwell/gcc-10.2.1/bzip2-1.0.
             8-jmjklgubcyryaddwqvzuvzeiq6zfqmst/include -I/p/vast1/build/spack/
             opt/spack/linux-rhel7-broadwell/gcc-10.2.1/expat-2.4.6-akiducmoeuf
             ix2d6beegvgbj5skm36ul/include -I/p/vast1/build/spack/opt/spack/lin
             ux-rhel7-broadwell/gcc-10.2.1/gdbm-1.23-nloqbvc3qve7h3pyuk7djuhk7h
             vuti54/include -I/p/vast1/build/spack/opt/spack/linux-rhel7-broadw
             ell/gcc-10.2.1/gettext-0.21-zrjvymznliicfcjx4lqkixtjo76ruzmr/inclu
             de -I/p/vast1/build/spack/opt/spack/linux-rhel7-broadwell/gcc-10.2
             .1/libffi-3.4.2-7vfnd7a5ankpytut3b4oqhktzrcbabfm/include -I/p/vast
             1/build/spack/opt/spack/linux-rhel7-broadwell/gcc-10.2.1/ncurses-6
             .2-2xef6sx47tqatqlceqguyz3rza5okbhy/include -I/p/vast1/build/spack
             /opt/spack/linux-rhel7-broadwell/gcc-10.2.1/readline-8.1-vfjorqgtm
             qh3rl5ollaj4n2uusx4foez/include -I/p/vast1/build/spack/opt/spack/l
             inux-rhel7-broadwell/gcc-10.2.1/sqlite-3.37.2-osxyeivy7mdmhjyjwcsm
             4l7tooho6s2d/include -I/p/vast1/build/spack/opt/spack/linux-rhel7-
             broadwell/gcc-10.2.1/util-linux-uuid-2.37.4-26saxoixdjk3763nksg3aj
             mdzt5gyubu/include -I/p/vast1/build/spack/opt/spack/linux-rhel7-br
             oadwell/gcc-10.2.1/xz-5.2.5-d536jz4ora4tt45q72d2lklqr3dqx34m/inclu
             de -I/p/vast1/build/spack/opt/spack/linux-rhel7-broadwell/gcc-10.2
             .1/zlib-1.2.11-su2ldy5ofm424qnly3kitbbdgwovpfk4/include  -fPIC -DP
             y_BUILD_CORE -o Objects/structseq.o /var/tmp/sochat1/spack-stage/s
             pack-stage-python-3.3.6-uh2uijssyvwc5m2gnyk25nei2x5fxid5/spack-src
             /Objects/structseq.c
     832     In file included from /var/tmp/sochat1/spack-stage/spack-stage-pyt
             hon-3.3.6-uh2uijssyvwc5m2gnyk25nei2x5fxid5/spack-src/Include/Pytho
             n.h:66,
     833                      from /var/tmp/sochat1/spack-stage/spack-stage-pyt
             hon-3.3.6-uh2uijssyvwc5m2gnyk25nei2x5fxid5/spack-src/Objects/setob
             ject.c:10:
     834     /var/tmp/sochat1/spack-stage/spack-stage-python-3.3.6-uh2uijssyvwc
             5m2gnyk25nei2x5fxid5/spack-src/Objects/setobject.c: In function 's
             et_table_resize':
  >> 835     /var/tmp/sochat1/spack-stage/spack-stage-python-3.3.6-uh2uijssyvwc
             5m2gnyk25nei2x5fxid5/spack-src/Include/pymem.h:97:30: warning: '*'
              in boolean context, suggest '&&' instead [-Wint-in-bool-context]
     836        97 |  ( (type *) PyMem_MALLOC((n) * sizeof(type)) ) )
     837           |                              ^
  >> 838     /var/tmp/sochat1/spack-stage/spack-stage-python-3.3.6-uh2uijssyvwc
             5m2gnyk25nei2x5fxid5/spack-src/Include/pymem.h:75:15: note: in def
             inition of macro 'PyMem_MALLOC'
     839        75 |     : malloc((n) ? (n) : 1))
     840           |               ^
  >> 841     /var/tmp/sochat1/spack-stage/spack-stage-python-3.3.6-uh2uijssyvwc
             5m2gnyk25nei2x5fxid5/spack-src/Objects/setobject.c:321:20: note: i
             n expansion of macro 'PyMem_NEW'
     842       321 |         newtable = PyMem_NEW(setentry, newsize);
     843           |                    ^~~~~~~~~
     844     /p/vast1/build/spack/lib/spack/env/gcc/gcc -pthread -c -Wno-unused
             -result -DNDEBUG -g -fwrapv -O3 -Wall -Wstrict-prototypes -fPIC   
              -I. -IInclude -I/var/tmp/sochat1/spack-stage/spack-stage-python-3
             .3.6-uh2uijssyvwc5m2gnyk25nei2x5fxid5/spack-src/Include -I/p/vast1
             /build/spack/opt/spack/linux-rhel7-broadwell/gcc-10.2.1/bzip2-1.0.
             8-jmjklgubcyryaddwqvzuvzeiq6zfqmst/include -I/p/vast1/build/spack/
             opt/spack/linux-rhel7-broadwell/gcc-10.2.1/expat-2.4.6-akiducmoeuf
             ix2d6beegvgbj5skm36ul/include -I/p/vast1/build/spack/opt/spack/lin
             ux-rhel7-broadwell/gcc-10.2.1/gdbm-1.23-nloqbvc3qve7h3pyuk7djuhk7h
             vuti54/include -I/p/vast1/build/spack/opt/spack/linux-rhel7-broadw
             ell/gcc-10.2.1/gettext-0.21-zrjvymznliicfcjx4lqkixtjo76ruzmr/inclu
             de -I/p/vast1/build/spack/opt/spack/linux-rhel7-broadwell/gcc-10.2
             .1/libffi-3.4.2-7vfnd7a5ankpytut3b4oqhktzrcbabfm/include -I/p/vast
             1/build/spack/opt/spack/linux-rhel7-broadwell/gcc-10.2.1/ncurses-6
             .2-2xef6sx47tqatqlceqguyz3rza5okbhy/include -I/p/vast1/build/spack
             /opt/spack/linux-rhel7-broadwell/gcc-10.2.1/readline-8.1-vfjorqgtm
             qh3rl5ollaj4n2uusx4foez/include -I/p/vast1/build/spack/opt/spack/l
             inux-rhel7-broadwell/gcc-10.2.1/sqlite-3.37.2-osxyeivy7mdmhjyjwcsm
             4l7tooho6s2d/include -I/p/vast1/build/spack/opt/spack/linux-rhel7-
             broadwell/gcc-10.2.1/util-linux-uuid-2.37.4-26saxoixdjk3763nksg3aj
             mdzt5gyubu/include -I/p/vast1/build/spack/opt/spack/linux-rhel7-br
             oadwell/gcc-10.2.1/xz-5.2.5-d536jz4ora4tt45q72d2lklqr3dqx34m/inclu
             de -I/p/vast1/build/spack/opt/spack/linux-rhel7-broadwell/gcc-10.2
             .1/zlib-1.2.11-su2ldy5ofm424qnly3kitbbdgwovpfk4/include  -fPIC -DP
             y_BUILD_CORE -o Objects/tupleobject.o /var/tmp/sochat1/spack-stage
             /spack-stage-python-3.3.6-uh2uijssyvwc5m2gnyk25nei2x5fxid5/spack-s
             rc/Objects/tupleobject.c
     845     /p/vast1/build/spack/lib/spack/env/gcc/gcc -pthread -c -Wno-unused
             -result -DNDEBUG -g -fwrapv -O3 -Wall -Wstrict-prototypes -fPIC   
              -I. -IInclude -I/var/tmp/sochat1/spack-stage/spack-stage-python-3
             .3.6-uh2uijssyvwc5m2gnyk25nei2x5fxid5/spack-src/Include -I/p/vast1
             /build/spack/opt/spack/linux-rhel7-broadwell/gcc-10.2.1/bzip2-1.0.
             8-jmjklgubcyryaddwqvzuvzeiq6zfqmst/include -I/p/vast1/build/spack/
             opt/spack/linux-rhel7-broadwell/gcc-10.2.1/expat-2.4.6-akiducmoeuf
             ix2d6beegvgbj5skm36ul/include -I/p/vast1/build/spack/opt/spack/lin
             ux-rhel7-broadwell/gcc-10.2.1/gdbm-1.23-nloqbvc3qve7h3pyuk7djuhk7h
             vuti54/include -I/p/vast1/build/spack/opt/spack/linux-rhel7-broadw
             ell/gcc-10.2.1/gettext-0.21-zrjvymznliicfcjx4lqkixtjo76ruzmr/inclu
             de -I/p/vast1/build/spack/opt/spack/linux-rhel7-broadwell/gcc-10.2
             .1/libffi-3.4.2-7vfnd7a5ankpytut3b4oqhktzrcbabfm/include -I/p/vast
             1/build/spack/opt/spack/linux-rhel7-broadwell/gcc-10.2.1/ncurses-6
             .2-2xef6sx47tqatqlceqguyz3rza5okbhy/include -I/p/vast1/build/spack
             /opt/spack/linux-rhel7-broadwell/gcc-10.2.1/readline-8.1-vfjorqgtm
             qh3rl5ollaj4n2uusx4foez/include -I/p/vast1/build/spack/opt/spack/l
             inux-rhel7-broadwell/gcc-10.2.1/sqlite-3.37.2-osxyeivy7mdmhjyjwcsm
             4l7tooho6s2d/include -I/p/vast1/build/spack/opt/spack/linux-rhel7-
             broadwell/gcc-10.2.1/util-linux-uuid-2.37.4-26saxoixdjk3763nksg3aj
             mdzt5gyubu/include -I/p/vast1/build/spack/opt/spack/linux-rhel7-br
             oadwell/gcc-10.2.1/xz-5.2.5-d536jz4ora4tt45q72d2lklqr3dqx34m/inclu
             de -I/p/vast1/build/spack/opt/spack/linux-rhel7-broadwell/gcc-10.2
             .1/zlib-1.2.11-su2ldy5ofm424qnly3kitbbdgwovpfk4/include  -fPIC -DP
             y_BUILD_CORE -o Objects/typeobject.o /var/tmp/sochat1/spack-stage/
             spack-stage-python-3.3.6-uh2uijssyvwc5m2gnyk25nei2x5fxid5/spack-sr
             c/Objects/typeobject.c
     846     In file included from /var/tmp/sochat1/spack-stage/spack-stage-pyt
             hon-3.3.6-uh2uijssyvwc5m2gnyk25nei2x5fxid5/spack-src/Include/Pytho
             n.h:66,
     847                      from /var/tmp/sochat1/spack-stage/spack-stage-pyt
             hon-3.3.6-uh2uijssyvwc5m2gnyk25nei2x5fxid5/spack-src/Objects/struc
             tseq.c:4:
     848     /var/tmp/sochat1/spack-stage/spack-stage-python-3.3.6-uh2uijssyvwc
             5m2gnyk25nei2x5fxid5/spack-src/Objects/structseq.c: In function 'P
             yStructSequence_InitType':
  >> 849     /var/tmp/sochat1/spack-stage/spack-stage-python-3.3.6-uh2uijssyvwc
             5m2gnyk25nei2x5fxid5/spack-src/Include/pymem.h:97:30: warning: '*'
              in boolean context, suggest '&&' instead [-Wint-in-bool-context]
     850        97 |  ( (type *) PyMem_MALLOC((n) * sizeof(type)) ) )
     851           |                              ^
  >> 852     /var/tmp/sochat1/spack-stage/spack-stage-python-3.3.6-uh2uijssyvwc
             5m2gnyk25nei2x5fxid5/spack-src/Include/pymem.h:75:15: note: in def
             inition of macro 'PyMem_MALLOC'
     853        75 |     : malloc((n) ? (n) : 1))
     854           |               ^
  >> 855     /var/tmp/sochat1/spack-stage/spack-stage-python-3.3.6-uh2uijssyvwc
             5m2gnyk25nei2x5fxid5/spack-src/Objects/structseq.c:344:15: note: i
             n expansion of macro 'PyMem_NEW'
     856       344 |     members = PyMem_NEW(PyMemberDef, n_members-n_unnamed_m
             embers+1);
     857           |               ^~~~~~~~~
     858     /p/vast1/build/spack/lib/spack/env/gcc/gcc -pthread -c -Wno-unused
             -result -DNDEBUG -g -fwrapv -O3 -Wall -Wstrict-prototypes -fPIC   
              -I. -IInclude -I/var/tmp/sochat1/spack-stage/spack-stage-python-3
             .3.6-uh2uijssyvwc5m2gnyk25nei2x5fxid5/spack-src/Include -I/p/vast1
             /build/spack/opt/spack/linux-rhel7-broadwell/gcc-10.2.1/bzip2-1.0.
             8-jmjklgubcyryaddwqvzuvzeiq6zfqmst/include -I/p/vast1/build/spack/
             opt/spack/linux-rhel7-broadwell/gcc-10.2.1/expat-2.4.6-akiducmoeuf
             ix2d6beegvgbj5skm36ul/include -I/p/vast1/build/spack/opt/spack/lin
             ux-rhel7-broadwell/gcc-10.2.1/gdbm-1.23-nloqbvc3qve7h3pyuk7djuhk7h
             vuti54/include -I/p/vast1/build/spack/opt/spack/linux-rhel7-broadw
             ell/gcc-10.2.1/gettext-0.21-zrjvymznliicfcjx4lqkixtjo76ruzmr/inclu
             de -I/p/vast1/build/spack/opt/spack/linux-rhel7-broadwell/gcc-10.2
             .1/libffi-3.4.2-7vfnd7a5ankpytut3b4oqhktzrcbabfm/include -I/p/vast
             1/build/spack/opt/spack/linux-rhel7-broadwell/gcc-10.2.1/ncurses-6
             .2-2xef6sx47tqatqlceqguyz3rza5okbhy/include -I/p/vast1/build/spack
             /opt/spack/linux-rhel7-broadwell/gcc-10.2.1/readline-8.1-vfjorqgtm
             qh3rl5ollaj4n2uusx4foez/include -I/p/vast1/build/spack/opt/spack/l
             inux-rhel7-broadwell/gcc-10.2.1/sqlite-3.37.2-osxyeivy7mdmhjyjwcsm
             4l7tooho6s2d/include -I/p/vast1/build/spack/opt/spack/linux-rhel7-
             broadwell/gcc-10.2.1/util-linux-uuid-2.37.4-26saxoixdjk3763nksg3aj
             mdzt5gyubu/include -I/p/vast1/build/spack/opt/spack/linux-rhel7-br
             oadwell/gcc-10.2.1/xz-5.2.5-d536jz4ora4tt45q72d2lklqr3dqx34m/inclu
             de -I/p/vast1/build/spack/opt/spack/linux-rhel7-broadwell/gcc-10.2
             .1/zlib-1.2.11-su2ldy5ofm424qnly3kitbbdgwovpfk4/include  -fPIC -DP
             y_BUILD_CORE -o Objects/unicodeobject.o /var/tmp/sochat1/spack-sta
             ge/spack-stage-python-3.3.6-uh2uijssyvwc5m2gnyk25nei2x5fxid5/spack
             -src/Objects/unicodeobject.c
     859     In file included from /usr/include/string.h:633,
     860                      from /var/tmp/sochat1/spack-stage/spack-stage-pyt
             hon-3.3.6-uh2uijssyvwc5m2gnyk25nei2x5fxid5/spack-src/Include/Pytho
             n.h:30,
     861                      from /var/tmp/sochat1/spack-stage/spack-stage-pyt
             hon-3.3.6-uh2uijssyvwc5m2gnyk25nei2x5fxid5/spack-src/Objects/struc
             tseq.c:4:
     862     /var/tmp/sochat1/spack-stage/spack-stage-python-3.3.6-uh2uijssyvwc
             5m2gnyk25nei2x5fxid5/spack-src/Objects/structseq.c: In function 's
             tructseq_repr':
  >> 863     /var/tmp/sochat1/spack-stage/spack-stage-python-3.3.6-uh2uijssyvwc
             5m2gnyk25nei2x5fxid5/spack-src/Objects/structseq.c:175:5: warning:
              '__builtin_strncpy' specified bound depends on the length of the 
             source argument [-Wstringop-overflow=]
     864       175 |     strncpy(pbuf, typ->tp_name, len);
     865           |     ^~~~~~~
  >> 866     /var/tmp/sochat1/spack-stage/spack-stage-python-3.3.6-uh2uijssyvwc
             5m2gnyk25nei2x5fxid5/spack-src/Objects/structseq.c:173:11: note: l
             ength computed here
     867       173 |     len = strlen(typ->tp_name) > TYPE_MAXSIZE ? TYPE_MAXSI
             ZE :
     868           |           ^~~~~~~~~~~~~~~~~~~~
     869     /p/vast1/build/spack/lib/spack/env/gcc/gcc -pthread -c -Wno-unused
             -result -DNDEBUG -g -fwrapv -O3 -Wall -Wstrict-prototypes -fPIC   
              -I. -IInclude -I/var/tmp/sochat1/spack-stage/spack-stage-python-3
             .3.6-uh2uijssyvwc5m2gnyk25nei2x5fxid5/spack-src/Include -I/p/vast1
             /build/spack/opt/spack/linux-rhel7-broadwell/gcc-10.2.1/bzip2-1.0.
             8-jmjklgubcyryaddwqvzuvzeiq6zfqmst/include -I/p/vast1/build/spack/
             opt/spack/linux-rhel7-broadwell/gcc-10.2.1/expat-2.4.6-akiducmoeuf
             ix2d6beegvgbj5skm36ul/include -I/p/vast1/build/spack/opt/spack/lin
             ux-rhel7-broadwell/gcc-10.2.1/gdbm-1.23-nloqbvc3qve7h3pyuk7djuhk7h
             vuti54/include -I/p/vast1/build/spack/opt/spack/linux-rhel7-broadw
             ell/gcc-10.2.1/gettext-0.21-zrjvymznliicfcjx4lqkixtjo76ruzmr/inclu
             de -I/p/vast1/build/spack/opt/spack/linux-rhel7-broadwell/gcc-10.2
             .1/libffi-3.4.2-7vfnd7a5ankpytut3b4oqhktzrcbabfm/include -I/p/vast
             1/build/spack/opt/spack/linux-rhel7-broadwell/gcc-10.2.1/ncurses-6
             .2-2xef6sx47tqatqlceqguyz3rza5okbhy/include -I/p/vast1/build/spack
             /opt/spack/linux-rhel7-broadwell/gcc-10.2.1/readline-8.1-vfjorqgtm
             qh3rl5ollaj4n2uusx4foez/include -I/p/vast1/build/spack/opt/spack/l
             inux-rhel7-broadwell/gcc-10.2.1/sqlite-3.37.2-osxyeivy7mdmhjyjwcsm
             4l7tooho6s2d/include -I/p/vast1/build/spack/opt/spack/linux-rhel7-
             broadwell/gcc-10.2.1/util-linux-uuid-2.37.4-26saxoixdjk3763nksg3aj
             mdzt5gyubu/include -I/p/vast1/build/spack/opt/spack/linux-rhel7-br
             oadwell/gcc-10.2.1/xz-5.2.5-d536jz4ora4tt45q72d2lklqr3dqx34m/inclu
             de -I/p/vast1/build/spack/opt/spack/linux-rhel7-broadwell/gcc-10.2
             .1/zlib-1.2.11-su2ldy5ofm424qnly3kitbbdgwovpfk4/include  -fPIC -DP
             y_BUILD_CORE -o Objects/unicodectype.o /var/tmp/sochat1/spack-stag
             e/spack-stage-python-3.3.6-uh2uijssyvwc5m2gnyk25nei2x5fxid5/spack-
             src/Objects/unicodectype.c
     870     In file included from /var/tmp/sochat1/spack-stage/spack-stage-pyt
             hon-3.3.6-uh2uijssyvwc5m2gnyk25nei2x5fxid5/spack-src/Include/Pytho
             n.h:69,
     871                      from /var/tmp/sochat1/spack-stage/spack-stage-pyt
             hon-3.3.6-uh2uijssyvwc5m2gnyk25nei2x5fxid5/spack-src/Objects/typeo
             bject.c:3:
     872     /var/tmp/sochat1/spack-stage/spack-stage-python-3.3.6-uh2uijssyvwc
             5m2gnyk25nei2x5fxid5/spack-src/Objects/typeobject.c: In function '
             PyType_GenericAlloc':
  >> 873     /var/tmp/sochat1/spack-stage/spack-stage-python-3.3.6-uh2uijssyvwc
             5m2gnyk25nei2x5fxid5/spack-src/Include/objimpl.h:163:66: warning: 
             right-hand operand of comma expression has no effect [-Wunused-val
             ue]
     874       163 |     ( Py_TYPE(op) = (typeobj), _Py_NewReference((PyObject 
             *)(op)), (op) )
     875           |     ~~~~~~~~~~~~~~~~~~~~~~~~~~~~~~~~~~~~~~~~~~~~~~~~~~~~~~
             ~~~~~~~^~~~~~~~
  >> 876     /var/tmp/sochat1/spack-stage/spack-stage-python-3.3.6-uh2uijssyvwc
             5m2gnyk25nei2x5fxid5/spack-src/Objects/typeobject.c:773:9: note: i
             n expansion of macro 'PyObject_INIT'
     877       773 |         PyObject_INIT(obj, type);
     878           |         ^~~~~~~~~~~~~
     879     In file included from /var/tmp/sochat1/spack-stage/spack-stage-pyt
             hon-3.3.6-uh2uijssyvwc5m2gnyk25nei2x5fxid5/spack-src/Include/Pytho
             n.h:66,
     880                      from /var/tmp/sochat1/spack-stage/spack-stage-pyt
             hon-3.3.6-uh2uijssyvwc5m2gnyk25nei2x5fxid5/spack-src/Objects/typeo
             bject.c:3:
     881     /var/tmp/sochat1/spack-stage/spack-stage-python-3.3.6-uh2uijssyvwc
             5m2gnyk25nei2x5fxid5/spack-src/Objects/typeobject.c: In function '
             pmerge':
  >> 882     /var/tmp/sochat1/spack-stage/spack-stage-python-3.3.6-uh2uijssyvwc
             5m2gnyk25nei2x5fxid5/spack-src/Objects/typeobject.c:1448:44: warni
             ng: '*' in boolean context, suggest '&&' instead [-Wint-in-bool-co
             ntext]
     883      1448 |     remain = (int *)PyMem_MALLOC(SIZEOF_INT*to_merge_size)
             ;
  >> 884     /var/tmp/sochat1/spack-stage/spack-stage-python-3.3.6-uh2uijssyvwc
             5m2gnyk25nei2x5fxid5/spack-src/Include/pymem.h:75:15: note: in def
             inition of macro 'PyMem_MALLOC'
     885        75 |     : malloc((n) ? (n) : 1))
     886           |               ^
     887     /p/vast1/build/spack/lib/spack/env/gcc/gcc -pthread -c -Wno-unused
             -result -DNDEBUG -g -fwrapv -O3 -Wall -Wstrict-prototypes -fPIC   
              -I. -IInclude -I/var/tmp/sochat1/spack-stage/spack-stage-python-3
             .3.6-uh2uijssyvwc5m2gnyk25nei2x5fxid5/spack-src/Include -I/p/vast1
             /build/spack/opt/spack/linux-rhel7-broadwell/gcc-10.2.1/bzip2-1.0.
             8-jmjklgubcyryaddwqvzuvzeiq6zfqmst/include -I/p/vast1/build/spack/
             opt/spack/linux-rhel7-broadwell/gcc-10.2.1/expat-2.4.6-akiducmoeuf
             ix2d6beegvgbj5skm36ul/include -I/p/vast1/build/spack/opt/spack/lin
             ux-rhel7-broadwell/gcc-10.2.1/gdbm-1.23-nloqbvc3qve7h3pyuk7djuhk7h
             vuti54/include -I/p/vast1/build/spack/opt/spack/linux-rhel7-broadw
             ell/gcc-10.2.1/gettext-0.21-zrjvymznliicfcjx4lqkixtjo76ruzmr/inclu
             de -I/p/vast1/build/spack/opt/spack/linux-rhel7-broadwell/gcc-10.2
             .1/libffi-3.4.2-7vfnd7a5ankpytut3b4oqhktzrcbabfm/include -I/p/vast
             1/build/spack/opt/spack/linux-rhel7-broadwell/gcc-10.2.1/ncurses-6
             .2-2xef6sx47tqatqlceqguyz3rza5okbhy/include -I/p/vast1/build/spack
             /opt/spack/linux-rhel7-broadwell/gcc-10.2.1/readline-8.1-vfjorqgtm
             qh3rl5ollaj4n2uusx4foez/include -I/p/vast1/build/spack/opt/spack/l
             inux-rhel7-broadwell/gcc-10.2.1/sqlite-3.37.2-osxyeivy7mdmhjyjwcsm
             4l7tooho6s2d/include -I/p/vast1/build/spack/opt/spack/linux-rhel7-
             broadwell/gcc-10.2.1/util-linux-uuid-2.37.4-26saxoixdjk3763nksg3aj
             mdzt5gyubu/include -I/p/vast1/build/spack/opt/spack/linux-rhel7-br
             oadwell/gcc-10.2.1/xz-5.2.5-d536jz4ora4tt45q72d2lklqr3dqx34m/inclu
             de -I/p/vast1/build/spack/opt/spack/linux-rhel7-broadwell/gcc-10.2
             .1/zlib-1.2.11-su2ldy5ofm424qnly3kitbbdgwovpfk4/include  -fPIC -DP
             y_BUILD_CORE -o Objects/weakrefobject.o /var/tmp/sochat1/spack-sta
             ge/spack-stage-python-3.3.6-uh2uijssyvwc5m2gnyk25nei2x5fxid5/spack
             -src/Objects/weakrefobject.c
     888     /p/vast1/build/spack/lib/spack/env/gcc/gcc -pthread -c -Wno-unused
             -result -DNDEBUG -g -fwrapv -O3 -Wall -Wstrict-prototypes -fPIC   
              -I. -IInclude -I/var/tmp/sochat1/spack-stage/spack-stage-python-3
             .3.6-uh2uijssyvwc5m2gnyk25nei2x5fxid5/spack-src/Include -I/p/vast1
             /build/spack/opt/spack/linux-rhel7-broadwell/gcc-10.2.1/bzip2-1.0.
             8-jmjklgubcyryaddwqvzuvzeiq6zfqmst/include -I/p/vast1/build/spack/
             opt/spack/linux-rhel7-broadwell/gcc-10.2.1/expat-2.4.6-akiducmoeuf
             ix2d6beegvgbj5skm36ul/include -I/p/vast1/build/spack/opt/spack/lin
             ux-rhel7-broadwell/gcc-10.2.1/gdbm-1.23-nloqbvc3qve7h3pyuk7djuhk7h
             vuti54/include -I/p/vast1/build/spack/opt/spack/linux-rhel7-broadw
             ell/gcc-10.2.1/gettext-0.21-zrjvymznliicfcjx4lqkixtjo76ruzmr/inclu
             de -I/p/vast1/build/spack/opt/spack/linux-rhel7-broadwell/gcc-10.2
             .1/libffi-3.4.2-7vfnd7a5ankpytut3b4oqhktzrcbabfm/include -I/p/vast
             1/build/spack/opt/spack/linux-rhel7-broadwell/gcc-10.2.1/ncurses-6
             .2-2xef6sx47tqatqlceqguyz3rza5okbhy/include -I/p/vast1/build/spack
             /opt/spack/linux-rhel7-broadwell/gcc-10.2.1/readline-8.1-vfjorqgtm
             qh3rl5ollaj4n2uusx4foez/include -I/p/vast1/build/spack/opt/spack/l
             inux-rhel7-broadwell/gcc-10.2.1/sqlite-3.37.2-osxyeivy7mdmhjyjwcsm
             4l7tooho6s2d/include -I/p/vast1/build/spack/opt/spack/linux-rhel7-
             broadwell/gcc-10.2.1/util-linux-uuid-2.37.4-26saxoixdjk3763nksg3aj
             mdzt5gyubu/include -I/p/vast1/build/spack/opt/spack/linux-rhel7-br
             oadwell/gcc-10.2.1/xz-5.2.5-d536jz4ora4tt45q72d2lklqr3dqx34m/inclu
             de -I/p/vast1/build/spack/opt/spack/linux-rhel7-broadwell/gcc-10.2
             .1/zlib-1.2.11-su2ldy5ofm424qnly3kitbbdgwovpfk4/include  -fPIC -DP
             y_BUILD_CORE -o Python/_warnings.o /var/tmp/sochat1/spack-stage/sp
             ack-stage-python-3.3.6-uh2uijssyvwc5m2gnyk25nei2x5fxid5/spack-src/
             Python/_warnings.c
     889     In file included from /var/tmp/sochat1/spack-stage/spack-stage-pyt
             hon-3.3.6-uh2uijssyvwc5m2gnyk25nei2x5fxid5/spack-src/Include/Pytho
             n.h:66,
     890                      from /var/tmp/sochat1/spack-stage/spack-stage-pyt
             hon-3.3.6-uh2uijssyvwc5m2gnyk25nei2x5fxid5/spack-src/Objects/unico
             deobject.c:42:
     891     /var/tmp/sochat1/spack-stage/spack-stage-python-3.3.6-uh2uijssyvwc
             5m2gnyk25nei2x5fxid5/spack-src/Objects/unicodeobject.c: In functio
             n 'PyUnicode_AsWideCharString':
  >> 892     /var/tmp/sochat1/spack-stage/spack-stage-python-3.3.6-uh2uijssyvwc
             5m2gnyk25nei2x5fxid5/spack-src/Objects/unicodeobject.c:2949:34: wa
             rning: '*' in boolean context, suggest '&&' instead [-Wint-in-bool
             -context]
     893      2949 |     buffer = PyMem_MALLOC(buflen * sizeof(wchar_t));
  >> 894     /var/tmp/sochat1/spack-stage/spack-stage-python-3.3.6-uh2uijssyvwc
             5m2gnyk25nei2x5fxid5/spack-src/Include/pymem.h:75:15: note: in def
             inition of macro 'PyMem_MALLOC'
     895        75 |     : malloc((n) ? (n) : 1))
     896           |               ^
     897     /p/vast1/build/spack/lib/spack/env/gcc/gcc -pthread -c -Wno-unused
             -result -DNDEBUG -g -fwrapv -O3 -Wall -Wstrict-prototypes -fPIC   
              -I. -IInclude -I/var/tmp/sochat1/spack-stage/spack-stage-python-3
             .3.6-uh2uijssyvwc5m2gnyk25nei2x5fxid5/spack-src/Include -I/p/vast1
             /build/spack/opt/spack/linux-rhel7-broadwell/gcc-10.2.1/bzip2-1.0.
             8-jmjklgubcyryaddwqvzuvzeiq6zfqmst/include -I/p/vast1/build/spack/
             opt/spack/linux-rhel7-broadwell/gcc-10.2.1/expat-2.4.6-akiducmoeuf
             ix2d6beegvgbj5skm36ul/include -I/p/vast1/build/spack/opt/spack/lin
             ux-rhel7-broadwell/gcc-10.2.1/gdbm-1.23-nloqbvc3qve7h3pyuk7djuhk7h
             vuti54/include -I/p/vast1/build/spack/opt/spack/linux-rhel7-broadw
             ell/gcc-10.2.1/gettext-0.21-zrjvymznliicfcjx4lqkixtjo76ruzmr/inclu
             de -I/p/vast1/build/spack/opt/spack/linux-rhel7-broadwell/gcc-10.2
             .1/libffi-3.4.2-7vfnd7a5ankpytut3b4oqhktzrcbabfm/include -I/p/vast
             1/build/spack/opt/spack/linux-rhel7-broadwell/gcc-10.2.1/ncurses-6
             .2-2xef6sx47tqatqlceqguyz3rza5okbhy/include -I/p/vast1/build/spack
             /opt/spack/linux-rhel7-broadwell/gcc-10.2.1/readline-8.1-vfjorqgtm
             qh3rl5ollaj4n2uusx4foez/include -I/p/vast1/build/spack/opt/spack/l
             inux-rhel7-broadwell/gcc-10.2.1/sqlite-3.37.2-osxyeivy7mdmhjyjwcsm
             4l7tooho6s2d/include -I/p/vast1/build/spack/opt/spack/linux-rhel7-
             broadwell/gcc-10.2.1/util-linux-uuid-2.37.4-26saxoixdjk3763nksg3aj
             mdzt5gyubu/include -I/p/vast1/build/spack/opt/spack/linux-rhel7-br
             oadwell/gcc-10.2.1/xz-5.2.5-d536jz4ora4tt45q72d2lklqr3dqx34m/inclu
             de -I/p/vast1/build/spack/opt/spack/linux-rhel7-broadwell/gcc-10.2
             .1/zlib-1.2.11-su2ldy5ofm424qnly3kitbbdgwovpfk4/include  -fPIC -DP
             y_BUILD_CORE -o Python/Python-ast.o /var/tmp/sochat1/spack-stage/s
             pack-stage-python-3.3.6-uh2uijssyvwc5m2gnyk25nei2x5fxid5/spack-src
             /Python/Python-ast.c
     898     /var/tmp/sochat1/spack-stage/spack-stage-python-3.3.6-uh2uijssyvwc
             5m2gnyk25nei2x5fxid5/spack-src/Objects/unicodeobject.c: In functio
             n 'case_operation':
  >> 899     /var/tmp/sochat1/spack-stage/spack-stage-python-3.3.6-uh2uijssyvwc
             5m2gnyk25nei2x5fxid5/spack-src/Objects/unicodeobject.c:9487:44: wa
             rning: '*' in boolean context, suggest '&&' instead [-Wint-in-bool
             -context]
     900      9487 |     tmp = PyMem_MALLOC(sizeof(Py_UCS4) * 3 * length);
  >> 901     /var/tmp/sochat1/spack-stage/spack-stage-python-3.3.6-uh2uijssyvwc
             5m2gnyk25nei2x5fxid5/spack-src/Include/pymem.h:75:15: note: in def
             inition of macro 'PyMem_MALLOC'
     902        75 |     : malloc((n) ? (n) : 1))
     903           |               ^
     904     /p/vast1/build/spack/lib/spack/env/gcc/gcc -pthread -c -Wno-unused
             -result -DNDEBUG -g -fwrapv -O3 -Wall -Wstrict-prototypes -fPIC   
              -I. -IInclude -I/var/tmp/sochat1/spack-stage/spack-stage-python-3
             .3.6-uh2uijssyvwc5m2gnyk25nei2x5fxid5/spack-src/Include -I/p/vast1
             /build/spack/opt/spack/linux-rhel7-broadwell/gcc-10.2.1/bzip2-1.0.
             8-jmjklgubcyryaddwqvzuvzeiq6zfqmst/include -I/p/vast1/build/spack/
             opt/spack/linux-rhel7-broadwell/gcc-10.2.1/expat-2.4.6-akiducmoeuf
             ix2d6beegvgbj5skm36ul/include -I/p/vast1/build/spack/opt/spack/lin
             ux-rhel7-broadwell/gcc-10.2.1/gdbm-1.23-nloqbvc3qve7h3pyuk7djuhk7h
             vuti54/include -I/p/vast1/build/spack/opt/spack/linux-rhel7-broadw
             ell/gcc-10.2.1/gettext-0.21-zrjvymznliicfcjx4lqkixtjo76ruzmr/inclu
             de -I/p/vast1/build/spack/opt/spack/linux-rhel7-broadwell/gcc-10.2
             .1/libffi-3.4.2-7vfnd7a5ankpytut3b4oqhktzrcbabfm/include -I/p/vast
             1/build/spack/opt/spack/linux-rhel7-broadwell/gcc-10.2.1/ncurses-6
             .2-2xef6sx47tqatqlceqguyz3rza5okbhy/include -I/p/vast1/build/spack
             /opt/spack/linux-rhel7-broadwell/gcc-10.2.1/readline-8.1-vfjorqgtm
             qh3rl5ollaj4n2uusx4foez/include -I/p/vast1/build/spack/opt/spack/l
             inux-rhel7-broadwell/gcc-10.2.1/sqlite-3.37.2-osxyeivy7mdmhjyjwcsm
             4l7tooho6s2d/include -I/p/vast1/build/spack/opt/spack/linux-rhel7-
             broadwell/gcc-10.2.1/util-linux-uuid-2.37.4-26saxoixdjk3763nksg3aj
             mdzt5gyubu/include -I/p/vast1/build/spack/opt/spack/linux-rhel7-br
             oadwell/gcc-10.2.1/xz-5.2.5-d536jz4ora4tt45q72d2lklqr3dqx34m/inclu
             de -I/p/vast1/build/spack/opt/spack/linux-rhel7-broadwell/gcc-10.2
             .1/zlib-1.2.11-su2ldy5ofm424qnly3kitbbdgwovpfk4/include  -fPIC -DP
             y_BUILD_CORE -o Python/asdl.o /var/tmp/sochat1/spack-stage/spack-s
             tage-python-3.3.6-uh2uijssyvwc5m2gnyk25nei2x5fxid5/spack-src/Pytho
             n/asdl.c
     905     /p/vast1/build/spack/lib/spack/env/gcc/gcc -pthread -c -Wno-unused
             -result -DNDEBUG -g -fwrapv -O3 -Wall -Wstrict-prototypes -fPIC   
              -I. -IInclude -I/var/tmp/sochat1/spack-stage/spack-stage-python-3
             .3.6-uh2uijssyvwc5m2gnyk25nei2x5fxid5/spack-src/Include -I/p/vast1
             /build/spack/opt/spack/linux-rhel7-broadwell/gcc-10.2.1/bzip2-1.0.
             8-jmjklgubcyryaddwqvzuvzeiq6zfqmst/include -I/p/vast1/build/spack/
             opt/spack/linux-rhel7-broadwell/gcc-10.2.1/expat-2.4.6-akiducmoeuf
             ix2d6beegvgbj5skm36ul/include -I/p/vast1/build/spack/opt/spack/lin
             ux-rhel7-broadwell/gcc-10.2.1/gdbm-1.23-nloqbvc3qve7h3pyuk7djuhk7h
             vuti54/include -I/p/vast1/build/spack/opt/spack/linux-rhel7-broadw
             ell/gcc-10.2.1/gettext-0.21-zrjvymznliicfcjx4lqkixtjo76ruzmr/inclu
             de -I/p/vast1/build/spack/opt/spack/linux-rhel7-broadwell/gcc-10.2
             .1/libffi-3.4.2-7vfnd7a5ankpytut3b4oqhktzrcbabfm/include -I/p/vast
             1/build/spack/opt/spack/linux-rhel7-broadwell/gcc-10.2.1/ncurses-6
             .2-2xef6sx47tqatqlceqguyz3rza5okbhy/include -I/p/vast1/build/spack
             /opt/spack/linux-rhel7-broadwell/gcc-10.2.1/readline-8.1-vfjorqgtm
             qh3rl5ollaj4n2uusx4foez/include -I/p/vast1/build/spack/opt/spack/l
             inux-rhel7-broadwell/gcc-10.2.1/sqlite-3.37.2-osxyeivy7mdmhjyjwcsm
             4l7tooho6s2d/include -I/p/vast1/build/spack/opt/spack/linux-rhel7-
             broadwell/gcc-10.2.1/util-linux-uuid-2.37.4-26saxoixdjk3763nksg3aj
             mdzt5gyubu/include -I/p/vast1/build/spack/opt/spack/linux-rhel7-br
             oadwell/gcc-10.2.1/xz-5.2.5-d536jz4ora4tt45q72d2lklqr3dqx34m/inclu
             de -I/p/vast1/build/spack/opt/spack/linux-rhel7-broadwell/gcc-10.2
             .1/zlib-1.2.11-su2ldy5ofm424qnly3kitbbdgwovpfk4/include  -fPIC -DP
             y_BUILD_CORE -o Python/ast.o /var/tmp/sochat1/spack-stage/spack-st
             age-python-3.3.6-uh2uijssyvwc5m2gnyk25nei2x5fxid5/spack-src/Python
             /ast.c
     906     /p/vast1/build/spack/lib/spack/env/gcc/gcc -pthread -c -Wno-unused
             -result -DNDEBUG -g -fwrapv -O3 -Wall -Wstrict-prototypes -fPIC   
              -I. -IInclude -I/var/tmp/sochat1/spack-stage/spack-stage-python-3
             .3.6-uh2uijssyvwc5m2gnyk25nei2x5fxid5/spack-src/Include -I/p/vast1
             /build/spack/opt/spack/linux-rhel7-broadwell/gcc-10.2.1/bzip2-1.0.
             8-jmjklgubcyryaddwqvzuvzeiq6zfqmst/include -I/p/vast1/build/spack/
             opt/spack/linux-rhel7-broadwell/gcc-10.2.1/expat-2.4.6-akiducmoeuf
             ix2d6beegvgbj5skm36ul/include -I/p/vast1/build/spack/opt/spack/lin
             ux-rhel7-broadwell/gcc-10.2.1/gdbm-1.23-nloqbvc3qve7h3pyuk7djuhk7h
             vuti54/include -I/p/vast1/build/spack/opt/spack/linux-rhel7-broadw
             ell/gcc-10.2.1/gettext-0.21-zrjvymznliicfcjx4lqkixtjo76ruzmr/inclu
             de -I/p/vast1/build/spack/opt/spack/linux-rhel7-broadwell/gcc-10.2
             .1/libffi-3.4.2-7vfnd7a5ankpytut3b4oqhktzrcbabfm/include -I/p/vast
             1/build/spack/opt/spack/linux-rhel7-broadwell/gcc-10.2.1/ncurses-6
             .2-2xef6sx47tqatqlceqguyz3rza5okbhy/include -I/p/vast1/build/spack
             /opt/spack/linux-rhel7-broadwell/gcc-10.2.1/readline-8.1-vfjorqgtm
             qh3rl5ollaj4n2uusx4foez/include -I/p/vast1/build/spack/opt/spack/l
             inux-rhel7-broadwell/gcc-10.2.1/sqlite-3.37.2-osxyeivy7mdmhjyjwcsm
             4l7tooho6s2d/include -I/p/vast1/build/spack/opt/spack/linux-rhel7-
             broadwell/gcc-10.2.1/util-linux-uuid-2.37.4-26saxoixdjk3763nksg3aj
             mdzt5gyubu/include -I/p/vast1/build/spack/opt/spack/linux-rhel7-br
             oadwell/gcc-10.2.1/xz-5.2.5-d536jz4ora4tt45q72d2lklqr3dqx34m/inclu
             de -I/p/vast1/build/spack/opt/spack/linux-rhel7-broadwell/gcc-10.2
             .1/zlib-1.2.11-su2ldy5ofm424qnly3kitbbdgwovpfk4/include  -fPIC -DP
             y_BUILD_CORE -o Python/bltinmodule.o /var/tmp/sochat1/spack-stage/
             spack-stage-python-3.3.6-uh2uijssyvwc5m2gnyk25nei2x5fxid5/spack-sr
             c/Python/bltinmodule.c
     907     /p/vast1/build/spack/lib/spack/env/gcc/gcc -pthread -c -Wno-unused
             -result -DNDEBUG -g -fwrapv -O3 -Wall -Wstrict-prototypes -fPIC   
              -I. -IInclude -I/var/tmp/sochat1/spack-stage/spack-stage-python-3
             .3.6-uh2uijssyvwc5m2gnyk25nei2x5fxid5/spack-src/Include -I/p/vast1
             /build/spack/opt/spack/linux-rhel7-broadwell/gcc-10.2.1/bzip2-1.0.
             8-jmjklgubcyryaddwqvzuvzeiq6zfqmst/include -I/p/vast1/build/spack/
             opt/spack/linux-rhel7-broadwell/gcc-10.2.1/expat-2.4.6-akiducmoeuf
             ix2d6beegvgbj5skm36ul/include -I/p/vast1/build/spack/opt/spack/lin
             ux-rhel7-broadwell/gcc-10.2.1/gdbm-1.23-nloqbvc3qve7h3pyuk7djuhk7h
             vuti54/include -I/p/vast1/build/spack/opt/spack/linux-rhel7-broadw
             ell/gcc-10.2.1/gettext-0.21-zrjvymznliicfcjx4lqkixtjo76ruzmr/inclu
             de -I/p/vast1/build/spack/opt/spack/linux-rhel7-broadwell/gcc-10.2
             .1/libffi-3.4.2-7vfnd7a5ankpytut3b4oqhktzrcbabfm/include -I/p/vast
             1/build/spack/opt/spack/linux-rhel7-broadwell/gcc-10.2.1/ncurses-6
             .2-2xef6sx47tqatqlceqguyz3rza5okbhy/include -I/p/vast1/build/spack
             /opt/spack/linux-rhel7-broadwell/gcc-10.2.1/readline-8.1-vfjorqgtm
             qh3rl5ollaj4n2uusx4foez/include -I/p/vast1/build/spack/opt/spack/l
             inux-rhel7-broadwell/gcc-10.2.1/sqlite-3.37.2-osxyeivy7mdmhjyjwcsm
             4l7tooho6s2d/include -I/p/vast1/build/spack/opt/spack/linux-rhel7-
             broadwell/gcc-10.2.1/util-linux-uuid-2.37.4-26saxoixdjk3763nksg3aj
             mdzt5gyubu/include -I/p/vast1/build/spack/opt/spack/linux-rhel7-br
             oadwell/gcc-10.2.1/xz-5.2.5-d536jz4ora4tt45q72d2lklqr3dqx34m/inclu
             de -I/p/vast1/build/spack/opt/spack/linux-rhel7-broadwell/gcc-10.2
             .1/zlib-1.2.11-su2ldy5ofm424qnly3kitbbdgwovpfk4/include  -fPIC -DP
             y_BUILD_CORE -o Python/ceval.o /var/tmp/sochat1/spack-stage/spack-
             stage-python-3.3.6-uh2uijssyvwc5m2gnyk25nei2x5fxid5/spack-src/Pyth
             on/ceval.c

     ...

     915     /p/vast1/build/spack/lib/spack/env/gcc/gcc -pthread -c -Wno-unused
             -result -DNDEBUG -g -fwrapv -O3 -Wall -Wstrict-prototypes -fPIC   
              -I. -IInclude -I/var/tmp/sochat1/spack-stage/spack-stage-python-3
             .3.6-uh2uijssyvwc5m2gnyk25nei2x5fxid5/spack-src/Include -I/p/vast1
             /build/spack/opt/spack/linux-rhel7-broadwell/gcc-10.2.1/bzip2-1.0.
             8-jmjklgubcyryaddwqvzuvzeiq6zfqmst/include -I/p/vast1/build/spack/
             opt/spack/linux-rhel7-broadwell/gcc-10.2.1/expat-2.4.6-akiducmoeuf
             ix2d6beegvgbj5skm36ul/include -I/p/vast1/build/spack/opt/spack/lin
             ux-rhel7-broadwell/gcc-10.2.1/gdbm-1.23-nloqbvc3qve7h3pyuk7djuhk7h
             vuti54/include -I/p/vast1/build/spack/opt/spack/linux-rhel7-broadw
             ell/gcc-10.2.1/gettext-0.21-zrjvymznliicfcjx4lqkixtjo76ruzmr/inclu
             de -I/p/vast1/build/spack/opt/spack/linux-rhel7-broadwell/gcc-10.2
             .1/libffi-3.4.2-7vfnd7a5ankpytut3b4oqhktzrcbabfm/include -I/p/vast
             1/build/spack/opt/spack/linux-rhel7-broadwell/gcc-10.2.1/ncurses-6
             .2-2xef6sx47tqatqlceqguyz3rza5okbhy/include -I/p/vast1/build/spack
             /opt/spack/linux-rhel7-broadwell/gcc-10.2.1/readline-8.1-vfjorqgtm
             qh3rl5ollaj4n2uusx4foez/include -I/p/vast1/build/spack/opt/spack/l
             inux-rhel7-broadwell/gcc-10.2.1/sqlite-3.37.2-osxyeivy7mdmhjyjwcsm
             4l7tooho6s2d/include -I/p/vast1/build/spack/opt/spack/linux-rhel7-
             broadwell/gcc-10.2.1/util-linux-uuid-2.37.4-26saxoixdjk3763nksg3aj
             mdzt5gyubu/include -I/p/vast1/build/spack/opt/spack/linux-rhel7-br
             oadwell/gcc-10.2.1/xz-5.2.5-d536jz4ora4tt45q72d2lklqr3dqx34m/inclu
             de -I/p/vast1/build/spack/opt/spack/linux-rhel7-broadwell/gcc-10.2
             .1/zlib-1.2.11-su2ldy5ofm424qnly3kitbbdgwovpfk4/include  -fPIC -DP
             y_BUILD_CORE -o Python/getcompiler.o /var/tmp/sochat1/spack-stage/
             spack-stage-python-3.3.6-uh2uijssyvwc5m2gnyk25nei2x5fxid5/spack-sr
             c/Python/getcompiler.c
     916     /p/vast1/build/spack/lib/spack/env/gcc/gcc -pthread -c -Wno-unused
             -result -DNDEBUG -g -fwrapv -O3 -Wall -Wstrict-prototypes -fPIC   
              -I. -IInclude -I/var/tmp/sochat1/spack-stage/spack-stage-python-3
             .3.6-uh2uijssyvwc5m2gnyk25nei2x5fxid5/spack-src/Include -I/p/vast1
             /build/spack/opt/spack/linux-rhel7-broadwell/gcc-10.2.1/bzip2-1.0.
             8-jmjklgubcyryaddwqvzuvzeiq6zfqmst/include -I/p/vast1/build/spack/
             opt/spack/linux-rhel7-broadwell/gcc-10.2.1/expat-2.4.6-akiducmoeuf
             ix2d6beegvgbj5skm36ul/include -I/p/vast1/build/spack/opt/spack/lin
             ux-rhel7-broadwell/gcc-10.2.1/gdbm-1.23-nloqbvc3qve7h3pyuk7djuhk7h
             vuti54/include -I/p/vast1/build/spack/opt/spack/linux-rhel7-broadw
             ell/gcc-10.2.1/gettext-0.21-zrjvymznliicfcjx4lqkixtjo76ruzmr/inclu
             de -I/p/vast1/build/spack/opt/spack/linux-rhel7-broadwell/gcc-10.2
             .1/libffi-3.4.2-7vfnd7a5ankpytut3b4oqhktzrcbabfm/include -I/p/vast
             1/build/spack/opt/spack/linux-rhel7-broadwell/gcc-10.2.1/ncurses-6
             .2-2xef6sx47tqatqlceqguyz3rza5okbhy/include -I/p/vast1/build/spack
             /opt/spack/linux-rhel7-broadwell/gcc-10.2.1/readline-8.1-vfjorqgtm
             qh3rl5ollaj4n2uusx4foez/include -I/p/vast1/build/spack/opt/spack/l
             inux-rhel7-broadwell/gcc-10.2.1/sqlite-3.37.2-osxyeivy7mdmhjyjwcsm
             4l7tooho6s2d/include -I/p/vast1/build/spack/opt/spack/linux-rhel7-
             broadwell/gcc-10.2.1/util-linux-uuid-2.37.4-26saxoixdjk3763nksg3aj
             mdzt5gyubu/include -I/p/vast1/build/spack/opt/spack/linux-rhel7-br
             oadwell/gcc-10.2.1/xz-5.2.5-d536jz4ora4tt45q72d2lklqr3dqx34m/inclu
             de -I/p/vast1/build/spack/opt/spack/linux-rhel7-broadwell/gcc-10.2
             .1/zlib-1.2.11-su2ldy5ofm424qnly3kitbbdgwovpfk4/include  -fPIC -DP
             y_BUILD_CORE -o Python/getcopyright.o /var/tmp/sochat1/spack-stage
             /spack-stage-python-3.3.6-uh2uijssyvwc5m2gnyk25nei2x5fxid5/spack-s
             rc/Python/getcopyright.c
     917     /p/vast1/build/spack/lib/spack/env/gcc/gcc -pthread -c -Wno-unused
             -result -DNDEBUG -g -fwrapv -O3 -Wall -Wstrict-prototypes -fPIC   
              -I. -IInclude -I/var/tmp/sochat1/spack-stage/spack-stage-python-3
             .3.6-uh2uijssyvwc5m2gnyk25nei2x5fxid5/spack-src/Include -I/p/vast1
             /build/spack/opt/spack/linux-rhel7-broadwell/gcc-10.2.1/bzip2-1.0.
             8-jmjklgubcyryaddwqvzuvzeiq6zfqmst/include -I/p/vast1/build/spack/
             opt/spack/linux-rhel7-broadwell/gcc-10.2.1/expat-2.4.6-akiducmoeuf
             ix2d6beegvgbj5skm36ul/include -I/p/vast1/build/spack/opt/spack/lin
             ux-rhel7-broadwell/gcc-10.2.1/gdbm-1.23-nloqbvc3qve7h3pyuk7djuhk7h
             vuti54/include -I/p/vast1/build/spack/opt/spack/linux-rhel7-broadw
             ell/gcc-10.2.1/gettext-0.21-zrjvymznliicfcjx4lqkixtjo76ruzmr/inclu
             de -I/p/vast1/build/spack/opt/spack/linux-rhel7-broadwell/gcc-10.2
             .1/libffi-3.4.2-7vfnd7a5ankpytut3b4oqhktzrcbabfm/include -I/p/vast
             1/build/spack/opt/spack/linux-rhel7-broadwell/gcc-10.2.1/ncurses-6
             .2-2xef6sx47tqatqlceqguyz3rza5okbhy/include -I/p/vast1/build/spack
             /opt/spack/linux-rhel7-broadwell/gcc-10.2.1/readline-8.1-vfjorqgtm
             qh3rl5ollaj4n2uusx4foez/include -I/p/vast1/build/spack/opt/spack/l
             inux-rhel7-broadwell/gcc-10.2.1/sqlite-3.37.2-osxyeivy7mdmhjyjwcsm
             4l7tooho6s2d/include -I/p/vast1/build/spack/opt/spack/linux-rhel7-
             broadwell/gcc-10.2.1/util-linux-uuid-2.37.4-26saxoixdjk3763nksg3aj
             mdzt5gyubu/include -I/p/vast1/build/spack/opt/spack/linux-rhel7-br
             oadwell/gcc-10.2.1/xz-5.2.5-d536jz4ora4tt45q72d2lklqr3dqx34m/inclu
             de -I/p/vast1/build/spack/opt/spack/linux-rhel7-broadwell/gcc-10.2
             .1/zlib-1.2.11-su2ldy5ofm424qnly3kitbbdgwovpfk4/include  -fPIC -DP
             y_BUILD_CORE -DPLATFORM='"linux"' -o Python/getplatform.o /var/tmp
             /sochat1/spack-stage/spack-stage-python-3.3.6-uh2uijssyvwc5m2gnyk2
             5nei2x5fxid5/spack-src/Python/getplatform.c
     918     In file included from /var/tmp/sochat1/spack-stage/spack-stage-pyt
             hon-3.3.6-uh2uijssyvwc5m2gnyk25nei2x5fxid5/spack-src/Include/Pytho
             n.h:66,
     919                      from /var/tmp/sochat1/spack-stage/spack-stage-pyt
             hon-3.3.6-uh2uijssyvwc5m2gnyk25nei2x5fxid5/spack-src/Python/getarg
             s.c:4:
     920     /var/tmp/sochat1/spack-stage/spack-stage-python-3.3.6-uh2uijssyvwc
             5m2gnyk25nei2x5fxid5/spack-src/Python/getargs.c: In function 'vget
             args1':
  >> 921     /var/tmp/sochat1/spack-stage/spack-stage-python-3.3.6-uh2uijssyvwc
             5m2gnyk25nei2x5fxid5/spack-src/Include/pymem.h:97:30: warning: '*'
              in boolean context, suggest '&&' instead [-Wint-in-bool-context]
     922        97 |  ( (type *) PyMem_MALLOC((n) * sizeof(type)) ) )
     923           |                              ^
  >> 924     /var/tmp/sochat1/spack-stage/spack-stage-python-3.3.6-uh2uijssyvwc
             5m2gnyk25nei2x5fxid5/spack-src/Include/pymem.h:75:15: note: in def
             inition of macro 'PyMem_MALLOC'
     925        75 |     : malloc((n) ? (n) : 1))
     926           |               ^
  >> 927     /var/tmp/sochat1/spack-stage/spack-stage-python-3.3.6-uh2uijssyvwc
             5m2gnyk25nei2x5fxid5/spack-src/Python/getargs.c:265:24: note: in e
             xpansion of macro 'PyMem_NEW'
     928       265 |     freelist.entries = PyMem_NEW(freelistentry_t, max);
     929           |                        ^~~~~~~~~
     930     /var/tmp/sochat1/spack-stage/spack-stage-python-3.3.6-uh2uijssyvwc
             5m2gnyk25nei2x5fxid5/spack-src/Python/getargs.c: In function 'conv
             ertsimple':
  >> 931     /var/tmp/sochat1/spack-stage/spack-stage-python-3.3.6-uh2uijssyvwc
             5m2gnyk25nei2x5fxid5/spack-src/Include/pymem.h:97:30: warning: '*'
              in boolean context, suggest '&&' instead [-Wint-in-bool-context]
     932        97 |  ( (type *) PyMem_MALLOC((n) * sizeof(type)) ) )
     933           |                              ^
  >> 934     /var/tmp/sochat1/spack-stage/spack-stage-python-3.3.6-uh2uijssyvwc
             5m2gnyk25nei2x5fxid5/spack-src/Include/pymem.h:75:15: note: in def
             inition of macro 'PyMem_MALLOC'
     935        75 |     : malloc((n) ? (n) : 1))
     936           |               ^
  >> 937     /var/tmp/sochat1/spack-stage/spack-stage-python-3.3.6-uh2uijssyvwc
             5m2gnyk25nei2x5fxid5/spack-src/Python/getargs.c:1091:27: note: in 
             expansion of macro 'PyMem_NEW'
     938      1091 |                 *buffer = PyMem_NEW(char, size + 1);
     939           |                           ^~~~~~~~~
  >> 940     /var/tmp/sochat1/spack-stage/spack-stage-python-3.3.6-uh2uijssyvwc
             5m2gnyk25nei2x5fxid5/spack-src/Include/pymem.h:97:30: warning: '*'
              in boolean context, suggest '&&' instead [-Wint-in-bool-context]
     941        97 |  ( (type *) PyMem_MALLOC((n) * sizeof(type)) ) )
     942           |                              ^
  >> 943     /var/tmp/sochat1/spack-stage/spack-stage-python-3.3.6-uh2uijssyvwc
             5m2gnyk25nei2x5fxid5/spack-src/Include/pymem.h:75:15: note: in def
             inition of macro 'PyMem_MALLOC'
     944        75 |     : malloc((n) ? (n) : 1))
     945           |               ^
  >> 946     /var/tmp/sochat1/spack-stage/spack-stage-python-3.3.6-uh2uijssyvwc
             5m2gnyk25nei2x5fxid5/spack-src/Python/getargs.c:1133:23: note: in 
             expansion of macro 'PyMem_NEW'
     947      1133 |             *buffer = PyMem_NEW(char, size + 1);
     948           |                       ^~~~~~~~~
     949     /var/tmp/sochat1/spack-stage/spack-stage-python-3.3.6-uh2uijssyvwc
             5m2gnyk25nei2x5fxid5/spack-src/Python/getargs.c: In function 'vget
             argskeywords':
  >> 950     /var/tmp/sochat1/spack-stage/spack-stage-python-3.3.6-uh2uijssyvwc
             5m2gnyk25nei2x5fxid5/spack-src/Include/pymem.h:97:30: warning: '*'
              in boolean context, suggest '&&' instead [-Wint-in-bool-context]
     951        97 |  ( (type *) PyMem_MALLOC((n) * sizeof(type)) ) )
     952           |                              ^
  >> 953     /var/tmp/sochat1/spack-stage/spack-stage-python-3.3.6-uh2uijssyvwc
             5m2gnyk25nei2x5fxid5/spack-src/Include/pymem.h:75:15: note: in def
             inition of macro 'PyMem_MALLOC'
     954        75 |     : malloc((n) ? (n) : 1))
     955           |               ^
  >> 956     /var/tmp/sochat1/spack-stage/spack-stage-python-3.3.6-uh2uijssyvwc
             5m2gnyk25nei2x5fxid5/spack-src/Python/getargs.c:1448:24: note: in 
             expansion of macro 'PyMem_NEW'
     957      1448 |     freelist.entries = PyMem_NEW(freelistentry_t, len);
     958           |                        ^~~~~~~~~
     959     /p/vast1/build/spack/lib/spack/env/gcc/gcc -pthread -c -Wno-unused
             -result -DNDEBUG -g -fwrapv -O3 -Wall -Wstrict-prototypes -fPIC   
              -I. -IInclude -I/var/tmp/sochat1/spack-stage/spack-stage-python-3
             .3.6-uh2uijssyvwc5m2gnyk25nei2x5fxid5/spack-src/Include -I/p/vast1
             /build/spack/opt/spack/linux-rhel7-broadwell/gcc-10.2.1/bzip2-1.0.
             8-jmjklgubcyryaddwqvzuvzeiq6zfqmst/include -I/p/vast1/build/spack/
             opt/spack/linux-rhel7-broadwell/gcc-10.2.1/expat-2.4.6-akiducmoeuf
             ix2d6beegvgbj5skm36ul/include -I/p/vast1/build/spack/opt/spack/lin
             ux-rhel7-broadwell/gcc-10.2.1/gdbm-1.23-nloqbvc3qve7h3pyuk7djuhk7h
             vuti54/include -I/p/vast1/build/spack/opt/spack/linux-rhel7-broadw
             ell/gcc-10.2.1/gettext-0.21-zrjvymznliicfcjx4lqkixtjo76ruzmr/inclu
             de -I/p/vast1/build/spack/opt/spack/linux-rhel7-broadwell/gcc-10.2
             .1/libffi-3.4.2-7vfnd7a5ankpytut3b4oqhktzrcbabfm/include -I/p/vast
             1/build/spack/opt/spack/linux-rhel7-broadwell/gcc-10.2.1/ncurses-6
             .2-2xef6sx47tqatqlceqguyz3rza5okbhy/include -I/p/vast1/build/spack
             /opt/spack/linux-rhel7-broadwell/gcc-10.2.1/readline-8.1-vfjorqgtm
             qh3rl5ollaj4n2uusx4foez/include -I/p/vast1/build/spack/opt/spack/l
             inux-rhel7-broadwell/gcc-10.2.1/sqlite-3.37.2-osxyeivy7mdmhjyjwcsm
             4l7tooho6s2d/include -I/p/vast1/build/spack/opt/spack/linux-rhel7-
             broadwell/gcc-10.2.1/util-linux-uuid-2.37.4-26saxoixdjk3763nksg3aj
             mdzt5gyubu/include -I/p/vast1/build/spack/opt/spack/linux-rhel7-br
             oadwell/gcc-10.2.1/xz-5.2.5-d536jz4ora4tt45q72d2lklqr3dqx34m/inclu
             de -I/p/vast1/build/spack/opt/spack/linux-rhel7-broadwell/gcc-10.2
             .1/zlib-1.2.11-su2ldy5ofm424qnly3kitbbdgwovpfk4/include  -fPIC -DP
             y_BUILD_CORE -o Python/getversion.o /var/tmp/sochat1/spack-stage/s
             pack-stage-python-3.3.6-uh2uijssyvwc5m2gnyk25nei2x5fxid5/spack-src
             /Python/getversion.c
     960     /p/vast1/build/spack/lib/spack/env/gcc/gcc -pthread -c -Wno-unused
             -result -DNDEBUG -g -fwrapv -O3 -Wall -Wstrict-prototypes -fPIC   
              -I. -IInclude -I/var/tmp/sochat1/spack-stage/spack-stage-python-3
             .3.6-uh2uijssyvwc5m2gnyk25nei2x5fxid5/spack-src/Include -I/p/vast1
             /build/spack/opt/spack/linux-rhel7-broadwell/gcc-10.2.1/bzip2-1.0.
             8-jmjklgubcyryaddwqvzuvzeiq6zfqmst/include -I/p/vast1/build/spack/
             opt/spack/linux-rhel7-broadwell/gcc-10.2.1/expat-2.4.6-akiducmoeuf
             ix2d6beegvgbj5skm36ul/include -I/p/vast1/build/spack/opt/spack/lin
             ux-rhel7-broadwell/gcc-10.2.1/gdbm-1.23-nloqbvc3qve7h3pyuk7djuhk7h
             vuti54/include -I/p/vast1/build/spack/opt/spack/linux-rhel7-broadw
             ell/gcc-10.2.1/gettext-0.21-zrjvymznliicfcjx4lqkixtjo76ruzmr/inclu
             de -I/p/vast1/build/spack/opt/spack/linux-rhel7-broadwell/gcc-10.2
             .1/libffi-3.4.2-7vfnd7a5ankpytut3b4oqhktzrcbabfm/include -I/p/vast
             1/build/spack/opt/spack/linux-rhel7-broadwell/gcc-10.2.1/ncurses-6
             .2-2xef6sx47tqatqlceqguyz3rza5okbhy/include -I/p/vast1/build/spack
             /opt/spack/linux-rhel7-broadwell/gcc-10.2.1/readline-8.1-vfjorqgtm
             qh3rl5ollaj4n2uusx4foez/include -I/p/vast1/build/spack/opt/spack/l
             inux-rhel7-broadwell/gcc-10.2.1/sqlite-3.37.2-osxyeivy7mdmhjyjwcsm
             4l7tooho6s2d/include -I/p/vast1/build/spack/opt/spack/linux-rhel7-
             broadwell/gcc-10.2.1/util-linux-uuid-2.37.4-26saxoixdjk3763nksg3aj
             mdzt5gyubu/include -I/p/vast1/build/spack/opt/spack/linux-rhel7-br
             oadwell/gcc-10.2.1/xz-5.2.5-d536jz4ora4tt45q72d2lklqr3dqx34m/inclu
             de -I/p/vast1/build/spack/opt/spack/linux-rhel7-broadwell/gcc-10.2
             .1/zlib-1.2.11-su2ldy5ofm424qnly3kitbbdgwovpfk4/include  -fPIC -DP
             y_BUILD_CORE -o Python/graminit.o /var/tmp/sochat1/spack-stage/spa
             ck-stage-python-3.3.6-uh2uijssyvwc5m2gnyk25nei2x5fxid5/spack-src/P
             ython/graminit.c
     961     /p/vast1/build/spack/lib/spack/env/gcc/gcc -pthread -c -Wno-unused
             -result -DNDEBUG -g -fwrapv -O3 -Wall -Wstrict-prototypes -fPIC   
              -I. -IInclude -I/var/tmp/sochat1/spack-stage/spack-stage-python-3
             .3.6-uh2uijssyvwc5m2gnyk25nei2x5fxid5/spack-src/Include -I/p/vast1
             /build/spack/opt/spack/linux-rhel7-broadwell/gcc-10.2.1/bzip2-1.0.
             8-jmjklgubcyryaddwqvzuvzeiq6zfqmst/include -I/p/vast1/build/spack/
             opt/spack/linux-rhel7-broadwell/gcc-10.2.1/expat-2.4.6-akiducmoeuf
             ix2d6beegvgbj5skm36ul/include -I/p/vast1/build/spack/opt/spack/lin
             ux-rhel7-broadwell/gcc-10.2.1/gdbm-1.23-nloqbvc3qve7h3pyuk7djuhk7h
             vuti54/include -I/p/vast1/build/spack/opt/spack/linux-rhel7-broadw
             ell/gcc-10.2.1/gettext-0.21-zrjvymznliicfcjx4lqkixtjo76ruzmr/inclu
             de -I/p/vast1/build/spack/opt/spack/linux-rhel7-broadwell/gcc-10.2
             .1/libffi-3.4.2-7vfnd7a5ankpytut3b4oqhktzrcbabfm/include -I/p/vast
             1/build/spack/opt/spack/linux-rhel7-broadwell/gcc-10.2.1/ncurses-6
             .2-2xef6sx47tqatqlceqguyz3rza5okbhy/include -I/p/vast1/build/spack
             /opt/spack/linux-rhel7-broadwell/gcc-10.2.1/readline-8.1-vfjorqgtm
             qh3rl5ollaj4n2uusx4foez/include -I/p/vast1/build/spack/opt/spack/l
             inux-rhel7-broadwell/gcc-10.2.1/sqlite-3.37.2-osxyeivy7mdmhjyjwcsm
             4l7tooho6s2d/include -I/p/vast1/build/spack/opt/spack/linux-rhel7-
             broadwell/gcc-10.2.1/util-linux-uuid-2.37.4-26saxoixdjk3763nksg3aj
             mdzt5gyubu/include -I/p/vast1/build/spack/opt/spack/linux-rhel7-br
             oadwell/gcc-10.2.1/xz-5.2.5-d536jz4ora4tt45q72d2lklqr3dqx34m/inclu
             de -I/p/vast1/build/spack/opt/spack/linux-rhel7-broadwell/gcc-10.2
             .1/zlib-1.2.11-su2ldy5ofm424qnly3kitbbdgwovpfk4/include  -fPIC -DP
             y_BUILD_CORE -o Python/import.o /var/tmp/sochat1/spack-stage/spack
             -stage-python-3.3.6-uh2uijssyvwc5m2gnyk25nei2x5fxid5/spack-src/Pyt
             hon/import.c
     962     /p/vast1/build/spack/lib/spack/env/gcc/gcc -pthread -c -Wno-unused
             -result -DNDEBUG -g -fwrapv -O3 -Wall -Wstrict-prototypes -fPIC   
              -I. -IInclude -I/var/tmp/sochat1/spack-stage/spack-stage-python-3
             .3.6-uh2uijssyvwc5m2gnyk25nei2x5fxid5/spack-src/Include -I/p/vast1
             /build/spack/opt/spack/linux-rhel7-broadwell/gcc-10.2.1/bzip2-1.0.
             8-jmjklgubcyryaddwqvzuvzeiq6zfqmst/include -I/p/vast1/build/spack/
             opt/spack/linux-rhel7-broadwell/gcc-10.2.1/expat-2.4.6-akiducmoeuf
             ix2d6beegvgbj5skm36ul/include -I/p/vast1/build/spack/opt/spack/lin
             ux-rhel7-broadwell/gcc-10.2.1/gdbm-1.23-nloqbvc3qve7h3pyuk7djuhk7h
             vuti54/include -I/p/vast1/build/spack/opt/spack/linux-rhel7-broadw
             ell/gcc-10.2.1/gettext-0.21-zrjvymznliicfcjx4lqkixtjo76ruzmr/inclu
             de -I/p/vast1/build/spack/opt/spack/linux-rhel7-broadwell/gcc-10.2
             .1/libffi-3.4.2-7vfnd7a5ankpytut3b4oqhktzrcbabfm/include -I/p/vast
             1/build/spack/opt/spack/linux-rhel7-broadwell/gcc-10.2.1/ncurses-6
             .2-2xef6sx47tqatqlceqguyz3rza5okbhy/include -I/p/vast1/build/spack
             /opt/spack/linux-rhel7-broadwell/gcc-10.2.1/readline-8.1-vfjorqgtm
             qh3rl5ollaj4n2uusx4foez/include -I/p/vast1/build/spack/opt/spack/l
             inux-rhel7-broadwell/gcc-10.2.1/sqlite-3.37.2-osxyeivy7mdmhjyjwcsm
             4l7tooho6s2d/include -I/p/vast1/build/spack/opt/spack/linux-rhel7-
             broadwell/gcc-10.2.1/util-linux-uuid-2.37.4-26saxoixdjk3763nksg3aj
             mdzt5gyubu/include -I/p/vast1/build/spack/opt/spack/linux-rhel7-br
             oadwell/gcc-10.2.1/xz-5.2.5-d536jz4ora4tt45q72d2lklqr3dqx34m/inclu
             de -I/p/vast1/build/spack/opt/spack/linux-rhel7-broadwell/gcc-10.2
             .1/zlib-1.2.11-su2ldy5ofm424qnly3kitbbdgwovpfk4/include  -fPIC -DP
             y_BUILD_CORE -I. -o Python/importdl.o /var/tmp/sochat1/spack-stage
             /spack-stage-python-3.3.6-uh2uijssyvwc5m2gnyk25nei2x5fxid5/spack-s
             rc/Python/importdl.c

     ...

     965     /p/vast1/build/spack/lib/spack/env/gcc/gcc -pthread -c -Wno-unused
             -result -DNDEBUG -g -fwrapv -O3 -Wall -Wstrict-prototypes -fPIC   
              -I. -IInclude -I/var/tmp/sochat1/spack-stage/spack-stage-python-3
             .3.6-uh2uijssyvwc5m2gnyk25nei2x5fxid5/spack-src/Include -I/p/vast1
             /build/spack/opt/spack/linux-rhel7-broadwell/gcc-10.2.1/bzip2-1.0.
             8-jmjklgubcyryaddwqvzuvzeiq6zfqmst/include -I/p/vast1/build/spack/
             opt/spack/linux-rhel7-broadwell/gcc-10.2.1/expat-2.4.6-akiducmoeuf
             ix2d6beegvgbj5skm36ul/include -I/p/vast1/build/spack/opt/spack/lin
             ux-rhel7-broadwell/gcc-10.2.1/gdbm-1.23-nloqbvc3qve7h3pyuk7djuhk7h
             vuti54/include -I/p/vast1/build/spack/opt/spack/linux-rhel7-broadw
             ell/gcc-10.2.1/gettext-0.21-zrjvymznliicfcjx4lqkixtjo76ruzmr/inclu
             de -I/p/vast1/build/spack/opt/spack/linux-rhel7-broadwell/gcc-10.2
             .1/libffi-3.4.2-7vfnd7a5ankpytut3b4oqhktzrcbabfm/include -I/p/vast
             1/build/spack/opt/spack/linux-rhel7-broadwell/gcc-10.2.1/ncurses-6
             .2-2xef6sx47tqatqlceqguyz3rza5okbhy/include -I/p/vast1/build/spack
             /opt/spack/linux-rhel7-broadwell/gcc-10.2.1/readline-8.1-vfjorqgtm
             qh3rl5ollaj4n2uusx4foez/include -I/p/vast1/build/spack/opt/spack/l
             inux-rhel7-broadwell/gcc-10.2.1/sqlite-3.37.2-osxyeivy7mdmhjyjwcsm
             4l7tooho6s2d/include -I/p/vast1/build/spack/opt/spack/linux-rhel7-
             broadwell/gcc-10.2.1/util-linux-uuid-2.37.4-26saxoixdjk3763nksg3aj
             mdzt5gyubu/include -I/p/vast1/build/spack/opt/spack/linux-rhel7-br
             oadwell/gcc-10.2.1/xz-5.2.5-d536jz4ora4tt45q72d2lklqr3dqx34m/inclu
             de -I/p/vast1/build/spack/opt/spack/linux-rhel7-broadwell/gcc-10.2
             .1/zlib-1.2.11-su2ldy5ofm424qnly3kitbbdgwovpfk4/include  -fPIC -DP
             y_BUILD_CORE -o Python/mystrtoul.o /var/tmp/sochat1/spack-stage/sp
             ack-stage-python-3.3.6-uh2uijssyvwc5m2gnyk25nei2x5fxid5/spack-src/
             Python/mystrtoul.c
     966     /p/vast1/build/spack/lib/spack/env/gcc/gcc -pthread -c -Wno-unused
             -result -DNDEBUG -g -fwrapv -O3 -Wall -Wstrict-prototypes -fPIC   
              -I. -IInclude -I/var/tmp/sochat1/spack-stage/spack-stage-python-3
             .3.6-uh2uijssyvwc5m2gnyk25nei2x5fxid5/spack-src/Include -I/p/vast1
             /build/spack/opt/spack/linux-rhel7-broadwell/gcc-10.2.1/bzip2-1.0.
             8-jmjklgubcyryaddwqvzuvzeiq6zfqmst/include -I/p/vast1/build/spack/
             opt/spack/linux-rhel7-broadwell/gcc-10.2.1/expat-2.4.6-akiducmoeuf
             ix2d6beegvgbj5skm36ul/include -I/p/vast1/build/spack/opt/spack/lin
             ux-rhel7-broadwell/gcc-10.2.1/gdbm-1.23-nloqbvc3qve7h3pyuk7djuhk7h
             vuti54/include -I/p/vast1/build/spack/opt/spack/linux-rhel7-broadw
             ell/gcc-10.2.1/gettext-0.21-zrjvymznliicfcjx4lqkixtjo76ruzmr/inclu
             de -I/p/vast1/build/spack/opt/spack/linux-rhel7-broadwell/gcc-10.2
             .1/libffi-3.4.2-7vfnd7a5ankpytut3b4oqhktzrcbabfm/include -I/p/vast
             1/build/spack/opt/spack/linux-rhel7-broadwell/gcc-10.2.1/ncurses-6
             .2-2xef6sx47tqatqlceqguyz3rza5okbhy/include -I/p/vast1/build/spack
             /opt/spack/linux-rhel7-broadwell/gcc-10.2.1/readline-8.1-vfjorqgtm
             qh3rl5ollaj4n2uusx4foez/include -I/p/vast1/build/spack/opt/spack/l
             inux-rhel7-broadwell/gcc-10.2.1/sqlite-3.37.2-osxyeivy7mdmhjyjwcsm
             4l7tooho6s2d/include -I/p/vast1/build/spack/opt/spack/linux-rhel7-
             broadwell/gcc-10.2.1/util-linux-uuid-2.37.4-26saxoixdjk3763nksg3aj
             mdzt5gyubu/include -I/p/vast1/build/spack/opt/spack/linux-rhel7-br
             oadwell/gcc-10.2.1/xz-5.2.5-d536jz4ora4tt45q72d2lklqr3dqx34m/inclu
             de -I/p/vast1/build/spack/opt/spack/linux-rhel7-broadwell/gcc-10.2
             .1/zlib-1.2.11-su2ldy5ofm424qnly3kitbbdgwovpfk4/include  -fPIC -DP
             y_BUILD_CORE -o Python/mysnprintf.o /var/tmp/sochat1/spack-stage/s
             pack-stage-python-3.3.6-uh2uijssyvwc5m2gnyk25nei2x5fxid5/spack-src
             /Python/mysnprintf.c
     967     /p/vast1/build/spack/lib/spack/env/gcc/gcc -pthread -c -Wno-unused
             -result -DNDEBUG -g -fwrapv -O3 -Wall -Wstrict-prototypes -fPIC   
              -I. -IInclude -I/var/tmp/sochat1/spack-stage/spack-stage-python-3
             .3.6-uh2uijssyvwc5m2gnyk25nei2x5fxid5/spack-src/Include -I/p/vast1
             /build/spack/opt/spack/linux-rhel7-broadwell/gcc-10.2.1/bzip2-1.0.
             8-jmjklgubcyryaddwqvzuvzeiq6zfqmst/include -I/p/vast1/build/spack/
             opt/spack/linux-rhel7-broadwell/gcc-10.2.1/expat-2.4.6-akiducmoeuf
             ix2d6beegvgbj5skm36ul/include -I/p/vast1/build/spack/opt/spack/lin
             ux-rhel7-broadwell/gcc-10.2.1/gdbm-1.23-nloqbvc3qve7h3pyuk7djuhk7h
             vuti54/include -I/p/vast1/build/spack/opt/spack/linux-rhel7-broadw
             ell/gcc-10.2.1/gettext-0.21-zrjvymznliicfcjx4lqkixtjo76ruzmr/inclu
             de -I/p/vast1/build/spack/opt/spack/linux-rhel7-broadwell/gcc-10.2
             .1/libffi-3.4.2-7vfnd7a5ankpytut3b4oqhktzrcbabfm/include -I/p/vast
             1/build/spack/opt/spack/linux-rhel7-broadwell/gcc-10.2.1/ncurses-6
             .2-2xef6sx47tqatqlceqguyz3rza5okbhy/include -I/p/vast1/build/spack
             /opt/spack/linux-rhel7-broadwell/gcc-10.2.1/readline-8.1-vfjorqgtm
             qh3rl5ollaj4n2uusx4foez/include -I/p/vast1/build/spack/opt/spack/l
             inux-rhel7-broadwell/gcc-10.2.1/sqlite-3.37.2-osxyeivy7mdmhjyjwcsm
             4l7tooho6s2d/include -I/p/vast1/build/spack/opt/spack/linux-rhel7-
             broadwell/gcc-10.2.1/util-linux-uuid-2.37.4-26saxoixdjk3763nksg3aj
             mdzt5gyubu/include -I/p/vast1/build/spack/opt/spack/linux-rhel7-br
             oadwell/gcc-10.2.1/xz-5.2.5-d536jz4ora4tt45q72d2lklqr3dqx34m/inclu
             de -I/p/vast1/build/spack/opt/spack/linux-rhel7-broadwell/gcc-10.2
             .1/zlib-1.2.11-su2ldy5ofm424qnly3kitbbdgwovpfk4/include  -fPIC -DP
             y_BUILD_CORE -o Python/peephole.o /var/tmp/sochat1/spack-stage/spa
             ck-stage-python-3.3.6-uh2uijssyvwc5m2gnyk25nei2x5fxid5/spack-src/P
             ython/peephole.c
     968     In file included from /var/tmp/sochat1/spack-stage/spack-stage-pyt
             hon-3.3.6-uh2uijssyvwc5m2gnyk25nei2x5fxid5/spack-src/Include/Pytho
             n.h:66,
     969                      from /var/tmp/sochat1/spack-stage/spack-stage-pyt
             hon-3.3.6-uh2uijssyvwc5m2gnyk25nei2x5fxid5/spack-src/Python/import
             .c:4:
     970     /var/tmp/sochat1/spack-stage/spack-stage-python-3.3.6-uh2uijssyvwc
             5m2gnyk25nei2x5fxid5/spack-src/Python/import.c: In function 'PyImp
             ort_ExtendInittab':
  >> 971     /var/tmp/sochat1/spack-stage/spack-stage-python-3.3.6-uh2uijssyvwc
             5m2gnyk25nei2x5fxid5/spack-src/Include/pymem.h:110:34: warning: '*
             ' in boolean context, suggest '&&' instead [-Wint-in-bool-context]
     972       110 |  (type *) PyMem_REALLOC((p), (n) * sizeof(type)) )
     973           |                                  ^
  >> 974     /var/tmp/sochat1/spack-stage/spack-stage-python-3.3.6-uh2uijssyvwc
             5m2gnyk25nei2x5fxid5/spack-src/Include/pymem.h:77:21: note: in def
             inition of macro 'PyMem_REALLOC'
     975        77 |     : realloc((p), (n) ? (n) : 1))
     976           |                     ^
  >> 977     /var/tmp/sochat1/spack-stage/spack-stage-python-3.3.6-uh2uijssyvwc
             5m2gnyk25nei2x5fxid5/spack-src/Python/import.c:1912:5: note: in ex
             pansion of macro 'PyMem_RESIZE'
     978      1912 |     PyMem_RESIZE(p, struct _inittab, i+n+1);
     979           |     ^~~~~~~~~~~~
     980     /p/vast1/build/spack/lib/spack/env/gcc/gcc -pthread -c -Wno-unused
             -result -DNDEBUG -g -fwrapv -O3 -Wall -Wstrict-prototypes -fPIC   
              -I. -IInclude -I/var/tmp/sochat1/spack-stage/spack-stage-python-3
             .3.6-uh2uijssyvwc5m2gnyk25nei2x5fxid5/spack-src/Include -I/p/vast1
             /build/spack/opt/spack/linux-rhel7-broadwell/gcc-10.2.1/bzip2-1.0.
             8-jmjklgubcyryaddwqvzuvzeiq6zfqmst/include -I/p/vast1/build/spack/
             opt/spack/linux-rhel7-broadwell/gcc-10.2.1/expat-2.4.6-akiducmoeuf
             ix2d6beegvgbj5skm36ul/include -I/p/vast1/build/spack/opt/spack/lin
             ux-rhel7-broadwell/gcc-10.2.1/gdbm-1.23-nloqbvc3qve7h3pyuk7djuhk7h
             vuti54/include -I/p/vast1/build/spack/opt/spack/linux-rhel7-broadw
             ell/gcc-10.2.1/gettext-0.21-zrjvymznliicfcjx4lqkixtjo76ruzmr/inclu
             de -I/p/vast1/build/spack/opt/spack/linux-rhel7-broadwell/gcc-10.2
             .1/libffi-3.4.2-7vfnd7a5ankpytut3b4oqhktzrcbabfm/include -I/p/vast
             1/build/spack/opt/spack/linux-rhel7-broadwell/gcc-10.2.1/ncurses-6
             .2-2xef6sx47tqatqlceqguyz3rza5okbhy/include -I/p/vast1/build/spack
             /opt/spack/linux-rhel7-broadwell/gcc-10.2.1/readline-8.1-vfjorqgtm
             qh3rl5ollaj4n2uusx4foez/include -I/p/vast1/build/spack/opt/spack/l
             inux-rhel7-broadwell/gcc-10.2.1/sqlite-3.37.2-osxyeivy7mdmhjyjwcsm
             4l7tooho6s2d/include -I/p/vast1/build/spack/opt/spack/linux-rhel7-
             broadwell/gcc-10.2.1/util-linux-uuid-2.37.4-26saxoixdjk3763nksg3aj
             mdzt5gyubu/include -I/p/vast1/build/spack/opt/spack/linux-rhel7-br
             oadwell/gcc-10.2.1/xz-5.2.5-d536jz4ora4tt45q72d2lklqr3dqx34m/inclu
             de -I/p/vast1/build/spack/opt/spack/linux-rhel7-broadwell/gcc-10.2
             .1/zlib-1.2.11-su2ldy5ofm424qnly3kitbbdgwovpfk4/include  -fPIC -DP
             y_BUILD_CORE -o Python/pyarena.o /var/tmp/sochat1/spack-stage/spac
             k-stage-python-3.3.6-uh2uijssyvwc5m2gnyk25nei2x5fxid5/spack-src/Py
             thon/pyarena.c
     981     In file included from /var/tmp/sochat1/spack-stage/spack-stage-pyt
             hon-3.3.6-uh2uijssyvwc5m2gnyk25nei2x5fxid5/spack-src/Include/Pytho
             n.h:66,
     982                      from /var/tmp/sochat1/spack-stage/spack-stage-pyt
             hon-3.3.6-uh2uijssyvwc5m2gnyk25nei2x5fxid5/spack-src/Python/marsha
             l.c:9:
     983     /var/tmp/sochat1/spack-stage/spack-stage-python-3.3.6-uh2uijssyvwc
             5m2gnyk25nei2x5fxid5/spack-src/Python/marshal.c: In function 'r_ob
             ject':
  >> 984     /var/tmp/sochat1/spack-stage/spack-stage-python-3.3.6-uh2uijssyvwc
             5m2gnyk25nei2x5fxid5/spack-src/Include/pymem.h:97:30: warning: '*'
              in boolean context, suggest '&&' instead [-Wint-in-bool-context]
     985        97 |  ( (type *) PyMem_MALLOC((n) * sizeof(type)) ) )
     986           |                              ^
  >> 987     /var/tmp/sochat1/spack-stage/spack-stage-python-3.3.6-uh2uijssyvwc
             5m2gnyk25nei2x5fxid5/spack-src/Include/pymem.h:75:15: note: in def
             inition of macro 'PyMem_MALLOC'
     988        75 |     : malloc((n) ? (n) : 1))
     989           |               ^
  >> 990     /var/tmp/sochat1/spack-stage/spack-stage-python-3.3.6-uh2uijssyvwc
             5m2gnyk25nei2x5fxid5/spack-src/Python/marshal.c:874:18: note: in e
             xpansion of macro 'PyMem_NEW'
     991       874 |         buffer = PyMem_NEW(char, n);
     992           |                  ^~~~~~~~~
     993     /p/vast1/build/spack/lib/spack/env/gcc/gcc -pthread -c -Wno-unused
             -result -DNDEBUG -g -fwrapv -O3 -Wall -Wstrict-prototypes -fPIC   
              -I. -IInclude -I/var/tmp/sochat1/spack-stage/spack-stage-python-3
             .3.6-uh2uijssyvwc5m2gnyk25nei2x5fxid5/spack-src/Include -I/p/vast1
             /build/spack/opt/spack/linux-rhel7-broadwell/gcc-10.2.1/bzip2-1.0.
             8-jmjklgubcyryaddwqvzuvzeiq6zfqmst/include -I/p/vast1/build/spack/
             opt/spack/linux-rhel7-broadwell/gcc-10.2.1/expat-2.4.6-akiducmoeuf
             ix2d6beegvgbj5skm36ul/include -I/p/vast1/build/spack/opt/spack/lin
             ux-rhel7-broadwell/gcc-10.2.1/gdbm-1.23-nloqbvc3qve7h3pyuk7djuhk7h
             vuti54/include -I/p/vast1/build/spack/opt/spack/linux-rhel7-broadw
             ell/gcc-10.2.1/gettext-0.21-zrjvymznliicfcjx4lqkixtjo76ruzmr/inclu
             de -I/p/vast1/build/spack/opt/spack/linux-rhel7-broadwell/gcc-10.2
             .1/libffi-3.4.2-7vfnd7a5ankpytut3b4oqhktzrcbabfm/include -I/p/vast
             1/build/spack/opt/spack/linux-rhel7-broadwell/gcc-10.2.1/ncurses-6
             .2-2xef6sx47tqatqlceqguyz3rza5okbhy/include -I/p/vast1/build/spack
             /opt/spack/linux-rhel7-broadwell/gcc-10.2.1/readline-8.1-vfjorqgtm
             qh3rl5ollaj4n2uusx4foez/include -I/p/vast1/build/spack/opt/spack/l
             inux-rhel7-broadwell/gcc-10.2.1/sqlite-3.37.2-osxyeivy7mdmhjyjwcsm
             4l7tooho6s2d/include -I/p/vast1/build/spack/opt/spack/linux-rhel7-
             broadwell/gcc-10.2.1/util-linux-uuid-2.37.4-26saxoixdjk3763nksg3aj
             mdzt5gyubu/include -I/p/vast1/build/spack/opt/spack/linux-rhel7-br
             oadwell/gcc-10.2.1/xz-5.2.5-d536jz4ora4tt45q72d2lklqr3dqx34m/inclu
             de -I/p/vast1/build/spack/opt/spack/linux-rhel7-broadwell/gcc-10.2
             .1/zlib-1.2.11-su2ldy5ofm424qnly3kitbbdgwovpfk4/include  -fPIC -DP
             y_BUILD_CORE -o Python/pyctype.o /var/tmp/sochat1/spack-stage/spac
             k-stage-python-3.3.6-uh2uijssyvwc5m2gnyk25nei2x5fxid5/spack-src/Py
             thon/pyctype.c
     994     In function 'assemble_lnotab',
     995         inlined from 'assemble_emit' at /var/tmp/sochat1/spack-stage/s
             pack-stage-python-3.3.6-uh2uijssyvwc5m2gnyk25nei2x5fxid5/spack-src
             /Python/compile.c:3952:25,
     996         inlined from 'assemble' at /var/tmp/sochat1/spack-stage/spack-
             stage-python-3.3.6-uh2uijssyvwc5m2gnyk25nei2x5fxid5/spack-src/Pyth
             on/compile.c:4239:18:
  >> 997     /var/tmp/sochat1/spack-stage/spack-stage-python-3.3.6-uh2uijssyvwc
             5m2gnyk25nei2x5fxid5/spack-src/Python/compile.c:3903:19: warning: 
             writing 1 byte into a region of size 0 [-Wstringop-overflow=]
     998      3903 |         *lnotab++ = 255;
     999           |         ~~~~~~~~~~^~~~~
     1000    /p/vast1/build/spack/lib/spack/env/gcc/gcc -pthread -c -Wno-unused
             -result -DNDEBUG -g -fwrapv -O3 -Wall -Wstrict-prototypes -fPIC   
              -I. -IInclude -I/var/tmp/sochat1/spack-stage/spack-stage-python-3
             .3.6-uh2uijssyvwc5m2gnyk25nei2x5fxid5/spack-src/Include -I/p/vast1
             /build/spack/opt/spack/linux-rhel7-broadwell/gcc-10.2.1/bzip2-1.0.
             8-jmjklgubcyryaddwqvzuvzeiq6zfqmst/include -I/p/vast1/build/spack/
             opt/spack/linux-rhel7-broadwell/gcc-10.2.1/expat-2.4.6-akiducmoeuf
             ix2d6beegvgbj5skm36ul/include -I/p/vast1/build/spack/opt/spack/lin
             ux-rhel7-broadwell/gcc-10.2.1/gdbm-1.23-nloqbvc3qve7h3pyuk7djuhk7h
             vuti54/include -I/p/vast1/build/spack/opt/spack/linux-rhel7-broadw
             ell/gcc-10.2.1/gettext-0.21-zrjvymznliicfcjx4lqkixtjo76ruzmr/inclu
             de -I/p/vast1/build/spack/opt/spack/linux-rhel7-broadwell/gcc-10.2
             .1/libffi-3.4.2-7vfnd7a5ankpytut3b4oqhktzrcbabfm/include -I/p/vast
             1/build/spack/opt/spack/linux-rhel7-broadwell/gcc-10.2.1/ncurses-6
             .2-2xef6sx47tqatqlceqguyz3rza5okbhy/include -I/p/vast1/build/spack
             /opt/spack/linux-rhel7-broadwell/gcc-10.2.1/readline-8.1-vfjorqgtm
             qh3rl5ollaj4n2uusx4foez/include -I/p/vast1/build/spack/opt/spack/l
             inux-rhel7-broadwell/gcc-10.2.1/sqlite-3.37.2-osxyeivy7mdmhjyjwcsm
             4l7tooho6s2d/include -I/p/vast1/build/spack/opt/spack/linux-rhel7-
             broadwell/gcc-10.2.1/util-linux-uuid-2.37.4-26saxoixdjk3763nksg3aj
             mdzt5gyubu/include -I/p/vast1/build/spack/opt/spack/linux-rhel7-br
             oadwell/gcc-10.2.1/xz-5.2.5-d536jz4ora4tt45q72d2lklqr3dqx34m/inclu
             de -I/p/vast1/build/spack/opt/spack/linux-rhel7-broadwell/gcc-10.2
             .1/zlib-1.2.11-su2ldy5ofm424qnly3kitbbdgwovpfk4/include  -fPIC -DP
             y_BUILD_CORE -o Python/pyfpe.o /var/tmp/sochat1/spack-stage/spack-
             stage-python-3.3.6-uh2uijssyvwc5m2gnyk25nei2x5fxid5/spack-src/Pyth
             on/pyfpe.c
     1001    /var/tmp/sochat1/spack-stage/spack-stage-python-3.3.6-uh2uijssyvwc
             5m2gnyk25nei2x5fxid5/spack-src/Python/marshal.c: In function 'r_by
             te':
  >> 1002    /var/tmp/sochat1/spack-stage/spack-stage-python-3.3.6-uh2uijssyvwc
             5m2gnyk25nei2x5fxid5/spack-src/Python/marshal.c:528:15: warning: '
             ch' may be used uninitialized in this function [-Wmaybe-uninitiali
             zed]
     1003      528 |             c = ch;
     1004          |             ~~^~~~
     1005    /p/vast1/build/spack/lib/spack/env/gcc/gcc -pthread -c -Wno-unused
             -result -DNDEBUG -g -fwrapv -O3 -Wall -Wstrict-prototypes -fPIC   
              -I. -IInclude -I/var/tmp/sochat1/spack-stage/spack-stage-python-3
             .3.6-uh2uijssyvwc5m2gnyk25nei2x5fxid5/spack-src/Include -I/p/vast1
             /build/spack/opt/spack/linux-rhel7-broadwell/gcc-10.2.1/bzip2-1.0.
             8-jmjklgubcyryaddwqvzuvzeiq6zfqmst/include -I/p/vast1/build/spack/
             opt/spack/linux-rhel7-broadwell/gcc-10.2.1/expat-2.4.6-akiducmoeuf
             ix2d6beegvgbj5skm36ul/include -I/p/vast1/build/spack/opt/spack/lin
             ux-rhel7-broadwell/gcc-10.2.1/gdbm-1.23-nloqbvc3qve7h3pyuk7djuhk7h
             vuti54/include -I/p/vast1/build/spack/opt/spack/linux-rhel7-broadw
             ell/gcc-10.2.1/gettext-0.21-zrjvymznliicfcjx4lqkixtjo76ruzmr/inclu
             de -I/p/vast1/build/spack/opt/spack/linux-rhel7-broadwell/gcc-10.2
             .1/libffi-3.4.2-7vfnd7a5ankpytut3b4oqhktzrcbabfm/include -I/p/vast
             1/build/spack/opt/spack/linux-rhel7-broadwell/gcc-10.2.1/ncurses-6
             .2-2xef6sx47tqatqlceqguyz3rza5okbhy/include -I/p/vast1/build/spack
             /opt/spack/linux-rhel7-broadwell/gcc-10.2.1/readline-8.1-vfjorqgtm
             qh3rl5ollaj4n2uusx4foez/include -I/p/vast1/build/spack/opt/spack/l
             inux-rhel7-broadwell/gcc-10.2.1/sqlite-3.37.2-osxyeivy7mdmhjyjwcsm
             4l7tooho6s2d/include -I/p/vast1/build/spack/opt/spack/linux-rhel7-
             broadwell/gcc-10.2.1/util-linux-uuid-2.37.4-26saxoixdjk3763nksg3aj
             mdzt5gyubu/include -I/p/vast1/build/spack/opt/spack/linux-rhel7-br
             oadwell/gcc-10.2.1/xz-5.2.5-d536jz4ora4tt45q72d2lklqr3dqx34m/inclu
             de -I/p/vast1/build/spack/opt/spack/linux-rhel7-broadwell/gcc-10.2
             .1/zlib-1.2.11-su2ldy5ofm424qnly3kitbbdgwovpfk4/include  -fPIC -DP
             y_BUILD_CORE -o Python/pymath.o /var/tmp/sochat1/spack-stage/spack
             -stage-python-3.3.6-uh2uijssyvwc5m2gnyk25nei2x5fxid5/spack-src/Pyt
             hon/pymath.c
     1006    /p/vast1/build/spack/lib/spack/env/gcc/gcc -pthread -c -Wno-unused
             -result -DNDEBUG -g -fwrapv -O3 -Wall -Wstrict-prototypes -fPIC   
              -I. -IInclude -I/var/tmp/sochat1/spack-stage/spack-stage-python-3
             .3.6-uh2uijssyvwc5m2gnyk25nei2x5fxid5/spack-src/Include -I/p/vast1
             /build/spack/opt/spack/linux-rhel7-broadwell/gcc-10.2.1/bzip2-1.0.
             8-jmjklgubcyryaddwqvzuvzeiq6zfqmst/include -I/p/vast1/build/spack/
             opt/spack/linux-rhel7-broadwell/gcc-10.2.1/expat-2.4.6-akiducmoeuf
             ix2d6beegvgbj5skm36ul/include -I/p/vast1/build/spack/opt/spack/lin
             ux-rhel7-broadwell/gcc-10.2.1/gdbm-1.23-nloqbvc3qve7h3pyuk7djuhk7h
             vuti54/include -I/p/vast1/build/spack/opt/spack/linux-rhel7-broadw
             ell/gcc-10.2.1/gettext-0.21-zrjvymznliicfcjx4lqkixtjo76ruzmr/inclu
             de -I/p/vast1/build/spack/opt/spack/linux-rhel7-broadwell/gcc-10.2
             .1/libffi-3.4.2-7vfnd7a5ankpytut3b4oqhktzrcbabfm/include -I/p/vast
             1/build/spack/opt/spack/linux-rhel7-broadwell/gcc-10.2.1/ncurses-6
             .2-2xef6sx47tqatqlceqguyz3rza5okbhy/include -I/p/vast1/build/spack
             /opt/spack/linux-rhel7-broadwell/gcc-10.2.1/readline-8.1-vfjorqgtm
             qh3rl5ollaj4n2uusx4foez/include -I/p/vast1/build/spack/opt/spack/l
             inux-rhel7-broadwell/gcc-10.2.1/sqlite-3.37.2-osxyeivy7mdmhjyjwcsm
             4l7tooho6s2d/include -I/p/vast1/build/spack/opt/spack/linux-rhel7-
             broadwell/gcc-10.2.1/util-linux-uuid-2.37.4-26saxoixdjk3763nksg3aj
             mdzt5gyubu/include -I/p/vast1/build/spack/opt/spack/linux-rhel7-br
             oadwell/gcc-10.2.1/xz-5.2.5-d536jz4ora4tt45q72d2lklqr3dqx34m/inclu
             de -I/p/vast1/build/spack/opt/spack/linux-rhel7-broadwell/gcc-10.2
             .1/zlib-1.2.11-su2ldy5ofm424qnly3kitbbdgwovpfk4/include  -fPIC -DP
             y_BUILD_CORE -o Python/pystate.o /var/tmp/sochat1/spack-stage/spac
             k-stage-python-3.3.6-uh2uijssyvwc5m2gnyk25nei2x5fxid5/spack-src/Py
             thon/pystate.c
     1007    /p/vast1/build/spack/lib/spack/env/gcc/gcc -pthread -c -Wno-unused
             -result -DNDEBUG -g -fwrapv -O3 -Wall -Wstrict-prototypes -fPIC   
              -I. -IInclude -I/var/tmp/sochat1/spack-stage/spack-stage-python-3
             .3.6-uh2uijssyvwc5m2gnyk25nei2x5fxid5/spack-src/Include -I/p/vast1
             /build/spack/opt/spack/linux-rhel7-broadwell/gcc-10.2.1/bzip2-1.0.
             8-jmjklgubcyryaddwqvzuvzeiq6zfqmst/include -I/p/vast1/build/spack/
             opt/spack/linux-rhel7-broadwell/gcc-10.2.1/expat-2.4.6-akiducmoeuf
             ix2d6beegvgbj5skm36ul/include -I/p/vast1/build/spack/opt/spack/lin
             ux-rhel7-broadwell/gcc-10.2.1/gdbm-1.23-nloqbvc3qve7h3pyuk7djuhk7h
             vuti54/include -I/p/vast1/build/spack/opt/spack/linux-rhel7-broadw
             ell/gcc-10.2.1/gettext-0.21-zrjvymznliicfcjx4lqkixtjo76ruzmr/inclu
             de -I/p/vast1/build/spack/opt/spack/linux-rhel7-broadwell/gcc-10.2
             .1/libffi-3.4.2-7vfnd7a5ankpytut3b4oqhktzrcbabfm/include -I/p/vast
             1/build/spack/opt/spack/linux-rhel7-broadwell/gcc-10.2.1/ncurses-6
             .2-2xef6sx47tqatqlceqguyz3rza5okbhy/include -I/p/vast1/build/spack
             /opt/spack/linux-rhel7-broadwell/gcc-10.2.1/readline-8.1-vfjorqgtm
             qh3rl5ollaj4n2uusx4foez/include -I/p/vast1/build/spack/opt/spack/l
             inux-rhel7-broadwell/gcc-10.2.1/sqlite-3.37.2-osxyeivy7mdmhjyjwcsm
             4l7tooho6s2d/include -I/p/vast1/build/spack/opt/spack/linux-rhel7-
             broadwell/gcc-10.2.1/util-linux-uuid-2.37.4-26saxoixdjk3763nksg3aj
             mdzt5gyubu/include -I/p/vast1/build/spack/opt/spack/linux-rhel7-br
             oadwell/gcc-10.2.1/xz-5.2.5-d536jz4ora4tt45q72d2lklqr3dqx34m/inclu
             de -I/p/vast1/build/spack/opt/spack/linux-rhel7-broadwell/gcc-10.2
             .1/zlib-1.2.11-su2ldy5ofm424qnly3kitbbdgwovpfk4/include  -fPIC -DP
             y_BUILD_CORE -o Python/pythonrun.o /var/tmp/sochat1/spack-stage/sp
             ack-stage-python-3.3.6-uh2uijssyvwc5m2gnyk25nei2x5fxid5/spack-src/
             Python/pythonrun.c
     1008    /p/vast1/build/spack/lib/spack/env/gcc/gcc -pthread -c -Wno-unused
             -result -DNDEBUG -g -fwrapv -O3 -Wall -Wstrict-prototypes -fPIC   
              -I. -IInclude -I/var/tmp/sochat1/spack-stage/spack-stage-python-3
             .3.6-uh2uijssyvwc5m2gnyk25nei2x5fxid5/spack-src/Include -I/p/vast1
             /build/spack/opt/spack/linux-rhel7-broadwell/gcc-10.2.1/bzip2-1.0.
             8-jmjklgubcyryaddwqvzuvzeiq6zfqmst/include -I/p/vast1/build/spack/
             opt/spack/linux-rhel7-broadwell/gcc-10.2.1/expat-2.4.6-akiducmoeuf
             ix2d6beegvgbj5skm36ul/include -I/p/vast1/build/spack/opt/spack/lin
             ux-rhel7-broadwell/gcc-10.2.1/gdbm-1.23-nloqbvc3qve7h3pyuk7djuhk7h
             vuti54/include -I/p/vast1/build/spack/opt/spack/linux-rhel7-broadw
             ell/gcc-10.2.1/gettext-0.21-zrjvymznliicfcjx4lqkixtjo76ruzmr/inclu
             de -I/p/vast1/build/spack/opt/spack/linux-rhel7-broadwell/gcc-10.2
             .1/libffi-3.4.2-7vfnd7a5ankpytut3b4oqhktzrcbabfm/include -I/p/vast
             1/build/spack/opt/spack/linux-rhel7-broadwell/gcc-10.2.1/ncurses-6
             .2-2xef6sx47tqatqlceqguyz3rza5okbhy/include -I/p/vast1/build/spack
             /opt/spack/linux-rhel7-broadwell/gcc-10.2.1/readline-8.1-vfjorqgtm
             qh3rl5ollaj4n2uusx4foez/include -I/p/vast1/build/spack/opt/spack/l
             inux-rhel7-broadwell/gcc-10.2.1/sqlite-3.37.2-osxyeivy7mdmhjyjwcsm
             4l7tooho6s2d/include -I/p/vast1/build/spack/opt/spack/linux-rhel7-
             broadwell/gcc-10.2.1/util-linux-uuid-2.37.4-26saxoixdjk3763nksg3aj
             mdzt5gyubu/include -I/p/vast1/build/spack/opt/spack/linux-rhel7-br
             oadwell/gcc-10.2.1/xz-5.2.5-d536jz4ora4tt45q72d2lklqr3dqx34m/inclu
             de -I/p/vast1/build/spack/opt/spack/linux-rhel7-broadwell/gcc-10.2
             .1/zlib-1.2.11-su2ldy5ofm424qnly3kitbbdgwovpfk4/include  -fPIC -DP
             y_BUILD_CORE -o Python/pytime.o /var/tmp/sochat1/spack-stage/spack
             -stage-python-3.3.6-uh2uijssyvwc5m2gnyk25nei2x5fxid5/spack-src/Pyt
             hon/pytime.c

     ...

     1014    	-o Python/sysmodule.o /var/tmp/sochat1/spack-stage/spack-stage-py
             thon-3.3.6-uh2uijssyvwc5m2gnyk25nei2x5fxid5/spack-src/Python/sysmo
             dule.c
     1015    /p/vast1/build/spack/lib/spack/env/gcc/gcc -pthread -c -Wno-unused
             -result -DNDEBUG -g -fwrapv -O3 -Wall -Wstrict-prototypes -fPIC   
              -I. -IInclude -I/var/tmp/sochat1/spack-stage/spack-stage-python-3
             .3.6-uh2uijssyvwc5m2gnyk25nei2x5fxid5/spack-src/Include -I/p/vast1
             /build/spack/opt/spack/linux-rhel7-broadwell/gcc-10.2.1/bzip2-1.0.
             8-jmjklgubcyryaddwqvzuvzeiq6zfqmst/include -I/p/vast1/build/spack/
             opt/spack/linux-rhel7-broadwell/gcc-10.2.1/expat-2.4.6-akiducmoeuf
             ix2d6beegvgbj5skm36ul/include -I/p/vast1/build/spack/opt/spack/lin
             ux-rhel7-broadwell/gcc-10.2.1/gdbm-1.23-nloqbvc3qve7h3pyuk7djuhk7h
             vuti54/include -I/p/vast1/build/spack/opt/spack/linux-rhel7-broadw
             ell/gcc-10.2.1/gettext-0.21-zrjvymznliicfcjx4lqkixtjo76ruzmr/inclu
             de -I/p/vast1/build/spack/opt/spack/linux-rhel7-broadwell/gcc-10.2
             .1/libffi-3.4.2-7vfnd7a5ankpytut3b4oqhktzrcbabfm/include -I/p/vast
             1/build/spack/opt/spack/linux-rhel7-broadwell/gcc-10.2.1/ncurses-6
             .2-2xef6sx47tqatqlceqguyz3rza5okbhy/include -I/p/vast1/build/spack
             /opt/spack/linux-rhel7-broadwell/gcc-10.2.1/readline-8.1-vfjorqgtm
             qh3rl5ollaj4n2uusx4foez/include -I/p/vast1/build/spack/opt/spack/l
             inux-rhel7-broadwell/gcc-10.2.1/sqlite-3.37.2-osxyeivy7mdmhjyjwcsm
             4l7tooho6s2d/include -I/p/vast1/build/spack/opt/spack/linux-rhel7-
             broadwell/gcc-10.2.1/util-linux-uuid-2.37.4-26saxoixdjk3763nksg3aj
             mdzt5gyubu/include -I/p/vast1/build/spack/opt/spack/linux-rhel7-br
             oadwell/gcc-10.2.1/xz-5.2.5-d536jz4ora4tt45q72d2lklqr3dqx34m/inclu
             de -I/p/vast1/build/spack/opt/spack/linux-rhel7-broadwell/gcc-10.2
             .1/zlib-1.2.11-su2ldy5ofm424qnly3kitbbdgwovpfk4/include  -fPIC -DP
             y_BUILD_CORE -o Python/traceback.o /var/tmp/sochat1/spack-stage/sp
             ack-stage-python-3.3.6-uh2uijssyvwc5m2gnyk25nei2x5fxid5/spack-src/
             Python/traceback.c
     1016    /p/vast1/build/spack/lib/spack/env/gcc/gcc -pthread -c -Wno-unused
             -result -DNDEBUG -g -fwrapv -O3 -Wall -Wstrict-prototypes -fPIC   
              -I. -IInclude -I/var/tmp/sochat1/spack-stage/spack-stage-python-3
             .3.6-uh2uijssyvwc5m2gnyk25nei2x5fxid5/spack-src/Include -I/p/vast1
             /build/spack/opt/spack/linux-rhel7-broadwell/gcc-10.2.1/bzip2-1.0.
             8-jmjklgubcyryaddwqvzuvzeiq6zfqmst/include -I/p/vast1/build/spack/
             opt/spack/linux-rhel7-broadwell/gcc-10.2.1/expat-2.4.6-akiducmoeuf
             ix2d6beegvgbj5skm36ul/include -I/p/vast1/build/spack/opt/spack/lin
             ux-rhel7-broadwell/gcc-10.2.1/gdbm-1.23-nloqbvc3qve7h3pyuk7djuhk7h
             vuti54/include -I/p/vast1/build/spack/opt/spack/linux-rhel7-broadw
             ell/gcc-10.2.1/gettext-0.21-zrjvymznliicfcjx4lqkixtjo76ruzmr/inclu
             de -I/p/vast1/build/spack/opt/spack/linux-rhel7-broadwell/gcc-10.2
             .1/libffi-3.4.2-7vfnd7a5ankpytut3b4oqhktzrcbabfm/include -I/p/vast
             1/build/spack/opt/spack/linux-rhel7-broadwell/gcc-10.2.1/ncurses-6
             .2-2xef6sx47tqatqlceqguyz3rza5okbhy/include -I/p/vast1/build/spack
             /opt/spack/linux-rhel7-broadwell/gcc-10.2.1/readline-8.1-vfjorqgtm
             qh3rl5ollaj4n2uusx4foez/include -I/p/vast1/build/spack/opt/spack/l
             inux-rhel7-broadwell/gcc-10.2.1/sqlite-3.37.2-osxyeivy7mdmhjyjwcsm
             4l7tooho6s2d/include -I/p/vast1/build/spack/opt/spack/linux-rhel7-
             broadwell/gcc-10.2.1/util-linux-uuid-2.37.4-26saxoixdjk3763nksg3aj
             mdzt5gyubu/include -I/p/vast1/build/spack/opt/spack/linux-rhel7-br
             oadwell/gcc-10.2.1/xz-5.2.5-d536jz4ora4tt45q72d2lklqr3dqx34m/inclu
             de -I/p/vast1/build/spack/opt/spack/linux-rhel7-broadwell/gcc-10.2
             .1/zlib-1.2.11-su2ldy5ofm424qnly3kitbbdgwovpfk4/include  -fPIC -DP
             y_BUILD_CORE -o Python/getopt.o /var/tmp/sochat1/spack-stage/spack
             -stage-python-3.3.6-uh2uijssyvwc5m2gnyk25nei2x5fxid5/spack-src/Pyt
             hon/getopt.c
     1017    /p/vast1/build/spack/lib/spack/env/gcc/gcc -pthread -c -Wno-unused
             -result -DNDEBUG -g -fwrapv -O3 -Wall -Wstrict-prototypes -fPIC   
              -I. -IInclude -I/var/tmp/sochat1/spack-stage/spack-stage-python-3
             .3.6-uh2uijssyvwc5m2gnyk25nei2x5fxid5/spack-src/Include -I/p/vast1
             /build/spack/opt/spack/linux-rhel7-broadwell/gcc-10.2.1/bzip2-1.0.
             8-jmjklgubcyryaddwqvzuvzeiq6zfqmst/include -I/p/vast1/build/spack/
             opt/spack/linux-rhel7-broadwell/gcc-10.2.1/expat-2.4.6-akiducmoeuf
             ix2d6beegvgbj5skm36ul/include -I/p/vast1/build/spack/opt/spack/lin
             ux-rhel7-broadwell/gcc-10.2.1/gdbm-1.23-nloqbvc3qve7h3pyuk7djuhk7h
             vuti54/include -I/p/vast1/build/spack/opt/spack/linux-rhel7-broadw
             ell/gcc-10.2.1/gettext-0.21-zrjvymznliicfcjx4lqkixtjo76ruzmr/inclu
             de -I/p/vast1/build/spack/opt/spack/linux-rhel7-broadwell/gcc-10.2
             .1/libffi-3.4.2-7vfnd7a5ankpytut3b4oqhktzrcbabfm/include -I/p/vast
             1/build/spack/opt/spack/linux-rhel7-broadwell/gcc-10.2.1/ncurses-6
             .2-2xef6sx47tqatqlceqguyz3rza5okbhy/include -I/p/vast1/build/spack
             /opt/spack/linux-rhel7-broadwell/gcc-10.2.1/readline-8.1-vfjorqgtm
             qh3rl5ollaj4n2uusx4foez/include -I/p/vast1/build/spack/opt/spack/l
             inux-rhel7-broadwell/gcc-10.2.1/sqlite-3.37.2-osxyeivy7mdmhjyjwcsm
             4l7tooho6s2d/include -I/p/vast1/build/spack/opt/spack/linux-rhel7-
             broadwell/gcc-10.2.1/util-linux-uuid-2.37.4-26saxoixdjk3763nksg3aj
             mdzt5gyubu/include -I/p/vast1/build/spack/opt/spack/linux-rhel7-br
             oadwell/gcc-10.2.1/xz-5.2.5-d536jz4ora4tt45q72d2lklqr3dqx34m/inclu
             de -I/p/vast1/build/spack/opt/spack/linux-rhel7-broadwell/gcc-10.2
             .1/zlib-1.2.11-su2ldy5ofm424qnly3kitbbdgwovpfk4/include  -fPIC -DP
             y_BUILD_CORE -o Python/pystrcmp.o /var/tmp/sochat1/spack-stage/spa
             ck-stage-python-3.3.6-uh2uijssyvwc5m2gnyk25nei2x5fxid5/spack-src/P
             ython/pystrcmp.c
     1018    /p/vast1/build/spack/lib/spack/env/gcc/gcc -pthread -c -Wno-unused
             -result -DNDEBUG -g -fwrapv -O3 -Wall -Wstrict-prototypes -fPIC   
              -I. -IInclude -I/var/tmp/sochat1/spack-stage/spack-stage-python-3
             .3.6-uh2uijssyvwc5m2gnyk25nei2x5fxid5/spack-src/Include -I/p/vast1
             /build/spack/opt/spack/linux-rhel7-broadwell/gcc-10.2.1/bzip2-1.0.
             8-jmjklgubcyryaddwqvzuvzeiq6zfqmst/include -I/p/vast1/build/spack/
             opt/spack/linux-rhel7-broadwell/gcc-10.2.1/expat-2.4.6-akiducmoeuf
             ix2d6beegvgbj5skm36ul/include -I/p/vast1/build/spack/opt/spack/lin
             ux-rhel7-broadwell/gcc-10.2.1/gdbm-1.23-nloqbvc3qve7h3pyuk7djuhk7h
             vuti54/include -I/p/vast1/build/spack/opt/spack/linux-rhel7-broadw
             ell/gcc-10.2.1/gettext-0.21-zrjvymznliicfcjx4lqkixtjo76ruzmr/inclu
             de -I/p/vast1/build/spack/opt/spack/linux-rhel7-broadwell/gcc-10.2
             .1/libffi-3.4.2-7vfnd7a5ankpytut3b4oqhktzrcbabfm/include -I/p/vast
             1/build/spack/opt/spack/linux-rhel7-broadwell/gcc-10.2.1/ncurses-6
             .2-2xef6sx47tqatqlceqguyz3rza5okbhy/include -I/p/vast1/build/spack
             /opt/spack/linux-rhel7-broadwell/gcc-10.2.1/readline-8.1-vfjorqgtm
             qh3rl5ollaj4n2uusx4foez/include -I/p/vast1/build/spack/opt/spack/l
             inux-rhel7-broadwell/gcc-10.2.1/sqlite-3.37.2-osxyeivy7mdmhjyjwcsm
             4l7tooho6s2d/include -I/p/vast1/build/spack/opt/spack/linux-rhel7-
             broadwell/gcc-10.2.1/util-linux-uuid-2.37.4-26saxoixdjk3763nksg3aj
             mdzt5gyubu/include -I/p/vast1/build/spack/opt/spack/linux-rhel7-br
             oadwell/gcc-10.2.1/xz-5.2.5-d536jz4ora4tt45q72d2lklqr3dqx34m/inclu
             de -I/p/vast1/build/spack/opt/spack/linux-rhel7-broadwell/gcc-10.2
             .1/zlib-1.2.11-su2ldy5ofm424qnly3kitbbdgwovpfk4/include  -fPIC -DP
             y_BUILD_CORE -o Python/pystrtod.o /var/tmp/sochat1/spack-stage/spa
             ck-stage-python-3.3.6-uh2uijssyvwc5m2gnyk25nei2x5fxid5/spack-src/P
             ython/pystrtod.c
     1019    /var/tmp/sochat1/spack-stage/spack-stage-python-3.3.6-uh2uijssyvwc
             5m2gnyk25nei2x5fxid5/spack-src/Python/marshal.c: In function 'PyMa
             rshal_WriteLongToFile':
  >> 1020    /var/tmp/sochat1/spack-stage/spack-stage-python-3.3.6-uh2uijssyvwc
             5m2gnyk25nei2x5fxid5/spack-src/Python/marshal.c:72:35: warning: 'w
             f.ptr' may be used uninitialized in this function [-Wmaybe-uniniti
             alized]
     1021       72 |                       else if ((p)->ptr != (p)->end) *(p)-
             >ptr++ = (c); \
     1022          |                                   ^~
  >> 1023    /var/tmp/sochat1/spack-stage/spack-stage-python-3.3.6-uh2uijssyvwc
             5m2gnyk25nei2x5fxid5/spack-src/Python/marshal.c:72:47: warning: 'w
             f.end' may be used uninitialized in this function [-Wmaybe-uniniti
             alized]
     1024       72 |                       else if ((p)->ptr != (p)->end) *(p)-
             >ptr++ = (c); \
     1025          |                                               ^~
  >> 1026    /var/tmp/sochat1/spack-stage/spack-stage-python-3.3.6-uh2uijssyvwc
             5m2gnyk25nei2x5fxid5/spack-src/Python/marshal.c:79:10: warning: 'w
             f.str' may be used uninitialized in this function [-Wmaybe-uniniti
             alized]
     1027       79 |     if (p->str == NULL)
     1028          |         ~^~~~~
     1029    /p/vast1/build/spack/lib/spack/env/gcc/gcc -pthread -c -Wno-unused
             -result -DNDEBUG -g -fwrapv -O3 -Wall -Wstrict-prototypes -fPIC   
              -I. -IInclude -I/var/tmp/sochat1/spack-stage/spack-stage-python-3
             .3.6-uh2uijssyvwc5m2gnyk25nei2x5fxid5/spack-src/Include -I/p/vast1
             /build/spack/opt/spack/linux-rhel7-broadwell/gcc-10.2.1/bzip2-1.0.
             8-jmjklgubcyryaddwqvzuvzeiq6zfqmst/include -I/p/vast1/build/spack/
             opt/spack/linux-rhel7-broadwell/gcc-10.2.1/expat-2.4.6-akiducmoeuf
             ix2d6beegvgbj5skm36ul/include -I/p/vast1/build/spack/opt/spack/lin
             ux-rhel7-broadwell/gcc-10.2.1/gdbm-1.23-nloqbvc3qve7h3pyuk7djuhk7h
             vuti54/include -I/p/vast1/build/spack/opt/spack/linux-rhel7-broadw
             ell/gcc-10.2.1/gettext-0.21-zrjvymznliicfcjx4lqkixtjo76ruzmr/inclu
             de -I/p/vast1/build/spack/opt/spack/linux-rhel7-broadwell/gcc-10.2
             .1/libffi-3.4.2-7vfnd7a5ankpytut3b4oqhktzrcbabfm/include -I/p/vast
             1/build/spack/opt/spack/linux-rhel7-broadwell/gcc-10.2.1/ncurses-6
             .2-2xef6sx47tqatqlceqguyz3rza5okbhy/include -I/p/vast1/build/spack
             /opt/spack/linux-rhel7-broadwell/gcc-10.2.1/readline-8.1-vfjorqgtm
             qh3rl5ollaj4n2uusx4foez/include -I/p/vast1/build/spack/opt/spack/l
             inux-rhel7-broadwell/gcc-10.2.1/sqlite-3.37.2-osxyeivy7mdmhjyjwcsm
             4l7tooho6s2d/include -I/p/vast1/build/spack/opt/spack/linux-rhel7-
             broadwell/gcc-10.2.1/util-linux-uuid-2.37.4-26saxoixdjk3763nksg3aj
             mdzt5gyubu/include -I/p/vast1/build/spack/opt/spack/linux-rhel7-br
             oadwell/gcc-10.2.1/xz-5.2.5-d536jz4ora4tt45q72d2lklqr3dqx34m/inclu
             de -I/p/vast1/build/spack/opt/spack/linux-rhel7-broadwell/gcc-10.2
             .1/zlib-1.2.11-su2ldy5ofm424qnly3kitbbdgwovpfk4/include  -fPIC -DP
             y_BUILD_CORE -o Python/dtoa.o /var/tmp/sochat1/spack-stage/spack-s
             tage-python-3.3.6-uh2uijssyvwc5m2gnyk25nei2x5fxid5/spack-src/Pytho
             n/dtoa.c
     1030    /p/vast1/build/spack/lib/spack/env/gcc/gcc -pthread -c -Wno-unused
             -result -DNDEBUG -g -fwrapv -O3 -Wall -Wstrict-prototypes -fPIC   
              -I. -IInclude -I/var/tmp/sochat1/spack-stage/spack-stage-python-3
             .3.6-uh2uijssyvwc5m2gnyk25nei2x5fxid5/spack-src/Include -I/p/vast1
             /build/spack/opt/spack/linux-rhel7-broadwell/gcc-10.2.1/bzip2-1.0.
             8-jmjklgubcyryaddwqvzuvzeiq6zfqmst/include -I/p/vast1/build/spack/
             opt/spack/linux-rhel7-broadwell/gcc-10.2.1/expat-2.4.6-akiducmoeuf
             ix2d6beegvgbj5skm36ul/include -I/p/vast1/build/spack/opt/spack/lin
             ux-rhel7-broadwell/gcc-10.2.1/gdbm-1.23-nloqbvc3qve7h3pyuk7djuhk7h
             vuti54/include -I/p/vast1/build/spack/opt/spack/linux-rhel7-broadw
             ell/gcc-10.2.1/gettext-0.21-zrjvymznliicfcjx4lqkixtjo76ruzmr/inclu
             de -I/p/vast1/build/spack/opt/spack/linux-rhel7-broadwell/gcc-10.2
             .1/libffi-3.4.2-7vfnd7a5ankpytut3b4oqhktzrcbabfm/include -I/p/vast
             1/build/spack/opt/spack/linux-rhel7-broadwell/gcc-10.2.1/ncurses-6
             .2-2xef6sx47tqatqlceqguyz3rza5okbhy/include -I/p/vast1/build/spack
             /opt/spack/linux-rhel7-broadwell/gcc-10.2.1/readline-8.1-vfjorqgtm
             qh3rl5ollaj4n2uusx4foez/include -I/p/vast1/build/spack/opt/spack/l
             inux-rhel7-broadwell/gcc-10.2.1/sqlite-3.37.2-osxyeivy7mdmhjyjwcsm
             4l7tooho6s2d/include -I/p/vast1/build/spack/opt/spack/linux-rhel7-
             broadwell/gcc-10.2.1/util-linux-uuid-2.37.4-26saxoixdjk3763nksg3aj
             mdzt5gyubu/include -I/p/vast1/build/spack/opt/spack/linux-rhel7-br
             oadwell/gcc-10.2.1/xz-5.2.5-d536jz4ora4tt45q72d2lklqr3dqx34m/inclu
             de -I/p/vast1/build/spack/opt/spack/linux-rhel7-broadwell/gcc-10.2
             .1/zlib-1.2.11-su2ldy5ofm424qnly3kitbbdgwovpfk4/include  -fPIC -DP
             y_BUILD_CORE -o Python/formatter_unicode.o /var/tmp/sochat1/spack-
             stage/spack-stage-python-3.3.6-uh2uijssyvwc5m2gnyk25nei2x5fxid5/sp
             ack-src/Python/formatter_unicode.c
     1031    /p/vast1/build/spack/lib/spack/env/gcc/gcc -pthread -c -Wno-unused
             -result -DNDEBUG -g -fwrapv -O3 -Wall -Wstrict-prototypes -fPIC   
              -I. -IInclude -I/var/tmp/sochat1/spack-stage/spack-stage-python-3
             .3.6-uh2uijssyvwc5m2gnyk25nei2x5fxid5/spack-src/Include -I/p/vast1
             /build/spack/opt/spack/linux-rhel7-broadwell/gcc-10.2.1/bzip2-1.0.
             8-jmjklgubcyryaddwqvzuvzeiq6zfqmst/include -I/p/vast1/build/spack/
             opt/spack/linux-rhel7-broadwell/gcc-10.2.1/expat-2.4.6-akiducmoeuf
             ix2d6beegvgbj5skm36ul/include -I/p/vast1/build/spack/opt/spack/lin
             ux-rhel7-broadwell/gcc-10.2.1/gdbm-1.23-nloqbvc3qve7h3pyuk7djuhk7h
             vuti54/include -I/p/vast1/build/spack/opt/spack/linux-rhel7-broadw
             ell/gcc-10.2.1/gettext-0.21-zrjvymznliicfcjx4lqkixtjo76ruzmr/inclu
             de -I/p/vast1/build/spack/opt/spack/linux-rhel7-broadwell/gcc-10.2
             .1/libffi-3.4.2-7vfnd7a5ankpytut3b4oqhktzrcbabfm/include -I/p/vast
             1/build/spack/opt/spack/linux-rhel7-broadwell/gcc-10.2.1/ncurses-6
             .2-2xef6sx47tqatqlceqguyz3rza5okbhy/include -I/p/vast1/build/spack
             /opt/spack/linux-rhel7-broadwell/gcc-10.2.1/readline-8.1-vfjorqgtm
             qh3rl5ollaj4n2uusx4foez/include -I/p/vast1/build/spack/opt/spack/l
             inux-rhel7-broadwell/gcc-10.2.1/sqlite-3.37.2-osxyeivy7mdmhjyjwcsm
             4l7tooho6s2d/include -I/p/vast1/build/spack/opt/spack/linux-rhel7-
             broadwell/gcc-10.2.1/util-linux-uuid-2.37.4-26saxoixdjk3763nksg3aj
             mdzt5gyubu/include -I/p/vast1/build/spack/opt/spack/linux-rhel7-br
             oadwell/gcc-10.2.1/xz-5.2.5-d536jz4ora4tt45q72d2lklqr3dqx34m/inclu
             de -I/p/vast1/build/spack/opt/spack/linux-rhel7-broadwell/gcc-10.2
             .1/zlib-1.2.11-su2ldy5ofm424qnly3kitbbdgwovpfk4/include  -fPIC -DP
             y_BUILD_CORE -o Python/fileutils.o /var/tmp/sochat1/spack-stage/sp
             ack-stage-python-3.3.6-uh2uijssyvwc5m2gnyk25nei2x5fxid5/spack-src/
             Python/fileutils.c
     1032    In file included from /usr/include/string.h:633,
     1033                     from /var/tmp/sochat1/spack-stage/spack-stage-pyt
             hon-3.3.6-uh2uijssyvwc5m2gnyk25nei2x5fxid5/spack-src/Include/Pytho
             n.h:30,
     1034                     from /var/tmp/sochat1/spack-stage/spack-stage-pyt
             hon-3.3.6-uh2uijssyvwc5m2gnyk25nei2x5fxid5/spack-src/Python/pystrt
             od.c:3:
     1035    /var/tmp/sochat1/spack-stage/spack-stage-python-3.3.6-uh2uijssyvwc
             5m2gnyk25nei2x5fxid5/spack-src/Python/pystrtod.c: In function 'for
             mat_float_short':
  >> 1036    /var/tmp/sochat1/spack-stage/spack-stage-python-3.3.6-uh2uijssyvwc
             5m2gnyk25nei2x5fxid5/spack-src/Python/pystrtod.c:995:13: warning: 
             '__builtin_strncpy' output truncated before terminating nul copyin
             g 3 bytes from a string of the same length [-Wstringop-truncation]
     1037      995 |             strncpy(p, "ERR", 3);
     1038          |             ^~~~~~~
     1039    /p/vast1/build/spack/lib/spack/env/gcc/gcc -pthread -c -Wno-unused
             -result -DNDEBUG -g -fwrapv -O3 -Wall -Wstrict-prototypes -fPIC   
              -I. -IInclude -I/var/tmp/sochat1/spack-stage/spack-stage-python-3
             .3.6-uh2uijssyvwc5m2gnyk25nei2x5fxid5/spack-src/Include -I/p/vast1
             /build/spack/opt/spack/linux-rhel7-broadwell/gcc-10.2.1/bzip2-1.0.
             8-jmjklgubcyryaddwqvzuvzeiq6zfqmst/include -I/p/vast1/build/spack/
             opt/spack/linux-rhel7-broadwell/gcc-10.2.1/expat-2.4.6-akiducmoeuf
             ix2d6beegvgbj5skm36ul/include -I/p/vast1/build/spack/opt/spack/lin
             ux-rhel7-broadwell/gcc-10.2.1/gdbm-1.23-nloqbvc3qve7h3pyuk7djuhk7h
             vuti54/include -I/p/vast1/build/spack/opt/spack/linux-rhel7-broadw
             ell/gcc-10.2.1/gettext-0.21-zrjvymznliicfcjx4lqkixtjo76ruzmr/inclu
             de -I/p/vast1/build/spack/opt/spack/linux-rhel7-broadwell/gcc-10.2
             .1/libffi-3.4.2-7vfnd7a5ankpytut3b4oqhktzrcbabfm/include -I/p/vast
             1/build/spack/opt/spack/linux-rhel7-broadwell/gcc-10.2.1/ncurses-6
             .2-2xef6sx47tqatqlceqguyz3rza5okbhy/include -I/p/vast1/build/spack
             /opt/spack/linux-rhel7-broadwell/gcc-10.2.1/readline-8.1-vfjorqgtm
             qh3rl5ollaj4n2uusx4foez/include -I/p/vast1/build/spack/opt/spack/l
             inux-rhel7-broadwell/gcc-10.2.1/sqlite-3.37.2-osxyeivy7mdmhjyjwcsm
             4l7tooho6s2d/include -I/p/vast1/build/spack/opt/spack/linux-rhel7-
             broadwell/gcc-10.2.1/util-linux-uuid-2.37.4-26saxoixdjk3763nksg3aj
             mdzt5gyubu/include -I/p/vast1/build/spack/opt/spack/linux-rhel7-br
             oadwell/gcc-10.2.1/xz-5.2.5-d536jz4ora4tt45q72d2lklqr3dqx34m/inclu
             de -I/p/vast1/build/spack/opt/spack/linux-rhel7-broadwell/gcc-10.2
             .1/zlib-1.2.11-su2ldy5ofm424qnly3kitbbdgwovpfk4/include  -fPIC -DP
             y_BUILD_CORE \
     1040    	-DSOABI='"cpython-33m"' \
     1041    	-o Python/dynload_shlib.o /var/tmp/sochat1/spack-stage/spack-stag
             e-python-3.3.6-uh2uijssyvwc5m2gnyk25nei2x5fxid5/spack-src/Python/d
             ynload_shlib.c
     1042    /p/vast1/build/spack/lib/spack/env/gcc/gcc -pthread -c -Wno-unused
             -result -DNDEBUG -g -fwrapv -O3 -Wall -Wstrict-prototypes -fPIC   
              -I. -IInclude -I/var/tmp/sochat1/spack-stage/spack-stage-python-3
             .3.6-uh2uijssyvwc5m2gnyk25nei2x5fxid5/spack-src/Include -I/p/vast1
             /build/spack/opt/spack/linux-rhel7-broadwell/gcc-10.2.1/bzip2-1.0.
             8-jmjklgubcyryaddwqvzuvzeiq6zfqmst/include -I/p/vast1/build/spack/
             opt/spack/linux-rhel7-broadwell/gcc-10.2.1/expat-2.4.6-akiducmoeuf
             ix2d6beegvgbj5skm36ul/include -I/p/vast1/build/spack/opt/spack/lin
             ux-rhel7-broadwell/gcc-10.2.1/gdbm-1.23-nloqbvc3qve7h3pyuk7djuhk7h
             vuti54/include -I/p/vast1/build/spack/opt/spack/linux-rhel7-broadw
             ell/gcc-10.2.1/gettext-0.21-zrjvymznliicfcjx4lqkixtjo76ruzmr/inclu
             de -I/p/vast1/build/spack/opt/spack/linux-rhel7-broadwell/gcc-10.2
             .1/libffi-3.4.2-7vfnd7a5ankpytut3b4oqhktzrcbabfm/include -I/p/vast
             1/build/spack/opt/spack/linux-rhel7-broadwell/gcc-10.2.1/ncurses-6
             .2-2xef6sx47tqatqlceqguyz3rza5okbhy/include -I/p/vast1/build/spack
             /opt/spack/linux-rhel7-broadwell/gcc-10.2.1/readline-8.1-vfjorqgtm
             qh3rl5ollaj4n2uusx4foez/include -I/p/vast1/build/spack/opt/spack/l
             inux-rhel7-broadwell/gcc-10.2.1/sqlite-3.37.2-osxyeivy7mdmhjyjwcsm
             4l7tooho6s2d/include -I/p/vast1/build/spack/opt/spack/linux-rhel7-
             broadwell/gcc-10.2.1/util-linux-uuid-2.37.4-26saxoixdjk3763nksg3aj
             mdzt5gyubu/include -I/p/vast1/build/spack/opt/spack/linux-rhel7-br
             oadwell/gcc-10.2.1/xz-5.2.5-d536jz4ora4tt45q72d2lklqr3dqx34m/inclu
             de -I/p/vast1/build/spack/opt/spack/linux-rhel7-broadwell/gcc-10.2
             .1/zlib-1.2.11-su2ldy5ofm424qnly3kitbbdgwovpfk4/include  -fPIC -DP
             y_BUILD_CORE -o Python/thread.o /var/tmp/sochat1/spack-stage/spack
             -stage-python-3.3.6-uh2uijssyvwc5m2gnyk25nei2x5fxid5/spack-src/Pyt
             hon/thread.c

     ...

     1045    	-DPREFIX='"/p/vast1/build/spack/opt/spack/linux-rhel7-broadwell/g
             cc-10.2.1/python-3.3.6-uh2uijssyvwc5m2gnyk25nei2x5fxid5"' \
     1046    	-DEXEC_PREFIX='"/p/vast1/build/spack/opt/spack/linux-rhel7-broadw
             ell/gcc-10.2.1/python-3.3.6-uh2uijssyvwc5m2gnyk25nei2x5fxid5"' \
     1047    	-DVERSION='"3.3"' \
     1048    	-DVPATH='"/var/tmp/sochat1/spack-stage/spack-stage-python-3.3.6-u
             h2uijssyvwc5m2gnyk25nei2x5fxid5/spack-src"' \
     1049    	-o Modules/getpath.o /var/tmp/sochat1/spack-stage/spack-stage-pyt
             hon-3.3.6-uh2uijssyvwc5m2gnyk25nei2x5fxid5/spack-src/Modules/getpa
             th.c
     1050    /var/tmp/sochat1/spack-stage/spack-stage-python-3.3.6-uh2uijssyvwc
             5m2gnyk25nei2x5fxid5/spack-src/Objects/longobject.c: In function '
             _PyLong_Frexp':
  >> 1051    /var/tmp/sochat1/spack-stage/spack-stage-python-3.3.6-uh2uijssyvwc
             5m2gnyk25nei2x5fxid5/spack-src/Objects/longobject.c:2649:33: warni
             ng: 'x_digits[0]' may be used uninitialized in this function [-Wma
             ybe-uninitialized]
     1052     2649 |                     x_digits[0] |= 1;
     1053          |                                 ^~
     1054    /p/vast1/build/spack/lib/spack/env/gcc/gcc -pthread -c -Wno-unused
             -result -DNDEBUG -g -fwrapv -O3 -Wall -Wstrict-prototypes -fPIC   
              -I. -IInclude -I/var/tmp/sochat1/spack-stage/spack-stage-python-3
             .3.6-uh2uijssyvwc5m2gnyk25nei2x5fxid5/spack-src/Include -I/p/vast1
             /build/spack/opt/spack/linux-rhel7-broadwell/gcc-10.2.1/bzip2-1.0.
             8-jmjklgubcyryaddwqvzuvzeiq6zfqmst/include -I/p/vast1/build/spack/
             opt/spack/linux-rhel7-broadwell/gcc-10.2.1/expat-2.4.6-akiducmoeuf
             ix2d6beegvgbj5skm36ul/include -I/p/vast1/build/spack/opt/spack/lin
             ux-rhel7-broadwell/gcc-10.2.1/gdbm-1.23-nloqbvc3qve7h3pyuk7djuhk7h
             vuti54/include -I/p/vast1/build/spack/opt/spack/linux-rhel7-broadw
             ell/gcc-10.2.1/gettext-0.21-zrjvymznliicfcjx4lqkixtjo76ruzmr/inclu
             de -I/p/vast1/build/spack/opt/spack/linux-rhel7-broadwell/gcc-10.2
             .1/libffi-3.4.2-7vfnd7a5ankpytut3b4oqhktzrcbabfm/include -I/p/vast
             1/build/spack/opt/spack/linux-rhel7-broadwell/gcc-10.2.1/ncurses-6
             .2-2xef6sx47tqatqlceqguyz3rza5okbhy/include -I/p/vast1/build/spack
             /opt/spack/linux-rhel7-broadwell/gcc-10.2.1/readline-8.1-vfjorqgtm
             qh3rl5ollaj4n2uusx4foez/include -I/p/vast1/build/spack/opt/spack/l
             inux-rhel7-broadwell/gcc-10.2.1/sqlite-3.37.2-osxyeivy7mdmhjyjwcsm
             4l7tooho6s2d/include -I/p/vast1/build/spack/opt/spack/linux-rhel7-
             broadwell/gcc-10.2.1/util-linux-uuid-2.37.4-26saxoixdjk3763nksg3aj
             mdzt5gyubu/include -I/p/vast1/build/spack/opt/spack/linux-rhel7-br
             oadwell/gcc-10.2.1/xz-5.2.5-d536jz4ora4tt45q72d2lklqr3dqx34m/inclu
             de -I/p/vast1/build/spack/opt/spack/linux-rhel7-broadwell/gcc-10.2
             .1/zlib-1.2.11-su2ldy5ofm424qnly3kitbbdgwovpfk4/include  -fPIC -DP
             y_BUILD_CORE -o Modules/main.o /var/tmp/sochat1/spack-stage/spack-
             stage-python-3.3.6-uh2uijssyvwc5m2gnyk25nei2x5fxid5/spack-src/Modu
             les/main.c
     1055    /p/vast1/build/spack/lib/spack/env/gcc/gcc -pthread -c -Wno-unused
             -result -DNDEBUG -g -fwrapv -O3 -Wall -Wstrict-prototypes -fPIC   
              -I. -IInclude -I/var/tmp/sochat1/spack-stage/spack-stage-python-3
             .3.6-uh2uijssyvwc5m2gnyk25nei2x5fxid5/spack-src/Include -I/p/vast1
             /build/spack/opt/spack/linux-rhel7-broadwell/gcc-10.2.1/bzip2-1.0.
             8-jmjklgubcyryaddwqvzuvzeiq6zfqmst/include -I/p/vast1/build/spack/
             opt/spack/linux-rhel7-broadwell/gcc-10.2.1/expat-2.4.6-akiducmoeuf
             ix2d6beegvgbj5skm36ul/include -I/p/vast1/build/spack/opt/spack/lin
             ux-rhel7-broadwell/gcc-10.2.1/gdbm-1.23-nloqbvc3qve7h3pyuk7djuhk7h
             vuti54/include -I/p/vast1/build/spack/opt/spack/linux-rhel7-broadw
             ell/gcc-10.2.1/gettext-0.21-zrjvymznliicfcjx4lqkixtjo76ruzmr/inclu
             de -I/p/vast1/build/spack/opt/spack/linux-rhel7-broadwell/gcc-10.2
             .1/libffi-3.4.2-7vfnd7a5ankpytut3b4oqhktzrcbabfm/include -I/p/vast
             1/build/spack/opt/spack/linux-rhel7-broadwell/gcc-10.2.1/ncurses-6
             .2-2xef6sx47tqatqlceqguyz3rza5okbhy/include -I/p/vast1/build/spack
             /opt/spack/linux-rhel7-broadwell/gcc-10.2.1/readline-8.1-vfjorqgtm
             qh3rl5ollaj4n2uusx4foez/include -I/p/vast1/build/spack/opt/spack/l
             inux-rhel7-broadwell/gcc-10.2.1/sqlite-3.37.2-osxyeivy7mdmhjyjwcsm
             4l7tooho6s2d/include -I/p/vast1/build/spack/opt/spack/linux-rhel7-
             broadwell/gcc-10.2.1/util-linux-uuid-2.37.4-26saxoixdjk3763nksg3aj
             mdzt5gyubu/include -I/p/vast1/build/spack/opt/spack/linux-rhel7-br
             oadwell/gcc-10.2.1/xz-5.2.5-d536jz4ora4tt45q72d2lklqr3dqx34m/inclu
             de -I/p/vast1/build/spack/opt/spack/linux-rhel7-broadwell/gcc-10.2
             .1/zlib-1.2.11-su2ldy5ofm424qnly3kitbbdgwovpfk4/include  -fPIC -DP
             y_BUILD_CORE -o Modules/gcmodule.o /var/tmp/sochat1/spack-stage/sp
             ack-stage-python-3.3.6-uh2uijssyvwc5m2gnyk25nei2x5fxid5/spack-src/
             Modules/gcmodule.c
     1056    /p/vast1/build/spack/lib/spack/env/gcc/gcc -pthread -Wno-unused-re
             sult -DNDEBUG -g -fwrapv -O3 -Wall -Wstrict-prototypes -fPIC    -I
             . -IInclude -I/var/tmp/sochat1/spack-stage/spack-stage-python-3.3.
             6-uh2uijssyvwc5m2gnyk25nei2x5fxid5/spack-src/Include -I/p/vast1/bu
             ild/spack/opt/spack/linux-rhel7-broadwell/gcc-10.2.1/bzip2-1.0.8-j
             mjklgubcyryaddwqvzuvzeiq6zfqmst/include -I/p/vast1/build/spack/opt
             /spack/linux-rhel7-broadwell/gcc-10.2.1/expat-2.4.6-akiducmoeufix2
             d6beegvgbj5skm36ul/include -I/p/vast1/build/spack/opt/spack/linux-
             rhel7-broadwell/gcc-10.2.1/gdbm-1.23-nloqbvc3qve7h3pyuk7djuhk7hvut
             i54/include -I/p/vast1/build/spack/opt/spack/linux-rhel7-broadwell
             /gcc-10.2.1/gettext-0.21-zrjvymznliicfcjx4lqkixtjo76ruzmr/include 
             -I/p/vast1/build/spack/opt/spack/linux-rhel7-broadwell/gcc-10.2.1/
             libffi-3.4.2-7vfnd7a5ankpytut3b4oqhktzrcbabfm/include -I/p/vast1/b
             uild/spack/opt/spack/linux-rhel7-broadwell/gcc-10.2.1/ncurses-6.2-
             2xef6sx47tqatqlceqguyz3rza5okbhy/include -I/p/vast1/build/spack/op
             t/spack/linux-rhel7-broadwell/gcc-10.2.1/readline-8.1-vfjorqgtmqh3
             rl5ollaj4n2uusx4foez/include -I/p/vast1/build/spack/opt/spack/linu
             x-rhel7-broadwell/gcc-10.2.1/sqlite-3.37.2-osxyeivy7mdmhjyjwcsm4l7
             tooho6s2d/include -I/p/vast1/build/spack/opt/spack/linux-rhel7-bro
             adwell/gcc-10.2.1/util-linux-uuid-2.37.4-26saxoixdjk3763nksg3ajmdz
             t5gyubu/include -I/p/vast1/build/spack/opt/spack/linux-rhel7-broad
             well/gcc-10.2.1/xz-5.2.5-d536jz4ora4tt45q72d2lklqr3dqx34m/include 
             -I/p/vast1/build/spack/opt/spack/linux-rhel7-broadwell/gcc-10.2.1/
             zlib-1.2.11-su2ldy5ofm424qnly3kitbbdgwovpfk4/include  -fPIC -DPy_B
             UILD_CORE  -c /var/tmp/sochat1/spack-stage/spack-stage-python-3.3.
             6-uh2uijssyvwc5m2gnyk25nei2x5fxid5/spack-src/Modules/_threadmodule
             .c -o Modules/_threadmodule.o
     1057    /p/vast1/build/spack/lib/spack/env/gcc/gcc -pthread -Wno-unused-re
             sult -DNDEBUG -g -fwrapv -O3 -Wall -Wstrict-prototypes -fPIC    -I
             . -IInclude -I/var/tmp/sochat1/spack-stage/spack-stage-python-3.3.
             6-uh2uijssyvwc5m2gnyk25nei2x5fxid5/spack-src/Include -I/p/vast1/bu
             ild/spack/opt/spack/linux-rhel7-broadwell/gcc-10.2.1/bzip2-1.0.8-j
             mjklgubcyryaddwqvzuvzeiq6zfqmst/include -I/p/vast1/build/spack/opt
             /spack/linux-rhel7-broadwell/gcc-10.2.1/expat-2.4.6-akiducmoeufix2
             d6beegvgbj5skm36ul/include -I/p/vast1/build/spack/opt/spack/linux-
             rhel7-broadwell/gcc-10.2.1/gdbm-1.23-nloqbvc3qve7h3pyuk7djuhk7hvut
             i54/include -I/p/vast1/build/spack/opt/spack/linux-rhel7-broadwell
             /gcc-10.2.1/gettext-0.21-zrjvymznliicfcjx4lqkixtjo76ruzmr/include 
             -I/p/vast1/build/spack/opt/spack/linux-rhel7-broadwell/gcc-10.2.1/
             libffi-3.4.2-7vfnd7a5ankpytut3b4oqhktzrcbabfm/include -I/p/vast1/b
             uild/spack/opt/spack/linux-rhel7-broadwell/gcc-10.2.1/ncurses-6.2-
             2xef6sx47tqatqlceqguyz3rza5okbhy/include -I/p/vast1/build/spack/op
             t/spack/linux-rhel7-broadwell/gcc-10.2.1/readline-8.1-vfjorqgtmqh3
             rl5ollaj4n2uusx4foez/include -I/p/vast1/build/spack/opt/spack/linu
             x-rhel7-broadwell/gcc-10.2.1/sqlite-3.37.2-osxyeivy7mdmhjyjwcsm4l7
             tooho6s2d/include -I/p/vast1/build/spack/opt/spack/linux-rhel7-bro
             adwell/gcc-10.2.1/util-linux-uuid-2.37.4-26saxoixdjk3763nksg3ajmdz
             t5gyubu/include -I/p/vast1/build/spack/opt/spack/linux-rhel7-broad
             well/gcc-10.2.1/xz-5.2.5-d536jz4ora4tt45q72d2lklqr3dqx34m/include 
             -I/p/vast1/build/spack/opt/spack/linux-rhel7-broadwell/gcc-10.2.1/
             zlib-1.2.11-su2ldy5ofm424qnly3kitbbdgwovpfk4/include  -fPIC -DPy_B
             UILD_CORE  -c /var/tmp/sochat1/spack-stage/spack-stage-python-3.3.
             6-uh2uijssyvwc5m2gnyk25nei2x5fxid5/spack-src/Modules/signalmodule.
             c -o Modules/signalmodule.o

     ...

     1059    /p/vast1/build/spack/lib/spack/env/gcc/gcc -pthread -Wno-unused-re
             sult -DNDEBUG -g -fwrapv -O3 -Wall -Wstrict-prototypes -fPIC    -I
             . -IInclude -I/var/tmp/sochat1/spack-stage/spack-stage-python-3.3.
             6-uh2uijssyvwc5m2gnyk25nei2x5fxid5/spack-src/Include -I/p/vast1/bu
             ild/spack/opt/spack/linux-rhel7-broadwell/gcc-10.2.1/bzip2-1.0.8-j
             mjklgubcyryaddwqvzuvzeiq6zfqmst/include -I/p/vast1/build/spack/opt
             /spack/linux-rhel7-broadwell/gcc-10.2.1/expat-2.4.6-akiducmoeufix2
             d6beegvgbj5skm36ul/include -I/p/vast1/build/spack/opt/spack/linux-
             rhel7-broadwell/gcc-10.2.1/gdbm-1.23-nloqbvc3qve7h3pyuk7djuhk7hvut
             i54/include -I/p/vast1/build/spack/opt/spack/linux-rhel7-broadwell
             /gcc-10.2.1/gettext-0.21-zrjvymznliicfcjx4lqkixtjo76ruzmr/include 
             -I/p/vast1/build/spack/opt/spack/linux-rhel7-broadwell/gcc-10.2.1/
             libffi-3.4.2-7vfnd7a5ankpytut3b4oqhktzrcbabfm/include -I/p/vast1/b
             uild/spack/opt/spack/linux-rhel7-broadwell/gcc-10.2.1/ncurses-6.2-
             2xef6sx47tqatqlceqguyz3rza5okbhy/include -I/p/vast1/build/spack/op
             t/spack/linux-rhel7-broadwell/gcc-10.2.1/readline-8.1-vfjorqgtmqh3
             rl5ollaj4n2uusx4foez/include -I/p/vast1/build/spack/opt/spack/linu
             x-rhel7-broadwell/gcc-10.2.1/sqlite-3.37.2-osxyeivy7mdmhjyjwcsm4l7
             tooho6s2d/include -I/p/vast1/build/spack/opt/spack/linux-rhel7-bro
             adwell/gcc-10.2.1/util-linux-uuid-2.37.4-26saxoixdjk3763nksg3ajmdz
             t5gyubu/include -I/p/vast1/build/spack/opt/spack/linux-rhel7-broad
             well/gcc-10.2.1/xz-5.2.5-d536jz4ora4tt45q72d2lklqr3dqx34m/include 
             -I/p/vast1/build/spack/opt/spack/linux-rhel7-broadwell/gcc-10.2.1/
             zlib-1.2.11-su2ldy5ofm424qnly3kitbbdgwovpfk4/include  -fPIC -DPy_B
             UILD_CORE  -c /var/tmp/sochat1/spack-stage/spack-stage-python-3.3.
             6-uh2uijssyvwc5m2gnyk25nei2x5fxid5/spack-src/Modules/errnomodule.c
              -o Modules/errnomodule.o
     1060    /p/vast1/build/spack/lib/spack/env/gcc/gcc -pthread -Wno-unused-re
             sult -DNDEBUG -g -fwrapv -O3 -Wall -Wstrict-prototypes -fPIC    -I
             . -IInclude -I/var/tmp/sochat1/spack-stage/spack-stage-python-3.3.
             6-uh2uijssyvwc5m2gnyk25nei2x5fxid5/spack-src/Include -I/p/vast1/bu
             ild/spack/opt/spack/linux-rhel7-broadwell/gcc-10.2.1/bzip2-1.0.8-j
             mjklgubcyryaddwqvzuvzeiq6zfqmst/include -I/p/vast1/build/spack/opt
             /spack/linux-rhel7-broadwell/gcc-10.2.1/expat-2.4.6-akiducmoeufix2
             d6beegvgbj5skm36ul/include -I/p/vast1/build/spack/opt/spack/linux-
             rhel7-broadwell/gcc-10.2.1/gdbm-1.23-nloqbvc3qve7h3pyuk7djuhk7hvut
             i54/include -I/p/vast1/build/spack/opt/spack/linux-rhel7-broadwell
             /gcc-10.2.1/gettext-0.21-zrjvymznliicfcjx4lqkixtjo76ruzmr/include 
             -I/p/vast1/build/spack/opt/spack/linux-rhel7-broadwell/gcc-10.2.1/
             libffi-3.4.2-7vfnd7a5ankpytut3b4oqhktzrcbabfm/include -I/p/vast1/b
             uild/spack/opt/spack/linux-rhel7-broadwell/gcc-10.2.1/ncurses-6.2-
             2xef6sx47tqatqlceqguyz3rza5okbhy/include -I/p/vast1/build/spack/op
             t/spack/linux-rhel7-broadwell/gcc-10.2.1/readline-8.1-vfjorqgtmqh3
             rl5ollaj4n2uusx4foez/include -I/p/vast1/build/spack/opt/spack/linu
             x-rhel7-broadwell/gcc-10.2.1/sqlite-3.37.2-osxyeivy7mdmhjyjwcsm4l7
             tooho6s2d/include -I/p/vast1/build/spack/opt/spack/linux-rhel7-bro
             adwell/gcc-10.2.1/util-linux-uuid-2.37.4-26saxoixdjk3763nksg3ajmdz
             t5gyubu/include -I/p/vast1/build/spack/opt/spack/linux-rhel7-broad
             well/gcc-10.2.1/xz-5.2.5-d536jz4ora4tt45q72d2lklqr3dqx34m/include 
             -I/p/vast1/build/spack/opt/spack/linux-rhel7-broadwell/gcc-10.2.1/
             zlib-1.2.11-su2ldy5ofm424qnly3kitbbdgwovpfk4/include  -fPIC -DPy_B
             UILD_CORE  -c /var/tmp/sochat1/spack-stage/spack-stage-python-3.3.
             6-uh2uijssyvwc5m2gnyk25nei2x5fxid5/spack-src/Modules/pwdmodule.c -
             o Modules/pwdmodule.o
     1061    /p/vast1/build/spack/lib/spack/env/gcc/gcc -pthread -Wno-unused-re
             sult -DNDEBUG -g -fwrapv -O3 -Wall -Wstrict-prototypes -fPIC    -I
             . -IInclude -I/var/tmp/sochat1/spack-stage/spack-stage-python-3.3.
             6-uh2uijssyvwc5m2gnyk25nei2x5fxid5/spack-src/Include -I/p/vast1/bu
             ild/spack/opt/spack/linux-rhel7-broadwell/gcc-10.2.1/bzip2-1.0.8-j
             mjklgubcyryaddwqvzuvzeiq6zfqmst/include -I/p/vast1/build/spack/opt
             /spack/linux-rhel7-broadwell/gcc-10.2.1/expat-2.4.6-akiducmoeufix2
             d6beegvgbj5skm36ul/include -I/p/vast1/build/spack/opt/spack/linux-
             rhel7-broadwell/gcc-10.2.1/gdbm-1.23-nloqbvc3qve7h3pyuk7djuhk7hvut
             i54/include -I/p/vast1/build/spack/opt/spack/linux-rhel7-broadwell
             /gcc-10.2.1/gettext-0.21-zrjvymznliicfcjx4lqkixtjo76ruzmr/include 
             -I/p/vast1/build/spack/opt/spack/linux-rhel7-broadwell/gcc-10.2.1/
             libffi-3.4.2-7vfnd7a5ankpytut3b4oqhktzrcbabfm/include -I/p/vast1/b
             uild/spack/opt/spack/linux-rhel7-broadwell/gcc-10.2.1/ncurses-6.2-
             2xef6sx47tqatqlceqguyz3rza5okbhy/include -I/p/vast1/build/spack/op
             t/spack/linux-rhel7-broadwell/gcc-10.2.1/readline-8.1-vfjorqgtmqh3
             rl5ollaj4n2uusx4foez/include -I/p/vast1/build/spack/opt/spack/linu
             x-rhel7-broadwell/gcc-10.2.1/sqlite-3.37.2-osxyeivy7mdmhjyjwcsm4l7
             tooho6s2d/include -I/p/vast1/build/spack/opt/spack/linux-rhel7-bro
             adwell/gcc-10.2.1/util-linux-uuid-2.37.4-26saxoixdjk3763nksg3ajmdz
             t5gyubu/include -I/p/vast1/build/spack/opt/spack/linux-rhel7-broad
             well/gcc-10.2.1/xz-5.2.5-d536jz4ora4tt45q72d2lklqr3dqx34m/include 
             -I/p/vast1/build/spack/opt/spack/linux-rhel7-broadwell/gcc-10.2.1/
             zlib-1.2.11-su2ldy5ofm424qnly3kitbbdgwovpfk4/include  -fPIC -DPy_B
             UILD_CORE  -c /var/tmp/sochat1/spack-stage/spack-stage-python-3.3.
             6-uh2uijssyvwc5m2gnyk25nei2x5fxid5/spack-src/Modules/_sre.c -o Mod
             ules/_sre.o
     1062    In file included from /var/tmp/sochat1/spack-stage/spack-stage-pyt
             hon-3.3.6-uh2uijssyvwc5m2gnyk25nei2x5fxid5/spack-src/Include/Pytho
             n.h:66,
     1063                     from /var/tmp/sochat1/spack-stage/spack-stage-pyt
             hon-3.3.6-uh2uijssyvwc5m2gnyk25nei2x5fxid5/spack-src/Modules/posix
             module.c:28:
     1064    /var/tmp/sochat1/spack-stage/spack-stage-python-3.3.6-uh2uijssyvwc
             5m2gnyk25nei2x5fxid5/spack-src/Modules/posixmodule.c: In function 
             'parse_envlist':
  >> 1065    /var/tmp/sochat1/spack-stage/spack-stage-python-3.3.6-uh2uijssyvwc
             5m2gnyk25nei2x5fxid5/spack-src/Include/pymem.h:97:30: warning: '*'
              in boolean context, suggest '&&' instead [-Wint-in-bool-context]
     1066       97 |  ( (type *) PyMem_MALLOC((n) * sizeof(type)) ) )
     1067          |                              ^
  >> 1068    /var/tmp/sochat1/spack-stage/spack-stage-python-3.3.6-uh2uijssyvwc
             5m2gnyk25nei2x5fxid5/spack-src/Include/pymem.h:75:15: note: in def
             inition of macro 'PyMem_MALLOC'
     1069       75 |     : malloc((n) ? (n) : 1))
     1070          |               ^
  >> 1071    /var/tmp/sochat1/spack-stage/spack-stage-python-3.3.6-uh2uijssyvwc
             5m2gnyk25nei2x5fxid5/spack-src/Modules/posixmodule.c:4986:15: note
             : in expansion of macro 'PyMem_NEW'
     1072     4986 |     envlist = PyMem_NEW(char *, i + 1);
     1073          |               ^~~~~~~~~
  >> 1074    /var/tmp/sochat1/spack-stage/spack-stage-python-3.3.6-uh2uijssyvwc
             5m2gnyk25nei2x5fxid5/spack-src/Include/pymem.h:97:30: warning: '*'
              in boolean context, suggest '&&' instead [-Wint-in-bool-context]
     1075       97 |  ( (type *) PyMem_MALLOC((n) * sizeof(type)) ) )
     1076          |                              ^
  >> 1077    /var/tmp/sochat1/spack-stage/spack-stage-python-3.3.6-uh2uijssyvwc
             5m2gnyk25nei2x5fxid5/spack-src/Include/pymem.h:75:15: note: in def
             inition of macro 'PyMem_MALLOC'
     1078       75 |     : malloc((n) ? (n) : 1))
     1079          |               ^
  >> 1080    /var/tmp/sochat1/spack-stage/spack-stage-python-3.3.6-uh2uijssyvwc
             5m2gnyk25nei2x5fxid5/spack-src/Modules/posixmodule.c:5023:13: note
             : in expansion of macro 'PyMem_NEW'
     1081     5023 |         p = PyMem_NEW(char, len);
     1082          |             ^~~~~~~~~
     1083    /var/tmp/sochat1/spack-stage/spack-stage-python-3.3.6-uh2uijssyvwc
             5m2gnyk25nei2x5fxid5/spack-src/Modules/posixmodule.c: In function 
             'parse_arglist':
  >> 1084    /var/tmp/sochat1/spack-stage/spack-stage-python-3.3.6-uh2uijssyvwc
             5m2gnyk25nei2x5fxid5/spack-src/Include/pymem.h:97:30: warning: '*'
              in boolean context, suggest '&&' instead [-Wint-in-bool-context]
     1085       97 |  ( (type *) PyMem_MALLOC((n) * sizeof(type)) ) )
     1086          |                              ^
  >> 1087    /var/tmp/sochat1/spack-stage/spack-stage-python-3.3.6-uh2uijssyvwc
             5m2gnyk25nei2x5fxid5/spack-src/Include/pymem.h:75:15: note: in def
             inition of macro 'PyMem_MALLOC'
     1088       75 |     : malloc((n) ? (n) : 1))
     1089          |               ^
  >> 1090    /var/tmp/sochat1/spack-stage/spack-stage-python-3.3.6-uh2uijssyvwc
             5m2gnyk25nei2x5fxid5/spack-src/Modules/posixmodule.c:5058:23: note
             : in expansion of macro 'PyMem_NEW'
     1091     5058 |     char **argvlist = PyMem_NEW(char *, *argc+1);
     1092          |                       ^~~~~~~~~
     1093    /p/vast1/build/spack/lib/spack/env/gcc/gcc -pthread -Wno-unused-re
             sult -DNDEBUG -g -fwrapv -O3 -Wall -Wstrict-prototypes -fPIC    -I
             . -IInclude -I/var/tmp/sochat1/spack-stage/spack-stage-python-3.3.
             6-uh2uijssyvwc5m2gnyk25nei2x5fxid5/spack-src/Include -I/p/vast1/bu
             ild/spack/opt/spack/linux-rhel7-broadwell/gcc-10.2.1/bzip2-1.0.8-j
             mjklgubcyryaddwqvzuvzeiq6zfqmst/include -I/p/vast1/build/spack/opt
             /spack/linux-rhel7-broadwell/gcc-10.2.1/expat-2.4.6-akiducmoeufix2
             d6beegvgbj5skm36ul/include -I/p/vast1/build/spack/opt/spack/linux-
             rhel7-broadwell/gcc-10.2.1/gdbm-1.23-nloqbvc3qve7h3pyuk7djuhk7hvut
             i54/include -I/p/vast1/build/spack/opt/spack/linux-rhel7-broadwell
             /gcc-10.2.1/gettext-0.21-zrjvymznliicfcjx4lqkixtjo76ruzmr/include 
             -I/p/vast1/build/spack/opt/spack/linux-rhel7-broadwell/gcc-10.2.1/
             libffi-3.4.2-7vfnd7a5ankpytut3b4oqhktzrcbabfm/include -I/p/vast1/b
             uild/spack/opt/spack/linux-rhel7-broadwell/gcc-10.2.1/ncurses-6.2-
             2xef6sx47tqatqlceqguyz3rza5okbhy/include -I/p/vast1/build/spack/op
             t/spack/linux-rhel7-broadwell/gcc-10.2.1/readline-8.1-vfjorqgtmqh3
             rl5ollaj4n2uusx4foez/include -I/p/vast1/build/spack/opt/spack/linu
             x-rhel7-broadwell/gcc-10.2.1/sqlite-3.37.2-osxyeivy7mdmhjyjwcsm4l7
             tooho6s2d/include -I/p/vast1/build/spack/opt/spack/linux-rhel7-bro
             adwell/gcc-10.2.1/util-linux-uuid-2.37.4-26saxoixdjk3763nksg3ajmdz
             t5gyubu/include -I/p/vast1/build/spack/opt/spack/linux-rhel7-broad
             well/gcc-10.2.1/xz-5.2.5-d536jz4ora4tt45q72d2lklqr3dqx34m/include 
             -I/p/vast1/build/spack/opt/spack/linux-rhel7-broadwell/gcc-10.2.1/
             zlib-1.2.11-su2ldy5ofm424qnly3kitbbdgwovpfk4/include  -fPIC -DPy_B
             UILD_CORE  -c /var/tmp/sochat1/spack-stage/spack-stage-python-3.3.
             6-uh2uijssyvwc5m2gnyk25nei2x5fxid5/spack-src/Modules/_codecsmodule
             .c -o Modules/_codecsmodule.o
     1094    /p/vast1/build/spack/lib/spack/env/gcc/gcc -pthread -Wno-unused-re
             sult -DNDEBUG -g -fwrapv -O3 -Wall -Wstrict-prototypes -fPIC    -I
             . -IInclude -I/var/tmp/sochat1/spack-stage/spack-stage-python-3.3.
             6-uh2uijssyvwc5m2gnyk25nei2x5fxid5/spack-src/Include -I/p/vast1/bu
             ild/spack/opt/spack/linux-rhel7-broadwell/gcc-10.2.1/bzip2-1.0.8-j
             mjklgubcyryaddwqvzuvzeiq6zfqmst/include -I/p/vast1/build/spack/opt
             /spack/linux-rhel7-broadwell/gcc-10.2.1/expat-2.4.6-akiducmoeufix2
             d6beegvgbj5skm36ul/include -I/p/vast1/build/spack/opt/spack/linux-
             rhel7-broadwell/gcc-10.2.1/gdbm-1.23-nloqbvc3qve7h3pyuk7djuhk7hvut
             i54/include -I/p/vast1/build/spack/opt/spack/linux-rhel7-broadwell
             /gcc-10.2.1/gettext-0.21-zrjvymznliicfcjx4lqkixtjo76ruzmr/include 
             -I/p/vast1/build/spack/opt/spack/linux-rhel7-broadwell/gcc-10.2.1/
             libffi-3.4.2-7vfnd7a5ankpytut3b4oqhktzrcbabfm/include -I/p/vast1/b
             uild/spack/opt/spack/linux-rhel7-broadwell/gcc-10.2.1/ncurses-6.2-
             2xef6sx47tqatqlceqguyz3rza5okbhy/include -I/p/vast1/build/spack/op
             t/spack/linux-rhel7-broadwell/gcc-10.2.1/readline-8.1-vfjorqgtmqh3
             rl5ollaj4n2uusx4foez/include -I/p/vast1/build/spack/opt/spack/linu
             x-rhel7-broadwell/gcc-10.2.1/sqlite-3.37.2-osxyeivy7mdmhjyjwcsm4l7
             tooho6s2d/include -I/p/vast1/build/spack/opt/spack/linux-rhel7-bro
             adwell/gcc-10.2.1/util-linux-uuid-2.37.4-26saxoixdjk3763nksg3ajmdz
             t5gyubu/include -I/p/vast1/build/spack/opt/spack/linux-rhel7-broad
             well/gcc-10.2.1/xz-5.2.5-d536jz4ora4tt45q72d2lklqr3dqx34m/include 
             -I/p/vast1/build/spack/opt/spack/linux-rhel7-broadwell/gcc-10.2.1/
             zlib-1.2.11-su2ldy5ofm424qnly3kitbbdgwovpfk4/include  -fPIC -DPy_B
             UILD_CORE  -c /var/tmp/sochat1/spack-stage/spack-stage-python-3.3.
             6-uh2uijssyvwc5m2gnyk25nei2x5fxid5/spack-src/Modules/_weakref.c -o
              Modules/_weakref.o
     1095    /p/vast1/build/spack/lib/spack/env/gcc/gcc -pthread -Wno-unused-re
             sult -DNDEBUG -g -fwrapv -O3 -Wall -Wstrict-prototypes -fPIC    -I
             . -IInclude -I/var/tmp/sochat1/spack-stage/spack-stage-python-3.3.
             6-uh2uijssyvwc5m2gnyk25nei2x5fxid5/spack-src/Include -I/p/vast1/bu
             ild/spack/opt/spack/linux-rhel7-broadwell/gcc-10.2.1/bzip2-1.0.8-j
             mjklgubcyryaddwqvzuvzeiq6zfqmst/include -I/p/vast1/build/spack/opt
             /spack/linux-rhel7-broadwell/gcc-10.2.1/expat-2.4.6-akiducmoeufix2
             d6beegvgbj5skm36ul/include -I/p/vast1/build/spack/opt/spack/linux-
             rhel7-broadwell/gcc-10.2.1/gdbm-1.23-nloqbvc3qve7h3pyuk7djuhk7hvut
             i54/include -I/p/vast1/build/spack/opt/spack/linux-rhel7-broadwell
             /gcc-10.2.1/gettext-0.21-zrjvymznliicfcjx4lqkixtjo76ruzmr/include 
             -I/p/vast1/build/spack/opt/spack/linux-rhel7-broadwell/gcc-10.2.1/
             libffi-3.4.2-7vfnd7a5ankpytut3b4oqhktzrcbabfm/include -I/p/vast1/b
             uild/spack/opt/spack/linux-rhel7-broadwell/gcc-10.2.1/ncurses-6.2-
             2xef6sx47tqatqlceqguyz3rza5okbhy/include -I/p/vast1/build/spack/op
             t/spack/linux-rhel7-broadwell/gcc-10.2.1/readline-8.1-vfjorqgtmqh3
             rl5ollaj4n2uusx4foez/include -I/p/vast1/build/spack/opt/spack/linu
             x-rhel7-broadwell/gcc-10.2.1/sqlite-3.37.2-osxyeivy7mdmhjyjwcsm4l7
             tooho6s2d/include -I/p/vast1/build/spack/opt/spack/linux-rhel7-bro
             adwell/gcc-10.2.1/util-linux-uuid-2.37.4-26saxoixdjk3763nksg3ajmdz
             t5gyubu/include -I/p/vast1/build/spack/opt/spack/linux-rhel7-broad
             well/gcc-10.2.1/xz-5.2.5-d536jz4ora4tt45q72d2lklqr3dqx34m/include 
             -I/p/vast1/build/spack/opt/spack/linux-rhel7-broadwell/gcc-10.2.1/
             zlib-1.2.11-su2ldy5ofm424qnly3kitbbdgwovpfk4/include  -fPIC -DPy_B
             UILD_CORE  -c /var/tmp/sochat1/spack-stage/spack-stage-python-3.3.
             6-uh2uijssyvwc5m2gnyk25nei2x5fxid5/spack-src/Modules/_functoolsmod
             ule.c -o Modules/_functoolsmodule.o
     1096    /p/vast1/build/spack/lib/spack/env/gcc/gcc -pthread -Wno-unused-re
             sult -DNDEBUG -g -fwrapv -O3 -Wall -Wstrict-prototypes -fPIC    -I
             . -IInclude -I/var/tmp/sochat1/spack-stage/spack-stage-python-3.3.
             6-uh2uijssyvwc5m2gnyk25nei2x5fxid5/spack-src/Include -I/p/vast1/bu
             ild/spack/opt/spack/linux-rhel7-broadwell/gcc-10.2.1/bzip2-1.0.8-j
             mjklgubcyryaddwqvzuvzeiq6zfqmst/include -I/p/vast1/build/spack/opt
             /spack/linux-rhel7-broadwell/gcc-10.2.1/expat-2.4.6-akiducmoeufix2
             d6beegvgbj5skm36ul/include -I/p/vast1/build/spack/opt/spack/linux-
             rhel7-broadwell/gcc-10.2.1/gdbm-1.23-nloqbvc3qve7h3pyuk7djuhk7hvut
             i54/include -I/p/vast1/build/spack/opt/spack/linux-rhel7-broadwell
             /gcc-10.2.1/gettext-0.21-zrjvymznliicfcjx4lqkixtjo76ruzmr/include 
             -I/p/vast1/build/spack/opt/spack/linux-rhel7-broadwell/gcc-10.2.1/
             libffi-3.4.2-7vfnd7a5ankpytut3b4oqhktzrcbabfm/include -I/p/vast1/b
             uild/spack/opt/spack/linux-rhel7-broadwell/gcc-10.2.1/ncurses-6.2-
             2xef6sx47tqatqlceqguyz3rza5okbhy/include -I/p/vast1/build/spack/op
             t/spack/linux-rhel7-broadwell/gcc-10.2.1/readline-8.1-vfjorqgtmqh3
             rl5ollaj4n2uusx4foez/include -I/p/vast1/build/spack/opt/spack/linu
             x-rhel7-broadwell/gcc-10.2.1/sqlite-3.37.2-osxyeivy7mdmhjyjwcsm4l7
             tooho6s2d/include -I/p/vast1/build/spack/opt/spack/linux-rhel7-bro
             adwell/gcc-10.2.1/util-linux-uuid-2.37.4-26saxoixdjk3763nksg3ajmdz
             t5gyubu/include -I/p/vast1/build/spack/opt/spack/linux-rhel7-broad
             well/gcc-10.2.1/xz-5.2.5-d536jz4ora4tt45q72d2lklqr3dqx34m/include 
             -I/p/vast1/build/spack/opt/spack/linux-rhel7-broadwell/gcc-10.2.1/
             zlib-1.2.11-su2ldy5ofm424qnly3kitbbdgwovpfk4/include  -fPIC -DPy_B
             UILD_CORE  -c /var/tmp/sochat1/spack-stage/spack-stage-python-3.3.
             6-uh2uijssyvwc5m2gnyk25nei2x5fxid5/spack-src/Modules/operator.c -o
              Modules/operator.o

     ...

     1109    /p/vast1/build/spack/lib/spack/env/gcc/gcc -pthread -Wno-unused-re
             sult -DNDEBUG -g -fwrapv -O3 -Wall -Wstrict-prototypes -fPIC    -I
             . -IInclude -I/var/tmp/sochat1/spack-stage/spack-stage-python-3.3.
             6-uh2uijssyvwc5m2gnyk25nei2x5fxid5/spack-src/Include -I/p/vast1/bu
             ild/spack/opt/spack/linux-rhel7-broadwell/gcc-10.2.1/bzip2-1.0.8-j
             mjklgubcyryaddwqvzuvzeiq6zfqmst/include -I/p/vast1/build/spack/opt
             /spack/linux-rhel7-broadwell/gcc-10.2.1/expat-2.4.6-akiducmoeufix2
             d6beegvgbj5skm36ul/include -I/p/vast1/build/spack/opt/spack/linux-
             rhel7-broadwell/gcc-10.2.1/gdbm-1.23-nloqbvc3qve7h3pyuk7djuhk7hvut
             i54/include -I/p/vast1/build/spack/opt/spack/linux-rhel7-broadwell
             /gcc-10.2.1/gettext-0.21-zrjvymznliicfcjx4lqkixtjo76ruzmr/include 
             -I/p/vast1/build/spack/opt/spack/linux-rhel7-broadwell/gcc-10.2.1/
             libffi-3.4.2-7vfnd7a5ankpytut3b4oqhktzrcbabfm/include -I/p/vast1/b
             uild/spack/opt/spack/linux-rhel7-broadwell/gcc-10.2.1/ncurses-6.2-
             2xef6sx47tqatqlceqguyz3rza5okbhy/include -I/p/vast1/build/spack/op
             t/spack/linux-rhel7-broadwell/gcc-10.2.1/readline-8.1-vfjorqgtmqh3
             rl5ollaj4n2uusx4foez/include -I/p/vast1/build/spack/opt/spack/linu
             x-rhel7-broadwell/gcc-10.2.1/sqlite-3.37.2-osxyeivy7mdmhjyjwcsm4l7
             tooho6s2d/include -I/p/vast1/build/spack/opt/spack/linux-rhel7-bro
             adwell/gcc-10.2.1/util-linux-uuid-2.37.4-26saxoixdjk3763nksg3ajmdz
             t5gyubu/include -I/p/vast1/build/spack/opt/spack/linux-rhel7-broad
             well/gcc-10.2.1/xz-5.2.5-d536jz4ora4tt45q72d2lklqr3dqx34m/include 
             -I/p/vast1/build/spack/opt/spack/linux-rhel7-broadwell/gcc-10.2.1/
             zlib-1.2.11-su2ldy5ofm424qnly3kitbbdgwovpfk4/include  -fPIC -DPy_B
             UILD_CORE  -c /var/tmp/sochat1/spack-stage/spack-stage-python-3.3.
             6-uh2uijssyvwc5m2gnyk25nei2x5fxid5/spack-src/Modules/symtablemodul
             e.c -o Modules/symtablemodule.o
     1110    /p/vast1/build/spack/lib/spack/env/gcc/gcc -pthread -Wno-unused-re
             sult -DNDEBUG -g -fwrapv -O3 -Wall -Wstrict-prototypes -fPIC    -I
             . -IInclude -I/var/tmp/sochat1/spack-stage/spack-stage-python-3.3.
             6-uh2uijssyvwc5m2gnyk25nei2x5fxid5/spack-src/Include -I/p/vast1/bu
             ild/spack/opt/spack/linux-rhel7-broadwell/gcc-10.2.1/bzip2-1.0.8-j
             mjklgubcyryaddwqvzuvzeiq6zfqmst/include -I/p/vast1/build/spack/opt
             /spack/linux-rhel7-broadwell/gcc-10.2.1/expat-2.4.6-akiducmoeufix2
             d6beegvgbj5skm36ul/include -I/p/vast1/build/spack/opt/spack/linux-
             rhel7-broadwell/gcc-10.2.1/gdbm-1.23-nloqbvc3qve7h3pyuk7djuhk7hvut
             i54/include -I/p/vast1/build/spack/opt/spack/linux-rhel7-broadwell
             /gcc-10.2.1/gettext-0.21-zrjvymznliicfcjx4lqkixtjo76ruzmr/include 
             -I/p/vast1/build/spack/opt/spack/linux-rhel7-broadwell/gcc-10.2.1/
             libffi-3.4.2-7vfnd7a5ankpytut3b4oqhktzrcbabfm/include -I/p/vast1/b
             uild/spack/opt/spack/linux-rhel7-broadwell/gcc-10.2.1/ncurses-6.2-
             2xef6sx47tqatqlceqguyz3rza5okbhy/include -I/p/vast1/build/spack/op
             t/spack/linux-rhel7-broadwell/gcc-10.2.1/readline-8.1-vfjorqgtmqh3
             rl5ollaj4n2uusx4foez/include -I/p/vast1/build/spack/opt/spack/linu
             x-rhel7-broadwell/gcc-10.2.1/sqlite-3.37.2-osxyeivy7mdmhjyjwcsm4l7
             tooho6s2d/include -I/p/vast1/build/spack/opt/spack/linux-rhel7-bro
             adwell/gcc-10.2.1/util-linux-uuid-2.37.4-26saxoixdjk3763nksg3ajmdz
             t5gyubu/include -I/p/vast1/build/spack/opt/spack/linux-rhel7-broad
             well/gcc-10.2.1/xz-5.2.5-d536jz4ora4tt45q72d2lklqr3dqx34m/include 
             -I/p/vast1/build/spack/opt/spack/linux-rhel7-broadwell/gcc-10.2.1/
             zlib-1.2.11-su2ldy5ofm424qnly3kitbbdgwovpfk4/include  -fPIC -DPy_B
             UILD_CORE  -c /var/tmp/sochat1/spack-stage/spack-stage-python-3.3.
             6-uh2uijssyvwc5m2gnyk25nei2x5fxid5/spack-src/Modules/xxsubtype.c -
             o Modules/xxsubtype.o
     1111    /p/vast1/build/spack/lib/spack/env/gcc/gcc -pthread -c -Wno-unused
             -result -DNDEBUG -g -fwrapv -O3 -Wall -Wstrict-prototypes -fPIC   
              -I. -IInclude -I/var/tmp/sochat1/spack-stage/spack-stage-python-3
             .3.6-uh2uijssyvwc5m2gnyk25nei2x5fxid5/spack-src/Include -I/p/vast1
             /build/spack/opt/spack/linux-rhel7-broadwell/gcc-10.2.1/bzip2-1.0.
             8-jmjklgubcyryaddwqvzuvzeiq6zfqmst/include -I/p/vast1/build/spack/
             opt/spack/linux-rhel7-broadwell/gcc-10.2.1/expat-2.4.6-akiducmoeuf
             ix2d6beegvgbj5skm36ul/include -I/p/vast1/build/spack/opt/spack/lin
             ux-rhel7-broadwell/gcc-10.2.1/gdbm-1.23-nloqbvc3qve7h3pyuk7djuhk7h
             vuti54/include -I/p/vast1/build/spack/opt/spack/linux-rhel7-broadw
             ell/gcc-10.2.1/gettext-0.21-zrjvymznliicfcjx4lqkixtjo76ruzmr/inclu
             de -I/p/vast1/build/spack/opt/spack/linux-rhel7-broadwell/gcc-10.2
             .1/libffi-3.4.2-7vfnd7a5ankpytut3b4oqhktzrcbabfm/include -I/p/vast
             1/build/spack/opt/spack/linux-rhel7-broadwell/gcc-10.2.1/ncurses-6
             .2-2xef6sx47tqatqlceqguyz3rza5okbhy/include -I/p/vast1/build/spack
             /opt/spack/linux-rhel7-broadwell/gcc-10.2.1/readline-8.1-vfjorqgtm
             qh3rl5ollaj4n2uusx4foez/include -I/p/vast1/build/spack/opt/spack/l
             inux-rhel7-broadwell/gcc-10.2.1/sqlite-3.37.2-osxyeivy7mdmhjyjwcsm
             4l7tooho6s2d/include -I/p/vast1/build/spack/opt/spack/linux-rhel7-
             broadwell/gcc-10.2.1/util-linux-uuid-2.37.4-26saxoixdjk3763nksg3aj
             mdzt5gyubu/include -I/p/vast1/build/spack/opt/spack/linux-rhel7-br
             oadwell/gcc-10.2.1/xz-5.2.5-d536jz4ora4tt45q72d2lklqr3dqx34m/inclu
             de -I/p/vast1/build/spack/opt/spack/linux-rhel7-broadwell/gcc-10.2
             .1/zlib-1.2.11-su2ldy5ofm424qnly3kitbbdgwovpfk4/include  -fPIC -DP
             y_BUILD_CORE -o Python/frozen.o /var/tmp/sochat1/spack-stage/spack
             -stage-python-3.3.6-uh2uijssyvwc5m2gnyk25nei2x5fxid5/spack-src/Pyt
             hon/frozen.c
     1112    /usr/bin/install -c -m 644 /var/tmp/sochat1/spack-stage/spack-stag
             e-python-3.3.6-uh2uijssyvwc5m2gnyk25nei2x5fxid5/spack-src/Tools/gd
             b/libpython.py python-gdb.py
     1113    /p/vast1/build/spack/lib/spack/env/gcc/gcc -pthread -c -Wno-unused
             -result -DNDEBUG -g -fwrapv -O3 -Wall -Wstrict-prototypes -fPIC   
              -I. -IInclude -I/var/tmp/sochat1/spack-stage/spack-stage-python-3
             .3.6-uh2uijssyvwc5m2gnyk25nei2x5fxid5/spack-src/Include -I/p/vast1
             /build/spack/opt/spack/linux-rhel7-broadwell/gcc-10.2.1/bzip2-1.0.
             8-jmjklgubcyryaddwqvzuvzeiq6zfqmst/include -I/p/vast1/build/spack/
             opt/spack/linux-rhel7-broadwell/gcc-10.2.1/expat-2.4.6-akiducmoeuf
             ix2d6beegvgbj5skm36ul/include -I/p/vast1/build/spack/opt/spack/lin
             ux-rhel7-broadwell/gcc-10.2.1/gdbm-1.23-nloqbvc3qve7h3pyuk7djuhk7h
             vuti54/include -I/p/vast1/build/spack/opt/spack/linux-rhel7-broadw
             ell/gcc-10.2.1/gettext-0.21-zrjvymznliicfcjx4lqkixtjo76ruzmr/inclu
             de -I/p/vast1/build/spack/opt/spack/linux-rhel7-broadwell/gcc-10.2
             .1/libffi-3.4.2-7vfnd7a5ankpytut3b4oqhktzrcbabfm/include -I/p/vast
             1/build/spack/opt/spack/linux-rhel7-broadwell/gcc-10.2.1/ncurses-6
             .2-2xef6sx47tqatqlceqguyz3rza5okbhy/include -I/p/vast1/build/spack
             /opt/spack/linux-rhel7-broadwell/gcc-10.2.1/readline-8.1-vfjorqgtm
             qh3rl5ollaj4n2uusx4foez/include -I/p/vast1/build/spack/opt/spack/l
             inux-rhel7-broadwell/gcc-10.2.1/sqlite-3.37.2-osxyeivy7mdmhjyjwcsm
             4l7tooho6s2d/include -I/p/vast1/build/spack/opt/spack/linux-rhel7-
             broadwell/gcc-10.2.1/util-linux-uuid-2.37.4-26saxoixdjk3763nksg3aj
             mdzt5gyubu/include -I/p/vast1/build/spack/opt/spack/linux-rhel7-br
             oadwell/gcc-10.2.1/xz-5.2.5-d536jz4ora4tt45q72d2lklqr3dqx34m/inclu
             de -I/p/vast1/build/spack/opt/spack/linux-rhel7-broadwell/gcc-10.2
             .1/zlib-1.2.11-su2ldy5ofm424qnly3kitbbdgwovpfk4/include  -fPIC -DP
             y_BUILD_CORE -o Modules/_testembed.o /var/tmp/sochat1/spack-stage/
             spack-stage-python-3.3.6-uh2uijssyvwc5m2gnyk25nei2x5fxid5/spack-sr
             c/Modules/_testembed.c
     1114    /var/tmp/sochat1/spack-stage/spack-stage-python-3.3.6-uh2uijssyvwc
             5m2gnyk25nei2x5fxid5/spack-src/Modules/faulthandler.c: In function
              'stack_overflow.constprop':
  >> 1115    cc1: warning: function returns address of local variable [-Wreturn
             -local-addr]
  >> 1116    /var/tmp/sochat1/spack-stage/spack-stage-python-3.3.6-uh2uijssyvwc
             5m2gnyk25nei2x5fxid5/spack-src/Modules/faulthandler.c:903:19: note
             : declared here
     1117      903 |     unsigned char buffer[4096];
     1118          |                   ^~~~~~
     1119    /var/tmp/sochat1/spack-stage/spack-stage-python-3.3.6-uh2uijssyvwc
             5m2gnyk25nei2x5fxid5/spack-src/Modules/faulthandler.c: In function
              'faulthandler_stack_overflow':
  >> 1120    /var/tmp/sochat1/spack-stage/spack-stage-python-3.3.6-uh2uijssyvwc
             5m2gnyk25nei2x5fxid5/spack-src/Modules/faulthandler.c:920:30: warn
             ing: array subscript -13107200 is outside array bounds of 'size_t[
             1]' {aka 'long unsigned int[1]'} [-Warray-bounds]
     1121      920 |     stop = stack_overflow(sp - STACK_OVERFLOW_MAX_SIZE,
     1122          |                              ^
  >> 1123    /var/tmp/sochat1/spack-stage/spack-stage-python-3.3.6-uh2uijssyvwc
             5m2gnyk25nei2x5fxid5/spack-src/Modules/faulthandler.c:916:12: note
             : while referencing 'depth'
     1124      916 |     size_t depth, size;
     1125          |            ^~~~~
  >> 1126    /var/tmp/sochat1/spack-stage/spack-stage-python-3.3.6-uh2uijssyvwc
             5m2gnyk25nei2x5fxid5/spack-src/Modules/faulthandler.c:921:30: warn
             ing: array subscript 13107200 is outside array bounds of 'size_t[1
             ]' {aka 'long unsigned int[1]'} [-Warray-bounds]
     1127      921 |                           sp + STACK_OVERFLOW_MAX_SIZE,
     1128          |                              ^
  >> 1129    /var/tmp/sochat1/spack-stage/spack-stage-python-3.3.6-uh2uijssyvwc
             5m2gnyk25nei2x5fxid5/spack-src/Modules/faulthandler.c:916:12: note
             : while referencing 'depth'
     1130      916 |     size_t depth, size;
     1131          |            ^~~~~
     1132    /p/vast1/build/spack/lib/spack/env/gcc/gcc -pthread -c -Wno-unused
             -result -DNDEBUG -g -fwrapv -O3 -Wall -Wstrict-prototypes -fPIC   
              -I. -IInclude -I/var/tmp/sochat1/spack-stage/spack-stage-python-3
             .3.6-uh2uijssyvwc5m2gnyk25nei2x5fxid5/spack-src/Include -I/p/vast1
             /build/spack/opt/spack/linux-rhel7-broadwell/gcc-10.2.1/bzip2-1.0.
             8-jmjklgubcyryaddwqvzuvzeiq6zfqmst/include -I/p/vast1/build/spack/
             opt/spack/linux-rhel7-broadwell/gcc-10.2.1/expat-2.4.6-akiducmoeuf
             ix2d6beegvgbj5skm36ul/include -I/p/vast1/build/spack/opt/spack/lin
             ux-rhel7-broadwell/gcc-10.2.1/gdbm-1.23-nloqbvc3qve7h3pyuk7djuhk7h
             vuti54/include -I/p/vast1/build/spack/opt/spack/linux-rhel7-broadw
             ell/gcc-10.2.1/gettext-0.21-zrjvymznliicfcjx4lqkixtjo76ruzmr/inclu
             de -I/p/vast1/build/spack/opt/spack/linux-rhel7-broadwell/gcc-10.2
             .1/libffi-3.4.2-7vfnd7a5ankpytut3b4oqhktzrcbabfm/include -I/p/vast
             1/build/spack/opt/spack/linux-rhel7-broadwell/gcc-10.2.1/ncurses-6
             .2-2xef6sx47tqatqlceqguyz3rza5okbhy/include -I/p/vast1/build/spack
             /opt/spack/linux-rhel7-broadwell/gcc-10.2.1/readline-8.1-vfjorqgtm
             qh3rl5ollaj4n2uusx4foez/include -I/p/vast1/build/spack/opt/spack/l
             inux-rhel7-broadwell/gcc-10.2.1/sqlite-3.37.2-osxyeivy7mdmhjyjwcsm
             4l7tooho6s2d/include -I/p/vast1/build/spack/opt/spack/linux-rhel7-
             broadwell/gcc-10.2.1/util-linux-uuid-2.37.4-26saxoixdjk3763nksg3aj
             mdzt5gyubu/include -I/p/vast1/build/spack/opt/spack/linux-rhel7-br
             oadwell/gcc-10.2.1/xz-5.2.5-d536jz4ora4tt45q72d2lklqr3dqx34m/inclu
             de -I/p/vast1/build/spack/opt/spack/linux-rhel7-broadwell/gcc-10.2
             .1/zlib-1.2.11-su2ldy5ofm424qnly3kitbbdgwovpfk4/include  -fPIC -DP
             y_BUILD_CORE \
     1133          -DHGVERSION="\"`LC_ALL=C `\"" \
     1134          -DHGTAG="\"`LC_ALL=C `\"" \
     1135          -DHGBRANCH="\"`LC_ALL=C `\"" \

See build log for details:
  /var/tmp/sochat1/spack-stage/spack-stage-python-3.3.6-uh2uijssyvwc5m2gnyk25nei2x5fxid5/spack-build-out.txt

==> Warning: Python v3.2.6 may not install properly if Python user configurations are present.
==> Warning: Python v3.2.6 does not have the C++ "distutils" patch; errors may occur when installing Python modules w/ mixed C/C++ source files.
==> Error: ProcessError: Command exited with status 2:
    'make' '-j16' 'V=1'

1 error found in build log:
     1687    ar rc libpython3.2m.a Modules/_threadmodule.o  Modules/signalmodul
             e.o  Modules/posixmodule.o  Modules/errnomodule.o  Modules/pwdmodu
             le.o  Modules/_sre.o  Modules/_codecsmodule.o  Modules/_weakref.o 
              Modules/_functoolsmodule.o  Modules/operator.o  Modules/_collecti
             onsmodule.o  Modules/itertoolsmodule.o  Modules/_localemodule.o  M
             odules/_iomodule.o Modules/iobase.o Modules/fileio.o Modules/bytes
             io.o Modules/bufferedio.o Modules/textio.o Modules/stringio.o  Mod
             ules/zipimport.o  Modules/symtablemodule.o  Modules/xxsubtype.o
     1688    ranlib libpython3.2m.a
     1689    /p/vast1/build/spack/lib/spack/env/gcc/gcc -pthread -shared -L/p/v
             ast1/build/spack/opt/spack/linux-rhel7-broadwell/gcc-10.2.1/bzip2-
             1.0.8-jmjklgubcyryaddwqvzuvzeiq6zfqmst/lib -L/p/vast1/build/spack/
             opt/spack/linux-rhel7-broadwell/gcc-10.2.1/expat-2.4.6-akiducmoeuf
             ix2d6beegvgbj5skm36ul/lib -L/p/vast1/build/spack/opt/spack/linux-r
             hel7-broadwell/gcc-10.2.1/gdbm-1.23-nloqbvc3qve7h3pyuk7djuhk7hvuti
             54/lib -L/p/vast1/build/spack/opt/spack/linux-rhel7-broadwell/gcc-
             10.2.1/gettext-0.21-zrjvymznliicfcjx4lqkixtjo76ruzmr/lib -L/p/vast
             1/build/spack/opt/spack/linux-rhel7-broadwell/gcc-10.2.1/libffi-3.
             4.2-7vfnd7a5ankpytut3b4oqhktzrcbabfm/lib64 -L/p/vast1/build/spack/
             opt/spack/linux-rhel7-broadwell/gcc-10.2.1/ncurses-6.2-2xef6sx47tq
             atqlceqguyz3rza5okbhy/lib -L/p/vast1/build/spack/opt/spack/linux-r
             hel7-broadwell/gcc-10.2.1/readline-8.1-vfjorqgtmqh3rl5ollaj4n2uusx
             4foez/lib -L/p/vast1/build/spack/opt/spack/linux-rhel7-broadwell/g
             cc-10.2.1/sqlite-3.37.2-osxyeivy7mdmhjyjwcsm4l7tooho6s2d/lib -L/p/
             vast1/build/spack/opt/spack/linux-rhel7-broadwell/gcc-10.2.1/util-
             linux-uuid-2.37.4-26saxoixdjk3763nksg3ajmdzt5gyubu/lib -L/p/vast1/
             build/spack/opt/spack/linux-rhel7-broadwell/gcc-10.2.1/zlib-1.2.11
             -su2ldy5ofm424qnly3kitbbdgwovpfk4/lib  -Wl,--no-as-needed -o libpy
             thon3.so -Wl,-hlibpython3.so libpython3.2m.so
     1690    /p/vast1/build/spack/lib/spack/env/gcc/gcc -pthread -L/p/vast1/bui
             ld/spack/opt/spack/linux-rhel7-broadwell/gcc-10.2.1/bzip2-1.0.8-jm
             jklgubcyryaddwqvzuvzeiq6zfqmst/lib -L/p/vast1/build/spack/opt/spac
             k/linux-rhel7-broadwell/gcc-10.2.1/expat-2.4.6-akiducmoeufix2d6bee
             gvgbj5skm36ul/lib -L/p/vast1/build/spack/opt/spack/linux-rhel7-bro
             adwell/gcc-10.2.1/gdbm-1.23-nloqbvc3qve7h3pyuk7djuhk7hvuti54/lib -
             L/p/vast1/build/spack/opt/spack/linux-rhel7-broadwell/gcc-10.2.1/g
             ettext-0.21-zrjvymznliicfcjx4lqkixtjo76ruzmr/lib -L/p/vast1/build/
             spack/opt/spack/linux-rhel7-broadwell/gcc-10.2.1/libffi-3.4.2-7vfn
             d7a5ankpytut3b4oqhktzrcbabfm/lib64 -L/p/vast1/build/spack/opt/spac
             k/linux-rhel7-broadwell/gcc-10.2.1/ncurses-6.2-2xef6sx47tqatqlceqg
             uyz3rza5okbhy/lib -L/p/vast1/build/spack/opt/spack/linux-rhel7-bro
             adwell/gcc-10.2.1/readline-8.1-vfjorqgtmqh3rl5ollaj4n2uusx4foez/li
             b -L/p/vast1/build/spack/opt/spack/linux-rhel7-broadwell/gcc-10.2.
             1/sqlite-3.37.2-osxyeivy7mdmhjyjwcsm4l7tooho6s2d/lib -L/p/vast1/bu
             ild/spack/opt/spack/linux-rhel7-broadwell/gcc-10.2.1/util-linux-uu
             id-2.37.4-26saxoixdjk3763nksg3ajmdzt5gyubu/lib -L/p/vast1/build/sp
             ack/opt/spack/linux-rhel7-broadwell/gcc-10.2.1/zlib-1.2.11-su2ldy5
             ofm424qnly3kitbbdgwovpfk4/lib  -Xlinker -export-dynamic -o python 
             Modules/python.o -L. -lpython3.2m -lintl -lpthread -ldl  -lutil   
             -lm
     1691    /p/vast1/build/spack/lib/spack/env/gcc/gcc -pthread -L/p/vast1/bui
             ld/spack/opt/spack/linux-rhel7-broadwell/gcc-10.2.1/bzip2-1.0.8-jm
             jklgubcyryaddwqvzuvzeiq6zfqmst/lib -L/p/vast1/build/spack/opt/spac
             k/linux-rhel7-broadwell/gcc-10.2.1/expat-2.4.6-akiducmoeufix2d6bee
             gvgbj5skm36ul/lib -L/p/vast1/build/spack/opt/spack/linux-rhel7-bro
             adwell/gcc-10.2.1/gdbm-1.23-nloqbvc3qve7h3pyuk7djuhk7hvuti54/lib -
             L/p/vast1/build/spack/opt/spack/linux-rhel7-broadwell/gcc-10.2.1/g
             ettext-0.21-zrjvymznliicfcjx4lqkixtjo76ruzmr/lib -L/p/vast1/build/
             spack/opt/spack/linux-rhel7-broadwell/gcc-10.2.1/libffi-3.4.2-7vfn
             d7a5ankpytut3b4oqhktzrcbabfm/lib64 -L/p/vast1/build/spack/opt/spac
             k/linux-rhel7-broadwell/gcc-10.2.1/ncurses-6.2-2xef6sx47tqatqlceqg
             uyz3rza5okbhy/lib -L/p/vast1/build/spack/opt/spack/linux-rhel7-bro
             adwell/gcc-10.2.1/readline-8.1-vfjorqgtmqh3rl5ollaj4n2uusx4foez/li
             b -L/p/vast1/build/spack/opt/spack/linux-rhel7-broadwell/gcc-10.2.
             1/sqlite-3.37.2-osxyeivy7mdmhjyjwcsm4l7tooho6s2d/lib -L/p/vast1/bu
             ild/spack/opt/spack/linux-rhel7-broadwell/gcc-10.2.1/util-linux-uu
             id-2.37.4-26saxoixdjk3763nksg3ajmdzt5gyubu/lib -L/p/vast1/build/sp
             ack/opt/spack/linux-rhel7-broadwell/gcc-10.2.1/zlib-1.2.11-su2ldy5
             ofm424qnly3kitbbdgwovpfk4/lib  -Xlinker -export-dynamic -o Modules
             /_testembed Modules/_testembed.o -L. -lpython3.2m -lintl -lpthread
              -ldl  -lutil   -lm
     1692    /bin/sh: line 5: 59357 Segmentation fault      (core dumped) LD_LI
             BRARY_PATH=/tmp/sochat1/spack-stage/spack-stage-python-3.2.6-2slpi
             u3cxug2kkfo7okxvtlmwlrko5ep/spack-src/spack-build: CC='/p/vast1/bu
             ild/spack/lib/spack/env/gcc/gcc -pthread' LDSHARED='/p/vast1/build
             /spack/lib/spack/env/gcc/gcc -pthread -shared -L/p/vast1/build/spa
             ck/opt/spack/linux-rhel7-broadwell/gcc-10.2.1/bzip2-1.0.8-jmjklgub
             cyryaddwqvzuvzeiq6zfqmst/lib -L/p/vast1/build/spack/opt/spack/linu
             x-rhel7-broadwell/gcc-10.2.1/expat-2.4.6-akiducmoeufix2d6beegvgbj5
             skm36ul/lib -L/p/vast1/build/spack/opt/spack/linux-rhel7-broadwell
             /gcc-10.2.1/gdbm-1.23-nloqbvc3qve7h3pyuk7djuhk7hvuti54/lib -L/p/va
             st1/build/spack/opt/spack/linux-rhel7-broadwell/gcc-10.2.1/gettext
             -0.21-zrjvymznliicfcjx4lqkixtjo76ruzmr/lib -L/p/vast1/build/spack/
             opt/spack/linux-rhel7-broadwell/gcc-10.2.1/libffi-3.4.2-7vfnd7a5an
             kpytut3b4oqhktzrcbabfm/lib64 -L/p/vast1/build/spack/opt/spack/linu
             x-rhel7-broadwell/gcc-10.2.1/ncurses-6.2-2xef6sx47tqatqlceqguyz3rz
             a5okbhy/lib -L/p/vast1/build/spack/opt/spack/linux-rhel7-broadwell
             /gcc-10.2.1/readline-8.1-vfjorqgtmqh3rl5ollaj4n2uusx4foez/lib -L/p
             /vast1/build/spack/opt/spack/linux-rhel7-broadwell/gcc-10.2.1/sqli
             te-3.37.2-osxyeivy7mdmhjyjwcsm4l7tooho6s2d/lib -L/p/vast1/build/sp
             ack/opt/spack/linux-rhel7-broadwell/gcc-10.2.1/util-linux-uuid-2.3
             7.4-26saxoixdjk3763nksg3ajmdzt5gyubu/lib -L/p/vast1/build/spack/op
             t/spack/linux-rhel7-broadwell/gcc-10.2.1/zlib-1.2.11-su2ldy5ofm424
             qnly3kitbbdgwovpfk4/lib ' OPT='-DNDEBUG -g -fwrapv -O3 -Wall -Wstr
             ict-prototypes' ./python -E /var/tmp/sochat1/spack-stage/spack-sta
             ge-python-3.2.6-2slpiu3cxug2kkfo7okxvtlmwlrko5ep/spack-src/setup.p
             y $quiet build
  >> 1693    make: *** [sharedmods] Error 139

See build log for details:
  /var/tmp/sochat1/spack-stage/spack-stage-python-3.2.6-2slpiu3cxug2kkfo7okxvtlmwlrko5ep/spack-build-out.txt

==> Warning: using "python@3.1.5" which is a deprecated version
==> Warning: Python v3.1.5 may not install properly if Python user configurations are present.
==> Warning: Python v3.1.5 does not have the C++ "distutils" patch; errors may occur when installing Python modules w/ mixed C/C++ source files.
==> Warning: python@3.1.5 is deprecated and may be removed in a future Spack release.
==> Error: FetchError: Will not fetch python@3.1.5
    If you are willing to be a maintainer for this version of the package, submit a PR to remove `deprecated=False`, or use `--deprecated` to skip this check.

/p/vast1/build/spack/lib/spack/spack/package.py:1395, in do_fetch:
       1392                        dp_msg))
       1393
       1394            if not ignore_deprecation:
  >>   1395                raise FetchError("Will not fetch {0}".format(
       1396                    self.spec.format('{name}{@version}')), dp_msg)
       1397
       1398        self.stage.create()


slurmstepd: error: *** JOB 2468339 ON borax42 CANCELLED AT 2022-03-02T04:12:03 DUE TO TIME LIMIT ***
