slurmstepd: error: *** JOB 96730 ON oslic10 CANCELLED AT 2022-02-24T23:18:57 DUE TO TIME LIMIT ***
/var/spool/slurmd/job100081/slurm_script: line 12: 53338 Killed                  spliced splice --package darshan-runtime@3.0.0 --splice openmpi --runner spack --replace openmpi --experiment experiment --outfile /p/vast1/build/spliced-experiment/results/darshan-runtime/3.0.0/openmpi/experiment.json
==> Error: ProcessError: Command exited with status 77:
    '/tmp/sochat1/spack-stage/spack-stage-darshan-runtime-3.0.0-zg6hyderb6tgrtatov26mqw5f7g4b7gm/spack-src/darshan-runtime/configure' '--prefix=/p/vast1/build/spack/opt/spack/linux-rhel7-broadwell/gcc-10.2.1/darshan-runtime-3.0.0-zg6hyderb6tgrtatov26mqw5f7g4b7gm' '--with-mem-align=8' '--with-log-path-by-env=DARSHAN_LOG_DIR_PATH' '--with-jobid-env=NONE' '--with-zlib=/p/vast1/build/spack/opt/spack/linux-rhel7-broadwell/gcc-10.2.1/zlib-1.2.11-su2ldy5ofm424qnly3kitbbdgwovpfk4' 'CC=/p/vast1/build/spack/opt/spack/linux-rhel7-broadwell/gcc-10.2.1/openmpi-4.1.2-mtnsjnbj5kuefhd6gtupaglpuytu6vhz/bin/mpicc'

2 errors found in build log:
     1    ==> darshan-runtime: Executing phase: 'autoreconf'
     2    ==> darshan-runtime: Executing phase: 'configure'
     3    ==> [2022-03-01-22:26:17.659017] '/tmp/sochat1/spack-stage/spack-stag
          e-darshan-runtime-3.0.0-zg6hyderb6tgrtatov26mqw5f7g4b7gm/spack-src/da
          rshan-runtime/configure' '--prefix=/p/vast1/build/spack/opt/spack/lin
          ux-rhel7-broadwell/gcc-10.2.1/darshan-runtime-3.0.0-zg6hyderb6tgrtato
          v26mqw5f7g4b7gm' '--with-mem-align=8' '--with-log-path-by-env=DARSHAN
          _LOG_DIR_PATH' '--with-jobid-env=NONE' '--with-zlib=/p/vast1/build/sp
          ack/opt/spack/linux-rhel7-broadwell/gcc-10.2.1/zlib-1.2.11-su2ldy5ofm
          424qnly3kitbbdgwovpfk4' 'CC=/p/vast1/build/spack/opt/spack/linux-rhel
          7-broadwell/gcc-10.2.1/openmpi-4.1.2-mtnsjnbj5kuefhd6gtupaglpuytu6vhz
          /bin/mpicc'
     4    checking for a BSD-compatible install... /usr/bin/install -c
     5    checking whether the mpicc compiler works... checking for gcc... /p/v
          ast1/build/spack/opt/spack/linux-rhel7-broadwell/gcc-10.2.1/openmpi-4
          .1.2-mtnsjnbj5kuefhd6gtupaglpuytu6vhz/bin/mpicc
     6    checking whether the C compiler works... no
  >> 7    configure: error: in `/tmp/sochat1/spack-stage/spack-stage-darshan-ru
          ntime-3.0.0-zg6hyderb6tgrtatov26mqw5f7g4b7gm/spack-src/darshan-runtim
          e':
  >> 8    configure: error: C compiler cannot create executables
     9    See `config.log' for more details

See build log for details:
  /var/tmp/sochat1/spack-stage/spack-stage-darshan-runtime-3.0.0-zg6hyderb6tgrtatov26mqw5f7g4b7gm/spack-build-out.txt

Making predictions for spack-test
Making predictions for symbolator
Making predictions for libabigail
abicompat not found on path, will look for spack instead.
Making predictions for actual
