==> Warning: Missing a source id for hpctoolkit@2022.01.15
Process Process-1:
Traceback (most recent call last):
  File "/p/vast1/build/spack/lib/spack/spack/fetch_strategy.py", line 1551, in _extrapolate
    return URLFetchStrategy(pkg.url_for_version(version),
  File "/p/vast1/build/spack/lib/spack/spack/package.py", line 962, in url_for_version
    raise NoURLError(self.__class__)
spack.package.NoURLError: Package Hpctoolkit has no version with a URL.

During handling of the above exception, another exception occurred:

Traceback (most recent call last):
  File "/p/vast1/build/spack/lib/spack/spack/build_environment.py", line 1035, in _setup_pkg_and_run
    return_value = function(pkg, kwargs)
  File "/p/vast1/build/spack/lib/spack/spack/installer.py", line 1958, in build_process
    return installer.run()
  File "/p/vast1/build/spack/lib/spack/spack/installer.py", line 1783, in run
    self.pkg.do_patch()
  File "/p/vast1/build/spack/lib/spack/spack/package.py", line 1423, in do_patch
    self.do_stage()
  File "/p/vast1/build/spack/lib/spack/spack/package.py", line 1404, in do_stage
    self.stage.create()
  File "/p/vast1/build/spack/lib/spack/spack/package.py", line 1035, in stage
    self._stage = self._make_stage()
  File "/p/vast1/build/spack/lib/spack/spack/package.py", line 1006, in _make_stage
    composite_fetcher = self.fetcher
  File "/p/vast1/build/spack/lib/spack/spack/package.py", line 1151, in fetcher
    self._fetcher = self._make_fetcher()
  File "/p/vast1/build/spack/lib/spack/spack/package.py", line 1137, in _make_fetcher
    root_fetcher = fs.for_package_version(self, self.version)
  File "/p/vast1/build/spack/lib/spack/spack/fetch_strategy.py", line 1600, in for_package_version
    return _extrapolate(pkg, version)
  File "/p/vast1/build/spack/lib/spack/spack/fetch_strategy.py", line 1556, in _extrapolate
    raise ExtrapolationError(msg % (version, pkg.name))
spack.fetch_strategy.ExtrapolationError: Can't extrapolate a URL for version 2022.01.15 because package hpctoolkit defines no URLs

During handling of the above exception, another exception occurred:

Traceback (most recent call last):
  File "/p/vast1/build/spack/lib/spack/spack/fetch_strategy.py", line 1551, in _extrapolate
    return URLFetchStrategy(pkg.url_for_version(version),
  File "/p/vast1/build/spack/lib/spack/spack/package.py", line 962, in url_for_version
    raise NoURLError(self.__class__)
spack.package.NoURLError: Package Hpctoolkit has no version with a URL.

During handling of the above exception, another exception occurred:

Traceback (most recent call last):
  File "/p/vast1/build/anaconda3/lib/python3.7/multiprocessing/process.py", line 297, in _bootstrap
    self.run()
  File "/p/vast1/build/anaconda3/lib/python3.7/multiprocessing/process.py", line 99, in run
    self._target(*self._args, **self._kwargs)
  File "/p/vast1/build/spack/lib/spack/spack/build_environment.py", line 1057, in _setup_pkg_and_run
    if hasattr(pkg, 'log_path'):
  File "/p/vast1/build/spack/lib/spack/spack/package.py", line 1085, in log_path
    old_log = os.path.join(self.stage.path, filename)
  File "/p/vast1/build/spack/lib/spack/spack/package.py", line 1035, in stage
    self._stage = self._make_stage()
  File "/p/vast1/build/spack/lib/spack/spack/package.py", line 1006, in _make_stage
    composite_fetcher = self.fetcher
  File "/p/vast1/build/spack/lib/spack/spack/package.py", line 1151, in fetcher
    self._fetcher = self._make_fetcher()
  File "/p/vast1/build/spack/lib/spack/spack/package.py", line 1137, in _make_fetcher
    root_fetcher = fs.for_package_version(self, self.version)
  File "/p/vast1/build/spack/lib/spack/spack/fetch_strategy.py", line 1600, in for_package_version
    return _extrapolate(pkg, version)
  File "/p/vast1/build/spack/lib/spack/spack/fetch_strategy.py", line 1556, in _extrapolate
    raise ExtrapolationError(msg % (version, pkg.name))
spack.fetch_strategy.ExtrapolationError: Can't extrapolate a URL for version 2022.01.15 because package hpctoolkit defines no URLs
slurmstepd: error: *** JOB 96917 ON oslic10 CANCELLED AT 2022-02-25T09:59:58 DUE TO TIME LIMIT ***
/var/spool/slurmd/job100270/slurm_script: line 12: 28318 Killed                  spliced splice --package hpctoolkit@2022.01.15 --splice boost --runner spack --replace boost --experiment experiment --outfile /p/vast1/build/spliced-experiment/results/hpctoolkit/2022.01.15/boost/experiment.json
==> Warning: Missing a source id for boost@develop
==> Error: Failed to upgrade to a write lock for boost-1.49.0-loeylhm6cs75brbk7embn2sbxnef5kou due to LockUpgradeError: Cannot upgrade lock from read to write on file: /p/vast1/build/spack/opt/spack/.spack-db/prefix_lock
==> Warning: AssertionError exception when releasing read lock for boost-1.49.0-loeylhm6cs75brbk7embn2sbxnef5kou: 
==> Warning: boost-1.48.0-6k34kxlyk6fw6eiioxhixqhpplmphemj failed to install
==> Warning: AssertionError exception when releasing read lock for boost-1.48.0-6k34kxlyk6fw6eiioxhixqhpplmphemj: 
==> Error: boost-1.48.0-6k34kxlyk6fw6eiioxhixqhpplmphemj: Package was not installed
==> Warning: boost-1.47.0-xgtyomjgo3t7oj46eqvisvlnpyoxi235 failed to install
==> Warning: AssertionError exception when releasing read lock for boost-1.47.0-xgtyomjgo3t7oj46eqvisvlnpyoxi235: 
==> Error: boost-1.47.0-xgtyomjgo3t7oj46eqvisvlnpyoxi235: Package was not installed
==> Warning: boost-1.46.1-hdz7hte3spqtqtyxmwkym53tctc2grzh failed to install
==> Warning: AssertionError exception when releasing read lock for boost-1.46.1-hdz7hte3spqtqtyxmwkym53tctc2grzh: 
==> Error: boost-1.46.1-hdz7hte3spqtqtyxmwkym53tctc2grzh: Package was not installed
==> Warning: boost-1.46.0-k5ehikzza4cgpewxvwqc3lgm4ohgdaqc failed to install
==> Warning: AssertionError exception when releasing read lock for boost-1.46.0-k5ehikzza4cgpewxvwqc3lgm4ohgdaqc: 
==> Error: boost-1.46.0-k5ehikzza4cgpewxvwqc3lgm4ohgdaqc: Package was not installed
==> Warning: boost-1.45.0-3ezurecwgqqtpyhpnovxyi5rqptnqdqe failed to install
==> Warning: AssertionError exception when releasing read lock for boost-1.45.0-3ezurecwgqqtpyhpnovxyi5rqptnqdqe: 
==> Error: boost-1.45.0-3ezurecwgqqtpyhpnovxyi5rqptnqdqe: Package was not installed
==> Warning: boost-1.44.0-s2pubvr7hdxgrc5vtn4yi2tcxb4bw2im failed to install
==> Warning: AssertionError exception when releasing read lock for boost-1.44.0-s2pubvr7hdxgrc5vtn4yi2tcxb4bw2im: 
==> Error: boost-1.44.0-s2pubvr7hdxgrc5vtn4yi2tcxb4bw2im: Package was not installed
==> Warning: boost-1.43.0-np5xmvofqesu2akl7rpfxklfqnck6eqm failed to install
==> Warning: AssertionError exception when releasing read lock for boost-1.43.0-np5xmvofqesu2akl7rpfxklfqnck6eqm: 
==> Error: boost-1.43.0-np5xmvofqesu2akl7rpfxklfqnck6eqm: Package was not installed
==> Warning: boost-1.42.0-ojchr2ldynvyz7t6wnaoi7zeeb27ljq4 failed to install
==> Warning: AssertionError exception when releasing read lock for boost-1.42.0-ojchr2ldynvyz7t6wnaoi7zeeb27ljq4: 
==> Error: boost-1.42.0-ojchr2ldynvyz7t6wnaoi7zeeb27ljq4: Package was not installed
==> Error: ProcessError: Command exited with status 1:
    './bjam' '--clean' '-j' '16' '--user-config=/var/tmp/sochat1/spack-stage/spack-stage-boost-1.41.0-bisr4hk7uk7gs3n5wl2jl3ugq3xrmho7/spack-src/user-config.jam' 'variant=release' '--disable-icu' '-s' 'BZIP2_INCLUDE=/p/vast1/build/spack/opt/spack/linux-rhel7-broadwell/gcc-10.2.1/bzip2-1.0.8-jmjklgubcyryaddwqvzuvzeiq6zfqmst/include' '-s' 'BZIP2_LIBPATH=/p/vast1/build/spack/opt/spack/linux-rhel7-broadwell/gcc-10.2.1/bzip2-1.0.8-jmjklgubcyryaddwqvzuvzeiq6zfqmst/lib' '-s' 'ZLIB_INCLUDE=/p/vast1/build/spack/opt/spack/linux-rhel7-broadwell/gcc-10.2.1/zlib-1.2.11-su2ldy5ofm424qnly3kitbbdgwovpfk4/include' '-s' 'ZLIB_LIBPATH=/p/vast1/build/spack/opt/spack/linux-rhel7-broadwell/gcc-10.2.1/zlib-1.2.11-su2ldy5ofm424qnly3kitbbdgwovpfk4/lib' '-s' 'NO_LZMA=1' '-s' 'NO_ZSTD=1' 'link=static,shared' '--layout=system' 'toolset=gcc' 'cxxflags="-std=c++98"'

1 error found in build log:
     25    ==> [2022-03-02-05:20:31.369905] Warning: Quotes in command argument
           s can confuse scripts like configure.
     26      The following arguments may cause problems when executed:
     27          cxxflags="-std=c++98"
     28      Quotes aren't needed because spack doesn't use a shell. Consider r
           emoving them.
     29      If multiple levels of quotation are required, use `ignore_quotes=T
           rue`.
     30    ==> [2022-03-02-05:20:31.370096] './bjam' '--clean' '-j' '16' '--use
           r-config=/var/tmp/sochat1/spack-stage/spack-stage-boost-1.41.0-bisr4
           hk7uk7gs3n5wl2jl3ugq3xrmho7/spack-src/user-config.jam' 'variant=rele
           ase' '--disable-icu' '-s' 'BZIP2_INCLUDE=/p/vast1/build/spack/opt/sp
           ack/linux-rhel7-broadwell/gcc-10.2.1/bzip2-1.0.8-jmjklgubcyryaddwqvz
           uvzeiq6zfqmst/include' '-s' 'BZIP2_LIBPATH=/p/vast1/build/spack/opt/
           spack/linux-rhel7-broadwell/gcc-10.2.1/bzip2-1.0.8-jmjklgubcyryaddwq
           vzuvzeiq6zfqmst/lib' '-s' 'ZLIB_INCLUDE=/p/vast1/build/spack/opt/spa
           ck/linux-rhel7-broadwell/gcc-10.2.1/zlib-1.2.11-su2ldy5ofm424qnly3ki
           tbbdgwovpfk4/include' '-s' 'ZLIB_LIBPATH=/p/vast1/build/spack/opt/sp
           ack/linux-rhel7-broadwell/gcc-10.2.1/zlib-1.2.11-su2ldy5ofm424qnly3k
           itbbdgwovpfk4/lib' '-s' 'NO_LZMA=1' '-s' 'NO_ZSTD=1' 'link=static,sh
           ared' '--layout=system' 'toolset=gcc' 'cxxflags="-std=c++98"'
  >> 31    error: wrong library name 'timer' in the --with-<library> option.
     32    

See build log for details:
  /var/tmp/sochat1/spack-stage/spack-stage-boost-1.41.0-bisr4hk7uk7gs3n5wl2jl3ugq3xrmho7/spack-build-out.txt

==> Error: ProcessError: Command exited with status 1:
    './bjam' '--clean' '-j' '16' '--user-config=/var/tmp/sochat1/spack-stage/spack-stage-boost-1.40.0-qe5m3a4y3svinpk7orx34rk654m5yvqg/spack-src/user-config.jam' 'variant=release' '--disable-icu' '-s' 'BZIP2_INCLUDE=/p/vast1/build/spack/opt/spack/linux-rhel7-broadwell/gcc-10.2.1/bzip2-1.0.8-jmjklgubcyryaddwqvzuvzeiq6zfqmst/include' '-s' 'BZIP2_LIBPATH=/p/vast1/build/spack/opt/spack/linux-rhel7-broadwell/gcc-10.2.1/bzip2-1.0.8-jmjklgubcyryaddwqvzuvzeiq6zfqmst/lib' '-s' 'ZLIB_INCLUDE=/p/vast1/build/spack/opt/spack/linux-rhel7-broadwell/gcc-10.2.1/zlib-1.2.11-su2ldy5ofm424qnly3kitbbdgwovpfk4/include' '-s' 'ZLIB_LIBPATH=/p/vast1/build/spack/opt/spack/linux-rhel7-broadwell/gcc-10.2.1/zlib-1.2.11-su2ldy5ofm424qnly3kitbbdgwovpfk4/lib' '-s' 'NO_LZMA=1' '-s' 'NO_ZSTD=1' 'link=static,shared' '--layout=system' 'toolset=gcc' 'cxxflags="-std=c++98"'

1 error found in build log:
     25    ==> [2022-03-02-05:21:06.877948] Warning: Quotes in command argument
           s can confuse scripts like configure.
     26      The following arguments may cause problems when executed:
     27          cxxflags="-std=c++98"
     28      Quotes aren't needed because spack doesn't use a shell. Consider r
           emoving them.
     29      If multiple levels of quotation are required, use `ignore_quotes=T
           rue`.
     30    ==> [2022-03-02-05:21:06.878099] './bjam' '--clean' '-j' '16' '--use
           r-config=/var/tmp/sochat1/spack-stage/spack-stage-boost-1.40.0-qe5m3
           a4y3svinpk7orx34rk654m5yvqg/spack-src/user-config.jam' 'variant=rele
           ase' '--disable-icu' '-s' 'BZIP2_INCLUDE=/p/vast1/build/spack/opt/sp
           ack/linux-rhel7-broadwell/gcc-10.2.1/bzip2-1.0.8-jmjklgubcyryaddwqvz
           uvzeiq6zfqmst/include' '-s' 'BZIP2_LIBPATH=/p/vast1/build/spack/opt/
           spack/linux-rhel7-broadwell/gcc-10.2.1/bzip2-1.0.8-jmjklgubcyryaddwq
           vzuvzeiq6zfqmst/lib' '-s' 'ZLIB_INCLUDE=/p/vast1/build/spack/opt/spa
           ck/linux-rhel7-broadwell/gcc-10.2.1/zlib-1.2.11-su2ldy5ofm424qnly3ki
           tbbdgwovpfk4/include' '-s' 'ZLIB_LIBPATH=/p/vast1/build/spack/opt/sp
           ack/linux-rhel7-broadwell/gcc-10.2.1/zlib-1.2.11-su2ldy5ofm424qnly3k
           itbbdgwovpfk4/lib' '-s' 'NO_LZMA=1' '-s' 'NO_ZSTD=1' 'link=static,sh
           ared' '--layout=system' 'toolset=gcc' 'cxxflags="-std=c++98"'
  >> 31    error: wrong library name 'timer' in the --with-<library> option.
     32    

See build log for details:
  /var/tmp/sochat1/spack-stage/spack-stage-boost-1.40.0-qe5m3a4y3svinpk7orx34rk654m5yvqg/spack-build-out.txt

==> Error: ProcessError: Command exited with status 1:
    './bjam' '--clean' '-j' '16' '--user-config=/var/tmp/sochat1/spack-stage/spack-stage-boost-1.39.0-hjob6lvk7vxk453qmrvbaapvwic27k5a/spack-src/user-config.jam' 'variant=release' '--disable-icu' '-s' 'BZIP2_INCLUDE=/p/vast1/build/spack/opt/spack/linux-rhel7-broadwell/gcc-10.2.1/bzip2-1.0.8-jmjklgubcyryaddwqvzuvzeiq6zfqmst/include' '-s' 'BZIP2_LIBPATH=/p/vast1/build/spack/opt/spack/linux-rhel7-broadwell/gcc-10.2.1/bzip2-1.0.8-jmjklgubcyryaddwqvzuvzeiq6zfqmst/lib' '-s' 'ZLIB_INCLUDE=/p/vast1/build/spack/opt/spack/linux-rhel7-broadwell/gcc-10.2.1/zlib-1.2.11-su2ldy5ofm424qnly3kitbbdgwovpfk4/include' '-s' 'ZLIB_LIBPATH=/p/vast1/build/spack/opt/spack/linux-rhel7-broadwell/gcc-10.2.1/zlib-1.2.11-su2ldy5ofm424qnly3kitbbdgwovpfk4/lib' '-s' 'NO_LZMA=1' '-s' 'NO_ZSTD=1' 'link=static,shared' '--layout=system' 'toolset=gcc' 'cxxflags="-std=c++98"'

1 error found in build log:
     25    ==> [2022-03-02-05:21:41.427757] Warning: Quotes in command argument
           s can confuse scripts like configure.
     26      The following arguments may cause problems when executed:
     27          cxxflags="-std=c++98"
     28      Quotes aren't needed because spack doesn't use a shell. Consider r
           emoving them.
     29      If multiple levels of quotation are required, use `ignore_quotes=T
           rue`.
     30    ==> [2022-03-02-05:21:41.427907] './bjam' '--clean' '-j' '16' '--use
           r-config=/var/tmp/sochat1/spack-stage/spack-stage-boost-1.39.0-hjob6
           lvk7vxk453qmrvbaapvwic27k5a/spack-src/user-config.jam' 'variant=rele
           ase' '--disable-icu' '-s' 'BZIP2_INCLUDE=/p/vast1/build/spack/opt/sp
           ack/linux-rhel7-broadwell/gcc-10.2.1/bzip2-1.0.8-jmjklgubcyryaddwqvz
           uvzeiq6zfqmst/include' '-s' 'BZIP2_LIBPATH=/p/vast1/build/spack/opt/
           spack/linux-rhel7-broadwell/gcc-10.2.1/bzip2-1.0.8-jmjklgubcyryaddwq
           vzuvzeiq6zfqmst/lib' '-s' 'ZLIB_INCLUDE=/p/vast1/build/spack/opt/spa
           ck/linux-rhel7-broadwell/gcc-10.2.1/zlib-1.2.11-su2ldy5ofm424qnly3ki
           tbbdgwovpfk4/include' '-s' 'ZLIB_LIBPATH=/p/vast1/build/spack/opt/sp
           ack/linux-rhel7-broadwell/gcc-10.2.1/zlib-1.2.11-su2ldy5ofm424qnly3k
           itbbdgwovpfk4/lib' '-s' 'NO_LZMA=1' '-s' 'NO_ZSTD=1' 'link=static,sh
           ared' '--layout=system' 'toolset=gcc' 'cxxflags="-std=c++98"'
  >> 31    error: wrong library name 'timer' in the --with-<library> option.
     32    

See build log for details:
  /var/tmp/sochat1/spack-stage/spack-stage-boost-1.39.0-hjob6lvk7vxk453qmrvbaapvwic27k5a/spack-build-out.txt

==> Error: ProcessError: ./bootstrap.sh: No such file or directory: './bootstrap.sh'
    Command: './bootstrap.sh' '--prefix=/p/vast1/build/spack/opt/spack/linux-rhel7-broadwell/gcc-10.2.1/boost-1.38.0-6pjdeq75cu2w5mwf5niquq5yzeyvhlv7' '--with-toolset=gcc' '--with-libraries=filesystem,program_options,date_time,timer,thread,test,system,wave,math,graph,iostreams,serialization,regex,signals' '--without-icu'
See build log for details:
  /var/tmp/sochat1/spack-stage/spack-stage-boost-1.38.0-6pjdeq75cu2w5mwf5niquq5yzeyvhlv7/spack-build-out.txt

==> Error: ProcessError: ./bootstrap.sh: No such file or directory: './bootstrap.sh'
    Command: './bootstrap.sh' '--prefix=/p/vast1/build/spack/opt/spack/linux-rhel7-broadwell/gcc-10.2.1/boost-1.37.0-3j7m5llphx3353v7wbxf4m5uuvlezjxs' '--with-toolset=gcc' '--with-libraries=filesystem,program_options,date_time,timer,thread,test,system,wave,math,graph,iostreams,serialization,regex,signals' '--without-icu'
See build log for details:
  /var/tmp/sochat1/spack-stage/spack-stage-boost-1.37.0-3j7m5llphx3353v7wbxf4m5uuvlezjxs/spack-build-out.txt

==> Error: ProcessError: ./bootstrap.sh: No such file or directory: './bootstrap.sh'
    Command: './bootstrap.sh' '--prefix=/p/vast1/build/spack/opt/spack/linux-rhel7-broadwell/gcc-10.2.1/boost-1.36.0-q2cqct2dqpgzampzginuzxugieawwdox' '--with-toolset=gcc' '--with-libraries=filesystem,program_options,date_time,timer,thread,test,system,wave,math,graph,iostreams,serialization,regex,signals' '--without-icu'
See build log for details:
  /var/tmp/sochat1/spack-stage/spack-stage-boost-1.36.0-q2cqct2dqpgzampzginuzxugieawwdox/spack-build-out.txt

==> Error: ProcessError: ./bootstrap.sh: No such file or directory: './bootstrap.sh'
    Command: './bootstrap.sh' '--prefix=/p/vast1/build/spack/opt/spack/linux-rhel7-broadwell/gcc-10.2.1/boost-1.35.0-qfoac3kjjtkmgjjxnkaue5slpfvaxbxb' '--with-toolset=gcc' '--with-libraries=filesystem,program_options,date_time,timer,thread,test,system,wave,math,graph,iostreams,serialization,regex,signals' '--without-icu'
See build log for details:
  /var/tmp/sochat1/spack-stage/spack-stage-boost-1.35.0-qfoac3kjjtkmgjjxnkaue5slpfvaxbxb/spack-build-out.txt

==> Error: ProcessError: ./bootstrap.sh: No such file or directory: './bootstrap.sh'
    Command: './bootstrap.sh' '--prefix=/p/vast1/build/spack/opt/spack/linux-rhel7-broadwell/gcc-10.2.1/boost-1.34.1-cxvgqelmccmr5zeyrapd4hv2dtsvrzkm' '--with-toolset=gcc' '--with-libraries=filesystem,program_options,date_time,timer,thread,test,system,wave,math,graph,iostreams,serialization,regex,signals' '--without-icu'
See build log for details:
  /var/tmp/sochat1/spack-stage/spack-stage-boost-1.34.1-cxvgqelmccmr5zeyrapd4hv2dtsvrzkm/spack-build-out.txt

==> Error: ProcessError: ./bootstrap.sh: No such file or directory: './bootstrap.sh'
    Command: './bootstrap.sh' '--prefix=/p/vast1/build/spack/opt/spack/linux-rhel7-broadwell/gcc-10.2.1/boost-1.34.0-7tcofgugho6x6knrvsb3o7gawci2bdzq' '--with-toolset=gcc' '--with-libraries=filesystem,program_options,date_time,timer,thread,test,system,wave,math,graph,iostreams,serialization,regex,signals' '--without-icu'
See build log for details:
  /var/tmp/sochat1/spack-stage/spack-stage-boost-1.34.0-7tcofgugho6x6knrvsb3o7gawci2bdzq/spack-build-out.txt

Making predictions for spack-test
Making predictions for symbolator
Making predictions for libabigail
abicompat not found on path, will look for spack instead.
Making predictions for actual
