slurmstepd: error: *** JOB 96929 ON oslic11 CANCELLED AT 2022-02-25T10:00:28 DUE TO TIME LIMIT ***
/var/spool/slurmd/job100273/slurm_script: line 12: 21246 Killed                  spliced splice --package hpctoolkit@2020.08.03 --splice boost --runner spack --replace boost --experiment experiment --outfile /p/vast1/build/spliced-experiment/results/hpctoolkit/2020.08.03/boost/experiment.json
==> Warning: Missing a source id for boost@develop
==> Error: Failed to upgrade to a write lock for boost-1.49.0-loeylhm6cs75brbk7embn2sbxnef5kou due to LockUpgradeError: Cannot upgrade lock from read to write on file: /p/vast1/build/spack/opt/spack/.spack-db/prefix_lock
==> Warning: AssertionError exception when releasing read lock for boost-1.49.0-loeylhm6cs75brbk7embn2sbxnef5kou: 
==> Warning: boost-1.48.0-6k34kxlyk6fw6eiioxhixqhpplmphemj failed to install
==> Warning: AssertionError exception when releasing read lock for boost-1.48.0-6k34kxlyk6fw6eiioxhixqhpplmphemj: 
==> Error: boost-1.48.0-6k34kxlyk6fw6eiioxhixqhpplmphemj: Package was not installed
==> Error: ProcessError: Command exited with status 1:
    './b2' '--clean' '-j' '16' '--user-config=/var/tmp/sochat1/spack-stage/spack-stage-boost-1.47.0-xgtyomjgo3t7oj46eqvisvlnpyoxi235/spack-src/user-config.jam' 'variant=release' '--disable-icu' '-s' 'BZIP2_INCLUDE=/p/vast1/build/spack/opt/spack/linux-rhel7-broadwell/gcc-10.2.1/bzip2-1.0.8-jmjklgubcyryaddwqvzuvzeiq6zfqmst/include' '-s' 'BZIP2_LIBPATH=/p/vast1/build/spack/opt/spack/linux-rhel7-broadwell/gcc-10.2.1/bzip2-1.0.8-jmjklgubcyryaddwqvzuvzeiq6zfqmst/lib' '-s' 'ZLIB_INCLUDE=/p/vast1/build/spack/opt/spack/linux-rhel7-broadwell/gcc-10.2.1/zlib-1.2.11-su2ldy5ofm424qnly3kitbbdgwovpfk4/include' '-s' 'ZLIB_LIBPATH=/p/vast1/build/spack/opt/spack/linux-rhel7-broadwell/gcc-10.2.1/zlib-1.2.11-su2ldy5ofm424qnly3kitbbdgwovpfk4/lib' '-s' 'NO_LZMA=1' '-s' 'NO_ZSTD=1' 'link=static,shared' '--layout=system' 'toolset=gcc' 'cxxflags="-std=c++98"'

1 error found in build log:
     25    ==> [2022-03-02-04:35:22.437742] Warning: Quotes in command argument
           s can confuse scripts like configure.
     26      The following arguments may cause problems when executed:
     27          cxxflags="-std=c++98"
     28      Quotes aren't needed because spack doesn't use a shell. Consider r
           emoving them.
     29      If multiple levels of quotation are required, use `ignore_quotes=T
           rue`.
     30    ==> [2022-03-02-04:35:22.437956] './b2' '--clean' '-j' '16' '--user-
           config=/var/tmp/sochat1/spack-stage/spack-stage-boost-1.47.0-xgtyomj
           go3t7oj46eqvisvlnpyoxi235/spack-src/user-config.jam' 'variant=releas
           e' '--disable-icu' '-s' 'BZIP2_INCLUDE=/p/vast1/build/spack/opt/spac
           k/linux-rhel7-broadwell/gcc-10.2.1/bzip2-1.0.8-jmjklgubcyryaddwqvzuv
           zeiq6zfqmst/include' '-s' 'BZIP2_LIBPATH=/p/vast1/build/spack/opt/sp
           ack/linux-rhel7-broadwell/gcc-10.2.1/bzip2-1.0.8-jmjklgubcyryaddwqvz
           uvzeiq6zfqmst/lib' '-s' 'ZLIB_INCLUDE=/p/vast1/build/spack/opt/spack
           /linux-rhel7-broadwell/gcc-10.2.1/zlib-1.2.11-su2ldy5ofm424qnly3kitb
           bdgwovpfk4/include' '-s' 'ZLIB_LIBPATH=/p/vast1/build/spack/opt/spac
           k/linux-rhel7-broadwell/gcc-10.2.1/zlib-1.2.11-su2ldy5ofm424qnly3kit
           bbdgwovpfk4/lib' '-s' 'NO_LZMA=1' '-s' 'NO_ZSTD=1' 'link=static,shar
           ed' '--layout=system' 'toolset=gcc' 'cxxflags="-std=c++98"'
  >> 31    error: wrong library name 'timer' in the --with-<library> option.
     32    

See build log for details:
  /var/tmp/sochat1/spack-stage/spack-stage-boost-1.47.0-xgtyomjgo3t7oj46eqvisvlnpyoxi235/spack-build-out.txt

==> Error: ProcessError: Command exited with status 1:
    './bjam' '--clean' '-j' '16' '--user-config=/var/tmp/sochat1/spack-stage/spack-stage-boost-1.46.1-hdz7hte3spqtqtyxmwkym53tctc2grzh/spack-src/user-config.jam' 'variant=release' '--disable-icu' '-s' 'BZIP2_INCLUDE=/p/vast1/build/spack/opt/spack/linux-rhel7-broadwell/gcc-10.2.1/bzip2-1.0.8-jmjklgubcyryaddwqvzuvzeiq6zfqmst/include' '-s' 'BZIP2_LIBPATH=/p/vast1/build/spack/opt/spack/linux-rhel7-broadwell/gcc-10.2.1/bzip2-1.0.8-jmjklgubcyryaddwqvzuvzeiq6zfqmst/lib' '-s' 'ZLIB_INCLUDE=/p/vast1/build/spack/opt/spack/linux-rhel7-broadwell/gcc-10.2.1/zlib-1.2.11-su2ldy5ofm424qnly3kitbbdgwovpfk4/include' '-s' 'ZLIB_LIBPATH=/p/vast1/build/spack/opt/spack/linux-rhel7-broadwell/gcc-10.2.1/zlib-1.2.11-su2ldy5ofm424qnly3kitbbdgwovpfk4/lib' '-s' 'NO_LZMA=1' '-s' 'NO_ZSTD=1' 'link=static,shared' '--layout=system' 'toolset=gcc' 'cxxflags="-std=c++98"'

1 error found in build log:
     25    ==> [2022-03-02-04:35:59.273656] Warning: Quotes in command argument
           s can confuse scripts like configure.
     26      The following arguments may cause problems when executed:
     27          cxxflags="-std=c++98"
     28      Quotes aren't needed because spack doesn't use a shell. Consider r
           emoving them.
     29      If multiple levels of quotation are required, use `ignore_quotes=T
           rue`.
     30    ==> [2022-03-02-04:35:59.273838] './bjam' '--clean' '-j' '16' '--use
           r-config=/var/tmp/sochat1/spack-stage/spack-stage-boost-1.46.1-hdz7h
           te3spqtqtyxmwkym53tctc2grzh/spack-src/user-config.jam' 'variant=rele
           ase' '--disable-icu' '-s' 'BZIP2_INCLUDE=/p/vast1/build/spack/opt/sp
           ack/linux-rhel7-broadwell/gcc-10.2.1/bzip2-1.0.8-jmjklgubcyryaddwqvz
           uvzeiq6zfqmst/include' '-s' 'BZIP2_LIBPATH=/p/vast1/build/spack/opt/
           spack/linux-rhel7-broadwell/gcc-10.2.1/bzip2-1.0.8-jmjklgubcyryaddwq
           vzuvzeiq6zfqmst/lib' '-s' 'ZLIB_INCLUDE=/p/vast1/build/spack/opt/spa
           ck/linux-rhel7-broadwell/gcc-10.2.1/zlib-1.2.11-su2ldy5ofm424qnly3ki
           tbbdgwovpfk4/include' '-s' 'ZLIB_LIBPATH=/p/vast1/build/spack/opt/sp
           ack/linux-rhel7-broadwell/gcc-10.2.1/zlib-1.2.11-su2ldy5ofm424qnly3k
           itbbdgwovpfk4/lib' '-s' 'NO_LZMA=1' '-s' 'NO_ZSTD=1' 'link=static,sh
           ared' '--layout=system' 'toolset=gcc' 'cxxflags="-std=c++98"'
  >> 31    error: wrong library name 'exception' in the --with-<library> option
           .
     32    

See build log for details:
  /var/tmp/sochat1/spack-stage/spack-stage-boost-1.46.1-hdz7hte3spqtqtyxmwkym53tctc2grzh/spack-build-out.txt

==> Error: ProcessError: Command exited with status 1:
    './bjam' '--clean' '-j' '16' '--user-config=/var/tmp/sochat1/spack-stage/spack-stage-boost-1.46.0-k5ehikzza4cgpewxvwqc3lgm4ohgdaqc/spack-src/user-config.jam' 'variant=release' '--disable-icu' '-s' 'BZIP2_INCLUDE=/p/vast1/build/spack/opt/spack/linux-rhel7-broadwell/gcc-10.2.1/bzip2-1.0.8-jmjklgubcyryaddwqvzuvzeiq6zfqmst/include' '-s' 'BZIP2_LIBPATH=/p/vast1/build/spack/opt/spack/linux-rhel7-broadwell/gcc-10.2.1/bzip2-1.0.8-jmjklgubcyryaddwqvzuvzeiq6zfqmst/lib' '-s' 'ZLIB_INCLUDE=/p/vast1/build/spack/opt/spack/linux-rhel7-broadwell/gcc-10.2.1/zlib-1.2.11-su2ldy5ofm424qnly3kitbbdgwovpfk4/include' '-s' 'ZLIB_LIBPATH=/p/vast1/build/spack/opt/spack/linux-rhel7-broadwell/gcc-10.2.1/zlib-1.2.11-su2ldy5ofm424qnly3kitbbdgwovpfk4/lib' '-s' 'NO_LZMA=1' '-s' 'NO_ZSTD=1' 'link=static,shared' '--layout=system' 'toolset=gcc' 'cxxflags="-std=c++98"'

1 error found in build log:
     25    ==> [2022-03-02-04:36:38.090678] Warning: Quotes in command argument
           s can confuse scripts like configure.
     26      The following arguments may cause problems when executed:
     27          cxxflags="-std=c++98"
     28      Quotes aren't needed because spack doesn't use a shell. Consider r
           emoving them.
     29      If multiple levels of quotation are required, use `ignore_quotes=T
           rue`.
     30    ==> [2022-03-02-04:36:38.090821] './bjam' '--clean' '-j' '16' '--use
           r-config=/var/tmp/sochat1/spack-stage/spack-stage-boost-1.46.0-k5ehi
           kzza4cgpewxvwqc3lgm4ohgdaqc/spack-src/user-config.jam' 'variant=rele
           ase' '--disable-icu' '-s' 'BZIP2_INCLUDE=/p/vast1/build/spack/opt/sp
           ack/linux-rhel7-broadwell/gcc-10.2.1/bzip2-1.0.8-jmjklgubcyryaddwqvz
           uvzeiq6zfqmst/include' '-s' 'BZIP2_LIBPATH=/p/vast1/build/spack/opt/
           spack/linux-rhel7-broadwell/gcc-10.2.1/bzip2-1.0.8-jmjklgubcyryaddwq
           vzuvzeiq6zfqmst/lib' '-s' 'ZLIB_INCLUDE=/p/vast1/build/spack/opt/spa
           ck/linux-rhel7-broadwell/gcc-10.2.1/zlib-1.2.11-su2ldy5ofm424qnly3ki
           tbbdgwovpfk4/include' '-s' 'ZLIB_LIBPATH=/p/vast1/build/spack/opt/sp
           ack/linux-rhel7-broadwell/gcc-10.2.1/zlib-1.2.11-su2ldy5ofm424qnly3k
           itbbdgwovpfk4/lib' '-s' 'NO_LZMA=1' '-s' 'NO_ZSTD=1' 'link=static,sh
           ared' '--layout=system' 'toolset=gcc' 'cxxflags="-std=c++98"'
  >> 31    error: wrong library name 'exception' in the --with-<library> option
           .
     32    

See build log for details:
  /var/tmp/sochat1/spack-stage/spack-stage-boost-1.46.0-k5ehikzza4cgpewxvwqc3lgm4ohgdaqc/spack-build-out.txt

==> Error: ProcessError: Command exited with status 1:
    './bjam' '--clean' '-j' '16' '--user-config=/var/tmp/sochat1/spack-stage/spack-stage-boost-1.45.0-3ezurecwgqqtpyhpnovxyi5rqptnqdqe/spack-src/user-config.jam' 'variant=release' '--disable-icu' '-s' 'BZIP2_INCLUDE=/p/vast1/build/spack/opt/spack/linux-rhel7-broadwell/gcc-10.2.1/bzip2-1.0.8-jmjklgubcyryaddwqvzuvzeiq6zfqmst/include' '-s' 'BZIP2_LIBPATH=/p/vast1/build/spack/opt/spack/linux-rhel7-broadwell/gcc-10.2.1/bzip2-1.0.8-jmjklgubcyryaddwqvzuvzeiq6zfqmst/lib' '-s' 'ZLIB_INCLUDE=/p/vast1/build/spack/opt/spack/linux-rhel7-broadwell/gcc-10.2.1/zlib-1.2.11-su2ldy5ofm424qnly3kitbbdgwovpfk4/include' '-s' 'ZLIB_LIBPATH=/p/vast1/build/spack/opt/spack/linux-rhel7-broadwell/gcc-10.2.1/zlib-1.2.11-su2ldy5ofm424qnly3kitbbdgwovpfk4/lib' '-s' 'NO_LZMA=1' '-s' 'NO_ZSTD=1' 'link=static,shared' '--layout=system' 'toolset=gcc' 'cxxflags="-std=c++98"'

1 error found in build log:
     25    ==> [2022-03-02-04:37:15.625979] Warning: Quotes in command argument
           s can confuse scripts like configure.
     26      The following arguments may cause problems when executed:
     27          cxxflags="-std=c++98"
     28      Quotes aren't needed because spack doesn't use a shell. Consider r
           emoving them.
     29      If multiple levels of quotation are required, use `ignore_quotes=T
           rue`.
     30    ==> [2022-03-02-04:37:15.626136] './bjam' '--clean' '-j' '16' '--use
           r-config=/var/tmp/sochat1/spack-stage/spack-stage-boost-1.45.0-3ezur
           ecwgqqtpyhpnovxyi5rqptnqdqe/spack-src/user-config.jam' 'variant=rele
           ase' '--disable-icu' '-s' 'BZIP2_INCLUDE=/p/vast1/build/spack/opt/sp
           ack/linux-rhel7-broadwell/gcc-10.2.1/bzip2-1.0.8-jmjklgubcyryaddwqvz
           uvzeiq6zfqmst/include' '-s' 'BZIP2_LIBPATH=/p/vast1/build/spack/opt/
           spack/linux-rhel7-broadwell/gcc-10.2.1/bzip2-1.0.8-jmjklgubcyryaddwq
           vzuvzeiq6zfqmst/lib' '-s' 'ZLIB_INCLUDE=/p/vast1/build/spack/opt/spa
           ck/linux-rhel7-broadwell/gcc-10.2.1/zlib-1.2.11-su2ldy5ofm424qnly3ki
           tbbdgwovpfk4/include' '-s' 'ZLIB_LIBPATH=/p/vast1/build/spack/opt/sp
           ack/linux-rhel7-broadwell/gcc-10.2.1/zlib-1.2.11-su2ldy5ofm424qnly3k
           itbbdgwovpfk4/lib' '-s' 'NO_LZMA=1' '-s' 'NO_ZSTD=1' 'link=static,sh
           ared' '--layout=system' 'toolset=gcc' 'cxxflags="-std=c++98"'
  >> 31    error: wrong library name 'exception' in the --with-<library> option
           .
     32    

See build log for details:
  /var/tmp/sochat1/spack-stage/spack-stage-boost-1.45.0-3ezurecwgqqtpyhpnovxyi5rqptnqdqe/spack-build-out.txt

==> Error: ProcessError: Command exited with status 1:
    './bjam' '--clean' '-j' '16' '--user-config=/var/tmp/sochat1/spack-stage/spack-stage-boost-1.44.0-s2pubvr7hdxgrc5vtn4yi2tcxb4bw2im/spack-src/user-config.jam' 'variant=release' '--disable-icu' '-s' 'BZIP2_INCLUDE=/p/vast1/build/spack/opt/spack/linux-rhel7-broadwell/gcc-10.2.1/bzip2-1.0.8-jmjklgubcyryaddwqvzuvzeiq6zfqmst/include' '-s' 'BZIP2_LIBPATH=/p/vast1/build/spack/opt/spack/linux-rhel7-broadwell/gcc-10.2.1/bzip2-1.0.8-jmjklgubcyryaddwqvzuvzeiq6zfqmst/lib' '-s' 'ZLIB_INCLUDE=/p/vast1/build/spack/opt/spack/linux-rhel7-broadwell/gcc-10.2.1/zlib-1.2.11-su2ldy5ofm424qnly3kitbbdgwovpfk4/include' '-s' 'ZLIB_LIBPATH=/p/vast1/build/spack/opt/spack/linux-rhel7-broadwell/gcc-10.2.1/zlib-1.2.11-su2ldy5ofm424qnly3kitbbdgwovpfk4/lib' '-s' 'NO_LZMA=1' '-s' 'NO_ZSTD=1' 'link=static,shared' '--layout=system' 'toolset=gcc' 'cxxflags="-std=c++98"'

1 error found in build log:
     25    ==> [2022-03-02-04:37:51.376688] Warning: Quotes in command argument
           s can confuse scripts like configure.
     26      The following arguments may cause problems when executed:
     27          cxxflags="-std=c++98"
     28      Quotes aren't needed because spack doesn't use a shell. Consider r
           emoving them.
     29      If multiple levels of quotation are required, use `ignore_quotes=T
           rue`.
     30    ==> [2022-03-02-04:37:51.376890] './bjam' '--clean' '-j' '16' '--use
           r-config=/var/tmp/sochat1/spack-stage/spack-stage-boost-1.44.0-s2pub
           vr7hdxgrc5vtn4yi2tcxb4bw2im/spack-src/user-config.jam' 'variant=rele
           ase' '--disable-icu' '-s' 'BZIP2_INCLUDE=/p/vast1/build/spack/opt/sp
           ack/linux-rhel7-broadwell/gcc-10.2.1/bzip2-1.0.8-jmjklgubcyryaddwqvz
           uvzeiq6zfqmst/include' '-s' 'BZIP2_LIBPATH=/p/vast1/build/spack/opt/
           spack/linux-rhel7-broadwell/gcc-10.2.1/bzip2-1.0.8-jmjklgubcyryaddwq
           vzuvzeiq6zfqmst/lib' '-s' 'ZLIB_INCLUDE=/p/vast1/build/spack/opt/spa
           ck/linux-rhel7-broadwell/gcc-10.2.1/zlib-1.2.11-su2ldy5ofm424qnly3ki
           tbbdgwovpfk4/include' '-s' 'ZLIB_LIBPATH=/p/vast1/build/spack/opt/sp
           ack/linux-rhel7-broadwell/gcc-10.2.1/zlib-1.2.11-su2ldy5ofm424qnly3k
           itbbdgwovpfk4/lib' '-s' 'NO_LZMA=1' '-s' 'NO_ZSTD=1' 'link=static,sh
           ared' '--layout=system' 'toolset=gcc' 'cxxflags="-std=c++98"'
  >> 31    error: wrong library name 'exception' in the --with-<library> option
           .
     32    

See build log for details:
  /var/tmp/sochat1/spack-stage/spack-stage-boost-1.44.0-s2pubvr7hdxgrc5vtn4yi2tcxb4bw2im/spack-build-out.txt

==> Error: ProcessError: Command exited with status 1:
    './bjam' '--clean' '-j' '16' '--user-config=/var/tmp/sochat1/spack-stage/spack-stage-boost-1.43.0-np5xmvofqesu2akl7rpfxklfqnck6eqm/spack-src/user-config.jam' 'variant=release' '--disable-icu' '-s' 'BZIP2_INCLUDE=/p/vast1/build/spack/opt/spack/linux-rhel7-broadwell/gcc-10.2.1/bzip2-1.0.8-jmjklgubcyryaddwqvzuvzeiq6zfqmst/include' '-s' 'BZIP2_LIBPATH=/p/vast1/build/spack/opt/spack/linux-rhel7-broadwell/gcc-10.2.1/bzip2-1.0.8-jmjklgubcyryaddwqvzuvzeiq6zfqmst/lib' '-s' 'ZLIB_INCLUDE=/p/vast1/build/spack/opt/spack/linux-rhel7-broadwell/gcc-10.2.1/zlib-1.2.11-su2ldy5ofm424qnly3kitbbdgwovpfk4/include' '-s' 'ZLIB_LIBPATH=/p/vast1/build/spack/opt/spack/linux-rhel7-broadwell/gcc-10.2.1/zlib-1.2.11-su2ldy5ofm424qnly3kitbbdgwovpfk4/lib' '-s' 'NO_LZMA=1' '-s' 'NO_ZSTD=1' 'link=static,shared' '--layout=system' 'toolset=gcc' 'cxxflags="-std=c++98"'

1 error found in build log:
     25    ==> [2022-03-02-04:38:28.625313] Warning: Quotes in command argument
           s can confuse scripts like configure.
     26      The following arguments may cause problems when executed:
     27          cxxflags="-std=c++98"
     28      Quotes aren't needed because spack doesn't use a shell. Consider r
           emoving them.
     29      If multiple levels of quotation are required, use `ignore_quotes=T
           rue`.
     30    ==> [2022-03-02-04:38:28.625474] './bjam' '--clean' '-j' '16' '--use
           r-config=/var/tmp/sochat1/spack-stage/spack-stage-boost-1.43.0-np5xm
           vofqesu2akl7rpfxklfqnck6eqm/spack-src/user-config.jam' 'variant=rele
           ase' '--disable-icu' '-s' 'BZIP2_INCLUDE=/p/vast1/build/spack/opt/sp
           ack/linux-rhel7-broadwell/gcc-10.2.1/bzip2-1.0.8-jmjklgubcyryaddwqvz
           uvzeiq6zfqmst/include' '-s' 'BZIP2_LIBPATH=/p/vast1/build/spack/opt/
           spack/linux-rhel7-broadwell/gcc-10.2.1/bzip2-1.0.8-jmjklgubcyryaddwq
           vzuvzeiq6zfqmst/lib' '-s' 'ZLIB_INCLUDE=/p/vast1/build/spack/opt/spa
           ck/linux-rhel7-broadwell/gcc-10.2.1/zlib-1.2.11-su2ldy5ofm424qnly3ki
           tbbdgwovpfk4/include' '-s' 'ZLIB_LIBPATH=/p/vast1/build/spack/opt/sp
           ack/linux-rhel7-broadwell/gcc-10.2.1/zlib-1.2.11-su2ldy5ofm424qnly3k
           itbbdgwovpfk4/lib' '-s' 'NO_LZMA=1' '-s' 'NO_ZSTD=1' 'link=static,sh
           ared' '--layout=system' 'toolset=gcc' 'cxxflags="-std=c++98"'
  >> 31    error: wrong library name 'exception' in the --with-<library> option
           .
     32    

See build log for details:
  /var/tmp/sochat1/spack-stage/spack-stage-boost-1.43.0-np5xmvofqesu2akl7rpfxklfqnck6eqm/spack-build-out.txt

==> Error: ProcessError: Command exited with status 1:
    './bjam' '--clean' '-j' '16' '--user-config=/var/tmp/sochat1/spack-stage/spack-stage-boost-1.42.0-ojchr2ldynvyz7t6wnaoi7zeeb27ljq4/spack-src/user-config.jam' 'variant=release' '--disable-icu' '-s' 'BZIP2_INCLUDE=/p/vast1/build/spack/opt/spack/linux-rhel7-broadwell/gcc-10.2.1/bzip2-1.0.8-jmjklgubcyryaddwqvzuvzeiq6zfqmst/include' '-s' 'BZIP2_LIBPATH=/p/vast1/build/spack/opt/spack/linux-rhel7-broadwell/gcc-10.2.1/bzip2-1.0.8-jmjklgubcyryaddwqvzuvzeiq6zfqmst/lib' '-s' 'ZLIB_INCLUDE=/p/vast1/build/spack/opt/spack/linux-rhel7-broadwell/gcc-10.2.1/zlib-1.2.11-su2ldy5ofm424qnly3kitbbdgwovpfk4/include' '-s' 'ZLIB_LIBPATH=/p/vast1/build/spack/opt/spack/linux-rhel7-broadwell/gcc-10.2.1/zlib-1.2.11-su2ldy5ofm424qnly3kitbbdgwovpfk4/lib' '-s' 'NO_LZMA=1' '-s' 'NO_ZSTD=1' 'link=static,shared' '--layout=system' 'toolset=gcc' 'cxxflags="-std=c++98"'

1 error found in build log:
     25    ==> [2022-03-02-04:39:05.006880] Warning: Quotes in command argument
           s can confuse scripts like configure.
     26      The following arguments may cause problems when executed:
     27          cxxflags="-std=c++98"
     28      Quotes aren't needed because spack doesn't use a shell. Consider r
           emoving them.
     29      If multiple levels of quotation are required, use `ignore_quotes=T
           rue`.
     30    ==> [2022-03-02-04:39:05.007006] './bjam' '--clean' '-j' '16' '--use
           r-config=/var/tmp/sochat1/spack-stage/spack-stage-boost-1.42.0-ojchr
           2ldynvyz7t6wnaoi7zeeb27ljq4/spack-src/user-config.jam' 'variant=rele
           ase' '--disable-icu' '-s' 'BZIP2_INCLUDE=/p/vast1/build/spack/opt/sp
           ack/linux-rhel7-broadwell/gcc-10.2.1/bzip2-1.0.8-jmjklgubcyryaddwqvz
           uvzeiq6zfqmst/include' '-s' 'BZIP2_LIBPATH=/p/vast1/build/spack/opt/
           spack/linux-rhel7-broadwell/gcc-10.2.1/bzip2-1.0.8-jmjklgubcyryaddwq
           vzuvzeiq6zfqmst/lib' '-s' 'ZLIB_INCLUDE=/p/vast1/build/spack/opt/spa
           ck/linux-rhel7-broadwell/gcc-10.2.1/zlib-1.2.11-su2ldy5ofm424qnly3ki
           tbbdgwovpfk4/include' '-s' 'ZLIB_LIBPATH=/p/vast1/build/spack/opt/sp
           ack/linux-rhel7-broadwell/gcc-10.2.1/zlib-1.2.11-su2ldy5ofm424qnly3k
           itbbdgwovpfk4/lib' '-s' 'NO_LZMA=1' '-s' 'NO_ZSTD=1' 'link=static,sh
           ared' '--layout=system' 'toolset=gcc' 'cxxflags="-std=c++98"'
  >> 31    error: wrong library name 'exception' in the --with-<library> option
           .
     32    

See build log for details:
  /var/tmp/sochat1/spack-stage/spack-stage-boost-1.42.0-ojchr2ldynvyz7t6wnaoi7zeeb27ljq4/spack-build-out.txt

==> Error: ProcessError: Command exited with status 1:
    './bjam' '--clean' '-j' '16' '--user-config=/var/tmp/sochat1/spack-stage/spack-stage-boost-1.41.0-bisr4hk7uk7gs3n5wl2jl3ugq3xrmho7/spack-src/user-config.jam' 'variant=release' '--disable-icu' '-s' 'BZIP2_INCLUDE=/p/vast1/build/spack/opt/spack/linux-rhel7-broadwell/gcc-10.2.1/bzip2-1.0.8-jmjklgubcyryaddwqvzuvzeiq6zfqmst/include' '-s' 'BZIP2_LIBPATH=/p/vast1/build/spack/opt/spack/linux-rhel7-broadwell/gcc-10.2.1/bzip2-1.0.8-jmjklgubcyryaddwqvzuvzeiq6zfqmst/lib' '-s' 'ZLIB_INCLUDE=/p/vast1/build/spack/opt/spack/linux-rhel7-broadwell/gcc-10.2.1/zlib-1.2.11-su2ldy5ofm424qnly3kitbbdgwovpfk4/include' '-s' 'ZLIB_LIBPATH=/p/vast1/build/spack/opt/spack/linux-rhel7-broadwell/gcc-10.2.1/zlib-1.2.11-su2ldy5ofm424qnly3kitbbdgwovpfk4/lib' '-s' 'NO_LZMA=1' '-s' 'NO_ZSTD=1' 'link=static,shared' '--layout=system' 'toolset=gcc' 'cxxflags="-std=c++98"'

1 error found in build log:
     25    ==> [2022-03-02-04:39:39.040031] Warning: Quotes in command argument
           s can confuse scripts like configure.
     26      The following arguments may cause problems when executed:
     27          cxxflags="-std=c++98"
     28      Quotes aren't needed because spack doesn't use a shell. Consider r
           emoving them.
     29      If multiple levels of quotation are required, use `ignore_quotes=T
           rue`.
     30    ==> [2022-03-02-04:39:39.040158] './bjam' '--clean' '-j' '16' '--use
           r-config=/var/tmp/sochat1/spack-stage/spack-stage-boost-1.41.0-bisr4
           hk7uk7gs3n5wl2jl3ugq3xrmho7/spack-src/user-config.jam' 'variant=rele
           ase' '--disable-icu' '-s' 'BZIP2_INCLUDE=/p/vast1/build/spack/opt/sp
           ack/linux-rhel7-broadwell/gcc-10.2.1/bzip2-1.0.8-jmjklgubcyryaddwqvz
           uvzeiq6zfqmst/include' '-s' 'BZIP2_LIBPATH=/p/vast1/build/spack/opt/
           spack/linux-rhel7-broadwell/gcc-10.2.1/bzip2-1.0.8-jmjklgubcyryaddwq
           vzuvzeiq6zfqmst/lib' '-s' 'ZLIB_INCLUDE=/p/vast1/build/spack/opt/spa
           ck/linux-rhel7-broadwell/gcc-10.2.1/zlib-1.2.11-su2ldy5ofm424qnly3ki
           tbbdgwovpfk4/include' '-s' 'ZLIB_LIBPATH=/p/vast1/build/spack/opt/sp
           ack/linux-rhel7-broadwell/gcc-10.2.1/zlib-1.2.11-su2ldy5ofm424qnly3k
           itbbdgwovpfk4/lib' '-s' 'NO_LZMA=1' '-s' 'NO_ZSTD=1' 'link=static,sh
           ared' '--layout=system' 'toolset=gcc' 'cxxflags="-std=c++98"'
  >> 31    error: wrong library name 'exception' in the --with-<library> option
           .
     32    

See build log for details:
  /var/tmp/sochat1/spack-stage/spack-stage-boost-1.41.0-bisr4hk7uk7gs3n5wl2jl3ugq3xrmho7/spack-build-out.txt

==> Error: ProcessError: Command exited with status 1:
    './bjam' '--clean' '-j' '16' '--user-config=/var/tmp/sochat1/spack-stage/spack-stage-boost-1.40.0-qe5m3a4y3svinpk7orx34rk654m5yvqg/spack-src/user-config.jam' 'variant=release' '--disable-icu' '-s' 'BZIP2_INCLUDE=/p/vast1/build/spack/opt/spack/linux-rhel7-broadwell/gcc-10.2.1/bzip2-1.0.8-jmjklgubcyryaddwqvzuvzeiq6zfqmst/include' '-s' 'BZIP2_LIBPATH=/p/vast1/build/spack/opt/spack/linux-rhel7-broadwell/gcc-10.2.1/bzip2-1.0.8-jmjklgubcyryaddwqvzuvzeiq6zfqmst/lib' '-s' 'ZLIB_INCLUDE=/p/vast1/build/spack/opt/spack/linux-rhel7-broadwell/gcc-10.2.1/zlib-1.2.11-su2ldy5ofm424qnly3kitbbdgwovpfk4/include' '-s' 'ZLIB_LIBPATH=/p/vast1/build/spack/opt/spack/linux-rhel7-broadwell/gcc-10.2.1/zlib-1.2.11-su2ldy5ofm424qnly3kitbbdgwovpfk4/lib' '-s' 'NO_LZMA=1' '-s' 'NO_ZSTD=1' 'link=static,shared' '--layout=system' 'toolset=gcc' 'cxxflags="-std=c++98"'

1 error found in build log:
     25    ==> [2022-03-02-04:40:15.879525] Warning: Quotes in command argument
           s can confuse scripts like configure.
     26      The following arguments may cause problems when executed:
     27          cxxflags="-std=c++98"
     28      Quotes aren't needed because spack doesn't use a shell. Consider r
           emoving them.
     29      If multiple levels of quotation are required, use `ignore_quotes=T
           rue`.
     30    ==> [2022-03-02-04:40:15.879671] './bjam' '--clean' '-j' '16' '--use
           r-config=/var/tmp/sochat1/spack-stage/spack-stage-boost-1.40.0-qe5m3
           a4y3svinpk7orx34rk654m5yvqg/spack-src/user-config.jam' 'variant=rele
           ase' '--disable-icu' '-s' 'BZIP2_INCLUDE=/p/vast1/build/spack/opt/sp
           ack/linux-rhel7-broadwell/gcc-10.2.1/bzip2-1.0.8-jmjklgubcyryaddwqvz
           uvzeiq6zfqmst/include' '-s' 'BZIP2_LIBPATH=/p/vast1/build/spack/opt/
           spack/linux-rhel7-broadwell/gcc-10.2.1/bzip2-1.0.8-jmjklgubcyryaddwq
           vzuvzeiq6zfqmst/lib' '-s' 'ZLIB_INCLUDE=/p/vast1/build/spack/opt/spa
           ck/linux-rhel7-broadwell/gcc-10.2.1/zlib-1.2.11-su2ldy5ofm424qnly3ki
           tbbdgwovpfk4/include' '-s' 'ZLIB_LIBPATH=/p/vast1/build/spack/opt/sp
           ack/linux-rhel7-broadwell/gcc-10.2.1/zlib-1.2.11-su2ldy5ofm424qnly3k
           itbbdgwovpfk4/lib' '-s' 'NO_LZMA=1' '-s' 'NO_ZSTD=1' 'link=static,sh
           ared' '--layout=system' 'toolset=gcc' 'cxxflags="-std=c++98"'
  >> 31    error: wrong library name 'exception' in the --with-<library> option
           .
     32    

See build log for details:
  /var/tmp/sochat1/spack-stage/spack-stage-boost-1.40.0-qe5m3a4y3svinpk7orx34rk654m5yvqg/spack-build-out.txt

==> Error: ProcessError: Command exited with status 1:
    './bjam' '--clean' '-j' '16' '--user-config=/var/tmp/sochat1/spack-stage/spack-stage-boost-1.39.0-hjob6lvk7vxk453qmrvbaapvwic27k5a/spack-src/user-config.jam' 'variant=release' '--disable-icu' '-s' 'BZIP2_INCLUDE=/p/vast1/build/spack/opt/spack/linux-rhel7-broadwell/gcc-10.2.1/bzip2-1.0.8-jmjklgubcyryaddwqvzuvzeiq6zfqmst/include' '-s' 'BZIP2_LIBPATH=/p/vast1/build/spack/opt/spack/linux-rhel7-broadwell/gcc-10.2.1/bzip2-1.0.8-jmjklgubcyryaddwqvzuvzeiq6zfqmst/lib' '-s' 'ZLIB_INCLUDE=/p/vast1/build/spack/opt/spack/linux-rhel7-broadwell/gcc-10.2.1/zlib-1.2.11-su2ldy5ofm424qnly3kitbbdgwovpfk4/include' '-s' 'ZLIB_LIBPATH=/p/vast1/build/spack/opt/spack/linux-rhel7-broadwell/gcc-10.2.1/zlib-1.2.11-su2ldy5ofm424qnly3kitbbdgwovpfk4/lib' '-s' 'NO_LZMA=1' '-s' 'NO_ZSTD=1' 'link=static,shared' '--layout=system' 'toolset=gcc' 'cxxflags="-std=c++98"'

1 error found in build log:
     25    ==> [2022-03-02-04:40:49.591154] Warning: Quotes in command argument
           s can confuse scripts like configure.
     26      The following arguments may cause problems when executed:
     27          cxxflags="-std=c++98"
     28      Quotes aren't needed because spack doesn't use a shell. Consider r
           emoving them.
     29      If multiple levels of quotation are required, use `ignore_quotes=T
           rue`.
     30    ==> [2022-03-02-04:40:49.591298] './bjam' '--clean' '-j' '16' '--use
           r-config=/var/tmp/sochat1/spack-stage/spack-stage-boost-1.39.0-hjob6
           lvk7vxk453qmrvbaapvwic27k5a/spack-src/user-config.jam' 'variant=rele
           ase' '--disable-icu' '-s' 'BZIP2_INCLUDE=/p/vast1/build/spack/opt/sp
           ack/linux-rhel7-broadwell/gcc-10.2.1/bzip2-1.0.8-jmjklgubcyryaddwqvz
           uvzeiq6zfqmst/include' '-s' 'BZIP2_LIBPATH=/p/vast1/build/spack/opt/
           spack/linux-rhel7-broadwell/gcc-10.2.1/bzip2-1.0.8-jmjklgubcyryaddwq
           vzuvzeiq6zfqmst/lib' '-s' 'ZLIB_INCLUDE=/p/vast1/build/spack/opt/spa
           ck/linux-rhel7-broadwell/gcc-10.2.1/zlib-1.2.11-su2ldy5ofm424qnly3ki
           tbbdgwovpfk4/include' '-s' 'ZLIB_LIBPATH=/p/vast1/build/spack/opt/sp
           ack/linux-rhel7-broadwell/gcc-10.2.1/zlib-1.2.11-su2ldy5ofm424qnly3k
           itbbdgwovpfk4/lib' '-s' 'NO_LZMA=1' '-s' 'NO_ZSTD=1' 'link=static,sh
           ared' '--layout=system' 'toolset=gcc' 'cxxflags="-std=c++98"'
  >> 31    error: wrong library name 'exception' in the --with-<library> option
           .
     32    

See build log for details:
  /var/tmp/sochat1/spack-stage/spack-stage-boost-1.39.0-hjob6lvk7vxk453qmrvbaapvwic27k5a/spack-build-out.txt

==> Error: ProcessError: ./bootstrap.sh: No such file or directory: './bootstrap.sh'
    Command: './bootstrap.sh' '--prefix=/p/vast1/build/spack/opt/spack/linux-rhel7-broadwell/gcc-10.2.1/boost-1.38.0-6pjdeq75cu2w5mwf5niquq5yzeyvhlv7' '--with-toolset=gcc' '--with-libraries=system,thread,graph,serialization,iostreams,timer,date_time,filesystem,signals,program_options,math,test,wave,regex' '--without-icu'
See build log for details:
  /var/tmp/sochat1/spack-stage/spack-stage-boost-1.38.0-6pjdeq75cu2w5mwf5niquq5yzeyvhlv7/spack-build-out.txt

==> Error: ProcessError: ./bootstrap.sh: No such file or directory: './bootstrap.sh'
    Command: './bootstrap.sh' '--prefix=/p/vast1/build/spack/opt/spack/linux-rhel7-broadwell/gcc-10.2.1/boost-1.37.0-3j7m5llphx3353v7wbxf4m5uuvlezjxs' '--with-toolset=gcc' '--with-libraries=system,thread,graph,serialization,iostreams,timer,date_time,filesystem,signals,program_options,math,test,wave,regex' '--without-icu'
See build log for details:
  /var/tmp/sochat1/spack-stage/spack-stage-boost-1.37.0-3j7m5llphx3353v7wbxf4m5uuvlezjxs/spack-build-out.txt

==> Error: ProcessError: ./bootstrap.sh: No such file or directory: './bootstrap.sh'
    Command: './bootstrap.sh' '--prefix=/p/vast1/build/spack/opt/spack/linux-rhel7-broadwell/gcc-10.2.1/boost-1.36.0-q2cqct2dqpgzampzginuzxugieawwdox' '--with-toolset=gcc' '--with-libraries=system,thread,graph,serialization,iostreams,timer,date_time,filesystem,signals,program_options,math,test,wave,regex' '--without-icu'
See build log for details:
  /var/tmp/sochat1/spack-stage/spack-stage-boost-1.36.0-q2cqct2dqpgzampzginuzxugieawwdox/spack-build-out.txt

==> Error: ProcessError: ./bootstrap.sh: No such file or directory: './bootstrap.sh'
    Command: './bootstrap.sh' '--prefix=/p/vast1/build/spack/opt/spack/linux-rhel7-broadwell/gcc-10.2.1/boost-1.35.0-qfoac3kjjtkmgjjxnkaue5slpfvaxbxb' '--with-toolset=gcc' '--with-libraries=system,thread,graph,serialization,iostreams,timer,date_time,filesystem,signals,program_options,math,test,wave,regex' '--without-icu'
See build log for details:
  /var/tmp/sochat1/spack-stage/spack-stage-boost-1.35.0-qfoac3kjjtkmgjjxnkaue5slpfvaxbxb/spack-build-out.txt

==> Error: ProcessError: ./bootstrap.sh: No such file or directory: './bootstrap.sh'
    Command: './bootstrap.sh' '--prefix=/p/vast1/build/spack/opt/spack/linux-rhel7-broadwell/gcc-10.2.1/boost-1.34.1-cxvgqelmccmr5zeyrapd4hv2dtsvrzkm' '--with-toolset=gcc' '--with-libraries=system,thread,graph,serialization,iostreams,timer,date_time,filesystem,signals,program_options,math,test,wave,regex' '--without-icu'
See build log for details:
  /var/tmp/sochat1/spack-stage/spack-stage-boost-1.34.1-cxvgqelmccmr5zeyrapd4hv2dtsvrzkm/spack-build-out.txt

==> Error: ProcessError: ./bootstrap.sh: No such file or directory: './bootstrap.sh'
    Command: './bootstrap.sh' '--prefix=/p/vast1/build/spack/opt/spack/linux-rhel7-broadwell/gcc-10.2.1/boost-1.34.0-7tcofgugho6x6knrvsb3o7gawci2bdzq' '--with-toolset=gcc' '--with-libraries=system,thread,graph,serialization,iostreams,timer,date_time,filesystem,signals,program_options,math,test,wave,regex' '--without-icu'
See build log for details:
  /var/tmp/sochat1/spack-stage/spack-stage-boost-1.34.0-7tcofgugho6x6knrvsb3o7gawci2bdzq/spack-build-out.txt

Making predictions for spack-test
Making predictions for symbolator
Making predictions for libabigail
abicompat not found on path, will look for spack instead.
Making predictions for actual
