==> Warning: Missing a source id for hpctoolkit@2022.01.15
==> Error: Failed to upgrade to a write lock for hpctoolkit-2022.01.15-5c6yhr24rp33dfzlmuqawrjpb3ym22mq due to LockUpgradeError: Cannot upgrade lock from read to write on file: /p/vast1/build/spack/opt/spack/.spack-db/prefix_lock
Making predictions for symbolator
Making predictions for libabigail
Making predictions for actual
/var/spool/slurmd/job100301/slurm_script: line 12: 72043 Killed                  spliced splice --package hpctoolkit@2022.01.15 --splice dyninst --runner spack --replace dyninst --experiment experiment --outfile /p/vast1/build/spliced-experiment/results/hpctoolkit/2022.01.15/dyninst/experiment.json
==> Warning: Missing a source id for dyninst@master
==> Warning: Fetching from mirror without a checksum!
  This package is normally checked out from a version control system, but it has been archived on a spack mirror.  This means we cannot know a checksum for the tarball in advance. Be sure that your connection to this mirror is secure!
==> Warning: dyninst-10.0.0-afyeejh4iqmdppgivh3wabd66f3r5hnl failed to install
==> Warning: AssertionError exception when releasing read lock for dyninst-10.0.0-afyeejh4iqmdppgivh3wabd66f3r5hnl: 
==> Error: dyninst-10.0.0-afyeejh4iqmdppgivh3wabd66f3r5hnl: Package was not installed
==> Warning: dyninst-9.3.2-vz4m2mfhqhrcczyixi2vxi3mt4pj7vuh failed to install
==> Warning: AssertionError exception when releasing read lock for dyninst-9.3.2-vz4m2mfhqhrcczyixi2vxi3mt4pj7vuh: 
==> Error: dyninst-9.3.2-vz4m2mfhqhrcczyixi2vxi3mt4pj7vuh: Package was not installed
==> Warning: Fetching from mirror without a checksum!
  This package is normally checked out from a version control system, but it has been archived on a spack mirror.  This means we cannot know a checksum for the tarball in advance. Be sure that your connection to this mirror is secure!
==> Error: AttributeError: 'NoneType' object has no attribute 'spec'

/p/vast1/build/spack/var/spack/repos/builtin/packages/boost/package.py:630, in _cmake_args:
        629            def _cmake_args(self):
  >>    630                return ['-DBoost_NO_BOOST_CMAKE=ON'] + args_fn(self)

See build log for details:
  /var/tmp/sochat1/spack-stage/spack-stage-dyninst-9.3.0-akqy64e7tnwgmy3wa6lrxnruck7dxyb5/spack-build-out.txt

==> Warning: Fetching from mirror without a checksum!
  This package is normally checked out from a version control system, but it has been archived on a spack mirror.  This means we cannot know a checksum for the tarball in advance. Be sure that your connection to this mirror is secure!
==> Error: AttributeError: 'NoneType' object has no attribute 'spec'

/p/vast1/build/spack/var/spack/repos/builtin/packages/boost/package.py:630, in _cmake_args:
        629            def _cmake_args(self):
  >>    630                return ['-DBoost_NO_BOOST_CMAKE=ON'] + args_fn(self)

See build log for details:
  /var/tmp/sochat1/spack-stage/spack-stage-dyninst-9.2.0-q5lhrcrsr6fm7ouzlgjervvfaiuns34d/spack-build-out.txt

==> Warning: Fetching from mirror without a checksum!
  This package is normally checked out from a version control system, but it has been archived on a spack mirror.  This means we cannot know a checksum for the tarball in advance. Be sure that your connection to this mirror is secure!
==> Error: AttributeError: 'NoneType' object has no attribute 'spec'

/p/vast1/build/spack/var/spack/repos/builtin/packages/boost/package.py:630, in _cmake_args:
        629            def _cmake_args(self):
  >>    630                return ['-DBoost_NO_BOOST_CMAKE=ON'] + args_fn(self)

See build log for details:
  /var/tmp/sochat1/spack-stage/spack-stage-dyninst-9.1.0-kbdcpmjlzn5xd2j6dx22uwu7c374ajbf/spack-build-out.txt

==> Warning: Fetching from mirror without a checksum!
  This package is normally checked out from a version control system, but it has been archived on a spack mirror.  This means we cannot know a checksum for the tarball in advance. Be sure that your connection to this mirror is secure!
==> Error: AttributeError: 'NoneType' object has no attribute 'spec'

/p/vast1/build/spack/var/spack/repos/builtin/packages/boost/package.py:630, in _cmake_args:
        629            def _cmake_args(self):
  >>    630                return ['-DBoost_NO_BOOST_CMAKE=ON'] + args_fn(self)

See build log for details:
  /var/tmp/sochat1/spack-stage/spack-stage-dyninst-8.2.1-6ofibiflqdqviv64fro6jyhhrfttbjka/spack-build-out.txt

Making predictions for spack-test
Making predictions for symbolator
Making predictions for libabigail
abicompat not found on path, will look for spack instead.
You must either have abicompat (libabigail) on the path, or spack.
abicompat not found on path, will look for spack instead.
Making predictions for actual
