==> Warning: Missing a source id for boost@develop
slurmstepd: error: *** JOB 96925 ON oslic11 CANCELLED AT 2022-02-25T10:00:28 DUE TO TIME LIMIT ***
/var/spool/slurmd/job100276/slurm_script: line 12: 23661 Killed                  spliced splice --package hpctoolkit@2021.10.15 --splice boost --runner spack --replace boost --experiment experiment --outfile /p/vast1/build/spliced-experiment/results/hpctoolkit/2021.10.15/boost/experiment.json
==> Warning: Missing a source id for boost@develop
==> Error: Failed to upgrade to a write lock for boost-1.49.0-loeylhm6cs75brbk7embn2sbxnef5kou due to LockUpgradeError: Cannot upgrade lock from read to write on file: /p/vast1/build/spack/opt/spack/.spack-db/prefix_lock
==> Warning: AssertionError exception when releasing read lock for boost-1.49.0-loeylhm6cs75brbk7embn2sbxnef5kou: 
==> Warning: boost-1.48.0-6k34kxlyk6fw6eiioxhixqhpplmphemj failed to install
==> Warning: AssertionError exception when releasing read lock for boost-1.48.0-6k34kxlyk6fw6eiioxhixqhpplmphemj: 
==> Error: boost-1.48.0-6k34kxlyk6fw6eiioxhixqhpplmphemj: Package was not installed
==> Warning: boost-1.47.0-xgtyomjgo3t7oj46eqvisvlnpyoxi235 failed to install
==> Warning: AssertionError exception when releasing read lock for boost-1.47.0-xgtyomjgo3t7oj46eqvisvlnpyoxi235: 
==> Error: boost-1.47.0-xgtyomjgo3t7oj46eqvisvlnpyoxi235: Package was not installed
==> Warning: boost-1.46.1-hdz7hte3spqtqtyxmwkym53tctc2grzh failed to install
==> Warning: AssertionError exception when releasing read lock for boost-1.46.1-hdz7hte3spqtqtyxmwkym53tctc2grzh: 
==> Error: boost-1.46.1-hdz7hte3spqtqtyxmwkym53tctc2grzh: Package was not installed
==> Warning: boost-1.46.0-k5ehikzza4cgpewxvwqc3lgm4ohgdaqc failed to install
==> Warning: AssertionError exception when releasing read lock for boost-1.46.0-k5ehikzza4cgpewxvwqc3lgm4ohgdaqc: 
==> Error: boost-1.46.0-k5ehikzza4cgpewxvwqc3lgm4ohgdaqc: Package was not installed
==> Warning: boost-1.45.0-3ezurecwgqqtpyhpnovxyi5rqptnqdqe failed to install
==> Warning: AssertionError exception when releasing read lock for boost-1.45.0-3ezurecwgqqtpyhpnovxyi5rqptnqdqe: 
==> Error: boost-1.45.0-3ezurecwgqqtpyhpnovxyi5rqptnqdqe: Package was not installed
==> Warning: boost-1.44.0-s2pubvr7hdxgrc5vtn4yi2tcxb4bw2im failed to install
==> Warning: AssertionError exception when releasing read lock for boost-1.44.0-s2pubvr7hdxgrc5vtn4yi2tcxb4bw2im: 
==> Error: boost-1.44.0-s2pubvr7hdxgrc5vtn4yi2tcxb4bw2im: Package was not installed
==> Warning: boost-1.43.0-np5xmvofqesu2akl7rpfxklfqnck6eqm failed to install
==> Warning: AssertionError exception when releasing read lock for boost-1.43.0-np5xmvofqesu2akl7rpfxklfqnck6eqm: 
==> Error: boost-1.43.0-np5xmvofqesu2akl7rpfxklfqnck6eqm: Package was not installed
==> Warning: boost-1.42.0-ojchr2ldynvyz7t6wnaoi7zeeb27ljq4 failed to install
==> Warning: AssertionError exception when releasing read lock for boost-1.42.0-ojchr2ldynvyz7t6wnaoi7zeeb27ljq4: 
==> Error: boost-1.42.0-ojchr2ldynvyz7t6wnaoi7zeeb27ljq4: Package was not installed
==> Warning: boost-1.41.0-bisr4hk7uk7gs3n5wl2jl3ugq3xrmho7 failed to install
==> Warning: AssertionError exception when releasing read lock for boost-1.41.0-bisr4hk7uk7gs3n5wl2jl3ugq3xrmho7: 
==> Error: boost-1.41.0-bisr4hk7uk7gs3n5wl2jl3ugq3xrmho7: Package was not installed
==> Warning: boost-1.40.0-qe5m3a4y3svinpk7orx34rk654m5yvqg failed to install
==> Warning: AssertionError exception when releasing read lock for boost-1.40.0-qe5m3a4y3svinpk7orx34rk654m5yvqg: 
==> Error: boost-1.40.0-qe5m3a4y3svinpk7orx34rk654m5yvqg: Package was not installed
==> Warning: boost-1.39.0-hjob6lvk7vxk453qmrvbaapvwic27k5a failed to install
==> Warning: AssertionError exception when releasing read lock for boost-1.39.0-hjob6lvk7vxk453qmrvbaapvwic27k5a: 
==> Error: boost-1.39.0-hjob6lvk7vxk453qmrvbaapvwic27k5a: Package was not installed
==> Error: ProcessError: ./bootstrap.sh: No such file or directory: './bootstrap.sh'
    Command: './bootstrap.sh' '--prefix=/p/vast1/build/spack/opt/spack/linux-rhel7-broadwell/gcc-10.2.1/boost-1.38.0-6pjdeq75cu2w5mwf5niquq5yzeyvhlv7' '--with-toolset=gcc' '--with-libraries=wave,graph,iostreams,system,test,math,date_time,thread,regex,program_options,timer,serialization,signals,filesystem' '--without-icu'
See build log for details:
  /var/tmp/sochat1/spack-stage/spack-stage-boost-1.38.0-6pjdeq75cu2w5mwf5niquq5yzeyvhlv7/spack-build-out.txt

==> Error: ProcessError: ./bootstrap.sh: No such file or directory: './bootstrap.sh'
    Command: './bootstrap.sh' '--prefix=/p/vast1/build/spack/opt/spack/linux-rhel7-broadwell/gcc-10.2.1/boost-1.37.0-3j7m5llphx3353v7wbxf4m5uuvlezjxs' '--with-toolset=gcc' '--with-libraries=wave,graph,iostreams,system,test,math,date_time,thread,regex,program_options,timer,serialization,signals,filesystem' '--without-icu'
See build log for details:
  /var/tmp/sochat1/spack-stage/spack-stage-boost-1.37.0-3j7m5llphx3353v7wbxf4m5uuvlezjxs/spack-build-out.txt

==> Error: ProcessError: ./bootstrap.sh: No such file or directory: './bootstrap.sh'
    Command: './bootstrap.sh' '--prefix=/p/vast1/build/spack/opt/spack/linux-rhel7-broadwell/gcc-10.2.1/boost-1.36.0-q2cqct2dqpgzampzginuzxugieawwdox' '--with-toolset=gcc' '--with-libraries=wave,graph,iostreams,system,test,math,date_time,thread,regex,program_options,timer,serialization,signals,filesystem' '--without-icu'
See build log for details:
  /var/tmp/sochat1/spack-stage/spack-stage-boost-1.36.0-q2cqct2dqpgzampzginuzxugieawwdox/spack-build-out.txt

==> Error: ProcessError: ./bootstrap.sh: No such file or directory: './bootstrap.sh'
    Command: './bootstrap.sh' '--prefix=/p/vast1/build/spack/opt/spack/linux-rhel7-broadwell/gcc-10.2.1/boost-1.35.0-qfoac3kjjtkmgjjxnkaue5slpfvaxbxb' '--with-toolset=gcc' '--with-libraries=wave,graph,iostreams,system,test,math,date_time,thread,regex,program_options,timer,serialization,signals,filesystem' '--without-icu'
See build log for details:
  /var/tmp/sochat1/spack-stage/spack-stage-boost-1.35.0-qfoac3kjjtkmgjjxnkaue5slpfvaxbxb/spack-build-out.txt

==> Error: ProcessError: ./bootstrap.sh: No such file or directory: './bootstrap.sh'
    Command: './bootstrap.sh' '--prefix=/p/vast1/build/spack/opt/spack/linux-rhel7-broadwell/gcc-10.2.1/boost-1.34.1-cxvgqelmccmr5zeyrapd4hv2dtsvrzkm' '--with-toolset=gcc' '--with-libraries=wave,graph,iostreams,system,test,math,date_time,thread,regex,program_options,timer,serialization,signals,filesystem' '--without-icu'
See build log for details:
  /var/tmp/sochat1/spack-stage/spack-stage-boost-1.34.1-cxvgqelmccmr5zeyrapd4hv2dtsvrzkm/spack-build-out.txt

==> Error: ProcessError: ./bootstrap.sh: No such file or directory: './bootstrap.sh'
    Command: './bootstrap.sh' '--prefix=/p/vast1/build/spack/opt/spack/linux-rhel7-broadwell/gcc-10.2.1/boost-1.34.0-7tcofgugho6x6knrvsb3o7gawci2bdzq' '--with-toolset=gcc' '--with-libraries=wave,graph,iostreams,system,test,math,date_time,thread,regex,program_options,timer,serialization,signals,filesystem' '--without-icu'
See build log for details:
  /var/tmp/sochat1/spack-stage/spack-stage-boost-1.34.0-7tcofgugho6x6knrvsb3o7gawci2bdzq/spack-build-out.txt

Making predictions for spack-test
Making predictions for symbolator
Making predictions for libabigail
abicompat not found on path, will look for spack instead.
Making predictions for actual
