slurmstepd: error: *** JOB 96951 ON oslic11 CANCELLED AT 2022-02-25T10:42:58 DUE TO TIME LIMIT ***
/var/spool/slurmd/job100305/slurm_script: line 12: 34282 Killed                  spliced splice --package hpctoolkit@2020.07.21 --splice dyninst --runner spack --replace dyninst --experiment experiment --outfile /p/vast1/build/spliced-experiment/results/hpctoolkit/2020.07.21/dyninst/experiment.json
==> Warning: Missing a source id for dyninst@master
==> Warning: Fetching from mirror without a checksum!
  This package is normally checked out from a version control system, but it has been archived on a spack mirror.  This means we cannot know a checksum for the tarball in advance. Be sure that your connection to this mirror is secure!
==> Error: AttributeError: 'NoneType' object has no attribute 'spec'

/p/vast1/build/spack/var/spack/repos/builtin/packages/boost/package.py:630, in _cmake_args:
        629            def _cmake_args(self):
  >>    630                return ['-DBoost_NO_BOOST_CMAKE=ON'] + args_fn(self)

See build log for details:
  /var/tmp/sochat1/spack-stage/spack-stage-dyninst-10.0.0-afyeejh4iqmdppgivh3wabd66f3r5hnl/spack-build-out.txt

==> Warning: Fetching from mirror without a checksum!
  This package is normally checked out from a version control system, but it has been archived on a spack mirror.  This means we cannot know a checksum for the tarball in advance. Be sure that your connection to this mirror is secure!
==> Error: AttributeError: 'NoneType' object has no attribute 'spec'

/p/vast1/build/spack/var/spack/repos/builtin/packages/boost/package.py:630, in _cmake_args:
        629            def _cmake_args(self):
  >>    630                return ['-DBoost_NO_BOOST_CMAKE=ON'] + args_fn(self)

See build log for details:
  /var/tmp/sochat1/spack-stage/spack-stage-dyninst-9.3.2-vz4m2mfhqhrcczyixi2vxi3mt4pj7vuh/spack-build-out.txt

==> Warning: dyninst-9.3.0-akqy64e7tnwgmy3wa6lrxnruck7dxyb5 failed to install
==> Warning: AssertionError exception when releasing read lock for dyninst-9.3.0-akqy64e7tnwgmy3wa6lrxnruck7dxyb5: 
==> Error: dyninst-9.3.0-akqy64e7tnwgmy3wa6lrxnruck7dxyb5: Package was not installed
==> Warning: Fetching from mirror without a checksum!
  This package is normally checked out from a version control system, but it has been archived on a spack mirror.  This means we cannot know a checksum for the tarball in advance. Be sure that your connection to this mirror is secure!
==> Error: AttributeError: 'NoneType' object has no attribute 'spec'

/p/vast1/build/spack/var/spack/repos/builtin/packages/boost/package.py:630, in _cmake_args:
        629            def _cmake_args(self):
  >>    630                return ['-DBoost_NO_BOOST_CMAKE=ON'] + args_fn(self)

See build log for details:
  /var/tmp/sochat1/spack-stage/spack-stage-dyninst-9.2.0-q5lhrcrsr6fm7ouzlgjervvfaiuns34d/spack-build-out.txt

slurmstepd: error: *** JOB 2468577 ON borax12 CANCELLED AT 2022-03-02T11:10:17 DUE TO TIME LIMIT ***
