==> Warning: hypre-2.17.0-2ld27lcggtfmolgnjyjvhmcr2yymtqjb failed to install
==> Warning: AssertionError exception when releasing read lock for hypre-2.17.0-2ld27lcggtfmolgnjyjvhmcr2yymtqjb: 
==> Error: hypre-2.17.0-2ld27lcggtfmolgnjyjvhmcr2yymtqjb: Package was not installed
Making predictions for symbolator
Making predictions for libabigail
Making predictions for actual
/var/spool/slurmd/job100527/slurm_script: line 12: 19023 Killed                  spliced splice --package hypre@2.17.0 --splice openblas --runner spack --replace openblas --experiment experiment --outfile /p/vast1/build/spliced-experiment/results/hypre/2.17.0/openblas/experiment.json
==> Error: ProcessError: Command exited with status 77:
    '/tmp/sochat1/spack-stage/spack-stage-hypre-2.17.0-2ld27lcggtfmolgnjyjvhmcr2yymtqjb/spack-src/src/configure' '--prefix=/p/vast1/build/spack/opt/spack/linux-rhel7-broadwell/gcc-10.2.1/hypre-2.17.0-2ld27lcggtfmolgnjyjvhmcr2yymtqjb' '--prefix=/p/vast1/build/spack/opt/spack/linux-rhel7-broadwell/gcc-10.2.1/hypre-2.17.0-2ld27lcggtfmolgnjyjvhmcr2yymtqjb' '--with-lapack-libs=openblas' '--with-lapack-lib-dirs=/p/vast1/build/spack/opt/spack/linux-rhel7-broadwell/gcc-10.2.1/openblas-0.3.19-jubz2yn2ui3jzqphbt3w2jyqt2pwvz7f/lib' '--with-blas-libs=openblas' '--with-blas-lib-dirs=/p/vast1/build/spack/opt/spack/linux-rhel7-broadwell/gcc-10.2.1/openblas-0.3.19-jubz2yn2ui3jzqphbt3w2jyqt2pwvz7f/lib' '--with-MPI' '--without-openmp' '--disable-bigint' '--disable-mixedint' '--disable-complex' '--enable-shared' '--without-superlu' '--without-mli' '--without-fei' '--disable-debug' '--without-cuda' '--disable-curand' '--disable-cub' '--enable-fortran'

2 errors found in build log:
     5     checking build system type... x86_64-pc-linux-gnu
     6     checking host system type... x86_64-pc-linux-gnu
     7     checking whether make sets $(MAKE)... yes
     8     checking for ranlib... ranlib
     9     checking for gcc... /p/vast1/build/spack/opt/spack/linux-rhel7-broad
           well/gcc-10.2.1/openmpi-4.1.2-mtnsjnbj5kuefhd6gtupaglpuytu6vhz/bin/m
           picc
     10    checking whether the C compiler works... no
  >> 11    configure: error: in `/tmp/sochat1/spack-stage/spack-stage-hypre-2.1
           7.0-2ld27lcggtfmolgnjyjvhmcr2yymtqjb/spack-src/src':
  >> 12    configure: error: C compiler cannot create executables
     13    See `config.log' for more details

See build log for details:
  /var/tmp/sochat1/spack-stage/spack-stage-hypre-2.17.0-2ld27lcggtfmolgnjyjvhmcr2yymtqjb/spack-build-out.txt

Making predictions for spack-test
Making predictions for symbolator
Making predictions for libabigail
abicompat not found on path, will look for spack instead.
Making predictions for actual
