==> Warning: Missing a source id for openmpi@master
==> Error: ProcessError: Command exited with status 2:
    'make' '-j2' 'V=1'

32 errors found in build log:
     577      libtoolize: copying file './config/ltsugar.m4'
     578      libtoolize: copying file './config/ltversion.m4'
     579      libtoolize: copying file './config/lt~obsolete.m4'
     580      autoreconf: running: /p/vast1/build/spack/opt/spack/linux-rhel7-b
              roadwell/gcc-10.2.1/autoconf-2.69-pfmcbnykmtv5mjmsmwbesqcoea22hrr
              x/bin/autoconf --include=config --force --warnings=all,no-obsolet
              e,no-override
     581      autoreconf: running: /p/vast1/build/spack/opt/spack/linux-rhel7-b
              roadwell/gcc-10.2.1/autoconf-2.69-pfmcbnykmtv5mjmsmwbesqcoea22hrr
              x/bin/autoheader --include=config --force --warnings=all,no-obsol
              ete,no-override
     582      autoreconf: running: automake --add-missing --copy --force-missin
              g --warnings=all,no-obsolete,no-override
  >> 583      configure.ac:228: installing './config/ar-lib'
  >> 584      configure.ac:111: installing './config/compile'
  >> 585      configure.ac:96: installing './config/config.guess'
  >> 586      configure.ac:96: installing './config/config.sub'
  >> 587      configure.ac:99: installing './config/install-sh'
  >> 588      configure.ac:99: installing './config/missing'
     589      examples/Makefile.am: installing './config/depcomp'
     590      configure.ac: installing './config/ylwrap'
     591      parallel-tests: installing './config/test-driver'
     592      autoreconf: Leaving directory `.'
     593      === Patching PGI compiler version numbers in ltmain.sh
     594      === Patching "-pthread" option for NAG compiler in ltmain.sh

     ...

     806      libtoolize: copying file 'config/ltsugar.m4'
     807      libtoolize: copying file 'config/ltversion.m4'
     808      libtoolize: copying file 'config/lt~obsolete.m4'
     809      autoreconf: running: /p/vast1/build/spack/opt/spack/linux-rhel7-b
              roadwell/gcc-10.2.1/autoconf-2.69-pfmcbnykmtv5mjmsmwbesqcoea22hrr
              x/bin/autoconf --include=config --force --warnings=all,no-obsolet
              e,no-override
     810      autoreconf: running: /p/vast1/build/spack/opt/spack/linux-rhel7-b
              roadwell/gcc-10.2.1/autoconf-2.69-pfmcbnykmtv5mjmsmwbesqcoea22hrr
              x/bin/autoheader --include=config --force --warnings=all,no-obsol
              ete,no-override
     811      autoreconf: running: automake --add-missing --copy --force-missin
              g --warnings=all,no-obsolete,no-override
  >> 812      configure.ac:110: installing 'config/compile'
  >> 813      configure.ac:97: installing 'config/config.guess'
  >> 814      configure.ac:97: installing 'config/config.sub'
  >> 815      configure.ac:124: installing 'config/install-sh'
  >> 816      configure.ac:124: installing 'config/missing'
     817      src/Makefile.am: installing 'config/depcomp'
     818      configure.ac: installing 'config/ylwrap'
     819      autoreconf: Leaving directory `.'
     820      === Patching PGI compiler version numbers in ltmain.sh
     821      === Patching "-pthread" option for NAG compiler in ltmain.sh
     822      

     ...

     858      libtoolize: copying file 'confdb/ltsugar.m4'
     859      libtoolize: copying file 'confdb/ltversion.m4'
     860      libtoolize: copying file 'confdb/lt~obsolete.m4'
     861      autoreconf: running: /p/vast1/build/spack/opt/spack/linux-rhel7-b
              roadwell/gcc-10.2.1/autoconf-2.69-pfmcbnykmtv5mjmsmwbesqcoea22hrr
              x/bin/autoconf --include=confdb --force
     862      autoreconf: running: /p/vast1/build/spack/opt/spack/linux-rhel7-b
              roadwell/gcc-10.2.1/autoconf-2.69-pfmcbnykmtv5mjmsmwbesqcoea22hrr
              x/bin/autoheader --include=confdb --force
     863      autoreconf: running: automake --add-missing --copy --force-missin
              g
  >> 864      configure.ac:50: installing 'confdb/ar-lib'
  >> 865      configure.ac:42: installing 'confdb/compile'
  >> 866      configure.ac:52: installing 'confdb/config.guess'
  >> 867      configure.ac:52: installing 'confdb/config.sub'
  >> 868      configure.ac:38: installing 'confdb/install-sh'
  >> 869      configure.ac:38: installing 'confdb/missing'
     870      Makefile.am: installing 'confdb/depcomp'
     871      autoreconf: Leaving directory `.'
     872      === running autoreconf in 'mpl' ===
     873      autoreconf: Entering directory `.'
     874      autoreconf: configure.ac: not using Gettext
     875      autoreconf: running: aclocal --force -I confdb

     ...

     883      libtoolize: copying file 'confdb/ltsugar.m4'
     884      libtoolize: copying file 'confdb/ltversion.m4'
     885      libtoolize: copying file 'confdb/lt~obsolete.m4'
     886      autoreconf: running: /p/vast1/build/spack/opt/spack/linux-rhel7-b
              roadwell/gcc-10.2.1/autoconf-2.69-pfmcbnykmtv5mjmsmwbesqcoea22hrr
              x/bin/autoconf --force
     887      autoreconf: running: /p/vast1/build/spack/opt/spack/linux-rhel7-b
              roadwell/gcc-10.2.1/autoconf-2.69-pfmcbnykmtv5mjmsmwbesqcoea22hrr
              x/bin/autoheader --force
     888      autoreconf: running: automake --add-missing --copy --force-missin
              g
  >> 889      configure.ac:24: installing 'confdb/ar-lib'
  >> 890      configure.ac:18: installing 'confdb/compile'
  >> 891      configure.ac:30: installing 'confdb/config.guess'
  >> 892      configure.ac:30: installing 'confdb/config.sub'
  >> 893      configure.ac:15: installing 'confdb/install-sh'
  >> 894      configure.ac:15: installing 'confdb/missing'
     895      Makefile.am: installing 'confdb/depcomp'
     896      parallel-tests: installing 'confdb/test-driver'
     897      autoreconf: Leaving directory `.'
     898          Patching configure for Libtool PGI 10 fortran compiler name
     899          Patching configure for Libtool PGI version number regexps
     900          Patching configure for flang Fortran ()

     ...

     932      libtoolize: copying file 'config/ltsugar.m4'
     933      libtoolize: copying file 'config/ltversion.m4'
     934      libtoolize: copying file 'config/lt~obsolete.m4'
     935      autoreconf: running: /p/vast1/build/spack/opt/spack/linux-rhel7-b
              roadwell/gcc-10.2.1/autoconf-2.69-pfmcbnykmtv5mjmsmwbesqcoea22hrr
              x/bin/autoconf --include=config --force --warnings=all,no-obsolet
              e,no-override
     936      autoreconf: running: /p/vast1/build/spack/opt/spack/linux-rhel7-b
              roadwell/gcc-10.2.1/autoconf-2.69-pfmcbnykmtv5mjmsmwbesqcoea22hrr
              x/bin/autoheader --include=config --force --warnings=all,no-obsol
              ete,no-override
     937      autoreconf: running: automake --add-missing --copy --force-missin
              g --warnings=all,no-obsolete,no-override
  >> 938      configure.ac:373: installing 'config/compile'
  >> 939      configure.ac:89: installing 'config/config.guess'
  >> 940      configure.ac:89: installing 'config/config.sub'
  >> 941      configure.ac:101: installing 'config/install-sh'
  >> 942      configure.ac:101: installing 'config/missing'
     943      3rd-party/treematch/Makefile.am: installing 'config/depcomp'
     944      parallel-tests: installing 'config/test-driver'
     945      configure.ac: installing 'config/ylwrap'
     946      autoreconf: Leaving directory `.'
     947      === Patching PGI compiler version numbers in ltmain.sh
     948      === Patching "-pthread" option for NAG compiler in ltmain.sh

     ...

     17057    /usr/tce/packages/gcc/gcc-10.2.1/rh/usr/bin/../libexec/gcc/x86_64
              -redhat-linux/10/ld: mca/topo/treematch/.libs/libmca_topo_treemat
              ch.a(tm_thread_pool.o): relocation R_X86_64_32 against `.rodata.s
              tr1.1' can not be used when making a shared object; recompile wit
              h -fPIC
     17058    /usr/tce/packages/gcc/gcc-10.2.1/rh/usr/bin/../libexec/gcc/x86_64
              -redhat-linux/10/ld: mca/topo/treematch/.libs/libmca_topo_treemat
              ch.a(tm_timings.o): relocation R_X86_64_32S against `.bss' can no
              t be used when making a shared object; recompile with -fPIC
     17059    /usr/tce/packages/gcc/gcc-10.2.1/rh/usr/bin/../libexec/gcc/x86_64
              -redhat-linux/10/ld: mca/topo/treematch/.libs/libmca_topo_treemat
              ch.a(tm_topology.o): relocation R_X86_64_32 against `.rodata.str1
              .8' can not be used when making a shared object; recompile with -
              fPIC
     17060    /usr/tce/packages/gcc/gcc-10.2.1/rh/usr/bin/../libexec/gcc/x86_64
              -redhat-linux/10/ld: mca/topo/treematch/.libs/libmca_topo_treemat
              ch.a(tm_tree.o): relocation R_X86_64_32 against `.rodata.str1.8' 
              can not be used when making a shared object; recompile with -fPIC
     17061    /usr/tce/packages/gcc/gcc-10.2.1/rh/usr/bin/../libexec/gcc/x86_64
              -redhat-linux/10/ld: mca/topo/treematch/.libs/libmca_topo_treemat
              ch.a(tm_verbose.o): relocation R_X86_64_32 against `.rodata.str1.
              1' can not be used when making a shared object; recompile with -f
              PIC
     17062    /usr/tce/packages/gcc/gcc-10.2.1/rh/usr/bin/../libexec/gcc/x86_64
              -redhat-linux/10/ld: mca/topo/treematch/.libs/libmca_topo_treemat
              ch.a(tm_bucket.o): warning: relocation against `stderr@@GLIBC_2.2
              .5' in read-only section `.text'
  >> 17063    collect2: error: ld returned 1 exit status
  >> 17064    make[2]: *** [libmpi.la] Error 1
     17065    make[2]: Leaving directory `/tmp/sochat1/spack-stage/spack-stage-
              openmpi-master-ihentoup3voecdrmavxloehqek66e446/spack-src/ompi'
  >> 17066    make[1]: *** [all-recursive] Error 1
     17067    make[1]: Leaving directory `/tmp/sochat1/spack-stage/spack-stage-
              openmpi-master-ihentoup3voecdrmavxloehqek66e446/spack-src/ompi'
  >> 17068    make: *** [all-recursive] Error 1

See build log for details:
  /var/tmp/sochat1/spack-stage/spack-stage-openmpi-master-ihentoup3voecdrmavxloehqek66e446/spack-build-out.txt

==> Error: Failed to install openmpi due to LockTimeoutError: Timed out waiting for a write lock.
==> Error: ProcessError: Command exited with status 2:
    'make' '-j2' 'V=1'

4 errors found in build log:
     47369    /bin/sh ../../../../libtool  --tag=FC   --mode=compile /p/vast1/b
              uild/spack/lib/spack/env/gcc/gfortran -DHAVE_CONFIG_H -I. -I/var/
              tmp/sochat1/spack-stage/spack-stage-openmpi-4.0.0-4aq66zz3ecihvbx
              ofzhr4vtugap7vamt/spack-src/ompi/mpi/fortran/mpiext-use-mpi -I../
              ../../../opal/include -I../../../../ompi/include -I../../../../os
              hmem/include -I../../../../opal/mca/hwloc/hwloc201/hwloc/include/
              private/autogen -I../../../../opal/mca/hwloc/hwloc201/hwloc/inclu
              de/hwloc/autogen -I../../../../ompi/mpiext/cuda/c   -I/var/tmp/so
              chat1/spack-stage/spack-stage-openmpi-4.0.0-4aq66zz3ecihvbxofzhr4
              vtugap7vamt/spack-src -I../../../.. -I/var/tmp/sochat1/spack-stag
              e/spack-stage-openmpi-4.0.0-4aq66zz3ecihvbxofzhr4vtugap7vamt/spac
              k-src/opal/include -I/var/tmp/sochat1/spack-stage/spack-stage-ope
              nmpi-4.0.0-4aq66zz3ecihvbxofzhr4vtugap7vamt/spack-src/orte/includ
              e -I../../../../orte/include -I/var/tmp/sochat1/spack-stage/spack
              -stage-openmpi-4.0.0-4aq66zz3ecihvbxofzhr4vtugap7vamt/spack-src/o
              mpi/include -I/var/tmp/sochat1/spack-stage/spack-stage-openmpi-4.
              0.0-4aq66zz3ecihvbxofzhr4vtugap7vamt/spack-src/oshmem/include   -
              I/p/vast1/build/spack/opt/spack/linux-rhel7-broadwell/gcc-10.2.1/
              zlib-1.2.11-su2ldy5ofm424qnly3kitbbdgwovpfk4/include   -I/p/vast1
              /build/spack/opt/spack/linux-rhel7-broadwell/gcc-10.2.1/hwloc-2.7
              .0-zcvfxqfecuheq2vakvpuosok2avakr6j/include  -I/p/vast1/build/spa
              ck/opt/spack/linux-rhel7-broadwell/gcc-10.2.1/libevent-2.1.12-ojh
              vas6alyezjgn2r2flj4slwat4cowk/include -I../../../../ompi/include 
              -I/var/tmp/sochat1/spack-stage/spack-stage-openmpi-4.0.0-4aq66zz3
              ecihvbxofzhr4vtugap7vamt/spack-src/ompi/include -I../../../../omp
              i/mpi/fortran/base -I/var/tmp/sochat1/spack-stage/spack-stage-ope
              nmpi-4.0.0-4aq66zz3ecihvbxofzhr4vtugap7vamt/spack-src   -c -o mpi
              -ext-module.lo mpi-ext-module.F90
     47370    libtool: compile:  /p/vast1/build/spack/lib/spack/env/gcc/gfortra
              n -DHAVE_CONFIG_H -I. -I/var/tmp/sochat1/spack-stage/spack-stage-
              openmpi-4.0.0-4aq66zz3ecihvbxofzhr4vtugap7vamt/spack-src/ompi/mpi
              /fortran/mpiext-use-mpi -I../../../../opal/include -I../../../../
              ompi/include -I../../../../oshmem/include -I../../../../opal/mca/
              hwloc/hwloc201/hwloc/include/private/autogen -I../../../../opal/m
              ca/hwloc/hwloc201/hwloc/include/hwloc/autogen -I../../../../ompi/
              mpiext/cuda/c -I/var/tmp/sochat1/spack-stage/spack-stage-openmpi-
              4.0.0-4aq66zz3ecihvbxofzhr4vtugap7vamt/spack-src -I../../../.. -I
              /var/tmp/sochat1/spack-stage/spack-stage-openmpi-4.0.0-4aq66zz3ec
              ihvbxofzhr4vtugap7vamt/spack-src/opal/include -I/var/tmp/sochat1/
              spack-stage/spack-stage-openmpi-4.0.0-4aq66zz3ecihvbxofzhr4vtugap
              7vamt/spack-src/orte/include -I../../../../orte/include -I/var/tm
              p/sochat1/spack-stage/spack-stage-openmpi-4.0.0-4aq66zz3ecihvbxof
              zhr4vtugap7vamt/spack-src/ompi/include -I/var/tmp/sochat1/spack-s
              tage/spack-stage-openmpi-4.0.0-4aq66zz3ecihvbxofzhr4vtugap7vamt/s
              pack-src/oshmem/include -I/p/vast1/build/spack/opt/spack/linux-rh
              el7-broadwell/gcc-10.2.1/zlib-1.2.11-su2ldy5ofm424qnly3kitbbdgwov
              pfk4/include -I/p/vast1/build/spack/opt/spack/linux-rhel7-broadwe
              ll/gcc-10.2.1/hwloc-2.7.0-zcvfxqfecuheq2vakvpuosok2avakr6j/includ
              e -I/p/vast1/build/spack/opt/spack/linux-rhel7-broadwell/gcc-10.2
              .1/libevent-2.1.12-ojhvas6alyezjgn2r2flj4slwat4cowk/include -I../
              ../../../ompi/include -I/var/tmp/sochat1/spack-stage/spack-stage-
              openmpi-4.0.0-4aq66zz3ecihvbxofzhr4vtugap7vamt/spack-src/ompi/inc
              lude -I../../../../ompi/mpi/fortran/base -I/var/tmp/sochat1/spack
              -stage/spack-stage-openmpi-4.0.0-4aq66zz3ecihvbxofzhr4vtugap7vamt
              /spack-src -c mpi-ext-module.F90  -fPIC -o .libs/mpi-ext-module.o
     47371    mpi-ext-module.F90:29:132:
     47372    
     47373       29 |       include '/var/tmp/sochat1/spack-stage/spack-stage-o
              penmpi-4.0.0-4aq66zz3ecihvbxofzhr4vtugap7vamt/spack-src/ompi/mpie
              xt/pcollreq/mpif-h/mpiext_pcollreq_mpifh.h'
     47374          |                                                          
                                                                               
                       1
  >> 47375    Error: Line truncated at (1) [-Werror=line-truncation]
     47376    f951: some warnings being treated as errors
  >> 47377    make[2]: *** [mpi-ext-module.lo] Error 1
     47378    make[2]: Leaving directory `/tmp/sochat1/spack-stage/spack-stage-
              openmpi-4.0.0-4aq66zz3ecihvbxofzhr4vtugap7vamt/spack-src/ompi/mpi
              /fortran/mpiext-use-mpi'
  >> 47379    make[1]: *** [all-recursive] Error 1
     47380    make[1]: Leaving directory `/tmp/sochat1/spack-stage/spack-stage-
              openmpi-4.0.0-4aq66zz3ecihvbxofzhr4vtugap7vamt/spack-src/ompi'
  >> 47381    make: *** [all-recursive] Error 1

See build log for details:
  /var/tmp/sochat1/spack-stage/spack-stage-openmpi-4.0.0-4aq66zz3ecihvbxofzhr4vtugap7vamt/spack-build-out.txt

slurmstepd: error: *** JOB 97181 ON oslic11 CANCELLED AT 2022-02-25T17:03:30 DUE TO TIME LIMIT ***
/var/spool/slurmd/job100544/slurm_script: line 12: 22285 Killed                  spliced splice --package hypre@2.10.1 --splice openmpi --runner spack --replace openmpi --experiment experiment --outfile /p/vast1/build/spliced-experiment/results/hypre/2.10.1/openmpi/experiment.json
slurmstepd: error: *** JOB 2468821 ON borax13 CANCELLED AT 2022-03-03T14:19:33 DUE TO TIME LIMIT ***
