==> Error: ProcessError: Command exited with status 2:
    'make' '-j2'

34 errors found in build log:
     106    cd /tmp/sochat1/spack-stage/spack-stage-omega-h-9.19.1-upr5a5fldgj2
            zxfsnled36inmyjk5if7/spack-build-upr5a5f/src && /p/vast1/build/spac
            k/opt/spack/linux-rhel7-broadwell/gcc-10.2.1/openmpi-4.1.2-mtnsjnbj
            5kuefhd6gtupaglpuytu6vhz/bin/mpic++ -Domega_h_EXPORTS -I/var/tmp/so
            chat1/spack-stage/spack-stage-omega-h-9.19.1-upr5a5fldgj2zxfsnled36
            inmyjk5if7/spack-src/src -I/tmp/sochat1/spack-stage/spack-stage-ome
            ga-h-9.19.1-upr5a5fldgj2zxfsnled36inmyjk5if7/spack-build-upr5a5f/sr
            c -I/var/tmp/sochat1/spack-stage/spack-stage-omega-h-9.19.1-upr5a5f
            ldgj2zxfsnled36inmyjk5if7/spack-src/tpl -I/p/vast1/build/spack/opt/
            spack/linux-rhel7-broadwell/gcc-10.2.1/trilinos-13.0.1-ek3l55mwgojt
            jozcq4td2bstgfpxei4m/include -I/p/vast1/build/spack/opt/spack/linux
            -rhel7-broadwell/gcc-10.2.1/hwloc-2.7.0-zcvfxqfecuheq2vakvpuosok2av
            akr6j/include -isystem /p/vast1/build/spack/opt/spack/linux-rhel7-b
            roadwell/gcc-10.2.1/zlib-1.2.11-su2ldy5ofm424qnly3kitbbdgwovpfk4/in
            clude -O3 -g --std=c++11  -fno-omit-frame-pointer  -fPIC -std=gnu++
            14 -MD -MT src/CMakeFiles/omega_h.dir/Omega_h_library.cpp.o -MF CMa
            keFiles/omega_h.dir/Omega_h_library.cpp.o.d -o CMakeFiles/omega_h.d
            ir/Omega_h_library.cpp.o -c /var/tmp/sochat1/spack-stage/spack-stag
            e-omega-h-9.19.1-upr5a5fldgj2zxfsnled36inmyjk5if7/spack-src/src/Ome
            ga_h_library.cpp
     107    [  2%] Building CXX object src/CMakeFiles/omega_h.dir/Omega_h_array
            .cpp.o
     108    cd /tmp/sochat1/spack-stage/spack-stage-omega-h-9.19.1-upr5a5fldgj2
            zxfsnled36inmyjk5if7/spack-build-upr5a5f/src && /p/vast1/build/spac
            k/opt/spack/linux-rhel7-broadwell/gcc-10.2.1/openmpi-4.1.2-mtnsjnbj
            5kuefhd6gtupaglpuytu6vhz/bin/mpic++ -Domega_h_EXPORTS -I/var/tmp/so
            chat1/spack-stage/spack-stage-omega-h-9.19.1-upr5a5fldgj2zxfsnled36
            inmyjk5if7/spack-src/src -I/tmp/sochat1/spack-stage/spack-stage-ome
            ga-h-9.19.1-upr5a5fldgj2zxfsnled36inmyjk5if7/spack-build-upr5a5f/sr
            c -I/var/tmp/sochat1/spack-stage/spack-stage-omega-h-9.19.1-upr5a5f
            ldgj2zxfsnled36inmyjk5if7/spack-src/tpl -I/p/vast1/build/spack/opt/
            spack/linux-rhel7-broadwell/gcc-10.2.1/trilinos-13.0.1-ek3l55mwgojt
            jozcq4td2bstgfpxei4m/include -I/p/vast1/build/spack/opt/spack/linux
            -rhel7-broadwell/gcc-10.2.1/hwloc-2.7.0-zcvfxqfecuheq2vakvpuosok2av
            akr6j/include -isystem /p/vast1/build/spack/opt/spack/linux-rhel7-b
            roadwell/gcc-10.2.1/zlib-1.2.11-su2ldy5ofm424qnly3kitbbdgwovpfk4/in
            clude -O3 -g --std=c++11  -fno-omit-frame-pointer  -fPIC -std=gnu++
            14 -MD -MT src/CMakeFiles/omega_h.dir/Omega_h_array.cpp.o -MF CMake
            Files/omega_h.dir/Omega_h_array.cpp.o.d -o CMakeFiles/omega_h.dir/O
            mega_h_array.cpp.o -c /var/tmp/sochat1/spack-stage/spack-stage-omeg
            a-h-9.19.1-upr5a5fldgj2zxfsnled36inmyjk5if7/spack-src/src/Omega_h_a
            rray.cpp
     109    [  3%] Building CXX object src/CMakeFiles/omega_h.dir/Omega_h_array
            _ops.cpp.o
     110    cd /tmp/sochat1/spack-stage/spack-stage-omega-h-9.19.1-upr5a5fldgj2
            zxfsnled36inmyjk5if7/spack-build-upr5a5f/src && /p/vast1/build/spac
            k/opt/spack/linux-rhel7-broadwell/gcc-10.2.1/openmpi-4.1.2-mtnsjnbj
            5kuefhd6gtupaglpuytu6vhz/bin/mpic++ -Domega_h_EXPORTS -I/var/tmp/so
            chat1/spack-stage/spack-stage-omega-h-9.19.1-upr5a5fldgj2zxfsnled36
            inmyjk5if7/spack-src/src -I/tmp/sochat1/spack-stage/spack-stage-ome
            ga-h-9.19.1-upr5a5fldgj2zxfsnled36inmyjk5if7/spack-build-upr5a5f/sr
            c -I/var/tmp/sochat1/spack-stage/spack-stage-omega-h-9.19.1-upr5a5f
            ldgj2zxfsnled36inmyjk5if7/spack-src/tpl -I/p/vast1/build/spack/opt/
            spack/linux-rhel7-broadwell/gcc-10.2.1/trilinos-13.0.1-ek3l55mwgojt
            jozcq4td2bstgfpxei4m/include -I/p/vast1/build/spack/opt/spack/linux
            -rhel7-broadwell/gcc-10.2.1/hwloc-2.7.0-zcvfxqfecuheq2vakvpuosok2av
            akr6j/include -isystem /p/vast1/build/spack/opt/spack/linux-rhel7-b
            roadwell/gcc-10.2.1/zlib-1.2.11-su2ldy5ofm424qnly3kitbbdgwovpfk4/in
            clude -O3 -g --std=c++11  -fno-omit-frame-pointer  -fPIC -std=gnu++
            14 -MD -MT src/CMakeFiles/omega_h.dir/Omega_h_array_ops.cpp.o -MF C
            MakeFiles/omega_h.dir/Omega_h_array_ops.cpp.o.d -o CMakeFiles/omega
            _h.dir/Omega_h_array_ops.cpp.o -c /var/tmp/sochat1/spack-stage/spac
            k-stage-omega-h-9.19.1-upr5a5fldgj2zxfsnled36inmyjk5if7/spack-src/s
            rc/Omega_h_array_ops.cpp
     111    /var/tmp/sochat1/spack-stage/spack-stage-omega-h-9.19.1-upr5a5fldgj
            2zxfsnled36inmyjk5if7/spack-src/src/Omega_h_array_ops.cpp: In lambd
            a function:
  >> 112    /var/tmp/sochat1/spack-stage/spack-stage-omega-h-9.19.1-upr5a5fldgj
            2zxfsnled36inmyjk5if7/spack-src/src/Omega_h_array_ops.cpp:17:41: er
            ror: expected '{' before '->' token
     113       17 |   auto transform = OMEGA_H_LAMBDA(LO i) -> bool {
     114          |                                         ^~
     115    /var/tmp/sochat1/spack-stage/spack-stage-omega-h-9.19.1-upr5a5fldgj
            2zxfsnled36inmyjk5if7/spack-src/src/Omega_h_array_ops.cpp: In funct
            ion 'bool Omega_h::operator==(Omega_h::Read<T>, Omega_h::Read<T>)':
  >> 116    /var/tmp/sochat1/spack-stage/spack-stage-omega-h-9.19.1-upr5a5fldgj
            2zxfsnled36inmyjk5if7/spack-src/src/Omega_h_array_ops.cpp:17:44: er
            ror: expected unqualified-id before 'bool'
     117       17 |   auto transform = OMEGA_H_LAMBDA(LO i) -> bool {
     118          |                                            ^~~~
     119    /var/tmp/sochat1/spack-stage/spack-stage-omega-h-9.19.1-upr5a5fldgj
            2zxfsnled36inmyjk5if7/spack-src/src/Omega_h_array_ops.cpp: In lambd
            a function:
  >> 120    /var/tmp/sochat1/spack-stage/spack-stage-omega-h-9.19.1-upr5a5fldgj
            2zxfsnled36inmyjk5if7/spack-src/src/Omega_h_array_ops.cpp:27:28: er
            ror: expected '{' before '->' token
     121       27 |       OMEGA_H_LAMBDA(T val)->PT { return PT(val); });
     122          |                            ^~
     123    /var/tmp/sochat1/spack-stage/spack-stage-omega-h-9.19.1-upr5a5fldgj
            2zxfsnled36inmyjk5if7/spack-src/src/Omega_h_array_ops.cpp: In funct
            ion 'Omega_h::promoted_t<T> Omega_h::get_sum(Omega_h::Read<T>)':
  >> 124    /var/tmp/sochat1/spack-stage/spack-stage-omega-h-9.19.1-upr5a5fldgj
            2zxfsnled36inmyjk5if7/spack-src/src/Omega_h_array_ops.cpp:27:32: er
            ror: expected ')' before '{' token
     125       27 |       OMEGA_H_LAMBDA(T val)->PT { return PT(val); });
     126          |                                ^~
     127          |                                )
     128    /var/tmp/sochat1/spack-stage/spack-stage-omega-h-9.19.1-upr5a5fldgj
            2zxfsnled36inmyjk5if7/spack-src/src/Omega_h_array_ops.cpp:26:26: no
            te: to match this '('
     129       26 |   return transform_reduce(a.begin(), a.end(), PT(0), plus<P
            T>(),
     130          |                          ^
     131    /var/tmp/sochat1/spack-stage/spack-stage-omega-h-9.19.1-upr5a5fldgj
            2zxfsnled36inmyjk5if7/spack-src/src/Omega_h_array_ops.cpp: In lambd
            a function:
  >> 132    /var/tmp/sochat1/spack-stage/spack-stage-omega-h-9.19.1-upr5a5fldgj
            2zxfsnled36inmyjk5if7/spack-src/src/Omega_h_array_ops.cpp:41:41: er
            ror: expected '{' before '->' token
     133       41 |   auto transform = OMEGA_H_LAMBDA(LO i) -> promoted_t<T> {
     134          |                                         ^~
     135    /var/tmp/sochat1/spack-stage/spack-stage-omega-h-9.19.1-upr5a5fldgj
            2zxfsnled36inmyjk5if7/spack-src/src/Omega_h_array_ops.cpp: In funct
            ion 'T Omega_h::get_min(Omega_h::Read<T>)':
  >> 136    /var/tmp/sochat1/spack-stage/spack-stage-omega-h-9.19.1-upr5a5fldgj
            2zxfsnled36inmyjk5if7/spack-src/src/Omega_h_array_ops.cpp:41:44: er
            ror: invalid use of 'using promoted_t = typename Omega_h::Promoted<
            T>::type'
     137       41 |   auto transform = OMEGA_H_LAMBDA(LO i) -> promoted_t<T> {
     138          |                                            ^~~~~~~~~~~~~
     139    /var/tmp/sochat1/spack-stage/spack-stage-omega-h-9.19.1-upr5a5fldgj
            2zxfsnled36inmyjk5if7/spack-src/src/Omega_h_array_ops.cpp: In lambd
            a function:
  >> 140    /var/tmp/sochat1/spack-stage/spack-stage-omega-h-9.19.1-upr5a5fldgj
            2zxfsnled36inmyjk5if7/spack-src/src/Omega_h_array_ops.cpp:54:41: er
            ror: expected '{' before '->' token
     141       54 |   auto transform = OMEGA_H_LAMBDA(LO i) -> promoted_t<T> {
     142          |                                         ^~
     143    /var/tmp/sochat1/spack-stage/spack-stage-omega-h-9.19.1-upr5a5fldgj
            2zxfsnled36inmyjk5if7/spack-src/src/Omega_h_array_ops.cpp: In funct
            ion 'T Omega_h::get_max(Omega_h::Read<T>)':
  >> 144    /var/tmp/sochat1/spack-stage/spack-stage-omega-h-9.19.1-upr5a5fldgj
            2zxfsnled36inmyjk5if7/spack-src/src/Omega_h_array_ops.cpp:54:44: er
            ror: invalid use of 'using promoted_t = typename Omega_h::Promoted<
            T>::type'
     145       54 |   auto transform = OMEGA_H_LAMBDA(LO i) -> promoted_t<T> {
     146          |                                            ^~~~~~~~~~~~~
     147    /var/tmp/sochat1/spack-stage/spack-stage-omega-h-9.19.1-upr5a5fldgj
            2zxfsnled36inmyjk5if7/spack-src/src/Omega_h_array_ops.cpp: In lambd
            a function:
  >> 148    /var/tmp/sochat1/spack-stage/spack-stage-omega-h-9.19.1-upr5a5fldgj
            2zxfsnled36inmyjk5if7/spack-src/src/Omega_h_array_ops.cpp:82:41: er
            ror: expected '{' before '->' token
     149       82 |   auto transform = OMEGA_H_LAMBDA(LO i) -> bool {
     150          |                                         ^~
     151    /var/tmp/sochat1/spack-stage/spack-stage-omega-h-9.19.1-upr5a5fldgj
            2zxfsnled36inmyjk5if7/spack-src/src/Omega_h_array_ops.cpp: In funct
            ion 'bool Omega_h::are_close(Omega_h::Reals, Omega_h::Reals, Omega_
            h::Real, Omega_h::Real)':
  >> 152    /var/tmp/sochat1/spack-stage/spack-stage-omega-h-9.19.1-upr5a5fldgj
            2zxfsnled36inmyjk5if7/spack-src/src/Omega_h_array_ops.cpp:82:41: er
            ror: base operand of '->' has non-pointer type 'Omega_h::are_close(
            Omega_h::Reals, Omega_h::Reals, Omega_h::Real, Omega_h::Real)::<lam
            bda(Omega_h::LO)>'
  >> 153    /var/tmp/sochat1/spack-stage/spack-stage-omega-h-9.19.1-upr5a5fldgj
            2zxfsnled36inmyjk5if7/spack-src/src/Omega_h_array_ops.cpp:82:44: er
            ror: expected unqualified-id before 'bool'
     154       82 |   auto transform = OMEGA_H_LAMBDA(LO i) -> bool {
     155          |                                            ^~~~
     156    /var/tmp/sochat1/spack-stage/spack-stage-omega-h-9.19.1-upr5a5fldgj
            2zxfsnled36inmyjk5if7/spack-src/src/Omega_h_array_ops.cpp: In lambd
            a function:
  >> 157    /var/tmp/sochat1/spack-stage/spack-stage-omega-h-9.19.1-upr5a5fldgj
            2zxfsnled36inmyjk5if7/spack-src/src/Omega_h_array_ops.cpp:95:41: er
            ror: expected '{' before '->' token
     158       95 |   auto transform = OMEGA_H_LAMBDA(LO i) -> bool {
     159          |                                         ^~
     160    /var/tmp/sochat1/spack-stage/spack-stage-omega-h-9.19.1-upr5a5fldgj
            2zxfsnled36inmyjk5if7/spack-src/src/Omega_h_array_ops.cpp: In funct
            ion 'bool Omega_h::are_close_abs(Omega_h::Reals, Omega_h::Reals, Om
            ega_h::Real)':
  >> 161    /var/tmp/sochat1/spack-stage/spack-stage-omega-h-9.19.1-upr5a5fldgj
            2zxfsnled36inmyjk5if7/spack-src/src/Omega_h_array_ops.cpp:95:41: er
            ror: base operand of '->' has non-pointer type 'Omega_h::are_close_
            abs(Omega_h::Reals, Omega_h::Reals, Omega_h::Real)::<lambda(Omega_h
            ::LO)>'
  >> 162    /var/tmp/sochat1/spack-stage/spack-stage-omega-h-9.19.1-upr5a5fldgj
            2zxfsnled36inmyjk5if7/spack-src/src/Omega_h_array_ops.cpp:95:44: er
            ror: expected unqualified-id before 'bool'
     163       95 |   auto transform = OMEGA_H_LAMBDA(LO i) -> bool {
     164          |                                            ^~~~
     165    /var/tmp/sochat1/spack-stage/spack-stage-omega-h-9.19.1-upr5a5fldgj
            2zxfsnled36inmyjk5if7/spack-src/src/Omega_h_array_ops.cpp: In lambd
            a function:
  >> 166    /var/tmp/sochat1/spack-stage/spack-stage-omega-h-9.19.1-upr5a5fldgj
            2zxfsnled36inmyjk5if7/spack-src/src/Omega_h_array_ops.cpp:409:41: e
            rror: expected '{' before '->' token
     167      409 |   auto transform = OMEGA_H_LAMBDA(LO i) -> LO {
     168          |                                         ^~
     169    /var/tmp/sochat1/spack-stage/spack-stage-omega-h-9.19.1-upr5a5fldgj
            2zxfsnled36inmyjk5if7/spack-src/src/Omega_h_array_ops.cpp: In funct
            ion 'Omega_h::LO Omega_h::find_last(Omega_h::Read<T>, T)':
  >> 170    /var/tmp/sochat1/spack-stage/spack-stage-omega-h-9.19.1-upr5a5fldgj
            2zxfsnled36inmyjk5if7/spack-src/src/Omega_h_array_ops.cpp:409:47: e
            rror: expected ',' or ';' before '{' token
     171      409 |   auto transform = OMEGA_H_LAMBDA(LO i) -> LO {
     172          |                                               ^
     173    /var/tmp/sochat1/spack-stage/spack-stage-omega-h-9.19.1-upr5a5fldgj
            2zxfsnled36inmyjk5if7/spack-src/src/Omega_h_array_ops.cpp: In lambd
            a function:
  >> 174    /var/tmp/sochat1/spack-stage/spack-stage-omega-h-9.19.1-upr5a5fldgj
            2zxfsnled36inmyjk5if7/spack-src/src/Omega_h_array_ops.cpp:423:41: e
            rror: expected '{' before '->' token
     175      423 |   auto transform = OMEGA_H_LAMBDA(LO i) -> bool {
     176          |                                         ^~
     177    /var/tmp/sochat1/spack-stage/spack-stage-omega-h-9.19.1-upr5a5fldgj
            2zxfsnled36inmyjk5if7/spack-src/src/Omega_h_array_ops.cpp: In funct
            ion 'bool Omega_h::is_sorted(Omega_h::Read<T>)':
  >> 178    /var/tmp/sochat1/spack-stage/spack-stage-omega-h-9.19.1-upr5a5fldgj
            2zxfsnled36inmyjk5if7/spack-src/src/Omega_h_array_ops.cpp:423:44: e
            rror: expected unqualified-id before 'bool'
     179      423 |   auto transform = OMEGA_H_LAMBDA(LO i) -> bool {
     180          |                                            ^~~~
     181    /var/tmp/sochat1/spack-stage/spack-stage-omega-h-9.19.1-upr5a5fldgj
            2zxfsnled36inmyjk5if7/spack-src/src/Omega_h_array_ops.cpp: In lambd
            a function:
  >> 182    /var/tmp/sochat1/spack-stage/spack-stage-omega-h-9.19.1-upr5a5fldgj
            2zxfsnled36inmyjk5if7/spack-src/src/Omega_h_array_ops.cpp:499:41: e
            rror: expected '{' before '->' token
     183      499 |   auto transform = OMEGA_H_LAMBDA(LO i) -> int {
     184          |                                         ^~
     185    /var/tmp/sochat1/spack-stage/spack-stage-omega-h-9.19.1-upr5a5fldgj
            2zxfsnled36inmyjk5if7/spack-src/src/Omega_h_array_ops.cpp: In funct
            ion 'int Omega_h::max_exponent(Omega_h::Reals)':
  >> 186    /var/tmp/sochat1/spack-stage/spack-stage-omega-h-9.19.1-upr5a5fldgj
            2zxfsnled36inmyjk5if7/spack-src/src/Omega_h_array_ops.cpp:499:41: e
            rror: base operand of '->' has non-pointer type 'Omega_h::max_expon
            ent(Omega_h::Reals)::<lambda(Omega_h::LO)>'
  >> 187    /var/tmp/sochat1/spack-stage/spack-stage-omega-h-9.19.1-upr5a5fldgj
            2zxfsnled36inmyjk5if7/spack-src/src/Omega_h_array_ops.cpp:499:44: e
            rror: expected unqualified-id before 'int'
     188      499 |   auto transform = OMEGA_H_LAMBDA(LO i) -> int {
     189          |                                            ^~~
     190    /var/tmp/sochat1/spack-stage/spack-stage-omega-h-9.19.1-upr5a5fldgj
            2zxfsnled36inmyjk5if7/spack-src/src/Omega_h_array_ops.cpp: In lambd
            a function:
  >> 191    /var/tmp/sochat1/spack-stage/spack-stage-omega-h-9.19.1-upr5a5fldgj
            2zxfsnled36inmyjk5if7/spack-src/src/Omega_h_array_ops.cpp:518:41: e
            rror: expected '{' before '->' token
     192      518 |   auto transform = OMEGA_H_LAMBDA(LO i) -> Int128 {
     193          |                                         ^~
     194    /var/tmp/sochat1/spack-stage/spack-stage-omega-h-9.19.1-upr5a5fldgj
            2zxfsnled36inmyjk5if7/spack-src/src/Omega_h_array_ops.cpp: In funct
            ion 'Omega_h::Int128 Omega_h::int128_sum(Omega_h::Reals, double)':
  >> 195    /var/tmp/sochat1/spack-stage/spack-stage-omega-h-9.19.1-upr5a5fldgj
            2zxfsnled36inmyjk5if7/spack-src/src/Omega_h_array_ops.cpp:518:41: e
            rror: base operand of '->' has non-pointer type 'Omega_h::int128_su
            m(Omega_h::Reals, double)::<lambda(Omega_h::LO)>'
     196    In file included from /var/tmp/sochat1/spack-stage/spack-stage-omeg
            a-h-9.19.1-upr5a5fldgj2zxfsnled36inmyjk5if7/spack-src/src/Omega_h_m
            pi.h:4,
     197                     from /var/tmp/sochat1/spack-stage/spack-stage-omeg
            a-h-9.19.1-upr5a5fldgj2zxfsnled36inmyjk5if7/spack-src/src/Omega_h_c
            omm.hpp:6,
     198                     from /var/tmp/sochat1/spack-stage/spack-stage-omeg
            a-h-9.19.1-upr5a5fldgj2zxfsnled36inmyjk5if7/spack-src/src/Omega_h_a
            rray_ops.hpp:6,
     199                     from /var/tmp/sochat1/spack-stage/spack-stage-omeg
            a-h-9.19.1-upr5a5fldgj2zxfsnled36inmyjk5if7/spack-src/src/Omega_h_a
            rray_ops.cpp:1:
     200    /var/tmp/sochat1/spack-stage/spack-stage-omega-h-9.19.1-upr5a5fldgj
            2zxfsnled36inmyjk5if7/spack-src/src/Omega_h_array_ops.cpp: In insta
            ntiation of 'Omega_h::promoted_t<T> Omega_h::get_sum(Omega_h::Read<
            T>) [with T = signed char; Omega_h::promoted_t<T> = int]':
     201    /var/tmp/sochat1/spack-stage/spack-stage-omega-h-9.19.1-upr5a5fldgj
            2zxfsnled36inmyjk5if7/spack-src/src/Omega_h_array_ops.cpp:612:1:   
            required from here
  >> 202    /var/tmp/sochat1/spack-stage/spack-stage-omega-h-9.19.1-upr5a5fldgj
            2zxfsnled36inmyjk5if7/spack-src/src/Omega_h_macros.h:45:29: error: 
            base operand of '->' has non-pointer type 'Omega_h::get_sum<signed 
            char>::<lambda(signed char)>'
     203       45 | #define OMEGA_H_LAMBDA(...) [=](__VA_ARGS__) __attribute__(
            (always_inline, flatten))
     204          |                             ^
     205    /var/tmp/sochat1/spack-stage/spack-stage-omega-h-9.19.1-upr5a5fldgj
            2zxfsnled36inmyjk5if7/spack-src/src/Omega_h_array_ops.cpp:27:7: not
            e: in expansion of macro 'OMEGA_H_LAMBDA'
     206       27 |       OMEGA_H_LAMBDA(T val)->PT { return PT(val); });
     207          |       ^~~~~~~~~~~~~~
     208    /var/tmp/sochat1/spack-stage/spack-stage-omega-h-9.19.1-upr5a5fldgj
            2zxfsnled36inmyjk5if7/spack-src/src/Omega_h_array_ops.cpp: In insta
            ntiation of 'Omega_h::LO Omega_h::find_last(Omega_h::Read<T>, T) [w
            ith T = signed char; Omega_h::LO = int]':
     209    /var/tmp/sochat1/spack-stage/spack-stage-omega-h-9.19.1-upr5a5fldgj
            2zxfsnled36inmyjk5if7/spack-src/src/Omega_h_array_ops.cpp:612:1:   
            required from here
  >> 210    /var/tmp/sochat1/spack-stage/spack-stage-omega-h-9.19.1-upr5a5fldgj
            2zxfsnled36inmyjk5if7/spack-src/src/Omega_h_macros.h:45:29: error: 
            base operand of '->' has non-pointer type 'Omega_h::find_last<signe
            d char>::<lambda(Omega_h::LO)>'
     211       45 | #define OMEGA_H_LAMBDA(...) [=](__VA_ARGS__) __attribute__(
            (always_inline, flatten))
     212          |                             ^
     213    /var/tmp/sochat1/spack-stage/spack-stage-omega-h-9.19.1-upr5a5fldgj
            2zxfsnled36inmyjk5if7/spack-src/src/Omega_h_array_ops.cpp:409:20: n
            ote: in expansion of macro 'OMEGA_H_LAMBDA'
     214      409 |   auto transform = OMEGA_H_LAMBDA(LO i) -> LO {
     215          |                    ^~~~~~~~~~~~~~
     216    /var/tmp/sochat1/spack-stage/spack-stage-omega-h-9.19.1-upr5a5fldgj
            2zxfsnled36inmyjk5if7/spack-src/src/Omega_h_array_ops.cpp: In insta
            ntiation of 'Omega_h::promoted_t<T> Omega_h::get_sum(Omega_h::Read<
            T>) [with T = int; Omega_h::promoted_t<T> = int]':
     217    /var/tmp/sochat1/spack-stage/spack-stage-omega-h-9.19.1-upr5a5fldgj
            2zxfsnled36inmyjk5if7/spack-src/src/Omega_h_array_ops.cpp:613:1:   
            required from here
  >> 218    /var/tmp/sochat1/spack-stage/spack-stage-omega-h-9.19.1-upr5a5fldgj
            2zxfsnled36inmyjk5if7/spack-src/src/Omega_h_macros.h:45:29: error: 
            base operand of '->' has non-pointer type 'Omega_h::get_sum<int>::<
            lambda(int)>'
     219       45 | #define OMEGA_H_LAMBDA(...) [=](__VA_ARGS__) __attribute__(
            (always_inline, flatten))
     220          |                             ^
     221    /var/tmp/sochat1/spack-stage/spack-stage-omega-h-9.19.1-upr5a5fldgj
            2zxfsnled36inmyjk5if7/spack-src/src/Omega_h_array_ops.cpp:27:7: not
            e: in expansion of macro 'OMEGA_H_LAMBDA'
     222       27 |       OMEGA_H_LAMBDA(T val)->PT { return PT(val); });
     223          |       ^~~~~~~~~~~~~~
     224    /var/tmp/sochat1/spack-stage/spack-stage-omega-h-9.19.1-upr5a5fldgj
            2zxfsnled36inmyjk5if7/spack-src/src/Omega_h_array_ops.cpp: In insta
            ntiation of 'Omega_h::LO Omega_h::find_last(Omega_h::Read<T>, T) [w
            ith T = int; Omega_h::LO = int]':
     225    /var/tmp/sochat1/spack-stage/spack-stage-omega-h-9.19.1-upr5a5fldgj
            2zxfsnled36inmyjk5if7/spack-src/src/Omega_h_array_ops.cpp:613:1:   
            required from here
  >> 226    /var/tmp/sochat1/spack-stage/spack-stage-omega-h-9.19.1-upr5a5fldgj
            2zxfsnled36inmyjk5if7/spack-src/src/Omega_h_macros.h:45:29: error: 
            base operand of '->' has non-pointer type 'Omega_h::find_last<int>:
            :<lambda(Omega_h::LO)>'
     227       45 | #define OMEGA_H_LAMBDA(...) [=](__VA_ARGS__) __attribute__(
            (always_inline, flatten))
     228          |                             ^
     229    /var/tmp/sochat1/spack-stage/spack-stage-omega-h-9.19.1-upr5a5fldgj
            2zxfsnled36inmyjk5if7/spack-src/src/Omega_h_array_ops.cpp:409:20: n
            ote: in expansion of macro 'OMEGA_H_LAMBDA'
     230      409 |   auto transform = OMEGA_H_LAMBDA(LO i) -> LO {
     231          |                    ^~~~~~~~~~~~~~
     232    /var/tmp/sochat1/spack-stage/spack-stage-omega-h-9.19.1-upr5a5fldgj
            2zxfsnled36inmyjk5if7/spack-src/src/Omega_h_array_ops.cpp: In insta
            ntiation of 'Omega_h::promoted_t<T> Omega_h::get_sum(Omega_h::Read<
            T>) [with T = long int; Omega_h::promoted_t<T> = long int]':
     233    /var/tmp/sochat1/spack-stage/spack-stage-omega-h-9.19.1-upr5a5fldgj
            2zxfsnled36inmyjk5if7/spack-src/src/Omega_h_array_ops.cpp:614:1:   
            required from here
  >> 234    /var/tmp/sochat1/spack-stage/spack-stage-omega-h-9.19.1-upr5a5fldgj
            2zxfsnled36inmyjk5if7/spack-src/src/Omega_h_macros.h:45:29: error: 
            base operand of '->' has non-pointer type 'Omega_h::get_sum<long in
            t>::<lambda(long int)>'
     235       45 | #define OMEGA_H_LAMBDA(...) [=](__VA_ARGS__) __attribute__(
            (always_inline, flatten))
     236          |                             ^
     237    /var/tmp/sochat1/spack-stage/spack-stage-omega-h-9.19.1-upr5a5fldgj
            2zxfsnled36inmyjk5if7/spack-src/src/Omega_h_array_ops.cpp:27:7: not
            e: in expansion of macro 'OMEGA_H_LAMBDA'
     238       27 |       OMEGA_H_LAMBDA(T val)->PT { return PT(val); });
     239          |       ^~~~~~~~~~~~~~
     240    /var/tmp/sochat1/spack-stage/spack-stage-omega-h-9.19.1-upr5a5fldgj
            2zxfsnled36inmyjk5if7/spack-src/src/Omega_h_array_ops.cpp: In insta
            ntiation of 'Omega_h::LO Omega_h::find_last(Omega_h::Read<T>, T) [w
            ith T = long int; Omega_h::LO = int]':
     241    /var/tmp/sochat1/spack-stage/spack-stage-omega-h-9.19.1-upr5a5fldgj
            2zxfsnled36inmyjk5if7/spack-src/src/Omega_h_array_ops.cpp:614:1:   
            required from here
  >> 242    /var/tmp/sochat1/spack-stage/spack-stage-omega-h-9.19.1-upr5a5fldgj
            2zxfsnled36inmyjk5if7/spack-src/src/Omega_h_macros.h:45:29: error: 
            base operand of '->' has non-pointer type 'Omega_h::find_last<long 
            int>::<lambda(Omega_h::LO)>'
     243       45 | #define OMEGA_H_LAMBDA(...) [=](__VA_ARGS__) __attribute__(
            (always_inline, flatten))
     244          |                             ^
     245    /var/tmp/sochat1/spack-stage/spack-stage-omega-h-9.19.1-upr5a5fldgj
            2zxfsnled36inmyjk5if7/spack-src/src/Omega_h_array_ops.cpp:409:20: n
            ote: in expansion of macro 'OMEGA_H_LAMBDA'
     246      409 |   auto transform = OMEGA_H_LAMBDA(LO i) -> LO {
     247          |                    ^~~~~~~~~~~~~~
     248    /var/tmp/sochat1/spack-stage/spack-stage-omega-h-9.19.1-upr5a5fldgj
            2zxfsnled36inmyjk5if7/spack-src/src/Omega_h_array_ops.cpp: In insta
            ntiation of 'Omega_h::promoted_t<T> Omega_h::get_sum(Omega_h::Read<
            T>) [with T = double; Omega_h::promoted_t<T> = double]':
     249    /var/tmp/sochat1/spack-stage/spack-stage-omega-h-9.19.1-upr5a5fldgj
            2zxfsnled36inmyjk5if7/spack-src/src/Omega_h_array_ops.cpp:615:1:   
            required from here
  >> 250    /var/tmp/sochat1/spack-stage/spack-stage-omega-h-9.19.1-upr5a5fldgj
            2zxfsnled36inmyjk5if7/spack-src/src/Omega_h_macros.h:45:29: error: 
            base operand of '->' has non-pointer type 'Omega_h::get_sum<double>
            ::<lambda(double)>'
     251       45 | #define OMEGA_H_LAMBDA(...) [=](__VA_ARGS__) __attribute__(
            (always_inline, flatten))
     252          |                             ^
     253    /var/tmp/sochat1/spack-stage/spack-stage-omega-h-9.19.1-upr5a5fldgj
            2zxfsnled36inmyjk5if7/spack-src/src/Omega_h_array_ops.cpp:27:7: not
            e: in expansion of macro 'OMEGA_H_LAMBDA'
     254       27 |       OMEGA_H_LAMBDA(T val)->PT { return PT(val); });
     255          |       ^~~~~~~~~~~~~~
     256    /var/tmp/sochat1/spack-stage/spack-stage-omega-h-9.19.1-upr5a5fldgj
            2zxfsnled36inmyjk5if7/spack-src/src/Omega_h_array_ops.cpp: In insta
            ntiation of 'Omega_h::LO Omega_h::find_last(Omega_h::Read<T>, T) [w
            ith T = double; Omega_h::LO = int]':
     257    /var/tmp/sochat1/spack-stage/spack-stage-omega-h-9.19.1-upr5a5fldgj
            2zxfsnled36inmyjk5if7/spack-src/src/Omega_h_array_ops.cpp:615:1:   
            required from here
  >> 258    /var/tmp/sochat1/spack-stage/spack-stage-omega-h-9.19.1-upr5a5fldgj
            2zxfsnled36inmyjk5if7/spack-src/src/Omega_h_macros.h:45:29: error: 
            base operand of '->' has non-pointer type 'Omega_h::find_last<doubl
            e>::<lambda(Omega_h::LO)>'
     259       45 | #define OMEGA_H_LAMBDA(...) [=](__VA_ARGS__) __attribute__(
            (always_inline, flatten))
     260          |                             ^
     261    /var/tmp/sochat1/spack-stage/spack-stage-omega-h-9.19.1-upr5a5fldgj
            2zxfsnled36inmyjk5if7/spack-src/src/Omega_h_array_ops.cpp:409:20: n
            ote: in expansion of macro 'OMEGA_H_LAMBDA'
     262      409 |   auto transform = OMEGA_H_LAMBDA(LO i) -> LO {
     263          |                    ^~~~~~~~~~~~~~
     264    /var/tmp/sochat1/spack-stage/spack-stage-omega-h-9.19.1-upr5a5fldgj
            2zxfsnled36inmyjk5if7/spack-src/src/Omega_h_array_ops.cpp: In funct
            ion 'bool Omega_h::operator==(Omega_h::Read<T>, Omega_h::Read<T>) [
            with T = signed char]':

     ...

     290       15 |   auto const init = true;
     291          |              ^~~~
     292    /var/tmp/sochat1/spack-stage/spack-stage-omega-h-9.19.1-upr5a5fldgj
            2zxfsnled36inmyjk5if7/spack-src/src/Omega_h_array_ops.cpp: In funct
            ion 'bool Omega_h::is_sorted(Omega_h::Read<T>) [with T = double]':
     293    /var/tmp/sochat1/spack-stage/spack-stage-omega-h-9.19.1-upr5a5fldgj
            2zxfsnled36inmyjk5if7/spack-src/src/Omega_h_array_ops.cpp:421:14: w
            arning: control reaches end of non-void function [-Wreturn-type]
     294      421 |   auto const init = true;
     295          |              ^~~~
  >> 296    make[2]: *** [src/CMakeFiles/omega_h.dir/Omega_h_array_ops.cpp.o] E
            rror 1
     297    make[2]: *** Waiting for unfinished jobs....
     298    make[2]: Leaving directory `/tmp/sochat1/spack-stage/spack-stage-om
            ega-h-9.19.1-upr5a5fldgj2zxfsnled36inmyjk5if7/spack-build-upr5a5f'
  >> 299    make[1]: *** [src/CMakeFiles/omega_h.dir/all] Error 2
     300    make[1]: Leaving directory `/tmp/sochat1/spack-stage/spack-stage-om
            ega-h-9.19.1-upr5a5fldgj2zxfsnled36inmyjk5if7/spack-build-upr5a5f'
  >> 301    make: *** [all] Error 2

See build log for details:
  /var/tmp/sochat1/spack-stage/spack-stage-omega-h-9.19.1-upr5a5fldgj2zxfsnled36inmyjk5if7/spack-build-out.txt

Making predictions for symbolator
Making predictions for libabigail
Making predictions for actual
/var/spool/slurmd/job100663/slurm_script: line 12:  9909 Killed                  spliced splice --package omega-h@9.19.1 --splice trilinos --runner spack --replace trilinos --experiment experiment --outfile /p/vast1/build/spliced-experiment/results/omega-h/9.19.1/trilinos/experiment.json
==> Error: ProcessError: Command exited with status 1:
    'cmake' '-G' 'Unix Makefiles' '-DCMAKE_INSTALL_PREFIX:STRING=/p/vast1/build/spack/opt/spack/linux-rhel7-broadwell/gcc-10.2.1/omega-h-9.19.1-upr5a5fldgj2zxfsnled36inmyjk5if7' '-DCMAKE_BUILD_TYPE:STRING=RelWithDebInfo' '-DCMAKE_INTERPROCEDURAL_OPTIMIZATION:BOOL=OFF' '-DCMAKE_VERBOSE_MAKEFILE:BOOL=ON' '-DCMAKE_INSTALL_RPATH_USE_LINK_PATH:BOOL=OFF' '-DCMAKE_INSTALL_RPATH:STRING=/p/vast1/build/spack/opt/spack/linux-rhel7-broadwell/gcc-10.2.1/omega-h-9.19.1-upr5a5fldgj2zxfsnled36inmyjk5if7/lib;/p/vast1/build/spack/opt/spack/linux-rhel7-broadwell/gcc-10.2.1/omega-h-9.19.1-upr5a5fldgj2zxfsnled36inmyjk5if7/lib64;/p/vast1/build/spack/opt/spack/linux-rhel7-broadwell/gcc-10.2.1/openmpi-4.1.2-mtnsjnbj5kuefhd6gtupaglpuytu6vhz/lib;/p/vast1/build/spack/opt/spack/linux-rhel7-broadwell/gcc-10.2.1/hwloc-2.7.0-zcvfxqfecuheq2vakvpuosok2avakr6j/lib;/p/vast1/build/spack/opt/spack/linux-rhel7-broadwell/gcc-10.2.1/libpciaccess-0.16-vzg6r6gyrqyboudgxfqbdwe36epu6s7s/lib;/p/vast1/build/spack/opt/spack/linux-rhel7-broadwell/gcc-10.2.1/libxml2-2.9.12-rs3llxgrrh537ywuyzjxyebuzo3gnxpt/lib;/p/vast1/build/spack/opt/spack/linux-rhel7-broadwell/gcc-10.2.1/libiconv-1.16-glggocpnh7m2dgmtu4fedhbfeessepbe/lib;/p/vast1/build/spack/opt/spack/linux-rhel7-broadwell/gcc-10.2.1/xz-5.2.5-d536jz4ora4tt45q72d2lklqr3dqx34m/lib;/p/vast1/build/spack/opt/spack/linux-rhel7-broadwell/gcc-10.2.1/zlib-1.2.11-su2ldy5ofm424qnly3kitbbdgwovpfk4/lib;/p/vast1/build/spack/opt/spack/linux-rhel7-broadwell/gcc-10.2.1/ncurses-6.2-2xef6sx47tqatqlceqguyz3rza5okbhy/lib;/p/vast1/build/spack/opt/spack/linux-rhel7-broadwell/gcc-10.2.1/libevent-2.1.12-ojhvas6alyezjgn2r2flj4slwat4cowk/lib;/p/vast1/build/spack/opt/spack/linux-rhel7-broadwell/gcc-10.2.1/openssl-1.1.1m-momhhzpwxq3fzqnlqbabquoitiq5d6q6/lib;/p/vast1/build/spack/opt/spack/linux-rhel7-broadwell/gcc-10.2.1/numactl-2.0.14-wiobx4m5fgmgis4po6hi44kpy7ad57vj/lib;/p/vast1/build/spack/opt/spack/linux-rhel7-broadwell/gcc-10.2.1/trilinos-13.0.1-ek3l55mwgojtjozcq4td2bstgfpxei4m/lib;/p/vast1/build/spack/opt/spack/linux-rhel7-broadwell/gcc-10.2.1/openblas-0.3.19-jubz2yn2ui3jzqphbt3w2jyqt2pwvz7f/lib' '-DCMAKE_PREFIX_PATH:STRING=/p/vast1/build/spack/opt/spack/linux-rhel7-broadwell/gcc-10.2.1/trilinos-13.0.1-ek3l55mwgojtjozcq4td2bstgfpxei4m;/p/vast1/build/spack/opt/spack/linux-rhel7-broadwell/gcc-10.2.1/openblas-0.3.19-jubz2yn2ui3jzqphbt3w2jyqt2pwvz7f;/p/vast1/build/spack/opt/spack/linux-rhel7-broadwell/gcc-10.2.1/openmpi-4.1.2-mtnsjnbj5kuefhd6gtupaglpuytu6vhz;/p/vast1/build/spack/opt/spack/linux-rhel7-broadwell/gcc-10.2.1/numactl-2.0.14-wiobx4m5fgmgis4po6hi44kpy7ad57vj;/p/vast1/build/spack/opt/spack/linux-rhel7-broadwell/gcc-10.2.1/libevent-2.1.12-ojhvas6alyezjgn2r2flj4slwat4cowk;/p/vast1/build/spack/opt/spack/linux-rhel7-broadwell/gcc-10.2.1/hwloc-2.7.0-zcvfxqfecuheq2vakvpuosok2avakr6j;/p/vast1/build/spack/opt/spack/linux-rhel7-broadwell/gcc-10.2.1/libxml2-2.9.12-rs3llxgrrh537ywuyzjxyebuzo3gnxpt;/p/vast1/build/spack/opt/spack/linux-rhel7-broadwell/gcc-10.2.1/xz-5.2.5-d536jz4ora4tt45q72d2lklqr3dqx34m;/p/vast1/build/spack/opt/spack/linux-rhel7-broadwell/gcc-10.2.1/libpciaccess-0.16-vzg6r6gyrqyboudgxfqbdwe36epu6s7s;/p/vast1/build/spack/opt/spack/linux-rhel7-broadwell/gcc-10.2.1/cmake-3.22.2-7oku4yd37mfoi65gi3alunjbl35euphw;/p/vast1/build/spack/opt/spack/linux-rhel7-broadwell/gcc-10.2.1/openssl-1.1.1m-momhhzpwxq3fzqnlqbabquoitiq5d6q6;/p/vast1/build/spack/opt/spack/linux-rhel7-broadwell/gcc-10.2.1/zlib-1.2.11-su2ldy5ofm424qnly3kitbbdgwovpfk4;/p/vast1/build/spack/opt/spack/linux-rhel7-broadwell/gcc-10.2.1/libiconv-1.16-glggocpnh7m2dgmtu4fedhbfeessepbe;/p/vast1/build/spack/opt/spack/linux-rhel7-broadwell/gcc-10.2.1/ncurses-6.2-2xef6sx47tqatqlceqguyz3rza5okbhy' '-DCMAKE_CXX_FLAGS=-std=c++11' '-DUSE_XSDK_DEFAULTS:BOOL=OFF' '-DBUILD_SHARED_LIBS:BOOL=ON' '-DOmega_h_USE_MPI:BOOL=ON' '-DCMAKE_CXX_COMPILER:FILEPATH=/p/vast1/build/spack/opt/spack/linux-rhel7-broadwell/gcc-10.2.1/openmpi-4.1.2-mtnsjnbj5kuefhd6gtupaglpuytu6vhz/bin/mpic++' '-DOmega_h_USE_Trilinos:BOOL=ON' '-DOmega_h_USE_ZLIB:BOOL=ON' '-DZLIB_ROOT:PATH=/p/vast1/build/spack/opt/spack/linux-rhel7-broadwell/gcc-10.2.1/zlib-1.2.11-su2ldy5ofm424qnly3kitbbdgwovpfk4' '-DOmega_h_EXAMPLES:BOOL=OFF' '-DOmega_h_THROW:BOOL=OFF' '-DCMAKE_BUILD_TYPE:STRING=' '-DOmega_h_CXX_OPTIMIZE:BOOL=ON' '-DOmega_h_CXX_SYMBOLS:BOOL=ON' '-DOmega_h_CXX_WARNINGS:BOOL=FALSE' '/var/tmp/sochat1/spack-stage/spack-stage-omega-h-9.19.1-upr5a5fldgj2zxfsnled36inmyjk5if7/spack-src'

5 errors found in build log:
     2     ==> [2022-03-04-01:55:33.608802] 'cmake' '-G' 'Unix Makefiles' '-DCM
           AKE_INSTALL_PREFIX:STRING=/p/vast1/build/spack/opt/spack/linux-rhel7
           -broadwell/gcc-10.2.1/omega-h-9.19.1-upr5a5fldgj2zxfsnled36inmyjk5if
           7' '-DCMAKE_BUILD_TYPE:STRING=RelWithDebInfo' '-DCMAKE_INTERPROCEDUR
           AL_OPTIMIZATION:BOOL=OFF' '-DCMAKE_VERBOSE_MAKEFILE:BOOL=ON' '-DCMAK
           E_INSTALL_RPATH_USE_LINK_PATH:BOOL=OFF' '-DCMAKE_INSTALL_RPATH:STRIN
           G=/p/vast1/build/spack/opt/spack/linux-rhel7-broadwell/gcc-10.2.1/om
           ega-h-9.19.1-upr5a5fldgj2zxfsnled36inmyjk5if7/lib;/p/vast1/build/spa
           ck/opt/spack/linux-rhel7-broadwell/gcc-10.2.1/omega-h-9.19.1-upr5a5f
           ldgj2zxfsnled36inmyjk5if7/lib64;/p/vast1/build/spack/opt/spack/linux
           -rhel7-broadwell/gcc-10.2.1/openmpi-4.1.2-mtnsjnbj5kuefhd6gtupaglpuy
           tu6vhz/lib;/p/vast1/build/spack/opt/spack/linux-rhel7-broadwell/gcc-
           10.2.1/hwloc-2.7.0-zcvfxqfecuheq2vakvpuosok2avakr6j/lib;/p/vast1/bui
           ld/spack/opt/spack/linux-rhel7-broadwell/gcc-10.2.1/libpciaccess-0.1
           6-vzg6r6gyrqyboudgxfqbdwe36epu6s7s/lib;/p/vast1/build/spack/opt/spac
           k/linux-rhel7-broadwell/gcc-10.2.1/libxml2-2.9.12-rs3llxgrrh537ywuyz
           jxyebuzo3gnxpt/lib;/p/vast1/build/spack/opt/spack/linux-rhel7-broadw
           ell/gcc-10.2.1/libiconv-1.16-glggocpnh7m2dgmtu4fedhbfeessepbe/lib;/p
           /vast1/build/spack/opt/spack/linux-rhel7-broadwell/gcc-10.2.1/xz-5.2
           .5-d536jz4ora4tt45q72d2lklqr3dqx34m/lib;/p/vast1/build/spack/opt/spa
           ck/linux-rhel7-broadwell/gcc-10.2.1/zlib-1.2.11-su2ldy5ofm424qnly3ki
           tbbdgwovpfk4/lib;/p/vast1/build/spack/opt/spack/linux-rhel7-broadwel
           l/gcc-10.2.1/ncurses-6.2-2xef6sx47tqatqlceqguyz3rza5okbhy/lib;/p/vas
           t1/build/spack/opt/spack/linux-rhel7-broadwell/gcc-10.2.1/libevent-2
           .1.12-ojhvas6alyezjgn2r2flj4slwat4cowk/lib;/p/vast1/build/spack/opt/
           spack/linux-rhel7-broadwell/gcc-10.2.1/openssl-1.1.1m-momhhzpwxq3fzq
           nlqbabquoitiq5d6q6/lib;/p/vast1/build/spack/opt/spack/linux-rhel7-br
           oadwell/gcc-10.2.1/numactl-2.0.14-wiobx4m5fgmgis4po6hi44kpy7ad57vj/l
           ib;/p/vast1/build/spack/opt/spack/linux-rhel7-broadwell/gcc-10.2.1/t
           rilinos-13.0.1-ek3l55mwgojtjozcq4td2bstgfpxei4m/lib;/p/vast1/build/s
           pack/opt/spack/linux-rhel7-broadwell/gcc-10.2.1/openblas-0.3.19-jubz
           2yn2ui3jzqphbt3w2jyqt2pwvz7f/lib' '-DCMAKE_PREFIX_PATH:STRING=/p/vas
           t1/build/spack/opt/spack/linux-rhel7-broadwell/gcc-10.2.1/trilinos-1
           3.0.1-ek3l55mwgojtjozcq4td2bstgfpxei4m;/p/vast1/build/spack/opt/spac
           k/linux-rhel7-broadwell/gcc-10.2.1/openblas-0.3.19-jubz2yn2ui3jzqphb
           t3w2jyqt2pwvz7f;/p/vast1/build/spack/opt/spack/linux-rhel7-broadwell
           /gcc-10.2.1/openmpi-4.1.2-mtnsjnbj5kuefhd6gtupaglpuytu6vhz;/p/vast1/
           build/spack/opt/spack/linux-rhel7-broadwell/gcc-10.2.1/numactl-2.0.1
           4-wiobx4m5fgmgis4po6hi44kpy7ad57vj;/p/vast1/build/spack/opt/spack/li
           nux-rhel7-broadwell/gcc-10.2.1/libevent-2.1.12-ojhvas6alyezjgn2r2flj
           4slwat4cowk;/p/vast1/build/spack/opt/spack/linux-rhel7-broadwell/gcc
           -10.2.1/hwloc-2.7.0-zcvfxqfecuheq2vakvpuosok2avakr6j;/p/vast1/build/
           spack/opt/spack/linux-rhel7-broadwell/gcc-10.2.1/libxml2-2.9.12-rs3l
           lxgrrh537ywuyzjxyebuzo3gnxpt;/p/vast1/build/spack/opt/spack/linux-rh
           el7-broadwell/gcc-10.2.1/xz-5.2.5-d536jz4ora4tt45q72d2lklqr3dqx34m;/
           p/vast1/build/spack/opt/spack/linux-rhel7-broadwell/gcc-10.2.1/libpc
           iaccess-0.16-vzg6r6gyrqyboudgxfqbdwe36epu6s7s;/p/vast1/build/spack/o
           pt/spack/linux-rhel7-broadwell/gcc-10.2.1/cmake-3.22.2-7oku4yd37mfoi
           65gi3alunjbl35euphw;/p/vast1/build/spack/opt/spack/linux-rhel7-broad
           well/gcc-10.2.1/openssl-1.1.1m-momhhzpwxq3fzqnlqbabquoitiq5d6q6;/p/v
           ast1/build/spack/opt/spack/linux-rhel7-broadwell/gcc-10.2.1/zlib-1.2
           .11-su2ldy5ofm424qnly3kitbbdgwovpfk4;/p/vast1/build/spack/opt/spack/
           linux-rhel7-broadwell/gcc-10.2.1/libiconv-1.16-glggocpnh7m2dgmtu4fed
           hbfeessepbe;/p/vast1/build/spack/opt/spack/linux-rhel7-broadwell/gcc
           -10.2.1/ncurses-6.2-2xef6sx47tqatqlceqguyz3rza5okbhy' '-DCMAKE_CXX_F
           LAGS=-std=c++11' '-DUSE_XSDK_DEFAULTS:BOOL=OFF' '-DBUILD_SHARED_LIBS
           :BOOL=ON' '-DOmega_h_USE_MPI:BOOL=ON' '-DCMAKE_CXX_COMPILER:FILEPATH
           =/p/vast1/build/spack/opt/spack/linux-rhel7-broadwell/gcc-10.2.1/ope
           nmpi-4.1.2-mtnsjnbj5kuefhd6gtupaglpuytu6vhz/bin/mpic++' '-DOmega_h_U
           SE_Trilinos:BOOL=ON' '-DOmega_h_USE_ZLIB:BOOL=ON' '-DZLIB_ROOT:PATH=
           /p/vast1/build/spack/opt/spack/linux-rhel7-broadwell/gcc-10.2.1/zlib
           -1.2.11-su2ldy5ofm424qnly3kitbbdgwovpfk4' '-DOmega_h_EXAMPLES:BOOL=O
           FF' '-DOmega_h_THROW:BOOL=OFF' '-DCMAKE_BUILD_TYPE:STRING=' '-DOmega
           _h_CXX_OPTIMIZE:BOOL=ON' '-DOmega_h_CXX_SYMBOLS:BOOL=ON' '-DOmega_h_
           CXX_WARNINGS:BOOL=FALSE' '/var/tmp/sochat1/spack-stage/spack-stage-o
           mega-h-9.19.1-upr5a5fldgj2zxfsnled36inmyjk5if7/spack-src'
     3     -- The CXX compiler identification is GNU 10.2.1
     4     -- Detecting CXX compiler ABI info
     5     -- Detecting CXX compiler ABI info - failed
     6     -- Check for working CXX compiler: /p/vast1/build/spack/opt/spack/li
           nux-rhel7-broadwell/gcc-10.2.1/openmpi-4.1.2-mtnsjnbj5kuefhd6gtupagl
           puytu6vhz/bin/mpic++
     7     -- Check for working CXX compiler: /p/vast1/build/spack/opt/spack/li
           nux-rhel7-broadwell/gcc-10.2.1/openmpi-4.1.2-mtnsjnbj5kuefhd6gtupagl
           puytu6vhz/bin/mpic++ - broken
  >> 8     CMake Error at /p/vast1/build/spack/opt/spack/linux-rhel7-broadwell/
           gcc-10.2.1/cmake-3.22.2-7oku4yd37mfoi65gi3alunjbl35euphw/share/cmake
           -3.22/Modules/CMakeTestCXXCompiler.cmake:62 (message):
     9       The C++ compiler
     10    
     11        "/p/vast1/build/spack/opt/spack/linux-rhel7-broadwell/gcc-10.2.1
           /openmpi-4.1.2-mtnsjnbj5kuefhd6gtupaglpuytu6vhz/bin/mpic++"
     12    
     13      is not able to compile a simple test program.
     14    

     ...

     21        Building CXX object CMakeFiles/cmTC_b45fe.dir/testCXXCompiler.cx
           x.o
     22        /p/vast1/build/spack/opt/spack/linux-rhel7-broadwell/gcc-10.2.1/
           openmpi-4.1.2-mtnsjnbj5kuefhd6gtupaglpuytu6vhz/bin/mpic++   -std=c++
           11  -o CMakeFiles/cmTC_b45fe.dir/testCXXCompiler.cxx.o -c /tmp/socha
           t1/spack-stage/spack-stage-omega-h-9.19.1-upr5a5fldgj2zxfsnled36inmy
           jk5if7/spack-build-upr5a5f/CMakeFiles/CMakeTmp/testCXXCompiler.cxx
     23        Linking CXX executable cmTC_b45fe
     24        /p/vast1/build/spack/opt/spack/linux-rhel7-broadwell/gcc-10.2.1/
           cmake-3.22.2-7oku4yd37mfoi65gi3alunjbl35euphw/bin/cmake -E cmake_lin
           k_script CMakeFiles/cmTC_b45fe.dir/link.txt --verbose=1
     25        /p/vast1/build/spack/opt/spack/linux-rhel7-broadwell/gcc-10.2.1/
           openmpi-4.1.2-mtnsjnbj5kuefhd6gtupaglpuytu6vhz/bin/mpic++ -std=c++11
             -rdynamic CMakeFiles/cmTC_b45fe.dir/testCXXCompiler.cxx.o -o cmTC_
           b45fe
     26        /usr/tce/packages/gcc/gcc-10.2.1/rh/usr/bin/../libexec/gcc/x86_6
           4-redhat-linux/10/ld: warning: libgpfs.so, needed by /p/vast1/build/
           spack/opt/spack/linux-rhel7-broadwell/gcc-10.2.1/openmpi-4.1.2-mtnsj
           nbj5kuefhd6gtupaglpuytu6vhz/lib/libmpi.so, not found (try using -rpa
           th or -rpath-link)
  >> 27    /usr/tce/packages/gcc/gcc-10.2.1/rh/usr/bin/../libexec/gcc/x86_64-re
           dhat-linux/10/ld: /p/vast1/build/spack/opt/spack/linux-rhel7-broadwe
           ll/gcc-10.2.1/openmpi-4.1.2-mtnsjnbj5kuefhd6gtupaglpuytu6vhz/lib/lib
           mpi.so: undefined reference to `gpfs_fcntl'
  >> 28        collect2: error: ld returned 1 exit status
  >> 29        gmake[1]: *** [cmTC_b45fe] Error 1
     30        gmake[1]: Leaving directory `/tmp/sochat1/spack-stage/spack-stag
           e-omega-h-9.19.1-upr5a5fldgj2zxfsnled36inmyjk5if7/spack-build-upr5a5
           f/CMakeFiles/CMakeTmp'
  >> 31        gmake: *** [cmTC_b45fe/fast] Error 2
     32    
     33    
     34    
     35    
     36    
     37      CMake will not be able to correctly generate this project.

See build log for details:
  /var/tmp/sochat1/spack-stage/spack-stage-omega-h-9.19.1-upr5a5fldgj2zxfsnled36inmyjk5if7/spack-build-out.txt

Making predictions for spack-test
Making predictions for symbolator
Making predictions for libabigail
abicompat not found on path, will look for spack instead.
Making predictions for actual
