==> Warning: Missing a source id for trilinos@master
==> Warning: Missing a source id for trilinos@develop
==> Error: ProcessError: Command exited with status 2:
    'make' '-j2'

3 errors found in build log:
     2813          |                       ^~
     2814    /var/tmp/sochat1/spack-stage/spack-stage-trilinos-develop-achxc35b
             ddr6bklby5ut7o2twg3a3py6/spack-src/packages/tpetra/core/src/Tpetra
             _CrsMatrix_def.hpp:3853:3: note: declared here
     2815     3853 |   CrsMatrix<Scalar, LocalOrdinal, GlobalOrdinal, Node>::
     2816          |   ^~~~~~~~~~~~~~~~~~~~~~~~~~~~~~~~~~~~~~~~~~~~~~~~~~~~
     2817    g++: fatal error: Killed signal terminated program cc1plus
     2818    compilation terminated.
  >> 2819    make[2]: *** [packages/tpetra/core/src/CMakeFiles/tpetra.dir/Tpetr
             a_CrsMatrix_DOUBLE_INT_LONG_LONG_SERIAL.cpp.o] Error 1
     2820    make[2]: *** Waiting for unfinished jobs....
     2821    make[2]: Leaving directory `/tmp/sochat1/spack-stage/spack-stage-t
             rilinos-develop-achxc35bddr6bklby5ut7o2twg3a3py6/spack-build-achxc
             35'
  >> 2822    make[1]: *** [packages/tpetra/core/src/CMakeFiles/tpetra.dir/all] 
             Error 2
     2823    make[1]: Leaving directory `/tmp/sochat1/spack-stage/spack-stage-t
             rilinos-develop-achxc35bddr6bklby5ut7o2twg3a3py6/spack-build-achxc
             35'
  >> 2824    make: *** [all] Error 2

See build log for details:
  /var/tmp/sochat1/spack-stage/spack-stage-trilinos-develop-achxc35bddr6bklby5ut7o2twg3a3py6/spack-build-out.txt

/var/spool/slurmd/job97307/slurm_script: line 12:  1157 Killed                  spliced splice --package omega-h@9.13.14 --splice trilinos --runner spack --replace trilinos --experiment experiment --outfile /p/vast1/build/spliced-experiment/results/omega-h/9.13.14/trilinos/experiment.json
/var/spool/slurmd/job100662/slurm_script: line 12:   549 Killed                  spliced splice --package omega-h@9.13.14 --splice trilinos --runner spack --replace trilinos --experiment experiment --outfile /p/vast1/build/spliced-experiment/results/omega-h/9.13.14/trilinos/experiment.json
slurmstepd: error: *** JOB 2468942 ON borax48 CANCELLED AT 2022-03-04T07:54:57 DUE TO TIME LIMIT ***
