Traceback (most recent call last):
  File "/p/vast1/build/spliced/spliced/experiment/spack.py", line 192, in do_splice
    spack.rewiring.rewire(spliced_spec)
  File "/p/vast1/build/spack/lib/spack/spack/rewiring.py", line 45, in rewire
    rewire_node(spec, explicit)
  File "/p/vast1/build/spack/lib/spack/spack/rewiring.py", line 55, in rewire_node
    os.path.join(tempdir, spec.dag_hash()))
  File "/p/vast1/build/anaconda3/lib/python3.7/shutil.py", line 359, in copytree
    raise Error(errors)
shutil.Error: [('/p/vast1/build/spack/opt/spack/linux-rhel7-broadwell/gcc-10.2.1/openssl-1.1.1m-momhhzpwxq3fzqnlqbabquoitiq5d6q6/etc/openssl/certs/localhost.crt', '/var/tmp/sochat1/tmpypei08qu/5gosps4opna2wkvm6ubygcqrkwi42aam/etc/openssl/certs/localhost.crt', "[Errno 13] Permission denied: '/p/vast1/build/spack/opt/spack/linux-rhel7-broadwell/gcc-10.2.1/openssl-1.1.1m-momhhzpwxq3fzqnlqbabquoitiq5d6q6/etc/openssl/certs/localhost.crt'"), ('/p/vast1/build/spack/opt/spack/linux-rhel7-broadwell/gcc-10.2.1/openssl-1.1.1m-momhhzpwxq3fzqnlqbabquoitiq5d6q6/etc/openssl/certs/oslic.cer', '/var/tmp/sochat1/tmpypei08qu/5gosps4opna2wkvm6ubygcqrkwi42aam/etc/openssl/certs/oslic.cer', "[Errno 13] Permission denied: '/p/vast1/build/spack/opt/spack/linux-rhel7-broadwell/gcc-10.2.1/openssl-1.1.1m-momhhzpwxq3fzqnlqbabquoitiq5d6q6/etc/openssl/certs/oslic.cer'")]

During handling of the above exception, another exception occurred:

Traceback (most recent call last):
  File "/p/vast1/build/anaconda3/bin/spliced", line 11, in <module>
    load_entry_point('spliced', 'console_scripts', 'spliced')()
  File "/p/vast1/build/spliced/spliced/client/__init__.py", line 237, in run_spliced
    main(args=args, parser=parser, extra=extra, subparser=helper)
  File "/p/vast1/build/spliced/spliced/client/splice.py", line 15, in main
    run_spack_experiment(args, command=" ".join(extra))
  File "/p/vast1/build/spliced/spliced/client/splice.py", line 47, in run_spack_experiment
    experiment.run()
  File "/p/vast1/build/spliced/spliced/experiment/spack.py", line 93, in run
    self.do_splice(splice, spec_main, transitive)
  File "/p/vast1/build/spliced/spliced/experiment/spack.py", line 197, in do_splice
    self._populate_failed_splice(splice, dep, spec_main)
  File "/p/vast1/build/spliced/spliced/experiment/spack.py", line 260, in _populate_failed_splice
    splice.libs["original"] = add_libraries(original)
  File "/p/vast1/build/spliced/spliced/experiment/spack.py", line 307, in add_libraries
    libs.append({"dep": str(dep), "paths": list(add_contenders(dep, "lib"))})
  File "/p/vast1/build/spliced/spliced/experiment/spack.py", line 317, in add_contenders
    manifest = bindist.get_buildfile_manifest(spec.build_spec)
  File "/p/vast1/build/spack/lib/spack/spack/binary_distribution.py", line 632, in get_buildfile_manifest
    m_type, m_subtype = relocate.mime_type(path_name)
  File "/p/vast1/build/spack/lib/spack/llnl/util/lang.py", line 181, in _memoized_function
    func.cache[args] = func(*args)
  File "/p/vast1/build/spack/lib/spack/spack/relocate.py", line 987, in mime_type
    output = _get_mime_type()(filename, output=str, error=str).strip()
  File "/p/vast1/build/spack/lib/spack/spack/util/executable.py", line 226, in __call__
    proc.returncode, long_msg)
spack.util.executable.ProcessError: Command exited with status -9:
    '/usr/bin/file' '-b' '-h' '--mime-type' '/p/vast1/build/spack/opt/spack/linux-rhel7-broadwell/gcc-10.2.1/perl-5.34.0-wimaji5zk5vlms3psvdtvmxifnine4nh/lib/5.34.0/Filter/Simple.pm'
==> Warning: perl-5.24.1-qomsd3cjxred2h36pby2mozfpfuwds3s failed to install
==> Warning: AssertionError exception when releasing read lock for perl-5.24.1-qomsd3cjxred2h36pby2mozfpfuwds3s: 
==> Error: perl-5.24.1-qomsd3cjxred2h36pby2mozfpfuwds3s: Package was not installed
==> Warning: perl-5.22.4-nmbmnokvvmsjv37nfhupjt2upqmvveqh failed to install
==> Warning: AssertionError exception when releasing read lock for perl-5.22.4-nmbmnokvvmsjv37nfhupjt2upqmvveqh: 
==> Error: perl-5.22.4-nmbmnokvvmsjv37nfhupjt2upqmvveqh: Package was not installed
==> Error: Failed to upgrade to a write lock for perl-5.22.3-5f4pgummlrva2d3on5eiqsewg4wfd3mf due to LockUpgradeError: Cannot upgrade lock from read to write on file: /p/vast1/build/spack/opt/spack/.spack-db/prefix_lock
==> Warning: AssertionError exception when releasing read lock for perl-5.22.3-5f4pgummlrva2d3on5eiqsewg4wfd3mf: 
==> Warning: perl-5.22.2-mnsbrrcxg6r5edw63byrwn6e2t332ett failed to install
==> Warning: AssertionError exception when releasing read lock for perl-5.22.2-mnsbrrcxg6r5edw63byrwn6e2t332ett: 
==> Error: perl-5.22.2-mnsbrrcxg6r5edw63byrwn6e2t332ett: Package was not installed
==> Warning: perl-5.22.1-zsiv4op6nklvmyeqw4hi3cjl27j5maa4 failed to install
==> Warning: AssertionError exception when releasing read lock for perl-5.22.1-zsiv4op6nklvmyeqw4hi3cjl27j5maa4: 
==> Error: perl-5.22.1-zsiv4op6nklvmyeqw4hi3cjl27j5maa4: Package was not installed
==> Error: Failed to upgrade to a write lock for perl-5.22.0-otratc55yymjtlgqhr74me7ewm5zlgl7 due to LockUpgradeError: Cannot upgrade lock from read to write on file: /p/vast1/build/spack/opt/spack/.spack-db/prefix_lock
==> Warning: AssertionError exception when releasing read lock for perl-5.22.0-otratc55yymjtlgqhr74me7ewm5zlgl7: 
==> Error: Failed to upgrade to a write lock for perl-5.20.3-2zbthsh6qvvyt6z5dumjdxvj4axmlczz due to LockUpgradeError: Cannot upgrade lock from read to write on file: /p/vast1/build/spack/opt/spack/.spack-db/prefix_lock
==> Warning: AssertionError exception when releasing read lock for perl-5.20.3-2zbthsh6qvvyt6z5dumjdxvj4axmlczz: 
==> Warning: perl-5.18.4-wdizifxzkclidl4lvortc5uztisr3bvf failed to install
==> Warning: AssertionError exception when releasing read lock for perl-5.18.4-wdizifxzkclidl4lvortc5uztisr3bvf: 
==> Error: perl-5.18.4-wdizifxzkclidl4lvortc5uztisr3bvf: Package was not installed
==> Warning: perl-5.16.3-fvkuhyy2tj2tkrgxiob7wz63v7wke3wo failed to install
==> Warning: AssertionError exception when releasing read lock for perl-5.16.3-fvkuhyy2tj2tkrgxiob7wz63v7wke3wo: 
==> Error: perl-5.16.3-fvkuhyy2tj2tkrgxiob7wz63v7wke3wo: Package was not installed
Making predictions for spack-test
Making predictions for symbolator
Making predictions for libabigail
abicompat not found on path, will look for spack instead.
Making predictions for actual
