/var/spool/slurmd/job97886/slurm_script: line 12: 38932 Killed                  spliced splice --package openmpi@1.2.3 --splice pkgconf --runner spack --replace pkgconf --experiment experiment --outfile /p/vast1/build/spliced-experiment/results/openmpi/1.2.3/pkgconf/experiment.json
==> Error: ProcessError: Command exited with status 2:
    'make' '-j16' 'V=1'

14 errors found in build log:
     10446    
     10447       10 |   call MPI_Testall(count, array_of_requests, flag, array_
              of_statuses, ierr)
     10448          |                                                   2
     10449    ......
     10450       22 |   call MPI_Testall(count, array_of_requests, flag, array_
              of_statuses, ierr)
     10451          |                                                   1
  >> 10452    Error: Type mismatch between actual argument at (1) and actual ar
              gument at (2) (REAL(8)/INTEGER(4)).
     10453    mpi_comm_spawn_multiple_f90.f90:36:57:
     10454    
     10455       16 |   call MPI_Comm_spawn_multiple(count, array_of_commands, 
              array_of_argv, &
     10456          |                                                         2
     10457    ......
     10458       36 |   call MPI_Comm_spawn_multiple(count, array_of_commands, 
              array_of_argv, &
     10459          |                                                         1
  >> 10460    Error: Type mismatch between actual argument at (1) and actual ar
              gument at (2) (REAL(8)/CHARACTER(*)).
     10461    mpi_waitsome_f90.f90:26:76:
     10462    
     10463       12 |   call MPI_Waitsome(incount, array_of_requests, outcount,
               array_of_indices, array_of_statuses, ierr)
     10464          |                                                          
                                2
     10465    ......
     10466       26 |   call MPI_Waitsome(incount, array_of_requests, outcount,
               array_of_indices, array_of_statuses, ierr)
     10467          |                                                          
                                1
  >> 10468    Error: Type mismatch between actual argument at (1) and actual ar
              gument at (2) (REAL(8)/INTEGER(4)).
     10469    mpi_testsome_f90.f90:26:76:
     10470    
     10471       12 |   call MPI_Testsome(incount, array_of_requests, outcount,
               array_of_indices, array_of_statuses, ierr)
     10472          |                                                          
                                2
     10473    ......
     10474       26 |   call MPI_Testsome(incount, array_of_requests, outcount,
               array_of_indices, array_of_statuses, ierr)
     10475          |                                                          
                                1
  >> 10476    Error: Type mismatch between actual argument at (1) and actual ar
              gument at (2) (REAL(8)/INTEGER(4)).
     10477    make[5]: mpi_waitall_f90.f90:18:45:
     10478    
     10479        8 |   call MPI_Waitall(count, array_of_requests, array_of_sta
              tuses, ierr)
     10480          |                                             2
     10481    ......
     10482       18 |   call MPI_Waitall(count, array_of_requests, array_of_sta
              tuses, ierr)
     10483          |                                             1
  >> 10484    Error: Type mismatch between actual argument at (1) and actual ar
              gument at (2) (REAL(8)/INTEGER(4)).
     10485    *** [mpi_testall_f90.lo] Error 1
     10486    make[5]: *** Waiting for unfinished jobs....
  >> 10487    make[5]: *** [mpi_comm_spawn_multiple_f90.lo] Error 1
  >> 10488    make[5]: *** [mpi_waitsome_f90.lo] Error 1
  >> 10489    make[5]: *** [mpi_testsome_f90.lo] Error 1
  >> 10490    make[5]: *** [mpi_waitall_f90.lo] Error 1
     10491    libtool: compile:  /p/vast1/build/spack/lib/spack/env/gcc/gfortra
              n -I../../../ompi/include -I/var/tmp/sochat1/spack-stage/spack-st
              age-openmpi-1.2.3-7ctf4ap2ptwr5ou2wqnidmouvhj4v5wm/spack-src/ompi
              /include -I. -I/var/tmp/sochat1/spack-stage/spack-stage-openmpi-1
              .2.3-7ctf4ap2ptwr5ou2wqnidmouvhj4v5wm/spack-src/ompi/mpi/f90 -I..
              /../../ompi/mpi/f90 -c mpi_wtick_f90.f90 -o mpi_wtick_f90.o >/dev
              /null 2>&1
     10492    libtool: compile:  /p/vast1/build/spack/lib/spack/env/gcc/gfortra
              n -I../../../ompi/include -I/var/tmp/sochat1/spack-stage/spack-st
              age-openmpi-1.2.3-7ctf4ap2ptwr5ou2wqnidmouvhj4v5wm/spack-src/ompi
              /include -I. -I/var/tmp/sochat1/spack-stage/spack-stage-openmpi-1
              .2.3-7ctf4ap2ptwr5ou2wqnidmouvhj4v5wm/spack-src/ompi/mpi/f90 -I..
              /../../ompi/mpi/f90 -c mpi_wtime_f90.f90 -o mpi_wtime_f90.o >/dev
              /null 2>&1
     10493    libtool: compile:  /p/vast1/build/spack/lib/spack/env/gcc/gfortra
              n -I../../../ompi/include -I/var/tmp/sochat1/spack-stage/spack-st
              age-openmpi-1.2.3-7ctf4ap2ptwr5ou2wqnidmouvhj4v5wm/spack-src/ompi
              /include -I. -I/var/tmp/sochat1/spack-stage/spack-stage-openmpi-1
              .2.3-7ctf4ap2ptwr5ou2wqnidmouvhj4v5wm/spack-src/ompi/mpi/f90 -I..
              /../../ompi/mpi/f90 -c mpi_sizeof.f90 -o mpi_sizeof.o >/dev/null 
              2>&1
     10494    libtool: compile:  /p/vast1/build/spack/lib/spack/env/gcc/gfortra
              n -I../../../ompi/include -I/var/tmp/sochat1/spack-stage/spack-st
              age-openmpi-1.2.3-7ctf4ap2ptwr5ou2wqnidmouvhj4v5wm/spack-src/ompi
              /include -I. -I/var/tmp/sochat1/spack-stage/spack-stage-openmpi-1
              .2.3-7ctf4ap2ptwr5ou2wqnidmouvhj4v5wm/spack-src/ompi/mpi/f90 -I..
              /../../ompi/mpi/f90 -c mpi.f90 -o mpi.o >/dev/null 2>&1
     10495    make[5]: Leaving directory `/tmp/sochat1/spack-stage/spack-stage-
              openmpi-1.2.3-7ctf4ap2ptwr5ou2wqnidmouvhj4v5wm/spack-src/ompi/mpi
              /f90'
  >> 10496    make[4]: *** [all-recursive] Error 1
     10497    make[4]: Leaving directory `/tmp/sochat1/spack-stage/spack-stage-
              openmpi-1.2.3-7ctf4ap2ptwr5ou2wqnidmouvhj4v5wm/spack-src/ompi/mpi
              /f90'
  >> 10498    make[3]: *** [all] Error 2
     10499    make[3]: Leaving directory `/tmp/sochat1/spack-stage/spack-stage-
              openmpi-1.2.3-7ctf4ap2ptwr5ou2wqnidmouvhj4v5wm/spack-src/ompi/mpi
              /f90'
  >> 10500    make[2]: *** [all-recursive] Error 1
     10501    make[2]: Leaving directory `/tmp/sochat1/spack-stage/spack-stage-
              openmpi-1.2.3-7ctf4ap2ptwr5ou2wqnidmouvhj4v5wm/spack-src/ompi/mpi
              '
  >> 10502    make[1]: *** [all-recursive] Error 1
     10503    make[1]: Leaving directory `/tmp/sochat1/spack-stage/spack-stage-
              openmpi-1.2.3-7ctf4ap2ptwr5ou2wqnidmouvhj4v5wm/spack-src/ompi'
  >> 10504    make: *** [all-recursive] Error 1

See build log for details:
  /var/tmp/sochat1/spack-stage/spack-stage-openmpi-1.2.3-7ctf4ap2ptwr5ou2wqnidmouvhj4v5wm/spack-build-out.txt

Making predictions for spack-test
Making predictions for symbolator
Making predictions for libabigail
abicompat not found on path, will look for spack instead.
Making predictions for actual
