==> Error: Failed to install perl due to LockTimeoutError: Timed out waiting for a write lock.
==> Error: FileNotFoundError: [Errno 2] No such file or directory: 'lib/perlbug.t'

/p/vast1/build/spack/var/spack/repos/builtin/packages/perl/package.py:135, in patch:
        133    def patch(self):
        134        # https://github.com/Perl/perl5/issues/15544 long PATH(>1000 chars) fails a test
  >>    135        os.chmod('lib/perlbug.t', 0o644)
        136        filter_file('!/$B/', '! (/(?:$B|PATH)/)', 'lib/perlbug.t')


/var/spool/slurmd/job97771/slurm_script: line 12: 65714 Killed                  spliced splice --package openmpi@2.0.4 --splice perl --runner spack --replace perl --experiment experiment --outfile /p/vast1/build/spliced-experiment/results/openmpi/2.0.4/perl/experiment.json
==> Error: FileNotFoundError: [Errno 2] No such file or directory: 'lib/perlbug.t'

/p/vast1/build/spack/var/spack/repos/builtin/packages/perl/package.py:135, in patch:
        133    def patch(self):
        134        # https://github.com/Perl/perl5/issues/15544 long PATH(>1000 chars) fails a test
  >>    135        os.chmod('lib/perlbug.t', 0o644)
        136        filter_file('!/$B/', '! (/(?:$B|PATH)/)', 'lib/perlbug.t')


==> Error: FileNotFoundError: [Errno 2] No such file or directory: 'lib/perlbug.t'

/p/vast1/build/spack/var/spack/repos/builtin/packages/perl/package.py:135, in patch:
        133    def patch(self):
        134        # https://github.com/Perl/perl5/issues/15544 long PATH(>1000 chars) fails a test
  >>    135        os.chmod('lib/perlbug.t', 0o644)
        136        filter_file('!/$B/', '! (/(?:$B|PATH)/)', 'lib/perlbug.t')


==> Error: FileNotFoundError: [Errno 2] No such file or directory: 'lib/perlbug.t'

/p/vast1/build/spack/var/spack/repos/builtin/packages/perl/package.py:135, in patch:
        133    def patch(self):
        134        # https://github.com/Perl/perl5/issues/15544 long PATH(>1000 chars) fails a test
  >>    135        os.chmod('lib/perlbug.t', 0o644)
        136        filter_file('!/$B/', '! (/(?:$B|PATH)/)', 'lib/perlbug.t')


==> Error: FileNotFoundError: [Errno 2] No such file or directory: 'lib/perlbug.t'

/p/vast1/build/spack/var/spack/repos/builtin/packages/perl/package.py:135, in patch:
        133    def patch(self):
        134        # https://github.com/Perl/perl5/issues/15544 long PATH(>1000 chars) fails a test
  >>    135        os.chmod('lib/perlbug.t', 0o644)
        136        filter_file('!/$B/', '! (/(?:$B|PATH)/)', 'lib/perlbug.t')


==> Error: FileNotFoundError: [Errno 2] No such file or directory: 'lib/perlbug.t'

/p/vast1/build/spack/var/spack/repos/builtin/packages/perl/package.py:135, in patch:
        133    def patch(self):
        134        # https://github.com/Perl/perl5/issues/15544 long PATH(>1000 chars) fails a test
  >>    135        os.chmod('lib/perlbug.t', 0o644)
        136        filter_file('!/$B/', '! (/(?:$B|PATH)/)', 'lib/perlbug.t')


==> Error: FileNotFoundError: [Errno 2] No such file or directory: 'lib/perlbug.t'

/p/vast1/build/spack/var/spack/repos/builtin/packages/perl/package.py:135, in patch:
        133    def patch(self):
        134        # https://github.com/Perl/perl5/issues/15544 long PATH(>1000 chars) fails a test
  >>    135        os.chmod('lib/perlbug.t', 0o644)
        136        filter_file('!/$B/', '! (/(?:$B|PATH)/)', 'lib/perlbug.t')


==> Error: Failed to upgrade to a write lock for perl-5.20.3-2zbthsh6qvvyt6z5dumjdxvj4axmlczz due to LockUpgradeError: Cannot upgrade lock from read to write on file: /p/vast1/build/spack/opt/spack/.spack-db/prefix_lock
==> Warning: AssertionError exception when releasing read lock for perl-5.20.3-2zbthsh6qvvyt6z5dumjdxvj4axmlczz: 
==> Warning: perl-5.18.4-wdizifxzkclidl4lvortc5uztisr3bvf failed to install
==> Warning: AssertionError exception when releasing read lock for perl-5.18.4-wdizifxzkclidl4lvortc5uztisr3bvf: 
==> Error: perl-5.18.4-wdizifxzkclidl4lvortc5uztisr3bvf: Package was not installed
==> Warning: perl-5.16.3-fvkuhyy2tj2tkrgxiob7wz63v7wke3wo failed to install
==> Warning: AssertionError exception when releasing read lock for perl-5.16.3-fvkuhyy2tj2tkrgxiob7wz63v7wke3wo: 
==> Error: perl-5.16.3-fvkuhyy2tj2tkrgxiob7wz63v7wke3wo: Package was not installed
Making predictions for spack-test
Making predictions for symbolator
Making predictions for libabigail
abicompat not found on path, will look for spack instead.
Making predictions for actual
