==> Error: ProcessError: Command exited with status 1:
    '/var/tmp/sochat1/spack-stage/spack-stage-openmpi-1.2.9-n5hvibn336mjk2qglpekjttgyrx4y35c/spack-src/configure' '--prefix=/p/vast1/build/spack/opt/spack/linux-rhel7-broadwell/gcc-10.2.1/openmpi-1.2.9-n5hvibn336mjk2qglpekjttgyrx4y35c' '--enable-shared' '--disable-silent-rules' '--disable-builtin-atomics' '--enable-static' '--without-pmi' '--without-ucx' '--without-psm' '--without-cma' '--without-mxm' '--without-libfabric' '--without-xpmem' '--without-psm2' '--without-hcoll' '--without-knem' '--without-openib' '--without-fca' '--without-tm' '--without-alps' '--without-slurm' '--without-loadleveler' '--without-sge' '--without-lsf' '--disable-memchecker' '--with-gpfs' '--without-sqlite3' '--disable-wrapper-rpath' '--disable-mpi-cxx' '--disable-cxx-exceptions'

1 error found in build log:
     3    ==> [2022-02-26-00:08:58.901809] '/var/tmp/sochat1/spack-stage/spack-
          stage-openmpi-1.2.9-n5hvibn336mjk2qglpekjttgyrx4y35c/spack-src/config
          ure' '--prefix=/p/vast1/build/spack/opt/spack/linux-rhel7-broadwell/g
          cc-10.2.1/openmpi-1.2.9-n5hvibn336mjk2qglpekjttgyrx4y35c' '--enable-s
          hared' '--disable-silent-rules' '--disable-builtin-atomics' '--enable
          -static' '--without-pmi' '--without-ucx' '--without-psm' '--without-c
          ma' '--without-mxm' '--without-libfabric' '--without-xpmem' '--withou
          t-psm2' '--without-hcoll' '--without-knem' '--without-openib' '--with
          out-fca' '--without-tm' '--without-alps' '--without-slurm' '--without
          -loadleveler' '--without-sge' '--without-lsf' '--disable-memchecker' 
          '--with-gpfs' '--without-sqlite3' '--disable-wrapper-rpath' '--disabl
          e-mpi-cxx' '--disable-cxx-exceptions'
     4    checking for a BSD-compatible install... /usr/bin/install -c
     5    checking whether build environment is sane... yes
     6    checking for a thread-safe mkdir -p... /usr/bin/mkdir -p
     7    checking for gawk... gawk
     8    checking whether make sets $(MAKE)... yes
  >> 9    configure: error: source directory already configured; run "make dist
          clean" there first
     10   ==> openmpi: Executing phase: 'build'
     11   ==> [2022-02-25-22:00:01.912495] 'make' '-j2' 'V=1'
     12   Making all in config
     13   make[1]: Entering directory `/tmp/sochat1/spack-stage/spack-stage-ope
          nmpi-1.2.9-n5hvibn336mjk2qglpekjttgyrx4y35c/spack-src/config'
     14   make[1]: Nothing to be done for `all'.
     15   make[1]: Leaving directory `/tmp/sochat1/spack-stage/spack-stage-open
          mpi-1.2.9-n5hvibn336mjk2qglpekjttgyrx4y35c/spack-src/config'

See build log for details:
  /var/tmp/sochat1/spack-stage/spack-stage-openmpi-1.2.9-n5hvibn336mjk2qglpekjttgyrx4y35c/spack-build-out.txt

Making predictions for symbolator
Making predictions for libabigail
Making predictions for actual
==> Error: ProcessError: Command exited with status 2:
    'make' '-j16' 'V=1'

15 errors found in build log:
     10462    
     10463       16 |   call MPI_Comm_spawn_multiple(count, array_of_commands, 
              array_of_argv, &
     10464          |                                                         2
     10465    ......
     10466       36 |   call MPI_Comm_spawn_multiple(count, array_of_commands, 
              array_of_argv, &
     10467          |                                                         1
  >> 10468    Error: Type mismatch between actual argument at (1) and actual ar
              gument at (2) (REAL(8)/CHARACTER(*)).
     10469    mpi_testsome_f90.f90:26:76:
     10470    
     10471       12 |   call MPI_Testsome(incount, array_of_requests, outcount,
               array_of_indices, array_of_statuses, ierr)
     10472          |                                                          
                                2
     10473    ......
     10474       26 |   call MPI_Testsome(incount, array_of_requests, outcount,
               array_of_indices, array_of_statuses, ierr)
     10475          |                                                          
                                1
  >> 10476    Error: Type mismatch between actual argument at (1) and actual ar
              gument at (2) (REAL(8)/INTEGER(4)).
     10477    mpi_waitall_f90.f90:18:45:
     10478    
     10479        8 |   call MPI_Waitall(count, array_of_requests, array_of_sta
              tuses, ierr)
     10480          |                                             2
     10481    ......
     10482       18 |   call MPI_Waitall(count, array_of_requests, array_of_sta
              tuses, ierr)
     10483          |                                             1
  >> 10484    Error: Type mismatch between actual argument at (1) and actual ar
              gument at (2) (REAL(8)/INTEGER(4)).
     10485    mpi_testall_f90.f90:22:51:
     10486    
     10487       10 |   call MPI_Testall(count, array_of_requests, flag, array_
              of_statuses, ierr)
     10488          |                                                   2
     10489    ......
     10490       22 |   call MPI_Testall(count, array_of_requests, flag, array_
              of_statuses, ierr)
     10491          |                                                   1
  >> 10492    Error: Type mismatch between actual argument at (1) and actual ar
              gument at (2) (REAL(8)/INTEGER(4)).
  >> 10493    make[5]: *** [mpi_comm_spawn_multiple_f90.lo] Error 1
     10494    make[5]: *** Waiting for unfinished jobs....
  >> 10495    make[5]: *** [mpi_testsome_f90.lo] Error 1
  >> 10496    make[5]: *** [mpi_waitall_f90.lo] Error 1
  >> 10497    make[5]: *** [mpi_testall_f90.lo] Error 1
     10498    mpi_waitsome_f90.f90:26:76:
     10499    
     10500       12 |   call MPI_Waitsome(incount, array_of_requests, outcount,
               array_of_indices, array_of_statuses, ierr)
     10501          |                                                          
                                2
     10502    ......
     10503       26 |   call MPI_Waitsome(incount, array_of_requests, outcount,
               array_of_indices, array_of_statuses, ierr)
     10504          |                                                          
                                1
  >> 10505    Error: Type mismatch between actual argument at (1) and actual ar
              gument at (2) (REAL(8)/INTEGER(4)).
  >> 10506    make[5]: *** [mpi_waitsome_f90.lo] Error 1
     10507    libtool: compile:  /p/vast1/build/spack/lib/spack/env/gcc/gfortra
              n -I../../../ompi/include -I/var/tmp/sochat1/spack-stage/spack-st
              age-openmpi-1.2.9-n5hvibn336mjk2qglpekjttgyrx4y35c/spack-src/ompi
              /include -I. -I/var/tmp/sochat1/spack-stage/spack-stage-openmpi-1
              .2.9-n5hvibn336mjk2qglpekjttgyrx4y35c/spack-src/ompi/mpi/f90 -I..
              /../../ompi/mpi/f90 -c mpi_wtick_f90.f90 -o mpi_wtick_f90.o >/dev
              /null 2>&1
     10508    libtool: compile:  /p/vast1/build/spack/lib/spack/env/gcc/gfortra
              n -I../../../ompi/include -I/var/tmp/sochat1/spack-stage/spack-st
              age-openmpi-1.2.9-n5hvibn336mjk2qglpekjttgyrx4y35c/spack-src/ompi
              /include -I. -I/var/tmp/sochat1/spack-stage/spack-stage-openmpi-1
              .2.9-n5hvibn336mjk2qglpekjttgyrx4y35c/spack-src/ompi/mpi/f90 -I..
              /../../ompi/mpi/f90 -c mpi_wtime_f90.f90 -o mpi_wtime_f90.o >/dev
              /null 2>&1
     10509    libtool: compile:  /p/vast1/build/spack/lib/spack/env/gcc/gfortra
              n -I../../../ompi/include -I/var/tmp/sochat1/spack-stage/spack-st
              age-openmpi-1.2.9-n5hvibn336mjk2qglpekjttgyrx4y35c/spack-src/ompi
              /include -I. -I/var/tmp/sochat1/spack-stage/spack-stage-openmpi-1
              .2.9-n5hvibn336mjk2qglpekjttgyrx4y35c/spack-src/ompi/mpi/f90 -I..
              /../../ompi/mpi/f90 -c mpi_sizeof.f90 -o mpi_sizeof.o >/dev/null 
              2>&1
     10510    libtool: compile:  /p/vast1/build/spack/lib/spack/env/gcc/gfortra
              n -I../../../ompi/include -I/var/tmp/sochat1/spack-stage/spack-st
              age-openmpi-1.2.9-n5hvibn336mjk2qglpekjttgyrx4y35c/spack-src/ompi
              /include -I. -I/var/tmp/sochat1/spack-stage/spack-stage-openmpi-1
              .2.9-n5hvibn336mjk2qglpekjttgyrx4y35c/spack-src/ompi/mpi/f90 -I..
              /../../ompi/mpi/f90 -c mpi.f90 -o mpi.o >/dev/null 2>&1
     10511    make[5]: Leaving directory `/tmp/sochat1/spack-stage/spack-stage-
              openmpi-1.2.9-n5hvibn336mjk2qglpekjttgyrx4y35c/spack-src/ompi/mpi
              /f90'
  >> 10512    make[4]: *** [all-recursive] Error 1
     10513    make[4]: Leaving directory `/tmp/sochat1/spack-stage/spack-stage-
              openmpi-1.2.9-n5hvibn336mjk2qglpekjttgyrx4y35c/spack-src/ompi/mpi
              /f90'
  >> 10514    make[3]: *** [all] Error 2
     10515    make[3]: Leaving directory `/tmp/sochat1/spack-stage/spack-stage-
              openmpi-1.2.9-n5hvibn336mjk2qglpekjttgyrx4y35c/spack-src/ompi/mpi
              /f90'
  >> 10516    make[2]: *** [all-recursive] Error 1
     10517    make[2]: Leaving directory `/tmp/sochat1/spack-stage/spack-stage-
              openmpi-1.2.9-n5hvibn336mjk2qglpekjttgyrx4y35c/spack-src/ompi/mpi
              '
  >> 10518    make[1]: *** [all-recursive] Error 1
     10519    make[1]: Leaving directory `/tmp/sochat1/spack-stage/spack-stage-
              openmpi-1.2.9-n5hvibn336mjk2qglpekjttgyrx4y35c/spack-src/ompi'
  >> 10520    make: *** [all-recursive] Error 1

See build log for details:
  /var/tmp/sochat1/spack-stage/spack-stage-openmpi-1.2.9-n5hvibn336mjk2qglpekjttgyrx4y35c/spack-build-out.txt

Making predictions for spack-test
Making predictions for symbolator
Making predictions for libabigail
abicompat not found on path, will look for spack instead.
Making predictions for actual
