==> Error: ProcessError: Command exited with status 1:
    '/var/tmp/sochat1/spack-stage/spack-stage-openmpi-1.1.2-ic7xg6cifqabojywi6hdjoymew3s4b42/spack-src/configure' '--prefix=/p/vast1/build/spack/opt/spack/linux-rhel7-broadwell/gcc-10.2.1/openmpi-1.1.2-ic7xg6cifqabojywi6hdjoymew3s4b42' '--enable-shared' '--disable-silent-rules' '--disable-builtin-atomics' '--enable-static' '--without-pmi' '--without-fca' '--without-libfabric' '--without-knem' '--without-xpmem' '--without-psm2' '--without-cma' '--without-mxm' '--without-ucx' '--without-openib' '--without-hcoll' '--without-psm' '--without-loadleveler' '--without-alps' '--without-sge' '--without-tm' '--without-lsf' '--without-slurm' '--disable-memchecker' '--with-gpfs' '--without-sqlite3' '--disable-wrapper-rpath' '--disable-mpi-cxx' '--disable-cxx-exceptions'

7 errors found in build log:
     2       ==> openmpi: Executing phase: 'configure'
     3       ==> [2022-02-25-17:57:46.360780] '/var/tmp/sochat1/spack-stage/spa
             ck-stage-openmpi-1.1.2-ic7xg6cifqabojywi6hdjoymew3s4b42/spack-src/
             configure' '--prefix=/p/vast1/build/spack/opt/spack/linux-rhel7-br
             oadwell/gcc-10.2.1/openmpi-1.1.2-ic7xg6cifqabojywi6hdjoymew3s4b42'
              '--enable-shared' '--disable-silent-rules' '--disable-builtin-ato
             mics' '--enable-static' '--without-pmi' '--without-fca' '--without
             -libfabric' '--without-knem' '--without-xpmem' '--without-psm2' '-
             -without-cma' '--without-mxm' '--without-ucx' '--without-openib' '
             --without-hcoll' '--without-psm' '--without-loadleveler' '--withou
             t-alps' '--without-sge' '--without-tm' '--without-lsf' '--without-
             slurm' '--disable-memchecker' '--with-gpfs' '--without-sqlite3' '-
             -disable-wrapper-rpath' '--disable-mpi-cxx' '--disable-cxx-excepti
             ons'
     4       checking for a BSD-compatible install... /usr/bin/install -c
     5       checking whether build environment is sane... yes
     6       checking for gawk... gawk
     7       checking whether make sets $(MAKE)... yes
  >> 8       configure: error: source directory already configured; run "make d
             istclean" there first
     9       ==> openmpi: Executing phase: 'build'
     10      ==> [2022-02-25-17:16:34.280103] 'make' '-j2' 'V=1'
     11      Making all in config
     12      make[1]: Entering directory `/tmp/sochat1/spack-stage/spack-stage-
             openmpi-1.1.2-ic7xg6cifqabojywi6hdjoymew3s4b42/spack-src/config'
     13      make[1]: Nothing to be done for `all'.
     14      make[1]: Leaving directory `/tmp/sochat1/spack-stage/spack-stage-o
             penmpi-1.1.2-ic7xg6cifqabojywi6hdjoymew3s4b42/spack-src/config'

     ...

     8320    
     8321       16 |   call MPI_Comm_spawn_multiple(count, array_of_commands, a
             rray_of_argv, &
     8322          |                                                         2
     8323    ......
     8324       36 |   call MPI_Comm_spawn_multiple(count, array_of_commands, a
             rray_of_argv, &
     8325          |                                                         1
  >> 8326    Error: Type mismatch between actual argument at (1) and actual arg
             ument at (2) (REAL(8)/CHARACTER(*)).
  >> 8327    make[4]: *** [mpi_comm_spawn_multiple_f90.o] Error 1
     8328    make[4]: *** Waiting for unfinished jobs....
     8329    make[4]: Leaving directory `/tmp/sochat1/spack-stage/spack-stage-o
             penmpi-1.1.2-ic7xg6cifqabojywi6hdjoymew3s4b42/spack-src/ompi/mpi/f
             90'
  >> 8330    make[3]: *** [all-recursive] Error 1
     8331    make[3]: Leaving directory `/tmp/sochat1/spack-stage/spack-stage-o
             penmpi-1.1.2-ic7xg6cifqabojywi6hdjoymew3s4b42/spack-src/ompi/mpi/f
             90'
  >> 8332    make[2]: *** [all-recursive] Error 1
     8333    make[2]: Leaving directory `/tmp/sochat1/spack-stage/spack-stage-o
             penmpi-1.1.2-ic7xg6cifqabojywi6hdjoymew3s4b42/spack-src/ompi/mpi'
  >> 8334    make[1]: *** [all-recursive] Error 1
     8335    make[1]: Leaving directory `/tmp/sochat1/spack-stage/spack-stage-o
             penmpi-1.1.2-ic7xg6cifqabojywi6hdjoymew3s4b42/spack-src/ompi'
  >> 8336    make: *** [all-recursive] Error 1

See build log for details:
  /var/tmp/sochat1/spack-stage/spack-stage-openmpi-1.1.2-ic7xg6cifqabojywi6hdjoymew3s4b42/spack-build-out.txt

Making predictions for symbolator
Making predictions for libabigail
Making predictions for actual
==> Error: ProcessError: Command exited with status 2:
    'make' '-j16' 'V=1'

14 errors found in build log:
     10292    
     10293       10 |   call MPI_Testall(count, array_of_requests, flag, array_
              of_statuses, ierr)
     10294          |                                                   2
     10295    ......
     10296       22 |   call MPI_Testall(count, array_of_requests, flag, array_
              of_statuses, ierr)
     10297          |                                                   1
  >> 10298    Error: Type mismatch between actual argument at (1) and actual ar
              gument at (2) (REAL(8)/INTEGER(4)).
     10299    mpi_testsome_f90.f90:26:76:
     10300    
     10301       12 |   call MPI_Testsome(incount, array_of_requests, outcount,
               array_of_indices, array_of_statuses, ierr)
     10302          |                                                          
                                2
     10303    ......
     10304       26 |   call MPI_Testsome(incount, array_of_requests, outcount,
               array_of_indices, array_of_statuses, ierr)
     10305          |                                                          
                                1
  >> 10306    Error: Type mismatch between actual argument at (1) and actual ar
              gument at (2) (REAL(8)/INTEGER(4)).
  >> 10307    make[4]: *** [mpi_testall_f90.o] Error 1
     10308    make[4]: *** Waiting for unfinished jobs....
     10309    mpi_waitall_f90.f90:18:45:
     10310    
     10311        8 |   call MPI_Waitall(count, array_of_requests, array_of_sta
              tuses, ierr)
     10312          |                                             2
     10313    ......
     10314       18 |   call MPI_Waitall(count, array_of_requests, array_of_sta
              tuses, ierr)
     10315          |                                             1
  >> 10316    Error: Type mismatch between actual argument at (1) and actual ar
              gument at (2) (REAL(8)/INTEGER(4)).
     10317    mpi_comm_spawn_multiple_f90.f90:36:57:
     10318    
     10319       16 |   call MPI_Comm_spawn_multiple(count, array_of_commands, 
              array_of_argv, &
     10320          |                                                         2
     10321    ......
     10322       36 |   call MPI_Comm_spawn_multiple(count, array_of_commands, 
              array_of_argv, &
     10323          |                                                         1
  >> 10324    Error: Type mismatch between actual argument at (1) and actual ar
              gument at (2) (REAL(8)/CHARACTER(*)).
     10325    mpi_waitsome_f90.f90:26:76:
     10326    
     10327       12 |   call MPI_Waitsome(incount, array_of_requests, outcount,
               array_of_indices, array_of_statuses, ierr)
     10328          |                                                          
                                2
     10329    ......
     10330       26 |   call MPI_Waitsome(incount, array_of_requests, outcount,
               array_of_indices, array_of_statuses, ierr)
     10331          |                                                          
                                1
  >> 10332    Error: Type mismatch between actual argument at (1) and actual ar
              gument at (2) (REAL(8)/INTEGER(4)).
  >> 10333    make[4]: *** [mpi_testsome_f90.o] Error 1
  >> 10334    make[4]: *** [mpi_comm_spawn_multiple_f90.o] Error 1
  >> 10335    make[4]: *** [mpi_waitall_f90.o] Error 1
  >> 10336    make[4]: *** [mpi_waitsome_f90.o] Error 1
     10337    make[4]: Leaving directory `/tmp/sochat1/spack-stage/spack-stage-
              openmpi-1.1.2-ic7xg6cifqabojywi6hdjoymew3s4b42/spack-src/ompi/mpi
              /f90'
  >> 10338    make[3]: *** [all-recursive] Error 1
     10339    make[3]: Leaving directory `/tmp/sochat1/spack-stage/spack-stage-
              openmpi-1.1.2-ic7xg6cifqabojywi6hdjoymew3s4b42/spack-src/ompi/mpi
              /f90'
  >> 10340    make[2]: *** [all-recursive] Error 1
     10341    make[2]: Leaving directory `/tmp/sochat1/spack-stage/spack-stage-
              openmpi-1.1.2-ic7xg6cifqabojywi6hdjoymew3s4b42/spack-src/ompi/mpi
              '
  >> 10342    make[1]: *** [all-recursive] Error 1
     10343    make[1]: Leaving directory `/tmp/sochat1/spack-stage/spack-stage-
              openmpi-1.1.2-ic7xg6cifqabojywi6hdjoymew3s4b42/spack-src/ompi'
  >> 10344    make: *** [all-recursive] Error 1

See build log for details:
  /var/tmp/sochat1/spack-stage/spack-stage-openmpi-1.1.2-ic7xg6cifqabojywi6hdjoymew3s4b42/spack-build-out.txt

Making predictions for spack-test
Making predictions for symbolator
Making predictions for libabigail
abicompat not found on path, will look for spack instead.
Making predictions for actual
