==> Error: Failed to upgrade to a write lock for openssh-7.9p1-cehat7jbrnl2rjln3ggidredhodl7syp due to LockUpgradeError: Cannot upgrade lock from read to write on file: /p/vast1/build/spack/opt/spack/.spack-db/prefix_lock
==> Warning: AssertionError exception when releasing read lock for openssh-7.9p1-cehat7jbrnl2rjln3ggidredhodl7syp: 
==> Warning: using "openssl@1.0.2u" which is a deprecated version
==> Warning: openssl-1.0.2u-jg3ilhwnnge5yk5gd46f7izmlwt6izi2 failed to install
==> Warning: Skipping build of openssh-7.6p1-w373w7jvg7bdzhokbfaohznyyuqn5vpp since openssl-1.0.2u-jg3ilhwnnge5yk5gd46f7izmlwt6izi2 failed
==> Warning: AssertionError exception when releasing read lock for openssl-1.0.2u-jg3ilhwnnge5yk5gd46f7izmlwt6izi2: 
==> Error: openssh-7.6p1-w373w7jvg7bdzhokbfaohznyyuqn5vpp: Package was not installed
==> Warning: using "openssl@1.0.2u" which is a deprecated version
==> Warning: openssl-1.0.2u-jg3ilhwnnge5yk5gd46f7izmlwt6izi2 failed to install
==> Warning: Skipping build of openssh-7.5p1-u4hp6bp4tiv4ja4yxlklhrorntc3tahp since openssl-1.0.2u-jg3ilhwnnge5yk5gd46f7izmlwt6izi2 failed
==> Warning: AssertionError exception when releasing read lock for openssl-1.0.2u-jg3ilhwnnge5yk5gd46f7izmlwt6izi2: 
==> Error: openssh-7.5p1-u4hp6bp4tiv4ja4yxlklhrorntc3tahp: Package was not installed
==> Warning: using "openssl@1.0.2u" which is a deprecated version
==> Warning: openssl-1.0.2u-jg3ilhwnnge5yk5gd46f7izmlwt6izi2 failed to install
==> Warning: Skipping build of openssh-7.4p1-sbgjhkkcv2u3q6uxaupvii6ca6fq6rje since openssl-1.0.2u-jg3ilhwnnge5yk5gd46f7izmlwt6izi2 failed
==> Warning: AssertionError exception when releasing read lock for openssl-1.0.2u-jg3ilhwnnge5yk5gd46f7izmlwt6izi2: 
==> Error: openssh-7.4p1-sbgjhkkcv2u3q6uxaupvii6ca6fq6rje: Package was not installed
==> Warning: using "openssl@1.0.2u" which is a deprecated version
==> Error: Failed to upgrade to a write lock for openssl-1.0.2u-jg3ilhwnnge5yk5gd46f7izmlwt6izi2 due to LockUpgradeError: Cannot upgrade lock from read to write on file: /p/vast1/build/spack/opt/spack/.spack-db/prefix_lock
==> Warning: AssertionError exception when releasing read lock for openssl-1.0.2u-jg3ilhwnnge5yk5gd46f7izmlwt6izi2: 
==> Warning: using "openssl@1.0.2u" which is a deprecated version
==> Warning: openssl-1.0.2u-jg3ilhwnnge5yk5gd46f7izmlwt6izi2 failed to install
==> Warning: Skipping build of openssh-7.2p2-b6hitlsbslvsiaea4lygrprl4anfjlyu since openssl-1.0.2u-jg3ilhwnnge5yk5gd46f7izmlwt6izi2 failed
==> Warning: AssertionError exception when releasing read lock for openssl-1.0.2u-jg3ilhwnnge5yk5gd46f7izmlwt6izi2: 
==> Error: openssh-7.2p2-b6hitlsbslvsiaea4lygrprl4anfjlyu: Package was not installed
==> Warning: using "openssl@1.0.2u" which is a deprecated version
==> Warning: openssl-1.0.2u-jg3ilhwnnge5yk5gd46f7izmlwt6izi2 failed to install
==> Warning: Skipping build of openssh-7.1p2-3tbpvr5h7kakt3zusk5rbnp47ewy3kjx since openssl-1.0.2u-jg3ilhwnnge5yk5gd46f7izmlwt6izi2 failed
==> Warning: AssertionError exception when releasing read lock for openssl-1.0.2u-jg3ilhwnnge5yk5gd46f7izmlwt6izi2: 
==> Error: openssh-7.1p2-3tbpvr5h7kakt3zusk5rbnp47ewy3kjx: Package was not installed
==> Warning: using "openssl@1.0.2u" which is a deprecated version
==> Warning: openssl-1.0.2u-jg3ilhwnnge5yk5gd46f7izmlwt6izi2 failed to install
==> Warning: Skipping build of openssh-7.0p1-4rhq7lhltizwaunc4exmkpzttjkogwsx since openssl-1.0.2u-jg3ilhwnnge5yk5gd46f7izmlwt6izi2 failed
==> Error: openssh-7.0p1-4rhq7lhltizwaunc4exmkpzttjkogwsx: Package was not installed
==> Warning: using "openssl@1.0.2u" which is a deprecated version
==> Warning: openssl-1.0.2u-jg3ilhwnnge5yk5gd46f7izmlwt6izi2 failed to install
==> Warning: Skipping build of openssh-6.9p1-lisg7lebws7liifpvpf3vgt6c2rsf7hq since openssl-1.0.2u-jg3ilhwnnge5yk5gd46f7izmlwt6izi2 failed
==> Warning: AssertionError exception when releasing read lock for openssl-1.0.2u-jg3ilhwnnge5yk5gd46f7izmlwt6izi2: 
==> Error: openssh-6.9p1-lisg7lebws7liifpvpf3vgt6c2rsf7hq: Package was not installed
==> Warning: using "openssl@1.0.2u" which is a deprecated version
==> Warning: openssl-1.0.2u-jg3ilhwnnge5yk5gd46f7izmlwt6izi2 failed to install
==> Warning: Skipping build of openssh-6.8p1-se5qvnkblcigfxk2hbhhv42elsvn75c5 since openssl-1.0.2u-jg3ilhwnnge5yk5gd46f7izmlwt6izi2 failed
==> Warning: AssertionError exception when releasing read lock for openssl-1.0.2u-jg3ilhwnnge5yk5gd46f7izmlwt6izi2: 
==> Error: openssh-6.8p1-se5qvnkblcigfxk2hbhhv42elsvn75c5: Package was not installed
==> Warning: using "openssl@1.0.2u" which is a deprecated version
==> Warning: openssl-1.0.2u-jg3ilhwnnge5yk5gd46f7izmlwt6izi2 failed to install
==> Warning: Skipping build of openssh-6.7p1-hkynbaam3yttwm6xmaz2lkogaov66d3s since openssl-1.0.2u-jg3ilhwnnge5yk5gd46f7izmlwt6izi2 failed
==> Warning: AssertionError exception when releasing read lock for openssl-1.0.2u-jg3ilhwnnge5yk5gd46f7izmlwt6izi2: 
==> Error: openssh-6.7p1-hkynbaam3yttwm6xmaz2lkogaov66d3s: Package was not installed
==> Warning: using "openssl@1.0.2u" which is a deprecated version
==> Warning: openssl@1.0.2u is deprecated and may be removed in a future Spack release.
==> Error: FetchError: Will not fetch openssl@1.0.2u
    If you are willing to be a maintainer for this version of the package, submit a PR to remove `deprecated=False`, or use `--deprecated` to skip this check.

/p/vast1/build/spack/lib/spack/spack/package.py:1395, in do_fetch:
       1392                        dp_msg))
       1393
       1394            if not ignore_deprecation:
  >>   1395                raise FetchError("Will not fetch {0}".format(
       1396                    self.spec.format('{name}{@version}')), dp_msg)
       1397
       1398        self.stage.create()


==> Warning: Skipping build of openssh-6.6p1-ujmnreshhu4pc3aqru5to7bav745kdxz since openssl-1.0.2u-jg3ilhwnnge5yk5gd46f7izmlwt6izi2 failed
==> Error: openssh-6.6p1-ujmnreshhu4pc3aqru5to7bav745kdxz: Package was not installed
Making predictions for symbolator
Making predictions for libabigail
Making predictions for actual
==> Error: ProcessError: Command exited with status 2:
    'make' '-j16' 'V=1'

3 errors found in build log:
     1456    /usr/include/bits/stdio2.h:64:10: note: '__builtin___snprintf_chk'
              output 36 or more bytes (assuming 1060) into a destination of siz
             e 61
     1457       64 |   return __builtin___snprintf_chk (__s, __n, __USE_FORTIFY
             _LEVEL - 1,
     1458          |          ^~~~~~~~~~~~~~~~~~~~~~~~~~~~~~~~~~~~~~~~~~~~~~~~~
             ~~~~~~~~~~~
     1459       65 |        __bos (__s), __fmt, __va_arg_pack ());
     1460          |        ~~~~~~~~~~~~~~~~~~~~~~~~~~~~~~~~~~~~~
     1461    /p/vast1/build/spack/lib/spack/env/gcc/gcc -o sshd sshd.o auth-rho
             sts.o auth-passwd.o audit.o audit-bsm.o audit-linux.o platform.o s
             shpty.o sshlogin.o servconf.o serverloop.o auth.o auth2.o auth-opt
             ions.o session.o auth2-chall.o groupaccess.o auth-bsdauth.o auth2-
             hostbased.o auth2-kbdint.o auth2-none.o auth2-passwd.o auth2-pubke
             y.o monitor.o monitor_wrap.o auth-krb5.o auth2-gss.o gss-serv.o gs
             s-serv-krb5.o loginrec.o auth-pam.o auth-shadow.o auth-sia.o md5cr
             ypt.o sftp-server.o sftp-common.o sandbox-null.o sandbox-rlimit.o 
             sandbox-systrace.o sandbox-darwin.o sandbox-seccomp-filter.o sandb
             ox-capsicum.o sandbox-pledge.o sandbox-solaris.o uidswap.o -L. -Lo
             penbsd-compat/  -Wl,-z,relro -Wl,-z,now -Wl,-z,noexecstack -fstack
             -protector-strong -pie  -lssh -lopenbsd-compat  -lcrypto -ldl -lut
             il -lz  -lcrypt -lresolv
  >> 1462    /usr/tce/packages/gcc/gcc-10.2.1/rh/usr/bin/../libexec/gcc/x86_64-
             redhat-linux/10/ld: session.o:/tmp/sochat1/spack-stage/spack-stage
             -openssh-7.9p1-cehat7jbrnl2rjln3ggidredhodl7syp/spack-src/session.
             c:145: multiple definition of `tun_fwd_ifnames'; serverloop.o:/tmp
             /sochat1/spack-stage/spack-stage-openssh-7.9p1-cehat7jbrnl2rjln3gg
             idredhodl7syp/spack-src/serverloop.c:104: first defined here
     1463    /p/vast1/build/spack/lib/spack/env/gcc/gcc -o ssh-agent ssh-agent.
             o ssh-pkcs11-client.o -L. -Lopenbsd-compat/  -Wl,-z,relro -Wl,-z,n
             ow -Wl,-z,noexecstack -fstack-protector-strong -pie  -lssh -lopenb
             sd-compat -lcrypto -ldl -lutil -lz  -lcrypt -lresolv
     1464    /p/vast1/build/spack/lib/spack/env/gcc/gcc -o scp scp.o progressme
             ter.o -L. -Lopenbsd-compat/  -Wl,-z,relro -Wl,-z,now -Wl,-z,noexec
             stack -fstack-protector-strong -pie  -lssh -lopenbsd-compat -lcryp
             to -ldl -lutil -lz  -lcrypt -lresolv
     1465    ssh-keygen.c: In function 'do_gen_all_hostkeys':
     1466    ssh-keygen.c:1074:41: warning: '%s' directive output may be trunca
             ted writing up to 1024 bytes into a region of size 1023 [-Wformat-
             truncation=]
     1467     1074 |   snprintf(comment, sizeof comment, "%s@%s", pw->pw_name,
     1468          |                                         ^~

     ...

     1476                     from ssh-keygen.c:15:
     1477    /usr/include/bits/stdio2.h:64:10: note: '__builtin___snprintf_chk'
              output 2 or more bytes (assuming 1026) into a destination of size
              1024
     1478       64 |   return __builtin___snprintf_chk (__s, __n, __USE_FORTIFY
             _LEVEL - 1,
     1479          |          ^~~~~~~~~~~~~~~~~~~~~~~~~~~~~~~~~~~~~~~~~~~~~~~~~
             ~~~~~~~~~~~
     1480       65 |        __bos (__s), __fmt, __va_arg_pack ());
     1481          |        ~~~~~~~~~~~~~~~~~~~~~~~~~~~~~~~~~~~~~
  >> 1482    collect2: error: ld returned 1 exit status
  >> 1483    make: *** [sshd] Error 1
     1484    make: *** Waiting for unfinished jobs....
     1485    ssh-keygen.c: In function 'main':
     1486    ssh-keygen.c:2892:41: warning: '%s' directive output may be trunca
             ted writing up to 1024 bytes into a region of size 1023 [-Wformat-
             truncation=]
     1487     2892 |   snprintf(comment, sizeof comment, "%s@%s", pw->pw_name, 
             hostname);
     1488          |                                         ^~                
             ~~~~~~~~
     1489    In file included from /usr/include/stdio.h:937,

See build log for details:
  /var/tmp/sochat1/spack-stage/spack-stage-openssh-7.9p1-cehat7jbrnl2rjln3ggidredhodl7syp/spack-build-out.txt

==> Warning: using "openssl@1.0.2u" which is a deprecated version
==> Warning: openssl@1.0.2u is deprecated and may be removed in a future Spack release.
==> Error: FetchError: Will not fetch openssl@1.0.2u
    If you are willing to be a maintainer for this version of the package, submit a PR to remove `deprecated=False`, or use `--deprecated` to skip this check.

/p/vast1/build/spack/lib/spack/spack/package.py:1395, in do_fetch:
       1392                        dp_msg))
       1393
       1394            if not ignore_deprecation:
  >>   1395                raise FetchError("Will not fetch {0}".format(
       1396                    self.spec.format('{name}{@version}')), dp_msg)
       1397
       1398        self.stage.create()


==> Warning: Skipping build of openssh-7.6p1-w373w7jvg7bdzhokbfaohznyyuqn5vpp since openssl-1.0.2u-jg3ilhwnnge5yk5gd46f7izmlwt6izi2 failed
==> Error: openssh-7.6p1-w373w7jvg7bdzhokbfaohznyyuqn5vpp: Package was not installed
==> Warning: using "openssl@1.0.2u" which is a deprecated version
==> Warning: using "openssl@1.0.2u" which is a deprecated version
==> Warning: openssl@1.0.2u is deprecated and may be removed in a future Spack release.
==> Error: FetchError: Will not fetch openssl@1.0.2u
    If you are willing to be a maintainer for this version of the package, submit a PR to remove `deprecated=False`, or use `--deprecated` to skip this check.

/p/vast1/build/spack/lib/spack/spack/package.py:1395, in do_fetch:
       1392                        dp_msg))
       1393
       1394            if not ignore_deprecation:
  >>   1395                raise FetchError("Will not fetch {0}".format(
       1396                    self.spec.format('{name}{@version}')), dp_msg)
       1397
       1398        self.stage.create()


==> Warning: Skipping build of openssh-7.4p1-sbgjhkkcv2u3q6uxaupvii6ca6fq6rje since openssl-1.0.2u-jg3ilhwnnge5yk5gd46f7izmlwt6izi2 failed
==> Error: openssh-7.4p1-sbgjhkkcv2u3q6uxaupvii6ca6fq6rje: Package was not installed
==> Warning: using "openssl@1.0.2u" which is a deprecated version
==> Warning: using "openssl@1.0.2u" which is a deprecated version
==> Warning: openssl-1.0.2u-jg3ilhwnnge5yk5gd46f7izmlwt6izi2 failed to install
==> Warning: Skipping build of openssh-7.2p2-b6hitlsbslvsiaea4lygrprl4anfjlyu since openssl-1.0.2u-jg3ilhwnnge5yk5gd46f7izmlwt6izi2 failed
==> Warning: AssertionError exception when releasing read lock for openssl-1.0.2u-jg3ilhwnnge5yk5gd46f7izmlwt6izi2: 
==> Error: openssh-7.2p2-b6hitlsbslvsiaea4lygrprl4anfjlyu: Package was not installed
==> Warning: using "openssl@1.0.2u" which is a deprecated version
==> Warning: openssl@1.0.2u is deprecated and may be removed in a future Spack release.
==> Error: FetchError: Will not fetch openssl@1.0.2u
    If you are willing to be a maintainer for this version of the package, submit a PR to remove `deprecated=False`, or use `--deprecated` to skip this check.

/p/vast1/build/spack/lib/spack/spack/package.py:1395, in do_fetch:
       1392                        dp_msg))
       1393
       1394            if not ignore_deprecation:
  >>   1395                raise FetchError("Will not fetch {0}".format(
       1396                    self.spec.format('{name}{@version}')), dp_msg)
       1397
       1398        self.stage.create()


==> Warning: Skipping build of openssh-7.1p2-3tbpvr5h7kakt3zusk5rbnp47ewy3kjx since openssl-1.0.2u-jg3ilhwnnge5yk5gd46f7izmlwt6izi2 failed
==> Error: openssh-7.1p2-3tbpvr5h7kakt3zusk5rbnp47ewy3kjx: Package was not installed
==> Warning: using "openssl@1.0.2u" which is a deprecated version
==> Warning: using "openssl@1.0.2u" which is a deprecated version
==> Warning: using "openssl@1.0.2u" which is a deprecated version
==> Warning: openssl@1.0.2u is deprecated and may be removed in a future Spack release.
==> Error: FetchError: Will not fetch openssl@1.0.2u
    If you are willing to be a maintainer for this version of the package, submit a PR to remove `deprecated=False`, or use `--deprecated` to skip this check.

/p/vast1/build/spack/lib/spack/spack/package.py:1395, in do_fetch:
       1392                        dp_msg))
       1393
       1394            if not ignore_deprecation:
  >>   1395                raise FetchError("Will not fetch {0}".format(
       1396                    self.spec.format('{name}{@version}')), dp_msg)
       1397
       1398        self.stage.create()


==> Warning: Skipping build of openssh-6.8p1-se5qvnkblcigfxk2hbhhv42elsvn75c5 since openssl-1.0.2u-jg3ilhwnnge5yk5gd46f7izmlwt6izi2 failed
==> Error: openssh-6.8p1-se5qvnkblcigfxk2hbhhv42elsvn75c5: Package was not installed
==> Warning: using "openssl@1.0.2u" which is a deprecated version
==> Warning: using "openssl@1.0.2u" which is a deprecated version
==> Warning: openssl@1.0.2u is deprecated and may be removed in a future Spack release.
==> Error: FetchError: Will not fetch openssl@1.0.2u
    If you are willing to be a maintainer for this version of the package, submit a PR to remove `deprecated=False`, or use `--deprecated` to skip this check.

/p/vast1/build/spack/lib/spack/spack/package.py:1395, in do_fetch:
       1392                        dp_msg))
       1393
       1394            if not ignore_deprecation:
  >>   1395                raise FetchError("Will not fetch {0}".format(
       1396                    self.spec.format('{name}{@version}')), dp_msg)
       1397
       1398        self.stage.create()


==> Warning: Skipping build of openssh-6.6p1-ujmnreshhu4pc3aqru5to7bav745kdxz since openssl-1.0.2u-jg3ilhwnnge5yk5gd46f7izmlwt6izi2 failed
==> Error: openssh-6.6p1-ujmnreshhu4pc3aqru5to7bav745kdxz: Package was not installed
Making predictions for spack-test
Making predictions for symbolator
Making predictions for libabigail
abicompat not found on path, will look for spack instead.
Making predictions for actual
