==> Error: ProcessError: Command exited with status 1:
    '/var/tmp/sochat1/spack-stage/spack-stage-openmpi-1.2.9-n5hvibn336mjk2qglpekjttgyrx4y35c/spack-src/configure' '--prefix=/p/vast1/build/spack/opt/spack/linux-rhel7-broadwell/gcc-10.2.1/openmpi-1.2.9-n5hvibn336mjk2qglpekjttgyrx4y35c' '--enable-shared' '--disable-silent-rules' '--disable-builtin-atomics' '--enable-static' '--without-pmi' '--without-cma' '--without-ucx' '--without-xpmem' '--without-hcoll' '--without-psm2' '--without-openib' '--without-knem' '--without-psm' '--without-mxm' '--without-fca' '--without-libfabric' '--without-alps' '--without-lsf' '--without-loadleveler' '--without-sge' '--without-tm' '--without-slurm' '--disable-memchecker' '--with-gpfs' '--without-sqlite3' '--disable-wrapper-rpath' '--disable-mpi-cxx' '--disable-cxx-exceptions'

1 error found in build log:
     3    ==> [2022-02-26-04:42:02.866939] '/var/tmp/sochat1/spack-stage/spack-
          stage-openmpi-1.2.9-n5hvibn336mjk2qglpekjttgyrx4y35c/spack-src/config
          ure' '--prefix=/p/vast1/build/spack/opt/spack/linux-rhel7-broadwell/g
          cc-10.2.1/openmpi-1.2.9-n5hvibn336mjk2qglpekjttgyrx4y35c' '--enable-s
          hared' '--disable-silent-rules' '--disable-builtin-atomics' '--enable
          -static' '--without-pmi' '--without-cma' '--without-ucx' '--without-x
          pmem' '--without-hcoll' '--without-psm2' '--without-openib' '--withou
          t-knem' '--without-psm' '--without-mxm' '--without-fca' '--without-li
          bfabric' '--without-alps' '--without-lsf' '--without-loadleveler' '--
          without-sge' '--without-tm' '--without-slurm' '--disable-memchecker' 
          '--with-gpfs' '--without-sqlite3' '--disable-wrapper-rpath' '--disabl
          e-mpi-cxx' '--disable-cxx-exceptions'
     4    checking for a BSD-compatible install... /usr/bin/install -c
     5    checking whether build environment is sane... yes
     6    checking for a thread-safe mkdir -p... /usr/bin/mkdir -p
     7    checking for gawk... gawk
     8    checking whether make sets $(MAKE)... yes
  >> 9    configure: error: source directory already configured; run "make dist
          clean" there first
     10   ==> openmpi: Executing phase: 'build'
     11   ==> [2022-02-25-22:00:01.912495] 'make' '-j2' 'V=1'
     12   Making all in config
     13   make[1]: Entering directory `/tmp/sochat1/spack-stage/spack-stage-ope
          nmpi-1.2.9-n5hvibn336mjk2qglpekjttgyrx4y35c/spack-src/config'
     14   make[1]: Nothing to be done for `all'.
     15   make[1]: Leaving directory `/tmp/sochat1/spack-stage/spack-stage-open
          mpi-1.2.9-n5hvibn336mjk2qglpekjttgyrx4y35c/spack-src/config'

See build log for details:
  /var/tmp/sochat1/spack-stage/spack-stage-openmpi-1.2.9-n5hvibn336mjk2qglpekjttgyrx4y35c/spack-build-out.txt

Making predictions for symbolator
Making predictions for libabigail
Making predictions for actual
==> Error: ProcessError: Command exited with status 2:
    'make' '-j16' 'V=1'

15 errors found in build log:
     10460    
     10461       16 |   call MPI_Comm_spawn_multiple(count, array_of_commands, 
              array_of_argv, &
     10462          |                                                         2
     10463    ......
     10464       36 |   call MPI_Comm_spawn_multiple(count, array_of_commands, 
              array_of_argv, &
     10465          |                                                         1
  >> 10466    Error: Type mismatch between actual argument at (1) and actual ar
              gument at (2) (REAL(8)/CHARACTER(*)).
     10467    mpi_testall_f90.f90:22:51:
     10468    
     10469       10 |   call MPI_Testall(count, array_of_requests, flag, array_
              of_statuses, ierr)
     10470          |                                                   2
     10471    ......
     10472       22 |   call MPI_Testall(count, array_of_requests, flag, array_
              of_statuses, ierr)
     10473          |                                                   1
  >> 10474    Error: Type mismatch between actual argument at (1) and actual ar
              gument at (2) (REAL(8)/INTEGER(4)).
     10475    mpi_testsome_f90.f90:26:76:
     10476    
     10477       12 |   call MPI_Testsome(incount, array_of_requests, outcount,
               array_of_indices, array_of_statuses, ierr)
     10478          |                                                          
                                2
     10479    ......
     10480       26 |   call MPI_Testsome(incount, array_of_requests, outcount,
               array_of_indices, array_of_statuses, ierr)
     10481          |                                                          
                                1
  >> 10482    Error: Type mismatch between actual argument at (1) and actual ar
              gument at (2) (REAL(8)/INTEGER(4)).
     10483    mpi_waitall_f90.f90:18:45:
     10484    
     10485        8 |   call MPI_Waitall(count, array_of_requests, array_of_sta
              tuses, ierr)
     10486          |                                             2
     10487    ......
     10488       18 |   call MPI_Waitall(count, array_of_requests, array_of_sta
              tuses, ierr)
     10489          |                                             1
  >> 10490    Error: Type mismatch between actual argument at (1) and actual ar
              gument at (2) (REAL(8)/INTEGER(4)).
  >> 10491    make[5]: *** [mpi_comm_spawn_multiple_f90.lo] Error 1
     10492    make[5]: *** Waiting for unfinished jobs....
  >> 10493    make[5]: *** [mpi_testall_f90.lo] Error 1
     10494    mpi_waitsome_f90.f90:26:76:
     10495    
     10496       12 |   call MPI_Waitsome(incount, array_of_requests, outcount,
               array_of_indices, array_of_statuses, ierr)
     10497          |                                                          
                                2
     10498    ......
     10499       26 |   call MPI_Waitsome(incount, array_of_requests, outcount,
               array_of_indices, array_of_statuses, ierr)
     10500          |                                                          
                                1
  >> 10501    Error: Type mismatch between actual argument at (1) and actual ar
              gument at (2) (REAL(8)/INTEGER(4)).
  >> 10502    make[5]: *** [mpi_testsome_f90.lo] Error 1
  >> 10503    make[5]: *** [mpi_waitall_f90.lo] Error 1
  >> 10504    make[5]: *** [mpi_waitsome_f90.lo] Error 1
     10505    libtool: compile:  /p/vast1/build/spack/lib/spack/env/gcc/gfortra
              n -I../../../ompi/include -I/var/tmp/sochat1/spack-stage/spack-st
              age-openmpi-1.2.9-n5hvibn336mjk2qglpekjttgyrx4y35c/spack-src/ompi
              /include -I. -I/var/tmp/sochat1/spack-stage/spack-stage-openmpi-1
              .2.9-n5hvibn336mjk2qglpekjttgyrx4y35c/spack-src/ompi/mpi/f90 -I..
              /../../ompi/mpi/f90 -c mpi_wtick_f90.f90 -o mpi_wtick_f90.o >/dev
              /null 2>&1
     10506    libtool: compile:  /p/vast1/build/spack/lib/spack/env/gcc/gfortra
              n -I../../../ompi/include -I/var/tmp/sochat1/spack-stage/spack-st
              age-openmpi-1.2.9-n5hvibn336mjk2qglpekjttgyrx4y35c/spack-src/ompi
              /include -I. -I/var/tmp/sochat1/spack-stage/spack-stage-openmpi-1
              .2.9-n5hvibn336mjk2qglpekjttgyrx4y35c/spack-src/ompi/mpi/f90 -I..
              /../../ompi/mpi/f90 -c mpi_wtime_f90.f90 -o mpi_wtime_f90.o >/dev
              /null 2>&1
     10507    libtool: compile:  /p/vast1/build/spack/lib/spack/env/gcc/gfortra
              n -I../../../ompi/include -I/var/tmp/sochat1/spack-stage/spack-st
              age-openmpi-1.2.9-n5hvibn336mjk2qglpekjttgyrx4y35c/spack-src/ompi
              /include -I. -I/var/tmp/sochat1/spack-stage/spack-stage-openmpi-1
              .2.9-n5hvibn336mjk2qglpekjttgyrx4y35c/spack-src/ompi/mpi/f90 -I..
              /../../ompi/mpi/f90 -c mpi.f90 -o mpi.o >/dev/null 2>&1
     10508    make[5]: Leaving directory `/tmp/sochat1/spack-stage/spack-stage-
              openmpi-1.2.9-n5hvibn336mjk2qglpekjttgyrx4y35c/spack-src/ompi/mpi
              /f90'
  >> 10509    make[4]: *** [all-recursive] Error 1
     10510    make[4]: Leaving directory `/tmp/sochat1/spack-stage/spack-stage-
              openmpi-1.2.9-n5hvibn336mjk2qglpekjttgyrx4y35c/spack-src/ompi/mpi
              /f90'
  >> 10511    make[3]: *** [all] Error 2
     10512    make[3]: Leaving directory `/tmp/sochat1/spack-stage/spack-stage-
              openmpi-1.2.9-n5hvibn336mjk2qglpekjttgyrx4y35c/spack-src/ompi/mpi
              /f90'
  >> 10513    make[2]: *** [all-recursive] Error 1
     10514    make[2]: Leaving directory `/tmp/sochat1/spack-stage/spack-stage-
              openmpi-1.2.9-n5hvibn336mjk2qglpekjttgyrx4y35c/spack-src/ompi/mpi
              '
  >> 10515    make[1]: *** [all-recursive] Error 1
     10516    make[1]: Leaving directory `/tmp/sochat1/spack-stage/spack-stage-
              openmpi-1.2.9-n5hvibn336mjk2qglpekjttgyrx4y35c/spack-src/ompi'
  >> 10517    make: *** [all-recursive] Error 1

See build log for details:
  /var/tmp/sochat1/spack-stage/spack-stage-openmpi-1.2.9-n5hvibn336mjk2qglpekjttgyrx4y35c/spack-build-out.txt

Making predictions for spack-test
Making predictions for symbolator
Making predictions for libabigail
abicompat not found on path, will look for spack instead.
Making predictions for actual
