==> Error: ProcessError: Command exited with status 1:
    '/var/tmp/sochat1/spack-stage/spack-stage-openmpi-1.2.5-kvnyttjjnvrdtr4liumvj4fvg3asuogm/spack-src/configure' '--prefix=/p/vast1/build/spack/opt/spack/linux-rhel7-broadwell/gcc-10.2.1/openmpi-1.2.5-kvnyttjjnvrdtr4liumvj4fvg3asuogm' '--enable-shared' '--disable-silent-rules' '--disable-builtin-atomics' '--enable-static' '--without-pmi' '--without-cma' '--without-knem' '--without-hcoll' '--without-psm2' '--without-fca' '--without-mxm' '--without-openib' '--without-psm' '--without-ucx' '--without-libfabric' '--without-xpmem' '--without-tm' '--without-lsf' '--without-alps' '--without-slurm' '--without-loadleveler' '--without-sge' '--disable-memchecker' '--with-gpfs' '--without-sqlite3' '--disable-wrapper-rpath' '--disable-mpi-cxx' '--disable-cxx-exceptions'

8 errors found in build log:
     3       ==> [2022-02-25-21:59:26.395482] '/var/tmp/sochat1/spack-stage/spa
             ck-stage-openmpi-1.2.5-kvnyttjjnvrdtr4liumvj4fvg3asuogm/spack-src/
             configure' '--prefix=/p/vast1/build/spack/opt/spack/linux-rhel7-br
             oadwell/gcc-10.2.1/openmpi-1.2.5-kvnyttjjnvrdtr4liumvj4fvg3asuogm'
              '--enable-shared' '--disable-silent-rules' '--disable-builtin-ato
             mics' '--enable-static' '--without-pmi' '--without-cma' '--without
             -knem' '--without-hcoll' '--without-psm2' '--without-fca' '--witho
             ut-mxm' '--without-openib' '--without-psm' '--without-ucx' '--with
             out-libfabric' '--without-xpmem' '--without-tm' '--without-lsf' '-
             -without-alps' '--without-slurm' '--without-loadleveler' '--withou
             t-sge' '--disable-memchecker' '--with-gpfs' '--without-sqlite3' '-
             -disable-wrapper-rpath' '--disable-mpi-cxx' '--disable-cxx-excepti
             ons'
     4       checking for a BSD-compatible install... /usr/bin/install -c
     5       checking whether build environment is sane... yes
     6       checking for a thread-safe mkdir -p... /usr/bin/mkdir -p
     7       checking for gawk... gawk
     8       checking whether make sets $(MAKE)... yes
  >> 9       configure: error: source directory already configured; run "make d
             istclean" there first
     10      ==> openmpi: Executing phase: 'build'
     11      ==> [2022-02-25-17:07:53.560271] 'make' '-j2' 'V=1'
     12      Making all in config
     13      make[1]: Entering directory `/tmp/sochat1/spack-stage/spack-stage-
             openmpi-1.2.5-kvnyttjjnvrdtr4liumvj4fvg3asuogm/spack-src/config'
     14      make[1]: Nothing to be done for `all'.
     15      make[1]: Leaving directory `/tmp/sochat1/spack-stage/spack-stage-o
             penmpi-1.2.5-kvnyttjjnvrdtr4liumvj4fvg3asuogm/spack-src/config'

     ...

     8547    
     8548       16 |   call MPI_Comm_spawn_multiple(count, array_of_commands, a
             rray_of_argv, &
     8549          |                                                         2
     8550    ......
     8551       36 |   call MPI_Comm_spawn_multiple(count, array_of_commands, a
             rray_of_argv, &
     8552          |                                                         1
  >> 8553    Error: Type mismatch between actual argument at (1) and actual arg
             ument at (2) (REAL(8)/CHARACTER(*)).
  >> 8554    make[5]: *** [mpi_comm_spawn_multiple_f90.lo] Error 1
     8555    make[5]: *** Waiting for unfinished jobs....
     8556    make[5]: Leaving directory `/tmp/sochat1/spack-stage/spack-stage-o
             penmpi-1.2.5-kvnyttjjnvrdtr4liumvj4fvg3asuogm/spack-src/ompi/mpi/f
             90'
  >> 8557    make[4]: *** [all-recursive] Error 1
     8558    make[4]: Leaving directory `/tmp/sochat1/spack-stage/spack-stage-o
             penmpi-1.2.5-kvnyttjjnvrdtr4liumvj4fvg3asuogm/spack-src/ompi/mpi/f
             90'
  >> 8559    make[3]: *** [all] Error 2
     8560    make[3]: Leaving directory `/tmp/sochat1/spack-stage/spack-stage-o
             penmpi-1.2.5-kvnyttjjnvrdtr4liumvj4fvg3asuogm/spack-src/ompi/mpi/f
             90'
  >> 8561    make[2]: *** [all-recursive] Error 1
     8562    make[2]: Leaving directory `/tmp/sochat1/spack-stage/spack-stage-o
             penmpi-1.2.5-kvnyttjjnvrdtr4liumvj4fvg3asuogm/spack-src/ompi/mpi'
  >> 8563    make[1]: *** [all-recursive] Error 1
     8564    make[1]: Leaving directory `/tmp/sochat1/spack-stage/spack-stage-o
             penmpi-1.2.5-kvnyttjjnvrdtr4liumvj4fvg3asuogm/spack-src/ompi'
  >> 8565    make: *** [all-recursive] Error 1

See build log for details:
  /var/tmp/sochat1/spack-stage/spack-stage-openmpi-1.2.5-kvnyttjjnvrdtr4liumvj4fvg3asuogm/spack-build-out.txt

Making predictions for symbolator
Making predictions for libabigail
Making predictions for actual
==> Error: ProcessError: Command exited with status 1:
    '/var/tmp/sochat1/spack-stage/spack-stage-openmpi-1.2.5-kvnyttjjnvrdtr4liumvj4fvg3asuogm/spack-src/configure' '--prefix=/p/vast1/build/spack/opt/spack/linux-rhel7-broadwell/gcc-10.2.1/openmpi-1.2.5-kvnyttjjnvrdtr4liumvj4fvg3asuogm' '--enable-shared' '--disable-silent-rules' '--disable-builtin-atomics' '--enable-static' '--without-pmi' '--without-ucx' '--without-mxm' '--without-openib' '--without-psm' '--without-libfabric' '--without-fca' '--without-hcoll' '--without-cma' '--without-knem' '--without-xpmem' '--without-psm2' '--without-tm' '--without-sge' '--without-loadleveler' '--without-lsf' '--without-alps' '--without-slurm' '--disable-memchecker' '--with-gpfs' '--without-sqlite3' '--disable-wrapper-rpath' '--disable-mpi-cxx' '--disable-cxx-exceptions'

16 errors found in build log:
     3       ==> [2022-03-04-09:01:11.170214] '/var/tmp/sochat1/spack-stage/spa
             ck-stage-openmpi-1.2.5-kvnyttjjnvrdtr4liumvj4fvg3asuogm/spack-src/
             configure' '--prefix=/p/vast1/build/spack/opt/spack/linux-rhel7-br
             oadwell/gcc-10.2.1/openmpi-1.2.5-kvnyttjjnvrdtr4liumvj4fvg3asuogm'
              '--enable-shared' '--disable-silent-rules' '--disable-builtin-ato
             mics' '--enable-static' '--without-pmi' '--without-ucx' '--without
             -mxm' '--without-openib' '--without-psm' '--without-libfabric' '--
             without-fca' '--without-hcoll' '--without-cma' '--without-knem' '-
             -without-xpmem' '--without-psm2' '--without-tm' '--without-sge' '-
             -without-loadleveler' '--without-lsf' '--without-alps' '--without-
             slurm' '--disable-memchecker' '--with-gpfs' '--without-sqlite3' '-
             -disable-wrapper-rpath' '--disable-mpi-cxx' '--disable-cxx-excepti
             ons'
     4       checking for a BSD-compatible install... /usr/bin/install -c
     5       checking whether build environment is sane... yes
     6       checking for a thread-safe mkdir -p... /usr/bin/mkdir -p
     7       checking for gawk... gawk
     8       checking whether make sets $(MAKE)... yes
  >> 9       configure: error: source directory already configured; run "make d
             istclean" there first
     10      ==> openmpi: Executing phase: 'build'
     11      ==> [2022-03-04-03:23:40.255011] 'make' '-j16' 'V=1'
     12      Making all in config
     13      make[1]: Entering directory `/tmp/sochat1/spack-stage/spack-stage-
             openmpi-1.2.5-kvnyttjjnvrdtr4liumvj4fvg3asuogm/spack-src/config'
     14      make[1]: Nothing to be done for `all'.
     15      make[1]: Leaving directory `/tmp/sochat1/spack-stage/spack-stage-o
             penmpi-1.2.5-kvnyttjjnvrdtr4liumvj4fvg3asuogm/spack-src/config'

     ...

     8555    
     8556       10 |   call MPI_Testall(count, array_of_requests, flag, array_o
             f_statuses, ierr)
     8557          |                                                   2
     8558    ......
     8559       22 |   call MPI_Testall(count, array_of_requests, flag, array_o
             f_statuses, ierr)
     8560          |                                                   1
  >> 8561    Error: Type mismatch between actual argument at (1) and actual arg
             ument at (2) (REAL(8)/INTEGER(4)).
     8562    mpi_comm_spawn_multiple_f90.f90:36:57:
     8563    
     8564       16 |   call MPI_Comm_spawn_multiple(count, array_of_commands, a
             rray_of_argv, &
     8565          |                                                         2
     8566    ......
     8567       36 |   call MPI_Comm_spawn_multiple(count, array_of_commands, a
             rray_of_argv, &
     8568          |                                                         1
  >> 8569    Error: Type mismatch between actual argument at (1) and actual arg
             ument at (2) (REAL(8)/CHARACTER(*)).
  >> 8570    make[5]: *** [mpi_testall_f90.lo] Error 1
     8571    make[5]: *** Waiting for unfinished jobs....
     8572    mpi_testsome_f90.f90:26:76:
     8573    
     8574       12 |   call MPI_Testsome(incount, array_of_requests, outcount, 
             array_of_indices, array_of_statuses, ierr)
     8575          |                                                           
                              2
     8576    ......
     8577       26 |   call MPI_Testsome(incount, array_of_requests, outcount, 
             array_of_indices, array_of_statuses, ierr)
     8578          |                                                           
                              1
  >> 8579    Error: Type mismatch between actual argument at (1) and actual arg
             ument at (2) (REAL(8)/INTEGER(4)).
  >> 8580    make[5]: *** [mpi_comm_spawn_multiple_f90.lo] Error 1
     8581    mpi_waitsome_f90.f90:26:76:
     8582    
     8583       12 |   call MPI_Waitsome(incount, array_of_requests, outcount, 
             array_of_indices, array_of_statuses, ierr)
     8584          |                                                           
                              2
     8585    ......
     8586       26 |   call MPI_Waitsome(incount, array_of_requests, outcount, 
             array_of_indices, array_of_statuses, ierr)
     8587          |                                                           
                              1
  >> 8588    Error: Type mismatch between actual argument at (1) and actual arg
             ument at (2) (REAL(8)/INTEGER(4)).
     8589    mpi_waitall_f90.f90:18:45:
     8590    
     8591        8 |   call MPI_Waitall(count, array_of_requests, array_of_stat
             uses, ierr)
     8592          |                                             2
     8593    ......
     8594       18 |   call MPI_Waitall(count, array_of_requests, array_of_stat
             uses, ierr)
     8595          |                                             1
  >> 8596    Error: Type mismatch between actual argument at (1) and actual arg
             ument at (2) (REAL(8)/INTEGER(4)).
  >> 8597    make[5]: *** [mpi_testsome_f90.lo] Error 1
  >> 8598    make[5]: *** [mpi_waitsome_f90.lo] Error 1
  >> 8599    make[5]: *** [mpi_waitall_f90.lo] Error 1
     8600    libtool: compile:  /p/vast1/build/spack/lib/spack/env/gcc/gfortran
              -I../../../ompi/include -I/var/tmp/sochat1/spack-stage/spack-stag
             e-openmpi-1.2.5-kvnyttjjnvrdtr4liumvj4fvg3asuogm/spack-src/ompi/in
             clude -I. -I/var/tmp/sochat1/spack-stage/spack-stage-openmpi-1.2.5
             -kvnyttjjnvrdtr4liumvj4fvg3asuogm/spack-src/ompi/mpi/f90 -I../../.
             ./ompi/mpi/f90 -c mpi_wtick_f90.f90 -o mpi_wtick_f90.o >/dev/null 
             2>&1
     8601    libtool: compile:  /p/vast1/build/spack/lib/spack/env/gcc/gfortran
              -I../../../ompi/include -I/var/tmp/sochat1/spack-stage/spack-stag
             e-openmpi-1.2.5-kvnyttjjnvrdtr4liumvj4fvg3asuogm/spack-src/ompi/in
             clude -I. -I/var/tmp/sochat1/spack-stage/spack-stage-openmpi-1.2.5
             -kvnyttjjnvrdtr4liumvj4fvg3asuogm/spack-src/ompi/mpi/f90 -I../../.
             ./ompi/mpi/f90 -c mpi_wtime_f90.f90 -o mpi_wtime_f90.o >/dev/null 
             2>&1
     8602    libtool: compile:  /p/vast1/build/spack/lib/spack/env/gcc/gfortran
              -I../../../ompi/include -I/var/tmp/sochat1/spack-stage/spack-stag
             e-openmpi-1.2.5-kvnyttjjnvrdtr4liumvj4fvg3asuogm/spack-src/ompi/in
             clude -I. -I/var/tmp/sochat1/spack-stage/spack-stage-openmpi-1.2.5
             -kvnyttjjnvrdtr4liumvj4fvg3asuogm/spack-src/ompi/mpi/f90 -I../../.
             ./ompi/mpi/f90 -c mpi.f90 -o mpi.o >/dev/null 2>&1
     8603    make[5]: Leaving directory `/tmp/sochat1/spack-stage/spack-stage-o
             penmpi-1.2.5-kvnyttjjnvrdtr4liumvj4fvg3asuogm/spack-src/ompi/mpi/f
             90'
  >> 8604    make[4]: *** [all-recursive] Error 1
     8605    make[4]: Leaving directory `/tmp/sochat1/spack-stage/spack-stage-o
             penmpi-1.2.5-kvnyttjjnvrdtr4liumvj4fvg3asuogm/spack-src/ompi/mpi/f
             90'
  >> 8606    make[3]: *** [all] Error 2
     8607    make[3]: Leaving directory `/tmp/sochat1/spack-stage/spack-stage-o
             penmpi-1.2.5-kvnyttjjnvrdtr4liumvj4fvg3asuogm/spack-src/ompi/mpi/f
             90'
  >> 8608    make[2]: *** [all-recursive] Error 1
     8609    make[2]: Leaving directory `/tmp/sochat1/spack-stage/spack-stage-o
             penmpi-1.2.5-kvnyttjjnvrdtr4liumvj4fvg3asuogm/spack-src/ompi/mpi'
  >> 8610    make[1]: *** [all-recursive] Error 1
     8611    make[1]: Leaving directory `/tmp/sochat1/spack-stage/spack-stage-o
             penmpi-1.2.5-kvnyttjjnvrdtr4liumvj4fvg3asuogm/spack-src/ompi'
  >> 8612    make: *** [all-recursive] Error 1

See build log for details:
  /var/tmp/sochat1/spack-stage/spack-stage-openmpi-1.2.5-kvnyttjjnvrdtr4liumvj4fvg3asuogm/spack-build-out.txt

Making predictions for spack-test
Making predictions for symbolator
Making predictions for libabigail
abicompat not found on path, will look for spack instead.
Making predictions for actual
