/var/spool/slurmd/job97863/slurm_script: line 12: 63295 Killed                  spliced splice --package openmpi@1.6.2 --splice pkgconf --runner spack --replace pkgconf --experiment experiment --outfile /p/vast1/build/spliced-experiment/results/openmpi/1.6.2/pkgconf/experiment.json
==> Error: ProcessError: Command exited with status 1:
    '/var/tmp/sochat1/spack-stage/spack-stage-openmpi-1.6.2-zktk2awxjsckssmmop5dw3md4aiyauhp/spack-src/configure' '--prefix=/p/vast1/build/spack/opt/spack/linux-rhel7-broadwell/gcc-10.2.1/openmpi-1.6.2-zktk2awxjsckssmmop5dw3md4aiyauhp' '--enable-shared' '--disable-silent-rules' '--disable-builtin-atomics' '--enable-static' '--without-pmi' '--without-libfabric' '--without-hcoll' '--without-psm' '--without-mxm' '--without-openib' '--without-ucx' '--without-knem' '--without-fca' '--without-cma' '--without-psm2' '--without-xpmem' '--without-tm' '--without-loadleveler' '--without-alps' '--without-lsf' '--without-slurm' '--without-sge' '--disable-memchecker' '--with-hwloc=/p/vast1/build/spack/opt/spack/linux-rhel7-broadwell/gcc-10.2.1/hwloc-1.11.13-u34fwahc4tbd77w4csoothe3vdimspeo' '--with-gpfs' '--without-sqlite3' '--disable-mpi-thread-multiple' '--disable-wrapper-rpath' '--disable-mpi-cxx' '--disable-cxx-exceptions'

15 errors found in build log:
     40       checking for a BSD-compatible install... /usr/bin/install -c
     41       checking whether build environment is sane... yes
     42       checking for a thread-safe mkdir -p... /usr/bin/mkdir -p
     43       checking for gawk... gawk
     44       checking whether make sets $(MAKE)... yes
     45       checking for style of include used by make... GNU
  >> 46       configure: error: source directory already configured; run "make 
              distclean" there first
     47       ==> openmpi: Executing phase: 'build'
     48       ==> [2022-03-04-03:49:56.272522] 'make' '-j16' 'V=1'
     49       Making all in config
     50       make[1]: Entering directory `/tmp/sochat1/spack-stage/spack-stage
              -openmpi-1.6.2-zktk2awxjsckssmmop5dw3md4aiyauhp/spack-src/config'
     51       make[1]: Nothing to be done for `all'.
     52       make[1]: Leaving directory `/tmp/sochat1/spack-stage/spack-stage-
              openmpi-1.6.2-zktk2awxjsckssmmop5dw3md4aiyauhp/spack-src/config'

     ...

     11625    
     11626       10 |   call MPI_Testall(count, array_of_requests, flag, array_
              of_statuses, ierr)
     11627          |                                                   2
     11628    ......
     11629       22 |   call MPI_Testall(count, array_of_requests, flag, array_
              of_statuses, ierr)
     11630          |                                                   1
  >> 11631    Error: Type mismatch between actual argument at (1) and actual ar
              gument at (2) (REAL(8)/INTEGER(4)).
     11632    mpi_comm_spawn_multiple_f90.f90:36:57:
     11633    
     11634       16 |   call MPI_Comm_spawn_multiple(count, array_of_commands, 
              array_of_argv, &
     11635          |                                                         2
     11636    ......
     11637       36 |   call MPI_Comm_spawn_multiple(count, array_of_commands, 
              array_of_argv, &
     11638          |                                                         1
  >> 11639    Error: Type mismatch between actual argument at (1) and actual ar
              gument at (2) (REAL(8)/CHARACTER(*)).
     11640    mpi_testsome_f90.f90:26:76:
     11641    
     11642       12 |   call MPI_Testsome(incount, array_of_requests, outcount,
               array_of_indices, array_of_statuses, ierr)
     11643          |                                                          
                                2
     11644    ......
     11645       26 |   call MPI_Testsome(incount, array_of_requests, outcount,
               array_of_indices, array_of_statuses, ierr)
     11646          |                                                          
                                1
  >> 11647    Error: Type mismatch between actual argument at (1) and actual ar
              gument at (2) (REAL(8)/INTEGER(4)).
     11648    mpi_waitsome_f90.f90:26:76:
     11649    
     11650       12 |   call MPI_Waitsome(incount, array_of_requests, outcount,
               array_of_indices, array_of_statuses, ierr)
     11651          |                                                          
                                2
     11652    ......
     11653       26 |   call MPI_Waitsome(incount, array_of_requests, outcount,
               array_of_indices, array_of_statuses, ierr)
     11654          |                                                          
                                1
  >> 11655    Error: Type mismatch between actual argument at (1) and actual ar
              gument at (2) (REAL(8)/INTEGER(4)).
  >> 11656    make[4]: *** [mpi_comm_spawn_multiple_f90.lo] Error 1
     11657    make[4]: *** Waiting for unfinished jobs....
  >> 11658    make[4]: *** [mpi_testall_f90.lo] Error 1
     11659    mpi_waitall_f90.f90:18:45:
     11660    
     11661        8 |   call MPI_Waitall(count, array_of_requests, array_of_sta
              tuses, ierr)
     11662          |                                             2
     11663    ......
     11664       18 |   call MPI_Waitall(count, array_of_requests, array_of_sta
              tuses, ierr)
     11665          |                                             1
  >> 11666    Error: Type mismatch between actual argument at (1) and actual ar
              gument at (2) (REAL(8)/INTEGER(4)).
  >> 11667    make[4]: *** [mpi_testsome_f90.lo] Error 1
  >> 11668    make[4]: *** [mpi_waitsome_f90.lo] Error 1
  >> 11669    make[4]: *** [mpi_waitall_f90.lo] Error 1
     11670    libtool: compile:  /p/vast1/build/spack/lib/spack/env/gcc/gfortra
              n -I../../../ompi/include -I/var/tmp/sochat1/spack-stage/spack-st
              age-openmpi-1.6.2-zktk2awxjsckssmmop5dw3md4aiyauhp/spack-src/ompi
              /include -I. -I/var/tmp/sochat1/spack-stage/spack-stage-openmpi-1
              .6.2-zktk2awxjsckssmmop5dw3md4aiyauhp/spack-src/ompi/mpi/f90 -I..
              /../../ompi/mpi/f90 -c mpi_wtime_f90.f90 -o mpi_wtime_f90.o >/dev
              /null 2>&1
     11671    libtool: compile:  /p/vast1/build/spack/lib/spack/env/gcc/gfortra
              n -I../../../ompi/include -I/var/tmp/sochat1/spack-stage/spack-st
              age-openmpi-1.6.2-zktk2awxjsckssmmop5dw3md4aiyauhp/spack-src/ompi
              /include -I. -I/var/tmp/sochat1/spack-stage/spack-stage-openmpi-1
              .6.2-zktk2awxjsckssmmop5dw3md4aiyauhp/spack-src/ompi/mpi/f90 -I..
              /../../ompi/mpi/f90 -c mpi_wtick_f90.f90 -o mpi_wtick_f90.o >/dev
              /null 2>&1
     11672    libtool: compile:  /p/vast1/build/spack/lib/spack/env/gcc/gfortra
              n -I../../../ompi/include -I/var/tmp/sochat1/spack-stage/spack-st
              age-openmpi-1.6.2-zktk2awxjsckssmmop5dw3md4aiyauhp/spack-src/ompi
              /include -I. -I/var/tmp/sochat1/spack-stage/spack-stage-openmpi-1
              .6.2-zktk2awxjsckssmmop5dw3md4aiyauhp/spack-src/ompi/mpi/f90 -I..
              /../../ompi/mpi/f90 -c mpi_sizeof.f90 -o mpi_sizeof.o >/dev/null 
              2>&1
     11673    libtool: compile:  /p/vast1/build/spack/lib/spack/env/gcc/gfortra
              n -I../../../ompi/include -I/var/tmp/sochat1/spack-stage/spack-st
              age-openmpi-1.6.2-zktk2awxjsckssmmop5dw3md4aiyauhp/spack-src/ompi
              /include -I. -I/var/tmp/sochat1/spack-stage/spack-stage-openmpi-1
              .6.2-zktk2awxjsckssmmop5dw3md4aiyauhp/spack-src/ompi/mpi/f90 -I..
              /../../ompi/mpi/f90 -c mpi.f90 -o mpi.o >/dev/null 2>&1
     11674    make[4]: Leaving directory `/tmp/sochat1/spack-stage/spack-stage-
              openmpi-1.6.2-zktk2awxjsckssmmop5dw3md4aiyauhp/spack-src/ompi/mpi
              /f90'
  >> 11675    make[3]: *** [all-recursive] Error 1
     11676    make[3]: Leaving directory `/tmp/sochat1/spack-stage/spack-stage-
              openmpi-1.6.2-zktk2awxjsckssmmop5dw3md4aiyauhp/spack-src/ompi/mpi
              /f90'
  >> 11677    make[2]: *** [all] Error 2
     11678    make[2]: Leaving directory `/tmp/sochat1/spack-stage/spack-stage-
              openmpi-1.6.2-zktk2awxjsckssmmop5dw3md4aiyauhp/spack-src/ompi/mpi
              /f90'
  >> 11679    make[1]: *** [all-recursive] Error 1
     11680    make[1]: Leaving directory `/tmp/sochat1/spack-stage/spack-stage-
              openmpi-1.6.2-zktk2awxjsckssmmop5dw3md4aiyauhp/spack-src/ompi'
  >> 11681    make: *** [all-recursive] Error 1

See build log for details:
  /var/tmp/sochat1/spack-stage/spack-stage-openmpi-1.6.2-zktk2awxjsckssmmop5dw3md4aiyauhp/spack-build-out.txt

Making predictions for spack-test
Making predictions for symbolator
Making predictions for libabigail
abicompat not found on path, will look for spack instead.
Making predictions for actual
