==> Error: ProcessError: Command exited with status 1:
    '/var/tmp/sochat1/spack-stage/spack-stage-openmpi-1.5.5-vcx4d53vydb2dw6uhdmjl2el3lg3yzhw/spack-src/configure' '--prefix=/p/vast1/build/spack/opt/spack/linux-rhel7-broadwell/gcc-10.2.1/openmpi-1.5.5-vcx4d53vydb2dw6uhdmjl2el3lg3yzhw' '--enable-shared' '--disable-silent-rules' '--disable-builtin-atomics' '--enable-static' '--without-pmi' '--without-fca' '--without-psm2' '--without-mxm' '--without-hcoll' '--without-xpmem' '--without-knem' '--without-cma' '--without-libfabric' '--without-ucx' '--without-psm' '--without-openib' '--without-loadleveler' '--without-tm' '--without-lsf' '--without-alps' '--without-sge' '--without-slurm' '--disable-memchecker' '--with-hwloc=/p/vast1/build/spack/opt/spack/linux-rhel7-broadwell/gcc-10.2.1/hwloc-1.11.13-u34fwahc4tbd77w4csoothe3vdimspeo' '--with-gpfs' '--without-sqlite3' '--disable-mpi-thread-multiple' '--disable-wrapper-rpath' '--disable-mpi-cxx' '--disable-cxx-exceptions'

9 errors found in build log:
     40       checking for a BSD-compatible install... /usr/bin/install -c
     41       checking whether build environment is sane... yes
     42       checking for a thread-safe mkdir -p... /usr/bin/mkdir -p
     43       checking for gawk... gawk
     44       checking whether make sets $(MAKE)... yes
     45       checking for style of include used by make... GNU
  >> 46       configure: error: source directory already configured; run "make 
              distclean" there first
     47       ==> openmpi: Executing phase: 'build'
     48       ==> [2022-02-25-14:12:27.221739] 'make' '-j2' 'V=1'
     49       Making all in config
     50       make[1]: Entering directory `/tmp/sochat1/spack-stage/spack-stage
              -openmpi-1.5.5-vcx4d53vydb2dw6uhdmjl2el3lg3yzhw/spack-src/config'
     51       make[1]: Nothing to be done for `all'.
     52       make[1]: Leaving directory `/tmp/sochat1/spack-stage/spack-stage-
              openmpi-1.5.5-vcx4d53vydb2dw6uhdmjl2el3lg3yzhw/spack-src/config'

     ...

     11712    
     11713       16 |   call MPI_Comm_spawn_multiple(count, array_of_commands, 
              array_of_argv, &
     11714          |                                                         2
     11715    ......
     11716       36 |   call MPI_Comm_spawn_multiple(count, array_of_commands, 
              array_of_argv, &
     11717          |                                                         1
  >> 11718    Error: Type mismatch between actual argument at (1) and actual ar
              gument at (2) (REAL(8)/CHARACTER(*)).
  >> 11719    make[4]: *** [mpi_comm_spawn_multiple_f90.lo] Error 1
     11720    make[4]: *** Waiting for unfinished jobs....
     11721    mpi_testall_f90.f90:22:51:
     11722    
     11723       10 |   call MPI_Testall(count, array_of_requests, flag, array_
              of_statuses, ierr)
     11724          |                                                   2
     11725    ......
     11726       22 |   call MPI_Testall(count, array_of_requests, flag, array_
              of_statuses, ierr)
     11727          |                                                   1
  >> 11728    Error: Type mismatch between actual argument at (1) and actual ar
              gument at (2) (REAL(8)/INTEGER(4)).
  >> 11729    make[4]: *** [mpi_testall_f90.lo] Error 1
     11730    make[4]: Leaving directory `/tmp/sochat1/spack-stage/spack-stage-
              openmpi-1.5.5-vcx4d53vydb2dw6uhdmjl2el3lg3yzhw/spack-src/ompi/mpi
              /f90'
  >> 11731    make[3]: *** [all-recursive] Error 1
     11732    make[3]: Leaving directory `/tmp/sochat1/spack-stage/spack-stage-
              openmpi-1.5.5-vcx4d53vydb2dw6uhdmjl2el3lg3yzhw/spack-src/ompi/mpi
              /f90'
  >> 11733    make[2]: *** [all] Error 2
     11734    make[2]: Leaving directory `/tmp/sochat1/spack-stage/spack-stage-
              openmpi-1.5.5-vcx4d53vydb2dw6uhdmjl2el3lg3yzhw/spack-src/ompi/mpi
              /f90'
  >> 11735    make[1]: *** [all-recursive] Error 1
     11736    make[1]: Leaving directory `/tmp/sochat1/spack-stage/spack-stage-
              openmpi-1.5.5-vcx4d53vydb2dw6uhdmjl2el3lg3yzhw/spack-src/ompi'
  >> 11737    make: *** [all-recursive] Error 1

See build log for details:
  /var/tmp/sochat1/spack-stage/spack-stage-openmpi-1.5.5-vcx4d53vydb2dw6uhdmjl2el3lg3yzhw/spack-build-out.txt

Making predictions for symbolator
Making predictions for libabigail
Making predictions for actual
==> Error: ProcessError: Command exited with status 1:
    '/var/tmp/sochat1/spack-stage/spack-stage-openmpi-1.5.5-vcx4d53vydb2dw6uhdmjl2el3lg3yzhw/spack-src/configure' '--prefix=/p/vast1/build/spack/opt/spack/linux-rhel7-broadwell/gcc-10.2.1/openmpi-1.5.5-vcx4d53vydb2dw6uhdmjl2el3lg3yzhw' '--enable-shared' '--disable-silent-rules' '--disable-builtin-atomics' '--enable-static' '--without-pmi' '--without-xpmem' '--without-libfabric' '--without-cma' '--without-ucx' '--without-hcoll' '--without-knem' '--without-openib' '--without-fca' '--without-psm2' '--without-mxm' '--without-psm' '--without-lsf' '--without-slurm' '--without-loadleveler' '--without-tm' '--without-alps' '--without-sge' '--disable-memchecker' '--with-hwloc=/p/vast1/build/spack/opt/spack/linux-rhel7-broadwell/gcc-10.2.1/hwloc-1.11.13-u34fwahc4tbd77w4csoothe3vdimspeo' '--with-gpfs' '--without-sqlite3' '--disable-mpi-thread-multiple' '--disable-wrapper-rpath' '--disable-mpi-cxx' '--disable-cxx-exceptions'

15 errors found in build log:
     40       checking for a BSD-compatible install... /usr/bin/install -c
     41       checking whether build environment is sane... yes
     42       checking for a thread-safe mkdir -p... /usr/bin/mkdir -p
     43       checking for gawk... gawk
     44       checking whether make sets $(MAKE)... yes
     45       checking for style of include used by make... GNU
  >> 46       configure: error: source directory already configured; run "make 
              distclean" there first
     47       ==> openmpi: Executing phase: 'build'
     48       ==> [2022-03-03-09:21:53.976644] 'make' '-j16' 'V=1'
     49       Making all in config
     50       make[1]: Entering directory `/tmp/sochat1/spack-stage/spack-stage
              -openmpi-1.5.5-vcx4d53vydb2dw6uhdmjl2el3lg3yzhw/spack-src/config'
     51       make[1]: Nothing to be done for `all'.
     52       make[1]: Leaving directory `/tmp/sochat1/spack-stage/spack-stage-
              openmpi-1.5.5-vcx4d53vydb2dw6uhdmjl2el3lg3yzhw/spack-src/config'

     ...

     11720    
     11721       12 |   call MPI_Testsome(incount, array_of_requests, outcount,
               array_of_indices, array_of_statuses, ierr)
     11722          |                                                          
                                2
     11723    ......
     11724       26 |   call MPI_Testsome(incount, array_of_requests, outcount,
               array_of_indices, array_of_statuses, ierr)
     11725          |                                                          
                                1
  >> 11726    Error: Type mismatch between actual argument at (1) and actual ar
              gument at (2) (REAL(8)/INTEGER(4)).
     11727    mpi_waitsome_f90.f90:26:76:
     11728    
     11729       12 |   call MPI_Waitsome(incount, array_of_requests, outcount,
               array_of_indices, array_of_statuses, ierr)
     11730          |                                                          
                                2
     11731    ......
     11732       26 |   call MPI_Waitsome(incount, array_of_requests, outcount,
               array_of_indices, array_of_statuses, ierr)
     11733          |                                                          
                                1
  >> 11734    Error: Type mismatch between actual argument at (1) and actual ar
              gument at (2) (REAL(8)/INTEGER(4)).
     11735    mpi_testall_f90.f90:22:51:
     11736    
     11737       10 |   call MPI_Testall(count, array_of_requests, flag, array_
              of_statuses, ierr)
     11738          |                                                   2
     11739    ......
     11740       22 |   call MPI_Testall(count, array_of_requests, flag, array_
              of_statuses, ierr)
     11741          |                                                   1
  >> 11742    Error: Type mismatch between actual argument at (1) and actual ar
              gument at (2) (REAL(8)/INTEGER(4)).
     11743    mpi_comm_spawn_multiple_f90.f90:36:57:
     11744    
     11745       16 |   call MPI_Comm_spawn_multiple(count, array_of_commands, 
              array_of_argv, &
     11746          |                                                         2
     11747    ......
     11748       36 |   call MPI_Comm_spawn_multiple(count, array_of_commands, 
              array_of_argv, &
     11749          |                                                         1
  >> 11750    Error: Type mismatch between actual argument at (1) and actual ar
              gument at (2) (REAL(8)/CHARACTER(*)).
     11751    mpi_waitall_f90.f90:18:45:
     11752    
     11753        8 |   call MPI_Waitall(count, array_of_requests, array_of_sta
              tuses, ierr)
     11754          |                                             2
     11755    ......
     11756       18 |   call MPI_Waitall(count, array_of_requests, array_of_sta
              tuses, ierr)
     11757          |                                             1
  >> 11758    Error: Type mismatch between actual argument at (1) and actual ar
              gument at (2) (REAL(8)/INTEGER(4)).
  >> 11759    make[4]: *** [mpi_testsome_f90.lo] Error 1
     11760    make[4]: *** Waiting for unfinished jobs....
  >> 11761    make[4]: *** [mpi_testall_f90.lo] Error 1
  >> 11762    make[4]: *** [mpi_waitsome_f90.lo] Error 1
  >> 11763    make[4]: *** [mpi_comm_spawn_multiple_f90.lo] Error 1
  >> 11764    make[4]: *** [mpi_waitall_f90.lo] Error 1
     11765    libtool: compile:  /p/vast1/build/spack/lib/spack/env/gcc/gfortra
              n -I../../../ompi/include -I/var/tmp/sochat1/spack-stage/spack-st
              age-openmpi-1.5.5-vcx4d53vydb2dw6uhdmjl2el3lg3yzhw/spack-src/ompi
              /include -I. -I/var/tmp/sochat1/spack-stage/spack-stage-openmpi-1
              .5.5-vcx4d53vydb2dw6uhdmjl2el3lg3yzhw/spack-src/ompi/mpi/f90 -I..
              /../../ompi/mpi/f90 -c mpi_wtick_f90.f90 -o mpi_wtick_f90.o >/dev
              /null 2>&1
     11766    libtool: compile:  /p/vast1/build/spack/lib/spack/env/gcc/gfortra
              n -I../../../ompi/include -I/var/tmp/sochat1/spack-stage/spack-st
              age-openmpi-1.5.5-vcx4d53vydb2dw6uhdmjl2el3lg3yzhw/spack-src/ompi
              /include -I. -I/var/tmp/sochat1/spack-stage/spack-stage-openmpi-1
              .5.5-vcx4d53vydb2dw6uhdmjl2el3lg3yzhw/spack-src/ompi/mpi/f90 -I..
              /../../ompi/mpi/f90 -c mpi_wtime_f90.f90 -o mpi_wtime_f90.o >/dev
              /null 2>&1
     11767    libtool: compile:  /p/vast1/build/spack/lib/spack/env/gcc/gfortra
              n -I../../../ompi/include -I/var/tmp/sochat1/spack-stage/spack-st
              age-openmpi-1.5.5-vcx4d53vydb2dw6uhdmjl2el3lg3yzhw/spack-src/ompi
              /include -I. -I/var/tmp/sochat1/spack-stage/spack-stage-openmpi-1
              .5.5-vcx4d53vydb2dw6uhdmjl2el3lg3yzhw/spack-src/ompi/mpi/f90 -I..
              /../../ompi/mpi/f90 -c mpi_sizeof.f90 -o mpi_sizeof.o >/dev/null 
              2>&1
     11768    libtool: compile:  /p/vast1/build/spack/lib/spack/env/gcc/gfortra
              n -I../../../ompi/include -I/var/tmp/sochat1/spack-stage/spack-st
              age-openmpi-1.5.5-vcx4d53vydb2dw6uhdmjl2el3lg3yzhw/spack-src/ompi
              /include -I. -I/var/tmp/sochat1/spack-stage/spack-stage-openmpi-1
              .5.5-vcx4d53vydb2dw6uhdmjl2el3lg3yzhw/spack-src/ompi/mpi/f90 -I..
              /../../ompi/mpi/f90 -c mpi.f90 -o mpi.o >/dev/null 2>&1
     11769    make[4]: Leaving directory `/tmp/sochat1/spack-stage/spack-stage-
              openmpi-1.5.5-vcx4d53vydb2dw6uhdmjl2el3lg3yzhw/spack-src/ompi/mpi
              /f90'
  >> 11770    make[3]: *** [all-recursive] Error 1
     11771    make[3]: Leaving directory `/tmp/sochat1/spack-stage/spack-stage-
              openmpi-1.5.5-vcx4d53vydb2dw6uhdmjl2el3lg3yzhw/spack-src/ompi/mpi
              /f90'
  >> 11772    make[2]: *** [all] Error 2
     11773    make[2]: Leaving directory `/tmp/sochat1/spack-stage/spack-stage-
              openmpi-1.5.5-vcx4d53vydb2dw6uhdmjl2el3lg3yzhw/spack-src/ompi/mpi
              /f90'
  >> 11774    make[1]: *** [all-recursive] Error 1
     11775    make[1]: Leaving directory `/tmp/sochat1/spack-stage/spack-stage-
              openmpi-1.5.5-vcx4d53vydb2dw6uhdmjl2el3lg3yzhw/spack-src/ompi'
  >> 11776    make: *** [all-recursive] Error 1

See build log for details:
  /var/tmp/sochat1/spack-stage/spack-stage-openmpi-1.5.5-vcx4d53vydb2dw6uhdmjl2el3lg3yzhw/spack-build-out.txt

Making predictions for spack-test
Making predictions for symbolator
Making predictions for libabigail
abicompat not found on path, will look for spack instead.
Making predictions for actual
