==> Error: ProcessError: Command exited with status 1:
    '/var/tmp/sochat1/spack-stage/spack-stage-openmpi-1.0-lju4cxsmi6oeplxirokndt2snyit3u3e/spack-src/configure' '--prefix=/p/vast1/build/spack/opt/spack/linux-rhel7-broadwell/gcc-10.2.1/openmpi-1.0-lju4cxsmi6oeplxirokndt2snyit3u3e' '--enable-shared' '--disable-silent-rules' '--disable-builtin-atomics' '--enable-static' '--without-pmi' '--without-ucx' '--without-xpmem' '--without-psm2' '--without-cma' '--without-openib' '--without-libfabric' '--without-psm' '--without-hcoll' '--without-knem' '--without-mxm' '--without-fca' '--without-tm' '--without-alps' '--without-sge' '--without-slurm' '--without-loadleveler' '--without-lsf' '--disable-memchecker' '--with-gpfs' '--without-sqlite3' '--disable-wrapper-rpath' '--disable-mpi-cxx' '--disable-cxx-exceptions'

7 errors found in build log:
     2      ==> openmpi: Executing phase: 'configure'
     3      ==> [2022-02-26-04:42:02.611800] '/var/tmp/sochat1/spack-stage/spac
            k-stage-openmpi-1.0-lju4cxsmi6oeplxirokndt2snyit3u3e/spack-src/conf
            igure' '--prefix=/p/vast1/build/spack/opt/spack/linux-rhel7-broadwe
            ll/gcc-10.2.1/openmpi-1.0-lju4cxsmi6oeplxirokndt2snyit3u3e' '--enab
            le-shared' '--disable-silent-rules' '--disable-builtin-atomics' '--
            enable-static' '--without-pmi' '--without-ucx' '--without-xpmem' '-
            -without-psm2' '--without-cma' '--without-openib' '--without-libfab
            ric' '--without-psm' '--without-hcoll' '--without-knem' '--without-
            mxm' '--without-fca' '--without-tm' '--without-alps' '--without-sge
            ' '--without-slurm' '--without-loadleveler' '--without-lsf' '--disa
            ble-memchecker' '--with-gpfs' '--without-sqlite3' '--disable-wrappe
            r-rpath' '--disable-mpi-cxx' '--disable-cxx-exceptions'
     4      checking for a BSD-compatible install... /usr/bin/install -c
     5      checking whether build environment is sane... yes
     6      checking for gawk... gawk
     7      checking whether make sets $(MAKE)... yes
  >> 8      configure: error: source directory already configured; run "make di
            stclean" there first
     9      ==> openmpi: Executing phase: 'build'
     10     ==> [2022-02-25-20:58:37.576746] 'make' '-j2' 'V=1'
     11     Making all in config
     12     make[1]: Entering directory `/tmp/sochat1/spack-stage/spack-stage-o
            penmpi-1.0-lju4cxsmi6oeplxirokndt2snyit3u3e/spack-src/config'
     13     make[1]: Nothing to be done for `all'.
     14     make[1]: Leaving directory `/tmp/sochat1/spack-stage/spack-stage-op
            enmpi-1.0-lju4cxsmi6oeplxirokndt2snyit3u3e/spack-src/config'

     ...

     388    depbase=`echo memory_malloc_hooks_component.lo | sed 's|[^/]*$|.dep
            s/&|;s|\.lo$||'`; \
     389    if /bin/sh ../../../../libtool --tag=CC --mode=compile /p/vast1/bui
            ld/spack/lib/spack/env/gcc/gcc -DHAVE_CONFIG_H -I. -I/var/tmp/socha
            t1/spack-stage/spack-stage-openmpi-1.0-lju4cxsmi6oeplxirokndt2snyit
            3u3e/spack-src/opal/mca/memory/malloc_hooks -I../../../../include -
            I../../../../include   -I/var/tmp/sochat1/spack-stage/spack-stage-o
            penmpi-1.0-lju4cxsmi6oeplxirokndt2snyit3u3e/spack-src/include -I/va
            r/tmp/sochat1/spack-stage/spack-stage-openmpi-1.0-lju4cxsmi6oeplxir
            okndt2snyit3u3e/spack-src -I../../../.. -I../../../../include -I/va
            r/tmp/sochat1/spack-stage/spack-stage-openmpi-1.0-lju4cxsmi6oeplxir
            okndt2snyit3u3e/spack-src/opal -I/var/tmp/sochat1/spack-stage/spack
            -stage-openmpi-1.0-lju4cxsmi6oeplxirokndt2snyit3u3e/spack-src/orte 
            -I/var/tmp/sochat1/spack-stage/spack-stage-openmpi-1.0-lju4cxsmi6oe
            plxirokndt2snyit3u3e/spack-src/ompi    -O3 -DNDEBUG -fno-strict-ali
            asing -pthread -MT memory_malloc_hooks_component.lo -MD -MP -MF "$d
            epbase.Tpo" -c -o memory_malloc_hooks_component.lo memory_malloc_ho
            oks_component.c; \
     390    then mv -f "$depbase.Tpo" "$depbase.Plo"; else rm -f "$depbase.Tpo"
            ; exit 1; fi
     391    mkdir .libs
     392     /p/vast1/build/spack/lib/spack/env/gcc/gcc -DHAVE_CONFIG_H -I. -I/
            var/tmp/sochat1/spack-stage/spack-stage-openmpi-1.0-lju4cxsmi6oeplx
            irokndt2snyit3u3e/spack-src/opal/mca/memory/malloc_hooks -I../../..
            /../include -I../../../../include -I/var/tmp/sochat1/spack-stage/sp
            ack-stage-openmpi-1.0-lju4cxsmi6oeplxirokndt2snyit3u3e/spack-src/in
            clude -I/var/tmp/sochat1/spack-stage/spack-stage-openmpi-1.0-lju4cx
            smi6oeplxirokndt2snyit3u3e/spack-src -I../../../.. -I../../../../in
            clude -I/var/tmp/sochat1/spack-stage/spack-stage-openmpi-1.0-lju4cx
            smi6oeplxirokndt2snyit3u3e/spack-src/opal -I/var/tmp/sochat1/spack-
            stage/spack-stage-openmpi-1.0-lju4cxsmi6oeplxirokndt2snyit3u3e/spac
            k-src/orte -I/var/tmp/sochat1/spack-stage/spack-stage-openmpi-1.0-l
            ju4cxsmi6oeplxirokndt2snyit3u3e/spack-src/ompi -O3 -DNDEBUG -fno-st
            rict-aliasing -pthread -MT memory_malloc_hooks.lo -MD -MP -MF .deps
            /memory_malloc_hooks.Tpo -c memory_malloc_hooks.c  -fPIC -DPIC -o .
            libs/memory_malloc_hooks.o
     393     /p/vast1/build/spack/lib/spack/env/gcc/gcc -DHAVE_CONFIG_H -I. -I/
            var/tmp/sochat1/spack-stage/spack-stage-openmpi-1.0-lju4cxsmi6oeplx
            irokndt2snyit3u3e/spack-src/opal/mca/memory/malloc_hooks -I../../..
            /../include -I../../../../include -I/var/tmp/sochat1/spack-stage/sp
            ack-stage-openmpi-1.0-lju4cxsmi6oeplxirokndt2snyit3u3e/spack-src/in
            clude -I/var/tmp/sochat1/spack-stage/spack-stage-openmpi-1.0-lju4cx
            smi6oeplxirokndt2snyit3u3e/spack-src -I../../../.. -I../../../../in
            clude -I/var/tmp/sochat1/spack-stage/spack-stage-openmpi-1.0-lju4cx
            smi6oeplxirokndt2snyit3u3e/spack-src/opal -I/var/tmp/sochat1/spack-
            stage/spack-stage-openmpi-1.0-lju4cxsmi6oeplxirokndt2snyit3u3e/spac
            k-src/orte -I/var/tmp/sochat1/spack-stage/spack-stage-openmpi-1.0-l
            ju4cxsmi6oeplxirokndt2snyit3u3e/spack-src/ompi -O3 -DNDEBUG -fno-st
            rict-aliasing -pthread -MT memory_malloc_hooks_component.lo -MD -MP
             -MF .deps/memory_malloc_hooks_component.Tpo -c memory_malloc_hooks
            _component.c  -fPIC -DPIC -o .libs/memory_malloc_hooks_component.o
  >> 394    memory_malloc_hooks.c:34:8: error: conflicting type qualifiers for 
            '__malloc_initialize_hook'
     395       34 | void (*__malloc_initialize_hook) (void) = opal_memory_mallo
            c_hooks_init;
     396          |        ^~~~~~~~~~~~~~~~~~~~~~~~
     397    In file included from memory_malloc_hooks.c:24:
     398    /usr/include/malloc.h:169:38: note: previous declaration of '__mall
            oc_initialize_hook' was here
     399      169 | extern void (*__MALLOC_HOOK_VOLATILE __malloc_initialize_ho
            ok) (void)
     400          |                                      ^~~~~~~~~~~~~~~~~~~~~~
            ~~

     ...

     468       98 |     __realloc_hook = opal_mem_free_realloc_hook;
     469          |     ^~~~~~~~~~~~~~
     470    In file included from memory_malloc_hooks.c:24:
     471    /usr/include/malloc.h:178:39: note: declared here
     472      178 | extern void *(*__MALLOC_HOOK_VOLATILE __realloc_hook) (void
             *__ptr,
     473          |                                       ^~~~~~~~~~~~~~
  >> 474    make[4]: *** [memory_malloc_hooks.lo] Error 1
     475    make[4]: *** Waiting for unfinished jobs....
     476     /p/vast1/build/spack/lib/spack/env/gcc/gcc -DHAVE_CONFIG_H -I. -I/
            var/tmp/sochat1/spack-stage/spack-stage-openmpi-1.0-lju4cxsmi6oeplx
            irokndt2snyit3u3e/spack-src/opal/mca/memory/malloc_hooks -I../../..
            /../include -I../../../../include -I/var/tmp/sochat1/spack-stage/sp
            ack-stage-openmpi-1.0-lju4cxsmi6oeplxirokndt2snyit3u3e/spack-src/in
            clude -I/var/tmp/sochat1/spack-stage/spack-stage-openmpi-1.0-lju4cx
            smi6oeplxirokndt2snyit3u3e/spack-src -I../../../.. -I../../../../in
            clude -I/var/tmp/sochat1/spack-stage/spack-stage-openmpi-1.0-lju4cx
            smi6oeplxirokndt2snyit3u3e/spack-src/opal -I/var/tmp/sochat1/spack-
            stage/spack-stage-openmpi-1.0-lju4cxsmi6oeplxirokndt2snyit3u3e/spac
            k-src/orte -I/var/tmp/sochat1/spack-stage/spack-stage-openmpi-1.0-l
            ju4cxsmi6oeplxirokndt2snyit3u3e/spack-src/ompi -O3 -DNDEBUG -fno-st
            rict-aliasing -pthread -MT memory_malloc_hooks_component.lo -MD -MP
             -MF .deps/memory_malloc_hooks_component.Tpo -c memory_malloc_hooks
            _component.c -o memory_malloc_hooks_component.o >/dev/null 2>&1
     477    make[4]: Leaving directory `/tmp/sochat1/spack-stage/spack-stage-op
            enmpi-1.0-lju4cxsmi6oeplxirokndt2snyit3u3e/spack-src/opal/mca/memor
            y/malloc_hooks'
  >> 478    make[3]: *** [all-recursive] Error 1
     479    make[3]: Leaving directory `/tmp/sochat1/spack-stage/spack-stage-op
            enmpi-1.0-lju4cxsmi6oeplxirokndt2snyit3u3e/spack-src/opal/mca/memor
            y'
  >> 480    make[2]: *** [all-recursive] Error 1
     481    make[2]: Leaving directory `/tmp/sochat1/spack-stage/spack-stage-op
            enmpi-1.0-lju4cxsmi6oeplxirokndt2snyit3u3e/spack-src/opal/mca'
  >> 482    make[1]: *** [all-recursive] Error 1
     483    make[1]: Leaving directory `/tmp/sochat1/spack-stage/spack-stage-op
            enmpi-1.0-lju4cxsmi6oeplxirokndt2snyit3u3e/spack-src/opal'
  >> 484    make: *** [all-recursive] Error 1

See build log for details:
  /var/tmp/sochat1/spack-stage/spack-stage-openmpi-1.0-lju4cxsmi6oeplxirokndt2snyit3u3e/spack-build-out.txt

Making predictions for symbolator
Making predictions for libabigail
Making predictions for actual
==> Error: ProcessError: Command exited with status 2:
    'make' '-j16' 'V=1'

6 errors found in build log:
     2213    then mv -f "$depbase.Tpo" "$depbase.Plo"; else rm -f "$depbase.Tpo
             "; exit 1; fi
     2214    mkdir .libs
     2215    mkdir .libs
     2216    mkdir: cannot create directory '.libs': File exists
     2217     /p/vast1/build/spack/lib/spack/env/gcc/gcc -DHAVE_CONFIG_H -I. -I
             /var/tmp/sochat1/spack-stage/spack-stage-openmpi-1.0-lju4cxsmi6oep
             lxirokndt2snyit3u3e/spack-src/opal/mca/memory/malloc_hooks -I../..
             /../../include -I../../../../include -I/var/tmp/sochat1/spack-stag
             e/spack-stage-openmpi-1.0-lju4cxsmi6oeplxirokndt2snyit3u3e/spack-s
             rc/include -I/var/tmp/sochat1/spack-stage/spack-stage-openmpi-1.0-
             lju4cxsmi6oeplxirokndt2snyit3u3e/spack-src -I../../../.. -I../../.
             ./../include -I/var/tmp/sochat1/spack-stage/spack-stage-openmpi-1.
             0-lju4cxsmi6oeplxirokndt2snyit3u3e/spack-src/opal -I/var/tmp/socha
             t1/spack-stage/spack-stage-openmpi-1.0-lju4cxsmi6oeplxirokndt2snyi
             t3u3e/spack-src/orte -I/var/tmp/sochat1/spack-stage/spack-stage-op
             enmpi-1.0-lju4cxsmi6oeplxirokndt2snyit3u3e/spack-src/ompi -O3 -DND
             EBUG -fno-strict-aliasing -pthread -MT memory_malloc_hooks_compone
             nt.lo -MD -MP -MF .deps/memory_malloc_hooks_component.Tpo -c memor
             y_malloc_hooks_component.c  -fPIC -DPIC -o .libs/memory_malloc_hoo
             ks_component.o
     2218     /p/vast1/build/spack/lib/spack/env/gcc/gcc -DHAVE_CONFIG_H -I. -I
             /var/tmp/sochat1/spack-stage/spack-stage-openmpi-1.0-lju4cxsmi6oep
             lxirokndt2snyit3u3e/spack-src/opal/mca/memory/malloc_hooks -I../..
             /../../include -I../../../../include -I/var/tmp/sochat1/spack-stag
             e/spack-stage-openmpi-1.0-lju4cxsmi6oeplxirokndt2snyit3u3e/spack-s
             rc/include -I/var/tmp/sochat1/spack-stage/spack-stage-openmpi-1.0-
             lju4cxsmi6oeplxirokndt2snyit3u3e/spack-src -I../../../.. -I../../.
             ./../include -I/var/tmp/sochat1/spack-stage/spack-stage-openmpi-1.
             0-lju4cxsmi6oeplxirokndt2snyit3u3e/spack-src/opal -I/var/tmp/socha
             t1/spack-stage/spack-stage-openmpi-1.0-lju4cxsmi6oeplxirokndt2snyi
             t3u3e/spack-src/orte -I/var/tmp/sochat1/spack-stage/spack-stage-op
             enmpi-1.0-lju4cxsmi6oeplxirokndt2snyit3u3e/spack-src/ompi -O3 -DND
             EBUG -fno-strict-aliasing -pthread -MT memory_malloc_hooks.lo -MD 
             -MP -MF .deps/memory_malloc_hooks.Tpo -c memory_malloc_hooks.c  -f
             PIC -DPIC -o .libs/memory_malloc_hooks.o
  >> 2219    memory_malloc_hooks.c:34:8: error: conflicting type qualifiers for
              '__malloc_initialize_hook'
     2220       34 | void (*__malloc_initialize_hook) (void) = opal_memory_mall
             oc_hooks_init;
     2221          |        ^~~~~~~~~~~~~~~~~~~~~~~~
     2222    In file included from memory_malloc_hooks.c:24:
     2223    /usr/include/malloc.h:169:38: note: previous declaration of '__mal
             loc_initialize_hook' was here
     2224      169 | extern void (*__MALLOC_HOOK_VOLATILE __malloc_initialize_h
             ook) (void)
     2225          |                                      ^~~~~~~~~~~~~~~~~~~~~
             ~~~

     ...

     2293       98 |     __realloc_hook = opal_mem_free_realloc_hook;
     2294          |     ^~~~~~~~~~~~~~
     2295    In file included from memory_malloc_hooks.c:24:
     2296    /usr/include/malloc.h:178:39: note: declared here
     2297      178 | extern void *(*__MALLOC_HOOK_VOLATILE __realloc_hook) (voi
             d *__ptr,
     2298          |                                       ^~~~~~~~~~~~~~
  >> 2299    make[4]: *** [memory_malloc_hooks.lo] Error 1
     2300    make[4]: *** Waiting for unfinished jobs....
     2301     /p/vast1/build/spack/lib/spack/env/gcc/gcc -DHAVE_CONFIG_H -I. -I
             /var/tmp/sochat1/spack-stage/spack-stage-openmpi-1.0-lju4cxsmi6oep
             lxirokndt2snyit3u3e/spack-src/opal/mca/memory/malloc_hooks -I../..
             /../../include -I../../../../include -I/var/tmp/sochat1/spack-stag
             e/spack-stage-openmpi-1.0-lju4cxsmi6oeplxirokndt2snyit3u3e/spack-s
             rc/include -I/var/tmp/sochat1/spack-stage/spack-stage-openmpi-1.0-
             lju4cxsmi6oeplxirokndt2snyit3u3e/spack-src -I../../../.. -I../../.
             ./../include -I/var/tmp/sochat1/spack-stage/spack-stage-openmpi-1.
             0-lju4cxsmi6oeplxirokndt2snyit3u3e/spack-src/opal -I/var/tmp/socha
             t1/spack-stage/spack-stage-openmpi-1.0-lju4cxsmi6oeplxirokndt2snyi
             t3u3e/spack-src/orte -I/var/tmp/sochat1/spack-stage/spack-stage-op
             enmpi-1.0-lju4cxsmi6oeplxirokndt2snyit3u3e/spack-src/ompi -O3 -DND
             EBUG -fno-strict-aliasing -pthread -MT memory_malloc_hooks_compone
             nt.lo -MD -MP -MF .deps/memory_malloc_hooks_component.Tpo -c memor
             y_malloc_hooks_component.c -o memory_malloc_hooks_component.o >/de
             v/null 2>&1
     2302    make[4]: Leaving directory `/tmp/sochat1/spack-stage/spack-stage-o
             penmpi-1.0-lju4cxsmi6oeplxirokndt2snyit3u3e/spack-src/opal/mca/mem
             ory/malloc_hooks'
  >> 2303    make[3]: *** [all-recursive] Error 1
     2304    make[3]: Leaving directory `/tmp/sochat1/spack-stage/spack-stage-o
             penmpi-1.0-lju4cxsmi6oeplxirokndt2snyit3u3e/spack-src/opal/mca/mem
             ory'
  >> 2305    make[2]: *** [all-recursive] Error 1
     2306    make[2]: Leaving directory `/tmp/sochat1/spack-stage/spack-stage-o
             penmpi-1.0-lju4cxsmi6oeplxirokndt2snyit3u3e/spack-src/opal/mca'
  >> 2307    make[1]: *** [all-recursive] Error 1
     2308    make[1]: Leaving directory `/tmp/sochat1/spack-stage/spack-stage-o
             penmpi-1.0-lju4cxsmi6oeplxirokndt2snyit3u3e/spack-src/opal'
  >> 2309    make: *** [all-recursive] Error 1

See build log for details:
  /var/tmp/sochat1/spack-stage/spack-stage-openmpi-1.0-lju4cxsmi6oeplxirokndt2snyit3u3e/spack-build-out.txt

Making predictions for spack-test
Making predictions for symbolator
Making predictions for libabigail
abicompat not found on path, will look for spack instead.
Making predictions for actual
