==> Error: Failed to upgrade to a write lock for openssh-7.9p1-cehat7jbrnl2rjln3ggidredhodl7syp due to LockUpgradeError: Cannot upgrade lock from read to write on file: /p/vast1/build/spack/opt/spack/.spack-db/prefix_lock
==> Warning: AssertionError exception when releasing read lock for openssh-7.9p1-cehat7jbrnl2rjln3ggidredhodl7syp: 
==> Warning: using "openssl@1.0.2u" which is a deprecated version
==> Warning: openssl-1.0.2u-jg3ilhwnnge5yk5gd46f7izmlwt6izi2 failed to install
==> Warning: Skipping build of openssh-7.6p1-w373w7jvg7bdzhokbfaohznyyuqn5vpp since openssl-1.0.2u-jg3ilhwnnge5yk5gd46f7izmlwt6izi2 failed
==> Warning: AssertionError exception when releasing read lock for openssl-1.0.2u-jg3ilhwnnge5yk5gd46f7izmlwt6izi2: 
==> Error: openssh-7.6p1-w373w7jvg7bdzhokbfaohznyyuqn5vpp: Package was not installed
==> Warning: using "openssl@1.0.2u" which is a deprecated version
==> Warning: openssl-1.0.2u-jg3ilhwnnge5yk5gd46f7izmlwt6izi2 failed to install
==> Warning: Skipping build of openssh-7.5p1-u4hp6bp4tiv4ja4yxlklhrorntc3tahp since openssl-1.0.2u-jg3ilhwnnge5yk5gd46f7izmlwt6izi2 failed
==> Warning: AssertionError exception when releasing read lock for openssl-1.0.2u-jg3ilhwnnge5yk5gd46f7izmlwt6izi2: 
==> Error: openssh-7.5p1-u4hp6bp4tiv4ja4yxlklhrorntc3tahp: Package was not installed
==> Warning: using "openssl@1.0.2u" which is a deprecated version
==> Warning: openssl-1.0.2u-jg3ilhwnnge5yk5gd46f7izmlwt6izi2 failed to install
==> Warning: Skipping build of openssh-7.4p1-sbgjhkkcv2u3q6uxaupvii6ca6fq6rje since openssl-1.0.2u-jg3ilhwnnge5yk5gd46f7izmlwt6izi2 failed
==> Warning: AssertionError exception when releasing read lock for openssl-1.0.2u-jg3ilhwnnge5yk5gd46f7izmlwt6izi2: 
==> Error: openssh-7.4p1-sbgjhkkcv2u3q6uxaupvii6ca6fq6rje: Package was not installed
==> Warning: using "openssl@1.0.2u" which is a deprecated version
==> Error: Failed to upgrade to a write lock for openssl-1.0.2u-jg3ilhwnnge5yk5gd46f7izmlwt6izi2 due to LockUpgradeError: Cannot upgrade lock from read to write on file: /p/vast1/build/spack/opt/spack/.spack-db/prefix_lock
==> Warning: AssertionError exception when releasing read lock for openssl-1.0.2u-jg3ilhwnnge5yk5gd46f7izmlwt6izi2: 
==> Warning: using "openssl@1.0.2u" which is a deprecated version
==> Warning: openssl@1.0.2u is deprecated and may be removed in a future Spack release.
==> Error: FetchError: Will not fetch openssl@1.0.2u
    If you are willing to be a maintainer for this version of the package, submit a PR to remove `deprecated=False`, or use `--deprecated` to skip this check.

/p/vast1/build/spack/lib/spack/spack/package.py:1395, in do_fetch:
       1392                        dp_msg))
       1393
       1394            if not ignore_deprecation:
  >>   1395                raise FetchError("Will not fetch {0}".format(
       1396                    self.spec.format('{name}{@version}')), dp_msg)
       1397
       1398        self.stage.create()


==> Warning: Skipping build of openssh-7.2p2-b6hitlsbslvsiaea4lygrprl4anfjlyu since openssl-1.0.2u-jg3ilhwnnge5yk5gd46f7izmlwt6izi2 failed
==> Error: openssh-7.2p2-b6hitlsbslvsiaea4lygrprl4anfjlyu: Package was not installed
==> Warning: using "openssl@1.0.2u" which is a deprecated version
==> Warning: using "openssl@1.0.2u" which is a deprecated version
==> Warning: openssl@1.0.2u is deprecated and may be removed in a future Spack release.
==> Error: FetchError: Will not fetch openssl@1.0.2u
    If you are willing to be a maintainer for this version of the package, submit a PR to remove `deprecated=False`, or use `--deprecated` to skip this check.

/p/vast1/build/spack/lib/spack/spack/package.py:1395, in do_fetch:
       1392                        dp_msg))
       1393
       1394            if not ignore_deprecation:
  >>   1395                raise FetchError("Will not fetch {0}".format(
       1396                    self.spec.format('{name}{@version}')), dp_msg)
       1397
       1398        self.stage.create()


==> Warning: Skipping build of openssh-7.0p1-4rhq7lhltizwaunc4exmkpzttjkogwsx since openssl-1.0.2u-jg3ilhwnnge5yk5gd46f7izmlwt6izi2 failed
==> Error: openssh-7.0p1-4rhq7lhltizwaunc4exmkpzttjkogwsx: Package was not installed
==> Warning: using "openssl@1.0.2u" which is a deprecated version
==> Warning: using "openssl@1.0.2u" which is a deprecated version
==> Warning: openssl-1.0.2u-jg3ilhwnnge5yk5gd46f7izmlwt6izi2 failed to install
==> Warning: Skipping build of openssh-6.8p1-se5qvnkblcigfxk2hbhhv42elsvn75c5 since openssl-1.0.2u-jg3ilhwnnge5yk5gd46f7izmlwt6izi2 failed
==> Warning: AssertionError exception when releasing read lock for openssl-1.0.2u-jg3ilhwnnge5yk5gd46f7izmlwt6izi2: 
==> Error: openssh-6.8p1-se5qvnkblcigfxk2hbhhv42elsvn75c5: Package was not installed
==> Warning: using "openssl@1.0.2u" which is a deprecated version
==> Warning: openssl-1.0.2u-jg3ilhwnnge5yk5gd46f7izmlwt6izi2 failed to install
==> Warning: Skipping build of openssh-6.7p1-hkynbaam3yttwm6xmaz2lkogaov66d3s since openssl-1.0.2u-jg3ilhwnnge5yk5gd46f7izmlwt6izi2 failed
==> Warning: AssertionError exception when releasing read lock for openssl-1.0.2u-jg3ilhwnnge5yk5gd46f7izmlwt6izi2: 
==> Error: openssh-6.7p1-hkynbaam3yttwm6xmaz2lkogaov66d3s: Package was not installed
==> Warning: using "openssl@1.0.2u" which is a deprecated version
==> Warning: openssl@1.0.2u is deprecated and may be removed in a future Spack release.
==> Error: FetchError: Will not fetch openssl@1.0.2u
    If you are willing to be a maintainer for this version of the package, submit a PR to remove `deprecated=False`, or use `--deprecated` to skip this check.

/p/vast1/build/spack/lib/spack/spack/package.py:1395, in do_fetch:
       1392                        dp_msg))
       1393
       1394            if not ignore_deprecation:
  >>   1395                raise FetchError("Will not fetch {0}".format(
       1396                    self.spec.format('{name}{@version}')), dp_msg)
       1397
       1398        self.stage.create()


==> Warning: Skipping build of openssh-6.6p1-ujmnreshhu4pc3aqru5to7bav745kdxz since openssl-1.0.2u-jg3ilhwnnge5yk5gd46f7izmlwt6izi2 failed
==> Error: openssh-6.6p1-ujmnreshhu4pc3aqru5to7bav745kdxz: Package was not installed
Making predictions for symbolator
Making predictions for libabigail
Making predictions for actual
Making predictions for spack-test
Making predictions for symbolator
Making predictions for libabigail
abicompat not found on path, will look for spack instead.
Making predictions for actual
