==> Error: ProcessError: Command exited with status 1:
    '/var/tmp/sochat1/spack-stage/spack-stage-openmpi-1.6-iiykdhphdvpxme62awgttybly2myryyg/spack-src/configure' '--prefix=/p/vast1/build/spack/opt/spack/linux-rhel7-broadwell/gcc-10.2.1/openmpi-1.6-iiykdhphdvpxme62awgttybly2myryyg' '--enable-shared' '--disable-silent-rules' '--disable-builtin-atomics' '--enable-static' '--without-pmi' '--without-psm' '--without-fca' '--without-psm2' '--without-libfabric' '--without-openib' '--without-knem' '--without-mxm' '--without-xpmem' '--without-hcoll' '--without-ucx' '--without-cma' '--without-sge' '--without-slurm' '--without-loadleveler' '--without-alps' '--without-lsf' '--without-tm' '--disable-memchecker' '--with-hwloc=/p/vast1/build/spack/opt/spack/linux-rhel7-broadwell/gcc-10.2.1/hwloc-1.11.13-u34fwahc4tbd77w4csoothe3vdimspeo' '--with-gpfs' '--without-sqlite3' '--disable-mpi-thread-multiple' '--disable-wrapper-rpath' '--disable-mpi-cxx' '--disable-cxx-exceptions'

9 errors found in build log:
     40       checking for a BSD-compatible install... /usr/bin/install -c
     41       checking whether build environment is sane... yes
     42       checking for a thread-safe mkdir -p... /usr/bin/mkdir -p
     43       checking for gawk... gawk
     44       checking whether make sets $(MAKE)... yes
     45       checking for style of include used by make... GNU
  >> 46       configure: error: source directory already configured; run "make 
              distclean" there first
     47       ==> openmpi: Executing phase: 'build'
     48       ==> [2022-02-25-17:50:37.159848] 'make' '-j2' 'V=1'
     49       Making all in config
     50       make[1]: Entering directory `/tmp/sochat1/spack-stage/spack-stage
              -openmpi-1.6-iiykdhphdvpxme62awgttybly2myryyg/spack-src/config'
     51       make[1]: Nothing to be done for `all'.
     52       make[1]: Leaving directory `/tmp/sochat1/spack-stage/spack-stage-
              openmpi-1.6-iiykdhphdvpxme62awgttybly2myryyg/spack-src/config'

     ...

     11708    
     11709       16 |   call MPI_Comm_spawn_multiple(count, array_of_commands, 
              array_of_argv, &
     11710          |                                                         2
     11711    ......
     11712       36 |   call MPI_Comm_spawn_multiple(count, array_of_commands, 
              array_of_argv, &
     11713          |                                                         1
  >> 11714    Error: Type mismatch between actual argument at (1) and actual ar
              gument at (2) (REAL(8)/CHARACTER(*)).
  >> 11715    make[4]: *** [mpi_comm_spawn_multiple_f90.lo] Error 1
     11716    make[4]: *** Waiting for unfinished jobs....
     11717    mpi_testall_f90.f90:22:51:
     11718    
     11719       10 |   call MPI_Testall(count, array_of_requests, flag, array_
              of_statuses, ierr)
     11720          |                                                   2
     11721    ......
     11722       22 |   call MPI_Testall(count, array_of_requests, flag, array_
              of_statuses, ierr)
     11723          |                                                   1
  >> 11724    Error: Type mismatch between actual argument at (1) and actual ar
              gument at (2) (REAL(8)/INTEGER(4)).
  >> 11725    make[4]: *** [mpi_testall_f90.lo] Error 1
     11726    make[4]: Leaving directory `/tmp/sochat1/spack-stage/spack-stage-
              openmpi-1.6-iiykdhphdvpxme62awgttybly2myryyg/spack-src/ompi/mpi/f
              90'
  >> 11727    make[3]: *** [all-recursive] Error 1
     11728    make[3]: Leaving directory `/tmp/sochat1/spack-stage/spack-stage-
              openmpi-1.6-iiykdhphdvpxme62awgttybly2myryyg/spack-src/ompi/mpi/f
              90'
  >> 11729    make[2]: *** [all] Error 2
     11730    make[2]: Leaving directory `/tmp/sochat1/spack-stage/spack-stage-
              openmpi-1.6-iiykdhphdvpxme62awgttybly2myryyg/spack-src/ompi/mpi/f
              90'
  >> 11731    make[1]: *** [all-recursive] Error 1
     11732    make[1]: Leaving directory `/tmp/sochat1/spack-stage/spack-stage-
              openmpi-1.6-iiykdhphdvpxme62awgttybly2myryyg/spack-src/ompi'
  >> 11733    make: *** [all-recursive] Error 1

See build log for details:
  /var/tmp/sochat1/spack-stage/spack-stage-openmpi-1.6-iiykdhphdvpxme62awgttybly2myryyg/spack-build-out.txt

Making predictions for symbolator
Making predictions for libabigail
Making predictions for actual
==> Error: ProcessError: Command exited with status 2:
    'make' '-j16' 'V=1'

24 errors found in build log:
     2168     checking whether linking with -ldl works... yes
     2169     checking whether RTLD_DEFAULT is declared... yes
     2170     checking whether RTLD_NEXT is declared... yes
     2171     checking BPatch.h usability... no
     2172     checking BPatch.h presence... no
     2173     checking for BPatch.h... no
  >> 2174     configure: error: no BPatch.h found; check path for Dyninst packa
              ge first...
     2175     checking for tau_instrumentor... no
  >> 2176     configure: error: no tau_instrumentor found; check path for PDToo
              lkit first...
     2177     configure: we are configuring inside Open MPI; presetting cache t
              o skip MPI related tests
     2178     checking for mpicc... (cached) /p/vast1/build/spack/lib/spack/env
              /gcc/gcc
     2179     checking for mpicxx... (cached) /p/vast1/build/spack/lib/spack/en
              v/gcc/g++
     2180     checking whether MPI_IN_PLACE is declared... (cached) yes
     2181     checking for MPI_Add_error_class... (cached) yes
     2182     checking for MPI_Add_error_code... (cached) yes

     ...

     2191     checking for PMPI_Win_unlock... (cached) yes
     2192     checking for MPI_Register_datarep... (cached) yes
     2193     checking for PMPI_File_read_ordered... (cached) yes
     2194     checking for PMPI_File_read_ordered_begin... (cached) yes
     2195     checking for PMPI_File_write_ordered... (cached) yes
     2196     checking for PMPI_File_write_ordered_begin... (cached) yes
  >> 2197     configure: error: MPI Correctness Checking support cannot be buil
              t inside Open MPI
     2198     checking math.h usability... yes
     2199     checking math.h presence... yes
     2200     checking for math.h... yes
     2201     checking whether we need to link -lm to get math functions... no
     2202     checking f2c.h usability... no
     2203     checking f2c.h presence... no
     2204     checking for f2c.h... no
  >> 2205     configure: error: no f2c.h found; check path for CLAPACK package 
              first...
     2206     checking for C++ runtime library... -lstdc++
     2207     checking for the pthreads library -lpthreads... no
     2208     checking whether pthreads work without any flags... yes
     2209     checking for joinable pthread attribute... PTHREAD_CREATE_JOINABL
              E
     2210     checking if more special flags are required for pthreads... no
     2211     checking for cc_r... /p/vast1/build/spack/lib/spack/env/gcc/gcc

     ...

     2221     checking omp.h presence... yes
     2222     checking for omp.h... yes
     2223     checking whether we can build shared libraries... yes
     2224     checking jvmti.h usability... no
     2225     checking jvmti.h presence... no
     2226     checking for jvmti.h... no
  >> 2227     configure: error: no jvmti.h found; check path for JVMTI package 
              first...
     2228     checking papi.h usability... yes
     2229     checking papi.h presence... yes
     2230     checking for papi.h... yes
     2231     checking whether linking with -lpapi works... yes
     2232     checking whether PAPI version >= 3... yes
     2233     checking whether long_long is declared... yes

     ...

     2251     checking for sched.h... yes
     2252     checking for sched_getcpu... yes
     2253     checking whether sched_getcpu works... yes
     2254     checking cuda.h usability... no
     2255     checking cuda.h presence... no
     2256     checking for cuda.h... no
  >> 2257     configure: error: no cuda.h found; check path for CUDA Toolkit fi
              rst...
     2258     checking cuda_runtime_api.h usability... no
     2259     checking cuda_runtime_api.h presence... no
     2260     checking for cuda_runtime_api.h... no
  >> 2261     configure: error: no cuda_runtime_api.h found; check path for CUD
              A Toolkit first...
     2262     checking cupti.h usability... no
     2263     checking cupti.h presence... no
     2264     checking for cupti.h... no
  >> 2265     configure: error: no cupti.h found; check path for CUPTI package 
              first...
     2266     checking for dlfcn.h... (cached) yes
     2267     checking whether linking with -ldl works... yes
     2268     checking whether RTLD_DEFAULT is declared... (cached) yes
     2269     checking whether RTLD_NEXT is declared... (cached) yes
     2270     checking for shared LIBC's pathname... /lib64/libc.so.6
     2271     checking whether __errno_location is declared... yes
     2272     checking ctool/ctool.h usability... no
     2273     checking ctool/ctool.h presence... no
     2274     checking for ctool/ctool.h... no
  >> 2275     configure: error: no ctool/ctool.h found; check path for CTool pa
              ckage first...
     2276     checking for fork... yes
     2277     checking for execl... yes
     2278     checking for execle... yes
     2279     checking for execlp... yes
     2280     checking for execv... yes
     2281     checking for execve... yes

     ...

     2402     checking for mpicc... /p/vast1/build/spack/lib/spack/env/gcc/gcc
     2403     checking for mpic++... /p/vast1/build/spack/lib/spack/env/gcc/g++
     2404     checking for OpenMP flag of C++ compiler... -fopenmp
     2405     checking vtf3.h usability... no
     2406     checking vtf3.h presence... no
     2407     checking for vtf3.h... no
  >> 2408     configure: error: no vtf3.h found; check path for VTF3 package fi
              rst...
     2409     checking zlib.h usability... yes
     2410     checking zlib.h presence... yes
     2411     checking for zlib.h... yes
     2412     checking whether linking with -lm works... yes
     2413     checking whether we need to link -lm to get math functions... no
     2414     checking for pdflatex... pdflatex

     ...

     14771    
     14772       10 |   call MPI_Testall(count, array_of_requests, flag, array_
              of_statuses, ierr)
     14773          |                                                   2
     14774    ......
     14775       22 |   call MPI_Testall(count, array_of_requests, flag, array_
              of_statuses, ierr)
     14776          |                                                   1
  >> 14777    Error: Type mismatch between actual argument at (1) and actual ar
              gument at (2) (REAL(8)/INTEGER(4)).
     14778    mpi_comm_spawn_multiple_f90.f90:36:57:
     14779    
     14780       16 |   call MPI_Comm_spawn_multiple(count, array_of_commands, 
              array_of_argv, &
     14781          |                                                         2
     14782    ......
     14783       36 |   call MPI_Comm_spawn_multiple(count, array_of_commands, 
              array_of_argv, &
     14784          |                                                         1
  >> 14785    Error: Type mismatch between actual argument at (1) and actual ar
              gument at (2) (REAL(8)/CHARACTER(*)).
     14786    mpi_testsome_f90.f90:26:76:
     14787    
     14788       12 |   call MPI_Testsome(incount, array_of_requests, outcount,
               array_of_indices, array_of_statuses, ierr)
     14789          |                                                          
                                2
     14790    ......
     14791       26 |   call MPI_Testsome(incount, array_of_requests, outcount,
               array_of_indices, array_of_statuses, ierr)
     14792          |                                                          
                                1
  >> 14793    Error: Type mismatch between actual argument at (1) and actual ar
              gument at (2) (REAL(8)/INTEGER(4)).
     14794    mpi_waitsome_f90.f90:26:76:
     14795    
     14796       12 |   call MPI_Waitsome(incount, array_of_requests, outcount,
               array_of_indices, array_of_statuses, ierr)
     14797          |                                                          
                                2
     14798    ......
     14799       26 |   call MPI_Waitsome(incount, array_of_requests, outcount,
               array_of_indices, array_of_statuses, ierr)
     14800          |                                                          
                                1
  >> 14801    Error: Type mismatch between actual argument at (1) and actual ar
              gument at (2) (REAL(8)/INTEGER(4)).
  >> 14802    make[4]: *** [mpi_testall_f90.lo] Error 1
     14803    make[4]: *** Waiting for unfinished jobs....
  >> 14804    make[4]: *** [mpi_comm_spawn_multiple_f90.lo] Error 1
  >> 14805    make[4]: *** [mpi_testsome_f90.lo] Error 1
  >> 14806    make[4]: *** [mpi_waitsome_f90.lo] Error 1
     14807    mpi_waitall_f90.f90:18:45:
     14808    
     14809        8 |   call MPI_Waitall(count, array_of_requests, array_of_sta
              tuses, ierr)
     14810          |                                             2
     14811    ......
     14812       18 |   call MPI_Waitall(count, array_of_requests, array_of_sta
              tuses, ierr)
     14813          |                                             1
  >> 14814    Error: Type mismatch between actual argument at (1) and actual ar
              gument at (2) (REAL(8)/INTEGER(4)).
  >> 14815    make[4]: *** [mpi_waitall_f90.lo] Error 1
     14816    libtool: compile:  /p/vast1/build/spack/lib/spack/env/gcc/gfortra
              n -I../../../ompi/include -I/var/tmp/sochat1/spack-stage/spack-st
              age-openmpi-1.6-iiykdhphdvpxme62awgttybly2myryyg/spack-src/ompi/i
              nclude -I. -I/var/tmp/sochat1/spack-stage/spack-stage-openmpi-1.6
              -iiykdhphdvpxme62awgttybly2myryyg/spack-src/ompi/mpi/f90 -I../../
              ../ompi/mpi/f90 -c mpi_wtick_f90.f90 -o mpi_wtick_f90.o >/dev/nul
              l 2>&1
     14817    libtool: compile:  /p/vast1/build/spack/lib/spack/env/gcc/gfortra
              n -I../../../ompi/include -I/var/tmp/sochat1/spack-stage/spack-st
              age-openmpi-1.6-iiykdhphdvpxme62awgttybly2myryyg/spack-src/ompi/i
              nclude -I. -I/var/tmp/sochat1/spack-stage/spack-stage-openmpi-1.6
              -iiykdhphdvpxme62awgttybly2myryyg/spack-src/ompi/mpi/f90 -I../../
              ../ompi/mpi/f90 -c mpi_wtime_f90.f90 -o mpi_wtime_f90.o >/dev/nul
              l 2>&1
     14818    libtool: compile:  /p/vast1/build/spack/lib/spack/env/gcc/gfortra
              n -I../../../ompi/include -I/var/tmp/sochat1/spack-stage/spack-st
              age-openmpi-1.6-iiykdhphdvpxme62awgttybly2myryyg/spack-src/ompi/i
              nclude -I. -I/var/tmp/sochat1/spack-stage/spack-stage-openmpi-1.6
              -iiykdhphdvpxme62awgttybly2myryyg/spack-src/ompi/mpi/f90 -I../../
              ../ompi/mpi/f90 -c mpi_sizeof.f90 -o mpi_sizeof.o >/dev/null 2>&1
     14819    libtool: compile:  /p/vast1/build/spack/lib/spack/env/gcc/gfortra
              n -I../../../ompi/include -I/var/tmp/sochat1/spack-stage/spack-st
              age-openmpi-1.6-iiykdhphdvpxme62awgttybly2myryyg/spack-src/ompi/i
              nclude -I. -I/var/tmp/sochat1/spack-stage/spack-stage-openmpi-1.6
              -iiykdhphdvpxme62awgttybly2myryyg/spack-src/ompi/mpi/f90 -I../../
              ../ompi/mpi/f90 -c mpi.f90 -o mpi.o >/dev/null 2>&1
     14820    make[4]: Leaving directory `/tmp/sochat1/spack-stage/spack-stage-
              openmpi-1.6-iiykdhphdvpxme62awgttybly2myryyg/spack-src/ompi/mpi/f
              90'
  >> 14821    make[3]: *** [all-recursive] Error 1
     14822    make[3]: Leaving directory `/tmp/sochat1/spack-stage/spack-stage-
              openmpi-1.6-iiykdhphdvpxme62awgttybly2myryyg/spack-src/ompi/mpi/f
              90'
  >> 14823    make[2]: *** [all] Error 2
     14824    make[2]: Leaving directory `/tmp/sochat1/spack-stage/spack-stage-
              openmpi-1.6-iiykdhphdvpxme62awgttybly2myryyg/spack-src/ompi/mpi/f
              90'
  >> 14825    make[1]: *** [all-recursive] Error 1
     14826    make[1]: Leaving directory `/tmp/sochat1/spack-stage/spack-stage-
              openmpi-1.6-iiykdhphdvpxme62awgttybly2myryyg/spack-src/ompi'
  >> 14827    make: *** [all-recursive] Error 1

See build log for details:
  /var/tmp/sochat1/spack-stage/spack-stage-openmpi-1.6-iiykdhphdvpxme62awgttybly2myryyg/spack-build-out.txt

Making predictions for spack-test
Making predictions for symbolator
Making predictions for libabigail
abicompat not found on path, will look for spack instead.
Making predictions for actual
