==> Error: ProcessError: Command exited with status 1:
    '/var/tmp/sochat1/spack-stage/spack-stage-openmpi-1.5-j6d6fkggusuuit2ko3hdu5lyhub5d7eo/spack-src/configure' '--prefix=/p/vast1/build/spack/opt/spack/linux-rhel7-broadwell/gcc-10.2.1/openmpi-1.5-j6d6fkggusuuit2ko3hdu5lyhub5d7eo' '--enable-shared' '--disable-silent-rules' '--disable-builtin-atomics' '--enable-static' '--without-pmi' '--without-cma' '--without-libfabric' '--without-ucx' '--without-openib' '--without-fca' '--without-psm' '--without-mxm' '--without-xpmem' '--without-knem' '--without-hcoll' '--without-psm2' '--without-loadleveler' '--without-alps' '--without-sge' '--without-lsf' '--without-tm' '--without-slurm' '--disable-memchecker' '--with-hwloc=/p/vast1/build/spack/opt/spack/linux-rhel7-broadwell/gcc-10.2.1/hwloc-1.11.13-u34fwahc4tbd77w4csoothe3vdimspeo' '--with-gpfs' '--without-sqlite3' '--disable-mpi-thread-multiple' '--disable-wrapper-rpath' '--disable-mpi-cxx' '--disable-cxx-exceptions'

9 errors found in build log:
     4        configure: WARNING: unrecognized options: --disable-builtin-atomi
              cs, --without-pmi, --without-cma, --without-libfabric, --without-
              ucx, --without-mxm, --without-xpmem, --without-hcoll, --without-p
              sm2, --with-hwloc, --with-gpfs, --without-sqlite3, --disable-mpi-
              thread-multiple, --disable-wrapper-rpath
     5        checking for a BSD-compatible install... /usr/bin/install -c
     6        checking whether build environment is sane... yes
     7        checking for a thread-safe mkdir -p... /usr/bin/mkdir -p
     8        checking for gawk... gawk
     9        checking whether make sets $(MAKE)... yes
  >> 10       configure: error: source directory already configured; run "make 
              distclean" there first
     11       ==> openmpi: Executing phase: 'build'
     12       ==> [2022-02-25-17:18:22.253368] 'make' '-j2' 'V=1'
     13       Making all in config
     14       make[1]: Entering directory `/tmp/sochat1/spack-stage/spack-stage
              -openmpi-1.5-j6d6fkggusuuit2ko3hdu5lyhub5d7eo/spack-src/config'
     15       make[1]: Nothing to be done for `all'.
     16       make[1]: Leaving directory `/tmp/sochat1/spack-stage/spack-stage-
              openmpi-1.5-j6d6fkggusuuit2ko3hdu5lyhub5d7eo/spack-src/config'

     ...

     11496    
     11497       16 |   call MPI_Comm_spawn_multiple(count, array_of_commands, 
              array_of_argv, &
     11498          |                                                         2
     11499    ......
     11500       36 |   call MPI_Comm_spawn_multiple(count, array_of_commands, 
              array_of_argv, &
     11501          |                                                         1
  >> 11502    Error: Type mismatch between actual argument at (1) and actual ar
              gument at (2) (REAL(8)/CHARACTER(*)).
  >> 11503    make[4]: *** [mpi_comm_spawn_multiple_f90.lo] Error 1
     11504    make[4]: *** Waiting for unfinished jobs....
     11505    mpi_testall_f90.f90:22:51:
     11506    
     11507       10 |   call MPI_Testall(count, array_of_requests, flag, array_
              of_statuses, ierr)
     11508          |                                                   2
     11509    ......
     11510       22 |   call MPI_Testall(count, array_of_requests, flag, array_
              of_statuses, ierr)
     11511          |                                                   1
  >> 11512    Error: Type mismatch between actual argument at (1) and actual ar
              gument at (2) (REAL(8)/INTEGER(4)).
  >> 11513    make[4]: *** [mpi_testall_f90.lo] Error 1
     11514    make[4]: Leaving directory `/tmp/sochat1/spack-stage/spack-stage-
              openmpi-1.5-j6d6fkggusuuit2ko3hdu5lyhub5d7eo/spack-src/ompi/mpi/f
              90'
  >> 11515    make[3]: *** [all-recursive] Error 1
     11516    make[3]: Leaving directory `/tmp/sochat1/spack-stage/spack-stage-
              openmpi-1.5-j6d6fkggusuuit2ko3hdu5lyhub5d7eo/spack-src/ompi/mpi/f
              90'
  >> 11517    make[2]: *** [all] Error 2
     11518    make[2]: Leaving directory `/tmp/sochat1/spack-stage/spack-stage-
              openmpi-1.5-j6d6fkggusuuit2ko3hdu5lyhub5d7eo/spack-src/ompi/mpi/f
              90'
  >> 11519    make[1]: *** [all-recursive] Error 1
     11520    make[1]: Leaving directory `/tmp/sochat1/spack-stage/spack-stage-
              openmpi-1.5-j6d6fkggusuuit2ko3hdu5lyhub5d7eo/spack-src/ompi'
  >> 11521    make: *** [all-recursive] Error 1

See build log for details:
  /var/tmp/sochat1/spack-stage/spack-stage-openmpi-1.5-j6d6fkggusuuit2ko3hdu5lyhub5d7eo/spack-build-out.txt

Making predictions for symbolator
Making predictions for libabigail
Making predictions for actual
==> Error: ProcessError: Command exited with status 1:
    '/var/tmp/sochat1/spack-stage/spack-stage-openmpi-1.5-j6d6fkggusuuit2ko3hdu5lyhub5d7eo/spack-src/configure' '--prefix=/p/vast1/build/spack/opt/spack/linux-rhel7-broadwell/gcc-10.2.1/openmpi-1.5-j6d6fkggusuuit2ko3hdu5lyhub5d7eo' '--enable-shared' '--disable-silent-rules' '--disable-builtin-atomics' '--enable-static' '--without-pmi' '--without-cma' '--without-knem' '--without-libfabric' '--without-hcoll' '--without-psm2' '--without-openib' '--without-ucx' '--without-mxm' '--without-xpmem' '--without-fca' '--without-psm' '--without-sge' '--without-tm' '--without-slurm' '--without-loadleveler' '--without-lsf' '--without-alps' '--disable-memchecker' '--with-hwloc=/p/vast1/build/spack/opt/spack/linux-rhel7-broadwell/gcc-10.2.1/hwloc-1.11.13-u34fwahc4tbd77w4csoothe3vdimspeo' '--with-gpfs' '--without-sqlite3' '--disable-mpi-thread-multiple' '--disable-wrapper-rpath' '--disable-mpi-cxx' '--disable-cxx-exceptions'

15 errors found in build log:
     4        configure: WARNING: unrecognized options: --disable-builtin-atomi
              cs, --without-pmi, --without-cma, --without-libfabric, --without-
              hcoll, --without-psm2, --without-ucx, --without-mxm, --without-xp
              mem, --with-hwloc, --with-gpfs, --without-sqlite3, --disable-mpi-
              thread-multiple, --disable-wrapper-rpath
     5        checking for a BSD-compatible install... /usr/bin/install -c
     6        checking whether build environment is sane... yes
     7        checking for a thread-safe mkdir -p... /usr/bin/mkdir -p
     8        checking for gawk... gawk
     9        checking whether make sets $(MAKE)... yes
  >> 10       configure: error: source directory already configured; run "make 
              distclean" there first
     11       ==> openmpi: Executing phase: 'build'
     12       ==> [2022-03-04-02:52:31.225531] 'make' '-j16' 'V=1'
     13       Making all in config
     14       make[1]: Entering directory `/tmp/sochat1/spack-stage/spack-stage
              -openmpi-1.5-j6d6fkggusuuit2ko3hdu5lyhub5d7eo/spack-src/config'
     15       make[1]: Nothing to be done for `all'.
     16       make[1]: Leaving directory `/tmp/sochat1/spack-stage/spack-stage-
              openmpi-1.5-j6d6fkggusuuit2ko3hdu5lyhub5d7eo/spack-src/config'

     ...

     11508    
     11509       12 |   call MPI_Testsome(incount, array_of_requests, outcount,
               array_of_indices, array_of_statuses, ierr)
     11510          |                                                          
                                2
     11511    ......
     11512       26 |   call MPI_Testsome(incount, array_of_requests, outcount,
               array_of_indices, array_of_statuses, ierr)
     11513          |                                                          
                                1
  >> 11514    Error: Type mismatch between actual argument at (1) and actual ar
              gument at (2) (REAL(8)/INTEGER(4)).
     11515    mpi_comm_spawn_multiple_f90.f90:36:57:
     11516    
     11517       16 |   call MPI_Comm_spawn_multiple(count, array_of_commands, 
              array_of_argv, &
     11518          |                                                         2
     11519    ......
     11520       36 |   call MPI_Comm_spawn_multiple(count, array_of_commands, 
              array_of_argv, &
     11521          |                                                         1
  >> 11522    Error: Type mismatch between actual argument at (1) and actual ar
              gument at (2) (REAL(8)/CHARACTER(*)).
     11523    mpi_waitsome_f90.f90:26:76:
     11524    
     11525       12 |   call MPI_Waitsome(incount, array_of_requests, outcount,
               array_of_indices, array_of_statuses, ierr)
     11526          |                                                          
                                2
     11527    ......
     11528       26 |   call MPI_Waitsome(incount, array_of_requests, outcount,
               array_of_indices, array_of_statuses, ierr)
     11529          |                                                          
                                1
  >> 11530    Error: Type mismatch between actual argument at (1) and actual ar
              gument at (2) (REAL(8)/INTEGER(4)).
     11531    mpi_testall_f90.f90:22:51:
     11532    
     11533       10 |   call MPI_Testall(count, array_of_requests, flag, array_
              of_statuses, ierr)
     11534          |                                                   2
     11535    ......
     11536       22 |   call MPI_Testall(count, array_of_requests, flag, array_
              of_statuses, ierr)
     11537          |                                                   1
  >> 11538    Error: Type mismatch between actual argument at (1) and actual ar
              gument at (2) (REAL(8)/INTEGER(4)).
     11539    mpi_waitall_f90.f90:18:45:
     11540    
     11541        8 |   call MPI_Waitall(count, array_of_requests, array_of_sta
              tuses, ierr)
     11542          |                                             2
     11543    ......
     11544       18 |   call MPI_Waitall(count, array_of_requests, array_of_sta
              tuses, ierr)
     11545          |                                             1
  >> 11546    Error: Type mismatch between actual argument at (1) and actual ar
              gument at (2) (REAL(8)/INTEGER(4)).
  >> 11547    make[4]: *** [mpi_testsome_f90.lo] Error 1
     11548    make[4]: *** Waiting for unfinished jobs....
  >> 11549    make[4]: *** [mpi_comm_spawn_multiple_f90.lo] Error 1
  >> 11550    make[4]: *** [mpi_waitsome_f90.lo] Error 1
  >> 11551    make[4]: *** [mpi_testall_f90.lo] Error 1
  >> 11552    make[4]: *** [mpi_waitall_f90.lo] Error 1
     11553    libtool: compile:  /p/vast1/build/spack/lib/spack/env/gcc/gfortra
              n -I../../../ompi/include -I/var/tmp/sochat1/spack-stage/spack-st
              age-openmpi-1.5-j6d6fkggusuuit2ko3hdu5lyhub5d7eo/spack-src/ompi/i
              nclude -I. -I/var/tmp/sochat1/spack-stage/spack-stage-openmpi-1.5
              -j6d6fkggusuuit2ko3hdu5lyhub5d7eo/spack-src/ompi/mpi/f90 -I../../
              ../ompi/mpi/f90 -c mpi_wtick_f90.f90 -o mpi_wtick_f90.o >/dev/nul
              l 2>&1
     11554    libtool: compile:  /p/vast1/build/spack/lib/spack/env/gcc/gfortra
              n -I../../../ompi/include -I/var/tmp/sochat1/spack-stage/spack-st
              age-openmpi-1.5-j6d6fkggusuuit2ko3hdu5lyhub5d7eo/spack-src/ompi/i
              nclude -I. -I/var/tmp/sochat1/spack-stage/spack-stage-openmpi-1.5
              -j6d6fkggusuuit2ko3hdu5lyhub5d7eo/spack-src/ompi/mpi/f90 -I../../
              ../ompi/mpi/f90 -c mpi_wtime_f90.f90 -o mpi_wtime_f90.o >/dev/nul
              l 2>&1
     11555    libtool: compile:  /p/vast1/build/spack/lib/spack/env/gcc/gfortra
              n -I../../../ompi/include -I/var/tmp/sochat1/spack-stage/spack-st
              age-openmpi-1.5-j6d6fkggusuuit2ko3hdu5lyhub5d7eo/spack-src/ompi/i
              nclude -I. -I/var/tmp/sochat1/spack-stage/spack-stage-openmpi-1.5
              -j6d6fkggusuuit2ko3hdu5lyhub5d7eo/spack-src/ompi/mpi/f90 -I../../
              ../ompi/mpi/f90 -c mpi_sizeof.f90 -o mpi_sizeof.o >/dev/null 2>&1
     11556    libtool: compile:  /p/vast1/build/spack/lib/spack/env/gcc/gfortra
              n -I../../../ompi/include -I/var/tmp/sochat1/spack-stage/spack-st
              age-openmpi-1.5-j6d6fkggusuuit2ko3hdu5lyhub5d7eo/spack-src/ompi/i
              nclude -I. -I/var/tmp/sochat1/spack-stage/spack-stage-openmpi-1.5
              -j6d6fkggusuuit2ko3hdu5lyhub5d7eo/spack-src/ompi/mpi/f90 -I../../
              ../ompi/mpi/f90 -c mpi.f90 -o mpi.o >/dev/null 2>&1
     11557    make[4]: Leaving directory `/tmp/sochat1/spack-stage/spack-stage-
              openmpi-1.5-j6d6fkggusuuit2ko3hdu5lyhub5d7eo/spack-src/ompi/mpi/f
              90'
  >> 11558    make[3]: *** [all-recursive] Error 1
     11559    make[3]: Leaving directory `/tmp/sochat1/spack-stage/spack-stage-
              openmpi-1.5-j6d6fkggusuuit2ko3hdu5lyhub5d7eo/spack-src/ompi/mpi/f
              90'
  >> 11560    make[2]: *** [all] Error 2
     11561    make[2]: Leaving directory `/tmp/sochat1/spack-stage/spack-stage-
              openmpi-1.5-j6d6fkggusuuit2ko3hdu5lyhub5d7eo/spack-src/ompi/mpi/f
              90'
  >> 11562    make[1]: *** [all-recursive] Error 1
     11563    make[1]: Leaving directory `/tmp/sochat1/spack-stage/spack-stage-
              openmpi-1.5-j6d6fkggusuuit2ko3hdu5lyhub5d7eo/spack-src/ompi'
  >> 11564    make: *** [all-recursive] Error 1

See build log for details:
  /var/tmp/sochat1/spack-stage/spack-stage-openmpi-1.5-j6d6fkggusuuit2ko3hdu5lyhub5d7eo/spack-build-out.txt

Making predictions for spack-test
Making predictions for symbolator
Making predictions for libabigail
abicompat not found on path, will look for spack instead.
Making predictions for actual
