==> Error: ProcessError: Command exited with status 1:
    '/var/tmp/sochat1/spack-stage/spack-stage-openmpi-1.1.4-3sfsru6ezwtnu75ca2yvjov6s6qdy2du/spack-src/configure' '--prefix=/p/vast1/build/spack/opt/spack/linux-rhel7-broadwell/gcc-10.2.1/openmpi-1.1.4-3sfsru6ezwtnu75ca2yvjov6s6qdy2du' '--enable-shared' '--disable-silent-rules' '--disable-builtin-atomics' '--enable-static' '--without-pmi' '--without-psm' '--without-hcoll' '--without-knem' '--without-fca' '--without-openib' '--without-libfabric' '--without-psm2' '--without-xpmem' '--without-cma' '--without-ucx' '--without-mxm' '--without-sge' '--without-alps' '--without-slurm' '--without-lsf' '--without-loadleveler' '--without-tm' '--disable-memchecker' '--with-gpfs' '--without-sqlite3' '--disable-wrapper-rpath' '--disable-mpi-cxx' '--disable-cxx-exceptions'

7 errors found in build log:
     2       ==> openmpi: Executing phase: 'configure'
     3       ==> [2022-02-25-18:55:03.283379] '/var/tmp/sochat1/spack-stage/spa
             ck-stage-openmpi-1.1.4-3sfsru6ezwtnu75ca2yvjov6s6qdy2du/spack-src/
             configure' '--prefix=/p/vast1/build/spack/opt/spack/linux-rhel7-br
             oadwell/gcc-10.2.1/openmpi-1.1.4-3sfsru6ezwtnu75ca2yvjov6s6qdy2du'
              '--enable-shared' '--disable-silent-rules' '--disable-builtin-ato
             mics' '--enable-static' '--without-pmi' '--without-psm' '--without
             -hcoll' '--without-knem' '--without-fca' '--without-openib' '--wit
             hout-libfabric' '--without-psm2' '--without-xpmem' '--without-cma'
              '--without-ucx' '--without-mxm' '--without-sge' '--without-alps' 
             '--without-slurm' '--without-lsf' '--without-loadleveler' '--witho
             ut-tm' '--disable-memchecker' '--with-gpfs' '--without-sqlite3' '-
             -disable-wrapper-rpath' '--disable-mpi-cxx' '--disable-cxx-excepti
             ons'
     4       checking for a BSD-compatible install... /usr/bin/install -c
     5       checking whether build environment is sane... yes
     6       checking for gawk... gawk
     7       checking whether make sets $(MAKE)... yes
  >> 8       configure: error: source directory already configured; run "make d
             istclean" there first
     9       ==> openmpi: Executing phase: 'build'
     10      ==> [2022-02-25-14:23:14.782451] 'make' '-j2' 'V=1'
     11      Making all in config
     12      make[1]: Entering directory `/tmp/sochat1/spack-stage/spack-stage-
             openmpi-1.1.4-3sfsru6ezwtnu75ca2yvjov6s6qdy2du/spack-src/config'
     13      make[1]: Nothing to be done for `all'.
     14      make[1]: Leaving directory `/tmp/sochat1/spack-stage/spack-stage-o
             penmpi-1.1.4-3sfsru6ezwtnu75ca2yvjov6s6qdy2du/spack-src/config'

     ...

     8324    
     8325       16 |   call MPI_Comm_spawn_multiple(count, array_of_commands, a
             rray_of_argv, &
     8326          |                                                         2
     8327    ......
     8328       36 |   call MPI_Comm_spawn_multiple(count, array_of_commands, a
             rray_of_argv, &
     8329          |                                                         1
  >> 8330    Error: Type mismatch between actual argument at (1) and actual arg
             ument at (2) (REAL(8)/CHARACTER(*)).
  >> 8331    make[4]: *** [mpi_comm_spawn_multiple_f90.o] Error 1
     8332    make[4]: *** Waiting for unfinished jobs....
     8333    make[4]: Leaving directory `/tmp/sochat1/spack-stage/spack-stage-o
             penmpi-1.1.4-3sfsru6ezwtnu75ca2yvjov6s6qdy2du/spack-src/ompi/mpi/f
             90'
  >> 8334    make[3]: *** [all-recursive] Error 1
     8335    make[3]: Leaving directory `/tmp/sochat1/spack-stage/spack-stage-o
             penmpi-1.1.4-3sfsru6ezwtnu75ca2yvjov6s6qdy2du/spack-src/ompi/mpi/f
             90'
  >> 8336    make[2]: *** [all-recursive] Error 1
     8337    make[2]: Leaving directory `/tmp/sochat1/spack-stage/spack-stage-o
             penmpi-1.1.4-3sfsru6ezwtnu75ca2yvjov6s6qdy2du/spack-src/ompi/mpi'
  >> 8338    make[1]: *** [all-recursive] Error 1
     8339    make[1]: Leaving directory `/tmp/sochat1/spack-stage/spack-stage-o
             penmpi-1.1.4-3sfsru6ezwtnu75ca2yvjov6s6qdy2du/spack-src/ompi'
  >> 8340    make: *** [all-recursive] Error 1

See build log for details:
  /var/tmp/sochat1/spack-stage/spack-stage-openmpi-1.1.4-3sfsru6ezwtnu75ca2yvjov6s6qdy2du/spack-build-out.txt

Making predictions for symbolator
Making predictions for libabigail
Making predictions for actual
==> Error: ProcessError: Command exited with status 2:
    'make' '-j16' 'V=1'

14 errors found in build log:
     10269    
     10270       10 |   call MPI_Testall(count, array_of_requests, flag, array_
              of_statuses, ierr)
     10271          |                                                   2
     10272    ......
     10273       22 |   call MPI_Testall(count, array_of_requests, flag, array_
              of_statuses, ierr)
     10274          |                                                   1
  >> 10275    Error: Type mismatch between actual argument at (1) and actual ar
              gument at (2) (REAL(8)/INTEGER(4)).
     10276    mpi_comm_spawn_multiple_f90.f90:36:57:
     10277    
     10278       16 |   call MPI_Comm_spawn_multiple(count, array_of_commands, 
              array_of_argv, &
     10279          |                                                         2
     10280    ......
     10281       36 |   call MPI_Comm_spawn_multiple(count, array_of_commands, 
              array_of_argv, &
     10282          |                                                         1
  >> 10283    Error: Type mismatch between actual argument at (1) and actual ar
              gument at (2) (REAL(8)/CHARACTER(*)).
     10284    mpi_testsome_f90.f90:26:76:
     10285    
     10286       12 |   call MPI_Testsome(incount, array_of_requests, outcount,
               array_of_indices, array_of_statuses, ierr)
     10287          |                                                          
                                2
     10288    ......
     10289       26 |   call MPI_Testsome(incount, array_of_requests, outcount,
               array_of_indices, array_of_statuses, ierr)
     10290          |                                                          
                                1
  >> 10291    Error: Type mismatch between actual argument at (1) and actual ar
              gument at (2) (REAL(8)/INTEGER(4)).
     10292    mpi_waitall_f90.f90:18:45:
     10293    
     10294        8 |   call MPI_Waitall(count, array_of_requests, array_of_sta
              tuses, ierr)
     10295          |                                             2
     10296    ......
     10297       18 |   call MPI_Waitall(count, array_of_requests, array_of_sta
              tuses, ierr)
     10298          |                                             1
  >> 10299    Error: Type mismatch between actual argument at (1) and actual ar
              gument at (2) (REAL(8)/INTEGER(4)).
  >> 10300    make[4]: *** [mpi_testall_f90.o] Error 1
     10301    make[4]: *** Waiting for unfinished jobs....
  >> 10302    make[4]: *** [mpi_comm_spawn_multiple_f90.o] Error 1
  >> 10303    make[4]: *** [mpi_testsome_f90.o] Error 1
  >> 10304    make[4]: *** [mpi_waitall_f90.o] Error 1
     10305    mpi_waitsome_f90.f90:26:76:
     10306    
     10307       12 |   call MPI_Waitsome(incount, array_of_requests, outcount,
               array_of_indices, array_of_statuses, ierr)
     10308          |                                                          
                                2
     10309    ......
     10310       26 |   call MPI_Waitsome(incount, array_of_requests, outcount,
               array_of_indices, array_of_statuses, ierr)
     10311          |                                                          
                                1
  >> 10312    Error: Type mismatch between actual argument at (1) and actual ar
              gument at (2) (REAL(8)/INTEGER(4)).
  >> 10313    make[4]: *** [mpi_waitsome_f90.o] Error 1
     10314    make[4]: Leaving directory `/tmp/sochat1/spack-stage/spack-stage-
              openmpi-1.1.4-3sfsru6ezwtnu75ca2yvjov6s6qdy2du/spack-src/ompi/mpi
              /f90'
  >> 10315    make[3]: *** [all-recursive] Error 1
     10316    make[3]: Leaving directory `/tmp/sochat1/spack-stage/spack-stage-
              openmpi-1.1.4-3sfsru6ezwtnu75ca2yvjov6s6qdy2du/spack-src/ompi/mpi
              /f90'
  >> 10317    make[2]: *** [all-recursive] Error 1
     10318    make[2]: Leaving directory `/tmp/sochat1/spack-stage/spack-stage-
              openmpi-1.1.4-3sfsru6ezwtnu75ca2yvjov6s6qdy2du/spack-src/ompi/mpi
              '
  >> 10319    make[1]: *** [all-recursive] Error 1
     10320    make[1]: Leaving directory `/tmp/sochat1/spack-stage/spack-stage-
              openmpi-1.1.4-3sfsru6ezwtnu75ca2yvjov6s6qdy2du/spack-src/ompi'
  >> 10321    make: *** [all-recursive] Error 1

See build log for details:
  /var/tmp/sochat1/spack-stage/spack-stage-openmpi-1.1.4-3sfsru6ezwtnu75ca2yvjov6s6qdy2du/spack-build-out.txt

Making predictions for spack-test
Making predictions for symbolator
Making predictions for libabigail
abicompat not found on path, will look for spack instead.
Making predictions for actual
