==> Error: ProcessError: Command exited with status 2:
    'make' '-j2' 'V=1'

6 errors found in build log:
     10099    
     10100       16 |   call MPI_Comm_spawn_multiple(count, array_of_commands, 
              array_of_argv, &
     10101          |                                                         2
     10102    ......
     10103       36 |   call MPI_Comm_spawn_multiple(count, array_of_commands, 
              array_of_argv, &
     10104          |                                                         1
  >> 10105    Error: Type mismatch between actual argument at (1) and actual ar
              gument at (2) (REAL(8)/CHARACTER(*)).
  >> 10106    make[4]: *** [mpi_comm_spawn_multiple_f90.o] Error 1
     10107    make[4]: *** Waiting for unfinished jobs....
     10108    make[4]: Leaving directory `/tmp/sochat1/spack-stage/spack-stage-
              openmpi-1.1.1-tqd4e4p5nxeecwucwy3qjhwfphyp6vao/spack-src/ompi/mpi
              /f90'
  >> 10109    make[3]: *** [all-recursive] Error 1
     10110    make[3]: Leaving directory `/tmp/sochat1/spack-stage/spack-stage-
              openmpi-1.1.1-tqd4e4p5nxeecwucwy3qjhwfphyp6vao/spack-src/ompi/mpi
              /f90'
  >> 10111    make[2]: *** [all-recursive] Error 1
     10112    make[2]: Leaving directory `/tmp/sochat1/spack-stage/spack-stage-
              openmpi-1.1.1-tqd4e4p5nxeecwucwy3qjhwfphyp6vao/spack-src/ompi/mpi
              '
  >> 10113    make[1]: *** [all-recursive] Error 1
     10114    make[1]: Leaving directory `/tmp/sochat1/spack-stage/spack-stage-
              openmpi-1.1.1-tqd4e4p5nxeecwucwy3qjhwfphyp6vao/spack-src/ompi'
  >> 10115    make: *** [all-recursive] Error 1

See build log for details:
  /var/tmp/sochat1/spack-stage/spack-stage-openmpi-1.1.1-tqd4e4p5nxeecwucwy3qjhwfphyp6vao/spack-build-out.txt

Making predictions for symbolator
Making predictions for libabigail
Making predictions for actual
/var/spool/slurmd/job100741/slurm_script: line 12: 35542 Killed                  spliced splice --package openmpi@1.1.1 --splice hwloc --runner spack --replace hwloc --experiment experiment --outfile /p/vast1/build/spliced-experiment/results/openmpi/1.1.1/hwloc/experiment.json
==> Error: ProcessError: Command exited with status 2:
    'make' '-j16' 'V=1'

6 errors found in build log:
     10240    
     10241       16 |   call MPI_Comm_spawn_multiple(count, array_of_commands, 
              array_of_argv, &
     10242          |                                                         2
     10243    ......
     10244       36 |   call MPI_Comm_spawn_multiple(count, array_of_commands, 
              array_of_argv, &
     10245          |                                                         1
  >> 10246    Error: Type mismatch between actual argument at (1) and actual ar
              gument at (2) (REAL(8)/CHARACTER(*)).
  >> 10247    make[4]: *** [mpi_comm_spawn_multiple_f90.o] Error 1
     10248    make[4]: *** Waiting for unfinished jobs....
     10249    make[4]: Leaving directory `/tmp/sochat1/spack-stage/spack-stage-
              openmpi-1.1.1-tqd4e4p5nxeecwucwy3qjhwfphyp6vao/spack-src/ompi/mpi
              /f90'
  >> 10250    make[3]: *** [all-recursive] Error 1
     10251    make[3]: Leaving directory `/tmp/sochat1/spack-stage/spack-stage-
              openmpi-1.1.1-tqd4e4p5nxeecwucwy3qjhwfphyp6vao/spack-src/ompi/mpi
              /f90'
  >> 10252    make[2]: *** [all-recursive] Error 1
     10253    make[2]: Leaving directory `/tmp/sochat1/spack-stage/spack-stage-
              openmpi-1.1.1-tqd4e4p5nxeecwucwy3qjhwfphyp6vao/spack-src/ompi/mpi
              '
  >> 10254    make[1]: *** [all-recursive] Error 1
     10255    make[1]: Leaving directory `/tmp/sochat1/spack-stage/spack-stage-
              openmpi-1.1.1-tqd4e4p5nxeecwucwy3qjhwfphyp6vao/spack-src/ompi'
  >> 10256    make: *** [all-recursive] Error 1

See build log for details:
  /var/tmp/sochat1/spack-stage/spack-stage-openmpi-1.1.1-tqd4e4p5nxeecwucwy3qjhwfphyp6vao/spack-build-out.txt

Making predictions for spack-test
Making predictions for symbolator
Making predictions for libabigail
abicompat not found on path, will look for spack instead.
Making predictions for actual
