==> Error: ProcessError: Command exited with status 1:
    '/var/tmp/sochat1/spack-stage/spack-stage-openmpi-1.2.8-cguc3hnh2be4six7tsxkevyzihzo4fnw/spack-src/configure' '--prefix=/p/vast1/build/spack/opt/spack/linux-rhel7-broadwell/gcc-10.2.1/openmpi-1.2.8-cguc3hnh2be4six7tsxkevyzihzo4fnw' '--enable-shared' '--disable-silent-rules' '--disable-builtin-atomics' '--enable-static' '--without-pmi' '--without-openib' '--without-cma' '--without-xpmem' '--without-hcoll' '--without-ucx' '--without-psm' '--without-psm2' '--without-fca' '--without-knem' '--without-libfabric' '--without-mxm' '--without-sge' '--without-tm' '--without-lsf' '--without-loadleveler' '--without-slurm' '--without-alps' '--disable-memchecker' '--with-gpfs' '--without-sqlite3' '--disable-wrapper-rpath' '--disable-mpi-cxx' '--disable-cxx-exceptions'

8 errors found in build log:
     3       ==> [2022-02-25-22:28:36.646645] '/var/tmp/sochat1/spack-stage/spa
             ck-stage-openmpi-1.2.8-cguc3hnh2be4six7tsxkevyzihzo4fnw/spack-src/
             configure' '--prefix=/p/vast1/build/spack/opt/spack/linux-rhel7-br
             oadwell/gcc-10.2.1/openmpi-1.2.8-cguc3hnh2be4six7tsxkevyzihzo4fnw'
              '--enable-shared' '--disable-silent-rules' '--disable-builtin-ato
             mics' '--enable-static' '--without-pmi' '--without-openib' '--with
             out-cma' '--without-xpmem' '--without-hcoll' '--without-ucx' '--wi
             thout-psm' '--without-psm2' '--without-fca' '--without-knem' '--wi
             thout-libfabric' '--without-mxm' '--without-sge' '--without-tm' '-
             -without-lsf' '--without-loadleveler' '--without-slurm' '--without
             -alps' '--disable-memchecker' '--with-gpfs' '--without-sqlite3' '-
             -disable-wrapper-rpath' '--disable-mpi-cxx' '--disable-cxx-excepti
             ons'
     4       checking for a BSD-compatible install... /usr/bin/install -c
     5       checking whether build environment is sane... yes
     6       checking for a thread-safe mkdir -p... /usr/bin/mkdir -p
     7       checking for gawk... gawk
     8       checking whether make sets $(MAKE)... yes
  >> 9       configure: error: source directory already configured; run "make d
             istclean" there first
     10      ==> openmpi: Executing phase: 'build'
     11      ==> [2022-02-25-18:55:16.426601] 'make' '-j2' 'V=1'
     12      Making all in config
     13      make[1]: Entering directory `/tmp/sochat1/spack-stage/spack-stage-
             openmpi-1.2.8-cguc3hnh2be4six7tsxkevyzihzo4fnw/spack-src/config'
     14      make[1]: Nothing to be done for `all'.
     15      make[1]: Leaving directory `/tmp/sochat1/spack-stage/spack-stage-o
             penmpi-1.2.8-cguc3hnh2be4six7tsxkevyzihzo4fnw/spack-src/config'

     ...

     8547    
     8548       16 |   call MPI_Comm_spawn_multiple(count, array_of_commands, a
             rray_of_argv, &
     8549          |                                                         2
     8550    ......
     8551       36 |   call MPI_Comm_spawn_multiple(count, array_of_commands, a
             rray_of_argv, &
     8552          |                                                         1
  >> 8553    Error: Type mismatch between actual argument at (1) and actual arg
             ument at (2) (REAL(8)/CHARACTER(*)).
  >> 8554    make[5]: *** [mpi_comm_spawn_multiple_f90.lo] Error 1
     8555    make[5]: *** Waiting for unfinished jobs....
     8556    make[5]: Leaving directory `/tmp/sochat1/spack-stage/spack-stage-o
             penmpi-1.2.8-cguc3hnh2be4six7tsxkevyzihzo4fnw/spack-src/ompi/mpi/f
             90'
  >> 8557    make[4]: *** [all-recursive] Error 1
     8558    make[4]: Leaving directory `/tmp/sochat1/spack-stage/spack-stage-o
             penmpi-1.2.8-cguc3hnh2be4six7tsxkevyzihzo4fnw/spack-src/ompi/mpi/f
             90'
  >> 8559    make[3]: *** [all] Error 2
     8560    make[3]: Leaving directory `/tmp/sochat1/spack-stage/spack-stage-o
             penmpi-1.2.8-cguc3hnh2be4six7tsxkevyzihzo4fnw/spack-src/ompi/mpi/f
             90'
  >> 8561    make[2]: *** [all-recursive] Error 1
     8562    make[2]: Leaving directory `/tmp/sochat1/spack-stage/spack-stage-o
             penmpi-1.2.8-cguc3hnh2be4six7tsxkevyzihzo4fnw/spack-src/ompi/mpi'
  >> 8563    make[1]: *** [all-recursive] Error 1
     8564    make[1]: Leaving directory `/tmp/sochat1/spack-stage/spack-stage-o
             penmpi-1.2.8-cguc3hnh2be4six7tsxkevyzihzo4fnw/spack-src/ompi'
  >> 8565    make: *** [all-recursive] Error 1

See build log for details:
  /var/tmp/sochat1/spack-stage/spack-stage-openmpi-1.2.8-cguc3hnh2be4six7tsxkevyzihzo4fnw/spack-build-out.txt

Making predictions for symbolator
Making predictions for libabigail
Making predictions for actual
==> Error: ProcessError: Command exited with status 2:
    'make' '-j16' 'V=1'

15 errors found in build log:
     10457    
     10458       12 |   call MPI_Testsome(incount, array_of_requests, outcount,
               array_of_indices, array_of_statuses, ierr)
     10459          |                                                          
                                2
     10460    ......
     10461       26 |   call MPI_Testsome(incount, array_of_requests, outcount,
               array_of_indices, array_of_statuses, ierr)
     10462          |                                                          
                                1
  >> 10463    Error: Type mismatch between actual argument at (1) and actual ar
              gument at (2) (REAL(8)/INTEGER(4)).
     10464    mpi_testall_f90.f90:22:51:
     10465    
     10466       10 |   call MPI_Testall(count, array_of_requests, flag, array_
              of_statuses, ierr)
     10467          |                                                   2
     10468    ......
     10469       22 |   call MPI_Testall(count, array_of_requests, flag, array_
              of_statuses, ierr)
     10470          |                                                   1
  >> 10471    Error: Type mismatch between actual argument at (1) and actual ar
              gument at (2) (REAL(8)/INTEGER(4)).
  >> 10472    make[5]: *** [mpi_testsome_f90.lo] Error 1
     10473    make[5]: *** Waiting for unfinished jobs....
     10474    mpi_waitsome_f90.f90:26:76:
     10475    
     10476       12 |   call MPI_Waitsome(incount, array_of_requests, outcount,
               array_of_indices, array_of_statuses, ierr)
     10477          |                                                          
                                2
     10478    ......
     10479       26 |   call MPI_Waitsome(incount, array_of_requests, outcount,
               array_of_indices, array_of_statuses, ierr)
     10480          |                                                          
                                1
  >> 10481    Error: Type mismatch between actual argument at (1) and actual ar
              gument at (2) (REAL(8)/INTEGER(4)).
     10482    mpi_comm_spawn_multiple_f90.f90:36:57:
     10483    
     10484       16 |   call MPI_Comm_spawn_multiple(count, array_of_commands, 
              array_of_argv, &
     10485          |                                                         2
     10486    ......
     10487       36 |   call MPI_Comm_spawn_multiple(count, array_of_commands, 
              array_of_argv, &
     10488          |                                                         1
  >> 10489    Error: Type mismatch between actual argument at (1) and actual ar
              gument at (2) (REAL(8)/CHARACTER(*)).
     10490    mpi_waitall_f90.f90:18:45:
     10491    
     10492        8 |   call MPI_Waitall(count, array_of_requests, array_of_sta
              tuses, ierr)
     10493          |                                             2
     10494    ......
     10495       18 |   call MPI_Waitall(count, array_of_requests, array_of_sta
              tuses, ierr)
     10496          |                                             1
  >> 10497    Error: Type mismatch between actual argument at (1) and actual ar
              gument at (2) (REAL(8)/INTEGER(4)).
  >> 10498    make[5]: *** [mpi_testall_f90.lo] Error 1
  >> 10499    make[5]: *** [mpi_waitsome_f90.lo] Error 1
  >> 10500    make[5]: *** [mpi_comm_spawn_multiple_f90.lo] Error 1
  >> 10501    make[5]: *** [mpi_waitall_f90.lo] Error 1
     10502    libtool: compile:  /p/vast1/build/spack/lib/spack/env/gcc/gfortra
              n -I../../../ompi/include -I/var/tmp/sochat1/spack-stage/spack-st
              age-openmpi-1.2.8-cguc3hnh2be4six7tsxkevyzihzo4fnw/spack-src/ompi
              /include -I. -I/var/tmp/sochat1/spack-stage/spack-stage-openmpi-1
              .2.8-cguc3hnh2be4six7tsxkevyzihzo4fnw/spack-src/ompi/mpi/f90 -I..
              /../../ompi/mpi/f90 -c mpi_wtick_f90.f90 -o mpi_wtick_f90.o >/dev
              /null 2>&1
     10503    libtool: compile:  /p/vast1/build/spack/lib/spack/env/gcc/gfortra
              n -I../../../ompi/include -I/var/tmp/sochat1/spack-stage/spack-st
              age-openmpi-1.2.8-cguc3hnh2be4six7tsxkevyzihzo4fnw/spack-src/ompi
              /include -I. -I/var/tmp/sochat1/spack-stage/spack-stage-openmpi-1
              .2.8-cguc3hnh2be4six7tsxkevyzihzo4fnw/spack-src/ompi/mpi/f90 -I..
              /../../ompi/mpi/f90 -c mpi_wtime_f90.f90 -o mpi_wtime_f90.o >/dev
              /null 2>&1
     10504    libtool: compile:  /p/vast1/build/spack/lib/spack/env/gcc/gfortra
              n -I../../../ompi/include -I/var/tmp/sochat1/spack-stage/spack-st
              age-openmpi-1.2.8-cguc3hnh2be4six7tsxkevyzihzo4fnw/spack-src/ompi
              /include -I. -I/var/tmp/sochat1/spack-stage/spack-stage-openmpi-1
              .2.8-cguc3hnh2be4six7tsxkevyzihzo4fnw/spack-src/ompi/mpi/f90 -I..
              /../../ompi/mpi/f90 -c mpi_sizeof.f90 -o mpi_sizeof.o >/dev/null 
              2>&1
     10505    libtool: compile:  /p/vast1/build/spack/lib/spack/env/gcc/gfortra
              n -I../../../ompi/include -I/var/tmp/sochat1/spack-stage/spack-st
              age-openmpi-1.2.8-cguc3hnh2be4six7tsxkevyzihzo4fnw/spack-src/ompi
              /include -I. -I/var/tmp/sochat1/spack-stage/spack-stage-openmpi-1
              .2.8-cguc3hnh2be4six7tsxkevyzihzo4fnw/spack-src/ompi/mpi/f90 -I..
              /../../ompi/mpi/f90 -c mpi.f90 -o mpi.o >/dev/null 2>&1
     10506    make[5]: Leaving directory `/tmp/sochat1/spack-stage/spack-stage-
              openmpi-1.2.8-cguc3hnh2be4six7tsxkevyzihzo4fnw/spack-src/ompi/mpi
              /f90'
  >> 10507    make[4]: *** [all-recursive] Error 1
     10508    make[4]: Leaving directory `/tmp/sochat1/spack-stage/spack-stage-
              openmpi-1.2.8-cguc3hnh2be4six7tsxkevyzihzo4fnw/spack-src/ompi/mpi
              /f90'
  >> 10509    make[3]: *** [all] Error 2
     10510    make[3]: Leaving directory `/tmp/sochat1/spack-stage/spack-stage-
              openmpi-1.2.8-cguc3hnh2be4six7tsxkevyzihzo4fnw/spack-src/ompi/mpi
              /f90'
  >> 10511    make[2]: *** [all-recursive] Error 1
     10512    make[2]: Leaving directory `/tmp/sochat1/spack-stage/spack-stage-
              openmpi-1.2.8-cguc3hnh2be4six7tsxkevyzihzo4fnw/spack-src/ompi/mpi
              '
  >> 10513    make[1]: *** [all-recursive] Error 1
     10514    make[1]: Leaving directory `/tmp/sochat1/spack-stage/spack-stage-
              openmpi-1.2.8-cguc3hnh2be4six7tsxkevyzihzo4fnw/spack-src/ompi'
  >> 10515    make: *** [all-recursive] Error 1

See build log for details:
  /var/tmp/sochat1/spack-stage/spack-stage-openmpi-1.2.8-cguc3hnh2be4six7tsxkevyzihzo4fnw/spack-build-out.txt

Making predictions for spack-test
Making predictions for symbolator
Making predictions for libabigail
abicompat not found on path, will look for spack instead.
Making predictions for actual
