==> Error: ProcessError: Command exited with status 2:
    'make' '-j2' 'V=1'

6 errors found in build log:
     10117    
     10118       16 |   call MPI_Comm_spawn_multiple(count, array_of_commands, 
              array_of_argv, &
     10119          |                                                         2
     10120    ......
     10121       36 |   call MPI_Comm_spawn_multiple(count, array_of_commands, 
              array_of_argv, &
     10122          |                                                         1
  >> 10123    Error: Type mismatch between actual argument at (1) and actual ar
              gument at (2) (REAL(8)/CHARACTER(*)).
  >> 10124    make[4]: *** [mpi_comm_spawn_multiple_f90.o] Error 1
     10125    make[4]: *** Waiting for unfinished jobs....
     10126    make[4]: Leaving directory `/tmp/sochat1/spack-stage/spack-stage-
              openmpi-1.1.4-3sfsru6ezwtnu75ca2yvjov6s6qdy2du/spack-src/ompi/mpi
              /f90'
  >> 10127    make[3]: *** [all-recursive] Error 1
     10128    make[3]: Leaving directory `/tmp/sochat1/spack-stage/spack-stage-
              openmpi-1.1.4-3sfsru6ezwtnu75ca2yvjov6s6qdy2du/spack-src/ompi/mpi
              /f90'
  >> 10129    make[2]: *** [all-recursive] Error 1
     10130    make[2]: Leaving directory `/tmp/sochat1/spack-stage/spack-stage-
              openmpi-1.1.4-3sfsru6ezwtnu75ca2yvjov6s6qdy2du/spack-src/ompi/mpi
              '
  >> 10131    make[1]: *** [all-recursive] Error 1
     10132    make[1]: Leaving directory `/tmp/sochat1/spack-stage/spack-stage-
              openmpi-1.1.4-3sfsru6ezwtnu75ca2yvjov6s6qdy2du/spack-src/ompi'
  >> 10133    make: *** [all-recursive] Error 1

See build log for details:
  /var/tmp/sochat1/spack-stage/spack-stage-openmpi-1.1.4-3sfsru6ezwtnu75ca2yvjov6s6qdy2du/spack-build-out.txt

Making predictions for symbolator
Making predictions for libabigail
Making predictions for actual
/var/spool/slurmd/job100719/slurm_script: line 12: 21814 Killed                  spliced splice --package openmpi@1.1.4 --splice hwloc --runner spack --replace hwloc --experiment experiment --outfile /p/vast1/build/spliced-experiment/results/openmpi/1.1.4/hwloc/experiment.json
==> Error: ProcessError: Command exited with status 2:
    'make' '-j16' 'V=1'

14 errors found in build log:
     10305    
     10306       10 |   call MPI_Testall(count, array_of_requests, flag, array_
              of_statuses, ierr)
     10307          |                                                   2
     10308    ......
     10309       22 |   call MPI_Testall(count, array_of_requests, flag, array_
              of_statuses, ierr)
     10310          |                                                   1
  >> 10311    Error: Type mismatch between actual argument at (1) and actual ar
              gument at (2) (REAL(8)/INTEGER(4)).
     10312    mpi_comm_spawn_multiple_f90.f90:36:57:
     10313    
     10314       16 |   call MPI_Comm_spawn_multiple(count, array_of_commands, 
              array_of_argv, &
     10315          |                                                         2
     10316    ......
     10317       36 |   call MPI_Comm_spawn_multiple(count, array_of_commands, 
              array_of_argv, &
     10318          |                                                         1
  >> 10319    Error: Type mismatch between actual argument at (1) and actual ar
              gument at (2) (REAL(8)/CHARACTER(*)).
     10320    mpi_testsome_f90.f90:26:76:
     10321    
     10322       12 |   call MPI_Testsome(incount, array_of_requests, outcount,
               array_of_indices, array_of_statuses, ierr)
     10323          |                                                          
                                2
     10324    ......
     10325       26 |   call MPI_Testsome(incount, array_of_requests, outcount,
               array_of_indices, array_of_statuses, ierr)
     10326          |                                                          
                                1
  >> 10327    Error: Type mismatch between actual argument at (1) and actual ar
              gument at (2) (REAL(8)/INTEGER(4)).
  >> 10328    make[4]: *** [mpi_comm_spawn_multiple_f90.o] Error 1
     10329    make[4]: *** Waiting for unfinished jobs....
  >> 10330    make[4]: *** [mpi_testall_f90.o] Error 1
     10331    mpi_waitall_f90.f90:18:45:
     10332    
     10333        8 |   call MPI_Waitall(count, array_of_requests, array_of_sta
              tuses, ierr)
     10334          |                                             2
     10335    ......
     10336       18 |   call MPI_Waitall(count, array_of_requests, array_of_sta
              tuses, ierr)
     10337          |                                             1
  >> 10338    Error: Type mismatch between actual argument at (1) and actual ar
              gument at (2) (REAL(8)/INTEGER(4)).
  >> 10339    make[4]: *** [mpi_testsome_f90.o] Error 1
     10340    mpi_waitsome_f90.f90:26:76:
     10341    
     10342       12 |   call MPI_Waitsome(incount, array_of_requests, outcount,
               array_of_indices, array_of_statuses, ierr)
     10343          |                                                          
                                2
     10344    ......
     10345       26 |   call MPI_Waitsome(incount, array_of_requests, outcount,
               array_of_indices, array_of_statuses, ierr)
     10346          |                                                          
                                1
  >> 10347    Error: Type mismatch between actual argument at (1) and actual ar
              gument at (2) (REAL(8)/INTEGER(4)).
  >> 10348    make[4]: *** [mpi_waitall_f90.o] Error 1
  >> 10349    make[4]: *** [mpi_waitsome_f90.o] Error 1
     10350    make[4]: Leaving directory `/tmp/sochat1/spack-stage/spack-stage-
              openmpi-1.1.4-3sfsru6ezwtnu75ca2yvjov6s6qdy2du/spack-src/ompi/mpi
              /f90'
  >> 10351    make[3]: *** [all-recursive] Error 1
     10352    make[3]: Leaving directory `/tmp/sochat1/spack-stage/spack-stage-
              openmpi-1.1.4-3sfsru6ezwtnu75ca2yvjov6s6qdy2du/spack-src/ompi/mpi
              /f90'
  >> 10353    make[2]: *** [all-recursive] Error 1
     10354    make[2]: Leaving directory `/tmp/sochat1/spack-stage/spack-stage-
              openmpi-1.1.4-3sfsru6ezwtnu75ca2yvjov6s6qdy2du/spack-src/ompi/mpi
              '
  >> 10355    make[1]: *** [all-recursive] Error 1
     10356    make[1]: Leaving directory `/tmp/sochat1/spack-stage/spack-stage-
              openmpi-1.1.4-3sfsru6ezwtnu75ca2yvjov6s6qdy2du/spack-src/ompi'
  >> 10357    make: *** [all-recursive] Error 1

See build log for details:
  /var/tmp/sochat1/spack-stage/spack-stage-openmpi-1.1.4-3sfsru6ezwtnu75ca2yvjov6s6qdy2du/spack-build-out.txt

Making predictions for spack-test
Making predictions for symbolator
Making predictions for libabigail
abicompat not found on path, will look for spack instead.
Making predictions for actual
