==> Error: ProcessError: Command exited with status 1:
    '/var/tmp/sochat1/spack-stage/spack-stage-openmpi-1.2.5-kvnyttjjnvrdtr4liumvj4fvg3asuogm/spack-src/configure' '--prefix=/p/vast1/build/spack/opt/spack/linux-rhel7-broadwell/gcc-10.2.1/openmpi-1.2.5-kvnyttjjnvrdtr4liumvj4fvg3asuogm' '--enable-shared' '--disable-silent-rules' '--disable-builtin-atomics' '--enable-static' '--without-pmi' '--without-psm' '--without-psm2' '--without-openib' '--without-cma' '--without-libfabric' '--without-xpmem' '--without-mxm' '--without-knem' '--without-ucx' '--without-hcoll' '--without-fca' '--without-lsf' '--without-alps' '--without-slurm' '--without-sge' '--without-loadleveler' '--without-tm' '--disable-memchecker' '--with-gpfs' '--without-sqlite3' '--disable-wrapper-rpath' '--disable-mpi-cxx' '--disable-cxx-exceptions'

8 errors found in build log:
     3       ==> [2022-02-25-20:37:58.207652] '/var/tmp/sochat1/spack-stage/spa
             ck-stage-openmpi-1.2.5-kvnyttjjnvrdtr4liumvj4fvg3asuogm/spack-src/
             configure' '--prefix=/p/vast1/build/spack/opt/spack/linux-rhel7-br
             oadwell/gcc-10.2.1/openmpi-1.2.5-kvnyttjjnvrdtr4liumvj4fvg3asuogm'
              '--enable-shared' '--disable-silent-rules' '--disable-builtin-ato
             mics' '--enable-static' '--without-pmi' '--without-psm' '--without
             -psm2' '--without-openib' '--without-cma' '--without-libfabric' '-
             -without-xpmem' '--without-mxm' '--without-knem' '--without-ucx' '
             --without-hcoll' '--without-fca' '--without-lsf' '--without-alps' 
             '--without-slurm' '--without-sge' '--without-loadleveler' '--witho
             ut-tm' '--disable-memchecker' '--with-gpfs' '--without-sqlite3' '-
             -disable-wrapper-rpath' '--disable-mpi-cxx' '--disable-cxx-excepti
             ons'
     4       checking for a BSD-compatible install... /usr/bin/install -c
     5       checking whether build environment is sane... yes
     6       checking for a thread-safe mkdir -p... /usr/bin/mkdir -p
     7       checking for gawk... gawk
     8       checking whether make sets $(MAKE)... yes
  >> 9       configure: error: source directory already configured; run "make d
             istclean" there first
     10      ==> openmpi: Executing phase: 'build'
     11      ==> [2022-02-25-17:07:53.560271] 'make' '-j2' 'V=1'
     12      Making all in config
     13      make[1]: Entering directory `/tmp/sochat1/spack-stage/spack-stage-
             openmpi-1.2.5-kvnyttjjnvrdtr4liumvj4fvg3asuogm/spack-src/config'
     14      make[1]: Nothing to be done for `all'.
     15      make[1]: Leaving directory `/tmp/sochat1/spack-stage/spack-stage-o
             penmpi-1.2.5-kvnyttjjnvrdtr4liumvj4fvg3asuogm/spack-src/config'

     ...

     8547    
     8548       16 |   call MPI_Comm_spawn_multiple(count, array_of_commands, a
             rray_of_argv, &
     8549          |                                                         2
     8550    ......
     8551       36 |   call MPI_Comm_spawn_multiple(count, array_of_commands, a
             rray_of_argv, &
     8552          |                                                         1
  >> 8553    Error: Type mismatch between actual argument at (1) and actual arg
             ument at (2) (REAL(8)/CHARACTER(*)).
  >> 8554    make[5]: *** [mpi_comm_spawn_multiple_f90.lo] Error 1
     8555    make[5]: *** Waiting for unfinished jobs....
     8556    make[5]: Leaving directory `/tmp/sochat1/spack-stage/spack-stage-o
             penmpi-1.2.5-kvnyttjjnvrdtr4liumvj4fvg3asuogm/spack-src/ompi/mpi/f
             90'
  >> 8557    make[4]: *** [all-recursive] Error 1
     8558    make[4]: Leaving directory `/tmp/sochat1/spack-stage/spack-stage-o
             penmpi-1.2.5-kvnyttjjnvrdtr4liumvj4fvg3asuogm/spack-src/ompi/mpi/f
             90'
  >> 8559    make[3]: *** [all] Error 2
     8560    make[3]: Leaving directory `/tmp/sochat1/spack-stage/spack-stage-o
             penmpi-1.2.5-kvnyttjjnvrdtr4liumvj4fvg3asuogm/spack-src/ompi/mpi/f
             90'
  >> 8561    make[2]: *** [all-recursive] Error 1
     8562    make[2]: Leaving directory `/tmp/sochat1/spack-stage/spack-stage-o
             penmpi-1.2.5-kvnyttjjnvrdtr4liumvj4fvg3asuogm/spack-src/ompi/mpi'
  >> 8563    make[1]: *** [all-recursive] Error 1
     8564    make[1]: Leaving directory `/tmp/sochat1/spack-stage/spack-stage-o
             penmpi-1.2.5-kvnyttjjnvrdtr4liumvj4fvg3asuogm/spack-src/ompi'
  >> 8565    make: *** [all-recursive] Error 1

See build log for details:
  /var/tmp/sochat1/spack-stage/spack-stage-openmpi-1.2.5-kvnyttjjnvrdtr4liumvj4fvg3asuogm/spack-build-out.txt

Making predictions for symbolator
Making predictions for libabigail
Making predictions for actual
Making predictions for spack-test
Making predictions for symbolator
Making predictions for libabigail
abicompat not found on path, will look for spack instead.
Making predictions for actual
