==> Error: ProcessError: Command exited with status 1:
    '/var/tmp/sochat1/spack-stage/spack-stage-openmpi-1.2.2-ogeswioh6hklj2z4cabpbsx5fg47kvhi/spack-src/configure' '--prefix=/p/vast1/build/spack/opt/spack/linux-rhel7-broadwell/gcc-10.2.1/openmpi-1.2.2-ogeswioh6hklj2z4cabpbsx5fg47kvhi' '--enable-shared' '--disable-silent-rules' '--disable-builtin-atomics' '--enable-static' '--without-pmi' '--without-psm' '--without-xpmem' '--without-knem' '--without-psm2' '--without-mxm' '--without-openib' '--without-hcoll' '--without-cma' '--without-ucx' '--without-fca' '--without-libfabric' '--without-lsf' '--without-loadleveler' '--without-sge' '--without-tm' '--without-alps' '--without-slurm' '--disable-memchecker' '--with-gpfs' '--without-sqlite3' '--disable-wrapper-rpath' '--disable-mpi-cxx' '--disable-cxx-exceptions'

10 errors found in build log:
     2       ==> openmpi: Executing phase: 'configure'
     3       ==> [2022-02-25-18:23:32.604700] '/var/tmp/sochat1/spack-stage/spa
             ck-stage-openmpi-1.2.2-ogeswioh6hklj2z4cabpbsx5fg47kvhi/spack-src/
             configure' '--prefix=/p/vast1/build/spack/opt/spack/linux-rhel7-br
             oadwell/gcc-10.2.1/openmpi-1.2.2-ogeswioh6hklj2z4cabpbsx5fg47kvhi'
              '--enable-shared' '--disable-silent-rules' '--disable-builtin-ato
             mics' '--enable-static' '--without-pmi' '--without-psm' '--without
             -xpmem' '--without-knem' '--without-psm2' '--without-mxm' '--witho
             ut-openib' '--without-hcoll' '--without-cma' '--without-ucx' '--wi
             thout-fca' '--without-libfabric' '--without-lsf' '--without-loadle
             veler' '--without-sge' '--without-tm' '--without-alps' '--without-
             slurm' '--disable-memchecker' '--with-gpfs' '--without-sqlite3' '-
             -disable-wrapper-rpath' '--disable-mpi-cxx' '--disable-cxx-excepti
             ons'
     4       checking for a BSD-compatible install... /usr/bin/install -c
     5       checking whether build environment is sane... yes
     6       checking for gawk... gawk
     7       checking whether make sets $(MAKE)... yes
  >> 8       configure: error: source directory already configured; run "make d
             istclean" there first
     9       ==> openmpi: Executing phase: 'build'
     10      ==> [2022-02-25-17:48:02.611522] 'make' '-j2' 'V=1'
     11      Making all in config
     12      make[1]: Entering directory `/tmp/sochat1/spack-stage/spack-stage-
             openmpi-1.2.2-ogeswioh6hklj2z4cabpbsx5fg47kvhi/spack-src/config'
     13      make[1]: Nothing to be done for `all'.
     14      make[1]: Leaving directory `/tmp/sochat1/spack-stage/spack-stage-o
             penmpi-1.2.2-ogeswioh6hklj2z4cabpbsx5fg47kvhi/spack-src/config'

     ...

     8547    
     8548       16 |   call MPI_Comm_spawn_multiple(count, array_of_commands, a
             rray_of_argv, &
     8549          |                                                         2
     8550    ......
     8551       36 |   call MPI_Comm_spawn_multiple(count, array_of_commands, a
             rray_of_argv, &
     8552          |                                                         1
  >> 8553    Error: Type mismatch between actual argument at (1) and actual arg
             ument at (2) (REAL(8)/CHARACTER(*)).
  >> 8554    make[5]: *** [mpi_comm_spawn_multiple_f90.lo] Error 1
     8555    make[5]: *** Waiting for unfinished jobs....
     8556    libtool: compile:  /p/vast1/build/spack/lib/spack/env/gcc/gfortran
              -I../../../ompi/include -I/var/tmp/sochat1/spack-stage/spack-stag
             e-openmpi-1.2.2-ogeswioh6hklj2z4cabpbsx5fg47kvhi/spack-src/ompi/in
             clude -I. -I/var/tmp/sochat1/spack-stage/spack-stage-openmpi-1.2.2
             -ogeswioh6hklj2z4cabpbsx5fg47kvhi/spack-src/ompi/mpi/f90 -I../../.
             ./ompi/mpi/f90 -c mpi_testall_f90.f90  -fPIC -o .libs/mpi_testall_
             f90.o
     8557    mpi_testall_f90.f90:22:51:
     8558    
     8559       10 |   call MPI_Testall(count, array_of_requests, flag, array_o
             f_statuses, ierr)
     8560          |                                                   2
     8561    ......
     8562       22 |   call MPI_Testall(count, array_of_requests, flag, array_o
             f_statuses, ierr)
     8563          |                                                   1
  >> 8564    Error: Type mismatch between actual argument at (1) and actual arg
             ument at (2) (REAL(8)/INTEGER(4)).
  >> 8565    make[5]: *** [mpi_testall_f90.lo] Error 1
     8566    make[5]: Leaving directory `/tmp/sochat1/spack-stage/spack-stage-o
             penmpi-1.2.2-ogeswioh6hklj2z4cabpbsx5fg47kvhi/spack-src/ompi/mpi/f
             90'
  >> 8567    make[4]: *** [all-recursive] Error 1
     8568    make[4]: Leaving directory `/tmp/sochat1/spack-stage/spack-stage-o
             penmpi-1.2.2-ogeswioh6hklj2z4cabpbsx5fg47kvhi/spack-src/ompi/mpi/f
             90'
  >> 8569    make[3]: *** [all] Error 2
     8570    make[3]: Leaving directory `/tmp/sochat1/spack-stage/spack-stage-o
             penmpi-1.2.2-ogeswioh6hklj2z4cabpbsx5fg47kvhi/spack-src/ompi/mpi/f
             90'
  >> 8571    make[2]: *** [all-recursive] Error 1
     8572    make[2]: Leaving directory `/tmp/sochat1/spack-stage/spack-stage-o
             penmpi-1.2.2-ogeswioh6hklj2z4cabpbsx5fg47kvhi/spack-src/ompi/mpi'
  >> 8573    make[1]: *** [all-recursive] Error 1
     8574    make[1]: Leaving directory `/tmp/sochat1/spack-stage/spack-stage-o
             penmpi-1.2.2-ogeswioh6hklj2z4cabpbsx5fg47kvhi/spack-src/ompi'
  >> 8575    make: *** [all-recursive] Error 1

See build log for details:
  /var/tmp/sochat1/spack-stage/spack-stage-openmpi-1.2.2-ogeswioh6hklj2z4cabpbsx5fg47kvhi/spack-build-out.txt

Making predictions for symbolator
Making predictions for libabigail
Making predictions for actual
==> Error: ProcessError: Command exited with status 1:
    '/var/tmp/sochat1/spack-stage/spack-stage-openmpi-1.2.2-ogeswioh6hklj2z4cabpbsx5fg47kvhi/spack-src/configure' '--prefix=/p/vast1/build/spack/opt/spack/linux-rhel7-broadwell/gcc-10.2.1/openmpi-1.2.2-ogeswioh6hklj2z4cabpbsx5fg47kvhi' '--enable-shared' '--disable-silent-rules' '--disable-builtin-atomics' '--enable-static' '--without-pmi' '--without-xpmem' '--without-psm2' '--without-ucx' '--without-mxm' '--without-libfabric' '--without-knem' '--without-psm' '--without-cma' '--without-fca' '--without-openib' '--without-hcoll' '--without-sge' '--without-tm' '--without-alps' '--without-loadleveler' '--without-lsf' '--without-slurm' '--disable-memchecker' '--with-gpfs' '--without-sqlite3' '--disable-wrapper-rpath' '--disable-mpi-cxx' '--disable-cxx-exceptions'

16 errors found in build log:
     2       ==> openmpi: Executing phase: 'configure'
     3       ==> [2022-03-04-03:17:34.723937] '/var/tmp/sochat1/spack-stage/spa
             ck-stage-openmpi-1.2.2-ogeswioh6hklj2z4cabpbsx5fg47kvhi/spack-src/
             configure' '--prefix=/p/vast1/build/spack/opt/spack/linux-rhel7-br
             oadwell/gcc-10.2.1/openmpi-1.2.2-ogeswioh6hklj2z4cabpbsx5fg47kvhi'
              '--enable-shared' '--disable-silent-rules' '--disable-builtin-ato
             mics' '--enable-static' '--without-pmi' '--without-xpmem' '--witho
             ut-psm2' '--without-ucx' '--without-mxm' '--without-libfabric' '--
             without-knem' '--without-psm' '--without-cma' '--without-fca' '--w
             ithout-openib' '--without-hcoll' '--without-sge' '--without-tm' '-
             -without-alps' '--without-loadleveler' '--without-lsf' '--without-
             slurm' '--disable-memchecker' '--with-gpfs' '--without-sqlite3' '-
             -disable-wrapper-rpath' '--disable-mpi-cxx' '--disable-cxx-excepti
             ons'
     4       checking for a BSD-compatible install... /usr/bin/install -c
     5       checking whether build environment is sane... yes
     6       checking for gawk... gawk
     7       checking whether make sets $(MAKE)... yes
  >> 8       configure: error: source directory already configured; run "make d
             istclean" there first
     9       ==> openmpi: Executing phase: 'build'
     10      ==> [2022-03-04-02:59:41.435561] 'make' '-j16' 'V=1'
     11      Making all in config
     12      make[1]: Entering directory `/tmp/sochat1/spack-stage/spack-stage-
             openmpi-1.2.2-ogeswioh6hklj2z4cabpbsx5fg47kvhi/spack-src/config'
     13      make[1]: Nothing to be done for `all'.
     14      make[1]: Leaving directory `/tmp/sochat1/spack-stage/spack-stage-o
             penmpi-1.2.2-ogeswioh6hklj2z4cabpbsx5fg47kvhi/spack-src/config'

     ...

     8556    
     8557       16 |   call MPI_Comm_spawn_multiple(count, array_of_commands, a
             rray_of_argv, &
     8558          |                                                         2
     8559    ......
     8560       36 |   call MPI_Comm_spawn_multiple(count, array_of_commands, a
             rray_of_argv, &
     8561          |                                                         1
  >> 8562    Error: Type mismatch between actual argument at (1) and actual arg
             ument at (2) (REAL(8)/CHARACTER(*)).
     8563    mpi_waitsome_f90.f90:26:76:
     8564    
     8565       12 |   call MPI_Waitsome(incount, array_of_requests, outcount, 
             array_of_indices, array_of_statuses, ierr)
     8566          |                                                           
                              2
     8567    ......
     8568       26 |   call MPI_Waitsome(incount, array_of_requests, outcount, 
             array_of_indices, array_of_statuses, ierr)
     8569          |                                                           
                              1
  >> 8570    Error: Type mismatch between actual argument at (1) and actual arg
             ument at (2) (REAL(8)/INTEGER(4)).
     8571    mpi_testall_f90.f90:22:51:
     8572    
     8573       10 |   call MPI_Testall(count, array_of_requests, flag, array_o
             f_statuses, ierr)
     8574          |                                                   2
     8575    ......
     8576       22 |   call MPI_Testall(count, array_of_requests, flag, array_o
             f_statuses, ierr)
     8577          |                                                   1
  >> 8578    Error: Type mismatch between actual argument at (1) and actual arg
             ument at (2) (REAL(8)/INTEGER(4)).
     8579    mpi_waitall_f90.f90:18:45:
     8580    
     8581        8 |   call MPI_Waitall(count, array_of_requests, array_of_stat
             uses, ierr)
     8582          |                                             2
     8583    ......
     8584       18 |   call MPI_Waitall(count, array_of_requests, array_of_stat
             uses, ierr)
     8585          |                                             1
  >> 8586    Error: Type mismatch between actual argument at (1) and actual arg
             ument at (2) (REAL(8)/INTEGER(4)).
  >> 8587    make[5]: *** [mpi_comm_spawn_multiple_f90.lo] Error 1
     8588    make[5]: *** Waiting for unfinished jobs....
     8589    mpi_testsome_f90.f90:26:76:
     8590    
     8591       12 |   call MPI_Testsome(incount, array_of_requests, outcount, 
             array_of_indices, array_of_statuses, ierr)
     8592          |                                                           
                              2
     8593    ......
     8594       26 |   call MPI_Testsome(incount, array_of_requests, outcount, 
             array_of_indices, array_of_statuses, ierr)
     8595          |                                                           
                              1
  >> 8596    Error: Type mismatch between actual argument at (1) and actual arg
             ument at (2) (REAL(8)/INTEGER(4)).
  >> 8597    make[5]: *** [mpi_testall_f90.lo] Error 1
  >> 8598    make[5]: *** [mpi_waitsome_f90.lo] Error 1
  >> 8599    make[5]: *** [mpi_waitall_f90.lo] Error 1
  >> 8600    make[5]: *** [mpi_testsome_f90.lo] Error 1
     8601    libtool: compile:  /p/vast1/build/spack/lib/spack/env/gcc/gfortran
              -I../../../ompi/include -I/var/tmp/sochat1/spack-stage/spack-stag
             e-openmpi-1.2.2-ogeswioh6hklj2z4cabpbsx5fg47kvhi/spack-src/ompi/in
             clude -I. -I/var/tmp/sochat1/spack-stage/spack-stage-openmpi-1.2.2
             -ogeswioh6hklj2z4cabpbsx5fg47kvhi/spack-src/ompi/mpi/f90 -I../../.
             ./ompi/mpi/f90 -c mpi_wtime_f90.f90 -o mpi_wtime_f90.o >/dev/null 
             2>&1
     8602    libtool: compile:  /p/vast1/build/spack/lib/spack/env/gcc/gfortran
              -I../../../ompi/include -I/var/tmp/sochat1/spack-stage/spack-stag
             e-openmpi-1.2.2-ogeswioh6hklj2z4cabpbsx5fg47kvhi/spack-src/ompi/in
             clude -I. -I/var/tmp/sochat1/spack-stage/spack-stage-openmpi-1.2.2
             -ogeswioh6hklj2z4cabpbsx5fg47kvhi/spack-src/ompi/mpi/f90 -I../../.
             ./ompi/mpi/f90 -c mpi_wtick_f90.f90 -o mpi_wtick_f90.o >/dev/null 
             2>&1
     8603    libtool: compile:  /p/vast1/build/spack/lib/spack/env/gcc/gfortran
              -I../../../ompi/include -I/var/tmp/sochat1/spack-stage/spack-stag
             e-openmpi-1.2.2-ogeswioh6hklj2z4cabpbsx5fg47kvhi/spack-src/ompi/in
             clude -I. -I/var/tmp/sochat1/spack-stage/spack-stage-openmpi-1.2.2
             -ogeswioh6hklj2z4cabpbsx5fg47kvhi/spack-src/ompi/mpi/f90 -I../../.
             ./ompi/mpi/f90 -c mpi_sizeof.f90 -o mpi_sizeof.o >/dev/null 2>&1
     8604    libtool: compile:  /p/vast1/build/spack/lib/spack/env/gcc/gfortran
              -I../../../ompi/include -I/var/tmp/sochat1/spack-stage/spack-stag
             e-openmpi-1.2.2-ogeswioh6hklj2z4cabpbsx5fg47kvhi/spack-src/ompi/in
             clude -I. -I/var/tmp/sochat1/spack-stage/spack-stage-openmpi-1.2.2
             -ogeswioh6hklj2z4cabpbsx5fg47kvhi/spack-src/ompi/mpi/f90 -I../../.
             ./ompi/mpi/f90 -c mpi.f90 -o mpi.o >/dev/null 2>&1
     8605    make[5]: Leaving directory `/tmp/sochat1/spack-stage/spack-stage-o
             penmpi-1.2.2-ogeswioh6hklj2z4cabpbsx5fg47kvhi/spack-src/ompi/mpi/f
             90'
  >> 8606    make[4]: *** [all-recursive] Error 1
     8607    make[4]: Leaving directory `/tmp/sochat1/spack-stage/spack-stage-o
             penmpi-1.2.2-ogeswioh6hklj2z4cabpbsx5fg47kvhi/spack-src/ompi/mpi/f
             90'
  >> 8608    make[3]: *** [all] Error 2
     8609    make[3]: Leaving directory `/tmp/sochat1/spack-stage/spack-stage-o
             penmpi-1.2.2-ogeswioh6hklj2z4cabpbsx5fg47kvhi/spack-src/ompi/mpi/f
             90'
  >> 8610    make[2]: *** [all-recursive] Error 1
     8611    make[2]: Leaving directory `/tmp/sochat1/spack-stage/spack-stage-o
             penmpi-1.2.2-ogeswioh6hklj2z4cabpbsx5fg47kvhi/spack-src/ompi/mpi'
  >> 8612    make[1]: *** [all-recursive] Error 1
     8613    make[1]: Leaving directory `/tmp/sochat1/spack-stage/spack-stage-o
             penmpi-1.2.2-ogeswioh6hklj2z4cabpbsx5fg47kvhi/spack-src/ompi'
  >> 8614    make: *** [all-recursive] Error 1

See build log for details:
  /var/tmp/sochat1/spack-stage/spack-stage-openmpi-1.2.2-ogeswioh6hklj2z4cabpbsx5fg47kvhi/spack-build-out.txt

Making predictions for spack-test
Making predictions for symbolator
Making predictions for libabigail
abicompat not found on path, will look for spack instead.
Making predictions for actual
