==> Error: ProcessError: Command exited with status 1:
    '/var/tmp/sochat1/spack-stage/spack-stage-openmpi-1.4.4-z5bmhiez4fhuf3wl5dnwqnjcmacdkdte/spack-src/configure' '--prefix=/p/vast1/build/spack/opt/spack/linux-rhel7-broadwell/gcc-10.2.1/openmpi-1.4.4-z5bmhiez4fhuf3wl5dnwqnjcmacdkdte' '--enable-shared' '--disable-silent-rules' '--disable-builtin-atomics' '--enable-static' '--without-pmi' '--without-mxm' '--without-hcoll' '--without-xpmem' '--without-openib' '--without-knem' '--without-libfabric' '--without-cma' '--without-psm2' '--without-psm' '--without-ucx' '--without-fca' '--without-sge' '--without-tm' '--without-alps' '--without-slurm' '--without-lsf' '--without-loadleveler' '--disable-memchecker' '--with-gpfs' '--without-sqlite3' '--disable-wrapper-rpath' '--disable-mpi-cxx' '--disable-cxx-exceptions'

1 error found in build log:
     4     configure: WARNING: unrecognized options: --disable-silent-rules, --
           disable-builtin-atomics, --without-pmi, --without-mxm, --without-hco
           ll, --without-xpmem, --without-knem, --without-libfabric, --without-
           cma, --without-psm2, --without-ucx, --without-fca, --with-gpfs, --wi
           thout-sqlite3, --disable-wrapper-rpath
     5     checking for a BSD-compatible install... /usr/bin/install -c
     6     checking whether build environment is sane... yes
     7     checking for a thread-safe mkdir -p... /usr/bin/mkdir -p
     8     checking for gawk... gawk
     9     checking whether make sets $(MAKE)... yes
  >> 10    configure: error: source directory already configured; run "make dis
           tclean" there first
     11    ==> openmpi: Executing phase: 'build'
     12    ==> [2022-02-25-17:01:01.462414] 'make' '-j2' 'V=1'
     13    Making all in config
     14    make[1]: Entering directory `/tmp/sochat1/spack-stage/spack-stage-op
           enmpi-1.4.4-z5bmhiez4fhuf3wl5dnwqnjcmacdkdte/spack-src/config'
     15    make[1]: Nothing to be done for `all'.
     16    make[1]: Leaving directory `/tmp/sochat1/spack-stage/spack-stage-ope
           nmpi-1.4.4-z5bmhiez4fhuf3wl5dnwqnjcmacdkdte/spack-src/config'

See build log for details:
  /var/tmp/sochat1/spack-stage/spack-stage-openmpi-1.4.4-z5bmhiez4fhuf3wl5dnwqnjcmacdkdte/spack-build-out.txt

Making predictions for symbolator
Making predictions for libabigail
Making predictions for actual
==> Error: ProcessError: Command exited with status 2:
    'make' '-j16' 'V=1'

17 errors found in build log:
     1927     checking whether the /p/vast1/build/spack/lib/spack/env/gcc/g++ l
              inker (/usr/tce/packages/gcc/gcc-10.2.1/rh/usr/libexec/gcc/x86_64
              -redhat-linux/10/ld -m elf_x86_64) supports shared libraries... y
              es
     1928     checking dynamic linker characteristics... GNU/Linux ld.so
     1929     checking how to hardcode library paths into programs... immediate
     1930     checking vtf3.h usability... no
     1931     checking vtf3.h presence... no
     1932     checking for vtf3.h... no
  >> 1933     configure: error: no vtf3.h found; check path for VTF3 package fi
              rst...
     1934     checking zlib.h usability... yes
     1935     checking zlib.h presence... yes
     1936     checking for zlib.h... yes
     1937     checking for ANSI C header files... (cached) yes
     1938     checking stddef.h usability... yes
     1939     checking stddef.h presence... yes

     ...

     1981     checking for compiler instrumentation... gnu
     1982     checking if /usr/bin/nm -B demangle option --demangle works... ye
              s
     1983     checking if /usr/bin/nm -B line numbers option --line-numbers wor
              ks... yes
     1984     checking BPatch.h usability... no
     1985     checking BPatch.h presence... no
     1986     checking for BPatch.h... no
  >> 1987     configure: error: no BPatch.h found; check path for Dyninst packa
              ge first...
     1988     configure: skipped further tests for MPI
     1989     checking for OpenMP flag of C compiler... -fopenmp
     1990     checking omp.h usability... yes
     1991     checking omp.h presence... yes
     1992     checking for omp.h... yes
     1993     checking malloc.h usability... yes

     ...

     2012     checking for pwrite64... yes
     2013     checking papi.h usability... yes
     2014     checking papi.h presence... yes
     2015     checking for papi.h... yes
     2016     checking whether linking with -lpapi works... yes
     2017     checking whether PAPI version = 3.x... no
  >> 2018     configure: error: PAPI version could not be determined and/or is 
              incompatible (!= 3.x)
     2019     See `config.log' for more details.
     2020     configure: creating ./config.status
     2021     config.status: creating Makefile
     2022     config.status: creating util/Makefile
     2023     config.status: creating util/installdirs_conf.h
     2024     config.status: creating extlib/Makefile

     ...

     13421    
     13422       16 |   call MPI_Comm_spawn_multiple(count, array_of_commands, 
              array_of_argv, &
     13423          |                                                         2
     13424    ......
     13425       36 |   call MPI_Comm_spawn_multiple(count, array_of_commands, 
              array_of_argv, &
     13426          |                                                         1
  >> 13427    Error: Type mismatch between actual argument at (1) and actual ar
              gument at (2) (REAL(8)/CHARACTER(*)).
     13428    mpi_testall_f90.f90:22:51:
     13429    
     13430       10 |   call MPI_Testall(count, array_of_requests, flag, array_
              of_statuses, ierr)
     13431          |                                                   2
     13432    ......
     13433       22 |   call MPI_Testall(count, array_of_requests, flag, array_
              of_statuses, ierr)
     13434          |                                                   1
  >> 13435    Error: Type mismatch between actual argument at (1) and actual ar
              gument at (2) (REAL(8)/INTEGER(4)).
  >> 13436    make[4]: *** [mpi_comm_spawn_multiple_f90.lo] Error 1
     13437    make[4]: *** Waiting for unfinished jobs....
     13438    mpi_waitall_f90.f90:18:45:
     13439    
     13440        8 |   call MPI_Waitall(count, array_of_requests, array_of_sta
              tuses, ierr)
     13441          |                                             2
     13442    ......
     13443       18 |   call MPI_Waitall(count, array_of_requests, array_of_sta
              tuses, ierr)
     13444          |                                             1
  >> 13445    Error: Type mismatch between actual argument at (1) and actual ar
              gument at (2) (REAL(8)/INTEGER(4)).
  >> 13446    make[4]: *** [mpi_testall_f90.lo] Error 1
     13447    mpi_waitsome_f90.f90:26:76:
     13448    
     13449       12 |   call MPI_Waitsome(incount, array_of_requests, outcount,
               array_of_indices, array_of_statuses, ierr)
     13450          |                                                          
                                2
     13451    ......
     13452       26 |   call MPI_Waitsome(incount, array_of_requests, outcount,
               array_of_indices, array_of_statuses, ierr)
     13453          |                                                          
                                1
  >> 13454    Error: Type mismatch between actual argument at (1) and actual ar
              gument at (2) (REAL(8)/INTEGER(4)).
  >> 13455    make[4]: *** [mpi_waitall_f90.lo] Error 1
     13456    mpi_testsome_f90.f90:26:76:
     13457    
     13458       12 |   call MPI_Testsome(incount, array_of_requests, outcount,
               array_of_indices, array_of_statuses, ierr)
     13459          |                                                          
                                2
     13460    ......
     13461       26 |   call MPI_Testsome(incount, array_of_requests, outcount,
               array_of_indices, array_of_statuses, ierr)
     13462          |                                                          
                                1
  >> 13463    Error: Type mismatch between actual argument at (1) and actual ar
              gument at (2) (REAL(8)/INTEGER(4)).
  >> 13464    make[4]: *** [mpi_waitsome_f90.lo] Error 1
  >> 13465    make[4]: *** [mpi_testsome_f90.lo] Error 1
     13466    libtool: compile:  /p/vast1/build/spack/lib/spack/env/gcc/gfortra
              n -I../../../ompi/include -I/var/tmp/sochat1/spack-stage/spack-st
              age-openmpi-1.4.4-z5bmhiez4fhuf3wl5dnwqnjcmacdkdte/spack-src/ompi
              /include -I. -I/var/tmp/sochat1/spack-stage/spack-stage-openmpi-1
              .4.4-z5bmhiez4fhuf3wl5dnwqnjcmacdkdte/spack-src/ompi/mpi/f90 -I..
              /../../ompi/mpi/f90 -c mpi_wtime_f90.f90 -o mpi_wtime_f90.o >/dev
              /null 2>&1
     13467    libtool: compile:  /p/vast1/build/spack/lib/spack/env/gcc/gfortra
              n -I../../../ompi/include -I/var/tmp/sochat1/spack-stage/spack-st
              age-openmpi-1.4.4-z5bmhiez4fhuf3wl5dnwqnjcmacdkdte/spack-src/ompi
              /include -I. -I/var/tmp/sochat1/spack-stage/spack-stage-openmpi-1
              .4.4-z5bmhiez4fhuf3wl5dnwqnjcmacdkdte/spack-src/ompi/mpi/f90 -I..
              /../../ompi/mpi/f90 -c mpi_wtick_f90.f90 -o mpi_wtick_f90.o >/dev
              /null 2>&1
     13468    libtool: compile:  /p/vast1/build/spack/lib/spack/env/gcc/gfortra
              n -I../../../ompi/include -I/var/tmp/sochat1/spack-stage/spack-st
              age-openmpi-1.4.4-z5bmhiez4fhuf3wl5dnwqnjcmacdkdte/spack-src/ompi
              /include -I. -I/var/tmp/sochat1/spack-stage/spack-stage-openmpi-1
              .4.4-z5bmhiez4fhuf3wl5dnwqnjcmacdkdte/spack-src/ompi/mpi/f90 -I..
              /../../ompi/mpi/f90 -c mpi_sizeof.f90 -o mpi_sizeof.o >/dev/null 
              2>&1
     13469    libtool: compile:  /p/vast1/build/spack/lib/spack/env/gcc/gfortra
              n -I../../../ompi/include -I/var/tmp/sochat1/spack-stage/spack-st
              age-openmpi-1.4.4-z5bmhiez4fhuf3wl5dnwqnjcmacdkdte/spack-src/ompi
              /include -I. -I/var/tmp/sochat1/spack-stage/spack-stage-openmpi-1
              .4.4-z5bmhiez4fhuf3wl5dnwqnjcmacdkdte/spack-src/ompi/mpi/f90 -I..
              /../../ompi/mpi/f90 -c mpi.f90 -o mpi.o >/dev/null 2>&1
     13470    make[4]: Leaving directory `/tmp/sochat1/spack-stage/spack-stage-
              openmpi-1.4.4-z5bmhiez4fhuf3wl5dnwqnjcmacdkdte/spack-src/ompi/mpi
              /f90'
  >> 13471    make[3]: *** [all-recursive] Error 1
     13472    make[3]: Leaving directory `/tmp/sochat1/spack-stage/spack-stage-
              openmpi-1.4.4-z5bmhiez4fhuf3wl5dnwqnjcmacdkdte/spack-src/ompi/mpi
              /f90'
  >> 13473    make[2]: *** [all] Error 2
     13474    make[2]: Leaving directory `/tmp/sochat1/spack-stage/spack-stage-
              openmpi-1.4.4-z5bmhiez4fhuf3wl5dnwqnjcmacdkdte/spack-src/ompi/mpi
              /f90'
  >> 13475    make[1]: *** [all-recursive] Error 1
     13476    make[1]: Leaving directory `/tmp/sochat1/spack-stage/spack-stage-
              openmpi-1.4.4-z5bmhiez4fhuf3wl5dnwqnjcmacdkdte/spack-src/ompi'
  >> 13477    make: *** [all-recursive] Error 1

See build log for details:
  /var/tmp/sochat1/spack-stage/spack-stage-openmpi-1.4.4-z5bmhiez4fhuf3wl5dnwqnjcmacdkdte/spack-build-out.txt

Making predictions for spack-test
Making predictions for symbolator
Making predictions for libabigail
abicompat not found on path, will look for spack instead.
Making predictions for actual
