/var/spool/slurmd/job97981/slurm_script: line 12: 45898 Killed                  spliced splice --package openmpi@1.1.2 --splice zlib --runner spack --replace zlib --experiment experiment --outfile /p/vast1/build/spliced-experiment/results/openmpi/1.1.2/zlib/experiment.json
==> Error: ProcessError: Command exited with status 2:
    'make' '-j16' 'V=1'

14 errors found in build log:
     10240    
     10241       16 |   call MPI_Comm_spawn_multiple(count, array_of_commands, 
              array_of_argv, &
     10242          |                                                         2
     10243    ......
     10244       36 |   call MPI_Comm_spawn_multiple(count, array_of_commands, 
              array_of_argv, &
     10245          |                                                         1
  >> 10246    Error: Type mismatch between actual argument at (1) and actual ar
              gument at (2) (REAL(8)/CHARACTER(*)).
     10247    mpi_testall_f90.f90:22:51:
     10248    
     10249       10 |   call MPI_Testall(count, array_of_requests, flag, array_
              of_statuses, ierr)
     10250          |                                                   2
     10251    ......
     10252       22 |   call MPI_Testall(count, array_of_requests, flag, array_
              of_statuses, ierr)
     10253          |                                                   1
  >> 10254    Error: Type mismatch between actual argument at (1) and actual ar
              gument at (2) (REAL(8)/INTEGER(4)).
     10255    mpi_testsome_f90.f90:26:76:
     10256    
     10257       12 |   call MPI_Testsome(incount, array_of_requests, outcount,
               array_of_indices, array_of_statuses, ierr)
     10258          |                                                          
                                2
     10259    ......
     10260       26 |   call MPI_Testsome(incount, array_of_requests, outcount,
               array_of_indices, array_of_statuses, ierr)
     10261          |                                                          
                                1
  >> 10262    Error: Type mismatch between actual argument at (1) and actual ar
              gument at (2) (REAL(8)/INTEGER(4)).
     10263    mpi_waitall_f90.f90:18:45:
     10264    
     10265        8 |   call MPI_Waitall(count, array_of_requests, array_of_sta
              tuses, ierr)
     10266          |                                             2
     10267    ......
     10268       18 |   call MPI_Waitall(count, array_of_requests, array_of_sta
              tuses, ierr)
     10269          |                                             1
  >> 10270    Error: Type mismatch between actual argument at (1) and actual ar
              gument at (2) (REAL(8)/INTEGER(4)).
  >> 10271    make[4]: *** [mpi_comm_spawn_multiple_f90.o] Error 1
     10272    make[4]: *** Waiting for unfinished jobs....
  >> 10273    make[4]: *** [mpi_testall_f90.o] Error 1
  >> 10274    make[4]: *** [mpi_testsome_f90.o] Error 1
  >> 10275    make[4]: *** [mpi_waitall_f90.o] Error 1
     10276    mpi_waitsome_f90.f90:26:76:
     10277    
     10278       12 |   call MPI_Waitsome(incount, array_of_requests, outcount,
               array_of_indices, array_of_statuses, ierr)
     10279          |                                                          
                                2
     10280    ......
     10281       26 |   call MPI_Waitsome(incount, array_of_requests, outcount,
               array_of_indices, array_of_statuses, ierr)
     10282          |                                                          
                                1
  >> 10283    Error: Type mismatch between actual argument at (1) and actual ar
              gument at (2) (REAL(8)/INTEGER(4)).
  >> 10284    make[4]: *** [mpi_waitsome_f90.o] Error 1
     10285    make[4]: Leaving directory `/tmp/sochat1/spack-stage/spack-stage-
              openmpi-1.1.2-ic7xg6cifqabojywi6hdjoymew3s4b42/spack-src/ompi/mpi
              /f90'
  >> 10286    make[3]: *** [all-recursive] Error 1
     10287    make[3]: Leaving directory `/tmp/sochat1/spack-stage/spack-stage-
              openmpi-1.1.2-ic7xg6cifqabojywi6hdjoymew3s4b42/spack-src/ompi/mpi
              /f90'
  >> 10288    make[2]: *** [all-recursive] Error 1
     10289    make[2]: Leaving directory `/tmp/sochat1/spack-stage/spack-stage-
              openmpi-1.1.2-ic7xg6cifqabojywi6hdjoymew3s4b42/spack-src/ompi/mpi
              '
  >> 10290    make[1]: *** [all-recursive] Error 1
     10291    make[1]: Leaving directory `/tmp/sochat1/spack-stage/spack-stage-
              openmpi-1.1.2-ic7xg6cifqabojywi6hdjoymew3s4b42/spack-src/ompi'
  >> 10292    make: *** [all-recursive] Error 1

See build log for details:
  /var/tmp/sochat1/spack-stage/spack-stage-openmpi-1.1.2-ic7xg6cifqabojywi6hdjoymew3s4b42/spack-build-out.txt

Making predictions for spack-test
Making predictions for symbolator
Making predictions for libabigail
abicompat not found on path, will look for spack instead.
Making predictions for actual
