/var/spool/slurmd/job97802/slurm_script: line 12: 56596 Killed                  spliced splice --package openmpi@1.2.4 --splice perl --runner spack --replace perl --experiment experiment --outfile /p/vast1/build/spliced-experiment/results/openmpi/1.2.4/perl/experiment.json
==> Error: ProcessError: Command exited with status 2:
    'make' '-j16' 'V=1'

13 errors found in build log:
     10453    
     10454        8 |   call MPI_Waitall(count, array_of_requests, array_of_sta
              tuses, ierr)
     10455          |                                             2
     10456    ......
     10457       18 |   call MPI_Waitall(count, array_of_requests, array_of_sta
              tuses, ierr)
     10458          |                                             1
  >> 10459    Error: Type mismatch between actual argument at (1) and actual ar
              gument at (2) (REAL(8)/INTEGER(4)).
     10460    mpi_testall_f90.f90:22:51:
     10461    
     10462       10 |   call MPI_Testall(count, array_of_requests, flag, array_
              of_statuses, ierr)
     10463          |                                                   2
     10464    ......
     10465       22 |   call MPI_Testall(count, array_of_requests, flag, array_
              of_statuses, ierr)
     10466          |                                                   1
  >> 10467    Error: Type mismatch between actual argument at (1) and actual ar
              gument at (2) (REAL(8)/INTEGER(4)).
  >> 10468    make[5]: *** [mpi_waitall_f90.lo] Error 1
     10469    make[5]: *** Waiting for unfinished jobs....
  >> 10470    make[5]: *** [mpi_testall_f90.lo] Error 1
     10471    mpi_testsome_f90.f90:26:76:
     10472    
     10473       12 |   call MPI_Testsome(incount, array_of_requests, outcount,
               array_of_indices, array_of_statuses, ierr)
     10474          |                                                          
                                2
     10475    ......
     10476       26 |   call MPI_Testsome(incount, array_of_requests, outcount,
               array_of_indices, array_of_statuses, ierr)
     10477          |                                                          
                                1
  >> 10478    Error: Type mismatch between actual argument at (1) and actual ar
              gument at (2) (REAL(8)/INTEGER(4)).
     10479    mpi_comm_spawn_multiple_f90.f90:36:57:
     10480    
     10481       16 |   call MPI_Comm_spawn_multiple(count, array_of_commands, 
              array_of_argv, &
     10482          |                                                         2
     10483    ......
     10484       36 |   call MPI_Comm_spawn_multiple(count, array_of_commands, 
              array_of_argv, &
     10485          |                                                         1
  >> 10486    Error: Type mismatch between actual argument at (1) and actual ar
              gument at (2) (REAL(8)/CHARACTER(*)).
  >> 10487    make[5]: *** [mpi_testsome_f90.lo] Error 1
  >> 10488    make[5]: *** [mpi_comm_spawn_multiple_f90.lo] Error 1
     10489    libtool: compile:  /p/vast1/build/spack/lib/spack/env/gcc/gfortra
              n -I../../../ompi/include -I/var/tmp/sochat1/spack-stage/spack-st
              age-openmpi-1.2.4-jsoztxegwf56l4ruguom2z64xe2vb243/spack-src/ompi
              /include -I. -I/var/tmp/sochat1/spack-stage/spack-stage-openmpi-1
              .2.4-jsoztxegwf56l4ruguom2z64xe2vb243/spack-src/ompi/mpi/f90 -I..
              /../../ompi/mpi/f90 -c mpi_wtick_f90.f90 -o mpi_wtick_f90.o >/dev
              /null 2>&1
     10490    libtool: compile:  /p/vast1/build/spack/lib/spack/env/gcc/gfortra
              n -I../../../ompi/include -I/var/tmp/sochat1/spack-stage/spack-st
              age-openmpi-1.2.4-jsoztxegwf56l4ruguom2z64xe2vb243/spack-src/ompi
              /include -I. -I/var/tmp/sochat1/spack-stage/spack-stage-openmpi-1
              .2.4-jsoztxegwf56l4ruguom2z64xe2vb243/spack-src/ompi/mpi/f90 -I..
              /../../ompi/mpi/f90 -c mpi_wtime_f90.f90 -o mpi_wtime_f90.o >/dev
              /null 2>&1
     10491    libtool: compile:  /p/vast1/build/spack/lib/spack/env/gcc/gfortra
              n -I../../../ompi/include -I/var/tmp/sochat1/spack-stage/spack-st
              age-openmpi-1.2.4-jsoztxegwf56l4ruguom2z64xe2vb243/spack-src/ompi
              /include -I. -I/var/tmp/sochat1/spack-stage/spack-stage-openmpi-1
              .2.4-jsoztxegwf56l4ruguom2z64xe2vb243/spack-src/ompi/mpi/f90 -I..
              /../../ompi/mpi/f90 -c mpi_sizeof.f90 -o mpi_sizeof.o >/dev/null 
              2>&1
     10492    libtool: compile:  /p/vast1/build/spack/lib/spack/env/gcc/gfortra
              n -I../../../ompi/include -I/var/tmp/sochat1/spack-stage/spack-st
              age-openmpi-1.2.4-jsoztxegwf56l4ruguom2z64xe2vb243/spack-src/ompi
              /include -I. -I/var/tmp/sochat1/spack-stage/spack-stage-openmpi-1
              .2.4-jsoztxegwf56l4ruguom2z64xe2vb243/spack-src/ompi/mpi/f90 -I..
              /../../ompi/mpi/f90 -c mpi.f90 -o mpi.o >/dev/null 2>&1
     10493    make[5]: Leaving directory `/tmp/sochat1/spack-stage/spack-stage-
              openmpi-1.2.4-jsoztxegwf56l4ruguom2z64xe2vb243/spack-src/ompi/mpi
              /f90'
  >> 10494    make[4]: *** [all-recursive] Error 1
     10495    make[4]: Leaving directory `/tmp/sochat1/spack-stage/spack-stage-
              openmpi-1.2.4-jsoztxegwf56l4ruguom2z64xe2vb243/spack-src/ompi/mpi
              /f90'
  >> 10496    make[3]: *** [all] Error 2
     10497    make[3]: Leaving directory `/tmp/sochat1/spack-stage/spack-stage-
              openmpi-1.2.4-jsoztxegwf56l4ruguom2z64xe2vb243/spack-src/ompi/mpi
              /f90'
  >> 10498    make[2]: *** [all-recursive] Error 1
     10499    make[2]: Leaving directory `/tmp/sochat1/spack-stage/spack-stage-
              openmpi-1.2.4-jsoztxegwf56l4ruguom2z64xe2vb243/spack-src/ompi/mpi
              '
  >> 10500    make[1]: *** [all-recursive] Error 1
     10501    make[1]: Leaving directory `/tmp/sochat1/spack-stage/spack-stage-
              openmpi-1.2.4-jsoztxegwf56l4ruguom2z64xe2vb243/spack-src/ompi'
  >> 10502    make: *** [all-recursive] Error 1

See build log for details:
  /var/tmp/sochat1/spack-stage/spack-stage-openmpi-1.2.4-jsoztxegwf56l4ruguom2z64xe2vb243/spack-build-out.txt

Making predictions for spack-test
Making predictions for symbolator
Making predictions for libabigail
abicompat not found on path, will look for spack instead.
Making predictions for actual
