==> Error: ProcessError: Command exited with status 1:
    '/var/tmp/sochat1/spack-stage/spack-stage-openmpi-1.0.2-n5hjqkzchn6psbaba72danviqppszjmj/spack-src/configure' '--prefix=/p/vast1/build/spack/opt/spack/linux-rhel7-broadwell/gcc-10.2.1/openmpi-1.0.2-n5hjqkzchn6psbaba72danviqppszjmj' '--enable-shared' '--disable-silent-rules' '--disable-builtin-atomics' '--enable-static' '--without-pmi' '--without-xpmem' '--without-openib' '--without-cma' '--without-mxm' '--without-knem' '--without-psm2' '--without-hcoll' '--without-ucx' '--without-psm' '--without-libfabric' '--without-fca' '--without-lsf' '--without-tm' '--without-sge' '--without-loadleveler' '--without-slurm' '--without-alps' '--disable-memchecker' '--with-gpfs' '--without-sqlite3' '--disable-wrapper-rpath' '--disable-mpi-cxx' '--disable-cxx-exceptions'

7 errors found in build log:
     2      ==> openmpi: Executing phase: 'configure'
     3      ==> [2022-02-25-19:01:09.902676] '/var/tmp/sochat1/spack-stage/spac
            k-stage-openmpi-1.0.2-n5hjqkzchn6psbaba72danviqppszjmj/spack-src/co
            nfigure' '--prefix=/p/vast1/build/spack/opt/spack/linux-rhel7-broad
            well/gcc-10.2.1/openmpi-1.0.2-n5hjqkzchn6psbaba72danviqppszjmj' '--
            enable-shared' '--disable-silent-rules' '--disable-builtin-atomics'
             '--enable-static' '--without-pmi' '--without-xpmem' '--without-ope
            nib' '--without-cma' '--without-mxm' '--without-knem' '--without-ps
            m2' '--without-hcoll' '--without-ucx' '--without-psm' '--without-li
            bfabric' '--without-fca' '--without-lsf' '--without-tm' '--without-
            sge' '--without-loadleveler' '--without-slurm' '--without-alps' '--
            disable-memchecker' '--with-gpfs' '--without-sqlite3' '--disable-wr
            apper-rpath' '--disable-mpi-cxx' '--disable-cxx-exceptions'
     4      checking for a BSD-compatible install... /usr/bin/install -c
     5      checking whether build environment is sane... yes
     6      checking for gawk... gawk
     7      checking whether make sets $(MAKE)... yes
  >> 8      configure: error: source directory already configured; run "make di
            stclean" there first
     9      ==> openmpi: Executing phase: 'build'
     10     ==> [2022-02-25-13:28:01.848204] 'make' '-j2' 'V=1'
     11     Making all in config
     12     make[1]: Entering directory `/tmp/sochat1/spack-stage/spack-stage-o
            penmpi-1.0.2-n5hjqkzchn6psbaba72danviqppszjmj/spack-src/config'
     13     make[1]: Nothing to be done for `all'.
     14     make[1]: Leaving directory `/tmp/sochat1/spack-stage/spack-stage-op
            enmpi-1.0.2-n5hjqkzchn6psbaba72danviqppszjmj/spack-src/config'

     ...

     386    depbase=`echo memory_malloc_hooks_component.lo | sed 's|[^/]*$|.dep
            s/&|;s|\.lo$||'`; \
     387    if /bin/sh ../../../../libtool --tag=CC --mode=compile /p/vast1/bui
            ld/spack/lib/spack/env/gcc/gcc -DHAVE_CONFIG_H -I. -I/var/tmp/socha
            t1/spack-stage/spack-stage-openmpi-1.0.2-n5hjqkzchn6psbaba72danviqp
            pszjmj/spack-src/opal/mca/memory/malloc_hooks -I../../../../include
             -I../../../../include   -I/var/tmp/sochat1/spack-stage/spack-stage
            -openmpi-1.0.2-n5hjqkzchn6psbaba72danviqppszjmj/spack-src/include -
            I/var/tmp/sochat1/spack-stage/spack-stage-openmpi-1.0.2-n5hjqkzchn6
            psbaba72danviqppszjmj/spack-src -I../../../.. -I../../../../include
             -I/var/tmp/sochat1/spack-stage/spack-stage-openmpi-1.0.2-n5hjqkzch
            n6psbaba72danviqppszjmj/spack-src/opal -I/var/tmp/sochat1/spack-sta
            ge/spack-stage-openmpi-1.0.2-n5hjqkzchn6psbaba72danviqppszjmj/spack
            -src/orte -I/var/tmp/sochat1/spack-stage/spack-stage-openmpi-1.0.2-
            n5hjqkzchn6psbaba72danviqppszjmj/spack-src/ompi    -O3 -DNDEBUG -fn
            o-strict-aliasing -pthread -MT memory_malloc_hooks_component.lo -MD
             -MP -MF "$depbase.Tpo" -c -o memory_malloc_hooks_component.lo memo
            ry_malloc_hooks_component.c; \
     388    then mv -f "$depbase.Tpo" "$depbase.Plo"; else rm -f "$depbase.Tpo"
            ; exit 1; fi
     389    mkdir .libs
     390     /p/vast1/build/spack/lib/spack/env/gcc/gcc -DHAVE_CONFIG_H -I. -I/
            var/tmp/sochat1/spack-stage/spack-stage-openmpi-1.0.2-n5hjqkzchn6ps
            baba72danviqppszjmj/spack-src/opal/mca/memory/malloc_hooks -I../../
            ../../include -I../../../../include -I/var/tmp/sochat1/spack-stage/
            spack-stage-openmpi-1.0.2-n5hjqkzchn6psbaba72danviqppszjmj/spack-sr
            c/include -I/var/tmp/sochat1/spack-stage/spack-stage-openmpi-1.0.2-
            n5hjqkzchn6psbaba72danviqppszjmj/spack-src -I../../../.. -I../../..
            /../include -I/var/tmp/sochat1/spack-stage/spack-stage-openmpi-1.0.
            2-n5hjqkzchn6psbaba72danviqppszjmj/spack-src/opal -I/var/tmp/sochat
            1/spack-stage/spack-stage-openmpi-1.0.2-n5hjqkzchn6psbaba72danviqpp
            szjmj/spack-src/orte -I/var/tmp/sochat1/spack-stage/spack-stage-ope
            nmpi-1.0.2-n5hjqkzchn6psbaba72danviqppszjmj/spack-src/ompi -O3 -DND
            EBUG -fno-strict-aliasing -pthread -MT memory_malloc_hooks.lo -MD -
            MP -MF .deps/memory_malloc_hooks.Tpo -c memory_malloc_hooks.c  -fPI
            C -DPIC -o .libs/memory_malloc_hooks.o
     391     /p/vast1/build/spack/lib/spack/env/gcc/gcc -DHAVE_CONFIG_H -I. -I/
            var/tmp/sochat1/spack-stage/spack-stage-openmpi-1.0.2-n5hjqkzchn6ps
            baba72danviqppszjmj/spack-src/opal/mca/memory/malloc_hooks -I../../
            ../../include -I../../../../include -I/var/tmp/sochat1/spack-stage/
            spack-stage-openmpi-1.0.2-n5hjqkzchn6psbaba72danviqppszjmj/spack-sr
            c/include -I/var/tmp/sochat1/spack-stage/spack-stage-openmpi-1.0.2-
            n5hjqkzchn6psbaba72danviqppszjmj/spack-src -I../../../.. -I../../..
            /../include -I/var/tmp/sochat1/spack-stage/spack-stage-openmpi-1.0.
            2-n5hjqkzchn6psbaba72danviqppszjmj/spack-src/opal -I/var/tmp/sochat
            1/spack-stage/spack-stage-openmpi-1.0.2-n5hjqkzchn6psbaba72danviqpp
            szjmj/spack-src/orte -I/var/tmp/sochat1/spack-stage/spack-stage-ope
            nmpi-1.0.2-n5hjqkzchn6psbaba72danviqppszjmj/spack-src/ompi -O3 -DND
            EBUG -fno-strict-aliasing -pthread -MT memory_malloc_hooks_componen
            t.lo -MD -MP -MF .deps/memory_malloc_hooks_component.Tpo -c memory_
            malloc_hooks_component.c  -fPIC -DPIC -o .libs/memory_malloc_hooks_
            component.o
  >> 392    memory_malloc_hooks.c:34:8: error: conflicting type qualifiers for 
            '__malloc_initialize_hook'
     393       34 | void (*__malloc_initialize_hook) (void) = opal_memory_mallo
            c_hooks_init;
     394          |        ^~~~~~~~~~~~~~~~~~~~~~~~
     395    In file included from memory_malloc_hooks.c:24:
     396    /usr/include/malloc.h:169:38: note: previous declaration of '__mall
            oc_initialize_hook' was here
     397      169 | extern void (*__MALLOC_HOOK_VOLATILE __malloc_initialize_ho
            ok) (void)
     398          |                                      ^~~~~~~~~~~~~~~~~~~~~~
            ~~

     ...

     466       98 |     __realloc_hook = opal_mem_free_realloc_hook;
     467          |     ^~~~~~~~~~~~~~
     468    In file included from memory_malloc_hooks.c:24:
     469    /usr/include/malloc.h:178:39: note: declared here
     470      178 | extern void *(*__MALLOC_HOOK_VOLATILE __realloc_hook) (void
             *__ptr,
     471          |                                       ^~~~~~~~~~~~~~
  >> 472    make[4]: *** [memory_malloc_hooks.lo] Error 1
     473    make[4]: *** Waiting for unfinished jobs....
     474     /p/vast1/build/spack/lib/spack/env/gcc/gcc -DHAVE_CONFIG_H -I. -I/
            var/tmp/sochat1/spack-stage/spack-stage-openmpi-1.0.2-n5hjqkzchn6ps
            baba72danviqppszjmj/spack-src/opal/mca/memory/malloc_hooks -I../../
            ../../include -I../../../../include -I/var/tmp/sochat1/spack-stage/
            spack-stage-openmpi-1.0.2-n5hjqkzchn6psbaba72danviqppszjmj/spack-sr
            c/include -I/var/tmp/sochat1/spack-stage/spack-stage-openmpi-1.0.2-
            n5hjqkzchn6psbaba72danviqppszjmj/spack-src -I../../../.. -I../../..
            /../include -I/var/tmp/sochat1/spack-stage/spack-stage-openmpi-1.0.
            2-n5hjqkzchn6psbaba72danviqppszjmj/spack-src/opal -I/var/tmp/sochat
            1/spack-stage/spack-stage-openmpi-1.0.2-n5hjqkzchn6psbaba72danviqpp
            szjmj/spack-src/orte -I/var/tmp/sochat1/spack-stage/spack-stage-ope
            nmpi-1.0.2-n5hjqkzchn6psbaba72danviqppszjmj/spack-src/ompi -O3 -DND
            EBUG -fno-strict-aliasing -pthread -MT memory_malloc_hooks_componen
            t.lo -MD -MP -MF .deps/memory_malloc_hooks_component.Tpo -c memory_
            malloc_hooks_component.c -o memory_malloc_hooks_component.o >/dev/n
            ull 2>&1
     475    make[4]: Leaving directory `/tmp/sochat1/spack-stage/spack-stage-op
            enmpi-1.0.2-n5hjqkzchn6psbaba72danviqppszjmj/spack-src/opal/mca/mem
            ory/malloc_hooks'
  >> 476    make[3]: *** [all-recursive] Error 1
     477    make[3]: Leaving directory `/tmp/sochat1/spack-stage/spack-stage-op
            enmpi-1.0.2-n5hjqkzchn6psbaba72danviqppszjmj/spack-src/opal/mca/mem
            ory'
  >> 478    make[2]: *** [all-recursive] Error 1
     479    make[2]: Leaving directory `/tmp/sochat1/spack-stage/spack-stage-op
            enmpi-1.0.2-n5hjqkzchn6psbaba72danviqppszjmj/spack-src/opal/mca'
  >> 480    make[1]: *** [all-recursive] Error 1
     481    make[1]: Leaving directory `/tmp/sochat1/spack-stage/spack-stage-op
            enmpi-1.0.2-n5hjqkzchn6psbaba72danviqppszjmj/spack-src/opal'
  >> 482    make: *** [all-recursive] Error 1

See build log for details:
  /var/tmp/sochat1/spack-stage/spack-stage-openmpi-1.0.2-n5hjqkzchn6psbaba72danviqppszjmj/spack-build-out.txt

Making predictions for symbolator
Making predictions for libabigail
Making predictions for actual
==> Error: ProcessError: Command exited with status 2:
    'make' '-j16' 'V=1'

6 errors found in build log:
     2287    then mv -f "$depbase.Tpo" "$depbase.Plo"; else rm -f "$depbase.Tpo
             "; exit 1; fi
     2288    mkdir .libs
     2289    mkdir .libs
     2290    mkdir: cannot create directory '.libs': File exists
     2291     /p/vast1/build/spack/lib/spack/env/gcc/gcc -DHAVE_CONFIG_H -I. -I
             /var/tmp/sochat1/spack-stage/spack-stage-openmpi-1.0.2-n5hjqkzchn6
             psbaba72danviqppszjmj/spack-src/opal/mca/memory/malloc_hooks -I../
             ../../../include -I../../../../include -I/var/tmp/sochat1/spack-st
             age/spack-stage-openmpi-1.0.2-n5hjqkzchn6psbaba72danviqppszjmj/spa
             ck-src/include -I/var/tmp/sochat1/spack-stage/spack-stage-openmpi-
             1.0.2-n5hjqkzchn6psbaba72danviqppszjmj/spack-src -I../../../.. -I.
             ./../../../include -I/var/tmp/sochat1/spack-stage/spack-stage-open
             mpi-1.0.2-n5hjqkzchn6psbaba72danviqppszjmj/spack-src/opal -I/var/t
             mp/sochat1/spack-stage/spack-stage-openmpi-1.0.2-n5hjqkzchn6psbaba
             72danviqppszjmj/spack-src/orte -I/var/tmp/sochat1/spack-stage/spac
             k-stage-openmpi-1.0.2-n5hjqkzchn6psbaba72danviqppszjmj/spack-src/o
             mpi -O3 -DNDEBUG -fno-strict-aliasing -pthread -MT memory_malloc_h
             ooks.lo -MD -MP -MF .deps/memory_malloc_hooks.Tpo -c memory_malloc
             _hooks.c  -fPIC -DPIC -o .libs/memory_malloc_hooks.o
     2292     /p/vast1/build/spack/lib/spack/env/gcc/gcc -DHAVE_CONFIG_H -I. -I
             /var/tmp/sochat1/spack-stage/spack-stage-openmpi-1.0.2-n5hjqkzchn6
             psbaba72danviqppszjmj/spack-src/opal/mca/memory/malloc_hooks -I../
             ../../../include -I../../../../include -I/var/tmp/sochat1/spack-st
             age/spack-stage-openmpi-1.0.2-n5hjqkzchn6psbaba72danviqppszjmj/spa
             ck-src/include -I/var/tmp/sochat1/spack-stage/spack-stage-openmpi-
             1.0.2-n5hjqkzchn6psbaba72danviqppszjmj/spack-src -I../../../.. -I.
             ./../../../include -I/var/tmp/sochat1/spack-stage/spack-stage-open
             mpi-1.0.2-n5hjqkzchn6psbaba72danviqppszjmj/spack-src/opal -I/var/t
             mp/sochat1/spack-stage/spack-stage-openmpi-1.0.2-n5hjqkzchn6psbaba
             72danviqppszjmj/spack-src/orte -I/var/tmp/sochat1/spack-stage/spac
             k-stage-openmpi-1.0.2-n5hjqkzchn6psbaba72danviqppszjmj/spack-src/o
             mpi -O3 -DNDEBUG -fno-strict-aliasing -pthread -MT memory_malloc_h
             ooks_component.lo -MD -MP -MF .deps/memory_malloc_hooks_component.
             Tpo -c memory_malloc_hooks_component.c  -fPIC -DPIC -o .libs/memor
             y_malloc_hooks_component.o
  >> 2293    memory_malloc_hooks.c:34:8: error: conflicting type qualifiers for
              '__malloc_initialize_hook'
     2294       34 | void (*__malloc_initialize_hook) (void) = opal_memory_mall
             oc_hooks_init;
     2295          |        ^~~~~~~~~~~~~~~~~~~~~~~~
     2296    In file included from memory_malloc_hooks.c:24:
     2297    /usr/include/malloc.h:169:38: note: previous declaration of '__mal
             loc_initialize_hook' was here
     2298      169 | extern void (*__MALLOC_HOOK_VOLATILE __malloc_initialize_h
             ook) (void)
     2299          |                                      ^~~~~~~~~~~~~~~~~~~~~
             ~~~

     ...

     2367       98 |     __realloc_hook = opal_mem_free_realloc_hook;
     2368          |     ^~~~~~~~~~~~~~
     2369    In file included from memory_malloc_hooks.c:24:
     2370    /usr/include/malloc.h:178:39: note: declared here
     2371      178 | extern void *(*__MALLOC_HOOK_VOLATILE __realloc_hook) (voi
             d *__ptr,
     2372          |                                       ^~~~~~~~~~~~~~
  >> 2373    make[4]: *** [memory_malloc_hooks.lo] Error 1
     2374    make[4]: *** Waiting for unfinished jobs....
     2375     /p/vast1/build/spack/lib/spack/env/gcc/gcc -DHAVE_CONFIG_H -I. -I
             /var/tmp/sochat1/spack-stage/spack-stage-openmpi-1.0.2-n5hjqkzchn6
             psbaba72danviqppszjmj/spack-src/opal/mca/memory/malloc_hooks -I../
             ../../../include -I../../../../include -I/var/tmp/sochat1/spack-st
             age/spack-stage-openmpi-1.0.2-n5hjqkzchn6psbaba72danviqppszjmj/spa
             ck-src/include -I/var/tmp/sochat1/spack-stage/spack-stage-openmpi-
             1.0.2-n5hjqkzchn6psbaba72danviqppszjmj/spack-src -I../../../.. -I.
             ./../../../include -I/var/tmp/sochat1/spack-stage/spack-stage-open
             mpi-1.0.2-n5hjqkzchn6psbaba72danviqppszjmj/spack-src/opal -I/var/t
             mp/sochat1/spack-stage/spack-stage-openmpi-1.0.2-n5hjqkzchn6psbaba
             72danviqppszjmj/spack-src/orte -I/var/tmp/sochat1/spack-stage/spac
             k-stage-openmpi-1.0.2-n5hjqkzchn6psbaba72danviqppszjmj/spack-src/o
             mpi -O3 -DNDEBUG -fno-strict-aliasing -pthread -MT memory_malloc_h
             ooks_component.lo -MD -MP -MF .deps/memory_malloc_hooks_component.
             Tpo -c memory_malloc_hooks_component.c -o memory_malloc_hooks_comp
             onent.o >/dev/null 2>&1
     2376    make[4]: Leaving directory `/tmp/sochat1/spack-stage/spack-stage-o
             penmpi-1.0.2-n5hjqkzchn6psbaba72danviqppszjmj/spack-src/opal/mca/m
             emory/malloc_hooks'
  >> 2377    make[3]: *** [all-recursive] Error 1
     2378    make[3]: Leaving directory `/tmp/sochat1/spack-stage/spack-stage-o
             penmpi-1.0.2-n5hjqkzchn6psbaba72danviqppszjmj/spack-src/opal/mca/m
             emory'
  >> 2379    make[2]: *** [all-recursive] Error 1
     2380    make[2]: Leaving directory `/tmp/sochat1/spack-stage/spack-stage-o
             penmpi-1.0.2-n5hjqkzchn6psbaba72danviqppszjmj/spack-src/opal/mca'
  >> 2381    make[1]: *** [all-recursive] Error 1
     2382    make[1]: Leaving directory `/tmp/sochat1/spack-stage/spack-stage-o
             penmpi-1.0.2-n5hjqkzchn6psbaba72danviqppszjmj/spack-src/opal'
  >> 2383    make: *** [all-recursive] Error 1

See build log for details:
  /var/tmp/sochat1/spack-stage/spack-stage-openmpi-1.0.2-n5hjqkzchn6psbaba72danviqppszjmj/spack-build-out.txt

Making predictions for spack-test
Making predictions for symbolator
Making predictions for libabigail
abicompat not found on path, will look for spack instead.
Making predictions for actual
