/var/spool/slurmd/job97858/slurm_script: line 12: 37016 Killed                  spliced splice --package openmpi@1.7.5 --splice pkgconf --runner spack --replace pkgconf --experiment experiment --outfile /p/vast1/build/spliced-experiment/results/openmpi/1.7.5/pkgconf/experiment.json
==> Error: ProcessError: Command exited with status 2:
    'make' '-j16' 'V=1'

20 errors found in build log:
     2775     checking whether linking with -ldl works... yes
     2776     checking whether RTLD_DEFAULT is declared... yes
     2777     checking whether RTLD_NEXT is declared... yes
     2778     checking BPatch.h usability... no
     2779     checking BPatch.h presence... no
     2780     checking for BPatch.h... no
  >> 2781     configure: error: no BPatch.h found; check path for Dyninst packa
              ge first...
     2782     checking for tau_instrumentor... no
  >> 2783     configure: error: no tau_instrumentor found; check path for PDToo
              lkit first...
     2784     configure: we are configuring inside Open MPI; preset some test r
              esults
     2785     checking for mpicc... (cached) /p/vast1/build/spack/lib/spack/env
              /gcc/gcc
     2786     checking for mpicxx... (cached) /p/vast1/build/spack/lib/spack/en
              v/gcc/g++
     2787     checking whether MPI_IN_PLACE is declared... (cached) yes
     2788     checking whether MPI_ROOT is declared... (cached) yes
     2789     checking for MPI_Add_error_class... (cached) yes

     ...

     2806     checking for MPI_Register_datarep... (cached) yes
     2807     checking for PMPI_File_read_ordered... (cached) yes
     2808     checking for PMPI_File_read_ordered_begin... (cached) yes
     2809     checking for PMPI_File_write_ordered... (cached) yes
     2810     checking for PMPI_File_write_ordered_begin... (cached) yes
     2811     checking for unimci-config... no
  >> 2812     configure: error: no unimci-config found; check path for UniMCI p
              ackage first...
     2813     checking math.h usability... yes
     2814     checking math.h presence... yes
     2815     checking for math.h... yes
     2816     checking whether we need to link -lm to get math functions... no
     2817     checking f2c.h usability... no
     2818     checking f2c.h presence... no
     2819     checking for f2c.h... no
  >> 2820     configure: error: no f2c.h found; check path for CLAPACK package 
              first...
     2821     checking for C++ runtime library... -lstdc++
     2822     checking for the pthreads library -lpthreads... no
     2823     checking whether pthreads work without any flags... yes
     2824     checking for joinable pthread attribute... PTHREAD_CREATE_JOINABL
              E
     2825     checking if more special flags are required for pthreads... no
     2826     checking for cc_r... /p/vast1/build/spack/lib/spack/env/gcc/gcc

     ...

     2855     checking for sched.h... yes
     2856     checking for sched_getcpu... yes
     2857     checking whether sched_getcpu works... yes
     2858     checking cuda.h usability... no
     2859     checking cuda.h presence... no
     2860     checking for cuda.h... no
  >> 2861     configure: error: no cuda.h found; check path for CUDA Toolkit fi
              rst...
     2862     checking cuda_runtime_api.h usability... no
     2863     checking cuda_runtime_api.h presence... no
     2864     checking for cuda_runtime_api.h... no
  >> 2865     configure: error: no cuda_runtime_api.h found; check path for CUD
              A Toolkit first...
     2866     checking cupti.h usability... no
     2867     checking cupti.h presence... no
     2868     checking for cupti.h... no
  >> 2869     configure: error: no cupti.h found; check path for CUPTI package 
              first...
     2870     checking for dlfcn.h... (cached) yes
     2871     checking whether linking with -ldl works... yes
     2872     checking whether RTLD_DEFAULT is declared... (cached) yes
     2873     checking whether RTLD_NEXT is declared... (cached) yes
     2874     checking for shared LIBC's pathname... /lib64/libc.so.6
     2875     checking whether __errno_location is declared... yes
     2876     checking ctool/ctool.h usability... no
     2877     checking ctool/ctool.h presence... no
     2878     checking for ctool/ctool.h... no
  >> 2879     configure: error: no ctool/ctool.h found; check path for CTool pa
              ckage first...
     2880     checking for __WAIT_STATUS... yes
     2881     checking whether environ is declared... yes
     2882     checking for execvpe... yes
     2883     checking for fexecve... yes
     2884     checking for waitid... yes
     2885     checking for wait3... yes

     ...

     2912     checking zlib.h presence... yes
     2913     checking for zlib.h... yes
     2914     checking whether linking with -lz works... yes
     2915     checking bmi.h usability... no
     2916     checking bmi.h presence... no
     2917     checking for bmi.h... no
  >> 2918     configure: error: no bmi.h found; check path for BMI package firs
              t...
     2919     configure: configuring in extlib/otf (/tmp/sochat1/spack-stage/sp
              ack-stage-openmpi-1.7.5-bh6hrlug2kfhsthzxt7otzmmuhi3x3d6/spack-sr
              c/ompi/contrib/vt/vt/extlib/otf)
     2920     configure: running /bin/sh /var/tmp/sochat1/spack-stage/spack-sta
              ge-openmpi-1.7.5-bh6hrlug2kfhsthzxt7otzmmuhi3x3d6/spack-src/ompi/
              contrib/vt/vt/extlib/otf/configure  '--with-openmpi-inside=1.7' '
              --prefix=/p/vast1/build/spack/opt/spack/linux-rhel7-broadwell/gcc
              -10.2.1/openmpi-1.7.5-bh6hrlug2kfhsthzxt7otzmmuhi3x3d6' '--enable
              -shared' '--disable-silent-rules' '--disable-builtin-atomics' '--
              enable-static' '--without-pmi' '--without-psm2' '--without-knem' 
              '--without-ucx' '--without-libfabric' '--without-xpmem' '--withou
              t-mxm' '--without-psm' '--without-fca' '--without-verbs' '--witho
              ut-hcoll' '--without-cma' '--without-sge' '--without-tm' '--witho
              ut-lsf' '--without-loadleveler' '--without-alps' '--without-slurm
              ' '--disable-memchecker' '--with-hwloc=/p/vast1/build/spack/opt/s
              pack/linux-rhel7-broadwell/gcc-10.2.1/hwloc-1.11.13-u34fwahc4tbd7
              7w4csoothe3vdimspeo' '--disable-java' '--disable-mpi-java' '--wit
              h-gpfs' '--without-sqlite3' '--disable-mpi-thread-multiple' '--wi
              thout-cuda' '--enable-wrapper-rpath' '--disable-mpi-cxx' '--disab
              le-cxx-exceptions' '--with-wrapper-ldflags=-Wl,-rpath,/usr/tce/pa
              ckages/gcc/gcc-10.2.1/rh/usr/lib/gcc/x86_64-redhat-linux/10' 'CC=
              /p/vast1/build/spack/lib/spack/env/gcc/gcc' 'CXX=/p/vast1/build/s
              pack/lib/spack/env/gcc/g++' 'FC=/p/vast1/build/spack/lib/spack/en
              v/gcc/gfortran' '--disable-option-checking' 'CFLAGS=-O3 -DNDEBUG 
              -finline-functions -fno-strict-aliasing -pthread' 'LDFLAGS=   -L/
              p/vast1/build/spack/opt/spack/linux-rhel7-broadwell/gcc-10.2.1/hw
              loc-1.11.13-u34fwahc4tbd77w4csoothe3vdimspeo/lib -L/tmp/sochat1/s
              pack-stage/spack-stage-openmpi-1.7.5-bh6hrlug2kfhsthzxt7otzmmuhi3
              x3d6/spack-src/ompi/contrib/vt/vt/../../../.libs' 'LIBS=-lrt -lns
              l  -lutil -lm  -lhwloc ' 'CPPFLAGS=-DINSIDE_OPENMPI    -I/p/vast1
              /build/spack/opt/spack/linux-rhel7-broadwell/gcc-10.2.1/hwloc-1.1
              1.13-u34fwahc4tbd77w4csoothe3vdimspeo/include -I/tmp/sochat1/spac
              k-stage/spack-stage-openmpi-1.7.5-bh6hrlug2kfhsthzxt7otzmmuhi3x3d
              6/spack-src/opal/mca/hwloc/external/hwloc/include -I/var/tmp/soch
              at1/spack-stage/spack-stage-openmpi-1.7.5-bh6hrlug2kfhsthzxt7otzm
              muhi3x3d6/spack-src/opal/mca/event/libevent2021/libevent -I/var/t
              mp/sochat1/spack-stage/spack-stage-openmpi-1.7.5-bh6hrlug2kfhsthz
              xt7otzmmuhi3x3d6/spack-src/opal/mca/event/libevent2021/libevent/i
              nclude -I/tmp/sochat1/spack-stage/spack-stage-openmpi-1.7.5-bh6hr
              lug2kfhsthzxt7otzmmuhi3x3d6/spack-src/opal/mca/event/libevent2021
              /libevent/include -I/var/tmp/sochat1/spack-stage/spack-stage-open
              mpi-1.7.5-bh6hrlug2kfhsthzxt7otzmmuhi3x3d6/spack-src/ompi/contrib
              /vt/vt/../../../include -I/tmp/sochat1/spack-stage/spack-stage-op
              enmpi-1.7.5-bh6hrlug2kfhsthzxt7otzmmuhi3x3d6/spack-src/ompi/contr
              ib/vt/vt/../../../include' 'CXXFLAGS=-O3 -DNDEBUG -finline-functi
              ons -pthread' 'FCFLAGS=' MPICC="/p/vast1/build/spack/lib/spack/en
              v/gcc/gcc" MPICXX="/p/vast1/build/spack/lib/spack/env/gcc/g++" --
              with-mpi --with-mpi-lib="-lmpi" --with-zlib-lib="-lz" --without-z
              oidfs --includedir="${prefix}/include/vampirtrace" --docdir="${da
              tarootdir}/doc/otf"  --cache-file="/dev/null" --srcdir="/var/tmp/
              sochat1/spack-stage/spack-stage-openmpi-1.7.5-bh6hrlug2kfhsthzxt7
              otzmmuhi3x3d6/spack-src/ompi/contrib/vt/vt/extlib/otf" --disable-
              option-checking
     2921     checking build system type... x86_64-unknown-linux-gnu
     2922     checking host system type... x86_64-unknown-linux-gnu
     2923     checking target system type... x86_64-unknown-linux-gnu
     2924     checking for a BSD-compatible install... /usr/bin/install -c

     ...

     3012     checking for mpicc... /p/vast1/build/spack/lib/spack/env/gcc/gcc
     3013     checking for mpic++... /p/vast1/build/spack/lib/spack/env/gcc/g++
     3014     checking for OpenMP flag of C++ compiler... -fopenmp
     3015     checking vtf3.h usability... no
     3016     checking vtf3.h presence... no
     3017     checking for vtf3.h... no
  >> 3018     configure: error: no vtf3.h found; check path for VTF3 package fi
              rst...
     3019     checking zlib.h usability... yes
     3020     checking zlib.h presence... yes
     3021     checking for zlib.h... yes
     3022     checking whether linking with -lm works... yes
     3023     checking whether we need to link -lm to get math functions... no
     3024     checking for pdflatex... pdflatex

     ...

     18391    
     18392       16 |   call MPI_Comm_spawn_multiple(count, array_of_commands, 
              array_of_argv, &
     18393          |                                                         2
     18394    ......
     18395       36 |   call MPI_Comm_spawn_multiple(count, array_of_commands, 
              array_of_argv, &
     18396          |                                                         1
  >> 18397    Error: Type mismatch between actual argument at (1) and actual ar
              gument at (2) (REAL(8)/CHARACTER(*)).
  >> 18398    make[4]: *** [mpi_comm_spawn_multiple_f90.lo] Error 1
     18399    make[4]: *** Waiting for unfinished jobs....
     18400    mpi_testall_f90.f90:22:51:
     18401    
     18402       10 |   call MPI_Testall(count, array_of_requests, flag, array_
              of_statuses, ierr)
     18403          |                                                   2
     18404    ......
     18405       22 |   call MPI_Testall(count, array_of_requests, flag, array_
              of_statuses, ierr)
     18406          |                                                   1
  >> 18407    Error: Type mismatch between actual argument at (1) and actual ar
              gument at (2) (REAL(8)/INTEGER(4)).
  >> 18408    make[4]: *** [mpi_testall_f90.lo] Error 1
     18409    mpi_testsome_f90.f90:26:76:
     18410    
     18411       12 |   call MPI_Testsome(incount, array_of_requests, outcount,
               array_of_indices, array_of_statuses, ierr)
     18412          |                                                          
                                2
     18413    ......
     18414       26 |   call MPI_Testsome(incount, array_of_requests, outcount,
               array_of_indices, array_of_statuses, ierr)
     18415          |                                                          
                                1
  >> 18416    Error: Type mismatch between actual argument at (1) and actual ar
              gument at (2) (REAL(8)/INTEGER(4)).
  >> 18417    make[4]: *** [mpi_testsome_f90.lo] Error 1
     18418    libtool: compile:  /p/vast1/build/spack/lib/spack/env/gcc/gfortra
              n -I../../../../ompi/include -I/var/tmp/sochat1/spack-stage/spack
              -stage-openmpi-1.7.5-bh6hrlug2kfhsthzxt7otzmmuhi3x3d6/spack-src/o
              mpi/include -I. -I/var/tmp/sochat1/spack-stage/spack-stage-openmp
              i-1.7.5-bh6hrlug2kfhsthzxt7otzmmuhi3x3d6/spack-src/ompi/mpi/fortr
              an/use-mpi-tkr -I../../../../ompi/mpi/fortran/use-mpi-tkr -c mpi_
              sizeof.f90 -o mpi_sizeof.o >/dev/null 2>&1
     18419    make[4]: Leaving directory `/tmp/sochat1/spack-stage/spack-stage-
              openmpi-1.7.5-bh6hrlug2kfhsthzxt7otzmmuhi3x3d6/spack-src/ompi/mpi
              /fortran/use-mpi-tkr'
  >> 18420    make[3]: *** [all-recursive] Error 1
     18421    make[3]: Leaving directory `/tmp/sochat1/spack-stage/spack-stage-
              openmpi-1.7.5-bh6hrlug2kfhsthzxt7otzmmuhi3x3d6/spack-src/ompi/mpi
              /fortran/use-mpi-tkr'
  >> 18422    make[2]: *** [all] Error 2
     18423    make[2]: Leaving directory `/tmp/sochat1/spack-stage/spack-stage-
              openmpi-1.7.5-bh6hrlug2kfhsthzxt7otzmmuhi3x3d6/spack-src/ompi/mpi
              /fortran/use-mpi-tkr'
  >> 18424    make[1]: *** [all-recursive] Error 1
     18425    make[1]: Leaving directory `/tmp/sochat1/spack-stage/spack-stage-
              openmpi-1.7.5-bh6hrlug2kfhsthzxt7otzmmuhi3x3d6/spack-src/ompi'
  >> 18426    make: *** [all-recursive] Error 1

See build log for details:
  /var/tmp/sochat1/spack-stage/spack-stage-openmpi-1.7.5-bh6hrlug2kfhsthzxt7otzmmuhi3x3d6/spack-build-out.txt

Making predictions for spack-test
Making predictions for symbolator
Making predictions for libabigail
abicompat not found on path, will look for spack instead.
Making predictions for actual
