slurmstepd: error: *** JOB 97276 ON oslic10 CANCELLED AT 2022-02-25T17:46:29 DUE TO TIME LIMIT ***
/var/spool/slurmd/job100630/slurm_script: line 12: 63121 Killed                  spliced splice --package nrm@0.1.0 --splice py-setuptools --runner spack --replace py-setuptools --experiment experiment --outfile /p/vast1/build/spliced-experiment/results/nrm/0.1.0/py-setuptools/experiment.json
==> Error: ProcessError: Command exited with status 1:
    '/p/vast1/build/spack/opt/spack/linux-rhel7-broadwell/gcc-10.2.1/python-3.9.10-6fbgydg7c2bdx4ovimgsqyzucdkrd277/bin/python3.9' '-m' 'pip' '-vvv' '--no-input' '--no-cache-dir' '--disable-pip-version-check' 'install' '--no-deps' '--ignore-installed' '--no-build-isolation' '--no-warn-script-location' '--no-index' '--prefix=/p/vast1/build/spack/opt/spack/linux-rhel7-broadwell/gcc-10.2.1/py-setuptools-41.0.1-2mnyzegc5whnoa3g4fqd7wsobqgoc3zp' '.'

1 warning found in build log:
     24        File "/tmp/sochat1/spack-stage/spack-stage-py-setuptools-41.0.1-
           2mnyzegc5whnoa3g4fqd7wsobqgoc3zp/spack-src/setuptools/depends.py", l
           ine 7, in <module>
     25          from .py33compat import Bytecode
     26        File "/tmp/sochat1/spack-stage/spack-stage-py-setuptools-41.0.1-
           2mnyzegc5whnoa3g4fqd7wsobqgoc3zp/spack-src/setuptools/py33compat.py"
           , line 55, in <module>
     27          unescape = getattr(html, 'unescape', html_parser.HTMLParser().
           unescape)
     28      AttributeError: 'HTMLParser' object has no attribute 'unescape'
     29      Preparing metadata (setup.py): finished with status 'error'
  >> 30    WARNING: Discarding file:///tmp/sochat1/spack-stage/spack-stage-py-s
           etuptools-41.0.1-2mnyzegc5whnoa3g4fqd7wsobqgoc3zp/spack-src. Command
            errored out with exit status 1: python setup.py egg_info Check the 
           logs for full command output.
     31    ERROR: Command errored out with exit status 1: python setup.py egg_i
           nfo Check the logs for full command output.
     32    Exception information:
     33    Traceback (most recent call last):
     34      File "/p/vast1/build/spack/opt/spack/linux-rhel7-broadwell/gcc-10.
           2.1/py-pip-21.3.1-cv6d2xdn6bss7mgbbpq4uotcwzs3efwi/lib/python3.9/sit
           e-packages/pip/_internal/cli/base_command.py", line 164, in exc_logg
           ing_wrapper
     35        status = run_func(*args)
     36      File "/p/vast1/build/spack/opt/spack/linux-rhel7-broadwell/gcc-10.
           2.1/py-pip-21.3.1-cv6d2xdn6bss7mgbbpq4uotcwzs3efwi/lib/python3.9/sit
           e-packages/pip/_internal/cli/req_command.py", line 205, in wrapper

See build log for details:
  /var/tmp/sochat1/spack-stage/spack-stage-py-setuptools-41.0.1-2mnyzegc5whnoa3g4fqd7wsobqgoc3zp/spack-build-out.txt

==> Error: ProcessError: Command exited with status 1:
    '/p/vast1/build/spack/opt/spack/linux-rhel7-broadwell/gcc-10.2.1/python-3.9.10-6fbgydg7c2bdx4ovimgsqyzucdkrd277/bin/python3.9' '-m' 'pip' '-vvv' '--no-input' '--no-cache-dir' '--disable-pip-version-check' 'install' '--no-deps' '--ignore-installed' '--no-build-isolation' '--no-warn-script-location' '--no-index' '--prefix=/p/vast1/build/spack/opt/spack/linux-rhel7-broadwell/gcc-10.2.1/py-setuptools-41.0.0-jw5drtrcppmpbsixaax6tkoyg33txk5t' '.'

1 warning found in build log:
     24        File "/tmp/sochat1/spack-stage/spack-stage-py-setuptools-41.0.0-
           jw5drtrcppmpbsixaax6tkoyg33txk5t/spack-src/setuptools/depends.py", l
           ine 7, in <module>
     25          from .py33compat import Bytecode
     26        File "/tmp/sochat1/spack-stage/spack-stage-py-setuptools-41.0.0-
           jw5drtrcppmpbsixaax6tkoyg33txk5t/spack-src/setuptools/py33compat.py"
           , line 55, in <module>
     27          unescape = getattr(html, 'unescape', html_parser.HTMLParser().
           unescape)
     28      AttributeError: 'HTMLParser' object has no attribute 'unescape'
     29      Preparing metadata (setup.py): finished with status 'error'
  >> 30    WARNING: Discarding file:///tmp/sochat1/spack-stage/spack-stage-py-s
           etuptools-41.0.0-jw5drtrcppmpbsixaax6tkoyg33txk5t/spack-src. Command
            errored out with exit status 1: python setup.py egg_info Check the 
           logs for full command output.
     31    ERROR: Command errored out with exit status 1: python setup.py egg_i
           nfo Check the logs for full command output.
     32    Exception information:
     33    Traceback (most recent call last):
     34      File "/p/vast1/build/spack/opt/spack/linux-rhel7-broadwell/gcc-10.
           2.1/py-pip-21.3.1-cv6d2xdn6bss7mgbbpq4uotcwzs3efwi/lib/python3.9/sit
           e-packages/pip/_internal/cli/base_command.py", line 164, in exc_logg
           ing_wrapper
     35        status = run_func(*args)
     36      File "/p/vast1/build/spack/opt/spack/linux-rhel7-broadwell/gcc-10.
           2.1/py-pip-21.3.1-cv6d2xdn6bss7mgbbpq4uotcwzs3efwi/lib/python3.9/sit
           e-packages/pip/_internal/cli/req_command.py", line 205, in wrapper

See build log for details:
  /var/tmp/sochat1/spack-stage/spack-stage-py-setuptools-41.0.0-jw5drtrcppmpbsixaax6tkoyg33txk5t/spack-build-out.txt

==> Error: ProcessError: Command exited with status 1:
    '/p/vast1/build/spack/opt/spack/linux-rhel7-broadwell/gcc-10.2.1/python-3.9.10-6fbgydg7c2bdx4ovimgsqyzucdkrd277/bin/python3.9' '-m' 'pip' '-vvv' '--no-input' '--no-cache-dir' '--disable-pip-version-check' 'install' '--no-deps' '--ignore-installed' '--no-build-isolation' '--no-warn-script-location' '--no-index' '--prefix=/p/vast1/build/spack/opt/spack/linux-rhel7-broadwell/gcc-10.2.1/py-setuptools-40.8.0-5x6p5jmozxut4edc6eogxjjwg5mfizgk' '.'

1 warning found in build log:
     24        File "/tmp/sochat1/spack-stage/spack-stage-py-setuptools-40.8.0-
           5x6p5jmozxut4edc6eogxjjwg5mfizgk/spack-src/setuptools/depends.py", l
           ine 7, in <module>
     25          from .py33compat import Bytecode
     26        File "/tmp/sochat1/spack-stage/spack-stage-py-setuptools-40.8.0-
           5x6p5jmozxut4edc6eogxjjwg5mfizgk/spack-src/setuptools/py33compat.py"
           , line 55, in <module>
     27          unescape = getattr(html, 'unescape', html_parser.HTMLParser().
           unescape)
     28      AttributeError: 'HTMLParser' object has no attribute 'unescape'
     29      Preparing metadata (setup.py): finished with status 'error'
  >> 30    WARNING: Discarding file:///tmp/sochat1/spack-stage/spack-stage-py-s
           etuptools-40.8.0-5x6p5jmozxut4edc6eogxjjwg5mfizgk/spack-src. Command
            errored out with exit status 1: python setup.py egg_info Check the 
           logs for full command output.
     31    ERROR: Command errored out with exit status 1: python setup.py egg_i
           nfo Check the logs for full command output.
     32    Exception information:
     33    Traceback (most recent call last):
     34      File "/p/vast1/build/spack/opt/spack/linux-rhel7-broadwell/gcc-10.
           2.1/py-pip-21.3.1-cv6d2xdn6bss7mgbbpq4uotcwzs3efwi/lib/python3.9/sit
           e-packages/pip/_internal/cli/base_command.py", line 164, in exc_logg
           ing_wrapper
     35        status = run_func(*args)
     36      File "/p/vast1/build/spack/opt/spack/linux-rhel7-broadwell/gcc-10.
           2.1/py-pip-21.3.1-cv6d2xdn6bss7mgbbpq4uotcwzs3efwi/lib/python3.9/sit
           e-packages/pip/_internal/cli/req_command.py", line 205, in wrapper

See build log for details:
  /var/tmp/sochat1/spack-stage/spack-stage-py-setuptools-40.8.0-5x6p5jmozxut4edc6eogxjjwg5mfizgk/spack-build-out.txt

==> Error: ProcessError: Command exited with status 1:
    '/p/vast1/build/spack/opt/spack/linux-rhel7-broadwell/gcc-10.2.1/python-3.9.10-6fbgydg7c2bdx4ovimgsqyzucdkrd277/bin/python3.9' '-m' 'pip' '-vvv' '--no-input' '--no-cache-dir' '--disable-pip-version-check' 'install' '--no-deps' '--ignore-installed' '--no-build-isolation' '--no-warn-script-location' '--no-index' '--prefix=/p/vast1/build/spack/opt/spack/linux-rhel7-broadwell/gcc-10.2.1/py-setuptools-40.4.3-6g2rjyvelamurnqztcjza2jgomstf234' '.'

1 warning found in build log:
     24        File "/tmp/sochat1/spack-stage/spack-stage-py-setuptools-40.4.3-
           6g2rjyvelamurnqztcjza2jgomstf234/spack-src/setuptools/depends.py", l
           ine 7, in <module>
     25          from .py33compat import Bytecode
     26        File "/tmp/sochat1/spack-stage/spack-stage-py-setuptools-40.4.3-
           6g2rjyvelamurnqztcjza2jgomstf234/spack-src/setuptools/py33compat.py"
           , line 55, in <module>
     27          unescape = getattr(html, 'unescape', html_parser.HTMLParser().
           unescape)
     28      AttributeError: 'HTMLParser' object has no attribute 'unescape'
     29      Preparing metadata (setup.py): finished with status 'error'
  >> 30    WARNING: Discarding file:///tmp/sochat1/spack-stage/spack-stage-py-s
           etuptools-40.4.3-6g2rjyvelamurnqztcjza2jgomstf234/spack-src. Command
            errored out with exit status 1: python setup.py egg_info Check the 
           logs for full command output.
     31    ERROR: Command errored out with exit status 1: python setup.py egg_i
           nfo Check the logs for full command output.
     32    Exception information:
     33    Traceback (most recent call last):
     34      File "/p/vast1/build/spack/opt/spack/linux-rhel7-broadwell/gcc-10.
           2.1/py-pip-21.3.1-cv6d2xdn6bss7mgbbpq4uotcwzs3efwi/lib/python3.9/sit
           e-packages/pip/_internal/cli/base_command.py", line 164, in exc_logg
           ing_wrapper
     35        status = run_func(*args)
     36      File "/p/vast1/build/spack/opt/spack/linux-rhel7-broadwell/gcc-10.
           2.1/py-pip-21.3.1-cv6d2xdn6bss7mgbbpq4uotcwzs3efwi/lib/python3.9/sit
           e-packages/pip/_internal/cli/req_command.py", line 205, in wrapper

See build log for details:
  /var/tmp/sochat1/spack-stage/spack-stage-py-setuptools-40.4.3-6g2rjyvelamurnqztcjza2jgomstf234/spack-build-out.txt

==> Error: ProcessError: Command exited with status 1:
    '/p/vast1/build/spack/opt/spack/linux-rhel7-broadwell/gcc-10.2.1/python-3.9.10-6fbgydg7c2bdx4ovimgsqyzucdkrd277/bin/python3.9' '-m' 'pip' '-vvv' '--no-input' '--no-cache-dir' '--disable-pip-version-check' 'install' '--no-deps' '--ignore-installed' '--no-build-isolation' '--no-warn-script-location' '--no-index' '--prefix=/p/vast1/build/spack/opt/spack/linux-rhel7-broadwell/gcc-10.2.1/py-setuptools-40.2.0-5m5zlidtuxmyvhbgcbsqmthoitl7i3b5' '.'

1 warning found in build log:
     24        File "/tmp/sochat1/spack-stage/spack-stage-py-setuptools-40.2.0-
           5m5zlidtuxmyvhbgcbsqmthoitl7i3b5/spack-src/setuptools/depends.py", l
           ine 7, in <module>
     25          from .py33compat import Bytecode
     26        File "/tmp/sochat1/spack-stage/spack-stage-py-setuptools-40.2.0-
           5m5zlidtuxmyvhbgcbsqmthoitl7i3b5/spack-src/setuptools/py33compat.py"
           , line 55, in <module>
     27          unescape = getattr(html, 'unescape', html_parser.HTMLParser().
           unescape)
     28      AttributeError: 'HTMLParser' object has no attribute 'unescape'
     29      Preparing metadata (setup.py): finished with status 'error'
  >> 30    WARNING: Discarding file:///tmp/sochat1/spack-stage/spack-stage-py-s
           etuptools-40.2.0-5m5zlidtuxmyvhbgcbsqmthoitl7i3b5/spack-src. Command
            errored out with exit status 1: python setup.py egg_info Check the 
           logs for full command output.
     31    ERROR: Command errored out with exit status 1: python setup.py egg_i
           nfo Check the logs for full command output.
     32    Exception information:
     33    Traceback (most recent call last):
     34      File "/p/vast1/build/spack/opt/spack/linux-rhel7-broadwell/gcc-10.
           2.1/py-pip-21.3.1-cv6d2xdn6bss7mgbbpq4uotcwzs3efwi/lib/python3.9/sit
           e-packages/pip/_internal/cli/base_command.py", line 164, in exc_logg
           ing_wrapper
     35        status = run_func(*args)
     36      File "/p/vast1/build/spack/opt/spack/linux-rhel7-broadwell/gcc-10.
           2.1/py-pip-21.3.1-cv6d2xdn6bss7mgbbpq4uotcwzs3efwi/lib/python3.9/sit
           e-packages/pip/_internal/cli/req_command.py", line 205, in wrapper

See build log for details:
  /var/tmp/sochat1/spack-stage/spack-stage-py-setuptools-40.2.0-5m5zlidtuxmyvhbgcbsqmthoitl7i3b5/spack-build-out.txt

==> Error: ProcessError: Command exited with status 1:
    '/p/vast1/build/spack/opt/spack/linux-rhel7-broadwell/gcc-10.2.1/python-3.9.10-6fbgydg7c2bdx4ovimgsqyzucdkrd277/bin/python3.9' '-m' 'pip' '-vvv' '--no-input' '--no-cache-dir' '--disable-pip-version-check' 'install' '--no-deps' '--ignore-installed' '--no-build-isolation' '--no-warn-script-location' '--no-index' '--prefix=/p/vast1/build/spack/opt/spack/linux-rhel7-broadwell/gcc-10.2.1/py-setuptools-39.2.0-gbkvxb55vwzv3hl77lhfa4cdxx7ogdl2' '.'

1 warning found in build log:
     24        File "/tmp/sochat1/spack-stage/spack-stage-py-setuptools-39.2.0-
           gbkvxb55vwzv3hl77lhfa4cdxx7ogdl2/spack-src/setuptools/depends.py", l
           ine 7, in <module>
     25          from .py33compat import Bytecode
     26        File "/tmp/sochat1/spack-stage/spack-stage-py-setuptools-39.2.0-
           gbkvxb55vwzv3hl77lhfa4cdxx7ogdl2/spack-src/setuptools/py33compat.py"
           , line 54, in <module>
     27          unescape = getattr(html, 'unescape', html_parser.HTMLParser().
           unescape)
     28      AttributeError: 'HTMLParser' object has no attribute 'unescape'
     29      Preparing metadata (setup.py): finished with status 'error'
  >> 30    WARNING: Discarding file:///tmp/sochat1/spack-stage/spack-stage-py-s
           etuptools-39.2.0-gbkvxb55vwzv3hl77lhfa4cdxx7ogdl2/spack-src. Command
            errored out with exit status 1: python setup.py egg_info Check the 
           logs for full command output.
     31    ERROR: Command errored out with exit status 1: python setup.py egg_i
           nfo Check the logs for full command output.
     32    Exception information:
     33    Traceback (most recent call last):
     34      File "/p/vast1/build/spack/opt/spack/linux-rhel7-broadwell/gcc-10.
           2.1/py-pip-21.3.1-cv6d2xdn6bss7mgbbpq4uotcwzs3efwi/lib/python3.9/sit
           e-packages/pip/_internal/cli/base_command.py", line 164, in exc_logg
           ing_wrapper
     35        status = run_func(*args)
     36      File "/p/vast1/build/spack/opt/spack/linux-rhel7-broadwell/gcc-10.
           2.1/py-pip-21.3.1-cv6d2xdn6bss7mgbbpq4uotcwzs3efwi/lib/python3.9/sit
           e-packages/pip/_internal/cli/req_command.py", line 205, in wrapper

See build log for details:
  /var/tmp/sochat1/spack-stage/spack-stage-py-setuptools-39.2.0-gbkvxb55vwzv3hl77lhfa4cdxx7ogdl2/spack-build-out.txt

==> Error: ProcessError: Command exited with status 1:
    '/p/vast1/build/spack/opt/spack/linux-rhel7-broadwell/gcc-10.2.1/python-3.9.10-6fbgydg7c2bdx4ovimgsqyzucdkrd277/bin/python3.9' '-m' 'pip' '-vvv' '--no-input' '--no-cache-dir' '--disable-pip-version-check' 'install' '--no-deps' '--ignore-installed' '--no-build-isolation' '--no-warn-script-location' '--no-index' '--prefix=/p/vast1/build/spack/opt/spack/linux-rhel7-broadwell/gcc-10.2.1/py-setuptools-39.0.1-wxr4nsmsop2rcgjnomv6oyrxpdfdjzf5' '.'

1 warning found in build log:
     24        File "/tmp/sochat1/spack-stage/spack-stage-py-setuptools-39.0.1-
           wxr4nsmsop2rcgjnomv6oyrxpdfdjzf5/spack-src/setuptools/depends.py", l
           ine 7, in <module>
     25          from .py33compat import Bytecode
     26        File "/tmp/sochat1/spack-stage/spack-stage-py-setuptools-39.0.1-
           wxr4nsmsop2rcgjnomv6oyrxpdfdjzf5/spack-src/setuptools/py33compat.py"
           , line 54, in <module>
     27          unescape = getattr(html, 'unescape', html_parser.HTMLParser().
           unescape)
     28      AttributeError: 'HTMLParser' object has no attribute 'unescape'
     29      Preparing metadata (setup.py): finished with status 'error'
  >> 30    WARNING: Discarding file:///tmp/sochat1/spack-stage/spack-stage-py-s
           etuptools-39.0.1-wxr4nsmsop2rcgjnomv6oyrxpdfdjzf5/spack-src. Command
            errored out with exit status 1: python setup.py egg_info Check the 
           logs for full command output.
     31    ERROR: Command errored out with exit status 1: python setup.py egg_i
           nfo Check the logs for full command output.
     32    Exception information:
     33    Traceback (most recent call last):
     34      File "/p/vast1/build/spack/opt/spack/linux-rhel7-broadwell/gcc-10.
           2.1/py-pip-21.3.1-cv6d2xdn6bss7mgbbpq4uotcwzs3efwi/lib/python3.9/sit
           e-packages/pip/_internal/cli/base_command.py", line 164, in exc_logg
           ing_wrapper
     35        status = run_func(*args)
     36      File "/p/vast1/build/spack/opt/spack/linux-rhel7-broadwell/gcc-10.
           2.1/py-pip-21.3.1-cv6d2xdn6bss7mgbbpq4uotcwzs3efwi/lib/python3.9/sit
           e-packages/pip/_internal/cli/req_command.py", line 205, in wrapper

See build log for details:
  /var/tmp/sochat1/spack-stage/spack-stage-py-setuptools-39.0.1-wxr4nsmsop2rcgjnomv6oyrxpdfdjzf5/spack-build-out.txt

==> Error: ProcessError: Command exited with status 1:
    '/p/vast1/build/spack/opt/spack/linux-rhel7-broadwell/gcc-10.2.1/python-3.9.10-6fbgydg7c2bdx4ovimgsqyzucdkrd277/bin/python3.9' '-m' 'pip' '-vvv' '--no-input' '--no-cache-dir' '--disable-pip-version-check' 'install' '--no-deps' '--ignore-installed' '--no-build-isolation' '--no-warn-script-location' '--no-index' '--prefix=/p/vast1/build/spack/opt/spack/linux-rhel7-broadwell/gcc-10.2.1/py-setuptools-16.0-65pvnmsdn7tebmh7cntczizvdjro2bk4' '.'

1 warning found in build log:
     24        File "/tmp/sochat1/spack-stage/spack-stage-py-setuptools-16.0-65
           pvnmsdn7tebmh7cntczizvdjro2bk4/spack-src/setuptools/dist.py", line 1
           9, in <module>
     25          import pkg_resources
     26        File "/tmp/sochat1/spack-stage/spack-stage-py-setuptools-16.0-65
           pvnmsdn7tebmh7cntczizvdjro2bk4/spack-src/pkg_resources/__init__.py",
            line 1724, in <module>
     27          register_loader_type(importlib_bootstrap.SourceFileLoader, Def
           aultProvider)
     28      AttributeError: module 'importlib._bootstrap' has no attribute 'So
           urceFileLoader'
     29      Preparing metadata (setup.py): finished with status 'error'
  >> 30    WARNING: Discarding file:///tmp/sochat1/spack-stage/spack-stage-py-s
           etuptools-16.0-65pvnmsdn7tebmh7cntczizvdjro2bk4/spack-src. Command e
           rrored out with exit status 1: python setup.py egg_info Check the lo
           gs for full command output.
     31    ERROR: Command errored out with exit status 1: python setup.py egg_i
           nfo Check the logs for full command output.
     32    Exception information:
     33    Traceback (most recent call last):
     34      File "/p/vast1/build/spack/opt/spack/linux-rhel7-broadwell/gcc-10.
           2.1/py-pip-21.3.1-cv6d2xdn6bss7mgbbpq4uotcwzs3efwi/lib/python3.9/sit
           e-packages/pip/_internal/cli/base_command.py", line 164, in exc_logg
           ing_wrapper
     35        status = run_func(*args)
     36      File "/p/vast1/build/spack/opt/spack/linux-rhel7-broadwell/gcc-10.
           2.1/py-pip-21.3.1-cv6d2xdn6bss7mgbbpq4uotcwzs3efwi/lib/python3.9/sit
           e-packages/pip/_internal/cli/req_command.py", line 205, in wrapper

See build log for details:
  /var/tmp/sochat1/spack-stage/spack-stage-py-setuptools-16.0-65pvnmsdn7tebmh7cntczizvdjro2bk4/spack-build-out.txt

==> Error: ProcessError: Command exited with status 1:
    '/p/vast1/build/spack/opt/spack/linux-rhel7-broadwell/gcc-10.2.1/python-3.9.10-6fbgydg7c2bdx4ovimgsqyzucdkrd277/bin/python3.9' '-m' 'pip' '-vvv' '--no-input' '--no-cache-dir' '--disable-pip-version-check' 'install' '--no-deps' '--ignore-installed' '--no-build-isolation' '--no-warn-script-location' '--no-index' '--prefix=/p/vast1/build/spack/opt/spack/linux-rhel7-broadwell/gcc-10.2.1/py-setuptools-11.3.1-iffzum4qtkbut2s6n7bqqdj5vagrgwc2' '.'

1 warning found in build log:
     24        File "/tmp/sochat1/spack-stage/spack-stage-py-setuptools-11.3.1-
           iffzum4qtkbut2s6n7bqqdj5vagrgwc2/spack-src/setuptools/dist.py", line
            19, in <module>
     25          import pkg_resources
     26        File "/tmp/sochat1/spack-stage/spack-stage-py-setuptools-11.3.1-
           iffzum4qtkbut2s6n7bqqdj5vagrgwc2/spack-src/pkg_resources/__init__.py
           ", line 1696, in <module>
     27          register_loader_type(importlib_bootstrap.SourceFileLoader, Def
           aultProvider)
     28      AttributeError: module 'importlib._bootstrap' has no attribute 'So
           urceFileLoader'
     29      Preparing metadata (setup.py): finished with status 'error'
  >> 30    WARNING: Discarding file:///tmp/sochat1/spack-stage/spack-stage-py-s
           etuptools-11.3.1-iffzum4qtkbut2s6n7bqqdj5vagrgwc2/spack-src. Command
            errored out with exit status 1: python setup.py egg_info Check the 
           logs for full command output.
     31    ERROR: Command errored out with exit status 1: python setup.py egg_i
           nfo Check the logs for full command output.
     32    Exception information:
     33    Traceback (most recent call last):
     34      File "/p/vast1/build/spack/opt/spack/linux-rhel7-broadwell/gcc-10.
           2.1/py-pip-21.3.1-cv6d2xdn6bss7mgbbpq4uotcwzs3efwi/lib/python3.9/sit
           e-packages/pip/_internal/cli/base_command.py", line 164, in exc_logg
           ing_wrapper
     35        status = run_func(*args)
     36      File "/p/vast1/build/spack/opt/spack/linux-rhel7-broadwell/gcc-10.
           2.1/py-pip-21.3.1-cv6d2xdn6bss7mgbbpq4uotcwzs3efwi/lib/python3.9/sit
           e-packages/pip/_internal/cli/req_command.py", line 205, in wrapper

See build log for details:
  /var/tmp/sochat1/spack-stage/spack-stage-py-setuptools-11.3.1-iffzum4qtkbut2s6n7bqqdj5vagrgwc2/spack-build-out.txt

Making predictions for spack-test
Making predictions for symbolator
Making predictions for libabigail
abicompat not found on path, will look for spack instead.
Making predictions for actual
