==> Error: ProcessError: Command exited with status 2:
    'make' '-j2'

34 errors found in build log:
     111    cd /tmp/sochat1/spack-stage/spack-stage-omega-h-9.22.2-ihsya7c45cwk
            skpoyu2fpitwr3e4jfja/spack-build-ihsya7c/src && /p/vast1/build/spac
            k/opt/spack/linux-rhel7-broadwell/gcc-10.2.1/openmpi-4.1.2-mtnsjnbj
            5kuefhd6gtupaglpuytu6vhz/bin/mpic++ -Domega_h_EXPORTS -I/var/tmp/so
            chat1/spack-stage/spack-stage-omega-h-9.22.2-ihsya7c45cwkskpoyu2fpi
            twr3e4jfja/spack-src/src -I/tmp/sochat1/spack-stage/spack-stage-ome
            ga-h-9.22.2-ihsya7c45cwkskpoyu2fpitwr3e4jfja/spack-build-ihsya7c/sr
            c -I/var/tmp/sochat1/spack-stage/spack-stage-omega-h-9.22.2-ihsya7c
            45cwkskpoyu2fpitwr3e4jfja/spack-src/tpl -I/p/vast1/build/spack/opt/
            spack/linux-rhel7-broadwell/gcc-10.2.1/trilinos-13.0.1-ek3l55mwgojt
            jozcq4td2bstgfpxei4m/include -I/p/vast1/build/spack/opt/spack/linux
            -rhel7-broadwell/gcc-10.2.1/hwloc-2.7.0-zcvfxqfecuheq2vakvpuosok2av
            akr6j/include -isystem /p/vast1/build/spack/opt/spack/linux-rhel7-b
            roadwell/gcc-10.2.1/zlib-1.2.11-su2ldy5ofm424qnly3kitbbdgwovpfk4/in
            clude -O3 -g --std=c++11   -fPIC -std=gnu++14 -MD -MT src/CMakeFile
            s/omega_h.dir/Omega_h_timer.cpp.o -MF CMakeFiles/omega_h.dir/Omega_
            h_timer.cpp.o.d -o CMakeFiles/omega_h.dir/Omega_h_timer.cpp.o -c /v
            ar/tmp/sochat1/spack-stage/spack-stage-omega-h-9.22.2-ihsya7c45cwks
            kpoyu2fpitwr3e4jfja/spack-src/src/Omega_h_timer.cpp
     112    [  2%] Building CXX object src/CMakeFiles/omega_h.dir/Omega_h_array
            .cpp.o
     113    cd /tmp/sochat1/spack-stage/spack-stage-omega-h-9.22.2-ihsya7c45cwk
            skpoyu2fpitwr3e4jfja/spack-build-ihsya7c/src && /p/vast1/build/spac
            k/opt/spack/linux-rhel7-broadwell/gcc-10.2.1/openmpi-4.1.2-mtnsjnbj
            5kuefhd6gtupaglpuytu6vhz/bin/mpic++ -Domega_h_EXPORTS -I/var/tmp/so
            chat1/spack-stage/spack-stage-omega-h-9.22.2-ihsya7c45cwkskpoyu2fpi
            twr3e4jfja/spack-src/src -I/tmp/sochat1/spack-stage/spack-stage-ome
            ga-h-9.22.2-ihsya7c45cwkskpoyu2fpitwr3e4jfja/spack-build-ihsya7c/sr
            c -I/var/tmp/sochat1/spack-stage/spack-stage-omega-h-9.22.2-ihsya7c
            45cwkskpoyu2fpitwr3e4jfja/spack-src/tpl -I/p/vast1/build/spack/opt/
            spack/linux-rhel7-broadwell/gcc-10.2.1/trilinos-13.0.1-ek3l55mwgojt
            jozcq4td2bstgfpxei4m/include -I/p/vast1/build/spack/opt/spack/linux
            -rhel7-broadwell/gcc-10.2.1/hwloc-2.7.0-zcvfxqfecuheq2vakvpuosok2av
            akr6j/include -isystem /p/vast1/build/spack/opt/spack/linux-rhel7-b
            roadwell/gcc-10.2.1/zlib-1.2.11-su2ldy5ofm424qnly3kitbbdgwovpfk4/in
            clude -O3 -g --std=c++11   -fPIC -std=gnu++14 -MD -MT src/CMakeFile
            s/omega_h.dir/Omega_h_array.cpp.o -MF CMakeFiles/omega_h.dir/Omega_
            h_array.cpp.o.d -o CMakeFiles/omega_h.dir/Omega_h_array.cpp.o -c /v
            ar/tmp/sochat1/spack-stage/spack-stage-omega-h-9.22.2-ihsya7c45cwks
            kpoyu2fpitwr3e4jfja/spack-src/src/Omega_h_array.cpp
     114    [  3%] Building CXX object src/CMakeFiles/omega_h.dir/Omega_h_array
            _ops.cpp.o
     115    cd /tmp/sochat1/spack-stage/spack-stage-omega-h-9.22.2-ihsya7c45cwk
            skpoyu2fpitwr3e4jfja/spack-build-ihsya7c/src && /p/vast1/build/spac
            k/opt/spack/linux-rhel7-broadwell/gcc-10.2.1/openmpi-4.1.2-mtnsjnbj
            5kuefhd6gtupaglpuytu6vhz/bin/mpic++ -Domega_h_EXPORTS -I/var/tmp/so
            chat1/spack-stage/spack-stage-omega-h-9.22.2-ihsya7c45cwkskpoyu2fpi
            twr3e4jfja/spack-src/src -I/tmp/sochat1/spack-stage/spack-stage-ome
            ga-h-9.22.2-ihsya7c45cwkskpoyu2fpitwr3e4jfja/spack-build-ihsya7c/sr
            c -I/var/tmp/sochat1/spack-stage/spack-stage-omega-h-9.22.2-ihsya7c
            45cwkskpoyu2fpitwr3e4jfja/spack-src/tpl -I/p/vast1/build/spack/opt/
            spack/linux-rhel7-broadwell/gcc-10.2.1/trilinos-13.0.1-ek3l55mwgojt
            jozcq4td2bstgfpxei4m/include -I/p/vast1/build/spack/opt/spack/linux
            -rhel7-broadwell/gcc-10.2.1/hwloc-2.7.0-zcvfxqfecuheq2vakvpuosok2av
            akr6j/include -isystem /p/vast1/build/spack/opt/spack/linux-rhel7-b
            roadwell/gcc-10.2.1/zlib-1.2.11-su2ldy5ofm424qnly3kitbbdgwovpfk4/in
            clude -O3 -g --std=c++11   -fPIC -std=gnu++14 -MD -MT src/CMakeFile
            s/omega_h.dir/Omega_h_array_ops.cpp.o -MF CMakeFiles/omega_h.dir/Om
            ega_h_array_ops.cpp.o.d -o CMakeFiles/omega_h.dir/Omega_h_array_ops
            .cpp.o -c /var/tmp/sochat1/spack-stage/spack-stage-omega-h-9.22.2-i
            hsya7c45cwkskpoyu2fpitwr3e4jfja/spack-src/src/Omega_h_array_ops.cpp
     116    /var/tmp/sochat1/spack-stage/spack-stage-omega-h-9.22.2-ihsya7c45cw
            kskpoyu2fpitwr3e4jfja/spack-src/src/Omega_h_array_ops.cpp: In lambd
            a function:
  >> 117    /var/tmp/sochat1/spack-stage/spack-stage-omega-h-9.22.2-ihsya7c45cw
            kskpoyu2fpitwr3e4jfja/spack-src/src/Omega_h_array_ops.cpp:17:40: er
            ror: expected '{' before '->' token
     118       17 |   auto transform = OMEGA_H_LAMBDA(LO i)->bool { return a[i]
             == b[i]; };
     119          |                                        ^~
     120    /var/tmp/sochat1/spack-stage/spack-stage-omega-h-9.22.2-ihsya7c45cw
            kskpoyu2fpitwr3e4jfja/spack-src/src/Omega_h_array_ops.cpp: In funct
            ion 'bool Omega_h::operator==(Omega_h::Read<T>, Omega_h::Read<T>)':
  >> 121    /var/tmp/sochat1/spack-stage/spack-stage-omega-h-9.22.2-ihsya7c45cw
            kskpoyu2fpitwr3e4jfja/spack-src/src/Omega_h_array_ops.cpp:17:42: er
            ror: expected unqualified-id before 'bool'
     122       17 |   auto transform = OMEGA_H_LAMBDA(LO i)->bool { return a[i]
             == b[i]; };
     123          |                                          ^~~~
     124    /var/tmp/sochat1/spack-stage/spack-stage-omega-h-9.22.2-ihsya7c45cw
            kskpoyu2fpitwr3e4jfja/spack-src/src/Omega_h_array_ops.cpp: In lambd
            a function:
  >> 125    /var/tmp/sochat1/spack-stage/spack-stage-omega-h-9.22.2-ihsya7c45cw
            kskpoyu2fpitwr3e4jfja/spack-src/src/Omega_h_array_ops.cpp:25:28: er
            ror: expected '{' before '->' token
     126       25 |       OMEGA_H_LAMBDA(T val)->PT { return PT(val); });
     127          |                            ^~
     128    /var/tmp/sochat1/spack-stage/spack-stage-omega-h-9.22.2-ihsya7c45cw
            kskpoyu2fpitwr3e4jfja/spack-src/src/Omega_h_array_ops.cpp: In funct
            ion 'Omega_h::promoted_t<T> Omega_h::get_sum(Omega_h::Read<T>)':
  >> 129    /var/tmp/sochat1/spack-stage/spack-stage-omega-h-9.22.2-ihsya7c45cw
            kskpoyu2fpitwr3e4jfja/spack-src/src/Omega_h_array_ops.cpp:25:32: er
            ror: expected ')' before '{' token
     130       25 |       OMEGA_H_LAMBDA(T val)->PT { return PT(val); });
     131          |                                ^~
     132          |                                )
     133    /var/tmp/sochat1/spack-stage/spack-stage-omega-h-9.22.2-ihsya7c45cw
            kskpoyu2fpitwr3e4jfja/spack-src/src/Omega_h_array_ops.cpp:24:26: no
            te: to match this '('
     134       24 |   return transform_reduce(a.begin(), a.end(), PT(0), plus<P
            T>(),
     135          |                          ^
     136    /var/tmp/sochat1/spack-stage/spack-stage-omega-h-9.22.2-ihsya7c45cw
            kskpoyu2fpitwr3e4jfja/spack-src/src/Omega_h_array_ops.cpp: In lambd
            a function:
  >> 137    /var/tmp/sochat1/spack-stage/spack-stage-omega-h-9.22.2-ihsya7c45cw
            kskpoyu2fpitwr3e4jfja/spack-src/src/Omega_h_array_ops.cpp:39:40: er
            ror: expected '{' before '->' token
     138       39 |   auto transform = OMEGA_H_LAMBDA(LO i)->promoted_t<T> {
     139          |                                        ^~
     140    /var/tmp/sochat1/spack-stage/spack-stage-omega-h-9.22.2-ihsya7c45cw
            kskpoyu2fpitwr3e4jfja/spack-src/src/Omega_h_array_ops.cpp: In funct
            ion 'T Omega_h::get_min(Omega_h::Read<T>)':
  >> 141    /var/tmp/sochat1/spack-stage/spack-stage-omega-h-9.22.2-ihsya7c45cw
            kskpoyu2fpitwr3e4jfja/spack-src/src/Omega_h_array_ops.cpp:39:42: er
            ror: invalid use of 'using promoted_t = typename Omega_h::Promoted<
            T>::type'
     142       39 |   auto transform = OMEGA_H_LAMBDA(LO i)->promoted_t<T> {
     143          |                                          ^~~~~~~~~~~~~
     144    /var/tmp/sochat1/spack-stage/spack-stage-omega-h-9.22.2-ihsya7c45cw
            kskpoyu2fpitwr3e4jfja/spack-src/src/Omega_h_array_ops.cpp: In lambd
            a function:
  >> 145    /var/tmp/sochat1/spack-stage/spack-stage-omega-h-9.22.2-ihsya7c45cw
            kskpoyu2fpitwr3e4jfja/spack-src/src/Omega_h_array_ops.cpp:52:40: er
            ror: expected '{' before '->' token
     146       52 |   auto transform = OMEGA_H_LAMBDA(LO i)->promoted_t<T> {
     147          |                                        ^~
     148    /var/tmp/sochat1/spack-stage/spack-stage-omega-h-9.22.2-ihsya7c45cw
            kskpoyu2fpitwr3e4jfja/spack-src/src/Omega_h_array_ops.cpp: In funct
            ion 'T Omega_h::get_max(Omega_h::Read<T>)':
  >> 149    /var/tmp/sochat1/spack-stage/spack-stage-omega-h-9.22.2-ihsya7c45cw
            kskpoyu2fpitwr3e4jfja/spack-src/src/Omega_h_array_ops.cpp:52:42: er
            ror: invalid use of 'using promoted_t = typename Omega_h::Promoted<
            T>::type'
     150       52 |   auto transform = OMEGA_H_LAMBDA(LO i)->promoted_t<T> {
     151          |                                          ^~~~~~~~~~~~~
     152    /var/tmp/sochat1/spack-stage/spack-stage-omega-h-9.22.2-ihsya7c45cw
            kskpoyu2fpitwr3e4jfja/spack-src/src/Omega_h_array_ops.cpp: In lambd
            a function:
  >> 153    /var/tmp/sochat1/spack-stage/spack-stage-omega-h-9.22.2-ihsya7c45cw
            kskpoyu2fpitwr3e4jfja/spack-src/src/Omega_h_array_ops.cpp:80:40: er
            ror: expected '{' before '->' token
     154       80 |   auto transform = OMEGA_H_LAMBDA(LO i)->bool {
     155          |                                        ^~
     156    /var/tmp/sochat1/spack-stage/spack-stage-omega-h-9.22.2-ihsya7c45cw
            kskpoyu2fpitwr3e4jfja/spack-src/src/Omega_h_array_ops.cpp: In funct
            ion 'bool Omega_h::are_close(Omega_h::Reals, Omega_h::Reals, Omega_
            h::Real, Omega_h::Real)':
  >> 157    /var/tmp/sochat1/spack-stage/spack-stage-omega-h-9.22.2-ihsya7c45cw
            kskpoyu2fpitwr3e4jfja/spack-src/src/Omega_h_array_ops.cpp:80:40: er
            ror: base operand of '->' has non-pointer type 'Omega_h::are_close(
            Omega_h::Reals, Omega_h::Reals, Omega_h::Real, Omega_h::Real)::<lam
            bda(Omega_h::LO)>'
  >> 158    /var/tmp/sochat1/spack-stage/spack-stage-omega-h-9.22.2-ihsya7c45cw
            kskpoyu2fpitwr3e4jfja/spack-src/src/Omega_h_array_ops.cpp:80:42: er
            ror: expected unqualified-id before 'bool'
     159       80 |   auto transform = OMEGA_H_LAMBDA(LO i)->bool {
     160          |                                          ^~~~
     161    /var/tmp/sochat1/spack-stage/spack-stage-omega-h-9.22.2-ihsya7c45cw
            kskpoyu2fpitwr3e4jfja/spack-src/src/Omega_h_array_ops.cpp: In lambd
            a function:
  >> 162    /var/tmp/sochat1/spack-stage/spack-stage-omega-h-9.22.2-ihsya7c45cw
            kskpoyu2fpitwr3e4jfja/spack-src/src/Omega_h_array_ops.cpp:94:40: er
            ror: expected '{' before '->' token
     163       94 |   auto transform = OMEGA_H_LAMBDA(LO i)->bool {
     164          |                                        ^~
     165    /var/tmp/sochat1/spack-stage/spack-stage-omega-h-9.22.2-ihsya7c45cw
            kskpoyu2fpitwr3e4jfja/spack-src/src/Omega_h_array_ops.cpp: In funct
            ion 'bool Omega_h::are_close_abs(Omega_h::Reals, Omega_h::Reals, Om
            ega_h::Real)':
  >> 166    /var/tmp/sochat1/spack-stage/spack-stage-omega-h-9.22.2-ihsya7c45cw
            kskpoyu2fpitwr3e4jfja/spack-src/src/Omega_h_array_ops.cpp:94:40: er
            ror: base operand of '->' has non-pointer type 'Omega_h::are_close_
            abs(Omega_h::Reals, Omega_h::Reals, Omega_h::Real)::<lambda(Omega_h
            ::LO)>'
  >> 167    /var/tmp/sochat1/spack-stage/spack-stage-omega-h-9.22.2-ihsya7c45cw
            kskpoyu2fpitwr3e4jfja/spack-src/src/Omega_h_array_ops.cpp:94:42: er
            ror: expected unqualified-id before 'bool'
     168       94 |   auto transform = OMEGA_H_LAMBDA(LO i)->bool {
     169          |                                          ^~~~
     170    /var/tmp/sochat1/spack-stage/spack-stage-omega-h-9.22.2-ihsya7c45cw
            kskpoyu2fpitwr3e4jfja/spack-src/src/Omega_h_array_ops.cpp: In lambd
            a function:
  >> 171    /var/tmp/sochat1/spack-stage/spack-stage-omega-h-9.22.2-ihsya7c45cw
            kskpoyu2fpitwr3e4jfja/spack-src/src/Omega_h_array_ops.cpp:409:40: e
            rror: expected '{' before '->' token
     172      409 |   auto transform = OMEGA_H_LAMBDA(LO i)->LO {
     173          |                                        ^~
     174    /var/tmp/sochat1/spack-stage/spack-stage-omega-h-9.22.2-ihsya7c45cw
            kskpoyu2fpitwr3e4jfja/spack-src/src/Omega_h_array_ops.cpp: In funct
            ion 'Omega_h::LO Omega_h::find_last(Omega_h::Read<T>, T)':
  >> 175    /var/tmp/sochat1/spack-stage/spack-stage-omega-h-9.22.2-ihsya7c45cw
            kskpoyu2fpitwr3e4jfja/spack-src/src/Omega_h_array_ops.cpp:409:45: e
            rror: expected ',' or ';' before '{' token
     176      409 |   auto transform = OMEGA_H_LAMBDA(LO i)->LO {
     177          |                                             ^
     178    /var/tmp/sochat1/spack-stage/spack-stage-omega-h-9.22.2-ihsya7c45cw
            kskpoyu2fpitwr3e4jfja/spack-src/src/Omega_h_array_ops.cpp: In lambd
            a function:
  >> 179    /var/tmp/sochat1/spack-stage/spack-stage-omega-h-9.22.2-ihsya7c45cw
            kskpoyu2fpitwr3e4jfja/spack-src/src/Omega_h_array_ops.cpp:425:40: e
            rror: expected '{' before '->' token
     180      425 |   auto transform = OMEGA_H_LAMBDA(LO i)->bool { return a[i]
             <= a[i + 1]; };
     181          |                                        ^~
     182    /var/tmp/sochat1/spack-stage/spack-stage-omega-h-9.22.2-ihsya7c45cw
            kskpoyu2fpitwr3e4jfja/spack-src/src/Omega_h_array_ops.cpp: In funct
            ion 'bool Omega_h::is_sorted(Omega_h::Read<T>)':
  >> 183    /var/tmp/sochat1/spack-stage/spack-stage-omega-h-9.22.2-ihsya7c45cw
            kskpoyu2fpitwr3e4jfja/spack-src/src/Omega_h_array_ops.cpp:425:42: e
            rror: expected unqualified-id before 'bool'
     184      425 |   auto transform = OMEGA_H_LAMBDA(LO i)->bool { return a[i]
             <= a[i + 1]; };
     185          |                                          ^~~~
     186    /var/tmp/sochat1/spack-stage/spack-stage-omega-h-9.22.2-ihsya7c45cw
            kskpoyu2fpitwr3e4jfja/spack-src/src/Omega_h_array_ops.cpp: In lambd
            a function:
  >> 187    /var/tmp/sochat1/spack-stage/spack-stage-omega-h-9.22.2-ihsya7c45cw
            kskpoyu2fpitwr3e4jfja/spack-src/src/Omega_h_array_ops.cpp:499:40: e
            rror: expected '{' before '->' token
     188      499 |   auto transform = OMEGA_H_LAMBDA(LO i)->int {
     189          |                                        ^~
     190    /var/tmp/sochat1/spack-stage/spack-stage-omega-h-9.22.2-ihsya7c45cw
            kskpoyu2fpitwr3e4jfja/spack-src/src/Omega_h_array_ops.cpp: In funct
            ion 'int Omega_h::max_exponent(Omega_h::Reals)':
  >> 191    /var/tmp/sochat1/spack-stage/spack-stage-omega-h-9.22.2-ihsya7c45cw
            kskpoyu2fpitwr3e4jfja/spack-src/src/Omega_h_array_ops.cpp:499:40: e
            rror: base operand of '->' has non-pointer type 'Omega_h::max_expon
            ent(Omega_h::Reals)::<lambda(Omega_h::LO)>'
  >> 192    /var/tmp/sochat1/spack-stage/spack-stage-omega-h-9.22.2-ihsya7c45cw
            kskpoyu2fpitwr3e4jfja/spack-src/src/Omega_h_array_ops.cpp:499:42: e
            rror: expected unqualified-id before 'int'
     193      499 |   auto transform = OMEGA_H_LAMBDA(LO i)->int {
     194          |                                          ^~~
     195    /var/tmp/sochat1/spack-stage/spack-stage-omega-h-9.22.2-ihsya7c45cw
            kskpoyu2fpitwr3e4jfja/spack-src/src/Omega_h_array_ops.cpp: In lambd
            a function:
  >> 196    /var/tmp/sochat1/spack-stage/spack-stage-omega-h-9.22.2-ihsya7c45cw
            kskpoyu2fpitwr3e4jfja/spack-src/src/Omega_h_array_ops.cpp:516:40: e
            rror: expected '{' before '->' token
     197      516 |   auto transform = OMEGA_H_LAMBDA(LO i)->Int128 {
     198          |                                        ^~
     199    /var/tmp/sochat1/spack-stage/spack-stage-omega-h-9.22.2-ihsya7c45cw
            kskpoyu2fpitwr3e4jfja/spack-src/src/Omega_h_array_ops.cpp: In funct
            ion 'Omega_h::Int128 Omega_h::int128_sum(Omega_h::Reals, double)':
  >> 200    /var/tmp/sochat1/spack-stage/spack-stage-omega-h-9.22.2-ihsya7c45cw
            kskpoyu2fpitwr3e4jfja/spack-src/src/Omega_h_array_ops.cpp:516:40: e
            rror: base operand of '->' has non-pointer type 'Omega_h::int128_su
            m(Omega_h::Reals, double)::<lambda(Omega_h::LO)>'
     201    In file included from /var/tmp/sochat1/spack-stage/spack-stage-omeg
            a-h-9.22.2-ihsya7c45cwkskpoyu2fpitwr3e4jfja/spack-src/src/Omega_h_m
            pi.h:4,
     202                     from /var/tmp/sochat1/spack-stage/spack-stage-omeg
            a-h-9.22.2-ihsya7c45cwkskpoyu2fpitwr3e4jfja/spack-src/src/Omega_h_c
            omm.hpp:6,
     203                     from /var/tmp/sochat1/spack-stage/spack-stage-omeg
            a-h-9.22.2-ihsya7c45cwkskpoyu2fpitwr3e4jfja/spack-src/src/Omega_h_a
            rray_ops.hpp:6,
     204                     from /var/tmp/sochat1/spack-stage/spack-stage-omeg
            a-h-9.22.2-ihsya7c45cwkskpoyu2fpitwr3e4jfja/spack-src/src/Omega_h_a
            rray_ops.cpp:1:
     205    /var/tmp/sochat1/spack-stage/spack-stage-omega-h-9.22.2-ihsya7c45cw
            kskpoyu2fpitwr3e4jfja/spack-src/src/Omega_h_array_ops.cpp: In insta
            ntiation of 'Omega_h::promoted_t<T> Omega_h::get_sum(Omega_h::Read<
            T>) [with T = signed char; Omega_h::promoted_t<T> = int]':
     206    /var/tmp/sochat1/spack-stage/spack-stage-omega-h-9.22.2-ihsya7c45cw
            kskpoyu2fpitwr3e4jfja/spack-src/src/Omega_h_array_ops.cpp:610:1:   
            required from here
  >> 207    /var/tmp/sochat1/spack-stage/spack-stage-omega-h-9.22.2-ihsya7c45cw
            kskpoyu2fpitwr3e4jfja/spack-src/src/Omega_h_macros.h:45:29: error: 
            base operand of '->' has non-pointer type 'Omega_h::get_sum<signed 
            char>::<lambda(signed char)>'
     208       45 | #define OMEGA_H_LAMBDA(...) [=](__VA_ARGS__) __attribute__(
            (always_inline, flatten))
     209          |                             ^
     210    /var/tmp/sochat1/spack-stage/spack-stage-omega-h-9.22.2-ihsya7c45cw
            kskpoyu2fpitwr3e4jfja/spack-src/src/Omega_h_array_ops.cpp:25:7: not
            e: in expansion of macro 'OMEGA_H_LAMBDA'
     211       25 |       OMEGA_H_LAMBDA(T val)->PT { return PT(val); });
     212          |       ^~~~~~~~~~~~~~
     213    /var/tmp/sochat1/spack-stage/spack-stage-omega-h-9.22.2-ihsya7c45cw
            kskpoyu2fpitwr3e4jfja/spack-src/src/Omega_h_array_ops.cpp: In insta
            ntiation of 'Omega_h::LO Omega_h::find_last(Omega_h::Read<T>, T) [w
            ith T = signed char; Omega_h::LO = int]':
     214    /var/tmp/sochat1/spack-stage/spack-stage-omega-h-9.22.2-ihsya7c45cw
            kskpoyu2fpitwr3e4jfja/spack-src/src/Omega_h_array_ops.cpp:610:1:   
            required from here
  >> 215    /var/tmp/sochat1/spack-stage/spack-stage-omega-h-9.22.2-ihsya7c45cw
            kskpoyu2fpitwr3e4jfja/spack-src/src/Omega_h_macros.h:45:29: error: 
            base operand of '->' has non-pointer type 'Omega_h::find_last<signe
            d char>::<lambda(Omega_h::LO)>'
     216       45 | #define OMEGA_H_LAMBDA(...) [=](__VA_ARGS__) __attribute__(
            (always_inline, flatten))
     217          |                             ^
     218    /var/tmp/sochat1/spack-stage/spack-stage-omega-h-9.22.2-ihsya7c45cw
            kskpoyu2fpitwr3e4jfja/spack-src/src/Omega_h_array_ops.cpp:409:20: n
            ote: in expansion of macro 'OMEGA_H_LAMBDA'
     219      409 |   auto transform = OMEGA_H_LAMBDA(LO i)->LO {
     220          |                    ^~~~~~~~~~~~~~
     221    /var/tmp/sochat1/spack-stage/spack-stage-omega-h-9.22.2-ihsya7c45cw
            kskpoyu2fpitwr3e4jfja/spack-src/src/Omega_h_array_ops.cpp: In insta
            ntiation of 'Omega_h::promoted_t<T> Omega_h::get_sum(Omega_h::Read<
            T>) [with T = int; Omega_h::promoted_t<T> = int]':
     222    /var/tmp/sochat1/spack-stage/spack-stage-omega-h-9.22.2-ihsya7c45cw
            kskpoyu2fpitwr3e4jfja/spack-src/src/Omega_h_array_ops.cpp:611:1:   
            required from here
  >> 223    /var/tmp/sochat1/spack-stage/spack-stage-omega-h-9.22.2-ihsya7c45cw
            kskpoyu2fpitwr3e4jfja/spack-src/src/Omega_h_macros.h:45:29: error: 
            base operand of '->' has non-pointer type 'Omega_h::get_sum<int>::<
            lambda(int)>'
     224       45 | #define OMEGA_H_LAMBDA(...) [=](__VA_ARGS__) __attribute__(
            (always_inline, flatten))
     225          |                             ^
     226    /var/tmp/sochat1/spack-stage/spack-stage-omega-h-9.22.2-ihsya7c45cw
            kskpoyu2fpitwr3e4jfja/spack-src/src/Omega_h_array_ops.cpp:25:7: not
            e: in expansion of macro 'OMEGA_H_LAMBDA'
     227       25 |       OMEGA_H_LAMBDA(T val)->PT { return PT(val); });
     228          |       ^~~~~~~~~~~~~~
     229    /var/tmp/sochat1/spack-stage/spack-stage-omega-h-9.22.2-ihsya7c45cw
            kskpoyu2fpitwr3e4jfja/spack-src/src/Omega_h_array_ops.cpp: In insta
            ntiation of 'Omega_h::LO Omega_h::find_last(Omega_h::Read<T>, T) [w
            ith T = int; Omega_h::LO = int]':
     230    /var/tmp/sochat1/spack-stage/spack-stage-omega-h-9.22.2-ihsya7c45cw
            kskpoyu2fpitwr3e4jfja/spack-src/src/Omega_h_array_ops.cpp:611:1:   
            required from here
  >> 231    /var/tmp/sochat1/spack-stage/spack-stage-omega-h-9.22.2-ihsya7c45cw
            kskpoyu2fpitwr3e4jfja/spack-src/src/Omega_h_macros.h:45:29: error: 
            base operand of '->' has non-pointer type 'Omega_h::find_last<int>:
            :<lambda(Omega_h::LO)>'
     232       45 | #define OMEGA_H_LAMBDA(...) [=](__VA_ARGS__) __attribute__(
            (always_inline, flatten))
     233          |                             ^
     234    /var/tmp/sochat1/spack-stage/spack-stage-omega-h-9.22.2-ihsya7c45cw
            kskpoyu2fpitwr3e4jfja/spack-src/src/Omega_h_array_ops.cpp:409:20: n
            ote: in expansion of macro 'OMEGA_H_LAMBDA'
     235      409 |   auto transform = OMEGA_H_LAMBDA(LO i)->LO {
     236          |                    ^~~~~~~~~~~~~~
     237    /var/tmp/sochat1/spack-stage/spack-stage-omega-h-9.22.2-ihsya7c45cw
            kskpoyu2fpitwr3e4jfja/spack-src/src/Omega_h_array_ops.cpp: In insta
            ntiation of 'Omega_h::promoted_t<T> Omega_h::get_sum(Omega_h::Read<
            T>) [with T = long int; Omega_h::promoted_t<T> = long int]':
     238    /var/tmp/sochat1/spack-stage/spack-stage-omega-h-9.22.2-ihsya7c45cw
            kskpoyu2fpitwr3e4jfja/spack-src/src/Omega_h_array_ops.cpp:612:1:   
            required from here
  >> 239    /var/tmp/sochat1/spack-stage/spack-stage-omega-h-9.22.2-ihsya7c45cw
            kskpoyu2fpitwr3e4jfja/spack-src/src/Omega_h_macros.h:45:29: error: 
            base operand of '->' has non-pointer type 'Omega_h::get_sum<long in
            t>::<lambda(long int)>'
     240       45 | #define OMEGA_H_LAMBDA(...) [=](__VA_ARGS__) __attribute__(
            (always_inline, flatten))
     241          |                             ^
     242    /var/tmp/sochat1/spack-stage/spack-stage-omega-h-9.22.2-ihsya7c45cw
            kskpoyu2fpitwr3e4jfja/spack-src/src/Omega_h_array_ops.cpp:25:7: not
            e: in expansion of macro 'OMEGA_H_LAMBDA'
     243       25 |       OMEGA_H_LAMBDA(T val)->PT { return PT(val); });
     244          |       ^~~~~~~~~~~~~~
     245    /var/tmp/sochat1/spack-stage/spack-stage-omega-h-9.22.2-ihsya7c45cw
            kskpoyu2fpitwr3e4jfja/spack-src/src/Omega_h_array_ops.cpp: In insta
            ntiation of 'Omega_h::LO Omega_h::find_last(Omega_h::Read<T>, T) [w
            ith T = long int; Omega_h::LO = int]':
     246    /var/tmp/sochat1/spack-stage/spack-stage-omega-h-9.22.2-ihsya7c45cw
            kskpoyu2fpitwr3e4jfja/spack-src/src/Omega_h_array_ops.cpp:612:1:   
            required from here
  >> 247    /var/tmp/sochat1/spack-stage/spack-stage-omega-h-9.22.2-ihsya7c45cw
            kskpoyu2fpitwr3e4jfja/spack-src/src/Omega_h_macros.h:45:29: error: 
            base operand of '->' has non-pointer type 'Omega_h::find_last<long 
            int>::<lambda(Omega_h::LO)>'
     248       45 | #define OMEGA_H_LAMBDA(...) [=](__VA_ARGS__) __attribute__(
            (always_inline, flatten))
     249          |                             ^
     250    /var/tmp/sochat1/spack-stage/spack-stage-omega-h-9.22.2-ihsya7c45cw
            kskpoyu2fpitwr3e4jfja/spack-src/src/Omega_h_array_ops.cpp:409:20: n
            ote: in expansion of macro 'OMEGA_H_LAMBDA'
     251      409 |   auto transform = OMEGA_H_LAMBDA(LO i)->LO {
     252          |                    ^~~~~~~~~~~~~~
     253    /var/tmp/sochat1/spack-stage/spack-stage-omega-h-9.22.2-ihsya7c45cw
            kskpoyu2fpitwr3e4jfja/spack-src/src/Omega_h_array_ops.cpp: In insta
            ntiation of 'Omega_h::promoted_t<T> Omega_h::get_sum(Omega_h::Read<
            T>) [with T = double; Omega_h::promoted_t<T> = double]':
     254    /var/tmp/sochat1/spack-stage/spack-stage-omega-h-9.22.2-ihsya7c45cw
            kskpoyu2fpitwr3e4jfja/spack-src/src/Omega_h_array_ops.cpp:613:1:   
            required from here
  >> 255    /var/tmp/sochat1/spack-stage/spack-stage-omega-h-9.22.2-ihsya7c45cw
            kskpoyu2fpitwr3e4jfja/spack-src/src/Omega_h_macros.h:45:29: error: 
            base operand of '->' has non-pointer type 'Omega_h::get_sum<double>
            ::<lambda(double)>'
     256       45 | #define OMEGA_H_LAMBDA(...) [=](__VA_ARGS__) __attribute__(
            (always_inline, flatten))
     257          |                             ^
     258    /var/tmp/sochat1/spack-stage/spack-stage-omega-h-9.22.2-ihsya7c45cw
            kskpoyu2fpitwr3e4jfja/spack-src/src/Omega_h_array_ops.cpp:25:7: not
            e: in expansion of macro 'OMEGA_H_LAMBDA'
     259       25 |       OMEGA_H_LAMBDA(T val)->PT { return PT(val); });
     260          |       ^~~~~~~~~~~~~~
     261    /var/tmp/sochat1/spack-stage/spack-stage-omega-h-9.22.2-ihsya7c45cw
            kskpoyu2fpitwr3e4jfja/spack-src/src/Omega_h_array_ops.cpp: In insta
            ntiation of 'Omega_h::LO Omega_h::find_last(Omega_h::Read<T>, T) [w
            ith T = double; Omega_h::LO = int]':
     262    /var/tmp/sochat1/spack-stage/spack-stage-omega-h-9.22.2-ihsya7c45cw
            kskpoyu2fpitwr3e4jfja/spack-src/src/Omega_h_array_ops.cpp:613:1:   
            required from here
  >> 263    /var/tmp/sochat1/spack-stage/spack-stage-omega-h-9.22.2-ihsya7c45cw
            kskpoyu2fpitwr3e4jfja/spack-src/src/Omega_h_macros.h:45:29: error: 
            base operand of '->' has non-pointer type 'Omega_h::find_last<doubl
            e>::<lambda(Omega_h::LO)>'
     264       45 | #define OMEGA_H_LAMBDA(...) [=](__VA_ARGS__) __attribute__(
            (always_inline, flatten))
     265          |                             ^
     266    /var/tmp/sochat1/spack-stage/spack-stage-omega-h-9.22.2-ihsya7c45cw
            kskpoyu2fpitwr3e4jfja/spack-src/src/Omega_h_array_ops.cpp:409:20: n
            ote: in expansion of macro 'OMEGA_H_LAMBDA'
     267      409 |   auto transform = OMEGA_H_LAMBDA(LO i)->LO {
     268          |                    ^~~~~~~~~~~~~~
     269    /var/tmp/sochat1/spack-stage/spack-stage-omega-h-9.22.2-ihsya7c45cw
            kskpoyu2fpitwr3e4jfja/spack-src/src/Omega_h_array_ops.cpp: In funct
            ion 'bool Omega_h::operator==(Omega_h::Read<T>, Omega_h::Read<T>) [
            with T = signed char]':

     ...

     295       15 |   auto const init = true;
     296          |              ^~~~
     297    /var/tmp/sochat1/spack-stage/spack-stage-omega-h-9.22.2-ihsya7c45cw
            kskpoyu2fpitwr3e4jfja/spack-src/src/Omega_h_array_ops.cpp: In funct
            ion 'bool Omega_h::is_sorted(Omega_h::Read<T>) [with T = double]':
     298    /var/tmp/sochat1/spack-stage/spack-stage-omega-h-9.22.2-ihsya7c45cw
            kskpoyu2fpitwr3e4jfja/spack-src/src/Omega_h_array_ops.cpp:423:14: w
            arning: control reaches end of non-void function [-Wreturn-type]
     299      423 |   auto const init = true;
     300          |              ^~~~
  >> 301    make[2]: *** [src/CMakeFiles/omega_h.dir/Omega_h_array_ops.cpp.o] E
            rror 1
     302    make[2]: *** Waiting for unfinished jobs....
     303    make[2]: Leaving directory `/tmp/sochat1/spack-stage/spack-stage-om
            ega-h-9.22.2-ihsya7c45cwkskpoyu2fpitwr3e4jfja/spack-build-ihsya7c'
  >> 304    make[1]: *** [src/CMakeFiles/omega_h.dir/all] Error 2
     305    make[1]: Leaving directory `/tmp/sochat1/spack-stage/spack-stage-om
            ega-h-9.22.2-ihsya7c45cwkskpoyu2fpitwr3e4jfja/spack-build-ihsya7c'
  >> 306    make: *** [all] Error 2

See build log for details:
  /var/tmp/sochat1/spack-stage/spack-stage-omega-h-9.22.2-ihsya7c45cwkskpoyu2fpitwr3e4jfja/spack-build-out.txt

Making predictions for symbolator
Making predictions for libabigail
Making predictions for actual
/var/spool/slurmd/job100638/slurm_script: line 12: 55345 Killed                  spliced splice --package omega-h@9.22.2 --splice cmake --runner spack --replace cmake --experiment experiment --outfile /p/vast1/build/spliced-experiment/results/omega-h/9.22.2/cmake/experiment.json
==> Error: ProcessError: Command exited with status 1:
    'cmake' '-G' 'Unix Makefiles' '-DCMAKE_INSTALL_PREFIX:STRING=/p/vast1/build/spack/opt/spack/linux-rhel7-broadwell/gcc-10.2.1/omega-h-9.22.2-ihsya7c45cwkskpoyu2fpitwr3e4jfja' '-DCMAKE_BUILD_TYPE:STRING=RelWithDebInfo' '-DCMAKE_INTERPROCEDURAL_OPTIMIZATION:BOOL=OFF' '-DCMAKE_VERBOSE_MAKEFILE:BOOL=ON' '-DCMAKE_INSTALL_RPATH_USE_LINK_PATH:BOOL=OFF' '-DCMAKE_INSTALL_RPATH:STRING=/p/vast1/build/spack/opt/spack/linux-rhel7-broadwell/gcc-10.2.1/omega-h-9.22.2-ihsya7c45cwkskpoyu2fpitwr3e4jfja/lib;/p/vast1/build/spack/opt/spack/linux-rhel7-broadwell/gcc-10.2.1/omega-h-9.22.2-ihsya7c45cwkskpoyu2fpitwr3e4jfja/lib64;/p/vast1/build/spack/opt/spack/linux-rhel7-broadwell/gcc-10.2.1/openmpi-4.1.2-mtnsjnbj5kuefhd6gtupaglpuytu6vhz/lib;/p/vast1/build/spack/opt/spack/linux-rhel7-broadwell/gcc-10.2.1/hwloc-2.7.0-zcvfxqfecuheq2vakvpuosok2avakr6j/lib;/p/vast1/build/spack/opt/spack/linux-rhel7-broadwell/gcc-10.2.1/libpciaccess-0.16-vzg6r6gyrqyboudgxfqbdwe36epu6s7s/lib;/p/vast1/build/spack/opt/spack/linux-rhel7-broadwell/gcc-10.2.1/libxml2-2.9.12-rs3llxgrrh537ywuyzjxyebuzo3gnxpt/lib;/p/vast1/build/spack/opt/spack/linux-rhel7-broadwell/gcc-10.2.1/libiconv-1.16-glggocpnh7m2dgmtu4fedhbfeessepbe/lib;/p/vast1/build/spack/opt/spack/linux-rhel7-broadwell/gcc-10.2.1/xz-5.2.5-d536jz4ora4tt45q72d2lklqr3dqx34m/lib;/p/vast1/build/spack/opt/spack/linux-rhel7-broadwell/gcc-10.2.1/zlib-1.2.11-su2ldy5ofm424qnly3kitbbdgwovpfk4/lib;/p/vast1/build/spack/opt/spack/linux-rhel7-broadwell/gcc-10.2.1/ncurses-6.2-2xef6sx47tqatqlceqguyz3rza5okbhy/lib;/p/vast1/build/spack/opt/spack/linux-rhel7-broadwell/gcc-10.2.1/libevent-2.1.12-ojhvas6alyezjgn2r2flj4slwat4cowk/lib;/p/vast1/build/spack/opt/spack/linux-rhel7-broadwell/gcc-10.2.1/openssl-1.1.1m-momhhzpwxq3fzqnlqbabquoitiq5d6q6/lib;/p/vast1/build/spack/opt/spack/linux-rhel7-broadwell/gcc-10.2.1/numactl-2.0.14-wiobx4m5fgmgis4po6hi44kpy7ad57vj/lib;/p/vast1/build/spack/opt/spack/linux-rhel7-broadwell/gcc-10.2.1/trilinos-13.0.1-ek3l55mwgojtjozcq4td2bstgfpxei4m/lib;/p/vast1/build/spack/opt/spack/linux-rhel7-broadwell/gcc-10.2.1/openblas-0.3.19-jubz2yn2ui3jzqphbt3w2jyqt2pwvz7f/lib' '-DCMAKE_PREFIX_PATH:STRING=/p/vast1/build/spack/opt/spack/linux-rhel7-broadwell/gcc-10.2.1/trilinos-13.0.1-ek3l55mwgojtjozcq4td2bstgfpxei4m;/p/vast1/build/spack/opt/spack/linux-rhel7-broadwell/gcc-10.2.1/openblas-0.3.19-jubz2yn2ui3jzqphbt3w2jyqt2pwvz7f;/p/vast1/build/spack/opt/spack/linux-rhel7-broadwell/gcc-10.2.1/openmpi-4.1.2-mtnsjnbj5kuefhd6gtupaglpuytu6vhz;/p/vast1/build/spack/opt/spack/linux-rhel7-broadwell/gcc-10.2.1/numactl-2.0.14-wiobx4m5fgmgis4po6hi44kpy7ad57vj;/p/vast1/build/spack/opt/spack/linux-rhel7-broadwell/gcc-10.2.1/libevent-2.1.12-ojhvas6alyezjgn2r2flj4slwat4cowk;/p/vast1/build/spack/opt/spack/linux-rhel7-broadwell/gcc-10.2.1/hwloc-2.7.0-zcvfxqfecuheq2vakvpuosok2avakr6j;/p/vast1/build/spack/opt/spack/linux-rhel7-broadwell/gcc-10.2.1/libxml2-2.9.12-rs3llxgrrh537ywuyzjxyebuzo3gnxpt;/p/vast1/build/spack/opt/spack/linux-rhel7-broadwell/gcc-10.2.1/xz-5.2.5-d536jz4ora4tt45q72d2lklqr3dqx34m;/p/vast1/build/spack/opt/spack/linux-rhel7-broadwell/gcc-10.2.1/libpciaccess-0.16-vzg6r6gyrqyboudgxfqbdwe36epu6s7s;/p/vast1/build/spack/opt/spack/linux-rhel7-broadwell/gcc-10.2.1/cmake-3.22.2-7oku4yd37mfoi65gi3alunjbl35euphw;/p/vast1/build/spack/opt/spack/linux-rhel7-broadwell/gcc-10.2.1/openssl-1.1.1m-momhhzpwxq3fzqnlqbabquoitiq5d6q6;/p/vast1/build/spack/opt/spack/linux-rhel7-broadwell/gcc-10.2.1/zlib-1.2.11-su2ldy5ofm424qnly3kitbbdgwovpfk4;/p/vast1/build/spack/opt/spack/linux-rhel7-broadwell/gcc-10.2.1/libiconv-1.16-glggocpnh7m2dgmtu4fedhbfeessepbe;/p/vast1/build/spack/opt/spack/linux-rhel7-broadwell/gcc-10.2.1/ncurses-6.2-2xef6sx47tqatqlceqguyz3rza5okbhy' '-DCMAKE_CXX_FLAGS=-std=c++11' '-DUSE_XSDK_DEFAULTS:BOOL=OFF' '-DBUILD_SHARED_LIBS:BOOL=ON' '-DOmega_h_USE_MPI:BOOL=ON' '-DCMAKE_CXX_COMPILER:FILEPATH=/p/vast1/build/spack/opt/spack/linux-rhel7-broadwell/gcc-10.2.1/openmpi-4.1.2-mtnsjnbj5kuefhd6gtupaglpuytu6vhz/bin/mpic++' '-DOmega_h_USE_Trilinos:BOOL=ON' '-DOmega_h_USE_ZLIB:BOOL=ON' '-DZLIB_ROOT:PATH=/p/vast1/build/spack/opt/spack/linux-rhel7-broadwell/gcc-10.2.1/zlib-1.2.11-su2ldy5ofm424qnly3kitbbdgwovpfk4' '-DOmega_h_EXAMPLES:BOOL=OFF' '-DOmega_h_THROW:BOOL=OFF' '-DCMAKE_BUILD_TYPE:STRING=' '-DOmega_h_CXX_OPTIMIZE:BOOL=ON' '-DOmega_h_CXX_SYMBOLS:BOOL=ON' '-DOmega_h_CXX_WARNINGS:BOOL=FALSE' '/var/tmp/sochat1/spack-stage/spack-stage-omega-h-9.22.2-ihsya7c45cwkskpoyu2fpitwr3e4jfja/spack-src'

5 errors found in build log:
     2     ==> [2022-03-03-18:30:18.703356] 'cmake' '-G' 'Unix Makefiles' '-DCM
           AKE_INSTALL_PREFIX:STRING=/p/vast1/build/spack/opt/spack/linux-rhel7
           -broadwell/gcc-10.2.1/omega-h-9.22.2-ihsya7c45cwkskpoyu2fpitwr3e4jfj
           a' '-DCMAKE_BUILD_TYPE:STRING=RelWithDebInfo' '-DCMAKE_INTERPROCEDUR
           AL_OPTIMIZATION:BOOL=OFF' '-DCMAKE_VERBOSE_MAKEFILE:BOOL=ON' '-DCMAK
           E_INSTALL_RPATH_USE_LINK_PATH:BOOL=OFF' '-DCMAKE_INSTALL_RPATH:STRIN
           G=/p/vast1/build/spack/opt/spack/linux-rhel7-broadwell/gcc-10.2.1/om
           ega-h-9.22.2-ihsya7c45cwkskpoyu2fpitwr3e4jfja/lib;/p/vast1/build/spa
           ck/opt/spack/linux-rhel7-broadwell/gcc-10.2.1/omega-h-9.22.2-ihsya7c
           45cwkskpoyu2fpitwr3e4jfja/lib64;/p/vast1/build/spack/opt/spack/linux
           -rhel7-broadwell/gcc-10.2.1/openmpi-4.1.2-mtnsjnbj5kuefhd6gtupaglpuy
           tu6vhz/lib;/p/vast1/build/spack/opt/spack/linux-rhel7-broadwell/gcc-
           10.2.1/hwloc-2.7.0-zcvfxqfecuheq2vakvpuosok2avakr6j/lib;/p/vast1/bui
           ld/spack/opt/spack/linux-rhel7-broadwell/gcc-10.2.1/libpciaccess-0.1
           6-vzg6r6gyrqyboudgxfqbdwe36epu6s7s/lib;/p/vast1/build/spack/opt/spac
           k/linux-rhel7-broadwell/gcc-10.2.1/libxml2-2.9.12-rs3llxgrrh537ywuyz
           jxyebuzo3gnxpt/lib;/p/vast1/build/spack/opt/spack/linux-rhel7-broadw
           ell/gcc-10.2.1/libiconv-1.16-glggocpnh7m2dgmtu4fedhbfeessepbe/lib;/p
           /vast1/build/spack/opt/spack/linux-rhel7-broadwell/gcc-10.2.1/xz-5.2
           .5-d536jz4ora4tt45q72d2lklqr3dqx34m/lib;/p/vast1/build/spack/opt/spa
           ck/linux-rhel7-broadwell/gcc-10.2.1/zlib-1.2.11-su2ldy5ofm424qnly3ki
           tbbdgwovpfk4/lib;/p/vast1/build/spack/opt/spack/linux-rhel7-broadwel
           l/gcc-10.2.1/ncurses-6.2-2xef6sx47tqatqlceqguyz3rza5okbhy/lib;/p/vas
           t1/build/spack/opt/spack/linux-rhel7-broadwell/gcc-10.2.1/libevent-2
           .1.12-ojhvas6alyezjgn2r2flj4slwat4cowk/lib;/p/vast1/build/spack/opt/
           spack/linux-rhel7-broadwell/gcc-10.2.1/openssl-1.1.1m-momhhzpwxq3fzq
           nlqbabquoitiq5d6q6/lib;/p/vast1/build/spack/opt/spack/linux-rhel7-br
           oadwell/gcc-10.2.1/numactl-2.0.14-wiobx4m5fgmgis4po6hi44kpy7ad57vj/l
           ib;/p/vast1/build/spack/opt/spack/linux-rhel7-broadwell/gcc-10.2.1/t
           rilinos-13.0.1-ek3l55mwgojtjozcq4td2bstgfpxei4m/lib;/p/vast1/build/s
           pack/opt/spack/linux-rhel7-broadwell/gcc-10.2.1/openblas-0.3.19-jubz
           2yn2ui3jzqphbt3w2jyqt2pwvz7f/lib' '-DCMAKE_PREFIX_PATH:STRING=/p/vas
           t1/build/spack/opt/spack/linux-rhel7-broadwell/gcc-10.2.1/trilinos-1
           3.0.1-ek3l55mwgojtjozcq4td2bstgfpxei4m;/p/vast1/build/spack/opt/spac
           k/linux-rhel7-broadwell/gcc-10.2.1/openblas-0.3.19-jubz2yn2ui3jzqphb
           t3w2jyqt2pwvz7f;/p/vast1/build/spack/opt/spack/linux-rhel7-broadwell
           /gcc-10.2.1/openmpi-4.1.2-mtnsjnbj5kuefhd6gtupaglpuytu6vhz;/p/vast1/
           build/spack/opt/spack/linux-rhel7-broadwell/gcc-10.2.1/numactl-2.0.1
           4-wiobx4m5fgmgis4po6hi44kpy7ad57vj;/p/vast1/build/spack/opt/spack/li
           nux-rhel7-broadwell/gcc-10.2.1/libevent-2.1.12-ojhvas6alyezjgn2r2flj
           4slwat4cowk;/p/vast1/build/spack/opt/spack/linux-rhel7-broadwell/gcc
           -10.2.1/hwloc-2.7.0-zcvfxqfecuheq2vakvpuosok2avakr6j;/p/vast1/build/
           spack/opt/spack/linux-rhel7-broadwell/gcc-10.2.1/libxml2-2.9.12-rs3l
           lxgrrh537ywuyzjxyebuzo3gnxpt;/p/vast1/build/spack/opt/spack/linux-rh
           el7-broadwell/gcc-10.2.1/xz-5.2.5-d536jz4ora4tt45q72d2lklqr3dqx34m;/
           p/vast1/build/spack/opt/spack/linux-rhel7-broadwell/gcc-10.2.1/libpc
           iaccess-0.16-vzg6r6gyrqyboudgxfqbdwe36epu6s7s;/p/vast1/build/spack/o
           pt/spack/linux-rhel7-broadwell/gcc-10.2.1/cmake-3.22.2-7oku4yd37mfoi
           65gi3alunjbl35euphw;/p/vast1/build/spack/opt/spack/linux-rhel7-broad
           well/gcc-10.2.1/openssl-1.1.1m-momhhzpwxq3fzqnlqbabquoitiq5d6q6;/p/v
           ast1/build/spack/opt/spack/linux-rhel7-broadwell/gcc-10.2.1/zlib-1.2
           .11-su2ldy5ofm424qnly3kitbbdgwovpfk4;/p/vast1/build/spack/opt/spack/
           linux-rhel7-broadwell/gcc-10.2.1/libiconv-1.16-glggocpnh7m2dgmtu4fed
           hbfeessepbe;/p/vast1/build/spack/opt/spack/linux-rhel7-broadwell/gcc
           -10.2.1/ncurses-6.2-2xef6sx47tqatqlceqguyz3rza5okbhy' '-DCMAKE_CXX_F
           LAGS=-std=c++11' '-DUSE_XSDK_DEFAULTS:BOOL=OFF' '-DBUILD_SHARED_LIBS
           :BOOL=ON' '-DOmega_h_USE_MPI:BOOL=ON' '-DCMAKE_CXX_COMPILER:FILEPATH
           =/p/vast1/build/spack/opt/spack/linux-rhel7-broadwell/gcc-10.2.1/ope
           nmpi-4.1.2-mtnsjnbj5kuefhd6gtupaglpuytu6vhz/bin/mpic++' '-DOmega_h_U
           SE_Trilinos:BOOL=ON' '-DOmega_h_USE_ZLIB:BOOL=ON' '-DZLIB_ROOT:PATH=
           /p/vast1/build/spack/opt/spack/linux-rhel7-broadwell/gcc-10.2.1/zlib
           -1.2.11-su2ldy5ofm424qnly3kitbbdgwovpfk4' '-DOmega_h_EXAMPLES:BOOL=O
           FF' '-DOmega_h_THROW:BOOL=OFF' '-DCMAKE_BUILD_TYPE:STRING=' '-DOmega
           _h_CXX_OPTIMIZE:BOOL=ON' '-DOmega_h_CXX_SYMBOLS:BOOL=ON' '-DOmega_h_
           CXX_WARNINGS:BOOL=FALSE' '/var/tmp/sochat1/spack-stage/spack-stage-o
           mega-h-9.22.2-ihsya7c45cwkskpoyu2fpitwr3e4jfja/spack-src'
     3     -- The CXX compiler identification is GNU 10.2.1
     4     -- Detecting CXX compiler ABI info
     5     -- Detecting CXX compiler ABI info - failed
     6     -- Check for working CXX compiler: /p/vast1/build/spack/opt/spack/li
           nux-rhel7-broadwell/gcc-10.2.1/openmpi-4.1.2-mtnsjnbj5kuefhd6gtupagl
           puytu6vhz/bin/mpic++
     7     -- Check for working CXX compiler: /p/vast1/build/spack/opt/spack/li
           nux-rhel7-broadwell/gcc-10.2.1/openmpi-4.1.2-mtnsjnbj5kuefhd6gtupagl
           puytu6vhz/bin/mpic++ - broken
  >> 8     CMake Error at /p/vast1/build/spack/opt/spack/linux-rhel7-broadwell/
           gcc-10.2.1/cmake-3.22.2-7oku4yd37mfoi65gi3alunjbl35euphw/share/cmake
           -3.22/Modules/CMakeTestCXXCompiler.cmake:62 (message):
     9       The C++ compiler
     10    
     11        "/p/vast1/build/spack/opt/spack/linux-rhel7-broadwell/gcc-10.2.1
           /openmpi-4.1.2-mtnsjnbj5kuefhd6gtupaglpuytu6vhz/bin/mpic++"
     12    
     13      is not able to compile a simple test program.
     14    

     ...

     21        Building CXX object CMakeFiles/cmTC_5fc1c.dir/testCXXCompiler.cx
           x.o
     22        /p/vast1/build/spack/opt/spack/linux-rhel7-broadwell/gcc-10.2.1/
           openmpi-4.1.2-mtnsjnbj5kuefhd6gtupaglpuytu6vhz/bin/mpic++   -std=c++
           11  -o CMakeFiles/cmTC_5fc1c.dir/testCXXCompiler.cxx.o -c /tmp/socha
           t1/spack-stage/spack-stage-omega-h-9.22.2-ihsya7c45cwkskpoyu2fpitwr3
           e4jfja/spack-build-ihsya7c/CMakeFiles/CMakeTmp/testCXXCompiler.cxx
     23        Linking CXX executable cmTC_5fc1c
     24        /p/vast1/build/spack/opt/spack/linux-rhel7-broadwell/gcc-10.2.1/
           cmake-3.22.2-7oku4yd37mfoi65gi3alunjbl35euphw/bin/cmake -E cmake_lin
           k_script CMakeFiles/cmTC_5fc1c.dir/link.txt --verbose=1
     25        /p/vast1/build/spack/opt/spack/linux-rhel7-broadwell/gcc-10.2.1/
           openmpi-4.1.2-mtnsjnbj5kuefhd6gtupaglpuytu6vhz/bin/mpic++ -std=c++11
             -rdynamic CMakeFiles/cmTC_5fc1c.dir/testCXXCompiler.cxx.o -o cmTC_
           5fc1c
     26        /usr/tce/packages/gcc/gcc-10.2.1/rh/usr/bin/../libexec/gcc/x86_6
           4-redhat-linux/10/ld: warning: libgpfs.so, needed by /p/vast1/build/
           spack/opt/spack/linux-rhel7-broadwell/gcc-10.2.1/openmpi-4.1.2-mtnsj
           nbj5kuefhd6gtupaglpuytu6vhz/lib/libmpi.so, not found (try using -rpa
           th or -rpath-link)
  >> 27    /usr/tce/packages/gcc/gcc-10.2.1/rh/usr/bin/../libexec/gcc/x86_64-re
           dhat-linux/10/ld: /p/vast1/build/spack/opt/spack/linux-rhel7-broadwe
           ll/gcc-10.2.1/openmpi-4.1.2-mtnsjnbj5kuefhd6gtupaglpuytu6vhz/lib/lib
           mpi.so: undefined reference to `gpfs_fcntl'
  >> 28        collect2: error: ld returned 1 exit status
  >> 29        gmake[1]: *** [cmTC_5fc1c] Error 1
     30        gmake[1]: Leaving directory `/tmp/sochat1/spack-stage/spack-stag
           e-omega-h-9.22.2-ihsya7c45cwkskpoyu2fpitwr3e4jfja/spack-build-ihsya7
           c/CMakeFiles/CMakeTmp'
  >> 31        gmake: *** [cmTC_5fc1c/fast] Error 2
     32    
     33    
     34    
     35    
     36    
     37      CMake will not be able to correctly generate this project.

See build log for details:
  /var/tmp/sochat1/spack-stage/spack-stage-omega-h-9.22.2-ihsya7c45cwkskpoyu2fpitwr3e4jfja/spack-build-out.txt

Making predictions for spack-test
Making predictions for symbolator
Making predictions for libabigail
abicompat not found on path, will look for spack instead.
Making predictions for actual
