==> Error: ProcessError: Command exited with status 1:
    '/var/tmp/sochat1/spack-stage/spack-stage-openmpi-1.7.2-kz6ebiddzlpky7wzqdk3hj5jkapxukfu/spack-src/configure' '--prefix=/p/vast1/build/spack/opt/spack/linux-rhel7-broadwell/gcc-10.2.1/openmpi-1.7.2-kz6ebiddzlpky7wzqdk3hj5jkapxukfu' '--enable-shared' '--disable-silent-rules' '--disable-builtin-atomics' '--enable-static' '--without-pmi' '--without-hcoll' '--without-libfabric' '--without-mxm' '--without-verbs' '--without-psm2' '--without-ucx' '--without-cma' '--without-knem' '--without-psm' '--without-fca' '--without-xpmem' '--without-tm' '--without-slurm' '--without-sge' '--without-alps' '--without-loadleveler' '--without-lsf' '--disable-memchecker' '--with-hwloc=/p/vast1/build/spack/opt/spack/linux-rhel7-broadwell/gcc-10.2.1/hwloc-1.11.13-u34fwahc4tbd77w4csoothe3vdimspeo' '--with-gpfs' '--without-sqlite3' '--disable-mpi-thread-multiple' '--without-cuda' '--disable-wrapper-rpath' '--disable-mpi-cxx' '--disable-cxx-exceptions'

7 errors found in build log:
     40       checking for a BSD-compatible install... /usr/bin/install -c
     41       checking whether build environment is sane... yes
     42       checking for a thread-safe mkdir -p... /usr/bin/mkdir -p
     43       checking for gawk... gawk
     44       checking whether make sets $(MAKE)... yes
     45       checking for style of include used by make... GNU
  >> 46       configure: error: source directory already configured; run "make 
              distclean" there first
     47       ==> openmpi: Executing phase: 'build'
     48       ==> [2022-02-25-16:19:59.334063] 'make' '-j2' 'V=1'
     49       Making all in config
     50       make[1]: Entering directory `/tmp/sochat1/spack-stage/spack-stage
              -openmpi-1.7.2-kz6ebiddzlpky7wzqdk3hj5jkapxukfu/spack-src/config'
     51       make[1]: Nothing to be done for `all'.
     52       make[1]: Leaving directory `/tmp/sochat1/spack-stage/spack-stage-
              openmpi-1.7.2-kz6ebiddzlpky7wzqdk3hj5jkapxukfu/spack-src/config'

     ...

     12973    
     12974       16 |   call MPI_Comm_spawn_multiple(count, array_of_commands, 
              array_of_argv, &
     12975          |                                                         2
     12976    ......
     12977       36 |   call MPI_Comm_spawn_multiple(count, array_of_commands, 
              array_of_argv, &
     12978          |                                                         1
  >> 12979    Error: Type mismatch between actual argument at (1) and actual ar
              gument at (2) (REAL(8)/CHARACTER(*)).
  >> 12980    make[4]: *** [mpi_comm_spawn_multiple_f90.lo] Error 1
     12981    make[4]: *** Waiting for unfinished jobs....
     12982    make[4]: Leaving directory `/tmp/sochat1/spack-stage/spack-stage-
              openmpi-1.7.2-kz6ebiddzlpky7wzqdk3hj5jkapxukfu/spack-src/ompi/mpi
              /fortran/use-mpi-tkr'
  >> 12983    make[3]: *** [all-recursive] Error 1
     12984    make[3]: Leaving directory `/tmp/sochat1/spack-stage/spack-stage-
              openmpi-1.7.2-kz6ebiddzlpky7wzqdk3hj5jkapxukfu/spack-src/ompi/mpi
              /fortran/use-mpi-tkr'
  >> 12985    make[2]: *** [all] Error 2
     12986    make[2]: Leaving directory `/tmp/sochat1/spack-stage/spack-stage-
              openmpi-1.7.2-kz6ebiddzlpky7wzqdk3hj5jkapxukfu/spack-src/ompi/mpi
              /fortran/use-mpi-tkr'
  >> 12987    make[1]: *** [all-recursive] Error 1
     12988    make[1]: Leaving directory `/tmp/sochat1/spack-stage/spack-stage-
              openmpi-1.7.2-kz6ebiddzlpky7wzqdk3hj5jkapxukfu/spack-src/ompi'
  >> 12989    make: *** [all-recursive] Error 1

See build log for details:
  /var/tmp/sochat1/spack-stage/spack-stage-openmpi-1.7.2-kz6ebiddzlpky7wzqdk3hj5jkapxukfu/spack-build-out.txt

Making predictions for symbolator
Making predictions for libabigail
Making predictions for actual
==> Error: ProcessError: Command exited with status 2:
    'make' '-j16' 'V=1'

19 errors found in build log:
     2504     checking whether linking with -ldl works... yes
     2505     checking whether RTLD_DEFAULT is declared... yes
     2506     checking whether RTLD_NEXT is declared... yes
     2507     checking BPatch.h usability... no
     2508     checking BPatch.h presence... no
     2509     checking for BPatch.h... no
  >> 2510     configure: error: no BPatch.h found; check path for Dyninst packa
              ge first...
     2511     checking for tau_instrumentor... no
  >> 2512     configure: error: no tau_instrumentor found; check path for PDToo
              lkit first...
     2513     configure: we are configuring inside Open MPI; preset some test r
              esults
     2514     checking for mpicc... (cached) /p/vast1/build/spack/lib/spack/env
              /gcc/gcc
     2515     checking for mpicxx... (cached) /p/vast1/build/spack/lib/spack/en
              v/gcc/g++
     2516     checking whether MPI_IN_PLACE is declared... (cached) yes
     2517     checking whether MPI_ROOT is declared... (cached) yes
     2518     checking for MPI_Add_error_class... (cached) yes

     ...

     2535     checking for MPI_Register_datarep... (cached) yes
     2536     checking for PMPI_File_read_ordered... (cached) yes
     2537     checking for PMPI_File_read_ordered_begin... (cached) yes
     2538     checking for PMPI_File_write_ordered... (cached) yes
     2539     checking for PMPI_File_write_ordered_begin... (cached) yes
     2540     checking for unimci-config... no
  >> 2541     configure: error: no unimci-config found; check path for UniMCI p
              ackage first...
     2542     checking math.h usability... yes
     2543     checking math.h presence... yes
     2544     checking for math.h... yes
     2545     checking whether we need to link -lm to get math functions... no
     2546     checking f2c.h usability... no
     2547     checking f2c.h presence... no
     2548     checking for f2c.h... no
  >> 2549     configure: error: no f2c.h found; check path for CLAPACK package 
              first...
     2550     checking for C++ runtime library... -lstdc++
     2551     checking for the pthreads library -lpthreads... no
     2552     checking whether pthreads work without any flags... yes
     2553     checking for joinable pthread attribute... PTHREAD_CREATE_JOINABL
              E
     2554     checking if more special flags are required for pthreads... no
     2555     checking for cc_r... /p/vast1/build/spack/lib/spack/env/gcc/gcc

     ...

     2565     checking omp.h presence... yes
     2566     checking for omp.h... yes
     2567     checking whether we can build shared libraries... yes
     2568     checking jvmti.h usability... no
     2569     checking jvmti.h presence... no
     2570     checking for jvmti.h... no
  >> 2571     configure: error: no jvmti.h found; check path for JVMTI package 
              first...
     2572     checking papi.h usability... yes
     2573     checking papi.h presence... yes
     2574     checking for papi.h... yes
     2575     checking whether linking with -lpapi works... yes
     2576     checking whether PAPI version >= 3... yes
     2577     checking for long_long... yes

     ...

     2589     checking for sched.h... yes
     2590     checking for sched_getcpu... yes
     2591     checking whether sched_getcpu works... yes
     2592     checking cuda.h usability... no
     2593     checking cuda.h presence... no
     2594     checking for cuda.h... no
  >> 2595     configure: error: no cuda.h found; check path for CUDA Toolkit fi
              rst...
     2596     checking cuda_runtime_api.h usability... no
     2597     checking cuda_runtime_api.h presence... no
     2598     checking for cuda_runtime_api.h... no
  >> 2599     configure: error: no cuda_runtime_api.h found; check path for CUD
              A Toolkit first...
     2600     checking cupti.h usability... no
     2601     checking cupti.h presence... no
     2602     checking for cupti.h... no
  >> 2603     configure: error: no cupti.h found; check path for CUPTI package 
              first...
     2604     checking for dlfcn.h... (cached) yes
     2605     checking whether linking with -ldl works... yes
     2606     checking whether RTLD_DEFAULT is declared... (cached) yes
     2607     checking whether RTLD_NEXT is declared... (cached) yes
     2608     checking for shared LIBC's pathname... /lib64/libc.so.6
     2609     checking whether __errno_location is declared... yes
     2610     checking ctool/ctool.h usability... no
     2611     checking ctool/ctool.h presence... no
     2612     checking for ctool/ctool.h... no
  >> 2613     configure: error: no ctool/ctool.h found; check path for CTool pa
              ckage first...
     2614     checking for __WAIT_STATUS... yes
     2615     checking whether environ is declared... yes
     2616     checking for execvpe... yes
     2617     checking for fexecve... yes
     2618     checking for waitid... yes
     2619     checking for wait3... yes

     ...

     2646     checking zlib.h presence... yes
     2647     checking for zlib.h... yes
     2648     checking whether linking with -lz works... yes
     2649     checking bmi.h usability... no
     2650     checking bmi.h presence... no
     2651     checking for bmi.h... no
  >> 2652     configure: error: no bmi.h found; check path for BMI package firs
              t...
     2653     configure: configuring in extlib/otf (/tmp/sochat1/spack-stage/sp
              ack-stage-openmpi-1.7.2-kz6ebiddzlpky7wzqdk3hj5jkapxukfu/spack-sr
              c/ompi/contrib/vt/vt/extlib/otf)
     2654     configure: running /bin/sh /var/tmp/sochat1/spack-stage/spack-sta
              ge-openmpi-1.7.2-kz6ebiddzlpky7wzqdk3hj5jkapxukfu/spack-src/ompi/
              contrib/vt/vt/extlib/otf/configure  '--with-openmpi-inside=1.7' '
              --prefix=/p/vast1/build/spack/opt/spack/linux-rhel7-broadwell/gcc
              -10.2.1/openmpi-1.7.2-kz6ebiddzlpky7wzqdk3hj5jkapxukfu' '--enable
              -shared' '--disable-silent-rules' '--disable-builtin-atomics' '--
              enable-static' '--without-pmi' '--without-mxm' '--without-libfabr
              ic' '--without-verbs' '--without-psm' '--without-ucx' '--without-
              hcoll' '--without-cma' '--without-knem' '--without-xpmem' '--with
              out-psm2' '--without-fca' '--without-loadleveler' '--without-alps
              ' '--without-sge' '--without-slurm' '--without-lsf' '--without-tm
              ' '--disable-memchecker' '--with-hwloc=/p/vast1/build/spack/opt/s
              pack/linux-rhel7-broadwell/gcc-10.2.1/hwloc-1.11.13-u34fwahc4tbd7
              7w4csoothe3vdimspeo' '--with-gpfs' '--without-sqlite3' '--disable
              -mpi-thread-multiple' '--without-cuda' '--disable-wrapper-rpath' 
              '--disable-mpi-cxx' '--disable-cxx-exceptions' 'CC=/p/vast1/build
              /spack/lib/spack/env/gcc/gcc' 'CXX=/p/vast1/build/spack/lib/spack
              /env/gcc/g++' 'FC=/p/vast1/build/spack/lib/spack/env/gcc/gfortran
              ' '--disable-option-checking' 'CFLAGS=-O3 -DNDEBUG -finline-funct
              ions -fno-strict-aliasing -pthread' 'LDFLAGS=   -L/p/vast1/build/
              spack/opt/spack/linux-rhel7-broadwell/gcc-10.2.1/hwloc-1.11.13-u3
              4fwahc4tbd77w4csoothe3vdimspeo/lib -L/tmp/sochat1/spack-stage/spa
              ck-stage-openmpi-1.7.2-kz6ebiddzlpky7wzqdk3hj5jkapxukfu/spack-src
              /ompi/contrib/vt/vt/../../../.libs' 'LIBS=-lrt -lnsl  -lutil -lm 
               -lhwloc ' 'CPPFLAGS=-DINSIDE_OPENMPI    -I/p/vast1/build/spack/o
              pt/spack/linux-rhel7-broadwell/gcc-10.2.1/hwloc-1.11.13-u34fwahc4
              tbd77w4csoothe3vdimspeo/include -I/tmp/sochat1/spack-stage/spack-
              stage-openmpi-1.7.2-kz6ebiddzlpky7wzqdk3hj5jkapxukfu/spack-src/op
              al/mca/hwloc/external/hwloc/include -I/var/tmp/sochat1/spack-stag
              e/spack-stage-openmpi-1.7.2-kz6ebiddzlpky7wzqdk3hj5jkapxukfu/spac
              k-src/opal/mca/event/libevent2019/libevent -I/var/tmp/sochat1/spa
              ck-stage/spack-stage-openmpi-1.7.2-kz6ebiddzlpky7wzqdk3hj5jkapxuk
              fu/spack-src/opal/mca/event/libevent2019/libevent/include -I/tmp/
              sochat1/spack-stage/spack-stage-openmpi-1.7.2-kz6ebiddzlpky7wzqdk
              3hj5jkapxukfu/spack-src/opal/mca/event/libevent2019/libevent/incl
              ude    -I/usr/include/infiniband -I/usr/include/infiniband -I/usr
              /include/infiniband -I/usr/include/infiniband  -I/usr/include/inf
              iniband -I/var/tmp/sochat1/spack-stage/spack-stage-openmpi-1.7.2-
              kz6ebiddzlpky7wzqdk3hj5jkapxukfu/spack-src/ompi/contrib/vt/vt/../
              ../../include -I/tmp/sochat1/spack-stage/spack-stage-openmpi-1.7.
              2-kz6ebiddzlpky7wzqdk3hj5jkapxukfu/spack-src/ompi/contrib/vt/vt/.
              ./../../include' 'CXXFLAGS=-O3 -DNDEBUG -finline-functions -pthre
              ad' 'FCFLAGS=' MPICC="/p/vast1/build/spack/lib/spack/env/gcc/gcc"
               MPICXX="/p/vast1/build/spack/lib/spack/env/gcc/g++" --with-mpi -
              -with-mpi-lib="-lmpi" --with-zlib-lib="-lz" --without-zoidfs --in
              cludedir="${prefix}/include/vampirtrace" --docdir="${datarootdir}
              /doc/otf"  --cache-file="/dev/null" --srcdir="/var/tmp/sochat1/sp
              ack-stage/spack-stage-openmpi-1.7.2-kz6ebiddzlpky7wzqdk3hj5jkapxu
              kfu/spack-src/ompi/contrib/vt/vt/extlib/otf" --disable-option-che
              cking
     2655     checking build system type... x86_64-unknown-linux-gnu
     2656     checking host system type... x86_64-unknown-linux-gnu
     2657     checking target system type... x86_64-unknown-linux-gnu
     2658     checking for a BSD-compatible install... /usr/bin/install -c

     ...

     2746     checking for mpicc... /p/vast1/build/spack/lib/spack/env/gcc/gcc
     2747     checking for mpic++... /p/vast1/build/spack/lib/spack/env/gcc/g++
     2748     checking for OpenMP flag of C++ compiler... -fopenmp
     2749     checking vtf3.h usability... no
     2750     checking vtf3.h presence... no
     2751     checking for vtf3.h... no
  >> 2752     configure: error: no vtf3.h found; check path for VTF3 package fi
              rst...
     2753     checking zlib.h usability... yes
     2754     checking zlib.h presence... yes
     2755     checking for zlib.h... yes
     2756     checking whether linking with -lm works... yes
     2757     checking whether we need to link -lm to get math functions... no
     2758     checking for pdflatex... pdflatex

     ...

     16344    
     16345       10 |   call MPI_Testall(count, array_of_requests, flag, array_
              of_statuses, ierr)
     16346          |                                                   2
     16347    ......
     16348       22 |   call MPI_Testall(count, array_of_requests, flag, array_
              of_statuses, ierr)
     16349          |                                                   1
  >> 16350    Error: Type mismatch between actual argument at (1) and actual ar
              gument at (2) (REAL(8)/INTEGER(4)).
     16351    mpi_comm_spawn_multiple_f90.f90:36:57:
     16352    
     16353       16 |   call MPI_Comm_spawn_multiple(count, array_of_commands, 
              array_of_argv, &
     16354          |                                                         2
     16355    ......
     16356       36 |   call MPI_Comm_spawn_multiple(count, array_of_commands, 
              array_of_argv, &
     16357          |                                                         1
  >> 16358    Error: Type mismatch between actual argument at (1) and actual ar
              gument at (2) (REAL(8)/CHARACTER(*)).
  >> 16359    make[4]: *** [mpi_testall_f90.lo] Error 1
     16360    make[4]: *** Waiting for unfinished jobs....
  >> 16361    make[4]: *** [mpi_comm_spawn_multiple_f90.lo] Error 1
     16362    libtool: compile:  /p/vast1/build/spack/lib/spack/env/gcc/gfortra
              n -I../../../../ompi/include -I/var/tmp/sochat1/spack-stage/spack
              -stage-openmpi-1.7.2-kz6ebiddzlpky7wzqdk3hj5jkapxukfu/spack-src/o
              mpi/include -I. -I/var/tmp/sochat1/spack-stage/spack-stage-openmp
              i-1.7.2-kz6ebiddzlpky7wzqdk3hj5jkapxukfu/spack-src/ompi/mpi/fortr
              an/use-mpi-tkr -I../../../../ompi/mpi/fortran/use-mpi-tkr -c mpi_
              sizeof.f90 -o mpi_sizeof.o >/dev/null 2>&1
     16363    libtool: compile:  /p/vast1/build/spack/lib/spack/env/gcc/gfortra
              n -DHAVE_CONFIG_H -I. -I/var/tmp/sochat1/spack-stage/spack-stage-
              openmpi-1.7.2-kz6ebiddzlpky7wzqdk3hj5jkapxukfu/spack-src/ompi/mpi
              /fortran/use-mpi-tkr -I../../../../opal/include -I../../../../ort
              e/include -I../../../../ompi/include -I../../../../opal/mca/hwloc
              /hwloc152/hwloc/include/private/autogen -I../../../../opal/mca/hw
              loc/hwloc152/hwloc/include/hwloc/autogen -I/var/tmp/sochat1/spack
              -stage/spack-stage-openmpi-1.7.2-kz6ebiddzlpky7wzqdk3hj5jkapxukfu
              /spack-src -I../../../.. -I/var/tmp/sochat1/spack-stage/spack-sta
              ge-openmpi-1.7.2-kz6ebiddzlpky7wzqdk3hj5jkapxukfu/spack-src/opal/
              include -I/var/tmp/sochat1/spack-stage/spack-stage-openmpi-1.7.2-
              kz6ebiddzlpky7wzqdk3hj5jkapxukfu/spack-src/orte/include -I/var/tm
              p/sochat1/spack-stage/spack-stage-openmpi-1.7.2-kz6ebiddzlpky7wzq
              dk3hj5jkapxukfu/spack-src/ompi/include -I/p/vast1/build/spack/opt
              /spack/linux-rhel7-broadwell/gcc-10.2.1/hwloc-1.11.13-u34fwahc4tb
              d77w4csoothe3vdimspeo/include -I/tmp/sochat1/spack-stage/spack-st
              age-openmpi-1.7.2-kz6ebiddzlpky7wzqdk3hj5jkapxukfu/spack-src/opal
              /mca/hwloc/external/hwloc/include -I/var/tmp/sochat1/spack-stage/
              spack-stage-openmpi-1.7.2-kz6ebiddzlpky7wzqdk3hj5jkapxukfu/spack-
              src/opal/mca/event/libevent2019/libevent -I/var/tmp/sochat1/spack
              -stage/spack-stage-openmpi-1.7.2-kz6ebiddzlpky7wzqdk3hj5jkapxukfu
              /spack-src/opal/mca/event/libevent2019/libevent/include -I/tmp/so
              chat1/spack-stage/spack-stage-openmpi-1.7.2-kz6ebiddzlpky7wzqdk3h
              j5jkapxukfu/spack-src/opal/mca/event/libevent2019/libevent/includ
              e -I/usr/include/infiniband -I/usr/include/infiniband -I/usr/incl
              ude/infiniband -I/usr/include/infiniband -I/usr/include/infiniban
              d -I../../../../ompi/include -I/var/tmp/sochat1/spack-stage/spack
              -stage-openmpi-1.7.2-kz6ebiddzlpky7wzqdk3hj5jkapxukfu/spack-src/o
              mpi/include -I. -I/var/tmp/sochat1/spack-stage/spack-stage-openmp
              i-1.7.2-kz6ebiddzlpky7wzqdk3hj5jkapxukfu/spack-src/ompi/mpi/fortr
              an/use-mpi-tkr -I../../../../ompi/mpi/fortran/use-mpi-tkr -c mpi.
              F90 -o mpi.o >/dev/null 2>&1
     16364    make[4]: Leaving directory `/tmp/sochat1/spack-stage/spack-stage-
              openmpi-1.7.2-kz6ebiddzlpky7wzqdk3hj5jkapxukfu/spack-src/ompi/mpi
              /fortran/use-mpi-tkr'
  >> 16365    make[3]: *** [all-recursive] Error 1
     16366    make[3]: Leaving directory `/tmp/sochat1/spack-stage/spack-stage-
              openmpi-1.7.2-kz6ebiddzlpky7wzqdk3hj5jkapxukfu/spack-src/ompi/mpi
              /fortran/use-mpi-tkr'
  >> 16367    make[2]: *** [all] Error 2
     16368    make[2]: Leaving directory `/tmp/sochat1/spack-stage/spack-stage-
              openmpi-1.7.2-kz6ebiddzlpky7wzqdk3hj5jkapxukfu/spack-src/ompi/mpi
              /fortran/use-mpi-tkr'
  >> 16369    make[1]: *** [all-recursive] Error 1
     16370    make[1]: Leaving directory `/tmp/sochat1/spack-stage/spack-stage-
              openmpi-1.7.2-kz6ebiddzlpky7wzqdk3hj5jkapxukfu/spack-src/ompi'
  >> 16371    make: *** [all-recursive] Error 1

See build log for details:
  /var/tmp/sochat1/spack-stage/spack-stage-openmpi-1.7.2-kz6ebiddzlpky7wzqdk3hj5jkapxukfu/spack-build-out.txt

Making predictions for spack-test
Making predictions for symbolator
Making predictions for libabigail
abicompat not found on path, will look for spack instead.
Making predictions for actual
