/var/spool/slurmd/job97846/slurm_script: line 12: 37010 Killed                  spliced splice --package openmpi@1.1.1 --splice pkgconf --runner spack --replace pkgconf --experiment experiment --outfile /p/vast1/build/spliced-experiment/results/openmpi/1.1.1/pkgconf/experiment.json
==> Error: ProcessError: Command exited with status 2:
    'make' '-j16' 'V=1'

14 errors found in build log:
     10315    
     10316        8 |   call MPI_Waitall(count, array_of_requests, array_of_sta
              tuses, ierr)
     10317          |                                             2
     10318    ......
     10319       18 |   call MPI_Waitall(count, array_of_requests, array_of_sta
              tuses, ierr)
     10320          |                                             1
  >> 10321    Error: Type mismatch between actual argument at (1) and actual ar
              gument at (2) (REAL(8)/INTEGER(4)).
     10322    mpi_waitsome_f90.f90:26:76:
     10323    
     10324       12 |   call MPI_Waitsome(incount, array_of_requests, outcount,
               array_of_indices, array_of_statuses, ierr)
     10325          |                                                          
                                2
     10326    ......
     10327       26 |   call MPI_Waitsome(incount, array_of_requests, outcount,
               array_of_indices, array_of_statuses, ierr)
     10328          |                                                          
                                1
  >> 10329    Error: Type mismatch between actual argument at (1) and actual ar
              gument at (2) (REAL(8)/INTEGER(4)).
     10330    mpi_comm_spawn_multiple_f90.f90:36:57:
     10331    
     10332       16 |   call MPI_Comm_spawn_multiple(count, array_of_commands, 
              array_of_argv, &
     10333          |                                                         2
     10334    ......
     10335       36 |   call MPI_Comm_spawn_multiple(count, array_of_commands, 
              array_of_argv, &
     10336          |                                                         1
  >> 10337    Error: Type mismatch between actual argument at (1) and actual ar
              gument at (2) (REAL(8)/CHARACTER(*)).
  >> 10338    make[4]: *** [mpi_waitall_f90.o] Error 1
     10339    make[4]: *** Waiting for unfinished jobs....
  >> 10340    make[4]: *** [mpi_waitsome_f90.o] Error 1
  >> 10341    make[4]: *** [mpi_comm_spawn_multiple_f90.o] Error 1
     10342    mpi_testall_f90.f90:22:51:
     10343    
     10344       10 |   call MPI_Testall(count, array_of_requests, flag, array_
              of_statuses, ierr)
     10345          |                                                   2
     10346    ......
     10347       22 |   call MPI_Testall(count, array_of_requests, flag, array_
              of_statuses, ierr)
     10348          |                                                   1
  >> 10349    Error: Type mismatch between actual argument at (1) and actual ar
              gument at (2) (REAL(8)/INTEGER(4)).
     10350    mpi_testsome_f90.f90:26:76:
     10351    
     10352       12 |   call MPI_Testsome(incount, array_of_requests, outcount,
               array_of_indices, array_of_statuses, ierr)
     10353          |                                                          
                                2
     10354    ......
     10355       26 |   call MPI_Testsome(incount, array_of_requests, outcount,
               array_of_indices, array_of_statuses, ierr)
     10356          |                                                          
                                1
  >> 10357    Error: Type mismatch between actual argument at (1) and actual ar
              gument at (2) (REAL(8)/INTEGER(4)).
  >> 10358    make[4]: *** [mpi_testall_f90.o] Error 1
  >> 10359    make[4]: *** [mpi_testsome_f90.o] Error 1
     10360    make[4]: Leaving directory `/tmp/sochat1/spack-stage/spack-stage-
              openmpi-1.1.1-tqd4e4p5nxeecwucwy3qjhwfphyp6vao/spack-src/ompi/mpi
              /f90'
  >> 10361    make[3]: *** [all-recursive] Error 1
     10362    make[3]: Leaving directory `/tmp/sochat1/spack-stage/spack-stage-
              openmpi-1.1.1-tqd4e4p5nxeecwucwy3qjhwfphyp6vao/spack-src/ompi/mpi
              /f90'
  >> 10363    make[2]: *** [all-recursive] Error 1
     10364    make[2]: Leaving directory `/tmp/sochat1/spack-stage/spack-stage-
              openmpi-1.1.1-tqd4e4p5nxeecwucwy3qjhwfphyp6vao/spack-src/ompi/mpi
              '
  >> 10365    make[1]: *** [all-recursive] Error 1
     10366    make[1]: Leaving directory `/tmp/sochat1/spack-stage/spack-stage-
              openmpi-1.1.1-tqd4e4p5nxeecwucwy3qjhwfphyp6vao/spack-src/ompi'
  >> 10367    make: *** [all-recursive] Error 1

See build log for details:
  /var/tmp/sochat1/spack-stage/spack-stage-openmpi-1.1.1-tqd4e4p5nxeecwucwy3qjhwfphyp6vao/spack-build-out.txt

Making predictions for spack-test
Making predictions for symbolator
Making predictions for libabigail
abicompat not found on path, will look for spack instead.
Making predictions for actual
