==> Error: ProcessError: Command exited with status 1:
    '/var/tmp/sochat1/spack-stage/spack-stage-openmpi-1.4.2-tfdcrmii5bygjvo4ll7lovkbpoqlt7d5/spack-src/configure' '--prefix=/p/vast1/build/spack/opt/spack/linux-rhel7-broadwell/gcc-10.2.1/openmpi-1.4.2-tfdcrmii5bygjvo4ll7lovkbpoqlt7d5' '--enable-shared' '--disable-silent-rules' '--disable-builtin-atomics' '--enable-static' '--without-pmi' '--without-xpmem' '--without-psm2' '--without-knem' '--without-ucx' '--without-mxm' '--without-libfabric' '--without-cma' '--without-fca' '--without-hcoll' '--without-openib' '--without-psm' '--without-loadleveler' '--without-alps' '--without-lsf' '--without-sge' '--without-slurm' '--without-tm' '--disable-memchecker' '--with-gpfs' '--without-sqlite3' '--disable-wrapper-rpath' '--disable-mpi-cxx' '--disable-cxx-exceptions'

9 errors found in build log:
     4        configure: WARNING: unrecognized options: --disable-silent-rules,
               --disable-builtin-atomics, --without-pmi, --without-xpmem, --wit
              hout-psm2, --without-knem, --without-ucx, --without-mxm, --withou
              t-libfabric, --without-cma, --without-fca, --without-hcoll, --wit
              h-gpfs, --without-sqlite3, --disable-wrapper-rpath
     5        checking for a BSD-compatible install... /usr/bin/install -c
     6        checking whether build environment is sane... yes
     7        checking for a thread-safe mkdir -p... /usr/bin/mkdir -p
     8        checking for gawk... gawk
     9        checking whether make sets $(MAKE)... yes
  >> 10       configure: error: source directory already configured; run "make 
              distclean" there first
     11       ==> openmpi: Executing phase: 'build'
     12       ==> [2022-02-25-17:27:05.934416] 'make' '-j2' 'V=1'
     13       Making all in config
     14       make[1]: Entering directory `/tmp/sochat1/spack-stage/spack-stage
              -openmpi-1.4.2-tfdcrmii5bygjvo4ll7lovkbpoqlt7d5/spack-src/config'
     15       make[1]: Nothing to be done for `all'.
     16       make[1]: Leaving directory `/tmp/sochat1/spack-stage/spack-stage-
              openmpi-1.4.2-tfdcrmii5bygjvo4ll7lovkbpoqlt7d5/spack-src/config'

     ...

     10896    
     10897       16 |   call MPI_Comm_spawn_multiple(count, array_of_commands, 
              array_of_argv, &
     10898          |                                                         2
     10899    ......
     10900       36 |   call MPI_Comm_spawn_multiple(count, array_of_commands, 
              array_of_argv, &
     10901          |                                                         1
  >> 10902    Error: Type mismatch between actual argument at (1) and actual ar
              gument at (2) (REAL(8)/CHARACTER(*)).
  >> 10903    make[4]: *** [mpi_comm_spawn_multiple_f90.lo] Error 1
     10904    make[4]: *** Waiting for unfinished jobs....
     10905    libtool: compile:  /p/vast1/build/spack/lib/spack/env/gcc/gfortra
              n -I../../../ompi/include -I/var/tmp/sochat1/spack-stage/spack-st
              age-openmpi-1.4.2-tfdcrmii5bygjvo4ll7lovkbpoqlt7d5/spack-src/ompi
              /include -I. -I/var/tmp/sochat1/spack-stage/spack-stage-openmpi-1
              .4.2-tfdcrmii5bygjvo4ll7lovkbpoqlt7d5/spack-src/ompi/mpi/f90 -I..
              /../../ompi/mpi/f90 -c mpi_testall_f90.f90  -fPIC -o .libs/mpi_te
              stall_f90.o
     10906    mpi_testall_f90.f90:22:51:
     10907    
     10908       10 |   call MPI_Testall(count, array_of_requests, flag, array_
              of_statuses, ierr)
     10909          |                                                   2
     10910    ......
     10911       22 |   call MPI_Testall(count, array_of_requests, flag, array_
              of_statuses, ierr)
     10912          |                                                   1
  >> 10913    Error: Type mismatch between actual argument at (1) and actual ar
              gument at (2) (REAL(8)/INTEGER(4)).
  >> 10914    make[4]: *** [mpi_testall_f90.lo] Error 1
     10915    make[4]: Leaving directory `/tmp/sochat1/spack-stage/spack-stage-
              openmpi-1.4.2-tfdcrmii5bygjvo4ll7lovkbpoqlt7d5/spack-src/ompi/mpi
              /f90'
  >> 10916    make[3]: *** [all-recursive] Error 1
     10917    make[3]: Leaving directory `/tmp/sochat1/spack-stage/spack-stage-
              openmpi-1.4.2-tfdcrmii5bygjvo4ll7lovkbpoqlt7d5/spack-src/ompi/mpi
              /f90'
  >> 10918    make[2]: *** [all] Error 2
     10919    make[2]: Leaving directory `/tmp/sochat1/spack-stage/spack-stage-
              openmpi-1.4.2-tfdcrmii5bygjvo4ll7lovkbpoqlt7d5/spack-src/ompi/mpi
              /f90'
  >> 10920    make[1]: *** [all-recursive] Error 1
     10921    make[1]: Leaving directory `/tmp/sochat1/spack-stage/spack-stage-
              openmpi-1.4.2-tfdcrmii5bygjvo4ll7lovkbpoqlt7d5/spack-src/ompi'
  >> 10922    make: *** [all-recursive] Error 1

See build log for details:
  /var/tmp/sochat1/spack-stage/spack-stage-openmpi-1.4.2-tfdcrmii5bygjvo4ll7lovkbpoqlt7d5/spack-build-out.txt

Making predictions for symbolator
Making predictions for libabigail
Making predictions for actual
==> Error: ProcessError: Command exited with status 2:
    'make' '-j16' 'V=1'

17 errors found in build log:
     1925     checking whether the /p/vast1/build/spack/lib/spack/env/gcc/g++ l
              inker (/usr/tce/packages/gcc/gcc-10.2.1/rh/usr/libexec/gcc/x86_64
              -redhat-linux/10/ld -m elf_x86_64) supports shared libraries... y
              es
     1926     checking dynamic linker characteristics... GNU/Linux ld.so
     1927     checking how to hardcode library paths into programs... immediate
     1928     checking vtf3.h usability... no
     1929     checking vtf3.h presence... no
     1930     checking for vtf3.h... no
  >> 1931     configure: error: no vtf3.h found; check path for VTF3 package fi
              rst...
     1932     checking zlib.h usability... yes
     1933     checking zlib.h presence... yes
     1934     checking for zlib.h... yes
     1935     checking for ANSI C header files... (cached) yes
     1936     checking stddef.h usability... yes
     1937     checking stddef.h presence... yes

     ...

     1979     checking for compiler instrumentation... gnu
     1980     checking if /usr/bin/nm -B demangle option --demangle works... ye
              s
     1981     checking if /usr/bin/nm -B line numbers option --line-numbers wor
              ks... yes
     1982     checking BPatch.h usability... no
     1983     checking BPatch.h presence... no
     1984     checking for BPatch.h... no
  >> 1985     configure: error: no BPatch.h found; check path for Dyninst packa
              ge first...
     1986     configure: skipped further tests for MPI
     1987     checking for OpenMP flag of C compiler... -fopenmp
     1988     checking omp.h usability... yes
     1989     checking omp.h presence... yes
     1990     checking for omp.h... yes
     1991     checking malloc.h usability... yes

     ...

     2009     checking for pwrite64... yes
     2010     checking papi.h usability... yes
     2011     checking papi.h presence... yes
     2012     checking for papi.h... yes
     2013     checking whether linking with -lpapi works... yes
     2014     checking whether PAPI version = 3.x... no
  >> 2015     configure: error: PAPI version could not be determined and/or is 
              incompatible (!= 3.x)
     2016     See `config.log' for more details.
     2017     configure: creating ./config.status
     2018     config.status: creating Makefile
     2019     config.status: creating util/Makefile
     2020     config.status: creating util/installdirs_conf.h
     2021     config.status: creating extlib/Makefile

     ...

     13450    
     13451       16 |   call MPI_Comm_spawn_multiple(count, array_of_commands, 
              array_of_argv, &
     13452          |                                                         2
     13453    ......
     13454       36 |   call MPI_Comm_spawn_multiple(count, array_of_commands, 
              array_of_argv, &
     13455          |                                                         1
  >> 13456    Error: Type mismatch between actual argument at (1) and actual ar
              gument at (2) (REAL(8)/CHARACTER(*)).
     13457    mpi_waitsome_f90.f90:26:76:
     13458    
     13459       12 |   call MPI_Waitsome(incount, array_of_requests, outcount,
               array_of_indices, array_of_statuses, ierr)
     13460          |                                                          
                                2
     13461    ......
     13462       26 |   call MPI_Waitsome(incount, array_of_requests, outcount,
               array_of_indices, array_of_statuses, ierr)
     13463          |                                                          
                                1
  >> 13464    Error: Type mismatch between actual argument at (1) and actual ar
              gument at (2) (REAL(8)/INTEGER(4)).
  >> 13465    make[4]: *** [mpi_comm_spawn_multiple_f90.lo] Error 1
     13466    make[4]: *** Waiting for unfinished jobs....
     13467    mpi_waitall_f90.f90:18:45:
     13468    
     13469        8 |   call MPI_Waitall(count, array_of_requests, array_of_sta
              tuses, ierr)
     13470          |                                             2
     13471    ......
     13472       18 |   call MPI_Waitall(count, array_of_requests, array_of_sta
              tuses, ierr)
     13473          |                                             1
  >> 13474    Error: Type mismatch between actual argument at (1) and actual ar
              gument at (2) (REAL(8)/INTEGER(4)).
     13475    mpi_testall_f90.f90:22:51:
     13476    
     13477       10 |   call MPI_Testall(count, array_of_requests, flag, array_
              of_statuses, ierr)
     13478          |                                                   2
     13479    ......
     13480       22 |   call MPI_Testall(count, array_of_requests, flag, array_
              of_statuses, ierr)
     13481          |                                                   1
  >> 13482    Error: Type mismatch between actual argument at (1) and actual ar
              gument at (2) (REAL(8)/INTEGER(4)).
     13483    mpi_testsome_f90.f90:26:76:
     13484    
     13485       12 |   call MPI_Testsome(incount, array_of_requests, outcount,
               array_of_indices, array_of_statuses, ierr)
     13486          |                                                          
                                2
     13487    ......
     13488       26 |   call MPI_Testsome(incount, array_of_requests, outcount,
               array_of_indices, array_of_statuses, ierr)
     13489          |                                                          
                                1
  >> 13490    Error: Type mismatch between actual argument at (1) and actual ar
              gument at (2) (REAL(8)/INTEGER(4)).
  >> 13491    make[4]: *** [mpi_waitsome_f90.lo] Error 1
  >> 13492    make[4]: *** [mpi_waitall_f90.lo] Error 1
  >> 13493    make[4]: *** [mpi_testall_f90.lo] Error 1
  >> 13494    make[4]: *** [mpi_testsome_f90.lo] Error 1
     13495    libtool: compile:  /p/vast1/build/spack/lib/spack/env/gcc/gfortra
              n -I../../../ompi/include -I/var/tmp/sochat1/spack-stage/spack-st
              age-openmpi-1.4.2-tfdcrmii5bygjvo4ll7lovkbpoqlt7d5/spack-src/ompi
              /include -I. -I/var/tmp/sochat1/spack-stage/spack-stage-openmpi-1
              .4.2-tfdcrmii5bygjvo4ll7lovkbpoqlt7d5/spack-src/ompi/mpi/f90 -I..
              /../../ompi/mpi/f90 -c mpi_wtick_f90.f90 -o mpi_wtick_f90.o >/dev
              /null 2>&1
     13496    libtool: compile:  /p/vast1/build/spack/lib/spack/env/gcc/gfortra
              n -I../../../ompi/include -I/var/tmp/sochat1/spack-stage/spack-st
              age-openmpi-1.4.2-tfdcrmii5bygjvo4ll7lovkbpoqlt7d5/spack-src/ompi
              /include -I. -I/var/tmp/sochat1/spack-stage/spack-stage-openmpi-1
              .4.2-tfdcrmii5bygjvo4ll7lovkbpoqlt7d5/spack-src/ompi/mpi/f90 -I..
              /../../ompi/mpi/f90 -c mpi_wtime_f90.f90 -o mpi_wtime_f90.o >/dev
              /null 2>&1
     13497    libtool: compile:  /p/vast1/build/spack/lib/spack/env/gcc/gfortra
              n -I../../../ompi/include -I/var/tmp/sochat1/spack-stage/spack-st
              age-openmpi-1.4.2-tfdcrmii5bygjvo4ll7lovkbpoqlt7d5/spack-src/ompi
              /include -I. -I/var/tmp/sochat1/spack-stage/spack-stage-openmpi-1
              .4.2-tfdcrmii5bygjvo4ll7lovkbpoqlt7d5/spack-src/ompi/mpi/f90 -I..
              /../../ompi/mpi/f90 -c mpi_sizeof.f90 -o mpi_sizeof.o >/dev/null 
              2>&1
     13498    libtool: compile:  /p/vast1/build/spack/lib/spack/env/gcc/gfortra
              n -I../../../ompi/include -I/var/tmp/sochat1/spack-stage/spack-st
              age-openmpi-1.4.2-tfdcrmii5bygjvo4ll7lovkbpoqlt7d5/spack-src/ompi
              /include -I. -I/var/tmp/sochat1/spack-stage/spack-stage-openmpi-1
              .4.2-tfdcrmii5bygjvo4ll7lovkbpoqlt7d5/spack-src/ompi/mpi/f90 -I..
              /../../ompi/mpi/f90 -c mpi.f90 -o mpi.o >/dev/null 2>&1
     13499    make[4]: Leaving directory `/tmp/sochat1/spack-stage/spack-stage-
              openmpi-1.4.2-tfdcrmii5bygjvo4ll7lovkbpoqlt7d5/spack-src/ompi/mpi
              /f90'
  >> 13500    make[3]: *** [all-recursive] Error 1
     13501    make[3]: Leaving directory `/tmp/sochat1/spack-stage/spack-stage-
              openmpi-1.4.2-tfdcrmii5bygjvo4ll7lovkbpoqlt7d5/spack-src/ompi/mpi
              /f90'
  >> 13502    make[2]: *** [all] Error 2
     13503    make[2]: Leaving directory `/tmp/sochat1/spack-stage/spack-stage-
              openmpi-1.4.2-tfdcrmii5bygjvo4ll7lovkbpoqlt7d5/spack-src/ompi/mpi
              /f90'
  >> 13504    make[1]: *** [all-recursive] Error 1
     13505    make[1]: Leaving directory `/tmp/sochat1/spack-stage/spack-stage-
              openmpi-1.4.2-tfdcrmii5bygjvo4ll7lovkbpoqlt7d5/spack-src/ompi'
  >> 13506    make: *** [all-recursive] Error 1

See build log for details:
  /var/tmp/sochat1/spack-stage/spack-stage-openmpi-1.4.2-tfdcrmii5bygjvo4ll7lovkbpoqlt7d5/spack-build-out.txt

Making predictions for spack-test
Making predictions for symbolator
Making predictions for libabigail
abicompat not found on path, will look for spack instead.
Making predictions for actual
