==> Error: ProcessError: Command exited with status 2:
    'make' '-j2' 'V=1'

6 errors found in build log:
     2271    depbase=`echo memory_malloc_hooks_component.lo | sed 's|[^/]*$|.de
             ps/&|;s|\.lo$||'`; \
     2272    if /bin/sh ../../../../libtool --tag=CC --mode=compile /p/vast1/bu
             ild/spack/lib/spack/env/gcc/gcc -DHAVE_CONFIG_H -I. -I/var/tmp/soc
             hat1/spack-stage/spack-stage-openmpi-1.0.2-n5hjqkzchn6psbaba72danv
             iqppszjmj/spack-src/opal/mca/memory/malloc_hooks -I../../../../inc
             lude -I../../../../include   -I/var/tmp/sochat1/spack-stage/spack-
             stage-openmpi-1.0.2-n5hjqkzchn6psbaba72danviqppszjmj/spack-src/inc
             lude -I/var/tmp/sochat1/spack-stage/spack-stage-openmpi-1.0.2-n5hj
             qkzchn6psbaba72danviqppszjmj/spack-src -I../../../.. -I../../../..
             /include -I/var/tmp/sochat1/spack-stage/spack-stage-openmpi-1.0.2-
             n5hjqkzchn6psbaba72danviqppszjmj/spack-src/opal -I/var/tmp/sochat1
             /spack-stage/spack-stage-openmpi-1.0.2-n5hjqkzchn6psbaba72danviqpp
             szjmj/spack-src/orte -I/var/tmp/sochat1/spack-stage/spack-stage-op
             enmpi-1.0.2-n5hjqkzchn6psbaba72danviqppszjmj/spack-src/ompi    -O3
              -DNDEBUG -fno-strict-aliasing -pthread -MT memory_malloc_hooks_co
             mponent.lo -MD -MP -MF "$depbase.Tpo" -c -o memory_malloc_hooks_co
             mponent.lo memory_malloc_hooks_component.c; \
     2273    then mv -f "$depbase.Tpo" "$depbase.Plo"; else rm -f "$depbase.Tpo
             "; exit 1; fi
     2274    mkdir .libs
     2275     /p/vast1/build/spack/lib/spack/env/gcc/gcc -DHAVE_CONFIG_H -I. -I
             /var/tmp/sochat1/spack-stage/spack-stage-openmpi-1.0.2-n5hjqkzchn6
             psbaba72danviqppszjmj/spack-src/opal/mca/memory/malloc_hooks -I../
             ../../../include -I../../../../include -I/var/tmp/sochat1/spack-st
             age/spack-stage-openmpi-1.0.2-n5hjqkzchn6psbaba72danviqppszjmj/spa
             ck-src/include -I/var/tmp/sochat1/spack-stage/spack-stage-openmpi-
             1.0.2-n5hjqkzchn6psbaba72danviqppszjmj/spack-src -I../../../.. -I.
             ./../../../include -I/var/tmp/sochat1/spack-stage/spack-stage-open
             mpi-1.0.2-n5hjqkzchn6psbaba72danviqppszjmj/spack-src/opal -I/var/t
             mp/sochat1/spack-stage/spack-stage-openmpi-1.0.2-n5hjqkzchn6psbaba
             72danviqppszjmj/spack-src/orte -I/var/tmp/sochat1/spack-stage/spac
             k-stage-openmpi-1.0.2-n5hjqkzchn6psbaba72danviqppszjmj/spack-src/o
             mpi -O3 -DNDEBUG -fno-strict-aliasing -pthread -MT memory_malloc_h
             ooks.lo -MD -MP -MF .deps/memory_malloc_hooks.Tpo -c memory_malloc
             _hooks.c  -fPIC -DPIC -o .libs/memory_malloc_hooks.o
     2276     /p/vast1/build/spack/lib/spack/env/gcc/gcc -DHAVE_CONFIG_H -I. -I
             /var/tmp/sochat1/spack-stage/spack-stage-openmpi-1.0.2-n5hjqkzchn6
             psbaba72danviqppszjmj/spack-src/opal/mca/memory/malloc_hooks -I../
             ../../../include -I../../../../include -I/var/tmp/sochat1/spack-st
             age/spack-stage-openmpi-1.0.2-n5hjqkzchn6psbaba72danviqppszjmj/spa
             ck-src/include -I/var/tmp/sochat1/spack-stage/spack-stage-openmpi-
             1.0.2-n5hjqkzchn6psbaba72danviqppszjmj/spack-src -I../../../.. -I.
             ./../../../include -I/var/tmp/sochat1/spack-stage/spack-stage-open
             mpi-1.0.2-n5hjqkzchn6psbaba72danviqppszjmj/spack-src/opal -I/var/t
             mp/sochat1/spack-stage/spack-stage-openmpi-1.0.2-n5hjqkzchn6psbaba
             72danviqppszjmj/spack-src/orte -I/var/tmp/sochat1/spack-stage/spac
             k-stage-openmpi-1.0.2-n5hjqkzchn6psbaba72danviqppszjmj/spack-src/o
             mpi -O3 -DNDEBUG -fno-strict-aliasing -pthread -MT memory_malloc_h
             ooks_component.lo -MD -MP -MF .deps/memory_malloc_hooks_component.
             Tpo -c memory_malloc_hooks_component.c  -fPIC -DPIC -o .libs/memor
             y_malloc_hooks_component.o
  >> 2277    memory_malloc_hooks.c:34:8: error: conflicting type qualifiers for
              '__malloc_initialize_hook'
     2278       34 | void (*__malloc_initialize_hook) (void) = opal_memory_mall
             oc_hooks_init;
     2279          |        ^~~~~~~~~~~~~~~~~~~~~~~~
     2280    In file included from memory_malloc_hooks.c:24:
     2281    /usr/include/malloc.h:169:38: note: previous declaration of '__mal
             loc_initialize_hook' was here
     2282      169 | extern void (*__MALLOC_HOOK_VOLATILE __malloc_initialize_h
             ook) (void)
     2283          |                                      ^~~~~~~~~~~~~~~~~~~~~
             ~~~

     ...

     2351       98 |     __realloc_hook = opal_mem_free_realloc_hook;
     2352          |     ^~~~~~~~~~~~~~
     2353    In file included from memory_malloc_hooks.c:24:
     2354    /usr/include/malloc.h:178:39: note: declared here
     2355      178 | extern void *(*__MALLOC_HOOK_VOLATILE __realloc_hook) (voi
             d *__ptr,
     2356          |                                       ^~~~~~~~~~~~~~
  >> 2357    make[4]: *** [memory_malloc_hooks.lo] Error 1
     2358    make[4]: *** Waiting for unfinished jobs....
     2359     /p/vast1/build/spack/lib/spack/env/gcc/gcc -DHAVE_CONFIG_H -I. -I
             /var/tmp/sochat1/spack-stage/spack-stage-openmpi-1.0.2-n5hjqkzchn6
             psbaba72danviqppszjmj/spack-src/opal/mca/memory/malloc_hooks -I../
             ../../../include -I../../../../include -I/var/tmp/sochat1/spack-st
             age/spack-stage-openmpi-1.0.2-n5hjqkzchn6psbaba72danviqppszjmj/spa
             ck-src/include -I/var/tmp/sochat1/spack-stage/spack-stage-openmpi-
             1.0.2-n5hjqkzchn6psbaba72danviqppszjmj/spack-src -I../../../.. -I.
             ./../../../include -I/var/tmp/sochat1/spack-stage/spack-stage-open
             mpi-1.0.2-n5hjqkzchn6psbaba72danviqppszjmj/spack-src/opal -I/var/t
             mp/sochat1/spack-stage/spack-stage-openmpi-1.0.2-n5hjqkzchn6psbaba
             72danviqppszjmj/spack-src/orte -I/var/tmp/sochat1/spack-stage/spac
             k-stage-openmpi-1.0.2-n5hjqkzchn6psbaba72danviqppszjmj/spack-src/o
             mpi -O3 -DNDEBUG -fno-strict-aliasing -pthread -MT memory_malloc_h
             ooks_component.lo -MD -MP -MF .deps/memory_malloc_hooks_component.
             Tpo -c memory_malloc_hooks_component.c -o memory_malloc_hooks_comp
             onent.o >/dev/null 2>&1
     2360    make[4]: Leaving directory `/tmp/sochat1/spack-stage/spack-stage-o
             penmpi-1.0.2-n5hjqkzchn6psbaba72danviqppszjmj/spack-src/opal/mca/m
             emory/malloc_hooks'
  >> 2361    make[3]: *** [all-recursive] Error 1
     2362    make[3]: Leaving directory `/tmp/sochat1/spack-stage/spack-stage-o
             penmpi-1.0.2-n5hjqkzchn6psbaba72danviqppszjmj/spack-src/opal/mca/m
             emory'
  >> 2363    make[2]: *** [all-recursive] Error 1
     2364    make[2]: Leaving directory `/tmp/sochat1/spack-stage/spack-stage-o
             penmpi-1.0.2-n5hjqkzchn6psbaba72danviqppszjmj/spack-src/opal/mca'
  >> 2365    make[1]: *** [all-recursive] Error 1
     2366    make[1]: Leaving directory `/tmp/sochat1/spack-stage/spack-stage-o
             penmpi-1.0.2-n5hjqkzchn6psbaba72danviqppszjmj/spack-src/opal'
  >> 2367    make: *** [all-recursive] Error 1

See build log for details:
  /var/tmp/sochat1/spack-stage/spack-stage-openmpi-1.0.2-n5hjqkzchn6psbaba72danviqppszjmj/spack-build-out.txt

Making predictions for symbolator
Making predictions for libabigail
Making predictions for actual
slurmstepd: error: *** JOB 100785 ON oslic10 CANCELLED AT 2022-03-01T15:28:10 ***
==> Error: ProcessError: Command exited with status 2:
    'make' '-j16' 'V=1'

6 errors found in build log:
     2289    then mv -f "$depbase.Tpo" "$depbase.Plo"; else rm -f "$depbase.Tpo
             "; exit 1; fi
     2290    mkdir .libs
     2291    mkdir .libs
     2292    mkdir: cannot create directory '.libs': File exists
     2293     /p/vast1/build/spack/lib/spack/env/gcc/gcc -DHAVE_CONFIG_H -I. -I
             /var/tmp/sochat1/spack-stage/spack-stage-openmpi-1.0.2-n5hjqkzchn6
             psbaba72danviqppszjmj/spack-src/opal/mca/memory/malloc_hooks -I../
             ../../../include -I../../../../include -I/var/tmp/sochat1/spack-st
             age/spack-stage-openmpi-1.0.2-n5hjqkzchn6psbaba72danviqppszjmj/spa
             ck-src/include -I/var/tmp/sochat1/spack-stage/spack-stage-openmpi-
             1.0.2-n5hjqkzchn6psbaba72danviqppszjmj/spack-src -I../../../.. -I.
             ./../../../include -I/var/tmp/sochat1/spack-stage/spack-stage-open
             mpi-1.0.2-n5hjqkzchn6psbaba72danviqppszjmj/spack-src/opal -I/var/t
             mp/sochat1/spack-stage/spack-stage-openmpi-1.0.2-n5hjqkzchn6psbaba
             72danviqppszjmj/spack-src/orte -I/var/tmp/sochat1/spack-stage/spac
             k-stage-openmpi-1.0.2-n5hjqkzchn6psbaba72danviqppszjmj/spack-src/o
             mpi -O3 -DNDEBUG -fno-strict-aliasing -pthread -MT memory_malloc_h
             ooks_component.lo -MD -MP -MF .deps/memory_malloc_hooks_component.
             Tpo -c memory_malloc_hooks_component.c  -fPIC -DPIC -o .libs/memor
             y_malloc_hooks_component.o
     2294     /p/vast1/build/spack/lib/spack/env/gcc/gcc -DHAVE_CONFIG_H -I. -I
             /var/tmp/sochat1/spack-stage/spack-stage-openmpi-1.0.2-n5hjqkzchn6
             psbaba72danviqppszjmj/spack-src/opal/mca/memory/malloc_hooks -I../
             ../../../include -I../../../../include -I/var/tmp/sochat1/spack-st
             age/spack-stage-openmpi-1.0.2-n5hjqkzchn6psbaba72danviqppszjmj/spa
             ck-src/include -I/var/tmp/sochat1/spack-stage/spack-stage-openmpi-
             1.0.2-n5hjqkzchn6psbaba72danviqppszjmj/spack-src -I../../../.. -I.
             ./../../../include -I/var/tmp/sochat1/spack-stage/spack-stage-open
             mpi-1.0.2-n5hjqkzchn6psbaba72danviqppszjmj/spack-src/opal -I/var/t
             mp/sochat1/spack-stage/spack-stage-openmpi-1.0.2-n5hjqkzchn6psbaba
             72danviqppszjmj/spack-src/orte -I/var/tmp/sochat1/spack-stage/spac
             k-stage-openmpi-1.0.2-n5hjqkzchn6psbaba72danviqppszjmj/spack-src/o
             mpi -O3 -DNDEBUG -fno-strict-aliasing -pthread -MT memory_malloc_h
             ooks.lo -MD -MP -MF .deps/memory_malloc_hooks.Tpo -c memory_malloc
             _hooks.c  -fPIC -DPIC -o .libs/memory_malloc_hooks.o
  >> 2295    memory_malloc_hooks.c:34:8: error: conflicting type qualifiers for
              '__malloc_initialize_hook'
     2296       34 | void (*__malloc_initialize_hook) (void) = opal_memory_mall
             oc_hooks_init;
     2297          |        ^~~~~~~~~~~~~~~~~~~~~~~~
     2298    In file included from memory_malloc_hooks.c:24:
     2299    /usr/include/malloc.h:169:38: note: previous declaration of '__mal
             loc_initialize_hook' was here
     2300      169 | extern void (*__MALLOC_HOOK_VOLATILE __malloc_initialize_h
             ook) (void)
     2301          |                                      ^~~~~~~~~~~~~~~~~~~~~
             ~~~

     ...

     2369       98 |     __realloc_hook = opal_mem_free_realloc_hook;
     2370          |     ^~~~~~~~~~~~~~
     2371    In file included from memory_malloc_hooks.c:24:
     2372    /usr/include/malloc.h:178:39: note: declared here
     2373      178 | extern void *(*__MALLOC_HOOK_VOLATILE __realloc_hook) (voi
             d *__ptr,
     2374          |                                       ^~~~~~~~~~~~~~
  >> 2375    make[4]: *** [memory_malloc_hooks.lo] Error 1
     2376    make[4]: *** Waiting for unfinished jobs....
     2377     /p/vast1/build/spack/lib/spack/env/gcc/gcc -DHAVE_CONFIG_H -I. -I
             /var/tmp/sochat1/spack-stage/spack-stage-openmpi-1.0.2-n5hjqkzchn6
             psbaba72danviqppszjmj/spack-src/opal/mca/memory/malloc_hooks -I../
             ../../../include -I../../../../include -I/var/tmp/sochat1/spack-st
             age/spack-stage-openmpi-1.0.2-n5hjqkzchn6psbaba72danviqppszjmj/spa
             ck-src/include -I/var/tmp/sochat1/spack-stage/spack-stage-openmpi-
             1.0.2-n5hjqkzchn6psbaba72danviqppszjmj/spack-src -I../../../.. -I.
             ./../../../include -I/var/tmp/sochat1/spack-stage/spack-stage-open
             mpi-1.0.2-n5hjqkzchn6psbaba72danviqppszjmj/spack-src/opal -I/var/t
             mp/sochat1/spack-stage/spack-stage-openmpi-1.0.2-n5hjqkzchn6psbaba
             72danviqppszjmj/spack-src/orte -I/var/tmp/sochat1/spack-stage/spac
             k-stage-openmpi-1.0.2-n5hjqkzchn6psbaba72danviqppszjmj/spack-src/o
             mpi -O3 -DNDEBUG -fno-strict-aliasing -pthread -MT memory_malloc_h
             ooks_component.lo -MD -MP -MF .deps/memory_malloc_hooks_component.
             Tpo -c memory_malloc_hooks_component.c -o memory_malloc_hooks_comp
             onent.o >/dev/null 2>&1
     2378    make[4]: Leaving directory `/tmp/sochat1/spack-stage/spack-stage-o
             penmpi-1.0.2-n5hjqkzchn6psbaba72danviqppszjmj/spack-src/opal/mca/m
             emory/malloc_hooks'
  >> 2379    make[3]: *** [all-recursive] Error 1
     2380    make[3]: Leaving directory `/tmp/sochat1/spack-stage/spack-stage-o
             penmpi-1.0.2-n5hjqkzchn6psbaba72danviqppszjmj/spack-src/opal/mca/m
             emory'
  >> 2381    make[2]: *** [all-recursive] Error 1
     2382    make[2]: Leaving directory `/tmp/sochat1/spack-stage/spack-stage-o
             penmpi-1.0.2-n5hjqkzchn6psbaba72danviqppszjmj/spack-src/opal/mca'
  >> 2383    make[1]: *** [all-recursive] Error 1
     2384    make[1]: Leaving directory `/tmp/sochat1/spack-stage/spack-stage-o
             penmpi-1.0.2-n5hjqkzchn6psbaba72danviqppszjmj/spack-src/opal'
  >> 2385    make: *** [all-recursive] Error 1

See build log for details:
  /var/tmp/sochat1/spack-stage/spack-stage-openmpi-1.0.2-n5hjqkzchn6psbaba72danviqppszjmj/spack-build-out.txt

Making predictions for spack-test
Making predictions for symbolator
Making predictions for libabigail
abicompat not found on path, will look for spack instead.
Making predictions for actual
