/var/spool/slurmd/job97960/slurm_script: line 12: 36705 Killed                  spliced splice --package openmpi@1.2.7 --splice zlib --runner spack --replace zlib --experiment experiment --outfile /p/vast1/build/spliced-experiment/results/openmpi/1.2.7/zlib/experiment.json
==> Error: ProcessError: Command exited with status 1:
    '/var/tmp/sochat1/spack-stage/spack-stage-openmpi-1.2.7-zy6ef7g7pggc4ctul4iuzj7j3ie3bvu6/spack-src/configure' '--prefix=/p/vast1/build/spack/opt/spack/linux-rhel7-broadwell/gcc-10.2.1/openmpi-1.2.7-zy6ef7g7pggc4ctul4iuzj7j3ie3bvu6' '--enable-shared' '--disable-silent-rules' '--disable-builtin-atomics' '--enable-static' '--without-pmi' '--without-openib' '--without-psm' '--without-cma' '--without-mxm' '--without-fca' '--without-knem' '--without-psm2' '--without-xpmem' '--without-hcoll' '--without-ucx' '--without-libfabric' '--without-alps' '--without-slurm' '--without-lsf' '--without-loadleveler' '--without-tm' '--without-sge' '--disable-memchecker' '--with-gpfs' '--without-sqlite3' '--disable-wrapper-rpath' '--disable-mpi-cxx' '--disable-cxx-exceptions'

12 errors found in build log:
     3       ==> [2022-03-04-20:23:38.503344] '/var/tmp/sochat1/spack-stage/spa
             ck-stage-openmpi-1.2.7-zy6ef7g7pggc4ctul4iuzj7j3ie3bvu6/spack-src/
             configure' '--prefix=/p/vast1/build/spack/opt/spack/linux-rhel7-br
             oadwell/gcc-10.2.1/openmpi-1.2.7-zy6ef7g7pggc4ctul4iuzj7j3ie3bvu6'
              '--enable-shared' '--disable-silent-rules' '--disable-builtin-ato
             mics' '--enable-static' '--without-pmi' '--without-openib' '--with
             out-psm' '--without-cma' '--without-mxm' '--without-fca' '--withou
             t-knem' '--without-psm2' '--without-xpmem' '--without-hcoll' '--wi
             thout-ucx' '--without-libfabric' '--without-alps' '--without-slurm
             ' '--without-lsf' '--without-loadleveler' '--without-tm' '--withou
             t-sge' '--disable-memchecker' '--with-gpfs' '--without-sqlite3' '-
             -disable-wrapper-rpath' '--disable-mpi-cxx' '--disable-cxx-excepti
             ons'
     4       checking for a BSD-compatible install... /usr/bin/install -c
     5       checking whether build environment is sane... yes
     6       checking for a thread-safe mkdir -p... /usr/bin/mkdir -p
     7       checking for gawk... gawk
     8       checking whether make sets $(MAKE)... yes
  >> 9       configure: error: source directory already configured; run "make d
             istclean" there first
     10      ==> openmpi: Executing phase: 'build'
     11      ==> [2022-03-04-06:59:03.148130] 'make' '-j16' 'V=1'
     12      Making all in config
     13      make[1]: Entering directory `/tmp/sochat1/spack-stage/spack-stage-
             openmpi-1.2.7-zy6ef7g7pggc4ctul4iuzj7j3ie3bvu6/spack-src/config'
     14      make[1]: Nothing to be done for `all'.
     15      make[1]: Leaving directory `/tmp/sochat1/spack-stage/spack-stage-o
             penmpi-1.2.7-zy6ef7g7pggc4ctul4iuzj7j3ie3bvu6/spack-src/config'

     ...

     8553    
     8554       10 |   call MPI_Testall(count, array_of_requests, flag, array_o
             f_statuses, ierr)
     8555          |                                                   2
     8556    ......
     8557       22 |   call MPI_Testall(count, array_of_requests, flag, array_o
             f_statuses, ierr)
     8558          |                                                   1
  >> 8559    Error: Type mismatch between actual argument at (1) and actual arg
             ument at (2) (REAL(8)/INTEGER(4)).
     8560    mpi_comm_spawn_multiple_f90.f90:36:57:
     8561    
     8562       16 |   call MPI_Comm_spawn_multiple(count, array_of_commands, a
             rray_of_argv, &
     8563          |                                                         2
     8564    ......
     8565       36 |   call MPI_Comm_spawn_multiple(count, array_of_commands, a
             rray_of_argv, &
     8566          |                                                         1
  >> 8567    Error: Type mismatch between actual argument at (1) and actual arg
             ument at (2) (REAL(8)/CHARACTER(*)).
     8568    mpi_waitsome_f90.f90:26:76:
     8569    
     8570       12 |   call MPI_Waitsome(incount, array_of_requests, outcount, 
             array_of_indices, array_of_statuses, ierr)
     8571          |                                                           
                              2
     8572    ......
     8573       26 |   call MPI_Waitsome(incount, array_of_requests, outcount, 
             array_of_indices, array_of_statuses, ierr)
     8574          |                                                           
                              1
  >> 8575    Error: Type mismatch between actual argument at (1) and actual arg
             ument at (2) (REAL(8)/INTEGER(4)).
  >> 8576    make[5]: *** [mpi_testall_f90.lo] Error 1
     8577    make[5]: *** Waiting for unfinished jobs....
  >> 8578    make[5]: *** [mpi_comm_spawn_multiple_f90.lo] Error 1
  >> 8579    make[5]: *** [mpi_waitsome_f90.lo] Error 1
     8580    libtool: compile:  /p/vast1/build/spack/lib/spack/env/gcc/gfortran
              -I../../../ompi/include -I/var/tmp/sochat1/spack-stage/spack-stag
             e-openmpi-1.2.7-zy6ef7g7pggc4ctul4iuzj7j3ie3bvu6/spack-src/ompi/in
             clude -I. -I/var/tmp/sochat1/spack-stage/spack-stage-openmpi-1.2.7
             -zy6ef7g7pggc4ctul4iuzj7j3ie3bvu6/spack-src/ompi/mpi/f90 -I../../.
             ./ompi/mpi/f90 -c mpi_wtick_f90.f90 -o mpi_wtick_f90.o >/dev/null 
             2>&1
     8581    libtool: compile:  /p/vast1/build/spack/lib/spack/env/gcc/gfortran
              -I../../../ompi/include -I/var/tmp/sochat1/spack-stage/spack-stag
             e-openmpi-1.2.7-zy6ef7g7pggc4ctul4iuzj7j3ie3bvu6/spack-src/ompi/in
             clude -I. -I/var/tmp/sochat1/spack-stage/spack-stage-openmpi-1.2.7
             -zy6ef7g7pggc4ctul4iuzj7j3ie3bvu6/spack-src/ompi/mpi/f90 -I../../.
             ./ompi/mpi/f90 -c mpi_wtime_f90.f90 -o mpi_wtime_f90.o >/dev/null 
             2>&1
     8582    libtool: compile:  /p/vast1/build/spack/lib/spack/env/gcc/gfortran
              -I../../../ompi/include -I/var/tmp/sochat1/spack-stage/spack-stag
             e-openmpi-1.2.7-zy6ef7g7pggc4ctul4iuzj7j3ie3bvu6/spack-src/ompi/in
             clude -I. -I/var/tmp/sochat1/spack-stage/spack-stage-openmpi-1.2.7
             -zy6ef7g7pggc4ctul4iuzj7j3ie3bvu6/spack-src/ompi/mpi/f90 -I../../.
             ./ompi/mpi/f90 -c mpi_sizeof.f90 -o mpi_sizeof.o >/dev/null 2>&1
     8583    libtool: compile:  /p/vast1/build/spack/lib/spack/env/gcc/gfortran
              -I../../../ompi/include -I/var/tmp/sochat1/spack-stage/spack-stag
             e-openmpi-1.2.7-zy6ef7g7pggc4ctul4iuzj7j3ie3bvu6/spack-src/ompi/in
             clude -I. -I/var/tmp/sochat1/spack-stage/spack-stage-openmpi-1.2.7
             -zy6ef7g7pggc4ctul4iuzj7j3ie3bvu6/spack-src/ompi/mpi/f90 -I../../.
             ./ompi/mpi/f90 -c mpi.f90 -o mpi.o >/dev/null 2>&1
     8584    make[5]: Leaving directory `/tmp/sochat1/spack-stage/spack-stage-o
             penmpi-1.2.7-zy6ef7g7pggc4ctul4iuzj7j3ie3bvu6/spack-src/ompi/mpi/f
             90'
  >> 8585    make[4]: *** [all-recursive] Error 1
     8586    make[4]: Leaving directory `/tmp/sochat1/spack-stage/spack-stage-o
             penmpi-1.2.7-zy6ef7g7pggc4ctul4iuzj7j3ie3bvu6/spack-src/ompi/mpi/f
             90'
  >> 8587    make[3]: *** [all] Error 2
     8588    make[3]: Leaving directory `/tmp/sochat1/spack-stage/spack-stage-o
             penmpi-1.2.7-zy6ef7g7pggc4ctul4iuzj7j3ie3bvu6/spack-src/ompi/mpi/f
             90'
  >> 8589    make[2]: *** [all-recursive] Error 1
     8590    make[2]: Leaving directory `/tmp/sochat1/spack-stage/spack-stage-o
             penmpi-1.2.7-zy6ef7g7pggc4ctul4iuzj7j3ie3bvu6/spack-src/ompi/mpi'
  >> 8591    make[1]: *** [all-recursive] Error 1
     8592    make[1]: Leaving directory `/tmp/sochat1/spack-stage/spack-stage-o
             penmpi-1.2.7-zy6ef7g7pggc4ctul4iuzj7j3ie3bvu6/spack-src/ompi'
  >> 8593    make: *** [all-recursive] Error 1

See build log for details:
  /var/tmp/sochat1/spack-stage/spack-stage-openmpi-1.2.7-zy6ef7g7pggc4ctul4iuzj7j3ie3bvu6/spack-build-out.txt

Making predictions for spack-test
Making predictions for symbolator
Making predictions for libabigail
abicompat not found on path, will look for spack instead.
Making predictions for actual
