==> Error: ProcessError: Command exited with status 1:
    '/var/tmp/sochat1/spack-stage/spack-stage-openmpi-1.4.5-skr6ewaebkotscdxnhtosykc5rv4bo2d/spack-src/configure' '--prefix=/p/vast1/build/spack/opt/spack/linux-rhel7-broadwell/gcc-10.2.1/openmpi-1.4.5-skr6ewaebkotscdxnhtosykc5rv4bo2d' '--enable-shared' '--disable-silent-rules' '--disable-builtin-atomics' '--enable-static' '--without-pmi' '--without-psm2' '--without-xpmem' '--without-knem' '--without-ucx' '--without-libfabric' '--without-cma' '--without-mxm' '--without-psm' '--without-hcoll' '--without-openib' '--without-fca' '--without-sge' '--without-lsf' '--without-alps' '--without-tm' '--without-loadleveler' '--without-slurm' '--disable-memchecker' '--with-gpfs' '--without-sqlite3' '--disable-wrapper-rpath' '--disable-mpi-cxx' '--disable-cxx-exceptions'

9 errors found in build log:
     4        configure: WARNING: unrecognized options: --disable-silent-rules,
               --disable-builtin-atomics, --without-pmi, --without-psm2, --with
              out-xpmem, --without-knem, --without-ucx, --without-libfabric, --
              without-cma, --without-mxm, --without-hcoll, --without-fca, --wit
              h-gpfs, --without-sqlite3, --disable-wrapper-rpath
     5        checking for a BSD-compatible install... /usr/bin/install -c
     6        checking whether build environment is sane... yes
     7        checking for a thread-safe mkdir -p... /usr/bin/mkdir -p
     8        checking for gawk... gawk
     9        checking whether make sets $(MAKE)... yes
  >> 10       configure: error: source directory already configured; run "make 
              distclean" there first
     11       ==> openmpi: Executing phase: 'build'
     12       ==> [2022-02-25-16:09:17.315375] 'make' '-j2' 'V=1'
     13       Making all in config
     14       make[1]: Entering directory `/tmp/sochat1/spack-stage/spack-stage
              -openmpi-1.4.5-skr6ewaebkotscdxnhtosykc5rv4bo2d/spack-src/config'
     15       make[1]: Nothing to be done for `all'.
     16       make[1]: Leaving directory `/tmp/sochat1/spack-stage/spack-stage-
              openmpi-1.4.5-skr6ewaebkotscdxnhtosykc5rv4bo2d/spack-src/config'

     ...

     10869    
     10870       16 |   call MPI_Comm_spawn_multiple(count, array_of_commands, 
              array_of_argv, &
     10871          |                                                         2
     10872    ......
     10873       36 |   call MPI_Comm_spawn_multiple(count, array_of_commands, 
              array_of_argv, &
     10874          |                                                         1
  >> 10875    Error: Type mismatch between actual argument at (1) and actual ar
              gument at (2) (REAL(8)/CHARACTER(*)).
  >> 10876    make[4]: *** [mpi_comm_spawn_multiple_f90.lo] Error 1
     10877    make[4]: *** Waiting for unfinished jobs....
     10878    mpi_testall_f90.f90:22:51:
     10879    
     10880       10 |   call MPI_Testall(count, array_of_requests, flag, array_
              of_statuses, ierr)
     10881          |                                                   2
     10882    ......
     10883       22 |   call MPI_Testall(count, array_of_requests, flag, array_
              of_statuses, ierr)
     10884          |                                                   1
  >> 10885    Error: Type mismatch between actual argument at (1) and actual ar
              gument at (2) (REAL(8)/INTEGER(4)).
  >> 10886    make[4]: *** [mpi_testall_f90.lo] Error 1
     10887    make[4]: Leaving directory `/tmp/sochat1/spack-stage/spack-stage-
              openmpi-1.4.5-skr6ewaebkotscdxnhtosykc5rv4bo2d/spack-src/ompi/mpi
              /f90'
  >> 10888    make[3]: *** [all-recursive] Error 1
     10889    make[3]: Leaving directory `/tmp/sochat1/spack-stage/spack-stage-
              openmpi-1.4.5-skr6ewaebkotscdxnhtosykc5rv4bo2d/spack-src/ompi/mpi
              /f90'
  >> 10890    make[2]: *** [all] Error 2
     10891    make[2]: Leaving directory `/tmp/sochat1/spack-stage/spack-stage-
              openmpi-1.4.5-skr6ewaebkotscdxnhtosykc5rv4bo2d/spack-src/ompi/mpi
              /f90'
  >> 10892    make[1]: *** [all-recursive] Error 1
     10893    make[1]: Leaving directory `/tmp/sochat1/spack-stage/spack-stage-
              openmpi-1.4.5-skr6ewaebkotscdxnhtosykc5rv4bo2d/spack-src/ompi'
  >> 10894    make: *** [all-recursive] Error 1

See build log for details:
  /var/tmp/sochat1/spack-stage/spack-stage-openmpi-1.4.5-skr6ewaebkotscdxnhtosykc5rv4bo2d/spack-build-out.txt

Making predictions for symbolator
Making predictions for libabigail
Making predictions for actual
==> Error: ProcessError: Command exited with status 1:
    '/var/tmp/sochat1/spack-stage/spack-stage-openmpi-1.4.5-skr6ewaebkotscdxnhtosykc5rv4bo2d/spack-src/configure' '--prefix=/p/vast1/build/spack/opt/spack/linux-rhel7-broadwell/gcc-10.2.1/openmpi-1.4.5-skr6ewaebkotscdxnhtosykc5rv4bo2d' '--enable-shared' '--disable-silent-rules' '--disable-builtin-atomics' '--enable-static' '--without-pmi' '--without-openib' '--without-psm' '--without-mxm' '--without-psm2' '--without-hcoll' '--without-ucx' '--without-cma' '--without-knem' '--without-fca' '--without-libfabric' '--without-xpmem' '--without-alps' '--without-lsf' '--without-tm' '--without-slurm' '--without-sge' '--without-loadleveler' '--disable-memchecker' '--with-gpfs' '--without-sqlite3' '--disable-wrapper-rpath' '--disable-mpi-cxx' '--disable-cxx-exceptions'

15 errors found in build log:
     4        configure: WARNING: unrecognized options: --disable-silent-rules,
               --disable-builtin-atomics, --without-pmi, --without-mxm, --witho
              ut-psm2, --without-hcoll, --without-ucx, --without-cma, --without
              -knem, --without-fca, --without-libfabric, --without-xpmem, --wit
              h-gpfs, --without-sqlite3, --disable-wrapper-rpath
     5        checking for a BSD-compatible install... /usr/bin/install -c
     6        checking whether build environment is sane... yes
     7        checking for a thread-safe mkdir -p... /usr/bin/mkdir -p
     8        checking for gawk... gawk
     9        checking whether make sets $(MAKE)... yes
  >> 10       configure: error: source directory already configured; run "make 
              distclean" there first
     11       ==> openmpi: Executing phase: 'build'
     12       ==> [2022-03-04-02:03:42.770212] 'make' '-j16' 'V=1'
     13       Making all in config
     14       make[1]: Entering directory `/tmp/sochat1/spack-stage/spack-stage
              -openmpi-1.4.5-skr6ewaebkotscdxnhtosykc5rv4bo2d/spack-src/config'
     15       make[1]: Nothing to be done for `all'.
     16       make[1]: Leaving directory `/tmp/sochat1/spack-stage/spack-stage-
              openmpi-1.4.5-skr6ewaebkotscdxnhtosykc5rv4bo2d/spack-src/config'

     ...

     10877    
     10878       10 |   call MPI_Testall(count, array_of_requests, flag, array_
              of_statuses, ierr)
     10879          |                                                   2
     10880    ......
     10881       22 |   call MPI_Testall(count, array_of_requests, flag, array_
              of_statuses, ierr)
     10882          |                                                   1
  >> 10883    Error: Type mismatch between actual argument at (1) and actual ar
              gument at (2) (REAL(8)/INTEGER(4)).
     10884    mpi_comm_spawn_multiple_f90.f90:36:57:
     10885    
     10886       16 |   call MPI_Comm_spawn_multiple(count, array_of_commands, 
              array_of_argv, &
     10887          |                                                         2
     10888    ......
     10889       36 |   call MPI_Comm_spawn_multiple(count, array_of_commands, 
              array_of_argv, &
     10890          |                                                         1
  >> 10891    Error: Type mismatch between actual argument at (1) and actual ar
              gument at (2) (REAL(8)/CHARACTER(*)).
     10892    mpi_testsome_f90.f90:26:76:
     10893    
     10894       12 |   call MPI_Testsome(incount, array_of_requests, outcount,
               array_of_indices, array_of_statuses, ierr)
     10895          |                                                          
                                2
     10896    ......
     10897       26 |   call MPI_Testsome(incount, array_of_requests, outcount,
               array_of_indices, array_of_statuses, ierr)
     10898          |                                                          
                                1
  >> 10899    Error: Type mismatch between actual argument at (1) and actual ar
              gument at (2) (REAL(8)/INTEGER(4)).
  >> 10900    make[4]: *** [mpi_testall_f90.lo] Error 1
     10901    make[4]: *** Waiting for unfinished jobs....
     10902    mpi_waitall_f90.f90:18:45:
     10903    
     10904        8 |   call MPI_Waitall(count, array_of_requests, array_of_sta
              tuses, ierr)
     10905          |                                             2
     10906    ......
     10907       18 |   call MPI_Waitall(count, array_of_requests, array_of_sta
              tuses, ierr)
     10908          |                                             1
  >> 10909    Error: Type mismatch between actual argument at (1) and actual ar
              gument at (2) (REAL(8)/INTEGER(4)).
  >> 10910    make[4]: *** [mpi_comm_spawn_multiple_f90.lo] Error 1
  >> 10911    make[4]: *** [mpi_testsome_f90.lo] Error 1
     10912    mpi_waitsome_f90.f90:26:76:
     10913    
     10914       12 |   call MPI_Waitsome(incount, array_of_requests, outcount,
               array_of_indices, array_of_statuses, ierr)
     10915          |                                                          
                                2
     10916    ......
     10917       26 |   call MPI_Waitsome(incount, array_of_requests, outcount,
               array_of_indices, array_of_statuses, ierr)
     10918          |                                                          
                                1
  >> 10919    Error: Type mismatch between actual argument at (1) and actual ar
              gument at (2) (REAL(8)/INTEGER(4)).
  >> 10920    make[4]: *** [mpi_waitall_f90.lo] Error 1
  >> 10921    make[4]: *** [mpi_waitsome_f90.lo] Error 1
     10922    libtool: compile:  /p/vast1/build/spack/lib/spack/env/gcc/gfortra
              n -I../../../ompi/include -I/var/tmp/sochat1/spack-stage/spack-st
              age-openmpi-1.4.5-skr6ewaebkotscdxnhtosykc5rv4bo2d/spack-src/ompi
              /include -I. -I/var/tmp/sochat1/spack-stage/spack-stage-openmpi-1
              .4.5-skr6ewaebkotscdxnhtosykc5rv4bo2d/spack-src/ompi/mpi/f90 -I..
              /../../ompi/mpi/f90 -c mpi_wtick_f90.f90 -o mpi_wtick_f90.o >/dev
              /null 2>&1
     10923    libtool: compile:  /p/vast1/build/spack/lib/spack/env/gcc/gfortra
              n -I../../../ompi/include -I/var/tmp/sochat1/spack-stage/spack-st
              age-openmpi-1.4.5-skr6ewaebkotscdxnhtosykc5rv4bo2d/spack-src/ompi
              /include -I. -I/var/tmp/sochat1/spack-stage/spack-stage-openmpi-1
              .4.5-skr6ewaebkotscdxnhtosykc5rv4bo2d/spack-src/ompi/mpi/f90 -I..
              /../../ompi/mpi/f90 -c mpi_wtime_f90.f90 -o mpi_wtime_f90.o >/dev
              /null 2>&1
     10924    libtool: compile:  /p/vast1/build/spack/lib/spack/env/gcc/gfortra
              n -I../../../ompi/include -I/var/tmp/sochat1/spack-stage/spack-st
              age-openmpi-1.4.5-skr6ewaebkotscdxnhtosykc5rv4bo2d/spack-src/ompi
              /include -I. -I/var/tmp/sochat1/spack-stage/spack-stage-openmpi-1
              .4.5-skr6ewaebkotscdxnhtosykc5rv4bo2d/spack-src/ompi/mpi/f90 -I..
              /../../ompi/mpi/f90 -c mpi_sizeof.f90 -o mpi_sizeof.o >/dev/null 
              2>&1
     10925    libtool: compile:  /p/vast1/build/spack/lib/spack/env/gcc/gfortra
              n -I../../../ompi/include -I/var/tmp/sochat1/spack-stage/spack-st
              age-openmpi-1.4.5-skr6ewaebkotscdxnhtosykc5rv4bo2d/spack-src/ompi
              /include -I. -I/var/tmp/sochat1/spack-stage/spack-stage-openmpi-1
              .4.5-skr6ewaebkotscdxnhtosykc5rv4bo2d/spack-src/ompi/mpi/f90 -I..
              /../../ompi/mpi/f90 -c mpi.f90 -o mpi.o >/dev/null 2>&1
     10926    make[4]: Leaving directory `/tmp/sochat1/spack-stage/spack-stage-
              openmpi-1.4.5-skr6ewaebkotscdxnhtosykc5rv4bo2d/spack-src/ompi/mpi
              /f90'
  >> 10927    make[3]: *** [all-recursive] Error 1
     10928    make[3]: Leaving directory `/tmp/sochat1/spack-stage/spack-stage-
              openmpi-1.4.5-skr6ewaebkotscdxnhtosykc5rv4bo2d/spack-src/ompi/mpi
              /f90'
  >> 10929    make[2]: *** [all] Error 2
     10930    make[2]: Leaving directory `/tmp/sochat1/spack-stage/spack-stage-
              openmpi-1.4.5-skr6ewaebkotscdxnhtosykc5rv4bo2d/spack-src/ompi/mpi
              /f90'
  >> 10931    make[1]: *** [all-recursive] Error 1
     10932    make[1]: Leaving directory `/tmp/sochat1/spack-stage/spack-stage-
              openmpi-1.4.5-skr6ewaebkotscdxnhtosykc5rv4bo2d/spack-src/ompi'
  >> 10933    make: *** [all-recursive] Error 1

See build log for details:
  /var/tmp/sochat1/spack-stage/spack-stage-openmpi-1.4.5-skr6ewaebkotscdxnhtosykc5rv4bo2d/spack-build-out.txt

Making predictions for spack-test
Making predictions for symbolator
Making predictions for libabigail
abicompat not found on path, will look for spack instead.
Making predictions for actual
