==> Error: ProcessError: Command exited with status 1:
    '/var/tmp/sochat1/spack-stage/spack-stage-openmpi-3.1.4-6ti3h5pyepzrzfgylibpnifcxkjn3hda/spack-src/configure' '--prefix=/p/vast1/build/spack/opt/spack/linux-rhel7-broadwell/gcc-10.2.1/openmpi-3.1.4-6ti3h5pyepzrzfgylibpnifcxkjn3hda' '--enable-shared' '--disable-silent-rules' '--disable-builtin-atomics' '--enable-static' '--without-pmi' '--with-zlib=/p/vast1/build/spack/opt/spack/linux-rhel7-broadwell/gcc-10.2.1/zlib-1.2.11-su2ldy5ofm424qnly3kitbbdgwovpfk4' '--without-hcoll' '--without-fca' '--without-ucx' '--without-verbs' '--without-mxm' '--without-xpmem' '--without-psm' '--without-knem' '--without-psm2' '--without-cma' '--without-ofi' '--without-cray-xpmem' '--without-lsf' '--without-alps' '--without-tm' '--without-sge' '--without-loadleveler' '--without-slurm' '--disable-memchecker' '--with-hwloc=/p/vast1/build/spack/opt/spack/linux-rhel7-broadwell/gcc-10.2.1/hwloc-1.11.13-u34fwahc4tbd77w4csoothe3vdimspeo' '--disable-java' '--disable-mpi-java' '--with-gpfs' '--without-cuda' '--enable-wrapper-rpath' '--disable-wrapper-runpath' '--disable-mpi-cxx' '--disable-cxx-exceptions' '--with-wrapper-ldflags=-Wl,-rpath,/usr/tce/packages/gcc/gcc-10.2.1/rh/usr/lib/gcc/x86_64-redhat-linux/10'

2 errors found in build log:
     54       checking whether build environment is sane... yes
     55       checking for a thread-safe mkdir -p... /usr/bin/mkdir -p
     56       checking for gawk... gawk
     57       checking whether make sets $(MAKE)... yes
     58       checking for style of include used by make... GNU
     59       checking whether make supports nested variables... yes
  >> 60       configure: error: source directory already configured; run "make 
              distclean" there first
     61       ==> openmpi: Executing phase: 'build'
     62       ==> [2022-02-25-16:41:04.765434] 'make' '-j2' 'V=1'
     63       Making all in config
     64       make[1]: Entering directory `/tmp/sochat1/spack-stage/spack-stage
              -openmpi-3.1.4-6ti3h5pyepzrzfgylibpnifcxkjn3hda/spack-src/config'
     65       make[1]: Nothing to be done for `all'.
     66       make[1]: Leaving directory `/tmp/sochat1/spack-stage/spack-stage-
              openmpi-3.1.4-6ti3h5pyepzrzfgylibpnifcxkjn3hda/spack-src/config'

     ...

     21604    libtool: compile:  /p/vast1/build/spack/lib/spack/env/gcc/gfortra
              n -DHAVE_CONFIG_H -I. -I/var/tmp/sochat1/spack-stage/spack-stage-
              openmpi-3.1.4-6ti3h5pyepzrzfgylibpnifcxkjn3hda/spack-src/ompi/mpi
              /fortran/use-mpi-f08 -I../../../../opal/include -I../../../../omp
              i/include -I../../../../oshmem/include -I../../../../opal/mca/hwl
              oc/hwloc1117/hwloc/include/private/autogen -I../../../../opal/mca
              /hwloc/hwloc1117/hwloc/include/hwloc/autogen -I../../../../ompi/m
              piext/cuda/c -I/var/tmp/sochat1/spack-stage/spack-stage-openmpi-3
              .1.4-6ti3h5pyepzrzfgylibpnifcxkjn3hda/spack-src -I../../../.. -I/
              var/tmp/sochat1/spack-stage/spack-stage-openmpi-3.1.4-6ti3h5pyepz
              rzfgylibpnifcxkjn3hda/spack-src/opal/include -I/var/tmp/sochat1/s
              pack-stage/spack-stage-openmpi-3.1.4-6ti3h5pyepzrzfgylibpnifcxkjn
              3hda/spack-src/orte/include -I../../../../orte/include -I/var/tmp
              /sochat1/spack-stage/spack-stage-openmpi-3.1.4-6ti3h5pyepzrzfgyli
              bpnifcxkjn3hda/spack-src/ompi/include -I/var/tmp/sochat1/spack-st
              age/spack-stage-openmpi-3.1.4-6ti3h5pyepzrzfgylibpnifcxkjn3hda/sp
              ack-src/oshmem/include -I/tmp/sochat1/spack-stage/spack-stage-ope
              nmpi-3.1.4-6ti3h5pyepzrzfgylibpnifcxkjn3hda/spack-src/opal/mca/ev
              ent/libevent2022/libevent/include -I/var/tmp/sochat1/spack-stage/
              spack-stage-openmpi-3.1.4-6ti3h5pyepzrzfgylibpnifcxkjn3hda/spack-
              src/opal/mca/event/libevent2022/libevent -I/var/tmp/sochat1/spack
              -stage/spack-stage-openmpi-3.1.4-6ti3h5pyepzrzfgylibpnifcxkjn3hda
              /spack-src/opal/mca/event/libevent2022/libevent/include -I/p/vast
              1/build/spack/opt/spack/linux-rhel7-broadwell/gcc-10.2.1/zlib-1.2
              .11-su2ldy5ofm424qnly3kitbbdgwovpfk4/include -I/p/vast1/build/spa
              ck/opt/spack/linux-rhel7-broadwell/gcc-10.2.1/hwloc-1.11.13-u34fw
              ahc4tbd77w4csoothe3vdimspeo/include -I/tmp/sochat1/spack-stage/sp
              ack-stage-openmpi-3.1.4-6ti3h5pyepzrzfgylibpnifcxkjn3hda/spack-sr
              c/opal/mca/hwloc/external/hwloc/include -I../../../../ompi/includ
              e -I/var/tmp/sochat1/spack-stage/spack-stage-openmpi-3.1.4-6ti3h5
              pyepzrzfgylibpnifcxkjn3hda/spack-src/ompi/include -I../../../../o
              mpi/mpi/fortran/use-mpi-ignore-tkr -Imod -I/var/tmp/sochat1/spack
              -stage/spack-stage-openmpi-3.1.4-6ti3h5pyepzrzfgylibpnifcxkjn3hda
              /spack-src -c profile/pineighbor_allgather_f08.F90  -fPIC -o prof
              ile/.libs/pineighbor_allgather_f08.o
     21605    /bin/sh ../../../../libtool  --tag=FC   --mode=compile /p/vast1/b
              uild/spack/lib/spack/env/gcc/gfortran -DHAVE_CONFIG_H -I. -I/var/
              tmp/sochat1/spack-stage/spack-stage-openmpi-3.1.4-6ti3h5pyepzrzfg
              ylibpnifcxkjn3hda/spack-src/ompi/mpi/fortran/use-mpi-f08 -I../../
              ../../opal/include -I../../../../ompi/include -I../../../../oshme
              m/include -I../../../../opal/mca/hwloc/hwloc1117/hwloc/include/pr
              ivate/autogen -I../../../../opal/mca/hwloc/hwloc1117/hwloc/includ
              e/hwloc/autogen -I../../../../ompi/mpiext/cuda/c   -I/var/tmp/soc
              hat1/spack-stage/spack-stage-openmpi-3.1.4-6ti3h5pyepzrzfgylibpni
              fcxkjn3hda/spack-src -I../../../.. -I/var/tmp/sochat1/spack-stage
              /spack-stage-openmpi-3.1.4-6ti3h5pyepzrzfgylibpnifcxkjn3hda/spack
              -src/opal/include -I/var/tmp/sochat1/spack-stage/spack-stage-open
              mpi-3.1.4-6ti3h5pyepzrzfgylibpnifcxkjn3hda/spack-src/orte/include
               -I../../../../orte/include -I/var/tmp/sochat1/spack-stage/spack-
              stage-openmpi-3.1.4-6ti3h5pyepzrzfgylibpnifcxkjn3hda/spack-src/om
              pi/include -I/var/tmp/sochat1/spack-stage/spack-stage-openmpi-3.1
              .4-6ti3h5pyepzrzfgylibpnifcxkjn3hda/spack-src/oshmem/include -I/t
              mp/sochat1/spack-stage/spack-stage-openmpi-3.1.4-6ti3h5pyepzrzfgy
              libpnifcxkjn3hda/spack-src/opal/mca/event/libevent2022/libevent/i
              nclude -I/var/tmp/sochat1/spack-stage/spack-stage-openmpi-3.1.4-6
              ti3h5pyepzrzfgylibpnifcxkjn3hda/spack-src/opal/mca/event/libevent
              2022/libevent -I/var/tmp/sochat1/spack-stage/spack-stage-openmpi-
              3.1.4-6ti3h5pyepzrzfgylibpnifcxkjn3hda/spack-src/opal/mca/event/l
              ibevent2022/libevent/include   -I/p/vast1/build/spack/opt/spack/l
              inux-rhel7-broadwell/gcc-10.2.1/zlib-1.2.11-su2ldy5ofm424qnly3kit
              bbdgwovpfk4/include   -I/p/vast1/build/spack/opt/spack/linux-rhel
              7-broadwell/gcc-10.2.1/hwloc-1.11.13-u34fwahc4tbd77w4csoothe3vdim
              speo/include -I/tmp/sochat1/spack-stage/spack-stage-openmpi-3.1.4
              -6ti3h5pyepzrzfgylibpnifcxkjn3hda/spack-src/opal/mca/hwloc/extern
              al/hwloc/include -I../../../../ompi/include -I/var/tmp/sochat1/sp
              ack-stage/spack-stage-openmpi-3.1.4-6ti3h5pyepzrzfgylibpnifcxkjn3
              hda/spack-src/ompi/include -I../../../../ompi/mpi/fortran/use-mpi
              -ignore-tkr -Imod -I/var/tmp/sochat1/spack-stage/spack-stage-open
              mpi-3.1.4-6ti3h5pyepzrzfgylibpnifcxkjn3hda/spack-src   -c -o prof
              ile/pineighbor_allgatherv_f08.lo profile/pineighbor_allgatherv_f0
              8.F90
     21606    f951: Warning: Nonexistent include directory '/tmp/sochat1/spack-
              stage/spack-stage-openmpi-3.1.4-6ti3h5pyepzrzfgylibpnifcxkjn3hda/
              spack-src/opal/mca/hwloc/external/hwloc/include' [-Wmissing-inclu
              de-dirs]
     21607    libtool: compile:  /p/vast1/build/spack/lib/spack/env/gcc/gfortra
              n -DHAVE_CONFIG_H -I. -I/var/tmp/sochat1/spack-stage/spack-stage-
              openmpi-3.1.4-6ti3h5pyepzrzfgylibpnifcxkjn3hda/spack-src/ompi/mpi
              /fortran/use-mpi-f08 -I../../../../opal/include -I../../../../omp
              i/include -I../../../../oshmem/include -I../../../../opal/mca/hwl
              oc/hwloc1117/hwloc/include/private/autogen -I../../../../opal/mca
              /hwloc/hwloc1117/hwloc/include/hwloc/autogen -I../../../../ompi/m
              piext/cuda/c -I/var/tmp/sochat1/spack-stage/spack-stage-openmpi-3
              .1.4-6ti3h5pyepzrzfgylibpnifcxkjn3hda/spack-src -I../../../.. -I/
              var/tmp/sochat1/spack-stage/spack-stage-openmpi-3.1.4-6ti3h5pyepz
              rzfgylibpnifcxkjn3hda/spack-src/opal/include -I/var/tmp/sochat1/s
              pack-stage/spack-stage-openmpi-3.1.4-6ti3h5pyepzrzfgylibpnifcxkjn
              3hda/spack-src/orte/include -I../../../../orte/include -I/var/tmp
              /sochat1/spack-stage/spack-stage-openmpi-3.1.4-6ti3h5pyepzrzfgyli
              bpnifcxkjn3hda/spack-src/ompi/include -I/var/tmp/sochat1/spack-st
              age/spack-stage-openmpi-3.1.4-6ti3h5pyepzrzfgylibpnifcxkjn3hda/sp
              ack-src/oshmem/include -I/tmp/sochat1/spack-stage/spack-stage-ope
              nmpi-3.1.4-6ti3h5pyepzrzfgylibpnifcxkjn3hda/spack-src/opal/mca/ev
              ent/libevent2022/libevent/include -I/var/tmp/sochat1/spack-stage/
              spack-stage-openmpi-3.1.4-6ti3h5pyepzrzfgylibpnifcxkjn3hda/spack-
              src/opal/mca/event/libevent2022/libevent -I/var/tmp/sochat1/spack
              -stage/spack-stage-openmpi-3.1.4-6ti3h5pyepzrzfgylibpnifcxkjn3hda
              /spack-src/opal/mca/event/libevent2022/libevent/include -I/p/vast
              1/build/spack/opt/spack/linux-rhel7-broadwell/gcc-10.2.1/zlib-1.2
              .11-su2ldy5ofm424qnly3kitbbdgwovpfk4/include -I/p/vast1/build/spa
              ck/opt/spack/linux-rhel7-broadwell/gcc-10.2.1/hwloc-1.11.13-u34fw
              ahc4tbd77w4csoothe3vdimspeo/include -I/tmp/sochat1/spack-stage/sp
              ack-stage-openmpi-3.1.4-6ti3h5pyepzrzfgylibpnifcxkjn3hda/spack-sr
              c/opal/mca/hwloc/external/hwloc/include -I../../../../ompi/includ
              e -I/var/tmp/sochat1/spack-stage/spack-stage-openmpi-3.1.4-6ti3h5
              pyepzrzfgylibpnifcxkjn3hda/spack-src/ompi/include -I../../../../o
              mpi/mpi/fortran/use-mpi-ignore-tkr -Imod -I/var/tmp/sochat1/spack
              -stage/spack-stage-openmpi-3.1.4-6ti3h5pyepzrzfgylibpnifcxkjn3hda
              /spack-src -c profile/pineighbor_allgather_f08.F90 -o profile/pin
              eighbor_allgather_f08.o >/dev/null 2>&1
     21608    libtool: compile:  /p/vast1/build/spack/lib/spack/env/gcc/gfortra
              n -DHAVE_CONFIG_H -I. -I/var/tmp/sochat1/spack-stage/spack-stage-
              openmpi-3.1.4-6ti3h5pyepzrzfgylibpnifcxkjn3hda/spack-src/ompi/mpi
              /fortran/use-mpi-f08 -I../../../../opal/include -I../../../../omp
              i/include -I../../../../oshmem/include -I../../../../opal/mca/hwl
              oc/hwloc1117/hwloc/include/private/autogen -I../../../../opal/mca
              /hwloc/hwloc1117/hwloc/include/hwloc/autogen -I../../../../ompi/m
              piext/cuda/c -I/var/tmp/sochat1/spack-stage/spack-stage-openmpi-3
              .1.4-6ti3h5pyepzrzfgylibpnifcxkjn3hda/spack-src -I../../../.. -I/
              var/tmp/sochat1/spack-stage/spack-stage-openmpi-3.1.4-6ti3h5pyepz
              rzfgylibpnifcxkjn3hda/spack-src/opal/include -I/var/tmp/sochat1/s
              pack-stage/spack-stage-openmpi-3.1.4-6ti3h5pyepzrzfgylibpnifcxkjn
              3hda/spack-src/orte/include -I../../../../orte/include -I/var/tmp
              /sochat1/spack-stage/spack-stage-openmpi-3.1.4-6ti3h5pyepzrzfgyli
              bpnifcxkjn3hda/spack-src/ompi/include -I/var/tmp/sochat1/spack-st
              age/spack-stage-openmpi-3.1.4-6ti3h5pyepzrzfgylibpnifcxkjn3hda/sp
              ack-src/oshmem/include -I/tmp/sochat1/spack-stage/spack-stage-ope
              nmpi-3.1.4-6ti3h5pyepzrzfgylibpnifcxkjn3hda/spack-src/opal/mca/ev
              ent/libevent2022/libevent/include -I/var/tmp/sochat1/spack-stage/
              spack-stage-openmpi-3.1.4-6ti3h5pyepzrzfgylibpnifcxkjn3hda/spack-
              src/opal/mca/event/libevent2022/libevent -I/var/tmp/sochat1/spack
              -stage/spack-stage-openmpi-3.1.4-6ti3h5pyepzrzfgylibpnifcxkjn3hda
              /spack-src/opal/mca/event/libevent2022/libevent/include -I/p/vast
              1/build/spack/opt/spack/linux-rhel7-broadwell/gcc-10.2.1/zlib-1.2
              .11-su2ldy5ofm424qnly3kitbbdgwovpfk4/include -I/p/vast1/build/spa
              ck/opt/spack/linux-rhel7-broadwell/gcc-10.2.1/hwloc-1.11.13-u34fw
              ahc4tbd77w4csoothe3vdimspeo/include -I/tmp/sochat1/spack-stage/sp
              ack-stage-openmpi-3.1.4-6ti3h5pyepzrzfgylibpnifcxkjn3hda/spack-sr
              c/opal/mca/hwloc/external/hwloc/include -I../../../../ompi/includ
              e -I/var/tmp/sochat1/spack-stage/spack-stage-openmpi-3.1.4-6ti3h5
              pyepzrzfgylibpnifcxkjn3hda/spack-src/ompi/include -I../../../../o
              mpi/mpi/fortran/use-mpi-ignore-tkr -Imod -I/var/tmp/sochat1/spack
              -stage/spack-stage-openmpi-3.1.4-6ti3h5pyepzrzfgylibpnifcxkjn3hda
              /spack-src -c profile/pineighbor_allgatherv_f08.F90  -fPIC -o pro
              file/.libs/pineighbor_allgatherv_f08.o
     21609    /bin/sh: line 12: 57455 Killed                  ( CDPATH="${ZSH_V
              ERSION+.}:" && cd $subdir && make $local_target )
  >> 21610    make[1]: *** [all-recursive] Error 1
     21611    make[1]: Leaving directory `/tmp/sochat1/spack-stage/spack-stage-
              openmpi-3.1.4-6ti3h5pyepzrzfgylibpnifcxkjn3hda/spack-src/ompi'

See build log for details:
  /var/tmp/sochat1/spack-stage/spack-stage-openmpi-3.1.4-6ti3h5pyepzrzfgylibpnifcxkjn3hda/spack-build-out.txt

Making predictions for symbolator
Making predictions for libabigail
Making predictions for actual
==> Warning: openssh-7.9p1-cehat7jbrnl2rjln3ggidredhodl7syp failed to install
==> Warning: AssertionError exception when releasing read lock for openssh-7.9p1-cehat7jbrnl2rjln3ggidredhodl7syp: 
==> Error: openssh-7.9p1-cehat7jbrnl2rjln3ggidredhodl7syp: Package was not installed
==> Warning: using "openssl@1.0.2u" which is a deprecated version
==> Error: Failed to upgrade to a write lock for openssl-1.0.2u-jg3ilhwnnge5yk5gd46f7izmlwt6izi2 due to LockUpgradeError: Cannot upgrade lock from read to write on file: /p/vast1/build/spack/opt/spack/.spack-db/prefix_lock
==> Warning: AssertionError exception when releasing read lock for openssl-1.0.2u-jg3ilhwnnge5yk5gd46f7izmlwt6izi2: 
==> Warning: using "openssl@1.0.2u" which is a deprecated version
==> Error: Failed to upgrade to a write lock for openssl-1.0.2u-jg3ilhwnnge5yk5gd46f7izmlwt6izi2 due to LockUpgradeError: Cannot upgrade lock from read to write on file: /p/vast1/build/spack/opt/spack/.spack-db/prefix_lock
==> Warning: AssertionError exception when releasing read lock for openssl-1.0.2u-jg3ilhwnnge5yk5gd46f7izmlwt6izi2: 
==> Warning: using "openssl@1.0.2u" which is a deprecated version
==> Warning: openssl@1.0.2u is deprecated and may be removed in a future Spack release.
==> Error: FetchError: Will not fetch openssl@1.0.2u
    If you are willing to be a maintainer for this version of the package, submit a PR to remove `deprecated=False`, or use `--deprecated` to skip this check.

/p/vast1/build/spack/lib/spack/spack/package.py:1395, in do_fetch:
       1392                        dp_msg))
       1393
       1394            if not ignore_deprecation:
  >>   1395                raise FetchError("Will not fetch {0}".format(
       1396                    self.spec.format('{name}{@version}')), dp_msg)
       1397
       1398        self.stage.create()


==> Warning: Skipping build of openssh-7.4p1-sbgjhkkcv2u3q6uxaupvii6ca6fq6rje since openssl-1.0.2u-jg3ilhwnnge5yk5gd46f7izmlwt6izi2 failed
==> Error: openssh-7.4p1-sbgjhkkcv2u3q6uxaupvii6ca6fq6rje: Package was not installed
==> Warning: using "openssl@1.0.2u" which is a deprecated version
==> Warning: using "openssl@1.0.2u" which is a deprecated version
==> Warning: Unable to remove failure marking for openssl (/p/vast1/build/spack/opt/spack/.spack-db/failures/openssl-voejcgaqa4liu3i7qazmvqwghpfd2d3x): [Errno 2] No such file or directory: '/p/vast1/build/spack/opt/spack/.spack-db/failures/openssl-voejcgaqa4liu3i7qazmvqwghpfd2d3x'
==> Error: Failed to upgrade to a write lock for openssl-1.0.2u-jg3ilhwnnge5yk5gd46f7izmlwt6izi2 due to LockUpgradeError: Cannot upgrade lock from read to write on file: /p/vast1/build/spack/opt/spack/.spack-db/prefix_lock
==> Warning: AssertionError exception when releasing read lock for openssl-1.0.2u-jg3ilhwnnge5yk5gd46f7izmlwt6izi2: 
==> Warning: using "openssl@1.0.2u" which is a deprecated version
==> Warning: openssl@1.0.2u is deprecated and may be removed in a future Spack release.
==> Error: FetchError: Will not fetch openssl@1.0.2u
    If you are willing to be a maintainer for this version of the package, submit a PR to remove `deprecated=False`, or use `--deprecated` to skip this check.

/p/vast1/build/spack/lib/spack/spack/package.py:1395, in do_fetch:
       1392                        dp_msg))
       1393
       1394            if not ignore_deprecation:
  >>   1395                raise FetchError("Will not fetch {0}".format(
       1396                    self.spec.format('{name}{@version}')), dp_msg)
       1397
       1398        self.stage.create()


==> Warning: Skipping build of openssh-7.1p2-3tbpvr5h7kakt3zusk5rbnp47ewy3kjx since openssl-1.0.2u-jg3ilhwnnge5yk5gd46f7izmlwt6izi2 failed
==> Error: openssh-7.1p2-3tbpvr5h7kakt3zusk5rbnp47ewy3kjx: Package was not installed
==> Warning: using "openssl@1.0.2u" which is a deprecated version
==> Warning: using "openssl@1.0.2u" which is a deprecated version
==> Error: Failed to upgrade to a write lock for openssl-1.0.2u-jg3ilhwnnge5yk5gd46f7izmlwt6izi2 due to LockUpgradeError: Cannot upgrade lock from read to write on file: /p/vast1/build/spack/opt/spack/.spack-db/prefix_lock
==> Warning: AssertionError exception when releasing read lock for openssl-1.0.2u-jg3ilhwnnge5yk5gd46f7izmlwt6izi2: 
==> Warning: using "openssl@1.0.2u" which is a deprecated version
==> Warning: openssl@1.0.2u is deprecated and may be removed in a future Spack release.
==> Error: FetchError: Will not fetch openssl@1.0.2u
    If you are willing to be a maintainer for this version of the package, submit a PR to remove `deprecated=False`, or use `--deprecated` to skip this check.

/p/vast1/build/spack/lib/spack/spack/package.py:1395, in do_fetch:
       1392                        dp_msg))
       1393
       1394            if not ignore_deprecation:
  >>   1395                raise FetchError("Will not fetch {0}".format(
       1396                    self.spec.format('{name}{@version}')), dp_msg)
       1397
       1398        self.stage.create()


==> Warning: Skipping build of openssh-6.8p1-se5qvnkblcigfxk2hbhhv42elsvn75c5 since openssl-1.0.2u-jg3ilhwnnge5yk5gd46f7izmlwt6izi2 failed
==> Error: openssh-6.8p1-se5qvnkblcigfxk2hbhhv42elsvn75c5: Package was not installed
==> Warning: using "openssl@1.0.2u" which is a deprecated version
==> Warning: using "openssl@1.0.2u" which is a deprecated version
==> Warning: Unable to remove failure marking for openssl (/p/vast1/build/spack/opt/spack/.spack-db/failures/openssl-voejcgaqa4liu3i7qazmvqwghpfd2d3x): [Errno 2] No such file or directory: '/p/vast1/build/spack/opt/spack/.spack-db/failures/openssl-voejcgaqa4liu3i7qazmvqwghpfd2d3x'
==> Error: Failed to upgrade to a write lock for openssl-1.0.2u-jg3ilhwnnge5yk5gd46f7izmlwt6izi2 due to LockUpgradeError: Cannot upgrade lock from read to write on file: /p/vast1/build/spack/opt/spack/.spack-db/prefix_lock
==> Warning: AssertionError exception when releasing read lock for openssl-1.0.2u-jg3ilhwnnge5yk5gd46f7izmlwt6izi2: 
Making predictions for spack-test
Making predictions for symbolator
Making predictions for libabigail
abicompat not found on path, will look for spack instead.
Making predictions for actual
