==> Error: ProcessError: Command exited with status 1:
    '/var/tmp/sochat1/spack-stage/spack-stage-openmpi-1.1.3-2bpcubmoyhok3bhebofpk4dkkwj7w2ae/spack-src/configure' '--prefix=/p/vast1/build/spack/opt/spack/linux-rhel7-broadwell/gcc-10.2.1/openmpi-1.1.3-2bpcubmoyhok3bhebofpk4dkkwj7w2ae' '--enable-shared' '--disable-silent-rules' '--disable-builtin-atomics' '--enable-static' '--without-pmi' '--without-cma' '--without-mxm' '--without-fca' '--without-psm2' '--without-libfabric' '--without-openib' '--without-psm' '--without-hcoll' '--without-xpmem' '--without-knem' '--without-ucx' '--without-alps' '--without-tm' '--without-sge' '--without-loadleveler' '--without-slurm' '--without-lsf' '--disable-memchecker' '--with-gpfs' '--without-sqlite3' '--disable-wrapper-rpath' '--disable-mpi-cxx' '--disable-cxx-exceptions'

7 errors found in build log:
     2       ==> openmpi: Executing phase: 'configure'
     3       ==> [2022-02-25-17:52:14.912362] '/var/tmp/sochat1/spack-stage/spa
             ck-stage-openmpi-1.1.3-2bpcubmoyhok3bhebofpk4dkkwj7w2ae/spack-src/
             configure' '--prefix=/p/vast1/build/spack/opt/spack/linux-rhel7-br
             oadwell/gcc-10.2.1/openmpi-1.1.3-2bpcubmoyhok3bhebofpk4dkkwj7w2ae'
              '--enable-shared' '--disable-silent-rules' '--disable-builtin-ato
             mics' '--enable-static' '--without-pmi' '--without-cma' '--without
             -mxm' '--without-fca' '--without-psm2' '--without-libfabric' '--wi
             thout-openib' '--without-psm' '--without-hcoll' '--without-xpmem' 
             '--without-knem' '--without-ucx' '--without-alps' '--without-tm' '
             --without-sge' '--without-loadleveler' '--without-slurm' '--withou
             t-lsf' '--disable-memchecker' '--with-gpfs' '--without-sqlite3' '-
             -disable-wrapper-rpath' '--disable-mpi-cxx' '--disable-cxx-excepti
             ons'
     4       checking for a BSD-compatible install... /usr/bin/install -c
     5       checking whether build environment is sane... yes
     6       checking for gawk... gawk
     7       checking whether make sets $(MAKE)... yes
  >> 8       configure: error: source directory already configured; run "make d
             istclean" there first
     9       ==> openmpi: Executing phase: 'build'
     10      ==> [2022-02-25-17:06:01.269179] 'make' '-j2' 'V=1'
     11      Making all in config
     12      make[1]: Entering directory `/tmp/sochat1/spack-stage/spack-stage-
             openmpi-1.1.3-2bpcubmoyhok3bhebofpk4dkkwj7w2ae/spack-src/config'
     13      make[1]: Nothing to be done for `all'.
     14      make[1]: Leaving directory `/tmp/sochat1/spack-stage/spack-stage-o
             penmpi-1.1.3-2bpcubmoyhok3bhebofpk4dkkwj7w2ae/spack-src/config'

     ...

     8328    
     8329       16 |   call MPI_Comm_spawn_multiple(count, array_of_commands, a
             rray_of_argv, &
     8330          |                                                         2
     8331    ......
     8332       36 |   call MPI_Comm_spawn_multiple(count, array_of_commands, a
             rray_of_argv, &
     8333          |                                                         1
  >> 8334    Error: Type mismatch between actual argument at (1) and actual arg
             ument at (2) (REAL(8)/CHARACTER(*)).
  >> 8335    make[4]: *** [mpi_comm_spawn_multiple_f90.o] Error 1
     8336    make[4]: *** Waiting for unfinished jobs....
     8337    make[4]: Leaving directory `/tmp/sochat1/spack-stage/spack-stage-o
             penmpi-1.1.3-2bpcubmoyhok3bhebofpk4dkkwj7w2ae/spack-src/ompi/mpi/f
             90'
  >> 8338    make[3]: *** [all-recursive] Error 1
     8339    make[3]: Leaving directory `/tmp/sochat1/spack-stage/spack-stage-o
             penmpi-1.1.3-2bpcubmoyhok3bhebofpk4dkkwj7w2ae/spack-src/ompi/mpi/f
             90'
  >> 8340    make[2]: *** [all-recursive] Error 1
     8341    make[2]: Leaving directory `/tmp/sochat1/spack-stage/spack-stage-o
             penmpi-1.1.3-2bpcubmoyhok3bhebofpk4dkkwj7w2ae/spack-src/ompi/mpi'
  >> 8342    make[1]: *** [all-recursive] Error 1
     8343    make[1]: Leaving directory `/tmp/sochat1/spack-stage/spack-stage-o
             penmpi-1.1.3-2bpcubmoyhok3bhebofpk4dkkwj7w2ae/spack-src/ompi'
  >> 8344    make: *** [all-recursive] Error 1

See build log for details:
  /var/tmp/sochat1/spack-stage/spack-stage-openmpi-1.1.3-2bpcubmoyhok3bhebofpk4dkkwj7w2ae/spack-build-out.txt

Making predictions for symbolator
Making predictions for libabigail
Making predictions for actual
slurmstepd: error: *** JOB 100793 ON oslic11 CANCELLED AT 2022-03-01T15:28:10 ***
==> Error: ProcessError: Command exited with status 2:
    'make' '-j16' 'V=1'

12 errors found in build log:
     10290    
     10291       10 |   call MPI_Testall(count, array_of_requests, flag, array_
              of_statuses, ierr)
     10292          |                                                   2
     10293    ......
     10294       22 |   call MPI_Testall(count, array_of_requests, flag, array_
              of_statuses, ierr)
     10295          |                                                   1
  >> 10296    Error: Type mismatch between actual argument at (1) and actual ar
              gument at (2) (REAL(8)/INTEGER(4)).
     10297    mpi_waitall_f90.f90:18:45:
     10298    
     10299        8 |   call MPI_Waitall(count, array_of_requests, array_of_sta
              tuses, ierr)
     10300          |                                             2
     10301    ......
     10302       18 |   call MPI_Waitall(count, array_of_requests, array_of_sta
              tuses, ierr)
     10303          |                                             1
  >> 10304    Error: Type mismatch between actual argument at (1) and actual ar
              gument at (2) (REAL(8)/INTEGER(4)).
     10305    mpi_testsome_f90.f90:26:76:
     10306    
     10307       12 |   call MPI_Testsome(incount, array_of_requests, outcount,
               array_of_indices, array_of_statuses, ierr)
     10308          |                                                          
                                2
     10309    ......
     10310       26 |   call MPI_Testsome(incount, array_of_requests, outcount,
               array_of_indices, array_of_statuses, ierr)
     10311          |                                                          
                                1
  >> 10312    Error: Type mismatch between actual argument at (1) and actual ar
              gument at (2) (REAL(8)/INTEGER(4)).
     10313    mpi_waitsome_f90.f90:26:76:
     10314    
     10315       12 |   call MPI_Waitsome(incount, array_of_requests, outcount,
               array_of_indices, array_of_statuses, ierr)
     10316          |                                                          
                                2
     10317    ......
     10318       26 |   call MPI_Waitsome(incount, array_of_requests, outcount,
               array_of_indices, array_of_statuses, ierr)
     10319          |                                                          
                                1
  >> 10320    Error: Type mismatch between actual argument at (1) and actual ar
              gument at (2) (REAL(8)/INTEGER(4)).
  >> 10321    make[4]: *** [mpi_testall_f90.o] Error 1
     10322    make[4]: *** Waiting for unfinished jobs....
  >> 10323    make[4]: *** [mpi_waitall_f90.o] Error 1
  >> 10324    make[4]: *** [mpi_testsome_f90.o] Error 1
  >> 10325    make[4]: *** [mpi_waitsome_f90.o] Error 1
     10326    make[4]: Leaving directory `/tmp/sochat1/spack-stage/spack-stage-
              openmpi-1.1.3-2bpcubmoyhok3bhebofpk4dkkwj7w2ae/spack-src/ompi/mpi
              /f90'
  >> 10327    make[3]: *** [all-recursive] Error 1
     10328    make[3]: Leaving directory `/tmp/sochat1/spack-stage/spack-stage-
              openmpi-1.1.3-2bpcubmoyhok3bhebofpk4dkkwj7w2ae/spack-src/ompi/mpi
              /f90'
  >> 10329    make[2]: *** [all-recursive] Error 1
     10330    make[2]: Leaving directory `/tmp/sochat1/spack-stage/spack-stage-
              openmpi-1.1.3-2bpcubmoyhok3bhebofpk4dkkwj7w2ae/spack-src/ompi/mpi
              '
  >> 10331    make[1]: *** [all-recursive] Error 1
     10332    make[1]: Leaving directory `/tmp/sochat1/spack-stage/spack-stage-
              openmpi-1.1.3-2bpcubmoyhok3bhebofpk4dkkwj7w2ae/spack-src/ompi'
  >> 10333    make: *** [all-recursive] Error 1

See build log for details:
  /var/tmp/sochat1/spack-stage/spack-stage-openmpi-1.1.3-2bpcubmoyhok3bhebofpk4dkkwj7w2ae/spack-build-out.txt

Making predictions for spack-test
Making predictions for symbolator
Making predictions for libabigail
abicompat not found on path, will look for spack instead.
Making predictions for actual
