==> Error: ProcessError: Command exited with status 1:
    '/var/tmp/sochat1/spack-stage/spack-stage-openmpi-1.3-36gwqwjma4g5wjo7tk4c7rpipeg6twj3/spack-src/configure' '--prefix=/p/vast1/build/spack/opt/spack/linux-rhel7-broadwell/gcc-10.2.1/openmpi-1.3-36gwqwjma4g5wjo7tk4c7rpipeg6twj3' '--enable-shared' '--disable-silent-rules' '--disable-builtin-atomics' '--enable-static' '--without-pmi' '--without-cma' '--without-xpmem' '--without-hcoll' '--without-knem' '--without-psm' '--without-openib' '--without-ucx' '--without-psm2' '--without-mxm' '--without-fca' '--without-libfabric' '--without-alps' '--without-loadleveler' '--without-lsf' '--without-tm' '--without-slurm' '--without-sge' '--disable-memchecker' '--with-gpfs' '--without-sqlite3' '--disable-wrapper-rpath' '--disable-mpi-cxx' '--disable-cxx-exceptions'

9 errors found in build log:
     4        configure: WARNING: unrecognized options: --disable-silent-rules,
               --disable-builtin-atomics, --without-pmi, --without-cma, --witho
              ut-xpmem, --without-hcoll, --without-knem, --without-ucx, --witho
              ut-psm2, --without-mxm, --without-fca, --without-libfabric, --wit
              h-gpfs, --without-sqlite3, --disable-wrapper-rpath
     5        checking for a BSD-compatible install... /usr/bin/install -c
     6        checking whether build environment is sane... yes
     7        checking for a thread-safe mkdir -p... /usr/bin/mkdir -p
     8        checking for gawk... gawk
     9        checking whether make sets $(MAKE)... yes
  >> 10       configure: error: source directory already configured; run "make 
              distclean" there first
     11       ==> openmpi: Executing phase: 'build'
     12       ==> [2022-02-25-17:08:36.934621] 'make' '-j2' 'V=1'
     13       Making all in config
     14       make[1]: Entering directory `/tmp/sochat1/spack-stage/spack-stage
              -openmpi-1.3-36gwqwjma4g5wjo7tk4c7rpipeg6twj3/spack-src/config'
     15       make[1]: Nothing to be done for `all'.
     16       make[1]: Leaving directory `/tmp/sochat1/spack-stage/spack-stage-
              openmpi-1.3-36gwqwjma4g5wjo7tk4c7rpipeg6twj3/spack-src/config'

     ...

     10730    
     10731       16 |   call MPI_Comm_spawn_multiple(count, array_of_commands, 
              array_of_argv, &
     10732          |                                                         2
     10733    ......
     10734       36 |   call MPI_Comm_spawn_multiple(count, array_of_commands, 
              array_of_argv, &
     10735          |                                                         1
  >> 10736    Error: Type mismatch between actual argument at (1) and actual ar
              gument at (2) (REAL(8)/CHARACTER(*)).
  >> 10737    make[4]: *** [mpi_comm_spawn_multiple_f90.lo] Error 1
     10738    make[4]: *** Waiting for unfinished jobs....
     10739    libtool: compile:  /p/vast1/build/spack/lib/spack/env/gcc/gfortra
              n -I../../../ompi/include -I/var/tmp/sochat1/spack-stage/spack-st
              age-openmpi-1.3-36gwqwjma4g5wjo7tk4c7rpipeg6twj3/spack-src/ompi/i
              nclude -I. -I/var/tmp/sochat1/spack-stage/spack-stage-openmpi-1.3
              -36gwqwjma4g5wjo7tk4c7rpipeg6twj3/spack-src/ompi/mpi/f90 -I../../
              ../ompi/mpi/f90 -c mpi_testall_f90.f90  -fPIC -o .libs/mpi_testal
              l_f90.o
     10740    mpi_testall_f90.f90:22:51:
     10741    
     10742       10 |   call MPI_Testall(count, array_of_requests, flag, array_
              of_statuses, ierr)
     10743          |                                                   2
     10744    ......
     10745       22 |   call MPI_Testall(count, array_of_requests, flag, array_
              of_statuses, ierr)
     10746          |                                                   1
  >> 10747    Error: Type mismatch between actual argument at (1) and actual ar
              gument at (2) (REAL(8)/INTEGER(4)).
  >> 10748    make[4]: *** [mpi_testall_f90.lo] Error 1
     10749    make[4]: Leaving directory `/tmp/sochat1/spack-stage/spack-stage-
              openmpi-1.3-36gwqwjma4g5wjo7tk4c7rpipeg6twj3/spack-src/ompi/mpi/f
              90'
  >> 10750    make[3]: *** [all-recursive] Error 1
     10751    make[3]: Leaving directory `/tmp/sochat1/spack-stage/spack-stage-
              openmpi-1.3-36gwqwjma4g5wjo7tk4c7rpipeg6twj3/spack-src/ompi/mpi/f
              90'
  >> 10752    make[2]: *** [all] Error 2
     10753    make[2]: Leaving directory `/tmp/sochat1/spack-stage/spack-stage-
              openmpi-1.3-36gwqwjma4g5wjo7tk4c7rpipeg6twj3/spack-src/ompi/mpi/f
              90'
  >> 10754    make[1]: *** [all-recursive] Error 1
     10755    make[1]: Leaving directory `/tmp/sochat1/spack-stage/spack-stage-
              openmpi-1.3-36gwqwjma4g5wjo7tk4c7rpipeg6twj3/spack-src/ompi'
  >> 10756    make: *** [all-recursive] Error 1

See build log for details:
  /var/tmp/sochat1/spack-stage/spack-stage-openmpi-1.3-36gwqwjma4g5wjo7tk4c7rpipeg6twj3/spack-build-out.txt

Making predictions for symbolator
Making predictions for libabigail
Making predictions for actual
==> Error: ProcessError: Command exited with status 2:
    'make' '-j16' 'V=1'

17 errors found in build log:
     1769     checking whether the /p/vast1/build/spack/lib/spack/env/gcc/g++ l
              inker (/usr/tce/packages/gcc/gcc-10.2.1/rh/usr/libexec/gcc/x86_64
              -redhat-linux/10/ld -m elf_x86_64) supports shared libraries... y
              es
     1770     checking dynamic linker characteristics... GNU/Linux ld.so
     1771     checking how to hardcode library paths into programs... immediate
     1772     checking vtf3.h usability... no
     1773     checking vtf3.h presence... no
     1774     checking for vtf3.h... no
  >> 1775     configure: error: no vtf3.h found; check path for VTF3 package fi
              rst...
     1776     checking zlib.h usability... yes
     1777     checking zlib.h presence... yes
     1778     checking for zlib.h... yes
     1779     checking for ANSI C header files... (cached) yes
     1780     checking stddef.h usability... yes
     1781     checking stddef.h presence... yes

     ...

     1830     checking demangle.h usability... yes
     1831     checking demangle.h presence... yes
     1832     checking for demangle.h... yes
     1833     checking BPatch.h usability... no
     1834     checking BPatch.h presence... no
     1835     checking for BPatch.h... no
  >> 1836     configure: error: no BPatch.h found; check path for Dyninst packa
              ge first...
     1837     checking for mpicc... /p/vast1/build/spack/lib/spack/env/gcc/gcc
     1838     checking for the value of MPI_STATUS_SIZE... skipped (--with-mpi-
              status-size=5)
     1839     checking whether MPI supports file access... no
     1840     checking for OpenMP flag of C compiler... -fopenmp
     1841     checking omp.h usability... yes
     1842     checking omp.h presence... yes

     ...

     1864     checking for pwrite64... yes
     1865     checking papi.h usability... yes
     1866     checking papi.h presence... yes
     1867     checking for papi.h... yes
     1868     checking whether linking with -lpapi works... yes
     1869     checking whether PAPI version = 3.x... no
  >> 1870     configure: error: PAPI version could not be determined and/or is 
              incompatible (!= 3.x)
     1871     See `config.log' for more details.
     1872     configure: creating ./config.status
     1873     config.status: creating Makefile
     1874     config.status: creating util/Makefile
     1875     config.status: creating extlib/Makefile
     1876     config.status: creating vtlib/Makefile

     ...

     13130    
     13131       12 |   call MPI_Waitsome(incount, array_of_requests, outcount,
               array_of_indices, array_of_statuses, ierr)
     13132          |                                                          
                                2
     13133    ......
     13134       26 |   call MPI_Waitsome(incount, array_of_requests, outcount,
               array_of_indices, array_of_statuses, ierr)
     13135          |                                                          
                                1
  >> 13136    Error: Type mismatch between actual argument at (1) and actual ar
              gument at (2) (REAL(8)/INTEGER(4)).
     13137    mpi_waitall_f90.f90:18:45:
     13138    
     13139        8 |   call MPI_Waitall(count, array_of_requests, array_of_sta
              tuses, ierr)
     13140          |                                             2
     13141    ......
     13142       18 |   call MPI_Waitall(count, array_of_requests, array_of_sta
              tuses, ierr)
     13143          |                                             1
  >> 13144    Error: Type mismatch between actual argument at (1) and actual ar
              gument at (2) (REAL(8)/INTEGER(4)).
     13145    mpi_testsome_f90.f90:26:76:
     13146    
     13147       12 |   call MPI_Testsome(incount, array_of_requests, outcount,
               array_of_indices, array_of_statuses, ierr)
     13148          |                                                          
                                2
     13149    ......
     13150       26 |   call MPI_Testsome(incount, array_of_requests, outcount,
               array_of_indices, array_of_statuses, ierr)
     13151          |                                                          
                                1
  >> 13152    Error: Type mismatch between actual argument at (1) and actual ar
              gument at (2) (REAL(8)/INTEGER(4)).
  >> 13153    make[4]: *** [mpi_waitsome_f90.lo] Error 1
     13154    make[4]: *** Waiting for unfinished jobs....
  >> 13155    make[4]: *** [mpi_waitall_f90.lo] Error 1
  >> 13156    make[4]: *** [mpi_testsome_f90.lo] Error 1
     13157    mpi_testall_f90.f90:22:51:
     13158    
     13159       10 |   call MPI_Testall(count, array_of_requests, flag, array_
              of_statuses, ierr)
     13160          |                                                   2
     13161    ......
     13162       22 |   call MPI_Testall(count, array_of_requests, flag, array_
              of_statuses, ierr)
     13163          |                                                   1
  >> 13164    Error: Type mismatch between actual argument at (1) and actual ar
              gument at (2) (REAL(8)/INTEGER(4)).
     13165    mpi_comm_spawn_multiple_f90.f90:36:57:
     13166    
     13167       16 |   call MPI_Comm_spawn_multiple(count, array_of_commands, 
              array_of_argv, &
     13168          |                                                         2
     13169    ......
     13170       36 |   call MPI_Comm_spawn_multiple(count, array_of_commands, 
              array_of_argv, &
     13171          |                                                         1
  >> 13172    Error: Type mismatch between actual argument at (1) and actual ar
              gument at (2) (REAL(8)/CHARACTER(*)).
  >> 13173    make[4]: *** [mpi_testall_f90.lo] Error 1
  >> 13174    make[4]: *** [mpi_comm_spawn_multiple_f90.lo] Error 1
     13175    libtool: compile:  /p/vast1/build/spack/lib/spack/env/gcc/gfortra
              n -I../../../ompi/include -I/var/tmp/sochat1/spack-stage/spack-st
              age-openmpi-1.3-36gwqwjma4g5wjo7tk4c7rpipeg6twj3/spack-src/ompi/i
              nclude -I. -I/var/tmp/sochat1/spack-stage/spack-stage-openmpi-1.3
              -36gwqwjma4g5wjo7tk4c7rpipeg6twj3/spack-src/ompi/mpi/f90 -I../../
              ../ompi/mpi/f90 -c mpi_wtick_f90.f90 -o mpi_wtick_f90.o >/dev/nul
              l 2>&1
     13176    libtool: compile:  /p/vast1/build/spack/lib/spack/env/gcc/gfortra
              n -I../../../ompi/include -I/var/tmp/sochat1/spack-stage/spack-st
              age-openmpi-1.3-36gwqwjma4g5wjo7tk4c7rpipeg6twj3/spack-src/ompi/i
              nclude -I. -I/var/tmp/sochat1/spack-stage/spack-stage-openmpi-1.3
              -36gwqwjma4g5wjo7tk4c7rpipeg6twj3/spack-src/ompi/mpi/f90 -I../../
              ../ompi/mpi/f90 -c mpi_wtime_f90.f90 -o mpi_wtime_f90.o >/dev/nul
              l 2>&1
     13177    libtool: compile:  /p/vast1/build/spack/lib/spack/env/gcc/gfortra
              n -I../../../ompi/include -I/var/tmp/sochat1/spack-stage/spack-st
              age-openmpi-1.3-36gwqwjma4g5wjo7tk4c7rpipeg6twj3/spack-src/ompi/i
              nclude -I. -I/var/tmp/sochat1/spack-stage/spack-stage-openmpi-1.3
              -36gwqwjma4g5wjo7tk4c7rpipeg6twj3/spack-src/ompi/mpi/f90 -I../../
              ../ompi/mpi/f90 -c mpi_sizeof.f90 -o mpi_sizeof.o >/dev/null 2>&1
     13178    libtool: compile:  /p/vast1/build/spack/lib/spack/env/gcc/gfortra
              n -I../../../ompi/include -I/var/tmp/sochat1/spack-stage/spack-st
              age-openmpi-1.3-36gwqwjma4g5wjo7tk4c7rpipeg6twj3/spack-src/ompi/i
              nclude -I. -I/var/tmp/sochat1/spack-stage/spack-stage-openmpi-1.3
              -36gwqwjma4g5wjo7tk4c7rpipeg6twj3/spack-src/ompi/mpi/f90 -I../../
              ../ompi/mpi/f90 -c mpi.f90 -o mpi.o >/dev/null 2>&1
     13179    make[4]: Leaving directory `/tmp/sochat1/spack-stage/spack-stage-
              openmpi-1.3-36gwqwjma4g5wjo7tk4c7rpipeg6twj3/spack-src/ompi/mpi/f
              90'
  >> 13180    make[3]: *** [all-recursive] Error 1
     13181    make[3]: Leaving directory `/tmp/sochat1/spack-stage/spack-stage-
              openmpi-1.3-36gwqwjma4g5wjo7tk4c7rpipeg6twj3/spack-src/ompi/mpi/f
              90'
  >> 13182    make[2]: *** [all] Error 2
     13183    make[2]: Leaving directory `/tmp/sochat1/spack-stage/spack-stage-
              openmpi-1.3-36gwqwjma4g5wjo7tk4c7rpipeg6twj3/spack-src/ompi/mpi/f
              90'
  >> 13184    make[1]: *** [all-recursive] Error 1
     13185    make[1]: Leaving directory `/tmp/sochat1/spack-stage/spack-stage-
              openmpi-1.3-36gwqwjma4g5wjo7tk4c7rpipeg6twj3/spack-src/ompi'
  >> 13186    make: *** [all-recursive] Error 1

See build log for details:
  /var/tmp/sochat1/spack-stage/spack-stage-openmpi-1.3-36gwqwjma4g5wjo7tk4c7rpipeg6twj3/spack-build-out.txt

Making predictions for spack-test
Making predictions for symbolator
Making predictions for libabigail
abicompat not found on path, will look for spack instead.
Making predictions for actual
