/var/spool/slurmd/job97784/slurm_script: line 12: 56595 Killed                  spliced splice --package openmpi@1.1.5 --splice perl --runner spack --replace perl --experiment experiment --outfile /p/vast1/build/spliced-experiment/results/openmpi/1.1.5/perl/experiment.json
==> Error: ProcessError: Command exited with status 2:
    'make' '-j16' 'V=1'

14 errors found in build log:
     10296    
     10297       16 |   call MPI_Comm_spawn_multiple(count, array_of_commands, 
              array_of_argv, &
     10298          |                                                         2
     10299    ......
     10300       36 |   call MPI_Comm_spawn_multiple(count, array_of_commands, 
              array_of_argv, &
     10301          |                                                         1
  >> 10302    Error: Type mismatch between actual argument at (1) and actual ar
              gument at (2) (REAL(8)/CHARACTER(*)).
     10303    mpi_testall_f90.f90:22:51:
     10304    
     10305       10 |   call MPI_Testall(count, array_of_requests, flag, array_
              of_statuses, ierr)
     10306          |                                                   2
     10307    ......
     10308       22 |   call MPI_Testall(count, array_of_requests, flag, array_
              of_statuses, ierr)
     10309          |                                                   1
  >> 10310    Error: Type mismatch between actual argument at (1) and actual ar
              gument at (2) (REAL(8)/INTEGER(4)).
     10311    mpi_testsome_f90.f90:26:76:
     10312    
     10313       12 |   call MPI_Testsome(incount, array_of_requests, outcount,
               array_of_indices, array_of_statuses, ierr)
     10314          |                                                          
                                2
     10315    ......
     10316       26 |   call MPI_Testsome(incount, array_of_requests, outcount,
               array_of_indices, array_of_statuses, ierr)
     10317          |                                                          
                                1
  >> 10318    Error: Type mismatch between actual argument at (1) and actual ar
              gument at (2) (REAL(8)/INTEGER(4)).
  >> 10319    make[4]: *** [mpi_comm_spawn_multiple_f90.o] Error 1
     10320    make[4]: *** Waiting for unfinished jobs....
  >> 10321    make[4]: *** [mpi_testall_f90.o] Error 1
     10322    mpi_waitall_f90.f90:18:45:
     10323    
     10324        8 |   call MPI_Waitall(count, array_of_requests, array_of_sta
              tuses, ierr)
     10325          |                                             2
     10326    ......
     10327       18 |   call MPI_Waitall(count, array_of_requests, array_of_sta
              tuses, ierr)
     10328          |                                             1
  >> 10329    Error: Type mismatch between actual argument at (1) and actual ar
              gument at (2) (REAL(8)/INTEGER(4)).
  >> 10330    make[4]: *** [mpi_testsome_f90.o] Error 1
     10331    mpi_waitsome_f90.f90:26:76:
     10332    
     10333       12 |   call MPI_Waitsome(incount, array_of_requests, outcount,
               array_of_indices, array_of_statuses, ierr)
     10334          |                                                          
                                2
     10335    ......
     10336       26 |   call MPI_Waitsome(incount, array_of_requests, outcount,
               array_of_indices, array_of_statuses, ierr)
     10337          |                                                          
                                1
  >> 10338    Error: Type mismatch between actual argument at (1) and actual ar
              gument at (2) (REAL(8)/INTEGER(4)).
  >> 10339    make[4]: *** [mpi_waitall_f90.o] Error 1
  >> 10340    make[4]: *** [mpi_waitsome_f90.o] Error 1
     10341    make[4]: Leaving directory `/tmp/sochat1/spack-stage/spack-stage-
              openmpi-1.1.5-bucvf7khf33x7urtvsbxxzb4oxshpn35/spack-src/ompi/mpi
              /f90'
  >> 10342    make[3]: *** [all-recursive] Error 1
     10343    make[3]: Leaving directory `/tmp/sochat1/spack-stage/spack-stage-
              openmpi-1.1.5-bucvf7khf33x7urtvsbxxzb4oxshpn35/spack-src/ompi/mpi
              /f90'
  >> 10344    make[2]: *** [all-recursive] Error 1
     10345    make[2]: Leaving directory `/tmp/sochat1/spack-stage/spack-stage-
              openmpi-1.1.5-bucvf7khf33x7urtvsbxxzb4oxshpn35/spack-src/ompi/mpi
              '
  >> 10346    make[1]: *** [all-recursive] Error 1
     10347    make[1]: Leaving directory `/tmp/sochat1/spack-stage/spack-stage-
              openmpi-1.1.5-bucvf7khf33x7urtvsbxxzb4oxshpn35/spack-src/ompi'
  >> 10348    make: *** [all-recursive] Error 1

See build log for details:
  /var/tmp/sochat1/spack-stage/spack-stage-openmpi-1.1.5-bucvf7khf33x7urtvsbxxzb4oxshpn35/spack-build-out.txt

Making predictions for spack-test
Making predictions for symbolator
Making predictions for libabigail
abicompat not found on path, will look for spack instead.
Making predictions for actual
