==> Error: Failed to upgrade to a write lock for openmpi-1.5.4-ecozbketfx5zbg6py3l5luvf3rgp2ir3 due to LockUpgradeError: Cannot upgrade lock from read to write on file: /p/vast1/build/spack/opt/spack/.spack-db/prefix_lock
==> Warning: AssertionError exception when releasing read lock for openmpi-1.5.4-ecozbketfx5zbg6py3l5luvf3rgp2ir3: 
Making predictions for symbolator
Making predictions for libabigail
Making predictions for actual
==> Error: ProcessError: Command exited with status 2:
    'make' '-j16' 'V=1'

20 errors found in build log:
     2176     checking dynamic linker characteristics... GNU/Linux ld.so
     2177     checking how to hardcode library paths into programs... immediate
     2178     checking for OpenMP flag of C++ compiler... -fopenmp
     2179     checking vtf3.h usability... no
     2180     checking vtf3.h presence... no
     2181     checking for vtf3.h... no
  >> 2182     configure: error: no vtf3.h found; check path for VTF3 package fi
              rst...
     2183     checking zlib.h usability... yes
     2184     checking zlib.h presence... yes
     2185     checking for zlib.h... yes
     2186     checking whether linking with -lm works... yes
     2187     checking whether we need to link -lm to get math functions... no
     2188     checking for ANSI C header files... (cached) yes

     ...

     2240     checking whether linking with -ldl works... yes
     2241     checking whether RTLD_DEFAULT is declared... yes
     2242     checking whether RTLD_NEXT is declared... yes
     2243     checking BPatch.h usability... no
     2244     checking BPatch.h presence... no
     2245     checking for BPatch.h... no
  >> 2246     configure: error: no BPatch.h found; check path for Dyninst packa
              ge first...
     2247     configure: we are configuring inside Open MPI; presetting cache t
              o skip MPI related tests
     2248     checking for mpicc... (cached) /p/vast1/build/spack/lib/spack/env
              /gcc/gcc
     2249     checking for mpicxx... (cached) /p/vast1/build/spack/lib/spack/en
              v/gcc/g++
     2250     checking for PMPI_Win_test... (cached) yes
     2251     checking for PMPI_Win_lock... (cached) yes
     2252     checking for PMPI_Win_unlock... (cached) yes

     ...

     2255     checking math.h presence... yes
     2256     checking for math.h... yes
     2257     checking whether we need to link -lm to get math functions... no
     2258     checking f2c.h usability... no
     2259     checking f2c.h presence... no
     2260     checking for f2c.h... no
  >> 2261     configure: error: no f2c.h found; check path for CLAPACK package 
              first...
  >> 2262     configure: error: MPI Correctness Checking support cannot be buil
              t inside Open MPI
     2263     checking for the pthreads library -lpthreads... no
     2264     checking whether pthreads work without any flags... yes
     2265     checking for joinable pthread attribute... PTHREAD_CREATE_JOINABL
              E
     2266     checking if more special flags are required for pthreads... no
     2267     checking for cc_r... /p/vast1/build/spack/lib/spack/env/gcc/gcc
     2268     checking pthread.h usability... yes

     ...

     2277     checking omp.h presence... yes
     2278     checking for omp.h... yes
     2279     checking whether we can build shared libraries... yes
     2280     checking jvmti.h usability... no
     2281     checking jvmti.h presence... no
     2282     checking for jvmti.h... no
  >> 2283     configure: error: no jvmti.h found; check path for JVMTI package 
              first...
     2284     configure: selected timer: TIMER_CYCLE_COUNTER
     2285     configure: global timer: no
     2286     checking papi.h usability... yes
     2287     checking papi.h presence... yes
     2288     checking for papi.h... yes
     2289     checking whether linking with -lpapi works... yes

     ...

     2308     checking whether linking with -ldl works... yes
     2309     checking whether RTLD_DEFAULT is declared... (cached) yes
     2310     checking whether RTLD_NEXT is declared... (cached) yes
     2311     checking ctool/ctool.h usability... no
     2312     checking ctool/ctool.h presence... no
     2313     checking for ctool/ctool.h... no
  >> 2314     configure: error: no ctool/ctool.h found; check path for CTool pa
              ckage first...
     2315     checking for LIBC's pathname... /lib64/libc.so.6
     2316     checking for fork... yes
     2317     checking for execl... yes
     2318     checking for execle... yes
     2319     checking for execlp... yes
     2320     checking for execv... yes

     ...

     14549    
     14550       10 |   call MPI_Testall(count, array_of_requests, flag, array_
              of_statuses, ierr)
     14551          |                                                   2
     14552    ......
     14553       22 |   call MPI_Testall(count, array_of_requests, flag, array_
              of_statuses, ierr)
     14554          |                                                   1
  >> 14555    Error: Type mismatch between actual argument at (1) and actual ar
              gument at (2) (REAL(8)/INTEGER(4)).
     14556    mpi_comm_spawn_multiple_f90.f90:36:57:
     14557    
     14558       16 |   call MPI_Comm_spawn_multiple(count, array_of_commands, 
              array_of_argv, &
     14559          |                                                         2
     14560    ......
     14561       36 |   call MPI_Comm_spawn_multiple(count, array_of_commands, 
              array_of_argv, &
     14562          |                                                         1
  >> 14563    Error: Type mismatch between actual argument at (1) and actual ar
              gument at (2) (REAL(8)/CHARACTER(*)).
     14564    mpi_waitall_f90.f90:18:45:
     14565    
     14566        8 |   call MPI_Waitall(count, array_of_requests, array_of_sta
              tuses, ierr)
     14567          |                                             2
     14568    ......
     14569       18 |   call MPI_Waitall(count, array_of_requests, array_of_sta
              tuses, ierr)
     14570          |                                             1
  >> 14571    Error: Type mismatch between actual argument at (1) and actual ar
              gument at (2) (REAL(8)/INTEGER(4)).
  >> 14572    make[4]: *** [mpi_testall_f90.lo] Error 1
     14573    make[4]: *** Waiting for unfinished jobs....
  >> 14574    make[4]: *** [mpi_comm_spawn_multiple_f90.lo] Error 1
     14575    mpi_testsome_f90.f90:26:76:
     14576    
     14577       12 |   call MPI_Testsome(incount, array_of_requests, outcount,
               array_of_indices, array_of_statuses, ierr)
     14578          |                                                          
                                2
     14579    ......
     14580       26 |   call MPI_Testsome(incount, array_of_requests, outcount,
               array_of_indices, array_of_statuses, ierr)
     14581          |                                                          
                                1
  >> 14582    Error: Type mismatch between actual argument at (1) and actual ar
              gument at (2) (REAL(8)/INTEGER(4)).
     14583    mpi_waitsome_f90.f90:26:76:
     14584    
     14585       12 |   call MPI_Waitsome(incount, array_of_requests, outcount,
               array_of_indices, array_of_statuses, ierr)
     14586          |                                                          
                                2
     14587    ......
     14588       26 |   call MPI_Waitsome(incount, array_of_requests, outcount,
               array_of_indices, array_of_statuses, ierr)
     14589          |                                                          
                                1
  >> 14590    Error: Type mismatch between actual argument at (1) and actual ar
              gument at (2) (REAL(8)/INTEGER(4)).
  >> 14591    make[4]: *** [mpi_waitall_f90.lo] Error 1
  >> 14592    make[4]: *** [mpi_testsome_f90.lo] Error 1
  >> 14593    make[4]: *** [mpi_waitsome_f90.lo] Error 1
     14594    libtool: compile:  /p/vast1/build/spack/lib/spack/env/gcc/gfortra
              n -I../../../ompi/include -I/var/tmp/sochat1/spack-stage/spack-st
              age-openmpi-1.5.4-ecozbketfx5zbg6py3l5luvf3rgp2ir3/spack-src/ompi
              /include -I. -I/var/tmp/sochat1/spack-stage/spack-stage-openmpi-1
              .5.4-ecozbketfx5zbg6py3l5luvf3rgp2ir3/spack-src/ompi/mpi/f90 -I..
              /../../ompi/mpi/f90 -c mpi_wtick_f90.f90 -o mpi_wtick_f90.o >/dev
              /null 2>&1
     14595    libtool: compile:  /p/vast1/build/spack/lib/spack/env/gcc/gfortra
              n -I../../../ompi/include -I/var/tmp/sochat1/spack-stage/spack-st
              age-openmpi-1.5.4-ecozbketfx5zbg6py3l5luvf3rgp2ir3/spack-src/ompi
              /include -I. -I/var/tmp/sochat1/spack-stage/spack-stage-openmpi-1
              .5.4-ecozbketfx5zbg6py3l5luvf3rgp2ir3/spack-src/ompi/mpi/f90 -I..
              /../../ompi/mpi/f90 -c mpi_wtime_f90.f90 -o mpi_wtime_f90.o >/dev
              /null 2>&1
     14596    libtool: compile:  /p/vast1/build/spack/lib/spack/env/gcc/gfortra
              n -I../../../ompi/include -I/var/tmp/sochat1/spack-stage/spack-st
              age-openmpi-1.5.4-ecozbketfx5zbg6py3l5luvf3rgp2ir3/spack-src/ompi
              /include -I. -I/var/tmp/sochat1/spack-stage/spack-stage-openmpi-1
              .5.4-ecozbketfx5zbg6py3l5luvf3rgp2ir3/spack-src/ompi/mpi/f90 -I..
              /../../ompi/mpi/f90 -c mpi_sizeof.f90 -o mpi_sizeof.o >/dev/null 
              2>&1
     14597    libtool: compile:  /p/vast1/build/spack/lib/spack/env/gcc/gfortra
              n -I../../../ompi/include -I/var/tmp/sochat1/spack-stage/spack-st
              age-openmpi-1.5.4-ecozbketfx5zbg6py3l5luvf3rgp2ir3/spack-src/ompi
              /include -I. -I/var/tmp/sochat1/spack-stage/spack-stage-openmpi-1
              .5.4-ecozbketfx5zbg6py3l5luvf3rgp2ir3/spack-src/ompi/mpi/f90 -I..
              /../../ompi/mpi/f90 -c mpi.f90 -o mpi.o >/dev/null 2>&1
     14598    make[4]: Leaving directory `/tmp/sochat1/spack-stage/spack-stage-
              openmpi-1.5.4-ecozbketfx5zbg6py3l5luvf3rgp2ir3/spack-src/ompi/mpi
              /f90'
  >> 14599    make[3]: *** [all-recursive] Error 1
     14600    make[3]: Leaving directory `/tmp/sochat1/spack-stage/spack-stage-
              openmpi-1.5.4-ecozbketfx5zbg6py3l5luvf3rgp2ir3/spack-src/ompi/mpi
              /f90'
  >> 14601    make[2]: *** [all] Error 2
     14602    make[2]: Leaving directory `/tmp/sochat1/spack-stage/spack-stage-
              openmpi-1.5.4-ecozbketfx5zbg6py3l5luvf3rgp2ir3/spack-src/ompi/mpi
              /f90'
  >> 14603    make[1]: *** [all-recursive] Error 1
     14604    make[1]: Leaving directory `/tmp/sochat1/spack-stage/spack-stage-
              openmpi-1.5.4-ecozbketfx5zbg6py3l5luvf3rgp2ir3/spack-src/ompi'
  >> 14605    make: *** [all-recursive] Error 1

See build log for details:
  /var/tmp/sochat1/spack-stage/spack-stage-openmpi-1.5.4-ecozbketfx5zbg6py3l5luvf3rgp2ir3/spack-build-out.txt

Making predictions for spack-test
Making predictions for symbolator
Making predictions for libabigail
abicompat not found on path, will look for spack instead.
Making predictions for actual
