==> Error: ProcessError: Command exited with status 2:
    'make' '-j2' 'V=1'

6 errors found in build log:
     10121    
     10122       16 |   call MPI_Comm_spawn_multiple(count, array_of_commands, 
              array_of_argv, &
     10123          |                                                         2
     10124    ......
     10125       36 |   call MPI_Comm_spawn_multiple(count, array_of_commands, 
              array_of_argv, &
     10126          |                                                         1
  >> 10127    Error: Type mismatch between actual argument at (1) and actual ar
              gument at (2) (REAL(8)/CHARACTER(*)).
  >> 10128    make[4]: *** [mpi_comm_spawn_multiple_f90.o] Error 1
     10129    make[4]: *** Waiting for unfinished jobs....
     10130    make[4]: Leaving directory `/tmp/sochat1/spack-stage/spack-stage-
              openmpi-1.1.3-2bpcubmoyhok3bhebofpk4dkkwj7w2ae/spack-src/ompi/mpi
              /f90'
  >> 10131    make[3]: *** [all-recursive] Error 1
     10132    make[3]: Leaving directory `/tmp/sochat1/spack-stage/spack-stage-
              openmpi-1.1.3-2bpcubmoyhok3bhebofpk4dkkwj7w2ae/spack-src/ompi/mpi
              /f90'
  >> 10133    make[2]: *** [all-recursive] Error 1
     10134    make[2]: Leaving directory `/tmp/sochat1/spack-stage/spack-stage-
              openmpi-1.1.3-2bpcubmoyhok3bhebofpk4dkkwj7w2ae/spack-src/ompi/mpi
              '
  >> 10135    make[1]: *** [all-recursive] Error 1
     10136    make[1]: Leaving directory `/tmp/sochat1/spack-stage/spack-stage-
              openmpi-1.1.3-2bpcubmoyhok3bhebofpk4dkkwj7w2ae/spack-src/ompi'
  >> 10137    make: *** [all-recursive] Error 1

See build log for details:
  /var/tmp/sochat1/spack-stage/spack-stage-openmpi-1.1.3-2bpcubmoyhok3bhebofpk4dkkwj7w2ae/spack-build-out.txt

Making predictions for symbolator
Making predictions for libabigail
Making predictions for actual
/var/spool/slurmd/job100711/slurm_script: line 12: 71340 Killed                  spliced splice --package openmpi@1.1.3 --splice hwloc --runner spack --replace hwloc --experiment experiment --outfile /p/vast1/build/spliced-experiment/results/openmpi/1.1.3/hwloc/experiment.json
==> Error: ProcessError: Command exited with status 2:
    'make' '-j16' 'V=1'

14 errors found in build log:
     10313    
     10314       10 |   call MPI_Testall(count, array_of_requests, flag, array_
              of_statuses, ierr)
     10315          |                                                   2
     10316    ......
     10317       22 |   call MPI_Testall(count, array_of_requests, flag, array_
              of_statuses, ierr)
     10318          |                                                   1
  >> 10319    Error: Type mismatch between actual argument at (1) and actual ar
              gument at (2) (REAL(8)/INTEGER(4)).
     10320    mpi_comm_spawn_multiple_f90.f90:36:57:
     10321    
     10322       16 |   call MPI_Comm_spawn_multiple(count, array_of_commands, 
              array_of_argv, &
     10323          |                                                         2
     10324    ......
     10325       36 |   call MPI_Comm_spawn_multiple(count, array_of_commands, 
              array_of_argv, &
     10326          |                                                         1
  >> 10327    Error: Type mismatch between actual argument at (1) and actual ar
              gument at (2) (REAL(8)/CHARACTER(*)).
     10328    mpi_testsome_f90.f90:26:76:
     10329    
     10330       12 |   call MPI_Testsome(incount, array_of_requests, outcount,
               array_of_indices, array_of_statuses, ierr)
     10331          |                                                          
                                2
     10332    ......
     10333       26 |   call MPI_Testsome(incount, array_of_requests, outcount,
               array_of_indices, array_of_statuses, ierr)
     10334          |                                                          
                                1
  >> 10335    Error: Type mismatch between actual argument at (1) and actual ar
              gument at (2) (REAL(8)/INTEGER(4)).
  >> 10336    make[4]: *** [mpi_testall_f90.o] Error 1
     10337    make[4]: *** Waiting for unfinished jobs....
  >> 10338    make[4]: *** [mpi_comm_spawn_multiple_f90.o] Error 1
  >> 10339    make[4]: *** [mpi_testsome_f90.o] Error 1
     10340    mpi_waitall_f90.f90:18:45:
     10341    
     10342        8 |   call MPI_Waitall(count, array_of_requests, array_of_sta
              tuses, ierr)
     10343          |                                             2
     10344    ......
     10345       18 |   call MPI_Waitall(count, array_of_requests, array_of_sta
              tuses, ierr)
     10346          |                                             1
  >> 10347    Error: Type mismatch between actual argument at (1) and actual ar
              gument at (2) (REAL(8)/INTEGER(4)).
     10348    mpi_waitsome_f90.f90:26:76:
     10349    
     10350       12 |   call MPI_Waitsome(incount, array_of_requests, outcount,
               array_of_indices, array_of_statuses, ierr)
     10351          |                                                          
                                2
     10352    ......
     10353       26 |   call MPI_Waitsome(incount, array_of_requests, outcount,
               array_of_indices, array_of_statuses, ierr)
     10354          |                                                          
                                1
  >> 10355    Error: Type mismatch between actual argument at (1) and actual ar
              gument at (2) (REAL(8)/INTEGER(4)).
  >> 10356    make[4]: *** [mpi_waitall_f90.o] Error 1
  >> 10357    make[4]: *** [mpi_waitsome_f90.o] Error 1
     10358    make[4]: Leaving directory `/tmp/sochat1/spack-stage/spack-stage-
              openmpi-1.1.3-2bpcubmoyhok3bhebofpk4dkkwj7w2ae/spack-src/ompi/mpi
              /f90'
  >> 10359    make[3]: *** [all-recursive] Error 1
     10360    make[3]: Leaving directory `/tmp/sochat1/spack-stage/spack-stage-
              openmpi-1.1.3-2bpcubmoyhok3bhebofpk4dkkwj7w2ae/spack-src/ompi/mpi
              /f90'
  >> 10361    make[2]: *** [all-recursive] Error 1
     10362    make[2]: Leaving directory `/tmp/sochat1/spack-stage/spack-stage-
              openmpi-1.1.3-2bpcubmoyhok3bhebofpk4dkkwj7w2ae/spack-src/ompi/mpi
              '
  >> 10363    make[1]: *** [all-recursive] Error 1
     10364    make[1]: Leaving directory `/tmp/sochat1/spack-stage/spack-stage-
              openmpi-1.1.3-2bpcubmoyhok3bhebofpk4dkkwj7w2ae/spack-src/ompi'
  >> 10365    make: *** [all-recursive] Error 1

See build log for details:
  /var/tmp/sochat1/spack-stage/spack-stage-openmpi-1.1.3-2bpcubmoyhok3bhebofpk4dkkwj7w2ae/spack-build-out.txt

Making predictions for spack-test
Making predictions for symbolator
Making predictions for libabigail
abicompat not found on path, will look for spack instead.
Making predictions for actual
