==> Error: ProcessError: Command exited with status 1:
    '/var/tmp/sochat1/spack-stage/spack-stage-openmpi-1.6.1-jsnhbhgxypu4i7ows52k7vrzxlot56wp/spack-src/configure' '--prefix=/p/vast1/build/spack/opt/spack/linux-rhel7-broadwell/gcc-10.2.1/openmpi-1.6.1-jsnhbhgxypu4i7ows52k7vrzxlot56wp' '--enable-shared' '--disable-silent-rules' '--disable-builtin-atomics' '--enable-static' '--without-pmi' '--without-cma' '--without-openib' '--without-xpmem' '--without-ucx' '--without-psm2' '--without-libfabric' '--without-fca' '--without-knem' '--without-mxm' '--without-hcoll' '--without-psm' '--without-slurm' '--without-alps' '--without-sge' '--without-loadleveler' '--without-lsf' '--without-tm' '--disable-memchecker' '--with-hwloc=/p/vast1/build/spack/opt/spack/linux-rhel7-broadwell/gcc-10.2.1/hwloc-1.11.13-u34fwahc4tbd77w4csoothe3vdimspeo' '--with-gpfs' '--without-sqlite3' '--disable-mpi-thread-multiple' '--disable-wrapper-rpath' '--disable-mpi-cxx' '--disable-cxx-exceptions'

9 errors found in build log:
     40       checking for a BSD-compatible install... /usr/bin/install -c
     41       checking whether build environment is sane... yes
     42       checking for a thread-safe mkdir -p... /usr/bin/mkdir -p
     43       checking for gawk... gawk
     44       checking whether make sets $(MAKE)... yes
     45       checking for style of include used by make... GNU
  >> 46       configure: error: source directory already configured; run "make 
              distclean" there first
     47       ==> openmpi: Executing phase: 'build'
     48       ==> [2022-02-25-23:06:47.574752] 'make' '-j2' 'V=1'
     49       Making all in config
     50       make[1]: Entering directory `/tmp/sochat1/spack-stage/spack-stage
              -openmpi-1.6.1-jsnhbhgxypu4i7ows52k7vrzxlot56wp/spack-src/config'
     51       make[1]: Nothing to be done for `all'.
     52       make[1]: Leaving directory `/tmp/sochat1/spack-stage/spack-stage-
              openmpi-1.6.1-jsnhbhgxypu4i7ows52k7vrzxlot56wp/spack-src/config'

     ...

     11635    
     11636       16 |   call MPI_Comm_spawn_multiple(count, array_of_commands, 
              array_of_argv, &
     11637          |                                                         2
     11638    ......
     11639       36 |   call MPI_Comm_spawn_multiple(count, array_of_commands, 
              array_of_argv, &
     11640          |                                                         1
  >> 11641    Error: Type mismatch between actual argument at (1) and actual ar
              gument at (2) (REAL(8)/CHARACTER(*)).
  >> 11642    make[4]: *** [mpi_comm_spawn_multiple_f90.lo] Error 1
     11643    make[4]: *** Waiting for unfinished jobs....
     11644    libtool: compile:  /p/vast1/build/spack/lib/spack/env/gcc/gfortra
              n -I../../../ompi/include -I/var/tmp/sochat1/spack-stage/spack-st
              age-openmpi-1.6.1-jsnhbhgxypu4i7ows52k7vrzxlot56wp/spack-src/ompi
              /include -I. -I/var/tmp/sochat1/spack-stage/spack-stage-openmpi-1
              .6.1-jsnhbhgxypu4i7ows52k7vrzxlot56wp/spack-src/ompi/mpi/f90 -I..
              /../../ompi/mpi/f90 -c mpi_testall_f90.f90  -fPIC -o .libs/mpi_te
              stall_f90.o
     11645    mpi_testall_f90.f90:22:51:
     11646    
     11647       10 |   call MPI_Testall(count, array_of_requests, flag, array_
              of_statuses, ierr)
     11648          |                                                   2
     11649    ......
     11650       22 |   call MPI_Testall(count, array_of_requests, flag, array_
              of_statuses, ierr)
     11651          |                                                   1
  >> 11652    Error: Type mismatch between actual argument at (1) and actual ar
              gument at (2) (REAL(8)/INTEGER(4)).
  >> 11653    make[4]: *** [mpi_testall_f90.lo] Error 1
     11654    make[4]: Leaving directory `/tmp/sochat1/spack-stage/spack-stage-
              openmpi-1.6.1-jsnhbhgxypu4i7ows52k7vrzxlot56wp/spack-src/ompi/mpi
              /f90'
  >> 11655    make[3]: *** [all-recursive] Error 1
     11656    make[3]: Leaving directory `/tmp/sochat1/spack-stage/spack-stage-
              openmpi-1.6.1-jsnhbhgxypu4i7ows52k7vrzxlot56wp/spack-src/ompi/mpi
              /f90'
  >> 11657    make[2]: *** [all] Error 2
     11658    make[2]: Leaving directory `/tmp/sochat1/spack-stage/spack-stage-
              openmpi-1.6.1-jsnhbhgxypu4i7ows52k7vrzxlot56wp/spack-src/ompi/mpi
              /f90'
  >> 11659    make[1]: *** [all-recursive] Error 1
     11660    make[1]: Leaving directory `/tmp/sochat1/spack-stage/spack-stage-
              openmpi-1.6.1-jsnhbhgxypu4i7ows52k7vrzxlot56wp/spack-src/ompi'
  >> 11661    make: *** [all-recursive] Error 1

See build log for details:
  /var/tmp/sochat1/spack-stage/spack-stage-openmpi-1.6.1-jsnhbhgxypu4i7ows52k7vrzxlot56wp/spack-build-out.txt

Making predictions for symbolator
Making predictions for libabigail
Making predictions for actual
==> Error: ProcessError: Command exited with status 1:
    '/var/tmp/sochat1/spack-stage/spack-stage-openmpi-1.6.1-jsnhbhgxypu4i7ows52k7vrzxlot56wp/spack-src/configure' '--prefix=/p/vast1/build/spack/opt/spack/linux-rhel7-broadwell/gcc-10.2.1/openmpi-1.6.1-jsnhbhgxypu4i7ows52k7vrzxlot56wp' '--enable-shared' '--disable-silent-rules' '--disable-builtin-atomics' '--enable-static' '--without-pmi' '--without-knem' '--without-fca' '--without-hcoll' '--without-cma' '--without-mxm' '--without-psm2' '--without-openib' '--without-libfabric' '--without-psm' '--without-ucx' '--without-xpmem' '--without-tm' '--without-sge' '--without-alps' '--without-lsf' '--without-slurm' '--without-loadleveler' '--disable-memchecker' '--with-hwloc=/p/vast1/build/spack/opt/spack/linux-rhel7-broadwell/gcc-10.2.1/hwloc-1.11.13-u34fwahc4tbd77w4csoothe3vdimspeo' '--with-gpfs' '--without-sqlite3' '--disable-mpi-thread-multiple' '--disable-wrapper-rpath' '--disable-mpi-cxx' '--disable-cxx-exceptions'

15 errors found in build log:
     40       checking for a BSD-compatible install... /usr/bin/install -c
     41       checking whether build environment is sane... yes
     42       checking for a thread-safe mkdir -p... /usr/bin/mkdir -p
     43       checking for gawk... gawk
     44       checking whether make sets $(MAKE)... yes
     45       checking for style of include used by make... GNU
  >> 46       configure: error: source directory already configured; run "make 
              distclean" there first
     47       ==> openmpi: Executing phase: 'build'
     48       ==> [2022-03-04-02:52:49.247985] 'make' '-j16' 'V=1'
     49       Making all in config
     50       make[1]: Entering directory `/tmp/sochat1/spack-stage/spack-stage
              -openmpi-1.6.1-jsnhbhgxypu4i7ows52k7vrzxlot56wp/spack-src/config'
     51       make[1]: Nothing to be done for `all'.
     52       make[1]: Leaving directory `/tmp/sochat1/spack-stage/spack-stage-
              openmpi-1.6.1-jsnhbhgxypu4i7ows52k7vrzxlot56wp/spack-src/config'

     ...

     11644    
     11645       10 |   call MPI_Testall(count, array_of_requests, flag, array_
              of_statuses, ierr)
     11646          |                                                   2
     11647    ......
     11648       22 |   call MPI_Testall(count, array_of_requests, flag, array_
              of_statuses, ierr)
     11649          |                                                   1
  >> 11650    Error: Type mismatch between actual argument at (1) and actual ar
              gument at (2) (REAL(8)/INTEGER(4)).
     11651    mpi_testsome_f90.f90:26:76:
     11652    
     11653       12 |   call MPI_Testsome(incount, array_of_requests, outcount,
               array_of_indices, array_of_statuses, ierr)
     11654          |                                                          
                                2
     11655    ......
     11656       26 |   call MPI_Testsome(incount, array_of_requests, outcount,
               array_of_indices, array_of_statuses, ierr)
     11657          |                                                          
                                1
  >> 11658    Error: Type mismatch between actual argument at (1) and actual ar
              gument at (2) (REAL(8)/INTEGER(4)).
     11659    mpi_comm_spawn_multiple_f90.f90:36:57:
     11660    
     11661       16 |   call MPI_Comm_spawn_multiple(count, array_of_commands, 
              array_of_argv, &
     11662          |                                                         2
     11663    ......
     11664       36 |   call MPI_Comm_spawn_multiple(count, array_of_commands, 
              array_of_argv, &
     11665          |                                                         1
  >> 11666    Error: Type mismatch between actual argument at (1) and actual ar
              gument at (2) (REAL(8)/CHARACTER(*)).
     11667    mpi_waitall_f90.f90:18:45:
     11668    
     11669        8 |   call MPI_Waitall(count, array_of_requests, array_of_sta
              tuses, ierr)
     11670          |                                             2
     11671    ......
     11672       18 |   call MPI_Waitall(count, array_of_requests, array_of_sta
              tuses, ierr)
     11673          |                                             1
  >> 11674    Error: Type mismatch between actual argument at (1) and actual ar
              gument at (2) (REAL(8)/INTEGER(4)).
  >> 11675    make[4]: *** [mpi_testall_f90.lo] Error 1
     11676    make[4]: *** Waiting for unfinished jobs....
     11677    mpi_waitsome_f90.f90:26:76:
     11678    
     11679       12 |   call MPI_Waitsome(incount, array_of_requests, outcount,
               array_of_indices, array_of_statuses, ierr)
     11680          |                                                          
                                2
     11681    ......
     11682       26 |   call MPI_Waitsome(incount, array_of_requests, outcount,
               array_of_indices, array_of_statuses, ierr)
     11683          |                                                          
                                1
  >> 11684    Error: Type mismatch between actual argument at (1) and actual ar
              gument at (2) (REAL(8)/INTEGER(4)).
  >> 11685    make[4]: *** [mpi_testsome_f90.lo] Error 1
  >> 11686    make[4]: *** [mpi_comm_spawn_multiple_f90.lo] Error 1
  >> 11687    make[4]: *** [mpi_waitall_f90.lo] Error 1
  >> 11688    make[4]: *** [mpi_waitsome_f90.lo] Error 1
     11689    libtool: compile:  /p/vast1/build/spack/lib/spack/env/gcc/gfortra
              n -I../../../ompi/include -I/var/tmp/sochat1/spack-stage/spack-st
              age-openmpi-1.6.1-jsnhbhgxypu4i7ows52k7vrzxlot56wp/spack-src/ompi
              /include -I. -I/var/tmp/sochat1/spack-stage/spack-stage-openmpi-1
              .6.1-jsnhbhgxypu4i7ows52k7vrzxlot56wp/spack-src/ompi/mpi/f90 -I..
              /../../ompi/mpi/f90 -c mpi_wtick_f90.f90 -o mpi_wtick_f90.o >/dev
              /null 2>&1
     11690    libtool: compile:  /p/vast1/build/spack/lib/spack/env/gcc/gfortra
              n -I../../../ompi/include -I/var/tmp/sochat1/spack-stage/spack-st
              age-openmpi-1.6.1-jsnhbhgxypu4i7ows52k7vrzxlot56wp/spack-src/ompi
              /include -I. -I/var/tmp/sochat1/spack-stage/spack-stage-openmpi-1
              .6.1-jsnhbhgxypu4i7ows52k7vrzxlot56wp/spack-src/ompi/mpi/f90 -I..
              /../../ompi/mpi/f90 -c mpi_wtime_f90.f90 -o mpi_wtime_f90.o >/dev
              /null 2>&1
     11691    libtool: compile:  /p/vast1/build/spack/lib/spack/env/gcc/gfortra
              n -I../../../ompi/include -I/var/tmp/sochat1/spack-stage/spack-st
              age-openmpi-1.6.1-jsnhbhgxypu4i7ows52k7vrzxlot56wp/spack-src/ompi
              /include -I. -I/var/tmp/sochat1/spack-stage/spack-stage-openmpi-1
              .6.1-jsnhbhgxypu4i7ows52k7vrzxlot56wp/spack-src/ompi/mpi/f90 -I..
              /../../ompi/mpi/f90 -c mpi_sizeof.f90 -o mpi_sizeof.o >/dev/null 
              2>&1
     11692    libtool: compile:  /p/vast1/build/spack/lib/spack/env/gcc/gfortra
              n -I../../../ompi/include -I/var/tmp/sochat1/spack-stage/spack-st
              age-openmpi-1.6.1-jsnhbhgxypu4i7ows52k7vrzxlot56wp/spack-src/ompi
              /include -I. -I/var/tmp/sochat1/spack-stage/spack-stage-openmpi-1
              .6.1-jsnhbhgxypu4i7ows52k7vrzxlot56wp/spack-src/ompi/mpi/f90 -I..
              /../../ompi/mpi/f90 -c mpi.f90 -o mpi.o >/dev/null 2>&1
     11693    make[4]: Leaving directory `/tmp/sochat1/spack-stage/spack-stage-
              openmpi-1.6.1-jsnhbhgxypu4i7ows52k7vrzxlot56wp/spack-src/ompi/mpi
              /f90'
  >> 11694    make[3]: *** [all-recursive] Error 1
     11695    make[3]: Leaving directory `/tmp/sochat1/spack-stage/spack-stage-
              openmpi-1.6.1-jsnhbhgxypu4i7ows52k7vrzxlot56wp/spack-src/ompi/mpi
              /f90'
  >> 11696    make[2]: *** [all] Error 2
     11697    make[2]: Leaving directory `/tmp/sochat1/spack-stage/spack-stage-
              openmpi-1.6.1-jsnhbhgxypu4i7ows52k7vrzxlot56wp/spack-src/ompi/mpi
              /f90'
  >> 11698    make[1]: *** [all-recursive] Error 1
     11699    make[1]: Leaving directory `/tmp/sochat1/spack-stage/spack-stage-
              openmpi-1.6.1-jsnhbhgxypu4i7ows52k7vrzxlot56wp/spack-src/ompi'
  >> 11700    make: *** [all-recursive] Error 1

See build log for details:
  /var/tmp/sochat1/spack-stage/spack-stage-openmpi-1.6.1-jsnhbhgxypu4i7ows52k7vrzxlot56wp/spack-build-out.txt

Making predictions for spack-test
Making predictions for symbolator
Making predictions for libabigail
abicompat not found on path, will look for spack instead.
Making predictions for actual
