==> Error: ProcessError: Command exited with status 1:
    '/var/tmp/sochat1/spack-stage/spack-stage-openmpi-1.2.4-jsoztxegwf56l4ruguom2z64xe2vb243/spack-src/configure' '--prefix=/p/vast1/build/spack/opt/spack/linux-rhel7-broadwell/gcc-10.2.1/openmpi-1.2.4-jsoztxegwf56l4ruguom2z64xe2vb243' '--enable-shared' '--disable-silent-rules' '--disable-builtin-atomics' '--enable-static' '--without-pmi' '--without-openib' '--without-ucx' '--without-hcoll' '--without-libfabric' '--without-xpmem' '--without-psm2' '--without-cma' '--without-psm' '--without-knem' '--without-fca' '--without-mxm' '--without-sge' '--without-slurm' '--without-tm' '--without-loadleveler' '--without-lsf' '--without-alps' '--disable-memchecker' '--with-gpfs' '--without-sqlite3' '--disable-wrapper-rpath' '--disable-mpi-cxx' '--disable-cxx-exceptions'

8 errors found in build log:
     3       ==> [2022-02-25-18:17:27.732384] '/var/tmp/sochat1/spack-stage/spa
             ck-stage-openmpi-1.2.4-jsoztxegwf56l4ruguom2z64xe2vb243/spack-src/
             configure' '--prefix=/p/vast1/build/spack/opt/spack/linux-rhel7-br
             oadwell/gcc-10.2.1/openmpi-1.2.4-jsoztxegwf56l4ruguom2z64xe2vb243'
              '--enable-shared' '--disable-silent-rules' '--disable-builtin-ato
             mics' '--enable-static' '--without-pmi' '--without-openib' '--with
             out-ucx' '--without-hcoll' '--without-libfabric' '--without-xpmem'
              '--without-psm2' '--without-cma' '--without-psm' '--without-knem'
              '--without-fca' '--without-mxm' '--without-sge' '--without-slurm'
              '--without-tm' '--without-loadleveler' '--without-lsf' '--without
             -alps' '--disable-memchecker' '--with-gpfs' '--without-sqlite3' '-
             -disable-wrapper-rpath' '--disable-mpi-cxx' '--disable-cxx-excepti
             ons'
     4       checking for a BSD-compatible install... /usr/bin/install -c
     5       checking whether build environment is sane... yes
     6       checking for a thread-safe mkdir -p... /usr/bin/mkdir -p
     7       checking for gawk... gawk
     8       checking whether make sets $(MAKE)... yes
  >> 9       configure: error: source directory already configured; run "make d
             istclean" there first
     10      ==> openmpi: Executing phase: 'build'
     11      ==> [2022-02-25-17:08:40.297054] 'make' '-j2' 'V=1'
     12      Making all in config
     13      make[1]: Entering directory `/tmp/sochat1/spack-stage/spack-stage-
             openmpi-1.2.4-jsoztxegwf56l4ruguom2z64xe2vb243/spack-src/config'
     14      make[1]: Nothing to be done for `all'.
     15      make[1]: Leaving directory `/tmp/sochat1/spack-stage/spack-stage-o
             penmpi-1.2.4-jsoztxegwf56l4ruguom2z64xe2vb243/spack-src/config'

     ...

     8547    
     8548       16 |   call MPI_Comm_spawn_multiple(count, array_of_commands, a
             rray_of_argv, &
     8549          |                                                         2
     8550    ......
     8551       36 |   call MPI_Comm_spawn_multiple(count, array_of_commands, a
             rray_of_argv, &
     8552          |                                                         1
  >> 8553    Error: Type mismatch between actual argument at (1) and actual arg
             ument at (2) (REAL(8)/CHARACTER(*)).
  >> 8554    make[5]: *** [mpi_comm_spawn_multiple_f90.lo] Error 1
     8555    make[5]: *** Waiting for unfinished jobs....
     8556    make[5]: Leaving directory `/tmp/sochat1/spack-stage/spack-stage-o
             penmpi-1.2.4-jsoztxegwf56l4ruguom2z64xe2vb243/spack-src/ompi/mpi/f
             90'
  >> 8557    make[4]: *** [all-recursive] Error 1
     8558    make[4]: Leaving directory `/tmp/sochat1/spack-stage/spack-stage-o
             penmpi-1.2.4-jsoztxegwf56l4ruguom2z64xe2vb243/spack-src/ompi/mpi/f
             90'
  >> 8559    make[3]: *** [all] Error 2
     8560    make[3]: Leaving directory `/tmp/sochat1/spack-stage/spack-stage-o
             penmpi-1.2.4-jsoztxegwf56l4ruguom2z64xe2vb243/spack-src/ompi/mpi/f
             90'
  >> 8561    make[2]: *** [all-recursive] Error 1
     8562    make[2]: Leaving directory `/tmp/sochat1/spack-stage/spack-stage-o
             penmpi-1.2.4-jsoztxegwf56l4ruguom2z64xe2vb243/spack-src/ompi/mpi'
  >> 8563    make[1]: *** [all-recursive] Error 1
     8564    make[1]: Leaving directory `/tmp/sochat1/spack-stage/spack-stage-o
             penmpi-1.2.4-jsoztxegwf56l4ruguom2z64xe2vb243/spack-src/ompi'
  >> 8565    make: *** [all-recursive] Error 1

See build log for details:
  /var/tmp/sochat1/spack-stage/spack-stage-openmpi-1.2.4-jsoztxegwf56l4ruguom2z64xe2vb243/spack-build-out.txt

Making predictions for symbolator
Making predictions for libabigail
Making predictions for actual
==> Error: ProcessError: Command exited with status 2:
    'make' '-j16' 'V=1'

15 errors found in build log:
     10455    
     10456       10 |   call MPI_Testall(count, array_of_requests, flag, array_
              of_statuses, ierr)
     10457          |                                                   2
     10458    ......
     10459       22 |   call MPI_Testall(count, array_of_requests, flag, array_
              of_statuses, ierr)
     10460          |                                                   1
  >> 10461    Error: Type mismatch between actual argument at (1) and actual ar
              gument at (2) (REAL(8)/INTEGER(4)).
     10462    mpi_comm_spawn_multiple_f90.f90:36:57:
     10463    
     10464       16 |   call MPI_Comm_spawn_multiple(count, array_of_commands, 
              array_of_argv, &
     10465          |                                                         2
     10466    ......
     10467       36 |   call MPI_Comm_spawn_multiple(count, array_of_commands, 
              array_of_argv, &
     10468          |                                                         1
  >> 10469    Error: Type mismatch between actual argument at (1) and actual ar
              gument at (2) (REAL(8)/CHARACTER(*)).
     10470    mpi_waitsome_f90.f90:26:76:
     10471    
     10472       12 |   call MPI_Waitsome(incount, array_of_requests, outcount,
               array_of_indices, array_of_statuses, ierr)
     10473          |                                                          
                                2
     10474    ......
     10475       26 |   call MPI_Waitsome(incount, array_of_requests, outcount,
               array_of_indices, array_of_statuses, ierr)
     10476          |                                                          
                                1
  >> 10477    Error: Type mismatch between actual argument at (1) and actual ar
              gument at (2) (REAL(8)/INTEGER(4)).
  >> 10478    make[5]: *** [mpi_testall_f90.lo] Error 1
     10479    make[5]: *** Waiting for unfinished jobs....
     10480    mpi_testsome_f90.f90:26:76:
     10481    
     10482       12 |   call MPI_Testsome(incount, array_of_requests, outcount,
               array_of_indices, array_of_statuses, ierr)
     10483          |                                                          
                                2
     10484    ......
     10485       26 |   call MPI_Testsome(incount, array_of_requests, outcount,
               array_of_indices, array_of_statuses, ierr)
     10486          |                                                          
                                1
  >> 10487    Error: Type mismatch between actual argument at (1) and actual ar
              gument at (2) (REAL(8)/INTEGER(4)).
  >> 10488    make[5]: *** [mpi_comm_spawn_multiple_f90.lo] Error 1
  >> 10489    make[5]: *** [mpi_waitsome_f90.lo] Error 1
  >> 10490    make[5]: *** [mpi_testsome_f90.lo] Error 1
     10491    mpi_waitall_f90.f90:18:45:
     10492    
     10493        8 |   call MPI_Waitall(count, array_of_requests, array_of_sta
              tuses, ierr)
     10494          |                                             2
     10495    ......
     10496       18 |   call MPI_Waitall(count, array_of_requests, array_of_sta
              tuses, ierr)
     10497          |                                             1
  >> 10498    Error: Type mismatch between actual argument at (1) and actual ar
              gument at (2) (REAL(8)/INTEGER(4)).
  >> 10499    make[5]: *** [mpi_waitall_f90.lo] Error 1
     10500    libtool: compile:  /p/vast1/build/spack/lib/spack/env/gcc/gfortra
              n -I../../../ompi/include -I/var/tmp/sochat1/spack-stage/spack-st
              age-openmpi-1.2.4-jsoztxegwf56l4ruguom2z64xe2vb243/spack-src/ompi
              /include -I. -I/var/tmp/sochat1/spack-stage/spack-stage-openmpi-1
              .2.4-jsoztxegwf56l4ruguom2z64xe2vb243/spack-src/ompi/mpi/f90 -I..
              /../../ompi/mpi/f90 -c mpi_wtime_f90.f90 -o mpi_wtime_f90.o >/dev
              /null 2>&1
     10501    libtool: compile:  /p/vast1/build/spack/lib/spack/env/gcc/gfortra
              n -I../../../ompi/include -I/var/tmp/sochat1/spack-stage/spack-st
              age-openmpi-1.2.4-jsoztxegwf56l4ruguom2z64xe2vb243/spack-src/ompi
              /include -I. -I/var/tmp/sochat1/spack-stage/spack-stage-openmpi-1
              .2.4-jsoztxegwf56l4ruguom2z64xe2vb243/spack-src/ompi/mpi/f90 -I..
              /../../ompi/mpi/f90 -c mpi_wtick_f90.f90 -o mpi_wtick_f90.o >/dev
              /null 2>&1
     10502    libtool: compile:  /p/vast1/build/spack/lib/spack/env/gcc/gfortra
              n -I../../../ompi/include -I/var/tmp/sochat1/spack-stage/spack-st
              age-openmpi-1.2.4-jsoztxegwf56l4ruguom2z64xe2vb243/spack-src/ompi
              /include -I. -I/var/tmp/sochat1/spack-stage/spack-stage-openmpi-1
              .2.4-jsoztxegwf56l4ruguom2z64xe2vb243/spack-src/ompi/mpi/f90 -I..
              /../../ompi/mpi/f90 -c mpi_sizeof.f90 -o mpi_sizeof.o >/dev/null 
              2>&1
     10503    libtool: compile:  /p/vast1/build/spack/lib/spack/env/gcc/gfortra
              n -I../../../ompi/include -I/var/tmp/sochat1/spack-stage/spack-st
              age-openmpi-1.2.4-jsoztxegwf56l4ruguom2z64xe2vb243/spack-src/ompi
              /include -I. -I/var/tmp/sochat1/spack-stage/spack-stage-openmpi-1
              .2.4-jsoztxegwf56l4ruguom2z64xe2vb243/spack-src/ompi/mpi/f90 -I..
              /../../ompi/mpi/f90 -c mpi.f90 -o mpi.o >/dev/null 2>&1
     10504    make[5]: Leaving directory `/tmp/sochat1/spack-stage/spack-stage-
              openmpi-1.2.4-jsoztxegwf56l4ruguom2z64xe2vb243/spack-src/ompi/mpi
              /f90'
  >> 10505    make[4]: *** [all-recursive] Error 1
     10506    make[4]: Leaving directory `/tmp/sochat1/spack-stage/spack-stage-
              openmpi-1.2.4-jsoztxegwf56l4ruguom2z64xe2vb243/spack-src/ompi/mpi
              /f90'
  >> 10507    make[3]: *** [all] Error 2
     10508    make[3]: Leaving directory `/tmp/sochat1/spack-stage/spack-stage-
              openmpi-1.2.4-jsoztxegwf56l4ruguom2z64xe2vb243/spack-src/ompi/mpi
              /f90'
  >> 10509    make[2]: *** [all-recursive] Error 1
     10510    make[2]: Leaving directory `/tmp/sochat1/spack-stage/spack-stage-
              openmpi-1.2.4-jsoztxegwf56l4ruguom2z64xe2vb243/spack-src/ompi/mpi
              '
  >> 10511    make[1]: *** [all-recursive] Error 1
     10512    make[1]: Leaving directory `/tmp/sochat1/spack-stage/spack-stage-
              openmpi-1.2.4-jsoztxegwf56l4ruguom2z64xe2vb243/spack-src/ompi'
  >> 10513    make: *** [all-recursive] Error 1

See build log for details:
  /var/tmp/sochat1/spack-stage/spack-stage-openmpi-1.2.4-jsoztxegwf56l4ruguom2z64xe2vb243/spack-build-out.txt

Making predictions for spack-test
Making predictions for symbolator
Making predictions for libabigail
abicompat not found on path, will look for spack instead.
Making predictions for actual
