==> Error: ProcessError: Command exited with status 1:
    '/var/tmp/sochat1/spack-stage/spack-stage-openmpi-1.5.4-ecozbketfx5zbg6py3l5luvf3rgp2ir3/spack-src/configure' '--prefix=/p/vast1/build/spack/opt/spack/linux-rhel7-broadwell/gcc-10.2.1/openmpi-1.5.4-ecozbketfx5zbg6py3l5luvf3rgp2ir3' '--enable-shared' '--disable-silent-rules' '--disable-builtin-atomics' '--enable-static' '--without-pmi' '--without-fca' '--without-knem' '--without-libfabric' '--without-psm2' '--without-psm' '--without-openib' '--without-xpmem' '--without-hcoll' '--without-mxm' '--without-cma' '--without-ucx' '--without-tm' '--without-lsf' '--without-slurm' '--without-alps' '--without-loadleveler' '--without-sge' '--disable-memchecker' '--with-hwloc=/p/vast1/build/spack/opt/spack/linux-rhel7-broadwell/gcc-10.2.1/hwloc-1.11.13-u34fwahc4tbd77w4csoothe3vdimspeo' '--with-gpfs' '--without-sqlite3' '--disable-mpi-thread-multiple' '--disable-wrapper-rpath' '--disable-mpi-cxx' '--disable-cxx-exceptions'

1 error found in build log:
     40    checking for a BSD-compatible install... /usr/bin/install -c
     41    checking whether build environment is sane... yes
     42    checking for a thread-safe mkdir -p... /usr/bin/mkdir -p
     43    checking for gawk... gawk
     44    checking whether make sets $(MAKE)... yes
     45    checking for style of include used by make... GNU
  >> 46    configure: error: source directory already configured; run "make dis
           tclean" there first
     47    ==> openmpi: Executing phase: 'build'
     48    ==> [2022-02-25-19:48:04.630302] 'make' '-j2' 'V=1'
     49    Making all in config
     50    make[1]: Entering directory `/tmp/sochat1/spack-stage/spack-stage-op
           enmpi-1.5.4-ecozbketfx5zbg6py3l5luvf3rgp2ir3/spack-src/config'
     51    make[1]: Nothing to be done for `all'.
     52    make[1]: Leaving directory `/tmp/sochat1/spack-stage/spack-stage-ope
           nmpi-1.5.4-ecozbketfx5zbg6py3l5luvf3rgp2ir3/spack-src/config'

See build log for details:
  /var/tmp/sochat1/spack-stage/spack-stage-openmpi-1.5.4-ecozbketfx5zbg6py3l5luvf3rgp2ir3/spack-build-out.txt

Making predictions for symbolator
Making predictions for libabigail
Making predictions for actual
==> Error: ProcessError: Command exited with status 2:
    'make' '-j16' 'V=1'

18 errors found in build log:
     2176     checking dynamic linker characteristics... GNU/Linux ld.so
     2177     checking how to hardcode library paths into programs... immediate
     2178     checking for OpenMP flag of C++ compiler... -fopenmp
     2179     checking vtf3.h usability... no
     2180     checking vtf3.h presence... no
     2181     checking for vtf3.h... no
  >> 2182     configure: error: no vtf3.h found; check path for VTF3 package fi
              rst...
     2183     checking zlib.h usability... yes
     2184     checking zlib.h presence... yes
     2185     checking for zlib.h... yes
     2186     checking whether linking with -lm works... yes
     2187     checking whether we need to link -lm to get math functions... no
     2188     checking for ANSI C header files... (cached) yes

     ...

     2240     checking whether linking with -ldl works... yes
     2241     checking whether RTLD_DEFAULT is declared... yes
     2242     checking whether RTLD_NEXT is declared... yes
     2243     checking BPatch.h usability... no
     2244     checking BPatch.h presence... no
     2245     checking for BPatch.h... no
  >> 2246     configure: error: no BPatch.h found; check path for Dyninst packa
              ge first...
     2247     configure: we are configuring inside Open MPI; presetting cache t
              o skip MPI related tests
     2248     checking for mpicc... (cached) /p/vast1/build/spack/lib/spack/env
              /gcc/gcc
     2249     checking for mpicxx... (cached) /p/vast1/build/spack/lib/spack/en
              v/gcc/g++
     2250     checking for PMPI_Win_test... (cached) yes
     2251     checking for PMPI_Win_lock... (cached) yes
     2252     checking for PMPI_Win_unlock... (cached) yes

     ...

     2255     checking math.h presence... yes
     2256     checking for math.h... yes
     2257     checking whether we need to link -lm to get math functions... no
     2258     checking f2c.h usability... no
     2259     checking f2c.h presence... no
     2260     checking for f2c.h... no
  >> 2261     configure: error: no f2c.h found; check path for CLAPACK package 
              first...
  >> 2262     configure: error: MPI Correctness Checking support cannot be buil
              t inside Open MPI
     2263     checking for the pthreads library -lpthreads... no
     2264     checking whether pthreads work without any flags... yes
     2265     checking for joinable pthread attribute... PTHREAD_CREATE_JOINABL
              E
     2266     checking if more special flags are required for pthreads... no
     2267     checking for cc_r... /p/vast1/build/spack/lib/spack/env/gcc/gcc
     2268     checking pthread.h usability... yes

     ...

     2277     checking omp.h presence... yes
     2278     checking for omp.h... yes
     2279     checking whether we can build shared libraries... yes
     2280     checking jvmti.h usability... no
     2281     checking jvmti.h presence... no
     2282     checking for jvmti.h... no
  >> 2283     configure: error: no jvmti.h found; check path for JVMTI package 
              first...
     2284     configure: selected timer: TIMER_CYCLE_COUNTER
     2285     configure: global timer: no
     2286     checking papi.h usability... yes
     2287     checking papi.h presence... yes
     2288     checking for papi.h... yes
     2289     checking whether linking with -lpapi works... yes

     ...

     2308     checking whether linking with -ldl works... yes
     2309     checking whether RTLD_DEFAULT is declared... (cached) yes
     2310     checking whether RTLD_NEXT is declared... (cached) yes
     2311     checking ctool/ctool.h usability... no
     2312     checking ctool/ctool.h presence... no
     2313     checking for ctool/ctool.h... no
  >> 2314     configure: error: no ctool/ctool.h found; check path for CTool pa
              ckage first...
     2315     checking for LIBC's pathname... /lib64/libc.so.6
     2316     checking for fork... yes
     2317     checking for execl... yes
     2318     checking for execle... yes
     2319     checking for execlp... yes
     2320     checking for execv... yes

     ...

     14546    
     14547        8 |   call MPI_Waitall(count, array_of_requests, array_of_sta
              tuses, ierr)
     14548          |                                             2
     14549    ......
     14550       18 |   call MPI_Waitall(count, array_of_requests, array_of_sta
              tuses, ierr)
     14551          |                                             1
  >> 14552    Error: Type mismatch between actual argument at (1) and actual ar
              gument at (2) (REAL(8)/INTEGER(4)).
     14553    mpi_waitsome_f90.f90:26:76:
     14554    
     14555       12 |   call MPI_Waitsome(incount, array_of_requests, outcount,
               array_of_indices, array_of_statuses, ierr)
     14556          |                                                          
                                2
     14557    ......
     14558       26 |   call MPI_Waitsome(incount, array_of_requests, outcount,
               array_of_indices, array_of_statuses, ierr)
     14559          |                                                          
                                1
  >> 14560    Error: Type mismatch between actual argument at (1) and actual ar
              gument at (2) (REAL(8)/INTEGER(4)).
  >> 14561    make[4]: *** [mpi_waitsome_f90.lo] Error 1
     14562    make[4]: *** Waiting for unfinished jobs....
  >> 14563    make[4]: *** [mpi_waitall_f90.lo] Error 1
     14564    mpi_testsome_f90.f90:26:76:
     14565    
     14566       12 |   call MPI_Testsome(incount, array_of_requests, outcount,
               array_of_indices, array_of_statuses, ierr)
     14567          |                                                          
                                2
     14568    ......
     14569       26 |   call MPI_Testsome(incount, array_of_requests, outcount,
               array_of_indices, array_of_statuses, ierr)
     14570          |                                                          
                                1
  >> 14571    Error: Type mismatch between actual argument at (1) and actual ar
              gument at (2) (REAL(8)/INTEGER(4)).
     14572    mpi_testall_f90.f90:22:51:
     14573    
     14574       10 |   call MPI_Testall(count, array_of_requests, flag, array_
              of_statuses, ierr)
     14575          |                                                   2
     14576    ......
     14577       22 |   call MPI_Testall(count, array_of_requests, flag, array_
              of_statuses, ierr)
     14578          |                                                   1
  >> 14579    Error: Type mismatch between actual argument at (1) and actual ar
              gument at (2) (REAL(8)/INTEGER(4)).
  >> 14580    make[4]: *** [mpi_testsome_f90.lo] Error 1
  >> 14581    make[4]: *** [mpi_testall_f90.lo] Error 1
     14582    libtool: compile:  /p/vast1/build/spack/lib/spack/env/gcc/gfortra
              n -I../../../ompi/include -I/var/tmp/sochat1/spack-stage/spack-st
              age-openmpi-1.5.4-ecozbketfx5zbg6py3l5luvf3rgp2ir3/spack-src/ompi
              /include -I. -I/var/tmp/sochat1/spack-stage/spack-stage-openmpi-1
              .5.4-ecozbketfx5zbg6py3l5luvf3rgp2ir3/spack-src/ompi/mpi/f90 -I..
              /../../ompi/mpi/f90 -c mpi_wtime_f90.f90 -o mpi_wtime_f90.o >/dev
              /null 2>&1
     14583    libtool: compile:  /p/vast1/build/spack/lib/spack/env/gcc/gfortra
              n -I../../../ompi/include -I/var/tmp/sochat1/spack-stage/spack-st
              age-openmpi-1.5.4-ecozbketfx5zbg6py3l5luvf3rgp2ir3/spack-src/ompi
              /include -I. -I/var/tmp/sochat1/spack-stage/spack-stage-openmpi-1
              .5.4-ecozbketfx5zbg6py3l5luvf3rgp2ir3/spack-src/ompi/mpi/f90 -I..
              /../../ompi/mpi/f90 -c mpi_wtick_f90.f90 -o mpi_wtick_f90.o >/dev
              /null 2>&1
     14584    libtool: compile:  /p/vast1/build/spack/lib/spack/env/gcc/gfortra
              n -I../../../ompi/include -I/var/tmp/sochat1/spack-stage/spack-st
              age-openmpi-1.5.4-ecozbketfx5zbg6py3l5luvf3rgp2ir3/spack-src/ompi
              /include -I. -I/var/tmp/sochat1/spack-stage/spack-stage-openmpi-1
              .5.4-ecozbketfx5zbg6py3l5luvf3rgp2ir3/spack-src/ompi/mpi/f90 -I..
              /../../ompi/mpi/f90 -c mpi_sizeof.f90 -o mpi_sizeof.o >/dev/null 
              2>&1
     14585    libtool: compile:  /p/vast1/build/spack/lib/spack/env/gcc/gfortra
              n -I../../../ompi/include -I/var/tmp/sochat1/spack-stage/spack-st
              age-openmpi-1.5.4-ecozbketfx5zbg6py3l5luvf3rgp2ir3/spack-src/ompi
              /include -I. -I/var/tmp/sochat1/spack-stage/spack-stage-openmpi-1
              .5.4-ecozbketfx5zbg6py3l5luvf3rgp2ir3/spack-src/ompi/mpi/f90 -I..
              /../../ompi/mpi/f90 -c mpi.f90 -o mpi.o >/dev/null 2>&1
     14586    make[4]: Leaving directory `/tmp/sochat1/spack-stage/spack-stage-
              openmpi-1.5.4-ecozbketfx5zbg6py3l5luvf3rgp2ir3/spack-src/ompi/mpi
              /f90'
  >> 14587    make[3]: *** [all-recursive] Error 1
     14588    make[3]: Leaving directory `/tmp/sochat1/spack-stage/spack-stage-
              openmpi-1.5.4-ecozbketfx5zbg6py3l5luvf3rgp2ir3/spack-src/ompi/mpi
              /f90'
  >> 14589    make[2]: *** [all] Error 2
     14590    make[2]: Leaving directory `/tmp/sochat1/spack-stage/spack-stage-
              openmpi-1.5.4-ecozbketfx5zbg6py3l5luvf3rgp2ir3/spack-src/ompi/mpi
              /f90'
  >> 14591    make[1]: *** [all-recursive] Error 1
     14592    make[1]: Leaving directory `/tmp/sochat1/spack-stage/spack-stage-
              openmpi-1.5.4-ecozbketfx5zbg6py3l5luvf3rgp2ir3/spack-src/ompi'
  >> 14593    make: *** [all-recursive] Error 1

See build log for details:
  /var/tmp/sochat1/spack-stage/spack-stage-openmpi-1.5.4-ecozbketfx5zbg6py3l5luvf3rgp2ir3/spack-build-out.txt

Making predictions for spack-test
Making predictions for symbolator
Making predictions for libabigail
abicompat not found on path, will look for spack instead.
Making predictions for actual
