/var/spool/slurmd/job97898/slurm_script: line 12: 58488 Killed                  spliced splice --package openmpi@1.1.3 --splice pkgconf --runner spack --replace pkgconf --experiment experiment --outfile /p/vast1/build/spliced-experiment/results/openmpi/1.1.3/pkgconf/experiment.json
==> Error: ProcessError: Command exited with status 2:
    'make' '-j16' 'V=1'

14 errors found in build log:
     10273    
     10274       16 |   call MPI_Comm_spawn_multiple(count, array_of_commands, 
              array_of_argv, &
     10275          |                                                         2
     10276    ......
     10277       36 |   call MPI_Comm_spawn_multiple(count, array_of_commands, 
              array_of_argv, &
     10278          |                                                         1
  >> 10279    Error: Type mismatch between actual argument at (1) and actual ar
              gument at (2) (REAL(8)/CHARACTER(*)).
     10280    mpi_testall_f90.f90:22:51:
     10281    
     10282       10 |   call MPI_Testall(count, array_of_requests, flag, array_
              of_statuses, ierr)
     10283          |                                                   2
     10284    ......
     10285       22 |   call MPI_Testall(count, array_of_requests, flag, array_
              of_statuses, ierr)
     10286          |                                                   1
  >> 10287    Error: Type mismatch between actual argument at (1) and actual ar
              gument at (2) (REAL(8)/INTEGER(4)).
     10288    mpi_waitall_f90.f90:18:45:
     10289    
     10290        8 |   call MPI_Waitall(count, array_of_requests, array_of_sta
              tuses, ierr)
     10291          |                                             2
     10292    ......
     10293       18 |   call MPI_Waitall(count, array_of_requests, array_of_sta
              tuses, ierr)
     10294          |                                             1
  >> 10295    Error: Type mismatch between actual argument at (1) and actual ar
              gument at (2) (REAL(8)/INTEGER(4)).
     10296    mpi_testsome_f90.f90:26:76:
     10297    
     10298       12 |   call MPI_Testsome(incount, array_of_requests, outcount,
               array_of_indices, array_of_statuses, ierr)
     10299          |                                                          
                                2
     10300    ......
     10301       26 |   call MPI_Testsome(incount, array_of_requests, outcount,
               array_of_indices, array_of_statuses, ierr)
     10302          |                                                          
                                1
  >> 10303    Error: Type mismatch between actual argument at (1) and actual ar
              gument at (2) (REAL(8)/INTEGER(4)).
     10304    mpi_waitsome_f90.f90:26:76:
     10305    
     10306       12 |   call MPI_Waitsome(incount, array_of_requests, outcount,
               array_of_indices, array_of_statuses, ierr)
     10307          |                                                          
                                2
     10308    ......
     10309       26 |   call MPI_Waitsome(incount, array_of_requests, outcount,
               array_of_indices, array_of_statuses, ierr)
     10310          |                                                          
                                1
  >> 10311    Error: Type mismatch between actual argument at (1) and actual ar
              gument at (2) (REAL(8)/INTEGER(4)).
  >> 10312    make[4]: *** [mpi_comm_spawn_multiple_f90.o] Error 1
     10313    make[4]: *** Waiting for unfinished jobs....
  >> 10314    make[4]: *** [mpi_waitall_f90.o] Error 1
  >> 10315    make[4]: *** [mpi_testall_f90.o] Error 1
  >> 10316    make[4]: *** [mpi_testsome_f90.o] Error 1
  >> 10317    make[4]: *** [mpi_waitsome_f90.o] Error 1
     10318    make[4]: Leaving directory `/tmp/sochat1/spack-stage/spack-stage-
              openmpi-1.1.3-2bpcubmoyhok3bhebofpk4dkkwj7w2ae/spack-src/ompi/mpi
              /f90'
  >> 10319    make[3]: *** [all-recursive] Error 1
     10320    make[3]: Leaving directory `/tmp/sochat1/spack-stage/spack-stage-
              openmpi-1.1.3-2bpcubmoyhok3bhebofpk4dkkwj7w2ae/spack-src/ompi/mpi
              /f90'
  >> 10321    make[2]: *** [all-recursive] Error 1
     10322    make[2]: Leaving directory `/tmp/sochat1/spack-stage/spack-stage-
              openmpi-1.1.3-2bpcubmoyhok3bhebofpk4dkkwj7w2ae/spack-src/ompi/mpi
              '
  >> 10323    make[1]: *** [all-recursive] Error 1
     10324    make[1]: Leaving directory `/tmp/sochat1/spack-stage/spack-stage-
              openmpi-1.1.3-2bpcubmoyhok3bhebofpk4dkkwj7w2ae/spack-src/ompi'
  >> 10325    make: *** [all-recursive] Error 1

See build log for details:
  /var/tmp/sochat1/spack-stage/spack-stage-openmpi-1.1.3-2bpcubmoyhok3bhebofpk4dkkwj7w2ae/spack-build-out.txt

Making predictions for spack-test
Making predictions for symbolator
Making predictions for libabigail
abicompat not found on path, will look for spack instead.
Making predictions for actual
