/var/spool/slurmd/job97956/slurm_script: line 12: 35296 Killed                  spliced splice --package openmpi@1.1.4 --splice zlib --runner spack --replace zlib --experiment experiment --outfile /p/vast1/build/spliced-experiment/results/openmpi/1.1.4/zlib/experiment.json
==> Error: ProcessError: Command exited with status 2:
    'make' '-j16' 'V=1'

14 errors found in build log:
     10317    
     10318       10 |   call MPI_Testall(count, array_of_requests, flag, array_
              of_statuses, ierr)
     10319          |                                                   2
     10320    ......
     10321       22 |   call MPI_Testall(count, array_of_requests, flag, array_
              of_statuses, ierr)
     10322          |                                                   1
  >> 10323    Error: Type mismatch between actual argument at (1) and actual ar
              gument at (2) (REAL(8)/INTEGER(4)).
     10324    mpi_comm_spawn_multiple_f90.f90:36:57:
     10325    
     10326       16 |   call MPI_Comm_spawn_multiple(count, array_of_commands, 
              array_of_argv, &
     10327          |                                                         2
     10328    ......
     10329       36 |   call MPI_Comm_spawn_multiple(count, array_of_commands, 
              array_of_argv, &
     10330          |                                                         1
  >> 10331    Error: Type mismatch between actual argument at (1) and actual ar
              gument at (2) (REAL(8)/CHARACTER(*)).
  >> 10332    make[4]: *** [mpi_testall_f90.o] Error 1
     10333    make[4]: *** Waiting for unfinished jobs....
     10334    mpi_waitsome_f90.f90:26:76:
     10335    
     10336       12 |   call MPI_Waitsome(incount, array_of_requests, outcount,
               array_of_indices, array_of_statuses, ierr)
     10337          |                                                          
                                2
     10338    ......
     10339       26 |   call MPI_Waitsome(incount, array_of_requests, outcount,
               array_of_indices, array_of_statuses, ierr)
     10340          |                                                          
                                1
  >> 10341    Error: Type mismatch between actual argument at (1) and actual ar
              gument at (2) (REAL(8)/INTEGER(4)).
  >> 10342    make[4]: *** [mpi_comm_spawn_multiple_f90.o] Error 1
     10343    mpi_testsome_f90.f90:26:76:
     10344    
     10345       12 |   call MPI_Testsome(incount, array_of_requests, outcount,
               array_of_indices, array_of_statuses, ierr)
     10346          |                                                          
                                2
     10347    ......
     10348       26 |   call MPI_Testsome(incount, array_of_requests, outcount,
               array_of_indices, array_of_statuses, ierr)
     10349          |                                                          
                                1
  >> 10350    Error: Type mismatch between actual argument at (1) and actual ar
              gument at (2) (REAL(8)/INTEGER(4)).
     10351    mpi_waitall_f90.f90:18:45:
     10352    
     10353        8 |   call MPI_Waitall(count, array_of_requests, array_of_sta
              tuses, ierr)
     10354          |                                             2
     10355    ......
     10356       18 |   call MPI_Waitall(count, array_of_requests, array_of_sta
              tuses, ierr)
     10357          |                                             1
  >> 10358    Error: Type mismatch between actual argument at (1) and actual ar
              gument at (2) (REAL(8)/INTEGER(4)).
  >> 10359    make[4]: *** [mpi_waitsome_f90.o] Error 1
  >> 10360    make[4]: *** [mpi_testsome_f90.o] Error 1
  >> 10361    make[4]: *** [mpi_waitall_f90.o] Error 1
     10362    make[4]: Leaving directory `/tmp/sochat1/spack-stage/spack-stage-
              openmpi-1.1.4-3sfsru6ezwtnu75ca2yvjov6s6qdy2du/spack-src/ompi/mpi
              /f90'
  >> 10363    make[3]: *** [all-recursive] Error 1
     10364    make[3]: Leaving directory `/tmp/sochat1/spack-stage/spack-stage-
              openmpi-1.1.4-3sfsru6ezwtnu75ca2yvjov6s6qdy2du/spack-src/ompi/mpi
              /f90'
  >> 10365    make[2]: *** [all-recursive] Error 1
     10366    make[2]: Leaving directory `/tmp/sochat1/spack-stage/spack-stage-
              openmpi-1.1.4-3sfsru6ezwtnu75ca2yvjov6s6qdy2du/spack-src/ompi/mpi
              '
  >> 10367    make[1]: *** [all-recursive] Error 1
     10368    make[1]: Leaving directory `/tmp/sochat1/spack-stage/spack-stage-
              openmpi-1.1.4-3sfsru6ezwtnu75ca2yvjov6s6qdy2du/spack-src/ompi'
  >> 10369    make: *** [all-recursive] Error 1

See build log for details:
  /var/tmp/sochat1/spack-stage/spack-stage-openmpi-1.1.4-3sfsru6ezwtnu75ca2yvjov6s6qdy2du/spack-build-out.txt

Making predictions for spack-test
Making predictions for symbolator
Making predictions for libabigail
abicompat not found on path, will look for spack instead.
Making predictions for actual
