/var/spool/slurmd/job97971/slurm_script: line 12: 41123 Killed                  spliced splice --package openmpi@1.4.1 --splice zlib --runner spack --replace zlib --experiment experiment --outfile /p/vast1/build/spliced-experiment/results/openmpi/1.4.1/zlib/experiment.json
==> Error: ProcessError: Command exited with status 2:
    'make' '-j16' 'V=1'

17 errors found in build log:
     1851     checking whether the /p/vast1/build/spack/lib/spack/env/gcc/g++ l
              inker (/usr/tce/packages/gcc/gcc-10.2.1/rh/usr/libexec/gcc/x86_64
              -redhat-linux/10/ld -m elf_x86_64) supports shared libraries... y
              es
     1852     checking dynamic linker characteristics... GNU/Linux ld.so
     1853     checking how to hardcode library paths into programs... immediate
     1854     checking vtf3.h usability... no
     1855     checking vtf3.h presence... no
     1856     checking for vtf3.h... no
  >> 1857     configure: error: no vtf3.h found; check path for VTF3 package fi
              rst...
     1858     checking zlib.h usability... yes
     1859     checking zlib.h presence... yes
     1860     checking for zlib.h... yes
     1861     checking for ANSI C header files... (cached) yes
     1862     checking stddef.h usability... yes
     1863     checking stddef.h presence... yes

     ...

     1912     checking demangle.h usability... yes
     1913     checking demangle.h presence... yes
     1914     checking for demangle.h... yes
     1915     checking BPatch.h usability... no
     1916     checking BPatch.h presence... no
     1917     checking for BPatch.h... no
  >> 1918     configure: error: no BPatch.h found; check path for Dyninst packa
              ge first...
     1919     configure: skipped further tests for MPI
     1920     checking for OpenMP flag of C compiler... -fopenmp
     1921     checking omp.h usability... yes
     1922     checking omp.h presence... yes
     1923     checking for omp.h... yes
     1924     checking malloc.h usability... yes

     ...

     1944     checking for pwrite64... yes
     1945     checking papi.h usability... yes
     1946     checking papi.h presence... yes
     1947     checking for papi.h... yes
     1948     checking whether linking with -lpapi works... yes
     1949     checking whether PAPI version = 3.x... no
  >> 1950     configure: error: PAPI version could not be determined and/or is 
              incompatible (!= 3.x)
     1951     See `config.log' for more details.
     1952     configure: creating ./config.status
     1953     config.status: creating Makefile
     1954     config.status: creating util/Makefile
     1955     config.status: creating extlib/Makefile
     1956     config.status: creating vtlib/Makefile

     ...

     13383    
     13384       16 |   call MPI_Comm_spawn_multiple(count, array_of_commands, 
              array_of_argv, &
     13385          |                                                         2
     13386    ......
     13387       36 |   call MPI_Comm_spawn_multiple(count, array_of_commands, 
              array_of_argv, &
     13388          |                                                         1
  >> 13389    Error: Type mismatch between actual argument at (1) and actual ar
              gument at (2) (REAL(8)/CHARACTER(*)).
     13390    mpi_testsome_f90.f90:26:76:
     13391    
     13392       12 |   call MPI_Testsome(incount, array_of_requests, outcount,
               array_of_indices, array_of_statuses, ierr)
     13393          |                                                          
                                2
     13394    ......
     13395       26 |   call MPI_Testsome(incount, array_of_requests, outcount,
               array_of_indices, array_of_statuses, ierr)
     13396          |                                                          
                                1
  >> 13397    Error: Type mismatch between actual argument at (1) and actual ar
              gument at (2) (REAL(8)/INTEGER(4)).
     13398    mpi_testall_f90.f90:22:51:
     13399    
     13400       10 |   call MPI_Testall(count, array_of_requests, flag, array_
              of_statuses, ierr)
     13401          |                                                   2
     13402    ......
     13403       22 |   call MPI_Testall(count, array_of_requests, flag, array_
              of_statuses, ierr)
     13404          |                                                   1
  >> 13405    Error: Type mismatch between actual argument at (1) and actual ar
              gument at (2) (REAL(8)/INTEGER(4)).
  >> 13406    make[4]: *** [mpi_comm_spawn_multiple_f90.lo] Error 1
     13407    make[4]: *** Waiting for unfinished jobs....
  >> 13408    make[4]: *** [mpi_testsome_f90.lo] Error 1
     13409    mpi_waitsome_f90.f90:26:76:
     13410    
     13411       12 |   call MPI_Waitsome(incount, array_of_requests, outcount,
               array_of_indices, array_of_statuses, ierr)
     13412          |                                                          
                                2
     13413    ......
     13414       26 |   call MPI_Waitsome(incount, array_of_requests, outcount,
               array_of_indices, array_of_statuses, ierr)
     13415          |                                                          
                                1
  >> 13416    Error: Type mismatch between actual argument at (1) and actual ar
              gument at (2) (REAL(8)/INTEGER(4)).
     13417    mpi_waitall_f90.f90:18:45:
     13418    
     13419        8 |   call MPI_Waitall(count, array_of_requests, array_of_sta
              tuses, ierr)
     13420          |                                             2
     13421    ......
     13422       18 |   call MPI_Waitall(count, array_of_requests, array_of_sta
              tuses, ierr)
     13423          |                                             1
  >> 13424    Error: Type mismatch between actual argument at (1) and actual ar
              gument at (2) (REAL(8)/INTEGER(4)).
  >> 13425    make[4]: *** [mpi_testall_f90.lo] Error 1
  >> 13426    make[4]: *** [mpi_waitsome_f90.lo] Error 1
  >> 13427    make[4]: *** [mpi_waitall_f90.lo] Error 1
     13428    libtool: compile:  /p/vast1/build/spack/lib/spack/env/gcc/gfortra
              n -I../../../ompi/include -I/var/tmp/sochat1/spack-stage/spack-st
              age-openmpi-1.4.1-keoymdwys2pwpsb3mmkiwlxlrz6qiqik/spack-src/ompi
              /include -I. -I/var/tmp/sochat1/spack-stage/spack-stage-openmpi-1
              .4.1-keoymdwys2pwpsb3mmkiwlxlrz6qiqik/spack-src/ompi/mpi/f90 -I..
              /../../ompi/mpi/f90 -c mpi_wtick_f90.f90 -o mpi_wtick_f90.o >/dev
              /null 2>&1
     13429    libtool: compile:  /p/vast1/build/spack/lib/spack/env/gcc/gfortra
              n -I../../../ompi/include -I/var/tmp/sochat1/spack-stage/spack-st
              age-openmpi-1.4.1-keoymdwys2pwpsb3mmkiwlxlrz6qiqik/spack-src/ompi
              /include -I. -I/var/tmp/sochat1/spack-stage/spack-stage-openmpi-1
              .4.1-keoymdwys2pwpsb3mmkiwlxlrz6qiqik/spack-src/ompi/mpi/f90 -I..
              /../../ompi/mpi/f90 -c mpi_wtime_f90.f90 -o mpi_wtime_f90.o >/dev
              /null 2>&1
     13430    libtool: compile:  /p/vast1/build/spack/lib/spack/env/gcc/gfortra
              n -I../../../ompi/include -I/var/tmp/sochat1/spack-stage/spack-st
              age-openmpi-1.4.1-keoymdwys2pwpsb3mmkiwlxlrz6qiqik/spack-src/ompi
              /include -I. -I/var/tmp/sochat1/spack-stage/spack-stage-openmpi-1
              .4.1-keoymdwys2pwpsb3mmkiwlxlrz6qiqik/spack-src/ompi/mpi/f90 -I..
              /../../ompi/mpi/f90 -c mpi_sizeof.f90 -o mpi_sizeof.o >/dev/null 
              2>&1
     13431    libtool: compile:  /p/vast1/build/spack/lib/spack/env/gcc/gfortra
              n -I../../../ompi/include -I/var/tmp/sochat1/spack-stage/spack-st
              age-openmpi-1.4.1-keoymdwys2pwpsb3mmkiwlxlrz6qiqik/spack-src/ompi
              /include -I. -I/var/tmp/sochat1/spack-stage/spack-stage-openmpi-1
              .4.1-keoymdwys2pwpsb3mmkiwlxlrz6qiqik/spack-src/ompi/mpi/f90 -I..
              /../../ompi/mpi/f90 -c mpi.f90 -o mpi.o >/dev/null 2>&1
     13432    make[4]: Leaving directory `/tmp/sochat1/spack-stage/spack-stage-
              openmpi-1.4.1-keoymdwys2pwpsb3mmkiwlxlrz6qiqik/spack-src/ompi/mpi
              /f90'
  >> 13433    make[3]: *** [all-recursive] Error 1
     13434    make[3]: Leaving directory `/tmp/sochat1/spack-stage/spack-stage-
              openmpi-1.4.1-keoymdwys2pwpsb3mmkiwlxlrz6qiqik/spack-src/ompi/mpi
              /f90'
  >> 13435    make[2]: *** [all] Error 2
     13436    make[2]: Leaving directory `/tmp/sochat1/spack-stage/spack-stage-
              openmpi-1.4.1-keoymdwys2pwpsb3mmkiwlxlrz6qiqik/spack-src/ompi/mpi
              /f90'
  >> 13437    make[1]: *** [all-recursive] Error 1
     13438    make[1]: Leaving directory `/tmp/sochat1/spack-stage/spack-stage-
              openmpi-1.4.1-keoymdwys2pwpsb3mmkiwlxlrz6qiqik/spack-src/ompi'
  >> 13439    make: *** [all-recursive] Error 1

See build log for details:
  /var/tmp/sochat1/spack-stage/spack-stage-openmpi-1.4.1-keoymdwys2pwpsb3mmkiwlxlrz6qiqik/spack-build-out.txt

Making predictions for spack-test
Making predictions for symbolator
Making predictions for libabigail
abicompat not found on path, will look for spack instead.
Making predictions for actual
