Traceback (most recent call last):
  File "/p/vast1/build/anaconda3/bin/spliced", line 11, in <module>
    load_entry_point('spliced', 'console_scripts', 'spliced')()
  File "/p/vast1/build/spliced/spliced/client/__init__.py", line 237, in run_spliced
    main(args=args, parser=parser, extra=extra, subparser=helper)
  File "/p/vast1/build/spliced/spliced/client/splice.py", line 15, in main
    run_spack_experiment(args, command=" ".join(extra))
  File "/p/vast1/build/spliced/spliced/client/splice.py", line 47, in run_spack_experiment
    experiment.run()
  File "/p/vast1/build/spliced/spliced/experiment/spack.py", line 52, in run
    spec_main = Spec(self.package).concretized()
  File "/p/vast1/build/spack/lib/spack/spack/spec.py", line 2684, in concretized
    clone.concretize(tests=tests)
  File "/p/vast1/build/spack/lib/spack/spack/spec.py", line 2646, in concretize
    self._new_concretize(tests)
  File "/p/vast1/build/spack/lib/spack/spack/spec.py", line 2619, in _new_concretize
    result = solver.solve([self], tests=tests)
  File "/p/vast1/build/spack/lib/spack/spack/solver/asp.py", line 2114, in solve
    setup_only=setup_only,
  File "/p/vast1/build/spack/lib/spack/spack/solver/asp.py", line 639, in solve
    answers = builder.build_specs(tuples)
  File "/p/vast1/build/spack/lib/spack/spack/solver/asp.py", line 2037, in build_specs
    spack.spec.Spec.ensure_no_deprecated(s)
  File "/p/vast1/build/spack/lib/spack/spack/spec.py", line 2594, in ensure_no_deprecated
    with spack.store.db.read_transaction():
  File "/p/vast1/build/spack/lib/spack/llnl/util/lock.py", line 684, in __enter__
    if self._enter() and self._acquire_fn:
  File "/p/vast1/build/spack/lib/spack/llnl/util/lock.py", line 711, in _enter
    return self._lock.acquire_read(self._timeout)
  File "/p/vast1/build/spack/lib/spack/llnl/util/lock.py", line 423, in acquire_read
    wait_time, nattempts = self._lock(fcntl.LOCK_SH, timeout=timeout)
  File "/p/vast1/build/spack/lib/spack/spack/util/lock.py", line 32, in _lock
    return super(Lock, self)._lock(op, timeout)
  File "/p/vast1/build/spack/lib/spack/llnl/util/lock.py", line 316, in _lock
    .format(lock_type[op]))
llnl.util.lock.LockTimeoutError: Timed out waiting for a read lock.
==> Error: ProcessError: Command exited with status 2:
    'make' '-j16' 'V=1'

14 errors found in build log:
     10273    
     10274       16 |   call MPI_Comm_spawn_multiple(count, array_of_commands, 
              array_of_argv, &
     10275          |                                                         2
     10276    ......
     10277       36 |   call MPI_Comm_spawn_multiple(count, array_of_commands, 
              array_of_argv, &
     10278          |                                                         1
  >> 10279    Error: Type mismatch between actual argument at (1) and actual ar
              gument at (2) (REAL(8)/CHARACTER(*)).
     10280    mpi_waitall_f90.f90:18:45:
     10281    
     10282        8 |   call MPI_Waitall(count, array_of_requests, array_of_sta
              tuses, ierr)
     10283          |                                             2
     10284    ......
     10285       18 |   call MPI_Waitall(count, array_of_requests, array_of_sta
              tuses, ierr)
     10286          |                                             1
  >> 10287    Error: Type mismatch between actual argument at (1) and actual ar
              gument at (2) (REAL(8)/INTEGER(4)).
     10288    mpi_testall_f90.f90:22:51:
     10289    
     10290       10 |   call MPI_Testall(count, array_of_requests, flag, array_
              of_statuses, ierr)
     10291          |                                                   2
     10292    ......
     10293       22 |   call MPI_Testall(count, array_of_requests, flag, array_
              of_statuses, ierr)
     10294          |                                                   1
  >> 10295    Error: Type mismatch between actual argument at (1) and actual ar
              gument at (2) (REAL(8)/INTEGER(4)).
     10296    mpi_testsome_f90.f90:26:76:
     10297    
     10298       12 |   call MPI_Testsome(incount, array_of_requests, outcount,
               array_of_indices, array_of_statuses, ierr)
     10299          |                                                          
                                2
     10300    ......
     10301       26 |   call MPI_Testsome(incount, array_of_requests, outcount,
               array_of_indices, array_of_statuses, ierr)
     10302          |                                                          
                                1
  >> 10303    Error: Type mismatch between actual argument at (1) and actual ar
              gument at (2) (REAL(8)/INTEGER(4)).
  >> 10304    make[4]: *** [mpi_comm_spawn_multiple_f90.o] Error 1
     10305    make[4]: *** Waiting for unfinished jobs....
  >> 10306    make[4]: *** [mpi_waitall_f90.o] Error 1
     10307    mpi_waitsome_f90.f90:26:76:
     10308    
     10309       12 |   call MPI_Waitsome(incount, array_of_requests, outcount,
               array_of_indices, array_of_statuses, ierr)
     10310          |                                                          
                                2
     10311    ......
     10312       26 |   call MPI_Waitsome(incount, array_of_requests, outcount,
               array_of_indices, array_of_statuses, ierr)
     10313          |                                                          
                                1
  >> 10314    Error: Type mismatch between actual argument at (1) and actual ar
              gument at (2) (REAL(8)/INTEGER(4)).
  >> 10315    make[4]: *** [mpi_testall_f90.o] Error 1
  >> 10316    make[4]: *** [mpi_testsome_f90.o] Error 1
  >> 10317    make[4]: *** [mpi_waitsome_f90.o] Error 1
     10318    make[4]: Leaving directory `/tmp/sochat1/spack-stage/spack-stage-
              openmpi-1.1.3-2bpcubmoyhok3bhebofpk4dkkwj7w2ae/spack-src/ompi/mpi
              /f90'
  >> 10319    make[3]: *** [all-recursive] Error 1
     10320    make[3]: Leaving directory `/tmp/sochat1/spack-stage/spack-stage-
              openmpi-1.1.3-2bpcubmoyhok3bhebofpk4dkkwj7w2ae/spack-src/ompi/mpi
              /f90'
  >> 10321    make[2]: *** [all-recursive] Error 1
     10322    make[2]: Leaving directory `/tmp/sochat1/spack-stage/spack-stage-
              openmpi-1.1.3-2bpcubmoyhok3bhebofpk4dkkwj7w2ae/spack-src/ompi/mpi
              '
  >> 10323    make[1]: *** [all-recursive] Error 1
     10324    make[1]: Leaving directory `/tmp/sochat1/spack-stage/spack-stage-
              openmpi-1.1.3-2bpcubmoyhok3bhebofpk4dkkwj7w2ae/spack-src/ompi'
  >> 10325    make: *** [all-recursive] Error 1

See build log for details:
  /var/tmp/sochat1/spack-stage/spack-stage-openmpi-1.1.3-2bpcubmoyhok3bhebofpk4dkkwj7w2ae/spack-build-out.txt

Making predictions for spack-test
Making predictions for symbolator
Making predictions for libabigail
abicompat not found on path, will look for spack instead.
Making predictions for actual
