/var/spool/slurmd/job97818/slurm_script: line 12: 25272 Killed                  spliced splice --package openmpi@3.1.6 --splice perl --runner spack --replace perl --experiment experiment --outfile /p/vast1/build/spliced-experiment/results/openmpi/3.1.6/perl/experiment.json
==> Error: Failed to upgrade to a write lock for perl-5.24.1-qomsd3cjxred2h36pby2mozfpfuwds3s due to LockUpgradeError: Cannot upgrade lock from read to write on file: /p/vast1/build/spack/opt/spack/.spack-db/prefix_lock
==> Warning: AssertionError exception when releasing read lock for perl-5.24.1-qomsd3cjxred2h36pby2mozfpfuwds3s: 
==> Error: Failed to upgrade to a write lock for perl-5.22.4-nmbmnokvvmsjv37nfhupjt2upqmvveqh due to LockUpgradeError: Cannot upgrade lock from read to write on file: /p/vast1/build/spack/opt/spack/.spack-db/prefix_lock
==> Warning: AssertionError exception when releasing read lock for perl-5.22.4-nmbmnokvvmsjv37nfhupjt2upqmvveqh: 
==> Warning: perl-5.22.3-5f4pgummlrva2d3on5eiqsewg4wfd3mf failed to install
==> Warning: AssertionError exception when releasing read lock for perl-5.22.3-5f4pgummlrva2d3on5eiqsewg4wfd3mf: 
==> Error: perl-5.22.3-5f4pgummlrva2d3on5eiqsewg4wfd3mf: Package was not installed
==> Warning: perl-5.22.2-mnsbrrcxg6r5edw63byrwn6e2t332ett failed to install
==> Warning: AssertionError exception when releasing read lock for perl-5.22.2-mnsbrrcxg6r5edw63byrwn6e2t332ett: 
==> Error: perl-5.22.2-mnsbrrcxg6r5edw63byrwn6e2t332ett: Package was not installed
==> Warning: perl-5.22.1-zsiv4op6nklvmyeqw4hi3cjl27j5maa4 failed to install
==> Warning: AssertionError exception when releasing read lock for perl-5.22.1-zsiv4op6nklvmyeqw4hi3cjl27j5maa4: 
==> Error: perl-5.22.1-zsiv4op6nklvmyeqw4hi3cjl27j5maa4: Package was not installed
==> Error: FileNotFoundError: [Errno 2] No such file or directory: 'lib/perlbug.t'

/p/vast1/build/spack/var/spack/repos/builtin/packages/perl/package.py:135, in patch:
        133    def patch(self):
        134        # https://github.com/Perl/perl5/issues/15544 long PATH(>1000 chars) fails a test
  >>    135        os.chmod('lib/perlbug.t', 0o644)
        136        filter_file('!/$B/', '! (/(?:$B|PATH)/)', 'lib/perlbug.t')


==> Error: FileNotFoundError: [Errno 2] No such file or directory: 'lib/perlbug.t'

/p/vast1/build/spack/var/spack/repos/builtin/packages/perl/package.py:135, in patch:
        133    def patch(self):
        134        # https://github.com/Perl/perl5/issues/15544 long PATH(>1000 chars) fails a test
  >>    135        os.chmod('lib/perlbug.t', 0o644)
        136        filter_file('!/$B/', '! (/(?:$B|PATH)/)', 'lib/perlbug.t')


==> Error: FileNotFoundError: [Errno 2] No such file or directory: 'lib/perlbug.t'

/p/vast1/build/spack/var/spack/repos/builtin/packages/perl/package.py:135, in patch:
        133    def patch(self):
        134        # https://github.com/Perl/perl5/issues/15544 long PATH(>1000 chars) fails a test
  >>    135        os.chmod('lib/perlbug.t', 0o644)
        136        filter_file('!/$B/', '! (/(?:$B|PATH)/)', 'lib/perlbug.t')


==> Error: FileNotFoundError: [Errno 2] No such file or directory: 'lib/perlbug.t'

/p/vast1/build/spack/var/spack/repos/builtin/packages/perl/package.py:135, in patch:
        133    def patch(self):
        134        # https://github.com/Perl/perl5/issues/15544 long PATH(>1000 chars) fails a test
  >>    135        os.chmod('lib/perlbug.t', 0o644)
        136        filter_file('!/$B/', '! (/(?:$B|PATH)/)', 'lib/perlbug.t')


Making predictions for spack-test
Making predictions for symbolator
Making predictions for libabigail
abicompat not found on path, will look for spack instead.
Making predictions for actual
