/var/spool/slurmd/job97959/slurm_script: line 12: 35808 Killed                  spliced splice --package openmpi@1.2.5 --splice zlib --runner spack --replace zlib --experiment experiment --outfile /p/vast1/build/spliced-experiment/results/openmpi/1.2.5/zlib/experiment.json
==> Error: ProcessError: Command exited with status 1:
    '/var/tmp/sochat1/spack-stage/spack-stage-openmpi-1.2.5-kvnyttjjnvrdtr4liumvj4fvg3asuogm/spack-src/configure' '--prefix=/p/vast1/build/spack/opt/spack/linux-rhel7-broadwell/gcc-10.2.1/openmpi-1.2.5-kvnyttjjnvrdtr4liumvj4fvg3asuogm' '--enable-shared' '--disable-silent-rules' '--disable-builtin-atomics' '--enable-static' '--without-pmi' '--without-hcoll' '--without-ucx' '--without-fca' '--without-psm2' '--without-openib' '--without-knem' '--without-libfabric' '--without-psm' '--without-xpmem' '--without-cma' '--without-mxm' '--without-sge' '--without-tm' '--without-loadleveler' '--without-slurm' '--without-alps' '--without-lsf' '--disable-memchecker' '--with-gpfs' '--without-sqlite3' '--disable-wrapper-rpath' '--disable-mpi-cxx' '--disable-cxx-exceptions'

16 errors found in build log:
     3       ==> [2022-03-04-20:16:21.866146] '/var/tmp/sochat1/spack-stage/spa
             ck-stage-openmpi-1.2.5-kvnyttjjnvrdtr4liumvj4fvg3asuogm/spack-src/
             configure' '--prefix=/p/vast1/build/spack/opt/spack/linux-rhel7-br
             oadwell/gcc-10.2.1/openmpi-1.2.5-kvnyttjjnvrdtr4liumvj4fvg3asuogm'
              '--enable-shared' '--disable-silent-rules' '--disable-builtin-ato
             mics' '--enable-static' '--without-pmi' '--without-hcoll' '--witho
             ut-ucx' '--without-fca' '--without-psm2' '--without-openib' '--wit
             hout-knem' '--without-libfabric' '--without-psm' '--without-xpmem'
              '--without-cma' '--without-mxm' '--without-sge' '--without-tm' '-
             -without-loadleveler' '--without-slurm' '--without-alps' '--withou
             t-lsf' '--disable-memchecker' '--with-gpfs' '--without-sqlite3' '-
             -disable-wrapper-rpath' '--disable-mpi-cxx' '--disable-cxx-excepti
             ons'
     4       checking for a BSD-compatible install... /usr/bin/install -c
     5       checking whether build environment is sane... yes
     6       checking for a thread-safe mkdir -p... /usr/bin/mkdir -p
     7       checking for gawk... gawk
     8       checking whether make sets $(MAKE)... yes
  >> 9       configure: error: source directory already configured; run "make d
             istclean" there first
     10      ==> openmpi: Executing phase: 'build'
     11      ==> [2022-03-02-02:20:01.244566] 'make' '-j16' 'V=1'
     12      Making all in config
     13      make[1]: Entering directory `/tmp/sochat1/spack-stage/spack-stage-
             openmpi-1.2.5-kvnyttjjnvrdtr4liumvj4fvg3asuogm/spack-src/config'
     14      make[1]: Nothing to be done for `all'.
     15      make[1]: Leaving directory `/tmp/sochat1/spack-stage/spack-stage-o
             penmpi-1.2.5-kvnyttjjnvrdtr4liumvj4fvg3asuogm/spack-src/config'

     ...

     8557    
     8558       16 |   call MPI_Comm_spawn_multiple(count, array_of_commands, a
             rray_of_argv, &
     8559          |                                                         2
     8560    ......
     8561       36 |   call MPI_Comm_spawn_multiple(count, array_of_commands, a
             rray_of_argv, &
     8562          |                                                         1
  >> 8563    Error: Type mismatch between actual argument at (1) and actual arg
             ument at (2) (REAL(8)/CHARACTER(*)).
  >> 8564    make[5]: *** [mpi_comm_spawn_multiple_f90.lo] Error 1
     8565    make[5]: *** Waiting for unfinished jobs....
     8566    mpi_waitsome_f90.f90:26:76:
     8567    
     8568       12 |   call MPI_Waitsome(incount, array_of_requests, outcount, 
             array_of_indices, array_of_statuses, ierr)
     8569          |                                                           
                              2
     8570    ......
     8571       26 |   call MPI_Waitsome(incount, array_of_requests, outcount, 
             array_of_indices, array_of_statuses, ierr)
     8572          |                                                           
                              1
  >> 8573    Error: Type mismatch between actual argument at (1) and actual arg
             ument at (2) (REAL(8)/INTEGER(4)).
     8574    mpi_testall_f90.f90:22:51:
     8575    
     8576       10 |   call MPI_Testall(count, array_of_requests, flag, array_o
             f_statuses, ierr)
     8577          |                                                   2
     8578    ......
     8579       22 |   call MPI_Testall(count, array_of_requests, flag, array_o
             f_statuses, ierr)
     8580          |                                                   1
  >> 8581    Error: Type mismatch between actual argument at (1) and actual arg
             ument at (2) (REAL(8)/INTEGER(4)).
  >> 8582    make[5]: *** [mpi_waitsome_f90.lo] Error 1
  >> 8583    make[5]: *** [mpi_testall_f90.lo] Error 1
     8584    mpi_testsome_f90.f90:26:76:
     8585    
     8586       12 |   call MPI_Testsome(incount, array_of_requests, outcount, 
             array_of_indices, array_of_statuses, ierr)
     8587          |                                                           
                              2
     8588    ......
     8589       26 |   call MPI_Testsome(incount, array_of_requests, outcount, 
             array_of_indices, array_of_statuses, ierr)
     8590          |                                                           
                              1
  >> 8591    Error: Type mismatch between actual argument at (1) and actual arg
             ument at (2) (REAL(8)/INTEGER(4)).
     8592    mpi_waitall_f90.f90:18:45:
     8593    
     8594        8 |   call MPI_Waitall(count, array_of_requests, array_of_stat
             uses, ierr)
     8595          |                                             2
     8596    ......
     8597       18 |   call MPI_Waitall(count, array_of_requests, array_of_stat
             uses, ierr)
     8598          |                                             1
  >> 8599    Error: Type mismatch between actual argument at (1) and actual arg
             ument at (2) (REAL(8)/INTEGER(4)).
  >> 8600    make[5]: *** [mpi_testsome_f90.lo] Error 1
  >> 8601    make[5]: *** [mpi_waitall_f90.lo] Error 1
     8602    libtool: compile:  /p/vast1/build/spack/lib/spack/env/gcc/gfortran
              -I../../../ompi/include -I/var/tmp/sochat1/spack-stage/spack-stag
             e-openmpi-1.2.5-kvnyttjjnvrdtr4liumvj4fvg3asuogm/spack-src/ompi/in
             clude -I. -I/var/tmp/sochat1/spack-stage/spack-stage-openmpi-1.2.5
             -kvnyttjjnvrdtr4liumvj4fvg3asuogm/spack-src/ompi/mpi/f90 -I../../.
             ./ompi/mpi/f90 -c mpi_wtime_f90.f90 -o mpi_wtime_f90.o >/dev/null 
             2>&1
     8603    libtool: compile:  /p/vast1/build/spack/lib/spack/env/gcc/gfortran
              -I../../../ompi/include -I/var/tmp/sochat1/spack-stage/spack-stag
             e-openmpi-1.2.5-kvnyttjjnvrdtr4liumvj4fvg3asuogm/spack-src/ompi/in
             clude -I. -I/var/tmp/sochat1/spack-stage/spack-stage-openmpi-1.2.5
             -kvnyttjjnvrdtr4liumvj4fvg3asuogm/spack-src/ompi/mpi/f90 -I../../.
             ./ompi/mpi/f90 -c mpi_wtick_f90.f90 -o mpi_wtick_f90.o >/dev/null 
             2>&1
     8604    libtool: compile:  /p/vast1/build/spack/lib/spack/env/gcc/gfortran
              -I../../../ompi/include -I/var/tmp/sochat1/spack-stage/spack-stag
             e-openmpi-1.2.5-kvnyttjjnvrdtr4liumvj4fvg3asuogm/spack-src/ompi/in
             clude -I. -I/var/tmp/sochat1/spack-stage/spack-stage-openmpi-1.2.5
             -kvnyttjjnvrdtr4liumvj4fvg3asuogm/spack-src/ompi/mpi/f90 -I../../.
             ./ompi/mpi/f90 -c mpi.f90 -o mpi.o >/dev/null 2>&1
     8605    libtool: compile:  /p/vast1/build/spack/lib/spack/env/gcc/gfortran
              -I../../../ompi/include -I/var/tmp/sochat1/spack-stage/spack-stag
             e-openmpi-1.2.5-kvnyttjjnvrdtr4liumvj4fvg3asuogm/spack-src/ompi/in
             clude -I. -I/var/tmp/sochat1/spack-stage/spack-stage-openmpi-1.2.5
             -kvnyttjjnvrdtr4liumvj4fvg3asuogm/spack-src/ompi/mpi/f90 -I../../.
             ./ompi/mpi/f90 -c mpi_sizeof.f90 -o mpi_sizeof.o >/dev/null 2>&1
     8606    make[5]: Leaving directory `/tmp/sochat1/spack-stage/spack-stage-o
             penmpi-1.2.5-kvnyttjjnvrdtr4liumvj4fvg3asuogm/spack-src/ompi/mpi/f
             90'
  >> 8607    make[4]: *** [all-recursive] Error 1
     8608    make[4]: Leaving directory `/tmp/sochat1/spack-stage/spack-stage-o
             penmpi-1.2.5-kvnyttjjnvrdtr4liumvj4fvg3asuogm/spack-src/ompi/mpi/f
             90'
  >> 8609    make[3]: *** [all] Error 2
     8610    make[3]: Leaving directory `/tmp/sochat1/spack-stage/spack-stage-o
             penmpi-1.2.5-kvnyttjjnvrdtr4liumvj4fvg3asuogm/spack-src/ompi/mpi/f
             90'
  >> 8611    make[2]: *** [all-recursive] Error 1
     8612    make[2]: Leaving directory `/tmp/sochat1/spack-stage/spack-stage-o
             penmpi-1.2.5-kvnyttjjnvrdtr4liumvj4fvg3asuogm/spack-src/ompi/mpi'
  >> 8613    make[1]: *** [all-recursive] Error 1
     8614    make[1]: Leaving directory `/tmp/sochat1/spack-stage/spack-stage-o
             penmpi-1.2.5-kvnyttjjnvrdtr4liumvj4fvg3asuogm/spack-src/ompi'
  >> 8615    make: *** [all-recursive] Error 1

See build log for details:
  /var/tmp/sochat1/spack-stage/spack-stage-openmpi-1.2.5-kvnyttjjnvrdtr4liumvj4fvg3asuogm/spack-build-out.txt

Making predictions for spack-test
Making predictions for symbolator
Making predictions for libabigail
abicompat not found on path, will look for spack instead.
Making predictions for actual
