==> Error: ProcessError: Command exited with status 1:
    '/var/tmp/sochat1/spack-stage/spack-stage-openmpi-1.1.5-bucvf7khf33x7urtvsbxxzb4oxshpn35/spack-src/configure' '--prefix=/p/vast1/build/spack/opt/spack/linux-rhel7-broadwell/gcc-10.2.1/openmpi-1.1.5-bucvf7khf33x7urtvsbxxzb4oxshpn35' '--enable-shared' '--disable-silent-rules' '--disable-builtin-atomics' '--enable-static' '--without-pmi' '--without-psm2' '--without-openib' '--without-xpmem' '--without-hcoll' '--without-ucx' '--without-libfabric' '--without-knem' '--without-cma' '--without-psm' '--without-fca' '--without-mxm' '--without-lsf' '--without-alps' '--without-loadleveler' '--without-sge' '--without-slurm' '--without-tm' '--disable-memchecker' '--with-gpfs' '--without-sqlite3' '--disable-wrapper-rpath' '--disable-mpi-cxx' '--disable-cxx-exceptions'

7 errors found in build log:
     2       ==> openmpi: Executing phase: 'configure'
     3       ==> [2022-02-26-04:48:03.918532] '/var/tmp/sochat1/spack-stage/spa
             ck-stage-openmpi-1.1.5-bucvf7khf33x7urtvsbxxzb4oxshpn35/spack-src/
             configure' '--prefix=/p/vast1/build/spack/opt/spack/linux-rhel7-br
             oadwell/gcc-10.2.1/openmpi-1.1.5-bucvf7khf33x7urtvsbxxzb4oxshpn35'
              '--enable-shared' '--disable-silent-rules' '--disable-builtin-ato
             mics' '--enable-static' '--without-pmi' '--without-psm2' '--withou
             t-openib' '--without-xpmem' '--without-hcoll' '--without-ucx' '--w
             ithout-libfabric' '--without-knem' '--without-cma' '--without-psm'
              '--without-fca' '--without-mxm' '--without-lsf' '--without-alps' 
             '--without-loadleveler' '--without-sge' '--without-slurm' '--witho
             ut-tm' '--disable-memchecker' '--with-gpfs' '--without-sqlite3' '-
             -disable-wrapper-rpath' '--disable-mpi-cxx' '--disable-cxx-excepti
             ons'
     4       checking for a BSD-compatible install... /usr/bin/install -c
     5       checking whether build environment is sane... yes
     6       checking for gawk... gawk
     7       checking whether make sets $(MAKE)... yes
  >> 8       configure: error: source directory already configured; run "make d
             istclean" there first
     9       ==> openmpi: Executing phase: 'build'
     10      ==> [2022-02-25-21:12:51.619771] 'make' '-j2' 'V=1'
     11      Making all in config
     12      make[1]: Entering directory `/tmp/sochat1/spack-stage/spack-stage-
             openmpi-1.1.5-bucvf7khf33x7urtvsbxxzb4oxshpn35/spack-src/config'
     13      make[1]: Nothing to be done for `all'.
     14      make[1]: Leaving directory `/tmp/sochat1/spack-stage/spack-stage-o
             penmpi-1.1.5-bucvf7khf33x7urtvsbxxzb4oxshpn35/spack-src/config'

     ...

     8309    
     8310       16 |   call MPI_Comm_spawn_multiple(count, array_of_commands, a
             rray_of_argv, &
     8311          |                                                         2
     8312    ......
     8313       36 |   call MPI_Comm_spawn_multiple(count, array_of_commands, a
             rray_of_argv, &
     8314          |                                                         1
  >> 8315    Error: Type mismatch between actual argument at (1) and actual arg
             ument at (2) (REAL(8)/CHARACTER(*)).
  >> 8316    make[4]: *** [mpi_comm_spawn_multiple_f90.o] Error 1
     8317    make[4]: *** Waiting for unfinished jobs....
     8318    make[4]: Leaving directory `/tmp/sochat1/spack-stage/spack-stage-o
             penmpi-1.1.5-bucvf7khf33x7urtvsbxxzb4oxshpn35/spack-src/ompi/mpi/f
             90'
  >> 8319    make[3]: *** [all-recursive] Error 1
     8320    make[3]: Leaving directory `/tmp/sochat1/spack-stage/spack-stage-o
             penmpi-1.1.5-bucvf7khf33x7urtvsbxxzb4oxshpn35/spack-src/ompi/mpi/f
             90'
  >> 8321    make[2]: *** [all-recursive] Error 1
     8322    make[2]: Leaving directory `/tmp/sochat1/spack-stage/spack-stage-o
             penmpi-1.1.5-bucvf7khf33x7urtvsbxxzb4oxshpn35/spack-src/ompi/mpi'
  >> 8323    make[1]: *** [all-recursive] Error 1
     8324    make[1]: Leaving directory `/tmp/sochat1/spack-stage/spack-stage-o
             penmpi-1.1.5-bucvf7khf33x7urtvsbxxzb4oxshpn35/spack-src/ompi'
  >> 8325    make: *** [all-recursive] Error 1

See build log for details:
  /var/tmp/sochat1/spack-stage/spack-stage-openmpi-1.1.5-bucvf7khf33x7urtvsbxxzb4oxshpn35/spack-build-out.txt

Making predictions for symbolator
Making predictions for libabigail
Making predictions for actual
==> Error: ProcessError: Command exited with status 2:
    'make' '-j16' 'V=1'

14 errors found in build log:
     10264    
     10265       10 |   call MPI_Testall(count, array_of_requests, flag, array_
              of_statuses, ierr)
     10266          |                                                   2
     10267    ......
     10268       22 |   call MPI_Testall(count, array_of_requests, flag, array_
              of_statuses, ierr)
     10269          |                                                   1
  >> 10270    Error: Type mismatch between actual argument at (1) and actual ar
              gument at (2) (REAL(8)/INTEGER(4)).
     10271    mpi_testsome_f90.f90:26:76:
     10272    
     10273       12 |   call MPI_Testsome(incount, array_of_requests, outcount,
               array_of_indices, array_of_statuses, ierr)
     10274          |                                                          
                                2
     10275    ......
     10276       26 |   call MPI_Testsome(incount, array_of_requests, outcount,
               array_of_indices, array_of_statuses, ierr)
     10277          |                                                          
                                1
  >> 10278    Error: Type mismatch between actual argument at (1) and actual ar
              gument at (2) (REAL(8)/INTEGER(4)).
     10279    mpi_comm_spawn_multiple_f90.f90:36:57:
     10280    
     10281       16 |   call MPI_Comm_spawn_multiple(count, array_of_commands, 
              array_of_argv, &
     10282          |                                                         2
     10283    ......
     10284       36 |   call MPI_Comm_spawn_multiple(count, array_of_commands, 
              array_of_argv, &
     10285          |                                                         1
  >> 10286    Error: Type mismatch between actual argument at (1) and actual ar
              gument at (2) (REAL(8)/CHARACTER(*)).
     10287    mpi_waitall_f90.f90:18:45:
     10288    
     10289        8 |   call MPI_Waitall(count, array_of_requests, array_of_sta
              tuses, ierr)
     10290          |                                             2
     10291    ......
     10292       18 |   call MPI_Waitall(count, array_of_requests, array_of_sta
              tuses, ierr)
     10293          |                                             1
  >> 10294    Error: Type mismatch between actual argument at (1) and actual ar
              gument at (2) (REAL(8)/INTEGER(4)).
  >> 10295    make[4]: *** [mpi_testall_f90.o] Error 1
     10296    make[4]: *** Waiting for unfinished jobs....
  >> 10297    make[4]: *** [mpi_testsome_f90.o] Error 1
  >> 10298    make[4]: *** [mpi_comm_spawn_multiple_f90.o] Error 1
     10299    mpi_waitsome_f90.f90:26:76:
     10300    
     10301       12 |   call MPI_Waitsome(incount, array_of_requests, outcount,
               array_of_indices, array_of_statuses, ierr)
     10302          |                                                          
                                2
     10303    ......
     10304       26 |   call MPI_Waitsome(incount, array_of_requests, outcount,
               array_of_indices, array_of_statuses, ierr)
     10305          |                                                          
                                1
  >> 10306    Error: Type mismatch between actual argument at (1) and actual ar
              gument at (2) (REAL(8)/INTEGER(4)).
  >> 10307    make[4]: *** [mpi_waitall_f90.o] Error 1
  >> 10308    make[4]: *** [mpi_waitsome_f90.o] Error 1
     10309    make[4]: Leaving directory `/tmp/sochat1/spack-stage/spack-stage-
              openmpi-1.1.5-bucvf7khf33x7urtvsbxxzb4oxshpn35/spack-src/ompi/mpi
              /f90'
  >> 10310    make[3]: *** [all-recursive] Error 1
     10311    make[3]: Leaving directory `/tmp/sochat1/spack-stage/spack-stage-
              openmpi-1.1.5-bucvf7khf33x7urtvsbxxzb4oxshpn35/spack-src/ompi/mpi
              /f90'
  >> 10312    make[2]: *** [all-recursive] Error 1
     10313    make[2]: Leaving directory `/tmp/sochat1/spack-stage/spack-stage-
              openmpi-1.1.5-bucvf7khf33x7urtvsbxxzb4oxshpn35/spack-src/ompi/mpi
              '
  >> 10314    make[1]: *** [all-recursive] Error 1
     10315    make[1]: Leaving directory `/tmp/sochat1/spack-stage/spack-stage-
              openmpi-1.1.5-bucvf7khf33x7urtvsbxxzb4oxshpn35/spack-src/ompi'
  >> 10316    make: *** [all-recursive] Error 1

See build log for details:
  /var/tmp/sochat1/spack-stage/spack-stage-openmpi-1.1.5-bucvf7khf33x7urtvsbxxzb4oxshpn35/spack-build-out.txt

Making predictions for spack-test
Making predictions for symbolator
Making predictions for libabigail
abicompat not found on path, will look for spack instead.
Making predictions for actual
