/var/spool/slurmd/job97744/slurm_script: line 12: 66789 Killed                  spliced splice --package openmpi@1.7.5 --splice perl --runner spack --replace perl --experiment experiment --outfile /p/vast1/build/spliced-experiment/results/openmpi/1.7.5/perl/experiment.json
==> Error: ProcessError: Command exited with status 1:
    '/var/tmp/sochat1/spack-stage/spack-stage-openmpi-1.7.5-bh6hrlug2kfhsthzxt7otzmmuhi3x3d6/spack-src/configure' '--prefix=/p/vast1/build/spack/opt/spack/linux-rhel7-broadwell/gcc-10.2.1/openmpi-1.7.5-bh6hrlug2kfhsthzxt7otzmmuhi3x3d6' '--enable-shared' '--disable-silent-rules' '--disable-builtin-atomics' '--enable-static' '--without-pmi' '--without-verbs' '--without-libfabric' '--without-cma' '--without-xpmem' '--without-ucx' '--without-psm' '--without-mxm' '--without-hcoll' '--without-fca' '--without-psm2' '--without-knem' '--without-loadleveler' '--without-slurm' '--without-tm' '--without-lsf' '--without-alps' '--without-sge' '--disable-memchecker' '--with-hwloc=/p/vast1/build/spack/opt/spack/linux-rhel7-broadwell/gcc-10.2.1/hwloc-1.11.13-u34fwahc4tbd77w4csoothe3vdimspeo' '--disable-java' '--disable-mpi-java' '--with-gpfs' '--without-sqlite3' '--disable-mpi-thread-multiple' '--without-cuda' '--enable-wrapper-rpath' '--disable-mpi-cxx' '--disable-cxx-exceptions' '--with-wrapper-ldflags=-Wl,-rpath,/usr/tce/packages/gcc/gcc-10.2.1/rh/usr/lib/gcc/x86_64-redhat-linux/10'

11 errors found in build log:
     51       checking for a BSD-compatible install... /usr/bin/install -c
     52       checking whether build environment is sane... yes
     53       checking for a thread-safe mkdir -p... /usr/bin/mkdir -p
     54       checking for gawk... gawk
     55       checking whether make sets $(MAKE)... yes
     56       checking for style of include used by make... GNU
  >> 57       configure: error: source directory already configured; run "make 
              distclean" there first
     58       ==> openmpi: Executing phase: 'build'
     59       ==> [2022-03-03-12:27:49.977328] 'make' '-j16' 'V=1'
     60       Making all in config
     61       make[1]: Entering directory `/tmp/sochat1/spack-stage/spack-stage
              -openmpi-1.7.5-bh6hrlug2kfhsthzxt7otzmmuhi3x3d6/spack-src/config'
     62       make[1]: Nothing to be done for `all'.
     63       make[1]: Leaving directory `/tmp/sochat1/spack-stage/spack-stage-
              openmpi-1.7.5-bh6hrlug2kfhsthzxt7otzmmuhi3x3d6/spack-src/config'

     ...

     14683    
     14684       16 |   call MPI_Comm_spawn_multiple(count, array_of_commands, 
              array_of_argv, &
     14685          |                                                         2
     14686    ......
     14687       36 |   call MPI_Comm_spawn_multiple(count, array_of_commands, 
              array_of_argv, &
     14688          |                                                         1
  >> 14689    Error: Type mismatch between actual argument at (1) and actual ar
              gument at (2) (REAL(8)/CHARACTER(*)).
     14690    mpi_testall_f90.f90:22:51:
     14691    
     14692       10 |   call MPI_Testall(count, array_of_requests, flag, array_
              of_statuses, ierr)
     14693          |                                                   2
     14694    ......
     14695       22 |   call MPI_Testall(count, array_of_requests, flag, array_
              of_statuses, ierr)
     14696          |                                                   1
  >> 14697    Error: Type mismatch between actual argument at (1) and actual ar
              gument at (2) (REAL(8)/INTEGER(4)).
     14698    mpi_testsome_f90.f90:26:76:
     14699    
     14700       12 |   call MPI_Testsome(incount, array_of_requests, outcount,
               array_of_indices, array_of_statuses, ierr)
     14701          |                                                          
                                2
     14702    ......
     14703       26 |   call MPI_Testsome(incount, array_of_requests, outcount,
               array_of_indices, array_of_statuses, ierr)
     14704          |                                                          
                                1
  >> 14705    Error: Type mismatch between actual argument at (1) and actual ar
              gument at (2) (REAL(8)/INTEGER(4)).
  >> 14706    make[4]: *** [mpi_comm_spawn_multiple_f90.lo] Error 1
     14707    make[4]: *** Waiting for unfinished jobs....
  >> 14708    make[4]: *** [mpi_testall_f90.lo] Error 1
  >> 14709    make[4]: *** [mpi_testsome_f90.lo] Error 1
     14710    libtool: compile:  /p/vast1/build/spack/lib/spack/env/gcc/gfortra
              n -I../../../../ompi/include -I/var/tmp/sochat1/spack-stage/spack
              -stage-openmpi-1.7.5-bh6hrlug2kfhsthzxt7otzmmuhi3x3d6/spack-src/o
              mpi/include -I. -I/var/tmp/sochat1/spack-stage/spack-stage-openmp
              i-1.7.5-bh6hrlug2kfhsthzxt7otzmmuhi3x3d6/spack-src/ompi/mpi/fortr
              an/use-mpi-tkr -I../../../../ompi/mpi/fortran/use-mpi-tkr -c mpi_
              sizeof.f90 -o mpi_sizeof.o >/dev/null 2>&1
     14711    make[4]: Leaving directory `/tmp/sochat1/spack-stage/spack-stage-
              openmpi-1.7.5-bh6hrlug2kfhsthzxt7otzmmuhi3x3d6/spack-src/ompi/mpi
              /fortran/use-mpi-tkr'
  >> 14712    make[3]: *** [all-recursive] Error 1
     14713    make[3]: Leaving directory `/tmp/sochat1/spack-stage/spack-stage-
              openmpi-1.7.5-bh6hrlug2kfhsthzxt7otzmmuhi3x3d6/spack-src/ompi/mpi
              /fortran/use-mpi-tkr'
  >> 14714    make[2]: *** [all] Error 2
     14715    make[2]: Leaving directory `/tmp/sochat1/spack-stage/spack-stage-
              openmpi-1.7.5-bh6hrlug2kfhsthzxt7otzmmuhi3x3d6/spack-src/ompi/mpi
              /fortran/use-mpi-tkr'
  >> 14716    make[1]: *** [all-recursive] Error 1
     14717    make[1]: Leaving directory `/tmp/sochat1/spack-stage/spack-stage-
              openmpi-1.7.5-bh6hrlug2kfhsthzxt7otzmmuhi3x3d6/spack-src/ompi'
  >> 14718    make: *** [all-recursive] Error 1

See build log for details:
  /var/tmp/sochat1/spack-stage/spack-stage-openmpi-1.7.5-bh6hrlug2kfhsthzxt7otzmmuhi3x3d6/spack-build-out.txt

Making predictions for spack-test
Making predictions for symbolator
Making predictions for libabigail
abicompat not found on path, will look for spack instead.
Making predictions for actual
