==> Error: ProcessError: Command exited with status 1:
    '/var/tmp/sochat1/spack-stage/spack-stage-openmpi-1.3.3-i4exgseed36vb5rnlfr427ilobjyzzii/spack-src/configure' '--prefix=/p/vast1/build/spack/opt/spack/linux-rhel7-broadwell/gcc-10.2.1/openmpi-1.3.3-i4exgseed36vb5rnlfr427ilobjyzzii' '--enable-shared' '--disable-silent-rules' '--disable-builtin-atomics' '--enable-static' '--without-pmi' '--without-psm' '--without-psm2' '--without-mxm' '--without-xpmem' '--without-knem' '--without-ucx' '--without-libfabric' '--without-openib' '--without-cma' '--without-hcoll' '--without-fca' '--without-alps' '--without-loadleveler' '--without-tm' '--without-lsf' '--without-slurm' '--without-sge' '--disable-memchecker' '--with-gpfs' '--without-sqlite3' '--disable-wrapper-rpath' '--disable-mpi-cxx' '--disable-cxx-exceptions'

9 errors found in build log:
     4        configure: WARNING: unrecognized options: --disable-silent-rules,
               --disable-builtin-atomics, --without-pmi, --without-psm2, --with
              out-mxm, --without-xpmem, --without-knem, --without-ucx, --withou
              t-libfabric, --without-cma, --without-hcoll, --without-fca, --wit
              h-gpfs, --without-sqlite3, --disable-wrapper-rpath
     5        checking for a BSD-compatible install... /usr/bin/install -c
     6        checking whether build environment is sane... yes
     7        checking for a thread-safe mkdir -p... /usr/bin/mkdir -p
     8        checking for gawk... gawk
     9        checking whether make sets $(MAKE)... yes
  >> 10       configure: error: source directory already configured; run "make 
              distclean" there first
     11       ==> openmpi: Executing phase: 'build'
     12       ==> [2022-02-25-17:55:58.330788] 'make' '-j2' 'V=1'
     13       Making all in config
     14       make[1]: Entering directory `/tmp/sochat1/spack-stage/spack-stage
              -openmpi-1.3.3-i4exgseed36vb5rnlfr427ilobjyzzii/spack-src/config'
     15       make[1]: Nothing to be done for `all'.
     16       make[1]: Leaving directory `/tmp/sochat1/spack-stage/spack-stage-
              openmpi-1.3.3-i4exgseed36vb5rnlfr427ilobjyzzii/spack-src/config'

     ...

     10878    
     10879       16 |   call MPI_Comm_spawn_multiple(count, array_of_commands, 
              array_of_argv, &
     10880          |                                                         2
     10881    ......
     10882       36 |   call MPI_Comm_spawn_multiple(count, array_of_commands, 
              array_of_argv, &
     10883          |                                                         1
  >> 10884    Error: Type mismatch between actual argument at (1) and actual ar
              gument at (2) (REAL(8)/CHARACTER(*)).
  >> 10885    make[4]: *** [mpi_comm_spawn_multiple_f90.lo] Error 1
     10886    make[4]: *** Waiting for unfinished jobs....
     10887    libtool: compile:  /p/vast1/build/spack/lib/spack/env/gcc/gfortra
              n -I../../../ompi/include -I/var/tmp/sochat1/spack-stage/spack-st
              age-openmpi-1.3.3-i4exgseed36vb5rnlfr427ilobjyzzii/spack-src/ompi
              /include -I. -I/var/tmp/sochat1/spack-stage/spack-stage-openmpi-1
              .3.3-i4exgseed36vb5rnlfr427ilobjyzzii/spack-src/ompi/mpi/f90 -I..
              /../../ompi/mpi/f90 -c mpi_testall_f90.f90  -fPIC -o .libs/mpi_te
              stall_f90.o
     10888    mpi_testall_f90.f90:22:51:
     10889    
     10890       10 |   call MPI_Testall(count, array_of_requests, flag, array_
              of_statuses, ierr)
     10891          |                                                   2
     10892    ......
     10893       22 |   call MPI_Testall(count, array_of_requests, flag, array_
              of_statuses, ierr)
     10894          |                                                   1
  >> 10895    Error: Type mismatch between actual argument at (1) and actual ar
              gument at (2) (REAL(8)/INTEGER(4)).
  >> 10896    make[4]: *** [mpi_testall_f90.lo] Error 1
     10897    make[4]: Leaving directory `/tmp/sochat1/spack-stage/spack-stage-
              openmpi-1.3.3-i4exgseed36vb5rnlfr427ilobjyzzii/spack-src/ompi/mpi
              /f90'
  >> 10898    make[3]: *** [all-recursive] Error 1
     10899    make[3]: Leaving directory `/tmp/sochat1/spack-stage/spack-stage-
              openmpi-1.3.3-i4exgseed36vb5rnlfr427ilobjyzzii/spack-src/ompi/mpi
              /f90'
  >> 10900    make[2]: *** [all] Error 2
     10901    make[2]: Leaving directory `/tmp/sochat1/spack-stage/spack-stage-
              openmpi-1.3.3-i4exgseed36vb5rnlfr427ilobjyzzii/spack-src/ompi/mpi
              /f90'
  >> 10902    make[1]: *** [all-recursive] Error 1
     10903    make[1]: Leaving directory `/tmp/sochat1/spack-stage/spack-stage-
              openmpi-1.3.3-i4exgseed36vb5rnlfr427ilobjyzzii/spack-src/ompi'
  >> 10904    make: *** [all-recursive] Error 1

See build log for details:
  /var/tmp/sochat1/spack-stage/spack-stage-openmpi-1.3.3-i4exgseed36vb5rnlfr427ilobjyzzii/spack-build-out.txt

Making predictions for symbolator
Making predictions for libabigail
Making predictions for actual
==> Error: ProcessError: Command exited with status 2:
    'make' '-j16' 'V=1'

15 errors found in build log:
     1838     checking whether the /p/vast1/build/spack/lib/spack/env/gcc/g++ l
              inker (/usr/tce/packages/gcc/gcc-10.2.1/rh/usr/libexec/gcc/x86_64
              -redhat-linux/10/ld -m elf_x86_64) supports shared libraries... y
              es
     1839     checking dynamic linker characteristics... GNU/Linux ld.so
     1840     checking how to hardcode library paths into programs... immediate
     1841     checking vtf3.h usability... no
     1842     checking vtf3.h presence... no
     1843     checking for vtf3.h... no
  >> 1844     configure: error: no vtf3.h found; check path for VTF3 package fi
              rst...
     1845     checking zlib.h usability... yes
     1846     checking zlib.h presence... yes
     1847     checking for zlib.h... yes
     1848     checking for ANSI C header files... (cached) yes
     1849     checking stddef.h usability... yes
     1850     checking stddef.h presence... yes

     ...

     1899     checking demangle.h usability... yes
     1900     checking demangle.h presence... yes
     1901     checking for demangle.h... yes
     1902     checking BPatch.h usability... no
     1903     checking BPatch.h presence... no
     1904     checking for BPatch.h... no
  >> 1905     configure: error: no BPatch.h found; check path for Dyninst packa
              ge first...
     1906     checking for mpicc... /p/vast1/build/spack/lib/spack/env/gcc/gcc
     1907     checking for the value of MPI_STATUS_SIZE... skipped (--with-mpi-
              status-size=5)
     1908     checking for MPI_File_open... no
     1909     checking for OpenMP flag of C compiler... -fopenmp
     1910     checking omp.h usability... yes
     1911     checking omp.h presence... yes

     ...

     1933     checking for pwrite64... yes
     1934     checking papi.h usability... yes
     1935     checking papi.h presence... yes
     1936     checking for papi.h... yes
     1937     checking whether linking with -lpapi works... yes
     1938     checking whether PAPI version = 3.x... no
  >> 1939     configure: error: PAPI version could not be determined and/or is 
              incompatible (!= 3.x)
     1940     See `config.log' for more details.
     1941     configure: creating ./config.status
     1942     config.status: creating Makefile
     1943     config.status: creating util/Makefile
     1944     config.status: creating extlib/Makefile
     1945     config.status: creating vtlib/Makefile

     ...

     13350    
     13351       10 |   call MPI_Testall(count, array_of_requests, flag, array_
              of_statuses, ierr)
     13352          |                                                   2
     13353    ......
     13354       22 |   call MPI_Testall(count, array_of_requests, flag, array_
              of_statuses, ierr)
     13355          |                                                   1
  >> 13356    Error: Type mismatch between actual argument at (1) and actual ar
              gument at (2) (REAL(8)/INTEGER(4)).
     13357    mpi_waitsome_f90.f90:26:76:
     13358    
     13359       12 |   call MPI_Waitsome(incount, array_of_requests, outcount,
               array_of_indices, array_of_statuses, ierr)
     13360          |                                                          
                                2
     13361    ......
     13362       26 |   call MPI_Waitsome(incount, array_of_requests, outcount,
               array_of_indices, array_of_statuses, ierr)
     13363          |                                                          
                                1
  >> 13364    Error: Type mismatch between actual argument at (1) and actual ar
              gument at (2) (REAL(8)/INTEGER(4)).
     13365    mpi_comm_spawn_multiple_f90.f90:36:57:
     13366    
     13367       16 |   call MPI_Comm_spawn_multiple(count, array_of_commands, 
              array_of_argv, &
     13368          |                                                         2
     13369    ......
     13370       36 |   call MPI_Comm_spawn_multiple(count, array_of_commands, 
              array_of_argv, &
     13371          |                                                         1
  >> 13372    Error: Type mismatch between actual argument at (1) and actual ar
              gument at (2) (REAL(8)/CHARACTER(*)).
     13373    mpi_testsome_f90.f90:26:76:
     13374    
     13375       12 |   call MPI_Testsome(incount, array_of_requests, outcount,
               array_of_indices, array_of_statuses, ierr)
     13376          |                                                          
                                2
     13377    ......
     13378       26 |   call MPI_Testsome(incount, array_of_requests, outcount,
               array_of_indices, array_of_statuses, ierr)
     13379          |                                                          
                                1
  >> 13380    Error: Type mismatch between actual argument at (1) and actual ar
              gument at (2) (REAL(8)/INTEGER(4)).
  >> 13381    make[4]: *** [mpi_testall_f90.lo] Error 1
     13382    make[4]: *** Waiting for unfinished jobs....
  >> 13383    make[4]: *** [mpi_waitsome_f90.lo] Error 1
  >> 13384    make[4]: *** [mpi_comm_spawn_multiple_f90.lo] Error 1
  >> 13385    make[4]: *** [mpi_testsome_f90.lo] Error 1
     13386    libtool: compile:  /p/vast1/build/spack/lib/spack/env/gcc/gfortra
              n -I../../../ompi/include -I/var/tmp/sochat1/spack-stage/spack-st
              age-openmpi-1.3.3-i4exgseed36vb5rnlfr427ilobjyzzii/spack-src/ompi
              /include -I. -I/var/tmp/sochat1/spack-stage/spack-stage-openmpi-1
              .3.3-i4exgseed36vb5rnlfr427ilobjyzzii/spack-src/ompi/mpi/f90 -I..
              /../../ompi/mpi/f90 -c mpi_wtime_f90.f90 -o mpi_wtime_f90.o >/dev
              /null 2>&1
     13387    libtool: compile:  /p/vast1/build/spack/lib/spack/env/gcc/gfortra
              n -I../../../ompi/include -I/var/tmp/sochat1/spack-stage/spack-st
              age-openmpi-1.3.3-i4exgseed36vb5rnlfr427ilobjyzzii/spack-src/ompi
              /include -I. -I/var/tmp/sochat1/spack-stage/spack-stage-openmpi-1
              .3.3-i4exgseed36vb5rnlfr427ilobjyzzii/spack-src/ompi/mpi/f90 -I..
              /../../ompi/mpi/f90 -c mpi_wtick_f90.f90 -o mpi_wtick_f90.o >/dev
              /null 2>&1
     13388    libtool: compile:  /p/vast1/build/spack/lib/spack/env/gcc/gfortra
              n -I../../../ompi/include -I/var/tmp/sochat1/spack-stage/spack-st
              age-openmpi-1.3.3-i4exgseed36vb5rnlfr427ilobjyzzii/spack-src/ompi
              /include -I. -I/var/tmp/sochat1/spack-stage/spack-stage-openmpi-1
              .3.3-i4exgseed36vb5rnlfr427ilobjyzzii/spack-src/ompi/mpi/f90 -I..
              /../../ompi/mpi/f90 -c mpi_sizeof.f90 -o mpi_sizeof.o >/dev/null 
              2>&1
     13389    libtool: compile:  /p/vast1/build/spack/lib/spack/env/gcc/gfortra
              n -I../../../ompi/include -I/var/tmp/sochat1/spack-stage/spack-st
              age-openmpi-1.3.3-i4exgseed36vb5rnlfr427ilobjyzzii/spack-src/ompi
              /include -I. -I/var/tmp/sochat1/spack-stage/spack-stage-openmpi-1
              .3.3-i4exgseed36vb5rnlfr427ilobjyzzii/spack-src/ompi/mpi/f90 -I..
              /../../ompi/mpi/f90 -c mpi.f90 -o mpi.o >/dev/null 2>&1
     13390    make[4]: Leaving directory `/tmp/sochat1/spack-stage/spack-stage-
              openmpi-1.3.3-i4exgseed36vb5rnlfr427ilobjyzzii/spack-src/ompi/mpi
              /f90'
  >> 13391    make[3]: *** [all-recursive] Error 1
     13392    make[3]: Leaving directory `/tmp/sochat1/spack-stage/spack-stage-
              openmpi-1.3.3-i4exgseed36vb5rnlfr427ilobjyzzii/spack-src/ompi/mpi
              /f90'
  >> 13393    make[2]: *** [all] Error 2
     13394    make[2]: Leaving directory `/tmp/sochat1/spack-stage/spack-stage-
              openmpi-1.3.3-i4exgseed36vb5rnlfr427ilobjyzzii/spack-src/ompi/mpi
              /f90'
  >> 13395    make[1]: *** [all-recursive] Error 1
     13396    make[1]: Leaving directory `/tmp/sochat1/spack-stage/spack-stage-
              openmpi-1.3.3-i4exgseed36vb5rnlfr427ilobjyzzii/spack-src/ompi'
  >> 13397    make: *** [all-recursive] Error 1

See build log for details:
  /var/tmp/sochat1/spack-stage/spack-stage-openmpi-1.3.3-i4exgseed36vb5rnlfr427ilobjyzzii/spack-build-out.txt

Making predictions for spack-test
Making predictions for symbolator
Making predictions for libabigail
abicompat not found on path, will look for spack instead.
Making predictions for actual
