/var/spool/slurmd/job97874/slurm_script: line 12: 38949 Killed                  spliced splice --package openmpi@1.2 --splice pkgconf --runner spack --replace pkgconf --experiment experiment --outfile /p/vast1/build/spliced-experiment/results/openmpi/1.2/pkgconf/experiment.json
==> Error: ProcessError: Command exited with status 1:
    '/var/tmp/sochat1/spack-stage/spack-stage-openmpi-1.2-6j3xkej42gtvvgnvboh5vcnqdrobrziz/spack-src/configure' '--prefix=/p/vast1/build/spack/opt/spack/linux-rhel7-broadwell/gcc-10.2.1/openmpi-1.2-6j3xkej42gtvvgnvboh5vcnqdrobrziz' '--enable-shared' '--disable-silent-rules' '--disable-builtin-atomics' '--enable-static' '--without-pmi' '--without-knem' '--without-ucx' '--without-cma' '--without-hcoll' '--without-psm2' '--without-psm' '--without-xpmem' '--without-mxm' '--without-libfabric' '--without-openib' '--without-fca' '--without-tm' '--without-sge' '--without-alps' '--without-loadleveler' '--without-slurm' '--without-lsf' '--disable-memchecker' '--with-gpfs' '--without-sqlite3' '--disable-wrapper-rpath' '--disable-mpi-cxx' '--disable-cxx-exceptions'

16 errors found in build log:
     2       ==> openmpi: Executing phase: 'configure'
     3       ==> [2022-03-04-14:19:31.910265] '/var/tmp/sochat1/spack-stage/spa
             ck-stage-openmpi-1.2-6j3xkej42gtvvgnvboh5vcnqdrobrziz/spack-src/co
             nfigure' '--prefix=/p/vast1/build/spack/opt/spack/linux-rhel7-broa
             dwell/gcc-10.2.1/openmpi-1.2-6j3xkej42gtvvgnvboh5vcnqdrobrziz' '--
             enable-shared' '--disable-silent-rules' '--disable-builtin-atomics
             ' '--enable-static' '--without-pmi' '--without-knem' '--without-uc
             x' '--without-cma' '--without-hcoll' '--without-psm2' '--without-p
             sm' '--without-xpmem' '--without-mxm' '--without-libfabric' '--wit
             hout-openib' '--without-fca' '--without-tm' '--without-sge' '--wit
             hout-alps' '--without-loadleveler' '--without-slurm' '--without-ls
             f' '--disable-memchecker' '--with-gpfs' '--without-sqlite3' '--dis
             able-wrapper-rpath' '--disable-mpi-cxx' '--disable-cxx-exceptions'
     4       checking for a BSD-compatible install... /usr/bin/install -c
     5       checking whether build environment is sane... yes
     6       checking for gawk... gawk
     7       checking whether make sets $(MAKE)... yes
  >> 8       configure: error: source directory already configured; run "make d
             istclean" there first
     9       ==> openmpi: Executing phase: 'build'
     10      ==> [2022-03-02-02:35:59.665791] 'make' '-j16' 'V=1'
     11      Making all in config
     12      make[1]: Entering directory `/tmp/sochat1/spack-stage/spack-stage-
             openmpi-1.2-6j3xkej42gtvvgnvboh5vcnqdrobrziz/spack-src/config'
     13      make[1]: Nothing to be done for `all'.
     14      make[1]: Leaving directory `/tmp/sochat1/spack-stage/spack-stage-o
             penmpi-1.2-6j3xkej42gtvvgnvboh5vcnqdrobrziz/spack-src/config'

     ...

     8514    
     8515       16 |   call MPI_Comm_spawn_multiple(count, array_of_commands, a
             rray_of_argv, &
     8516          |                                                         2
     8517    ......
     8518       36 |   call MPI_Comm_spawn_multiple(count, array_of_commands, a
             rray_of_argv, &
     8519          |                                                         1
  >> 8520    Error: Type mismatch between actual argument at (1) and actual arg
             ument at (2) (REAL(8)/CHARACTER(*)).
     8521    mpi_testall_f90.f90:22:51:
     8522    
     8523       10 |   call MPI_Testall(count, array_of_requests, flag, array_o
             f_statuses, ierr)
     8524          |                                                   2
     8525    ......
     8526       22 |   call MPI_Testall(count, array_of_requests, flag, array_o
             f_statuses, ierr)
     8527          |                                                   1
  >> 8528    Error: Type mismatch between actual argument at (1) and actual arg
             ument at (2) (REAL(8)/INTEGER(4)).
     8529    mpi_testsome_f90.f90:26:76:
     8530    
     8531       12 |   call MPI_Testsome(incount, array_of_requests, outcount, 
             array_of_indices, array_of_statuses, ierr)
     8532          |                                                           
                              2
     8533    ......
     8534       26 |   call MPI_Testsome(incount, array_of_requests, outcount, 
             array_of_indices, array_of_statuses, ierr)
     8535          |                                                           
                              1
  >> 8536    Error: Type mismatch between actual argument at (1) and actual arg
             ument at (2) (REAL(8)/INTEGER(4)).
     8537    mpi_waitall_f90.f90:18:45:
     8538    
     8539        8 |   call MPI_Waitall(count, array_of_requests, array_of_stat
             uses, ierr)
     8540          |                                             2
     8541    ......
     8542       18 |   call MPI_Waitall(count, array_of_requests, array_of_stat
             uses, ierr)
     8543          |                                             1
  >> 8544    Error: Type mismatch between actual argument at (1) and actual arg
             ument at (2) (REAL(8)/INTEGER(4)).
  >> 8545    make[5]: *** [mpi_comm_spawn_multiple_f90.lo] Error 1
     8546    make[5]: *** Waiting for unfinished jobs....
  >> 8547    make[5]: *** [mpi_testall_f90.lo] Error 1
  >> 8548    make[5]: *** [mpi_testsome_f90.lo] Error 1
  >> 8549    make[5]: *** [mpi_waitall_f90.lo] Error 1
     8550    mpi_waitsome_f90.f90:26:76:
     8551    
     8552       12 |   call MPI_Waitsome(incount, array_of_requests, outcount, 
             array_of_indices, array_of_statuses, ierr)
     8553          |                                                           
                              2
     8554    ......
     8555       26 |   call MPI_Waitsome(incount, array_of_requests, outcount, 
             array_of_indices, array_of_statuses, ierr)
     8556          |                                                           
                              1
  >> 8557    Error: Type mismatch between actual argument at (1) and actual arg
             ument at (2) (REAL(8)/INTEGER(4)).
     8558    libtool: compile:  /p/vast1/build/spack/lib/spack/env/gcc/gfortran
              -I../../../ompi/include -I/var/tmp/sochat1/spack-stage/spack-stag
             e-openmpi-1.2-6j3xkej42gtvvgnvboh5vcnqdrobrziz/spack-src/ompi/incl
             ude -I. -I/var/tmp/sochat1/spack-stage/spack-stage-openmpi-1.2-6j3
             xkej42gtvvgnvboh5vcnqdrobrziz/spack-src/ompi/mpi/f90 -I../../../om
             pi/mpi/f90 -c mpi_wtick_f90.f90 -o mpi_wtick_f90.o >/dev/null 2>&1
     8559    libtool: compile:  /p/vast1/build/spack/lib/spack/env/gcc/gfortran
              -I../../../ompi/include -I/var/tmp/sochat1/spack-stage/spack-stag
             e-openmpi-1.2-6j3xkej42gtvvgnvboh5vcnqdrobrziz/spack-src/ompi/incl
             ude -I. -I/var/tmp/sochat1/spack-stage/spack-stage-openmpi-1.2-6j3
             xkej42gtvvgnvboh5vcnqdrobrziz/spack-src/ompi/mpi/f90 -I../../../om
             pi/mpi/f90 -c mpi_wtime_f90.f90 -o mpi_wtime_f90.o >/dev/null 2>&1
  >> 8560    make[5]: *** [mpi_waitsome_f90.lo] Error 1
     8561    libtool: compile:  /p/vast1/build/spack/lib/spack/env/gcc/gfortran
              -I../../../ompi/include -I/var/tmp/sochat1/spack-stage/spack-stag
             e-openmpi-1.2-6j3xkej42gtvvgnvboh5vcnqdrobrziz/spack-src/ompi/incl
             ude -I. -I/var/tmp/sochat1/spack-stage/spack-stage-openmpi-1.2-6j3
             xkej42gtvvgnvboh5vcnqdrobrziz/spack-src/ompi/mpi/f90 -I../../../om
             pi/mpi/f90 -c mpi_sizeof.f90 -o mpi_sizeof.o >/dev/null 2>&1
     8562    libtool: compile:  /p/vast1/build/spack/lib/spack/env/gcc/gfortran
              -I../../../ompi/include -I/var/tmp/sochat1/spack-stage/spack-stag
             e-openmpi-1.2-6j3xkej42gtvvgnvboh5vcnqdrobrziz/spack-src/ompi/incl
             ude -I. -I/var/tmp/sochat1/spack-stage/spack-stage-openmpi-1.2-6j3
             xkej42gtvvgnvboh5vcnqdrobrziz/spack-src/ompi/mpi/f90 -I../../../om
             pi/mpi/f90 -c mpi.f90 -o mpi.o >/dev/null 2>&1
     8563    make[5]: Leaving directory `/tmp/sochat1/spack-stage/spack-stage-o
             penmpi-1.2-6j3xkej42gtvvgnvboh5vcnqdrobrziz/spack-src/ompi/mpi/f90
             '
  >> 8564    make[4]: *** [all-recursive] Error 1
     8565    make[4]: Leaving directory `/tmp/sochat1/spack-stage/spack-stage-o
             penmpi-1.2-6j3xkej42gtvvgnvboh5vcnqdrobrziz/spack-src/ompi/mpi/f90
             '
  >> 8566    make[3]: *** [all] Error 2
     8567    make[3]: Leaving directory `/tmp/sochat1/spack-stage/spack-stage-o
             penmpi-1.2-6j3xkej42gtvvgnvboh5vcnqdrobrziz/spack-src/ompi/mpi/f90
             '
  >> 8568    make[2]: *** [all-recursive] Error 1
     8569    make[2]: Leaving directory `/tmp/sochat1/spack-stage/spack-stage-o
             penmpi-1.2-6j3xkej42gtvvgnvboh5vcnqdrobrziz/spack-src/ompi/mpi'
  >> 8570    make[1]: *** [all-recursive] Error 1
     8571    make[1]: Leaving directory `/tmp/sochat1/spack-stage/spack-stage-o
             penmpi-1.2-6j3xkej42gtvvgnvboh5vcnqdrobrziz/spack-src/ompi'
  >> 8572    make: *** [all-recursive] Error 1

See build log for details:
  /var/tmp/sochat1/spack-stage/spack-stage-openmpi-1.2-6j3xkej42gtvvgnvboh5vcnqdrobrziz/spack-build-out.txt

Making predictions for spack-test
Making predictions for symbolator
Making predictions for libabigail
abicompat not found on path, will look for spack instead.
Making predictions for actual
