/var/spool/slurmd/job97556/slurm_script: line 12: 51715 Killed                  spliced splice --package openmpi@1.4.3 --splice numactl --runner spack --replace numactl --experiment experiment --outfile /p/vast1/build/spliced-experiment/results/openmpi/1.4.3/numactl/experiment.json
==> Error: ProcessError: Command exited with status 2:
    'make' '-j16' 'V=1'

17 errors found in build log:
     1918     checking whether the /p/vast1/build/spack/lib/spack/env/gcc/g++ l
              inker (/usr/tce/packages/gcc/gcc-10.2.1/rh/usr/libexec/gcc/x86_64
              -redhat-linux/10/ld -m elf_x86_64) supports shared libraries... y
              es
     1919     checking dynamic linker characteristics... GNU/Linux ld.so
     1920     checking how to hardcode library paths into programs... immediate
     1921     checking vtf3.h usability... no
     1922     checking vtf3.h presence... no
     1923     checking for vtf3.h... no
  >> 1924     configure: error: no vtf3.h found; check path for VTF3 package fi
              rst...
     1925     checking zlib.h usability... yes
     1926     checking zlib.h presence... yes
     1927     checking for zlib.h... yes
     1928     checking for ANSI C header files... (cached) yes
     1929     checking stddef.h usability... yes
     1930     checking stddef.h presence... yes

     ...

     1972     checking for compiler instrumentation... gnu
     1973     checking if /usr/bin/nm -B demangle option --demangle works... ye
              s
     1974     checking if /usr/bin/nm -B line numbers option --line-numbers wor
              ks... yes
     1975     checking BPatch.h usability... no
     1976     checking BPatch.h presence... no
     1977     checking for BPatch.h... no
  >> 1978     configure: error: no BPatch.h found; check path for Dyninst packa
              ge first...
     1979     configure: skipped further tests for MPI
     1980     checking for OpenMP flag of C compiler... -fopenmp
     1981     checking omp.h usability... yes
     1982     checking omp.h presence... yes
     1983     checking for omp.h... yes
     1984     checking malloc.h usability... yes

     ...

     2002     checking for pwrite64... yes
     2003     checking papi.h usability... yes
     2004     checking papi.h presence... yes
     2005     checking for papi.h... yes
     2006     checking whether linking with -lpapi works... yes
     2007     checking whether PAPI version = 3.x... no
  >> 2008     configure: error: PAPI version could not be determined and/or is 
              incompatible (!= 3.x)
     2009     See `config.log' for more details.
     2010     configure: creating ./config.status
     2011     config.status: creating Makefile
     2012     config.status: creating util/Makefile
     2013     config.status: creating util/installdirs_conf.h
     2014     config.status: creating extlib/Makefile

     ...

     13442    
     13443       16 |   call MPI_Comm_spawn_multiple(count, array_of_commands, 
              array_of_argv, &
     13444          |                                                         2
     13445    ......
     13446       36 |   call MPI_Comm_spawn_multiple(count, array_of_commands, 
              array_of_argv, &
     13447          |                                                         1
  >> 13448    Error: Type mismatch between actual argument at (1) and actual ar
              gument at (2) (REAL(8)/CHARACTER(*)).
  >> 13449    make[4]: *** [mpi_comm_spawn_multiple_f90.lo] Error 1
     13450    make[4]: *** Waiting for unfinished jobs....
     13451    mpi_testall_f90.f90:22:51:
     13452    
     13453       10 |   call MPI_Testall(count, array_of_requests, flag, array_
              of_statuses, ierr)
     13454          |                                                   2
     13455    ......
     13456       22 |   call MPI_Testall(count, array_of_requests, flag, array_
              of_statuses, ierr)
     13457          |                                                   1
  >> 13458    Error: Type mismatch between actual argument at (1) and actual ar
              gument at (2) (REAL(8)/INTEGER(4)).
     13459    mpi_waitsome_f90.f90:26:76:
     13460    
     13461       12 |   call MPI_Waitsome(incount, array_of_requests, outcount,
               array_of_indices, array_of_statuses, ierr)
     13462          |                                                          
                                2
     13463    ......
     13464       26 |   call MPI_Waitsome(incount, array_of_requests, outcount,
               array_of_indices, array_of_statuses, ierr)
     13465          |                                                          
                                1
  >> 13466    Error: Type mismatch between actual argument at (1) and actual ar
              gument at (2) (REAL(8)/INTEGER(4)).
     13467    mpi_testsome_f90.f90:26:76:
     13468    
     13469       12 |   call MPI_Testsome(incount, array_of_requests, outcount,
               array_of_indices, array_of_statuses, ierr)
     13470          |                                                          
                                2
     13471    ......
     13472       26 |   call MPI_Testsome(incount, array_of_requests, outcount,
               array_of_indices, array_of_statuses, ierr)
     13473          |                                                          
                                1
  >> 13474    Error: Type mismatch between actual argument at (1) and actual ar
              gument at (2) (REAL(8)/INTEGER(4)).
     13475    mpi_waitall_f90.f90:18:45:
     13476    
     13477        8 |   call MPI_Waitall(count, array_of_requests, array_of_sta
              tuses, ierr)
     13478          |                                             2
     13479    ......
     13480       18 |   call MPI_Waitall(count, array_of_requests, array_of_sta
              tuses, ierr)
     13481          |                                             1
  >> 13482    Error: Type mismatch between actual argument at (1) and actual ar
              gument at (2) (REAL(8)/INTEGER(4)).
  >> 13483    make[4]: *** [mpi_testall_f90.lo] Error 1
  >> 13484    make[4]: *** [mpi_waitsome_f90.lo] Error 1
  >> 13485    make[4]: *** [mpi_waitall_f90.lo] Error 1
  >> 13486    make[4]: *** [mpi_testsome_f90.lo] Error 1
     13487    libtool: compile:  /p/vast1/build/spack/lib/spack/env/gcc/gfortra
              n -I../../../ompi/include -I/var/tmp/sochat1/spack-stage/spack-st
              age-openmpi-1.4.3-rebnjyi2zdlzmjqvfluzewvvk6cgntu5/spack-src/ompi
              /include -I. -I/var/tmp/sochat1/spack-stage/spack-stage-openmpi-1
              .4.3-rebnjyi2zdlzmjqvfluzewvvk6cgntu5/spack-src/ompi/mpi/f90 -I..
              /../../ompi/mpi/f90 -c mpi_wtick_f90.f90 -o mpi_wtick_f90.o >/dev
              /null 2>&1
     13488    libtool: compile:  /p/vast1/build/spack/lib/spack/env/gcc/gfortra
              n -I../../../ompi/include -I/var/tmp/sochat1/spack-stage/spack-st
              age-openmpi-1.4.3-rebnjyi2zdlzmjqvfluzewvvk6cgntu5/spack-src/ompi
              /include -I. -I/var/tmp/sochat1/spack-stage/spack-stage-openmpi-1
              .4.3-rebnjyi2zdlzmjqvfluzewvvk6cgntu5/spack-src/ompi/mpi/f90 -I..
              /../../ompi/mpi/f90 -c mpi_wtime_f90.f90 -o mpi_wtime_f90.o >/dev
              /null 2>&1
     13489    libtool: compile:  /p/vast1/build/spack/lib/spack/env/gcc/gfortra
              n -I../../../ompi/include -I/var/tmp/sochat1/spack-stage/spack-st
              age-openmpi-1.4.3-rebnjyi2zdlzmjqvfluzewvvk6cgntu5/spack-src/ompi
              /include -I. -I/var/tmp/sochat1/spack-stage/spack-stage-openmpi-1
              .4.3-rebnjyi2zdlzmjqvfluzewvvk6cgntu5/spack-src/ompi/mpi/f90 -I..
              /../../ompi/mpi/f90 -c mpi_sizeof.f90 -o mpi_sizeof.o >/dev/null 
              2>&1
     13490    libtool: compile:  /p/vast1/build/spack/lib/spack/env/gcc/gfortra
              n -I../../../ompi/include -I/var/tmp/sochat1/spack-stage/spack-st
              age-openmpi-1.4.3-rebnjyi2zdlzmjqvfluzewvvk6cgntu5/spack-src/ompi
              /include -I. -I/var/tmp/sochat1/spack-stage/spack-stage-openmpi-1
              .4.3-rebnjyi2zdlzmjqvfluzewvvk6cgntu5/spack-src/ompi/mpi/f90 -I..
              /../../ompi/mpi/f90 -c mpi.f90 -o mpi.o >/dev/null 2>&1
     13491    make[4]: Leaving directory `/tmp/sochat1/spack-stage/spack-stage-
              openmpi-1.4.3-rebnjyi2zdlzmjqvfluzewvvk6cgntu5/spack-src/ompi/mpi
              /f90'
  >> 13492    make[3]: *** [all-recursive] Error 1
     13493    make[3]: Leaving directory `/tmp/sochat1/spack-stage/spack-stage-
              openmpi-1.4.3-rebnjyi2zdlzmjqvfluzewvvk6cgntu5/spack-src/ompi/mpi
              /f90'
  >> 13494    make[2]: *** [all] Error 2
     13495    make[2]: Leaving directory `/tmp/sochat1/spack-stage/spack-stage-
              openmpi-1.4.3-rebnjyi2zdlzmjqvfluzewvvk6cgntu5/spack-src/ompi/mpi
              /f90'
  >> 13496    make[1]: *** [all-recursive] Error 1
     13497    make[1]: Leaving directory `/tmp/sochat1/spack-stage/spack-stage-
              openmpi-1.4.3-rebnjyi2zdlzmjqvfluzewvvk6cgntu5/spack-src/ompi'
  >> 13498    make: *** [all-recursive] Error 1

See build log for details:
  /var/tmp/sochat1/spack-stage/spack-stage-openmpi-1.4.3-rebnjyi2zdlzmjqvfluzewvvk6cgntu5/spack-build-out.txt

Making predictions for spack-test
Making predictions for symbolator
Making predictions for libabigail
abicompat not found on path, will look for spack instead.
Making predictions for actual
