/var/spool/slurmd/job97209/slurm_script: line 12: 60372 Killed                  spliced splice --package kokkos@3.2.00 --splice cmake --runner spack --replace cmake --experiment experiment --outfile /p/vast1/build/spliced-experiment/results/kokkos/3.2.00/cmake/experiment.json
/var/spool/slurmd/job100561/slurm_script: line 12: 37863 Killed                  spliced splice --package kokkos@3.2.00 --splice cmake --runner spack --replace cmake --experiment experiment --outfile /p/vast1/build/spliced-experiment/results/kokkos/3.2.00/cmake/experiment.json
==> Warning: Missing a source id for cmake@master
==> Error: ProcessError: Command exited with status 2:
    'make' '-j16'

6 errors found in build log:
     1930    [ 94%] Building CXX object Source/CMakeFiles/CTestLib.dir/CTest/cm
             CTestReadCustomFilesCommand.cxx.o
     1931    [ 95%] Building CXX object Source/CMakeFiles/CTestLib.dir/CTest/cm
             CTestRunScriptCommand.cxx.o
     1932    [ 95%] Building CXX object Source/CMakeFiles/CTestLib.dir/CTest/cm
             CTestRunTest.cxx.o
     1933    [ 95%] Building CXX object Source/CMakeFiles/CTestLib.dir/CTest/cm
             CTestScriptHandler.cxx.o
     1934    Linking CXX executable ../bin/ccmake
     1935    [ 95%] Building CXX object Source/CMakeFiles/CTestLib.dir/CTest/cm
             CTestSleepCommand.cxx.o
  >> 1936    /usr/tce/packages/gcc/gcc-10.2.1/rh/usr/bin/../libexec/gcc/x86_64-
             redhat-linux/10/ld: CMakeFiles/ccmake.dir/CursesDialog/ccmake.cxx.
             o: undefined reference to symbol 'cbreak@@@@NCURSES6_TINFO_5.0.19991
             023'
  >> 1937    /usr/tce/packages/gcc/gcc-10.2.1/rh/usr/bin/../libexec/gcc/x86_64-
             redhat-linux/10/ld: /p/vast1/build/spack/opt/spack/linux-rhel7-bro
             adwell/gcc-10.2.1/ncurses-6.2-2xef6sx47tqatqlceqguyz3rza5okbhy/lib
             /libtinfo.so.6: error adding symbols: DSO missing from command lin
             e
  >> 1938    collect2: error: ld returned 1 exit status
  >> 1939    make[2]: *** [bin/ccmake] Error 1
  >> 1940    make[1]: *** [Source/CMakeFiles/ccmake.dir/all] Error 2
     1941    make[1]: *** Waiting for unfinished jobs....
     1942    [ 96%] Building CXX object Source/CMakeFiles/CTestLib.dir/CTest/cm
             CTestStartCommand.cxx.o
     1943    [ 96%] Building CXX object Source/CMakeFiles/CTestLib.dir/CTest/cm
             CTestSubmitCommand.cxx.o
     1944    [ 96%] Building CXX object Source/CMakeFiles/CTestLib.dir/CTest/cm
             CTestSubmitHandler.cxx.o
     1945    [ 96%] Building CXX object Source/CMakeFiles/CTestLib.dir/CTest/cm
             CTestTestCommand.cxx.o
     1946    [ 96%] Building CXX object Source/CMakeFiles/CTestLib.dir/CTest/cm
             CTestTestHandler.cxx.o

     ...

     1971    [ 98%] Building CXX object Source/CMakeFiles/CTestLib.dir/CTest/cm
             CTestSVN.cxx.o
     1972    [ 98%] Building CXX object Source/CMakeFiles/CTestLib.dir/CTest/cm
             CTestBZR.cxx.o
     1973    [ 99%] Building CXX object Source/CMakeFiles/CTestLib.dir/CTest/cm
             CTestGIT.cxx.o
     1974    [ 99%] Building CXX object Source/CMakeFiles/CTestLib.dir/CTest/cm
             CTestHG.cxx.o
     1975    Linking CXX static library libCTestLib.a
     1976    [ 99%] Built target CTestLib
  >> 1977    make: *** [all] Error 2

See build log for details:
  /var/tmp/sochat1/spack-stage/spack-stage-cmake-2.8.10.2-62xh3dj52yzayczfgo4de6xhzsuerhm2/spack-build-out.txt

Making predictions for spack-test
Making predictions for symbolator
Making predictions for libabigail
abicompat not found on path, will look for spack instead.
Making predictions for actual
