==> Error: Failed to upgrade to a write lock for intel-tbb-2021.3.0-aeqejk7rhfivtkbs7rr3hz6trw27e5oz due to LockUpgradeError: Cannot upgrade lock from read to write on file: /p/vast1/build/spack/opt/spack/.spack-db/prefix_lock
==> Warning: intel-tbb-2021.2.0-tmrx3cw2e3p2j57skufw344he7fv6sdw failed to install
==> Error: intel-tbb-2021.2.0-tmrx3cw2e3p2j57skufw344he7fv6sdw: Package was not installed
==> Warning: intel-tbb-2021.1.1-tbgytyw72xutxni4tzzpsbzfaufc7bzp failed to install
==> Error: intel-tbb-2021.1.1-tbgytyw72xutxni4tzzpsbzfaufc7bzp: Package was not installed
Making predictions for symbolator
Making predictions for libabigail
Making predictions for actual
/var/spool/slurmd/job100367/slurm_script: line 12:  8853 Killed                  spliced splice --package hpctoolkit@2019.12.28 --splice intel-tbb --runner spack --replace intel-tbb --experiment experiment --outfile /p/vast1/build/spliced-experiment/results/hpctoolkit/2019.12.28/intel-tbb/experiment.json
==> Error: ProcessError: Command exited with status 2:
    'make' '-j16'

13 errors found in build log:
     451                     from /var/tmp/sochat1/spack-stage/spack-stage-inte
            l-tbb-2021.3.0-uplbx6g6kcj52vpwflko3l5tydp2yg7w/spack-src/src/tbb/.
            ./../include/tbb/../oneapi/tbb/concurrent_unordered_map.h:21,
     452                     from /var/tmp/sochat1/spack-stage/spack-stage-inte
            l-tbb-2021.3.0-uplbx6g6kcj52vpwflko3l5tydp2yg7w/spack-src/src/tbb/.
            ./../include/tbb/concurrent_unordered_map.h:17,
     453                     from /var/tmp/sochat1/spack-stage/spack-stage-inte
            l-tbb-2021.3.0-uplbx6g6kcj52vpwflko3l5tydp2yg7w/spack-src/test/tbb/
            test_concurrent_unordered_map.cpp:22:
     454    /usr/tce/packages/gcc/gcc-10.2.1/rh/usr/include/c++/10/bits/basic_s
            tring.h: In instantiation of 'class std::basic_string<char, std::ch
            ar_traits<char>, tbb::detail::d1::tbb_allocator<char> >':
     455    /var/tmp/sochat1/spack-stage/spack-stage-intel-tbb-2021.3.0-uplbx6g
            6kcj52vpwflko3l5tydp2yg7w/spack-src/test/common/concurrent_associat
            ive_common.h:934:29:   required from 'void test_map_specific_types(
            ) [with Checker = UnorderedMapTypesTester]'
     456    /var/tmp/sochat1/spack-stage/spack-stage-intel-tbb-2021.3.0-uplbx6g
            6kcj52vpwflko3l5tydp2yg7w/spack-src/test/tbb/test_concurrent_unorde
            red_map.cpp:97:54:   required from here
  >> 457    /usr/tce/packages/gcc/gcc-10.2.1/rh/usr/include/c++/10/bits/basic_s
            tring.h:3150:57: error: no type named 'size_type' in 'std::basic_st
            ring<char, std::char_traits<char>, tbb::detail::d1::tbb_allocator<c
            har> >::_CharT_alloc_type' {aka 'std::allocator_traits<tbb::detail:
            :d1::tbb_allocator<char> >::rebind_alloc<char>'}
     458     3150 |       typedef typename _CharT_alloc_type::size_type     siz
            e_type;
     459          |                                                         ^~~
            ~~~~~~
     460    compilation terminated due to -Wfatal-errors.
  >> 461    make[2]: *** [test/CMakeFiles/test_concurrent_unordered_map.dir/tbb
            /test_concurrent_unordered_map.cpp.o] Error 1
     462    make[2]: Leaving directory `/tmp/sochat1/spack-stage/spack-stage-in
            tel-tbb-2021.3.0-uplbx6g6kcj52vpwflko3l5tydp2yg7w/spack-build-uplbx
            6g'
  >> 463    make[1]: *** [test/CMakeFiles/test_concurrent_unordered_map.dir/all
            ] Error 2
     464    make[1]: *** Waiting for unfinished jobs....
     465    [ 27%] Linking CXX executable ../gnu_10.2_cxx11_64_relwithdebinfo/t
            est_dynamic_link
     466    cd /tmp/sochat1/spack-stage/spack-stage-intel-tbb-2021.3.0-uplbx6g6
            kcj52vpwflko3l5tydp2yg7w/spack-build-uplbx6g/test && /p/vast1/build
            /spack/opt/spack/linux-rhel7-broadwell/gcc-10.2.1/cmake-3.22.2-7oku
            4yd37mfoi65gi3alunjbl35euphw/bin/cmake -E cmake_link_script CMakeFi
            les/test_dynamic_link.dir/link.txt --verbose=1
     467    /p/vast1/build/spack/lib/spack/env/gcc/g++ -O2 -g -DNDEBUG -rdynami
            c CMakeFiles/test_dynamic_link.dir/tbb/test_dynamic_link.cpp.o -o .
            ./gnu_10.2_cxx11_64_relwithdebinfo/test_dynamic_link  -Wl,-rpath,/t
            mp/sochat1/spack-stage/spack-stage-intel-tbb-2021.3.0-uplbx6g6kcj52
            vpwflko3l5tydp2yg7w/spack-build-uplbx6g/gnu_10.2_cxx11_64_relwithde
            binfo ../gnu_10.2_cxx11_64_relwithdebinfo/libtbb.so.12.3 -ldl -pthr
            ead
     468    make[2]: Leaving directory `/tmp/sochat1/spack-stage/spack-stage-in
            tel-tbb-2021.3.0-uplbx6g6kcj52vpwflko3l5tydp2yg7w/spack-build-uplbx
            6g'
     469    [ 27%] Built target test_dynamic_link

     ...

     480                     from /var/tmp/sochat1/spack-stage/spack-stage-inte
            l-tbb-2021.3.0-uplbx6g6kcj52vpwflko3l5tydp2yg7w/spack-src/src/tbb/.
            ./../include/tbb/concurrent_unordered_set.h:17,
     481                     from /var/tmp/sochat1/spack-stage/spack-stage-inte
            l-tbb-2021.3.0-uplbx6g6kcj52vpwflko3l5tydp2yg7w/spack-src/test/tbb/
            test_concurrent_unordered_set.cpp:22:
     482    /usr/tce/packages/gcc/gcc-10.2.1/rh/usr/include/c++/10/bits/basic_s
            tring.h: In instantiation of 'class std::basic_string<char, std::ch
            ar_traits<char>, tbb::detail::d1::tbb_allocator<char> >':
     483    /var/tmp/sochat1/spack-stage/spack-stage-intel-tbb-2021.3.0-uplbx6g
            6kcj52vpwflko3l5tydp2yg7w/spack-src/test/tbb/test_concurrent_unorde
            red_set.cpp:72:115:   required from 'void UnorderedSetTypesTester::
            check(const std::list<ValueType>&) [with bool DefCtorPresent = true
            ; ValueType = std::basic_string<char, std::char_traits<char>, tbb::
            detail::d1::tbb_allocator<char> >]'
     484    /var/tmp/sochat1/spack-stage/spack-stage-intel-tbb-2021.3.0-uplbx6g
            6kcj52vpwflko3l5tydp2yg7w/spack-src/test/common/concurrent_associat
            ive_common.h:879:58:   required from 'void test_set_specific_types(
            ) [with Checker = UnorderedSetTypesTester]'
     485    /var/tmp/sochat1/spack-stage/spack-stage-intel-tbb-2021.3.0-uplbx6g
            6kcj52vpwflko3l5tydp2yg7w/spack-src/test/tbb/test_concurrent_unorde
            red_set.cpp:78:54:   required from here
  >> 486    /usr/tce/packages/gcc/gcc-10.2.1/rh/usr/include/c++/10/bits/basic_s
            tring.h:3150:57: error: no type named 'size_type' in 'std::basic_st
            ring<char, std::char_traits<char>, tbb::detail::d1::tbb_allocator<c
            har> >::_CharT_alloc_type' {aka 'std::allocator_traits<tbb::detail:
            :d1::tbb_allocator<char> >::rebind_alloc<char>'}
     487     3150 |       typedef typename _CharT_alloc_type::size_type     siz
            e_type;
     488          |                                                         ^~~
            ~~~~~~
     489    compilation terminated due to -Wfatal-errors.
  >> 490    make[2]: *** [test/CMakeFiles/test_concurrent_unordered_set.dir/tbb
            /test_concurrent_unordered_set.cpp.o] Error 1
     491    make[2]: Leaving directory `/tmp/sochat1/spack-stage/spack-stage-in
            tel-tbb-2021.3.0-uplbx6g6kcj52vpwflko3l5tydp2yg7w/spack-build-uplbx
            6g'
  >> 492    make[1]: *** [test/CMakeFiles/test_concurrent_unordered_set.dir/all
            ] Error 2
     493    In file included from /usr/tce/packages/gcc/gcc-10.2.1/rh/usr/inclu
            de/c++/10/string:55,
     494                     from /usr/tce/packages/gcc/gcc-10.2.1/rh/usr/inclu
            de/c++/10/bits/locale_classes.h:40,
     495                     from /usr/tce/packages/gcc/gcc-10.2.1/rh/usr/inclu
            de/c++/10/bits/ios_base.h:41,
     496                     from /usr/tce/packages/gcc/gcc-10.2.1/rh/usr/inclu
            de/c++/10/streambuf:41,
     497                     from /usr/tce/packages/gcc/gcc-10.2.1/rh/usr/inclu
            de/c++/10/bits/streambuf_iterator.h:35,
     498                     from /usr/tce/packages/gcc/gcc-10.2.1/rh/usr/inclu
            de/c++/10/iterator:66,

     ...

     502                     from /var/tmp/sochat1/spack-stage/spack-stage-inte
            l-tbb-2021.3.0-uplbx6g6kcj52vpwflko3l5tydp2yg7w/spack-src/src/tbb/.
            ./../include/tbb/../oneapi/tbb/concurrent_map.h:21,
     503                     from /var/tmp/sochat1/spack-stage/spack-stage-inte
            l-tbb-2021.3.0-uplbx6g6kcj52vpwflko3l5tydp2yg7w/spack-src/src/tbb/.
            ./../include/tbb/concurrent_map.h:17,
     504                     from /var/tmp/sochat1/spack-stage/spack-stage-inte
            l-tbb-2021.3.0-uplbx6g6kcj52vpwflko3l5tydp2yg7w/spack-src/test/tbb/
            test_concurrent_map.cpp:19:
     505    /usr/tce/packages/gcc/gcc-10.2.1/rh/usr/include/c++/10/bits/basic_s
            tring.h: In instantiation of 'class std::basic_string<char, std::ch
            ar_traits<char>, tbb::detail::d1::tbb_allocator<char> >':
     506    /var/tmp/sochat1/spack-stage/spack-stage-intel-tbb-2021.3.0-uplbx6g
            6kcj52vpwflko3l5tydp2yg7w/spack-src/test/common/concurrent_associat
            ive_common.h:934:29:   required from 'void test_map_specific_types(
            ) [with Checker = OrderedMapTypesTester]'
     507    /var/tmp/sochat1/spack-stage/spack-stage-intel-tbb-2021.3.0-uplbx6g
            6kcj52vpwflko3l5tydp2yg7w/spack-src/test/tbb/test_concurrent_map.cp
            p:90:52:   required from here
  >> 508    /usr/tce/packages/gcc/gcc-10.2.1/rh/usr/include/c++/10/bits/basic_s
            tring.h:3150:57: error: no type named 'size_type' in 'std::basic_st
            ring<char, std::char_traits<char>, tbb::detail::d1::tbb_allocator<c
            har> >::_CharT_alloc_type' {aka 'std::allocator_traits<tbb::detail:
            :d1::tbb_allocator<char> >::rebind_alloc<char>'}
     509     3150 |       typedef typename _CharT_alloc_type::size_type     siz
            e_type;
     510          |                                                         ^~~
            ~~~~~~
     511    compilation terminated due to -Wfatal-errors.
     512    [ 27%] Linking CXX executable ../gnu_10.2_cxx11_64_relwithdebinfo/t
            est_tick_count
     513    cd /tmp/sochat1/spack-stage/spack-stage-intel-tbb-2021.3.0-uplbx6g6
            kcj52vpwflko3l5tydp2yg7w/spack-build-uplbx6g/test && /p/vast1/build
            /spack/opt/spack/linux-rhel7-broadwell/gcc-10.2.1/cmake-3.22.2-7oku
            4yd37mfoi65gi3alunjbl35euphw/bin/cmake -E cmake_link_script CMakeFi
            les/test_tick_count.dir/link.txt --verbose=1
     514    /p/vast1/build/spack/lib/spack/env/gcc/g++ -O2 -g -DNDEBUG -rdynami
            c CMakeFiles/test_tick_count.dir/tbb/test_tick_count.cpp.o -o ../gn
            u_10.2_cxx11_64_relwithdebinfo/test_tick_count  -Wl,-rpath,/tmp/soc
            hat1/spack-stage/spack-stage-intel-tbb-2021.3.0-uplbx6g6kcj52vpwflk
            o3l5tydp2yg7w/spack-build-uplbx6g/gnu_10.2_cxx11_64_relwithdebinfo 
            ../gnu_10.2_cxx11_64_relwithdebinfo/libtbb.so.12.3 -ldl -pthread
  >> 515    make[2]: *** [test/CMakeFiles/test_concurrent_map.dir/tbb/test_conc
            urrent_map.cpp.o] Error 1
     516    make[2]: Leaving directory `/tmp/sochat1/spack-stage/spack-stage-in
            tel-tbb-2021.3.0-uplbx6g6kcj52vpwflko3l5tydp2yg7w/spack-build-uplbx
            6g'
  >> 517    make[1]: *** [test/CMakeFiles/test_concurrent_map.dir/all] Error 2
     518    [ 27%] Linking CXX executable ../gnu_10.2_cxx11_64_relwithdebinfo/t
            est_malloc_compliance
     519    make[2]: Leaving directory `/tmp/sochat1/spack-stage/spack-stage-in
            tel-tbb-2021.3.0-uplbx6g6kcj52vpwflko3l5tydp2yg7w/spack-build-uplbx
            6g'
     520    cd /tmp/sochat1/spack-stage/spack-stage-intel-tbb-2021.3.0-uplbx6g6
            kcj52vpwflko3l5tydp2yg7w/spack-build-uplbx6g/test && /p/vast1/build
            /spack/opt/spack/linux-rhel7-broadwell/gcc-10.2.1/cmake-3.22.2-7oku
            4yd37mfoi65gi3alunjbl35euphw/bin/cmake -E cmake_link_script CMakeFi
            les/test_malloc_compliance.dir/link.txt --verbose=1
     521    /p/vast1/build/spack/lib/spack/env/gcc/g++ -O2 -g -DNDEBUG -rdynami
            c CMakeFiles/test_malloc_compliance.dir/tbbmalloc/test_malloc_compl
            iance.cpp.o -o ../gnu_10.2_cxx11_64_relwithdebinfo/test_malloc_comp
            liance  -Wl,-rpath,/tmp/sochat1/spack-stage/spack-stage-intel-tbb-2
            021.3.0-uplbx6g6kcj52vpwflko3l5tydp2yg7w/spack-build-uplbx6g/gnu_10
            .2_cxx11_64_relwithdebinfo ../gnu_10.2_cxx11_64_relwithdebinfo/libt
            bbmalloc.so.2.3 -ldl -pthread
     522    [ 27%] Built target test_tick_count
     523    make[2]: Leaving directory `/tmp/sochat1/spack-stage/spack-stage-in
            tel-tbb-2021.3.0-uplbx6g6kcj52vpwflko3l5tydp2yg7w/spack-build-uplbx
            6g'

     ...

     535                     from /var/tmp/sochat1/spack-stage/spack-stage-inte
            l-tbb-2021.3.0-uplbx6g6kcj52vpwflko3l5tydp2yg7w/spack-src/src/tbb/.
            ./../include/tbb/concurrent_set.h:17,
     536                     from /var/tmp/sochat1/spack-stage/spack-stage-inte
            l-tbb-2021.3.0-uplbx6g6kcj52vpwflko3l5tydp2yg7w/spack-src/test/tbb/
            test_concurrent_set.cpp:20:
     537    /usr/tce/packages/gcc/gcc-10.2.1/rh/usr/include/c++/10/bits/basic_s
            tring.h: In instantiation of 'class std::basic_string<char, std::ch
            ar_traits<char>, tbb::detail::d1::tbb_allocator<char> >':
     538    /var/tmp/sochat1/spack-stage/spack-stage-intel-tbb-2021.3.0-uplbx6g
            6kcj52vpwflko3l5tydp2yg7w/spack-src/test/tbb/test_concurrent_set.cp
            p:66:67:   required from 'void OrderedSetTypesTester::check(const s
            td::list<ValueType>&) [with bool DefCtorPresent = true; ValueType =
             std::basic_string<char, std::char_traits<char>, tbb::detail::d1::t
            bb_allocator<char> >]'
     539    /var/tmp/sochat1/spack-stage/spack-stage-intel-tbb-2021.3.0-uplbx6g
            6kcj52vpwflko3l5tydp2yg7w/spack-src/test/common/concurrent_associat
            ive_common.h:879:58:   required from 'void test_set_specific_types(
            ) [with Checker = OrderedSetTypesTester]'
     540    /var/tmp/sochat1/spack-stage/spack-stage-intel-tbb-2021.3.0-uplbx6g
            6kcj52vpwflko3l5tydp2yg7w/spack-src/test/tbb/test_concurrent_set.cp
            p:72:52:   required from here
  >> 541    /usr/tce/packages/gcc/gcc-10.2.1/rh/usr/include/c++/10/bits/basic_s
            tring.h:3150:57: error: no type named 'size_type' in 'std::basic_st
            ring<char, std::char_traits<char>, tbb::detail::d1::tbb_allocator<c
            har> >::_CharT_alloc_type' {aka 'std::allocator_traits<tbb::detail:
            :d1::tbb_allocator<char> >::rebind_alloc<char>'}
     542     3150 |       typedef typename _CharT_alloc_type::size_type     siz
            e_type;
     543          |                                                         ^~~
            ~~~~~~
     544    compilation terminated due to -Wfatal-errors.
  >> 545    make[2]: *** [test/CMakeFiles/test_concurrent_set.dir/tbb/test_conc
            urrent_set.cpp.o] Error 1
     546    make[2]: Leaving directory `/tmp/sochat1/spack-stage/spack-stage-in
            tel-tbb-2021.3.0-uplbx6g6kcj52vpwflko3l5tydp2yg7w/spack-build-uplbx
            6g'
  >> 547    make[1]: *** [test/CMakeFiles/test_concurrent_set.dir/all] Error 2
     548    [ 27%] Linking CXX executable ../gnu_10.2_cxx11_64_relwithdebinfo/t
            est_malloc_pools
     549    cd /tmp/sochat1/spack-stage/spack-stage-intel-tbb-2021.3.0-uplbx6g6
            kcj52vpwflko3l5tydp2yg7w/spack-build-uplbx6g/test && /p/vast1/build
            /spack/opt/spack/linux-rhel7-broadwell/gcc-10.2.1/cmake-3.22.2-7oku
            4yd37mfoi65gi3alunjbl35euphw/bin/cmake -E cmake_link_script CMakeFi
            les/test_malloc_pools.dir/link.txt --verbose=1
     550    /p/vast1/build/spack/lib/spack/env/gcc/g++ -O2 -g -DNDEBUG -rdynami
            c CMakeFiles/test_malloc_pools.dir/tbbmalloc/test_malloc_pools.cpp.
            o -o ../gnu_10.2_cxx11_64_relwithdebinfo/test_malloc_pools  -Wl,-rp
            ath,/tmp/sochat1/spack-stage/spack-stage-intel-tbb-2021.3.0-uplbx6g
            6kcj52vpwflko3l5tydp2yg7w/spack-build-uplbx6g/gnu_10.2_cxx11_64_rel
            withdebinfo ../gnu_10.2_cxx11_64_relwithdebinfo/libtbbmalloc.so.2.3
             -ldl -pthread
     551    make[2]: Leaving directory `/tmp/sochat1/spack-stage/spack-stage-in
            tel-tbb-2021.3.0-uplbx6g6kcj52vpwflko3l5tydp2yg7w/spack-build-uplbx
            6g'
     552    [ 27%] Built target test_malloc_pools
     553    [ 28%] Linking CXX executable ../gnu_10.2_cxx11_64_relwithdebinfo/t
            est_arena_priorities

     ...

     588    [ 30%] Linking CXX executable ../gnu_10.2_cxx11_64_relwithdebinfo/t
            est_concurrent_priority_queue
     589    cd /tmp/sochat1/spack-stage/spack-stage-intel-tbb-2021.3.0-uplbx6g6
            kcj52vpwflko3l5tydp2yg7w/spack-build-uplbx6g/test && /p/vast1/build
            /spack/opt/spack/linux-rhel7-broadwell/gcc-10.2.1/cmake-3.22.2-7oku
            4yd37mfoi65gi3alunjbl35euphw/bin/cmake -E cmake_link_script CMakeFi
            les/test_concurrent_priority_queue.dir/link.txt --verbose=1
     590    /p/vast1/build/spack/lib/spack/env/gcc/g++ -O2 -g -DNDEBUG -rdynami
            c CMakeFiles/test_concurrent_priority_queue.dir/tbb/test_concurrent
            _priority_queue.cpp.o -o ../gnu_10.2_cxx11_64_relwithdebinfo/test_c
            oncurrent_priority_queue  -Wl,-rpath,/tmp/sochat1/spack-stage/spack
            -stage-intel-tbb-2021.3.0-uplbx6g6kcj52vpwflko3l5tydp2yg7w/spack-bu
            ild-uplbx6g/gnu_10.2_cxx11_64_relwithdebinfo ../gnu_10.2_cxx11_64_r
            elwithdebinfo/libtbb.so.12.3 -ldl -pthread
     591    make[2]: Leaving directory `/tmp/sochat1/spack-stage/spack-stage-in
            tel-tbb-2021.3.0-uplbx6g6kcj52vpwflko3l5tydp2yg7w/spack-build-uplbx
            6g'
     592    [ 30%] Built target test_concurrent_priority_queue
     593    make[1]: Leaving directory `/tmp/sochat1/spack-stage/spack-stage-in
            tel-tbb-2021.3.0-uplbx6g6kcj52vpwflko3l5tydp2yg7w/spack-build-uplbx
            6g'
  >> 594    make: *** [all] Error 2

See build log for details:
  /var/tmp/sochat1/spack-stage/spack-stage-intel-tbb-2021.3.0-uplbx6g6kcj52vpwflko3l5tydp2yg7w/spack-build-out.txt

==> Error: ProcessError: Command exited with status 2:
    'make' '-j16'

13 errors found in build log:
     449                     from /var/tmp/sochat1/spack-stage/spack-stage-inte
            l-tbb-2021.2.0-q6fhfwwjlttrjgsmpoopp7ui5b3jagyx/spack-src/src/tbb/.
            ./../include/tbb/../oneapi/tbb/concurrent_unordered_map.h:21,
     450                     from /var/tmp/sochat1/spack-stage/spack-stage-inte
            l-tbb-2021.2.0-q6fhfwwjlttrjgsmpoopp7ui5b3jagyx/spack-src/src/tbb/.
            ./../include/tbb/concurrent_unordered_map.h:17,
     451                     from /var/tmp/sochat1/spack-stage/spack-stage-inte
            l-tbb-2021.2.0-q6fhfwwjlttrjgsmpoopp7ui5b3jagyx/spack-src/test/tbb/
            test_concurrent_unordered_map.cpp:22:
     452    /usr/tce/packages/gcc/gcc-10.2.1/rh/usr/include/c++/10/bits/basic_s
            tring.h: In instantiation of 'class std::basic_string<char, std::ch
            ar_traits<char>, tbb::detail::d1::tbb_allocator<char> >':
     453    /var/tmp/sochat1/spack-stage/spack-stage-intel-tbb-2021.2.0-q6fhfww
            jlttrjgsmpoopp7ui5b3jagyx/spack-src/test/common/concurrent_associat
            ive_common.h:926:29:   required from 'void test_map_specific_types(
            ) [with Checker = UnorderedMapTypesTester]'
     454    /var/tmp/sochat1/spack-stage/spack-stage-intel-tbb-2021.2.0-q6fhfww
            jlttrjgsmpoopp7ui5b3jagyx/spack-src/test/tbb/test_concurrent_unorde
            red_map.cpp:97:54:   required from here
  >> 455    /usr/tce/packages/gcc/gcc-10.2.1/rh/usr/include/c++/10/bits/basic_s
            tring.h:3150:57: error: no type named 'size_type' in 'std::basic_st
            ring<char, std::char_traits<char>, tbb::detail::d1::tbb_allocator<c
            har> >::_CharT_alloc_type' {aka 'std::allocator_traits<tbb::detail:
            :d1::tbb_allocator<char> >::rebind_alloc<char>'}
     456     3150 |       typedef typename _CharT_alloc_type::size_type     siz
            e_type;
     457          |                                                         ^~~
            ~~~~~~
     458    compilation terminated due to -Wfatal-errors.
  >> 459    make[2]: *** [test/CMakeFiles/test_concurrent_unordered_map.dir/tbb
            /test_concurrent_unordered_map.cpp.o] Error 1
     460    make[2]: Leaving directory `/tmp/sochat1/spack-stage/spack-stage-in
            tel-tbb-2021.2.0-q6fhfwwjlttrjgsmpoopp7ui5b3jagyx/spack-build-q6fhf
            ww'
  >> 461    make[1]: *** [test/CMakeFiles/test_concurrent_unordered_map.dir/all
            ] Error 2
     462    make[1]: *** Waiting for unfinished jobs....
     463    In file included from /usr/tce/packages/gcc/gcc-10.2.1/rh/usr/inclu
            de/c++/10/string:55,
     464                     from /usr/tce/packages/gcc/gcc-10.2.1/rh/usr/inclu
            de/c++/10/bits/locale_classes.h:40,
     465                     from /usr/tce/packages/gcc/gcc-10.2.1/rh/usr/inclu
            de/c++/10/bits/ios_base.h:41,
     466                     from /usr/tce/packages/gcc/gcc-10.2.1/rh/usr/inclu
            de/c++/10/streambuf:41,
     467                     from /usr/tce/packages/gcc/gcc-10.2.1/rh/usr/inclu
            de/c++/10/bits/streambuf_iterator.h:35,

     ...

     473                     from /var/tmp/sochat1/spack-stage/spack-stage-inte
            l-tbb-2021.2.0-q6fhfwwjlttrjgsmpoopp7ui5b3jagyx/spack-src/src/tbb/.
            ./../include/tbb/concurrent_unordered_set.h:17,
     474                     from /var/tmp/sochat1/spack-stage/spack-stage-inte
            l-tbb-2021.2.0-q6fhfwwjlttrjgsmpoopp7ui5b3jagyx/spack-src/test/tbb/
            test_concurrent_unordered_set.cpp:22:
     475    /usr/tce/packages/gcc/gcc-10.2.1/rh/usr/include/c++/10/bits/basic_s
            tring.h: In instantiation of 'class std::basic_string<char, std::ch
            ar_traits<char>, tbb::detail::d1::tbb_allocator<char> >':
     476    /var/tmp/sochat1/spack-stage/spack-stage-intel-tbb-2021.2.0-q6fhfww
            jlttrjgsmpoopp7ui5b3jagyx/spack-src/test/tbb/test_concurrent_unorde
            red_set.cpp:72:115:   required from 'void UnorderedSetTypesTester::
            check(const std::list<ValueType>&) [with bool DefCtorPresent = true
            ; ValueType = std::basic_string<char, std::char_traits<char>, tbb::
            detail::d1::tbb_allocator<char> >]'
     477    /var/tmp/sochat1/spack-stage/spack-stage-intel-tbb-2021.2.0-q6fhfww
            jlttrjgsmpoopp7ui5b3jagyx/spack-src/test/common/concurrent_associat
            ive_common.h:871:58:   required from 'void test_set_specific_types(
            ) [with Checker = UnorderedSetTypesTester]'
     478    /var/tmp/sochat1/spack-stage/spack-stage-intel-tbb-2021.2.0-q6fhfww
            jlttrjgsmpoopp7ui5b3jagyx/spack-src/test/tbb/test_concurrent_unorde
            red_set.cpp:78:54:   required from here
  >> 479    /usr/tce/packages/gcc/gcc-10.2.1/rh/usr/include/c++/10/bits/basic_s
            tring.h:3150:57: error: no type named 'size_type' in 'std::basic_st
            ring<char, std::char_traits<char>, tbb::detail::d1::tbb_allocator<c
            har> >::_CharT_alloc_type' {aka 'std::allocator_traits<tbb::detail:
            :d1::tbb_allocator<char> >::rebind_alloc<char>'}
     480     3150 |       typedef typename _CharT_alloc_type::size_type     siz
            e_type;
     481          |                                                         ^~~
            ~~~~~~
     482    compilation terminated due to -Wfatal-errors.
  >> 483    make[2]: *** [test/CMakeFiles/test_concurrent_unordered_set.dir/tbb
            /test_concurrent_unordered_set.cpp.o] Error 1
     484    make[2]: Leaving directory `/tmp/sochat1/spack-stage/spack-stage-in
            tel-tbb-2021.2.0-q6fhfwwjlttrjgsmpoopp7ui5b3jagyx/spack-build-q6fhf
            ww'
  >> 485    make[1]: *** [test/CMakeFiles/test_concurrent_unordered_set.dir/all
            ] Error 2
     486    In file included from /usr/tce/packages/gcc/gcc-10.2.1/rh/usr/inclu
            de/c++/10/string:55,
     487                     from /usr/tce/packages/gcc/gcc-10.2.1/rh/usr/inclu
            de/c++/10/bits/locale_classes.h:40,
     488                     from /usr/tce/packages/gcc/gcc-10.2.1/rh/usr/inclu
            de/c++/10/bits/ios_base.h:41,
     489                     from /usr/tce/packages/gcc/gcc-10.2.1/rh/usr/inclu
            de/c++/10/streambuf:41,
     490                     from /usr/tce/packages/gcc/gcc-10.2.1/rh/usr/inclu
            de/c++/10/bits/streambuf_iterator.h:35,
     491                     from /usr/tce/packages/gcc/gcc-10.2.1/rh/usr/inclu
            de/c++/10/iterator:66,

     ...

     495                     from /var/tmp/sochat1/spack-stage/spack-stage-inte
            l-tbb-2021.2.0-q6fhfwwjlttrjgsmpoopp7ui5b3jagyx/spack-src/src/tbb/.
            ./../include/tbb/../oneapi/tbb/concurrent_map.h:21,
     496                     from /var/tmp/sochat1/spack-stage/spack-stage-inte
            l-tbb-2021.2.0-q6fhfwwjlttrjgsmpoopp7ui5b3jagyx/spack-src/src/tbb/.
            ./../include/tbb/concurrent_map.h:17,
     497                     from /var/tmp/sochat1/spack-stage/spack-stage-inte
            l-tbb-2021.2.0-q6fhfwwjlttrjgsmpoopp7ui5b3jagyx/spack-src/test/tbb/
            test_concurrent_map.cpp:19:
     498    /usr/tce/packages/gcc/gcc-10.2.1/rh/usr/include/c++/10/bits/basic_s
            tring.h: In instantiation of 'class std::basic_string<char, std::ch
            ar_traits<char>, tbb::detail::d1::tbb_allocator<char> >':
     499    /var/tmp/sochat1/spack-stage/spack-stage-intel-tbb-2021.2.0-q6fhfww
            jlttrjgsmpoopp7ui5b3jagyx/spack-src/test/common/concurrent_associat
            ive_common.h:926:29:   required from 'void test_map_specific_types(
            ) [with Checker = OrderedMapTypesTester]'
     500    /var/tmp/sochat1/spack-stage/spack-stage-intel-tbb-2021.2.0-q6fhfww
            jlttrjgsmpoopp7ui5b3jagyx/spack-src/test/tbb/test_concurrent_map.cp
            p:90:52:   required from here
  >> 501    /usr/tce/packages/gcc/gcc-10.2.1/rh/usr/include/c++/10/bits/basic_s
            tring.h:3150:57: error: no type named 'size_type' in 'std::basic_st
            ring<char, std::char_traits<char>, tbb::detail::d1::tbb_allocator<c
            har> >::_CharT_alloc_type' {aka 'std::allocator_traits<tbb::detail:
            :d1::tbb_allocator<char> >::rebind_alloc<char>'}
     502     3150 |       typedef typename _CharT_alloc_type::size_type     siz
            e_type;
     503          |                                                         ^~~
            ~~~~~~
     504    compilation terminated due to -Wfatal-errors.
  >> 505    make[2]: *** [test/CMakeFiles/test_concurrent_map.dir/tbb/test_conc
            urrent_map.cpp.o] Error 1
     506    make[2]: Leaving directory `/tmp/sochat1/spack-stage/spack-stage-in
            tel-tbb-2021.2.0-q6fhfwwjlttrjgsmpoopp7ui5b3jagyx/spack-build-q6fhf
            ww'
  >> 507    make[1]: *** [test/CMakeFiles/test_concurrent_map.dir/all] Error 2
     508    [ 27%] Linking CXX executable ../gnu_10.2_cxx11_64_relwithdebinfo/t
            est_dynamic_link
     509    cd /tmp/sochat1/spack-stage/spack-stage-intel-tbb-2021.2.0-q6fhfwwj
            lttrjgsmpoopp7ui5b3jagyx/spack-build-q6fhfww/test && /p/vast1/build
            /spack/opt/spack/linux-rhel7-broadwell/gcc-10.2.1/cmake-3.22.2-7oku
            4yd37mfoi65gi3alunjbl35euphw/bin/cmake -E cmake_link_script CMakeFi
            les/test_dynamic_link.dir/link.txt --verbose=1
     510    /p/vast1/build/spack/lib/spack/env/gcc/g++ -O2 -g -DNDEBUG -rdynami
            c CMakeFiles/test_dynamic_link.dir/tbb/test_dynamic_link.cpp.o -o .
            ./gnu_10.2_cxx11_64_relwithdebinfo/test_dynamic_link  -Wl,-rpath,/t
            mp/sochat1/spack-stage/spack-stage-intel-tbb-2021.2.0-q6fhfwwjlttrj
            gsmpoopp7ui5b3jagyx/spack-build-q6fhfww/gnu_10.2_cxx11_64_relwithde
            binfo ../gnu_10.2_cxx11_64_relwithdebinfo/libtbb.so.12.2 -ldl -pthr
            ead
     511    [ 27%] Linking CXX executable ../gnu_10.2_cxx11_64_relwithdebinfo/t
            est_tick_count
     512    cd /tmp/sochat1/spack-stage/spack-stage-intel-tbb-2021.2.0-q6fhfwwj
            lttrjgsmpoopp7ui5b3jagyx/spack-build-q6fhfww/test && /p/vast1/build
            /spack/opt/spack/linux-rhel7-broadwell/gcc-10.2.1/cmake-3.22.2-7oku
            4yd37mfoi65gi3alunjbl35euphw/bin/cmake -E cmake_link_script CMakeFi
            les/test_tick_count.dir/link.txt --verbose=1
     513    /p/vast1/build/spack/lib/spack/env/gcc/g++ -O2 -g -DNDEBUG -rdynami
            c CMakeFiles/test_tick_count.dir/tbb/test_tick_count.cpp.o -o ../gn
            u_10.2_cxx11_64_relwithdebinfo/test_tick_count  -Wl,-rpath,/tmp/soc
            hat1/spack-stage/spack-stage-intel-tbb-2021.2.0-q6fhfwwjlttrjgsmpoo
            pp7ui5b3jagyx/spack-build-q6fhfww/gnu_10.2_cxx11_64_relwithdebinfo 
            ../gnu_10.2_cxx11_64_relwithdebinfo/libtbb.so.12.2 -ldl -pthread

     ...

     530                     from /var/tmp/sochat1/spack-stage/spack-stage-inte
            l-tbb-2021.2.0-q6fhfwwjlttrjgsmpoopp7ui5b3jagyx/spack-src/src/tbb/.
            ./../include/tbb/concurrent_set.h:17,
     531                     from /var/tmp/sochat1/spack-stage/spack-stage-inte
            l-tbb-2021.2.0-q6fhfwwjlttrjgsmpoopp7ui5b3jagyx/spack-src/test/tbb/
            test_concurrent_set.cpp:20:
     532    /usr/tce/packages/gcc/gcc-10.2.1/rh/usr/include/c++/10/bits/basic_s
            tring.h: In instantiation of 'class std::basic_string<char, std::ch
            ar_traits<char>, tbb::detail::d1::tbb_allocator<char> >':
     533    /var/tmp/sochat1/spack-stage/spack-stage-intel-tbb-2021.2.0-q6fhfww
            jlttrjgsmpoopp7ui5b3jagyx/spack-src/test/tbb/test_concurrent_set.cp
            p:66:67:   required from 'void OrderedSetTypesTester::check(const s
            td::list<ValueType>&) [with bool DefCtorPresent = true; ValueType =
             std::basic_string<char, std::char_traits<char>, tbb::detail::d1::t
            bb_allocator<char> >]'
     534    /var/tmp/sochat1/spack-stage/spack-stage-intel-tbb-2021.2.0-q6fhfww
            jlttrjgsmpoopp7ui5b3jagyx/spack-src/test/common/concurrent_associat
            ive_common.h:871:58:   required from 'void test_set_specific_types(
            ) [with Checker = OrderedSetTypesTester]'
     535    /var/tmp/sochat1/spack-stage/spack-stage-intel-tbb-2021.2.0-q6fhfww
            jlttrjgsmpoopp7ui5b3jagyx/spack-src/test/tbb/test_concurrent_set.cp
            p:72:52:   required from here
  >> 536    /usr/tce/packages/gcc/gcc-10.2.1/rh/usr/include/c++/10/bits/basic_s
            tring.h:3150:57: error: no type named 'size_type' in 'std::basic_st
            ring<char, std::char_traits<char>, tbb::detail::d1::tbb_allocator<c
            har> >::_CharT_alloc_type' {aka 'std::allocator_traits<tbb::detail:
            :d1::tbb_allocator<char> >::rebind_alloc<char>'}
     537     3150 |       typedef typename _CharT_alloc_type::size_type     siz
            e_type;
     538          |                                                         ^~~
            ~~~~~~
     539    compilation terminated due to -Wfatal-errors.
     540    [ 28%] Built target test_tick_count
  >> 541    make[2]: *** [test/CMakeFiles/test_concurrent_set.dir/tbb/test_conc
            urrent_set.cpp.o] Error 1
     542    make[2]: Leaving directory `/tmp/sochat1/spack-stage/spack-stage-in
            tel-tbb-2021.2.0-q6fhfwwjlttrjgsmpoopp7ui5b3jagyx/spack-build-q6fhf
            ww'
  >> 543    make[1]: *** [test/CMakeFiles/test_concurrent_set.dir/all] Error 2
     544    make[2]: Leaving directory `/tmp/sochat1/spack-stage/spack-stage-in
            tel-tbb-2021.2.0-q6fhfwwjlttrjgsmpoopp7ui5b3jagyx/spack-build-q6fhf
            ww'
     545    [ 28%] Built target test_malloc_compliance
     546    [ 28%] Linking CXX executable ../gnu_10.2_cxx11_64_relwithdebinfo/t
            est_malloc_pools
     547    cd /tmp/sochat1/spack-stage/spack-stage-intel-tbb-2021.2.0-q6fhfwwj
            lttrjgsmpoopp7ui5b3jagyx/spack-build-q6fhfww/test && /p/vast1/build
            /spack/opt/spack/linux-rhel7-broadwell/gcc-10.2.1/cmake-3.22.2-7oku
            4yd37mfoi65gi3alunjbl35euphw/bin/cmake -E cmake_link_script CMakeFi
            les/test_malloc_pools.dir/link.txt --verbose=1
     548    /p/vast1/build/spack/lib/spack/env/gcc/g++ -O2 -g -DNDEBUG -rdynami
            c CMakeFiles/test_malloc_pools.dir/tbbmalloc/test_malloc_pools.cpp.
            o -o ../gnu_10.2_cxx11_64_relwithdebinfo/test_malloc_pools  -Wl,-rp
            ath,/tmp/sochat1/spack-stage/spack-stage-intel-tbb-2021.2.0-q6fhfww
            jlttrjgsmpoopp7ui5b3jagyx/spack-build-q6fhfww/gnu_10.2_cxx11_64_rel
            withdebinfo ../gnu_10.2_cxx11_64_relwithdebinfo/libtbbmalloc.so.2.2
             -ldl -pthread
     549    make[2]: Leaving directory `/tmp/sochat1/spack-stage/spack-stage-in
            tel-tbb-2021.2.0-q6fhfwwjlttrjgsmpoopp7ui5b3jagyx/spack-build-q6fhf
            ww'

     ...

     586    [ 31%] Linking CXX executable ../gnu_10.2_cxx11_64_relwithdebinfo/t
            est_parallel_for_each
     587    cd /tmp/sochat1/spack-stage/spack-stage-intel-tbb-2021.2.0-q6fhfwwj
            lttrjgsmpoopp7ui5b3jagyx/spack-build-q6fhfww/test && /p/vast1/build
            /spack/opt/spack/linux-rhel7-broadwell/gcc-10.2.1/cmake-3.22.2-7oku
            4yd37mfoi65gi3alunjbl35euphw/bin/cmake -E cmake_link_script CMakeFi
            les/test_parallel_for_each.dir/link.txt --verbose=1
     588    /p/vast1/build/spack/lib/spack/env/gcc/g++ -O2 -g -DNDEBUG -rdynami
            c CMakeFiles/test_parallel_for_each.dir/tbb/test_parallel_for_each.
            cpp.o -o ../gnu_10.2_cxx11_64_relwithdebinfo/test_parallel_for_each
              -Wl,-rpath,/tmp/sochat1/spack-stage/spack-stage-intel-tbb-2021.2.
            0-q6fhfwwjlttrjgsmpoopp7ui5b3jagyx/spack-build-q6fhfww/gnu_10.2_cxx
            11_64_relwithdebinfo ../gnu_10.2_cxx11_64_relwithdebinfo/libtbb.so.
            12.2 -ldl -pthread
     589    make[2]: Leaving directory `/tmp/sochat1/spack-stage/spack-stage-in
            tel-tbb-2021.2.0-q6fhfwwjlttrjgsmpoopp7ui5b3jagyx/spack-build-q6fhf
            ww'
     590    [ 31%] Built target test_parallel_for_each
     591    make[1]: Leaving directory `/tmp/sochat1/spack-stage/spack-stage-in
            tel-tbb-2021.2.0-q6fhfwwjlttrjgsmpoopp7ui5b3jagyx/spack-build-q6fhf
            ww'
  >> 592    make: *** [all] Error 2

See build log for details:
  /var/tmp/sochat1/spack-stage/spack-stage-intel-tbb-2021.2.0-q6fhfwwjlttrjgsmpoopp7ui5b3jagyx/spack-build-out.txt

==> Error: ProcessError: Command exited with status 2:
    'make' '-j16'

13 errors found in build log:
     467                     from /var/tmp/sochat1/spack-stage/spack-stage-inte
            l-tbb-2021.1.1-dcgy3inpmd2p7h7bqa3n4fihupxn4fow/spack-src/src/tbb/.
            ./../include/tbb/../oneapi/tbb/concurrent_unordered_map.h:21,
     468                     from /var/tmp/sochat1/spack-stage/spack-stage-inte
            l-tbb-2021.1.1-dcgy3inpmd2p7h7bqa3n4fihupxn4fow/spack-src/src/tbb/.
            ./../include/tbb/concurrent_unordered_map.h:17,
     469                     from /var/tmp/sochat1/spack-stage/spack-stage-inte
            l-tbb-2021.1.1-dcgy3inpmd2p7h7bqa3n4fihupxn4fow/spack-src/test/tbb/
            test_concurrent_unordered_map.cpp:18:
     470    /usr/tce/packages/gcc/gcc-10.2.1/rh/usr/include/c++/10/bits/basic_s
            tring.h: In instantiation of 'class std::basic_string<char, std::ch
            ar_traits<char>, tbb::detail::d1::tbb_allocator<char> >':
     471    /var/tmp/sochat1/spack-stage/spack-stage-intel-tbb-2021.1.1-dcgy3in
            pmd2p7h7bqa3n4fihupxn4fow/spack-src/test/common/concurrent_associat
            ive_common.h:925:29:   required from 'void test_map_specific_types(
            ) [with Checker = UnorderedMapTypesTester]'
     472    /var/tmp/sochat1/spack-stage/spack-stage-intel-tbb-2021.1.1-dcgy3in
            pmd2p7h7bqa3n4fihupxn4fow/spack-src/test/tbb/test_concurrent_unorde
            red_map.cpp:93:54:   required from here
  >> 473    /usr/tce/packages/gcc/gcc-10.2.1/rh/usr/include/c++/10/bits/basic_s
            tring.h:3150:57: error: no type named 'size_type' in 'std::basic_st
            ring<char, std::char_traits<char>, tbb::detail::d1::tbb_allocator<c
            har> >::_CharT_alloc_type' {aka 'std::allocator_traits<tbb::detail:
            :d1::tbb_allocator<char> >::rebind_alloc<char>'}
     474     3150 |       typedef typename _CharT_alloc_type::size_type     siz
            e_type;
     475          |                                                         ^~~
            ~~~~~~
     476    compilation terminated due to -Wfatal-errors.
  >> 477    make[2]: *** [test/CMakeFiles/test_concurrent_unordered_map.dir/tbb
            /test_concurrent_unordered_map.cpp.o] Error 1
     478    make[2]: Leaving directory `/tmp/sochat1/spack-stage/spack-stage-in
            tel-tbb-2021.1.1-dcgy3inpmd2p7h7bqa3n4fihupxn4fow/spack-build-dcgy3
            in'
  >> 479    make[1]: *** [test/CMakeFiles/test_concurrent_unordered_map.dir/all
            ] Error 2
     480    make[1]: *** Waiting for unfinished jobs....
     481    In file included from /var/tmp/sochat1/spack-stage/spack-stage-inte
            l-tbb-2021.1.1-dcgy3inpmd2p7h7bqa3n4fihupxn4fow/spack-src/test/comm
            on/concurrent_unordered_common.h:24,
     482                     from /var/tmp/sochat1/spack-stage/spack-stage-inte
            l-tbb-2021.1.1-dcgy3inpmd2p7h7bqa3n4fihupxn4fow/spack-src/test/tbb/
            test_concurrent_unordered_set.cpp:19:
     483    /var/tmp/sochat1/spack-stage/spack-stage-intel-tbb-2021.1.1-dcgy3in
            pmd2p7h7bqa3n4fihupxn4fow/spack-src/test/common/concurrent_associat
            ive_common.h: In instantiation of 'void test_scoped_allocator() [wi
            th ContainerTraits = CusetTraits]':
     484    /var/tmp/sochat1/spack-stage/spack-stage-intel-tbb-2021.1.1-dcgy3in
            pmd2p7h7bqa3n4fihupxn4fow/spack-src/test/tbb/test_concurrent_unorde
            red_set.cpp:179:40:   required from here
     485    /var/tmp/sochat1/spack-stage/spack-stage-intel-tbb-2021.1.1-dcgy3in
            pmd2p7h7bqa3n4fihupxn4fow/spack-src/test/common/concurrent_associat
            ive_common.h:1184:8: warning: implicitly-declared 'tbb::detail::d1:
            :concurrent_unordered_set<AllocatorAwareData<std::scoped_allocator_
            adaptor<std::allocator<int> > >, std::hash<AllocatorAwareData<std::
            scoped_allocator_adaptor<std::allocator<int> > > >, std::equal_to<A
            llocatorAwareData<std::scoped_allocator_adaptor<std::allocator<int>
             > > >, std::scoped_allocator_adaptor<std::allocator<AllocatorAware
            Data<std::scoped_allocator_adaptor<std::allocator<int> > > > > >& t
            bb::detail::d1::concurrent_unordered_set<AllocatorAwareData<std::sc
            oped_allocator_adaptor<std::allocator<int> > >, std::hash<Allocator
            AwareData<std::scoped_allocator_adaptor<std::allocator<int> > > >, 
            std::equal_to<AllocatorAwareData<std::scoped_allocator_adaptor<std:
            :allocator<int> > > >, std::scoped_allocator_adaptor<std::allocator
            <AllocatorAwareData<std::scoped_allocator_adaptor<std::allocator<in
            t> > > > > >::operator=(const tbb::detail::d1::concurrent_unordered
            _set<AllocatorAwareData<std::scoped_allocator_adaptor<std::allocato
            r<int> > >, std::hash<AllocatorAwareData<std::scoped_allocator_adap
            tor<std::allocator<int> > > >, std::equal_to<AllocatorAwareData<std
            ::scoped_allocator_adaptor<std::allocator<int> > > >, std::scoped_a
            llocator_adaptor<std::allocator<AllocatorAwareData<std::scoped_allo
            cator_adaptor<std::allocator<int> > > > > >&)' is deprecated [-Wdep
            recated-copy]

     ...

     517                     from /var/tmp/sochat1/spack-stage/spack-stage-inte
            l-tbb-2021.1.1-dcgy3inpmd2p7h7bqa3n4fihupxn4fow/spack-src/src/tbb/.
            ./../include/tbb/concurrent_unordered_set.h:17,
     518                     from /var/tmp/sochat1/spack-stage/spack-stage-inte
            l-tbb-2021.1.1-dcgy3inpmd2p7h7bqa3n4fihupxn4fow/spack-src/test/tbb/
            test_concurrent_unordered_set.cpp:18:
     519    /usr/tce/packages/gcc/gcc-10.2.1/rh/usr/include/c++/10/bits/basic_s
            tring.h: In instantiation of 'class std::basic_string<char, std::ch
            ar_traits<char>, tbb::detail::d1::tbb_allocator<char> >':
     520    /var/tmp/sochat1/spack-stage/spack-stage-intel-tbb-2021.1.1-dcgy3in
            pmd2p7h7bqa3n4fihupxn4fow/spack-src/test/tbb/test_concurrent_unorde
            red_set.cpp:68:115:   required from 'void UnorderedSetTypesTester::
            check(const std::list<ValueType>&) [with bool DefCtorPresent = true
            ; ValueType = std::basic_string<char, std::char_traits<char>, tbb::
            detail::d1::tbb_allocator<char> >]'
     521    /var/tmp/sochat1/spack-stage/spack-stage-intel-tbb-2021.1.1-dcgy3in
            pmd2p7h7bqa3n4fihupxn4fow/spack-src/test/common/concurrent_associat
            ive_common.h:870:58:   required from 'void test_set_specific_types(
            ) [with Checker = UnorderedSetTypesTester]'
     522    /var/tmp/sochat1/spack-stage/spack-stage-intel-tbb-2021.1.1-dcgy3in
            pmd2p7h7bqa3n4fihupxn4fow/spack-src/test/tbb/test_concurrent_unorde
            red_set.cpp:74:54:   required from here
  >> 523    /usr/tce/packages/gcc/gcc-10.2.1/rh/usr/include/c++/10/bits/basic_s
            tring.h:3150:57: error: no type named 'size_type' in 'std::basic_st
            ring<char, std::char_traits<char>, tbb::detail::d1::tbb_allocator<c
            har> >::_CharT_alloc_type' {aka 'std::allocator_traits<tbb::detail:
            :d1::tbb_allocator<char> >::rebind_alloc<char>'}
     524     3150 |       typedef typename _CharT_alloc_type::size_type     siz
            e_type;
     525          |                                                         ^~~
            ~~~~~~
     526    compilation terminated due to -Wfatal-errors.
  >> 527    make[2]: *** [test/CMakeFiles/test_concurrent_unordered_set.dir/tbb
            /test_concurrent_unordered_set.cpp.o] Error 1
     528    make[2]: Leaving directory `/tmp/sochat1/spack-stage/spack-stage-in
            tel-tbb-2021.1.1-dcgy3inpmd2p7h7bqa3n4fihupxn4fow/spack-build-dcgy3
            in'
  >> 529    make[1]: *** [test/CMakeFiles/test_concurrent_unordered_set.dir/all
            ] Error 2
     530    [ 28%] Linking CXX executable ../gnu_10.2_cxx11_64_relwithdebinfo/t
            est_malloc_compliance
     531    cd /tmp/sochat1/spack-stage/spack-stage-intel-tbb-2021.1.1-dcgy3inp
            md2p7h7bqa3n4fihupxn4fow/spack-build-dcgy3in/test && /p/vast1/build
            /spack/opt/spack/linux-rhel7-broadwell/gcc-10.2.1/cmake-3.22.2-7oku
            4yd37mfoi65gi3alunjbl35euphw/bin/cmake -E cmake_link_script CMakeFi
            les/test_malloc_compliance.dir/link.txt --verbose=1
     532    /p/vast1/build/spack/lib/spack/env/gcc/g++ -O2 -g -DNDEBUG -rdynami
            c CMakeFiles/test_malloc_compliance.dir/tbbmalloc/test_malloc_compl
            iance.cpp.o -o ../gnu_10.2_cxx11_64_relwithdebinfo/test_malloc_comp
            liance  -Wl,-rpath,/tmp/sochat1/spack-stage/spack-stage-intel-tbb-2
            021.1.1-dcgy3inpmd2p7h7bqa3n4fihupxn4fow/spack-build-dcgy3in/gnu_10
            .2_cxx11_64_relwithdebinfo ../gnu_10.2_cxx11_64_relwithdebinfo/libt
            bbmalloc.so.2.1 -ldl -pthread
     533    [ 28%] Linking CXX executable ../gnu_10.2_cxx11_64_relwithdebinfo/t
            est_tick_count
     534    cd /tmp/sochat1/spack-stage/spack-stage-intel-tbb-2021.1.1-dcgy3inp
            md2p7h7bqa3n4fihupxn4fow/spack-build-dcgy3in/test && /p/vast1/build
            /spack/opt/spack/linux-rhel7-broadwell/gcc-10.2.1/cmake-3.22.2-7oku
            4yd37mfoi65gi3alunjbl35euphw/bin/cmake -E cmake_link_script CMakeFi
            les/test_tick_count.dir/link.txt --verbose=1
     535    /p/vast1/build/spack/lib/spack/env/gcc/g++ -O2 -g -DNDEBUG -rdynami
            c CMakeFiles/test_tick_count.dir/tbb/test_tick_count.cpp.o -o ../gn
            u_10.2_cxx11_64_relwithdebinfo/test_tick_count  -Wl,-rpath,/tmp/soc
            hat1/spack-stage/spack-stage-intel-tbb-2021.1.1-dcgy3inpmd2p7h7bqa3
            n4fihupxn4fow/spack-build-dcgy3in/gnu_10.2_cxx11_64_relwithdebinfo 
            ../gnu_10.2_cxx11_64_relwithdebinfo/libtbb.so.12.1 -ldl -pthread

     ...

     545                     from /var/tmp/sochat1/spack-stage/spack-stage-inte
            l-tbb-2021.1.1-dcgy3inpmd2p7h7bqa3n4fihupxn4fow/spack-src/src/tbb/.
            ./../include/tbb/../oneapi/tbb/concurrent_map.h:21,
     546                     from /var/tmp/sochat1/spack-stage/spack-stage-inte
            l-tbb-2021.1.1-dcgy3inpmd2p7h7bqa3n4fihupxn4fow/spack-src/src/tbb/.
            ./../include/tbb/concurrent_map.h:17,
     547                     from /var/tmp/sochat1/spack-stage/spack-stage-inte
            l-tbb-2021.1.1-dcgy3inpmd2p7h7bqa3n4fihupxn4fow/spack-src/test/tbb/
            test_concurrent_map.cpp:19:
     548    /usr/tce/packages/gcc/gcc-10.2.1/rh/usr/include/c++/10/bits/basic_s
            tring.h: In instantiation of 'class std::basic_string<char, std::ch
            ar_traits<char>, tbb::detail::d1::tbb_allocator<char> >':
     549    /var/tmp/sochat1/spack-stage/spack-stage-intel-tbb-2021.1.1-dcgy3in
            pmd2p7h7bqa3n4fihupxn4fow/spack-src/test/common/concurrent_associat
            ive_common.h:925:29:   required from 'void test_map_specific_types(
            ) [with Checker = OrderedMapTypesTester]'
     550    /var/tmp/sochat1/spack-stage/spack-stage-intel-tbb-2021.1.1-dcgy3in
            pmd2p7h7bqa3n4fihupxn4fow/spack-src/test/tbb/test_concurrent_map.cp
            p:90:52:   required from here
  >> 551    /usr/tce/packages/gcc/gcc-10.2.1/rh/usr/include/c++/10/bits/basic_s
            tring.h:3150:57: error: no type named 'size_type' in 'std::basic_st
            ring<char, std::char_traits<char>, tbb::detail::d1::tbb_allocator<c
            har> >::_CharT_alloc_type' {aka 'std::allocator_traits<tbb::detail:
            :d1::tbb_allocator<char> >::rebind_alloc<char>'}
     552     3150 |       typedef typename _CharT_alloc_type::size_type     siz
            e_type;
     553          |                                                         ^~~
            ~~~~~~
     554    compilation terminated due to -Wfatal-errors.
     555    make[2]: Leaving directory `/tmp/sochat1/spack-stage/spack-stage-in
            tel-tbb-2021.1.1-dcgy3inpmd2p7h7bqa3n4fihupxn4fow/spack-build-dcgy3
            in'
  >> 556    make[2]: *** [test/CMakeFiles/test_concurrent_map.dir/tbb/test_conc
            urrent_map.cpp.o] Error 1
     557    make[2]: Leaving directory `/tmp/sochat1/spack-stage/spack-stage-in
            tel-tbb-2021.1.1-dcgy3inpmd2p7h7bqa3n4fihupxn4fow/spack-build-dcgy3
            in'
  >> 558    make[1]: *** [test/CMakeFiles/test_concurrent_map.dir/all] Error 2
     559    [ 28%] Built target test_malloc_compliance
     560    make[2]: Leaving directory `/tmp/sochat1/spack-stage/spack-stage-in
            tel-tbb-2021.1.1-dcgy3inpmd2p7h7bqa3n4fihupxn4fow/spack-build-dcgy3
            in'
     561    [ 28%] Built target test_tick_count
     562    In file included from /var/tmp/sochat1/spack-stage/spack-stage-inte
            l-tbb-2021.1.1-dcgy3inpmd2p7h7bqa3n4fihupxn4fow/spack-src/test/comm
            on/concurrent_ordered_common.h:20,
     563                     from /var/tmp/sochat1/spack-stage/spack-stage-inte
            l-tbb-2021.1.1-dcgy3inpmd2p7h7bqa3n4fihupxn4fow/spack-src/test/tbb/
            test_concurrent_set.cpp:21:
     564    /var/tmp/sochat1/spack-stage/spack-stage-intel-tbb-2021.1.1-dcgy3in
            pmd2p7h7bqa3n4fihupxn4fow/spack-src/test/common/concurrent_associat
            ive_common.h: In instantiation of 'void test_scoped_allocator() [wi
            th ContainerTraits = COSetTraits]':

     ...

     601                     from /var/tmp/sochat1/spack-stage/spack-stage-inte
            l-tbb-2021.1.1-dcgy3inpmd2p7h7bqa3n4fihupxn4fow/spack-src/src/tbb/.
            ./../include/tbb/concurrent_set.h:17,
     602                     from /var/tmp/sochat1/spack-stage/spack-stage-inte
            l-tbb-2021.1.1-dcgy3inpmd2p7h7bqa3n4fihupxn4fow/spack-src/test/tbb/
            test_concurrent_set.cpp:20:
     603    /usr/tce/packages/gcc/gcc-10.2.1/rh/usr/include/c++/10/bits/basic_s
            tring.h: In instantiation of 'class std::basic_string<char, std::ch
            ar_traits<char>, tbb::detail::d1::tbb_allocator<char> >':
     604    /var/tmp/sochat1/spack-stage/spack-stage-intel-tbb-2021.1.1-dcgy3in
            pmd2p7h7bqa3n4fihupxn4fow/spack-src/test/tbb/test_concurrent_set.cp
            p:66:67:   required from 'void OrderedSetTypesTester::check(const s
            td::list<ValueType>&) [with bool DefCtorPresent = true; ValueType =
             std::basic_string<char, std::char_traits<char>, tbb::detail::d1::t
            bb_allocator<char> >]'
     605    /var/tmp/sochat1/spack-stage/spack-stage-intel-tbb-2021.1.1-dcgy3in
            pmd2p7h7bqa3n4fihupxn4fow/spack-src/test/common/concurrent_associat
            ive_common.h:870:58:   required from 'void test_set_specific_types(
            ) [with Checker = OrderedSetTypesTester]'
     606    /var/tmp/sochat1/spack-stage/spack-stage-intel-tbb-2021.1.1-dcgy3in
            pmd2p7h7bqa3n4fihupxn4fow/spack-src/test/tbb/test_concurrent_set.cp
            p:72:52:   required from here
  >> 607    /usr/tce/packages/gcc/gcc-10.2.1/rh/usr/include/c++/10/bits/basic_s
            tring.h:3150:57: error: no type named 'size_type' in 'std::basic_st
            ring<char, std::char_traits<char>, tbb::detail::d1::tbb_allocator<c
            har> >::_CharT_alloc_type' {aka 'std::allocator_traits<tbb::detail:
            :d1::tbb_allocator<char> >::rebind_alloc<char>'}
     608     3150 |       typedef typename _CharT_alloc_type::size_type     siz
            e_type;
     609          |                                                         ^~~
            ~~~~~~
     610    compilation terminated due to -Wfatal-errors.
  >> 611    make[2]: *** [test/CMakeFiles/test_concurrent_set.dir/tbb/test_conc
            urrent_set.cpp.o] Error 1
     612    make[2]: Leaving directory `/tmp/sochat1/spack-stage/spack-stage-in
            tel-tbb-2021.1.1-dcgy3inpmd2p7h7bqa3n4fihupxn4fow/spack-build-dcgy3
            in'
  >> 613    make[1]: *** [test/CMakeFiles/test_concurrent_set.dir/all] Error 2
     614    [ 28%] Linking CXX executable ../gnu_10.2_cxx11_64_relwithdebinfo/t
            est_arena_constraints
     615    cd /tmp/sochat1/spack-stage/spack-stage-intel-tbb-2021.1.1-dcgy3inp
            md2p7h7bqa3n4fihupxn4fow/spack-build-dcgy3in/test && /p/vast1/build
            /spack/opt/spack/linux-rhel7-broadwell/gcc-10.2.1/cmake-3.22.2-7oku
            4yd37mfoi65gi3alunjbl35euphw/bin/cmake -E cmake_link_script CMakeFi
            les/test_arena_constraints.dir/link.txt --verbose=1
     616    make[2]: Leaving directory `/tmp/sochat1/spack-stage/spack-stage-in
            tel-tbb-2021.1.1-dcgy3inpmd2p7h7bqa3n4fihupxn4fow/spack-build-dcgy3
            in'
     617    /p/vast1/build/spack/lib/spack/env/gcc/g++ -O2 -g -DNDEBUG -rdynami
            c CMakeFiles/test_arena_constraints.dir/tbb/test_arena_constraints.
            cpp.o -o ../gnu_10.2_cxx11_64_relwithdebinfo/test_arena_constraints
              -Wl,-rpath,/tmp/sochat1/spack-stage/spack-stage-intel-tbb-2021.1.
            1-dcgy3inpmd2p7h7bqa3n4fihupxn4fow/spack-build-dcgy3in/gnu_10.2_cxx
            11_64_relwithdebinfo ../gnu_10.2_cxx11_64_relwithdebinfo/libtbb.so.
            12.1 -ldl -pthread
     618    [ 28%] Built target test_malloc_pools
     619    make[2]: Leaving directory `/tmp/sochat1/spack-stage/spack-stage-in
            tel-tbb-2021.1.1-dcgy3inpmd2p7h7bqa3n4fihupxn4fow/spack-build-dcgy3
            in'

     ...

     656    [ 32%] Linking CXX executable ../gnu_10.2_cxx11_64_relwithdebinfo/t
            est_concurrent_priority_queue
     657    cd /tmp/sochat1/spack-stage/spack-stage-intel-tbb-2021.1.1-dcgy3inp
            md2p7h7bqa3n4fihupxn4fow/spack-build-dcgy3in/test && /p/vast1/build
            /spack/opt/spack/linux-rhel7-broadwell/gcc-10.2.1/cmake-3.22.2-7oku
            4yd37mfoi65gi3alunjbl35euphw/bin/cmake -E cmake_link_script CMakeFi
            les/test_concurrent_priority_queue.dir/link.txt --verbose=1
     658    /p/vast1/build/spack/lib/spack/env/gcc/g++ -O2 -g -DNDEBUG -rdynami
            c CMakeFiles/test_concurrent_priority_queue.dir/tbb/test_concurrent
            _priority_queue.cpp.o -o ../gnu_10.2_cxx11_64_relwithdebinfo/test_c
            oncurrent_priority_queue  -Wl,-rpath,/tmp/sochat1/spack-stage/spack
            -stage-intel-tbb-2021.1.1-dcgy3inpmd2p7h7bqa3n4fihupxn4fow/spack-bu
            ild-dcgy3in/gnu_10.2_cxx11_64_relwithdebinfo ../gnu_10.2_cxx11_64_r
            elwithdebinfo/libtbb.so.12.1 -ldl -pthread
     659    make[2]: Leaving directory `/tmp/sochat1/spack-stage/spack-stage-in
            tel-tbb-2021.1.1-dcgy3inpmd2p7h7bqa3n4fihupxn4fow/spack-build-dcgy3
            in'
     660    [ 32%] Built target test_concurrent_priority_queue
     661    make[1]: Leaving directory `/tmp/sochat1/spack-stage/spack-stage-in
            tel-tbb-2021.1.1-dcgy3inpmd2p7h7bqa3n4fihupxn4fow/spack-build-dcgy3
            in'
  >> 662    make: *** [all] Error 2

See build log for details:
  /var/tmp/sochat1/spack-stage/spack-stage-intel-tbb-2021.1.1-dcgy3inpmd2p7h7bqa3n4fihupxn4fow/spack-build-out.txt

Making predictions for spack-test
Making predictions for symbolator
Making predictions for libabigail
abicompat not found on path, will look for spack instead.
Making predictions for actual
