==> Warning: Missing a source id for hpctoolkit@develop
==> Error: Failed to upgrade to a write lock for intel-tbb-2021.3.0-aeqejk7rhfivtkbs7rr3hz6trw27e5oz due to LockUpgradeError: Cannot upgrade lock from read to write on file: /p/vast1/build/spack/opt/spack/.spack-db/prefix_lock
==> Warning: intel-tbb-2021.2.0-tmrx3cw2e3p2j57skufw344he7fv6sdw failed to install
==> Error: intel-tbb-2021.2.0-tmrx3cw2e3p2j57skufw344he7fv6sdw: Package was not installed
==> Error: ProcessError: Command exited with status 2:
    'make' '-j2'

7 errors found in build log:
     513                     from /var/tmp/sochat1/spack-stage/spack-stage-inte
            l-tbb-2021.1.1-tbgytyw72xutxni4tzzpsbzfaufc7bzp/spack-src/src/tbb/.
            ./../include/tbb/concurrent_unordered_set.h:17,
     514                     from /var/tmp/sochat1/spack-stage/spack-stage-inte
            l-tbb-2021.1.1-tbgytyw72xutxni4tzzpsbzfaufc7bzp/spack-src/test/tbb/
            test_concurrent_unordered_set.cpp:18:
     515    /usr/tce/packages/gcc/gcc-10.2.1/rh/usr/include/c++/10/bits/basic_s
            tring.h: In instantiation of 'class std::basic_string<char, std::ch
            ar_traits<char>, tbb::detail::d1::tbb_allocator<char> >':
     516    /var/tmp/sochat1/spack-stage/spack-stage-intel-tbb-2021.1.1-tbgytyw
            72xutxni4tzzpsbzfaufc7bzp/spack-src/test/tbb/test_concurrent_unorde
            red_set.cpp:68:115:   required from 'void UnorderedSetTypesTester::
            check(const std::list<ValueType>&) [with bool DefCtorPresent = true
            ; ValueType = std::basic_string<char, std::char_traits<char>, tbb::
            detail::d1::tbb_allocator<char> >]'
     517    /var/tmp/sochat1/spack-stage/spack-stage-intel-tbb-2021.1.1-tbgytyw
            72xutxni4tzzpsbzfaufc7bzp/spack-src/test/common/concurrent_associat
            ive_common.h:870:58:   required from 'void test_set_specific_types(
            ) [with Checker = UnorderedSetTypesTester]'
     518    /var/tmp/sochat1/spack-stage/spack-stage-intel-tbb-2021.1.1-tbgytyw
            72xutxni4tzzpsbzfaufc7bzp/spack-src/test/tbb/test_concurrent_unorde
            red_set.cpp:74:54:   required from here
  >> 519    /usr/tce/packages/gcc/gcc-10.2.1/rh/usr/include/c++/10/bits/basic_s
            tring.h:3150:57: error: no type named 'size_type' in 'std::basic_st
            ring<char, std::char_traits<char>, tbb::detail::d1::tbb_allocator<c
            har> >::_CharT_alloc_type' {aka 'std::allocator_traits<tbb::detail:
            :d1::tbb_allocator<char> >::rebind_alloc<char>'}
     520     3150 |       typedef typename _CharT_alloc_type::size_type     siz
            e_type;
     521          |                                                         ^~~
            ~~~~~~
     522    compilation terminated due to -Wfatal-errors.
  >> 523    make[2]: *** [test/CMakeFiles/test_concurrent_unordered_set.dir/tbb
            /test_concurrent_unordered_set.cpp.o] Error 1
     524    make[2]: Leaving directory `/tmp/sochat1/spack-stage/spack-stage-in
            tel-tbb-2021.1.1-tbgytyw72xutxni4tzzpsbzfaufc7bzp/spack-build-tbgyt
            yw'
  >> 525    make[1]: *** [test/CMakeFiles/test_concurrent_unordered_set.dir/all
            ] Error 2
     526    make[1]: *** Waiting for unfinished jobs....
     527    In file included from /usr/tce/packages/gcc/gcc-10.2.1/rh/usr/inclu
            de/c++/10/string:55,
     528                     from /usr/tce/packages/gcc/gcc-10.2.1/rh/usr/inclu
            de/c++/10/bits/locale_classes.h:40,
     529                     from /usr/tce/packages/gcc/gcc-10.2.1/rh/usr/inclu
            de/c++/10/bits/ios_base.h:41,
     530                     from /usr/tce/packages/gcc/gcc-10.2.1/rh/usr/inclu
            de/c++/10/streambuf:41,
     531                     from /usr/tce/packages/gcc/gcc-10.2.1/rh/usr/inclu
            de/c++/10/bits/streambuf_iterator.h:35,

     ...

     537                     from /var/tmp/sochat1/spack-stage/spack-stage-inte
            l-tbb-2021.1.1-tbgytyw72xutxni4tzzpsbzfaufc7bzp/spack-src/src/tbb/.
            ./../include/tbb/concurrent_set.h:17,
     538                     from /var/tmp/sochat1/spack-stage/spack-stage-inte
            l-tbb-2021.1.1-tbgytyw72xutxni4tzzpsbzfaufc7bzp/spack-src/test/tbb/
            test_concurrent_set.cpp:20:
     539    /usr/tce/packages/gcc/gcc-10.2.1/rh/usr/include/c++/10/bits/basic_s
            tring.h: In instantiation of 'class std::basic_string<char, std::ch
            ar_traits<char>, tbb::detail::d1::tbb_allocator<char> >':
     540    /var/tmp/sochat1/spack-stage/spack-stage-intel-tbb-2021.1.1-tbgytyw
            72xutxni4tzzpsbzfaufc7bzp/spack-src/test/tbb/test_concurrent_set.cp
            p:66:67:   required from 'void OrderedSetTypesTester::check(const s
            td::list<ValueType>&) [with bool DefCtorPresent = true; ValueType =
             std::basic_string<char, std::char_traits<char>, tbb::detail::d1::t
            bb_allocator<char> >]'
     541    /var/tmp/sochat1/spack-stage/spack-stage-intel-tbb-2021.1.1-tbgytyw
            72xutxni4tzzpsbzfaufc7bzp/spack-src/test/common/concurrent_associat
            ive_common.h:870:58:   required from 'void test_set_specific_types(
            ) [with Checker = OrderedSetTypesTester]'
     542    /var/tmp/sochat1/spack-stage/spack-stage-intel-tbb-2021.1.1-tbgytyw
            72xutxni4tzzpsbzfaufc7bzp/spack-src/test/tbb/test_concurrent_set.cp
            p:72:52:   required from here
  >> 543    /usr/tce/packages/gcc/gcc-10.2.1/rh/usr/include/c++/10/bits/basic_s
            tring.h:3150:57: error: no type named 'size_type' in 'std::basic_st
            ring<char, std::char_traits<char>, tbb::detail::d1::tbb_allocator<c
            har> >::_CharT_alloc_type' {aka 'std::allocator_traits<tbb::detail:
            :d1::tbb_allocator<char> >::rebind_alloc<char>'}
     544     3150 |       typedef typename _CharT_alloc_type::size_type     siz
            e_type;
     545          |                                                         ^~~
            ~~~~~~
     546    compilation terminated due to -Wfatal-errors.
  >> 547    make[2]: *** [test/CMakeFiles/test_concurrent_set.dir/tbb/test_conc
            urrent_set.cpp.o] Error 1
     548    make[2]: Leaving directory `/tmp/sochat1/spack-stage/spack-stage-in
            tel-tbb-2021.1.1-tbgytyw72xutxni4tzzpsbzfaufc7bzp/spack-build-tbgyt
            yw'
  >> 549    make[1]: *** [test/CMakeFiles/test_concurrent_set.dir/all] Error 2
     550    make[1]: Leaving directory `/tmp/sochat1/spack-stage/spack-stage-in
            tel-tbb-2021.1.1-tbgytyw72xutxni4tzzpsbzfaufc7bzp/spack-build-tbgyt
            yw'
  >> 551    make: *** [all] Error 2

See build log for details:
  /var/tmp/sochat1/spack-stage/spack-stage-intel-tbb-2021.1.1-tbgytyw72xutxni4tzzpsbzfaufc7bzp/spack-build-out.txt

==> Warning: Missing a source id for hpctoolkit@develop
==> Warning: Missing a source id for hpctoolkit@develop
==> Warning: Missing a source id for hpctoolkit@develop
==> Warning: Missing a source id for hpctoolkit@develop
==> Warning: Missing a source id for hpctoolkit@develop
==> Warning: Missing a source id for hpctoolkit@develop
==> Warning: Missing a source id for hpctoolkit@develop
==> Warning: Missing a source id for hpctoolkit@develop
==> Warning: Missing a source id for hpctoolkit@develop
==> Warning: Missing a source id for hpctoolkit@develop
==> Warning: Missing a source id for hpctoolkit@develop
==> Warning: Missing a source id for hpctoolkit@develop
==> Warning: Missing a source id for hpctoolkit@develop
==> Warning: Missing a source id for hpctoolkit@develop
==> Warning: Missing a source id for hpctoolkit@develop
==> Warning: Missing a source id for hpctoolkit@develop
==> Warning: Missing a source id for hpctoolkit@develop
==> Warning: Missing a source id for hpctoolkit@develop
==> Warning: Missing a source id for hpctoolkit@develop
==> Warning: Missing a source id for hpctoolkit@develop
==> Warning: Missing a source id for hpctoolkit@develop
==> Warning: Missing a source id for hpctoolkit@develop
==> Warning: Missing a source id for hpctoolkit@develop
==> Warning: Missing a source id for hpctoolkit@develop
==> Warning: Missing a source id for hpctoolkit@develop
==> Warning: Missing a source id for hpctoolkit@develop
==> Warning: Missing a source id for hpctoolkit@develop
==> Warning: Missing a source id for hpctoolkit@develop
==> Warning: Missing a source id for hpctoolkit@develop
==> Warning: Missing a source id for hpctoolkit@develop
==> Warning: Missing a source id for hpctoolkit@develop
==> Warning: Missing a source id for hpctoolkit@develop
==> Warning: Missing a source id for hpctoolkit@develop
==> Warning: Missing a source id for hpctoolkit@develop
==> Warning: Missing a source id for hpctoolkit@develop
==> Warning: Missing a source id for hpctoolkit@develop
==> Warning: Missing a source id for hpctoolkit@develop
Making predictions for symbolator
Making predictions for libabigail
Making predictions for actual
/var/spool/slurmd/job100358/slurm_script: line 12:  8859 Killed                  spliced splice --package hpctoolkit@develop --splice intel-tbb --runner spack --replace intel-tbb --experiment experiment --outfile /p/vast1/build/spliced-experiment/results/hpctoolkit/develop/intel-tbb/experiment.json
==> Warning: Missing a source id for hpctoolkit@develop
==> Warning: intel-tbb-2021.3.0-uplbx6g6kcj52vpwflko3l5tydp2yg7w failed to install
==> Warning: AssertionError exception when releasing read lock for intel-tbb-2021.3.0-uplbx6g6kcj52vpwflko3l5tydp2yg7w: 
==> Error: intel-tbb-2021.3.0-uplbx6g6kcj52vpwflko3l5tydp2yg7w: Package was not installed
==> Warning: intel-tbb-2021.2.0-q6fhfwwjlttrjgsmpoopp7ui5b3jagyx failed to install
==> Warning: AssertionError exception when releasing read lock for intel-tbb-2021.2.0-q6fhfwwjlttrjgsmpoopp7ui5b3jagyx: 
==> Error: intel-tbb-2021.2.0-q6fhfwwjlttrjgsmpoopp7ui5b3jagyx: Package was not installed
==> Error: ProcessError: Command exited with status 2:
    'make' '-j16'

13 errors found in build log:
     467                     from /var/tmp/sochat1/spack-stage/spack-stage-inte
            l-tbb-2021.1.1-dcgy3inpmd2p7h7bqa3n4fihupxn4fow/spack-src/src/tbb/.
            ./../include/tbb/../oneapi/tbb/concurrent_unordered_map.h:21,
     468                     from /var/tmp/sochat1/spack-stage/spack-stage-inte
            l-tbb-2021.1.1-dcgy3inpmd2p7h7bqa3n4fihupxn4fow/spack-src/src/tbb/.
            ./../include/tbb/concurrent_unordered_map.h:17,
     469                     from /var/tmp/sochat1/spack-stage/spack-stage-inte
            l-tbb-2021.1.1-dcgy3inpmd2p7h7bqa3n4fihupxn4fow/spack-src/test/tbb/
            test_concurrent_unordered_map.cpp:18:
     470    /usr/tce/packages/gcc/gcc-10.2.1/rh/usr/include/c++/10/bits/basic_s
            tring.h: In instantiation of 'class std::basic_string<char, std::ch
            ar_traits<char>, tbb::detail::d1::tbb_allocator<char> >':
     471    /var/tmp/sochat1/spack-stage/spack-stage-intel-tbb-2021.1.1-dcgy3in
            pmd2p7h7bqa3n4fihupxn4fow/spack-src/test/common/concurrent_associat
            ive_common.h:925:29:   required from 'void test_map_specific_types(
            ) [with Checker = UnorderedMapTypesTester]'
     472    /var/tmp/sochat1/spack-stage/spack-stage-intel-tbb-2021.1.1-dcgy3in
            pmd2p7h7bqa3n4fihupxn4fow/spack-src/test/tbb/test_concurrent_unorde
            red_map.cpp:93:54:   required from here
  >> 473    /usr/tce/packages/gcc/gcc-10.2.1/rh/usr/include/c++/10/bits/basic_s
            tring.h:3150:57: error: no type named 'size_type' in 'std::basic_st
            ring<char, std::char_traits<char>, tbb::detail::d1::tbb_allocator<c
            har> >::_CharT_alloc_type' {aka 'std::allocator_traits<tbb::detail:
            :d1::tbb_allocator<char> >::rebind_alloc<char>'}
     474     3150 |       typedef typename _CharT_alloc_type::size_type     siz
            e_type;
     475          |                                                         ^~~
            ~~~~~~
     476    compilation terminated due to -Wfatal-errors.
  >> 477    make[2]: *** [test/CMakeFiles/test_concurrent_unordered_map.dir/tbb
            /test_concurrent_unordered_map.cpp.o] Error 1
     478    make[2]: Leaving directory `/tmp/sochat1/spack-stage/spack-stage-in
            tel-tbb-2021.1.1-dcgy3inpmd2p7h7bqa3n4fihupxn4fow/spack-build-dcgy3
            in'
  >> 479    make[1]: *** [test/CMakeFiles/test_concurrent_unordered_map.dir/all
            ] Error 2
     480    make[1]: *** Waiting for unfinished jobs....
     481    In file included from /var/tmp/sochat1/spack-stage/spack-stage-inte
            l-tbb-2021.1.1-dcgy3inpmd2p7h7bqa3n4fihupxn4fow/spack-src/test/comm
            on/concurrent_unordered_common.h:24,
     482                     from /var/tmp/sochat1/spack-stage/spack-stage-inte
            l-tbb-2021.1.1-dcgy3inpmd2p7h7bqa3n4fihupxn4fow/spack-src/test/tbb/
            test_concurrent_unordered_set.cpp:19:
     483    /var/tmp/sochat1/spack-stage/spack-stage-intel-tbb-2021.1.1-dcgy3in
            pmd2p7h7bqa3n4fihupxn4fow/spack-src/test/common/concurrent_associat
            ive_common.h: In instantiation of 'void test_scoped_allocator() [wi
            th ContainerTraits = CusetTraits]':
     484    /var/tmp/sochat1/spack-stage/spack-stage-intel-tbb-2021.1.1-dcgy3in
            pmd2p7h7bqa3n4fihupxn4fow/spack-src/test/tbb/test_concurrent_unorde
            red_set.cpp:179:40:   required from here
     485    /var/tmp/sochat1/spack-stage/spack-stage-intel-tbb-2021.1.1-dcgy3in
            pmd2p7h7bqa3n4fihupxn4fow/spack-src/test/common/concurrent_associat
            ive_common.h:1184:8: warning: implicitly-declared 'tbb::detail::d1:
            :concurrent_unordered_set<AllocatorAwareData<std::scoped_allocator_
            adaptor<std::allocator<int> > >, std::hash<AllocatorAwareData<std::
            scoped_allocator_adaptor<std::allocator<int> > > >, std::equal_to<A
            llocatorAwareData<std::scoped_allocator_adaptor<std::allocator<int>
             > > >, std::scoped_allocator_adaptor<std::allocator<AllocatorAware
            Data<std::scoped_allocator_adaptor<std::allocator<int> > > > > >& t
            bb::detail::d1::concurrent_unordered_set<AllocatorAwareData<std::sc
            oped_allocator_adaptor<std::allocator<int> > >, std::hash<Allocator
            AwareData<std::scoped_allocator_adaptor<std::allocator<int> > > >, 
            std::equal_to<AllocatorAwareData<std::scoped_allocator_adaptor<std:
            :allocator<int> > > >, std::scoped_allocator_adaptor<std::allocator
            <AllocatorAwareData<std::scoped_allocator_adaptor<std::allocator<in
            t> > > > > >::operator=(const tbb::detail::d1::concurrent_unordered
            _set<AllocatorAwareData<std::scoped_allocator_adaptor<std::allocato
            r<int> > >, std::hash<AllocatorAwareData<std::scoped_allocator_adap
            tor<std::allocator<int> > > >, std::equal_to<AllocatorAwareData<std
            ::scoped_allocator_adaptor<std::allocator<int> > > >, std::scoped_a
            llocator_adaptor<std::allocator<AllocatorAwareData<std::scoped_allo
            cator_adaptor<std::allocator<int> > > > > >&)' is deprecated [-Wdep
            recated-copy]

     ...

     517                     from /var/tmp/sochat1/spack-stage/spack-stage-inte
            l-tbb-2021.1.1-dcgy3inpmd2p7h7bqa3n4fihupxn4fow/spack-src/src/tbb/.
            ./../include/tbb/concurrent_unordered_set.h:17,
     518                     from /var/tmp/sochat1/spack-stage/spack-stage-inte
            l-tbb-2021.1.1-dcgy3inpmd2p7h7bqa3n4fihupxn4fow/spack-src/test/tbb/
            test_concurrent_unordered_set.cpp:18:
     519    /usr/tce/packages/gcc/gcc-10.2.1/rh/usr/include/c++/10/bits/basic_s
            tring.h: In instantiation of 'class std::basic_string<char, std::ch
            ar_traits<char>, tbb::detail::d1::tbb_allocator<char> >':
     520    /var/tmp/sochat1/spack-stage/spack-stage-intel-tbb-2021.1.1-dcgy3in
            pmd2p7h7bqa3n4fihupxn4fow/spack-src/test/tbb/test_concurrent_unorde
            red_set.cpp:68:115:   required from 'void UnorderedSetTypesTester::
            check(const std::list<ValueType>&) [with bool DefCtorPresent = true
            ; ValueType = std::basic_string<char, std::char_traits<char>, tbb::
            detail::d1::tbb_allocator<char> >]'
     521    /var/tmp/sochat1/spack-stage/spack-stage-intel-tbb-2021.1.1-dcgy3in
            pmd2p7h7bqa3n4fihupxn4fow/spack-src/test/common/concurrent_associat
            ive_common.h:870:58:   required from 'void test_set_specific_types(
            ) [with Checker = UnorderedSetTypesTester]'
     522    /var/tmp/sochat1/spack-stage/spack-stage-intel-tbb-2021.1.1-dcgy3in
            pmd2p7h7bqa3n4fihupxn4fow/spack-src/test/tbb/test_concurrent_unorde
            red_set.cpp:74:54:   required from here
  >> 523    /usr/tce/packages/gcc/gcc-10.2.1/rh/usr/include/c++/10/bits/basic_s
            tring.h:3150:57: error: no type named 'size_type' in 'std::basic_st
            ring<char, std::char_traits<char>, tbb::detail::d1::tbb_allocator<c
            har> >::_CharT_alloc_type' {aka 'std::allocator_traits<tbb::detail:
            :d1::tbb_allocator<char> >::rebind_alloc<char>'}
     524     3150 |       typedef typename _CharT_alloc_type::size_type     siz
            e_type;
     525          |                                                         ^~~
            ~~~~~~
     526    compilation terminated due to -Wfatal-errors.
  >> 527    make[2]: *** [test/CMakeFiles/test_concurrent_unordered_set.dir/tbb
            /test_concurrent_unordered_set.cpp.o] Error 1
     528    make[2]: Leaving directory `/tmp/sochat1/spack-stage/spack-stage-in
            tel-tbb-2021.1.1-dcgy3inpmd2p7h7bqa3n4fihupxn4fow/spack-build-dcgy3
            in'
  >> 529    make[1]: *** [test/CMakeFiles/test_concurrent_unordered_set.dir/all
            ] Error 2
     530    [ 28%] Linking CXX executable ../gnu_10.2_cxx11_64_relwithdebinfo/t
            est_tick_count
     531    cd /tmp/sochat1/spack-stage/spack-stage-intel-tbb-2021.1.1-dcgy3inp
            md2p7h7bqa3n4fihupxn4fow/spack-build-dcgy3in/test && /p/vast1/build
            /spack/opt/spack/linux-rhel7-broadwell/gcc-10.2.1/cmake-3.22.2-7oku
            4yd37mfoi65gi3alunjbl35euphw/bin/cmake -E cmake_link_script CMakeFi
            les/test_tick_count.dir/link.txt --verbose=1
     532    /p/vast1/build/spack/lib/spack/env/gcc/g++ -O2 -g -DNDEBUG -rdynami
            c CMakeFiles/test_tick_count.dir/tbb/test_tick_count.cpp.o -o ../gn
            u_10.2_cxx11_64_relwithdebinfo/test_tick_count  -Wl,-rpath,/tmp/soc
            hat1/spack-stage/spack-stage-intel-tbb-2021.1.1-dcgy3inpmd2p7h7bqa3
            n4fihupxn4fow/spack-build-dcgy3in/gnu_10.2_cxx11_64_relwithdebinfo 
            ../gnu_10.2_cxx11_64_relwithdebinfo/libtbb.so.12.1 -ldl -pthread
     533    make[2]: Leaving directory `/tmp/sochat1/spack-stage/spack-stage-in
            tel-tbb-2021.1.1-dcgy3inpmd2p7h7bqa3n4fihupxn4fow/spack-build-dcgy3
            in'
     534    [ 28%] Built target test_tick_count
     535    In file included from /usr/tce/packages/gcc/gcc-10.2.1/rh/usr/inclu
            de/c++/10/string:55,

     ...

     544                     from /var/tmp/sochat1/spack-stage/spack-stage-inte
            l-tbb-2021.1.1-dcgy3inpmd2p7h7bqa3n4fihupxn4fow/spack-src/src/tbb/.
            ./../include/tbb/../oneapi/tbb/concurrent_map.h:21,
     545                     from /var/tmp/sochat1/spack-stage/spack-stage-inte
            l-tbb-2021.1.1-dcgy3inpmd2p7h7bqa3n4fihupxn4fow/spack-src/src/tbb/.
            ./../include/tbb/concurrent_map.h:17,
     546                     from /var/tmp/sochat1/spack-stage/spack-stage-inte
            l-tbb-2021.1.1-dcgy3inpmd2p7h7bqa3n4fihupxn4fow/spack-src/test/tbb/
            test_concurrent_map.cpp:19:
     547    /usr/tce/packages/gcc/gcc-10.2.1/rh/usr/include/c++/10/bits/basic_s
            tring.h: In instantiation of 'class std::basic_string<char, std::ch
            ar_traits<char>, tbb::detail::d1::tbb_allocator<char> >':
     548    /var/tmp/sochat1/spack-stage/spack-stage-intel-tbb-2021.1.1-dcgy3in
            pmd2p7h7bqa3n4fihupxn4fow/spack-src/test/common/concurrent_associat
            ive_common.h:925:29:   required from 'void test_map_specific_types(
            ) [with Checker = OrderedMapTypesTester]'
     549    /var/tmp/sochat1/spack-stage/spack-stage-intel-tbb-2021.1.1-dcgy3in
            pmd2p7h7bqa3n4fihupxn4fow/spack-src/test/tbb/test_concurrent_map.cp
            p:90:52:   required from here
  >> 550    /usr/tce/packages/gcc/gcc-10.2.1/rh/usr/include/c++/10/bits/basic_s
            tring.h:3150:57: error: no type named 'size_type' in 'std::basic_st
            ring<char, std::char_traits<char>, tbb::detail::d1::tbb_allocator<c
            har> >::_CharT_alloc_type' {aka 'std::allocator_traits<tbb::detail:
            :d1::tbb_allocator<char> >::rebind_alloc<char>'}
     551     3150 |       typedef typename _CharT_alloc_type::size_type     siz
            e_type;
     552          |                                                         ^~~
            ~~~~~~
     553    compilation terminated due to -Wfatal-errors.
     554    [ 28%] Linking CXX executable ../gnu_10.2_cxx11_64_relwithdebinfo/t
            est_malloc_compliance
     555    cd /tmp/sochat1/spack-stage/spack-stage-intel-tbb-2021.1.1-dcgy3inp
            md2p7h7bqa3n4fihupxn4fow/spack-build-dcgy3in/test && /p/vast1/build
            /spack/opt/spack/linux-rhel7-broadwell/gcc-10.2.1/cmake-3.22.2-7oku
            4yd37mfoi65gi3alunjbl35euphw/bin/cmake -E cmake_link_script CMakeFi
            les/test_malloc_compliance.dir/link.txt --verbose=1
     556    /p/vast1/build/spack/lib/spack/env/gcc/g++ -O2 -g -DNDEBUG -rdynami
            c CMakeFiles/test_malloc_compliance.dir/tbbmalloc/test_malloc_compl
            iance.cpp.o -o ../gnu_10.2_cxx11_64_relwithdebinfo/test_malloc_comp
            liance  -Wl,-rpath,/tmp/sochat1/spack-stage/spack-stage-intel-tbb-2
            021.1.1-dcgy3inpmd2p7h7bqa3n4fihupxn4fow/spack-build-dcgy3in/gnu_10
            .2_cxx11_64_relwithdebinfo ../gnu_10.2_cxx11_64_relwithdebinfo/libt
            bbmalloc.so.2.1 -ldl -pthread
  >> 557    make[2]: *** [test/CMakeFiles/test_concurrent_map.dir/tbb/test_conc
            urrent_map.cpp.o] Error 1
     558    make[2]: Leaving directory `/tmp/sochat1/spack-stage/spack-stage-in
            tel-tbb-2021.1.1-dcgy3inpmd2p7h7bqa3n4fihupxn4fow/spack-build-dcgy3
            in'
  >> 559    make[1]: *** [test/CMakeFiles/test_concurrent_map.dir/all] Error 2
     560    make[2]: Leaving directory `/tmp/sochat1/spack-stage/spack-stage-in
            tel-tbb-2021.1.1-dcgy3inpmd2p7h7bqa3n4fihupxn4fow/spack-build-dcgy3
            in'
     561    [ 28%] Built target test_malloc_compliance
     562    In file included from /var/tmp/sochat1/spack-stage/spack-stage-inte
            l-tbb-2021.1.1-dcgy3inpmd2p7h7bqa3n4fihupxn4fow/spack-src/test/comm
            on/concurrent_ordered_common.h:20,
     563                     from /var/tmp/sochat1/spack-stage/spack-stage-inte
            l-tbb-2021.1.1-dcgy3inpmd2p7h7bqa3n4fihupxn4fow/spack-src/test/tbb/
            test_concurrent_set.cpp:21:
     564    /var/tmp/sochat1/spack-stage/spack-stage-intel-tbb-2021.1.1-dcgy3in
            pmd2p7h7bqa3n4fihupxn4fow/spack-src/test/common/concurrent_associat
            ive_common.h: In instantiation of 'void test_scoped_allocator() [wi
            th ContainerTraits = COSetTraits]':
     565    /var/tmp/sochat1/spack-stage/spack-stage-intel-tbb-2021.1.1-dcgy3in
            pmd2p7h7bqa3n4fihupxn4fow/spack-src/test/tbb/test_concurrent_set.cp
            p:198:40:   required from here

     ...

     598                     from /var/tmp/sochat1/spack-stage/spack-stage-inte
            l-tbb-2021.1.1-dcgy3inpmd2p7h7bqa3n4fihupxn4fow/spack-src/src/tbb/.
            ./../include/tbb/concurrent_set.h:17,
     599                     from /var/tmp/sochat1/spack-stage/spack-stage-inte
            l-tbb-2021.1.1-dcgy3inpmd2p7h7bqa3n4fihupxn4fow/spack-src/test/tbb/
            test_concurrent_set.cpp:20:
     600    /usr/tce/packages/gcc/gcc-10.2.1/rh/usr/include/c++/10/bits/basic_s
            tring.h: In instantiation of 'class std::basic_string<char, std::ch
            ar_traits<char>, tbb::detail::d1::tbb_allocator<char> >':
     601    /var/tmp/sochat1/spack-stage/spack-stage-intel-tbb-2021.1.1-dcgy3in
            pmd2p7h7bqa3n4fihupxn4fow/spack-src/test/tbb/test_concurrent_set.cp
            p:66:67:   required from 'void OrderedSetTypesTester::check(const s
            td::list<ValueType>&) [with bool DefCtorPresent = true; ValueType =
             std::basic_string<char, std::char_traits<char>, tbb::detail::d1::t
            bb_allocator<char> >]'
     602    /var/tmp/sochat1/spack-stage/spack-stage-intel-tbb-2021.1.1-dcgy3in
            pmd2p7h7bqa3n4fihupxn4fow/spack-src/test/common/concurrent_associat
            ive_common.h:870:58:   required from 'void test_set_specific_types(
            ) [with Checker = OrderedSetTypesTester]'
     603    /var/tmp/sochat1/spack-stage/spack-stage-intel-tbb-2021.1.1-dcgy3in
            pmd2p7h7bqa3n4fihupxn4fow/spack-src/test/tbb/test_concurrent_set.cp
            p:72:52:   required from here
  >> 604    /usr/tce/packages/gcc/gcc-10.2.1/rh/usr/include/c++/10/bits/basic_s
            tring.h:3150:57: error: no type named 'size_type' in 'std::basic_st
            ring<char, std::char_traits<char>, tbb::detail::d1::tbb_allocator<c
            har> >::_CharT_alloc_type' {aka 'std::allocator_traits<tbb::detail:
            :d1::tbb_allocator<char> >::rebind_alloc<char>'}
     605     3150 |       typedef typename _CharT_alloc_type::size_type     siz
            e_type;
     606          |                                                         ^~~
            ~~~~~~
     607    compilation terminated due to -Wfatal-errors.
  >> 608    make[2]: *** [test/CMakeFiles/test_concurrent_set.dir/tbb/test_conc
            urrent_set.cpp.o] Error 1
     609    make[2]: Leaving directory `/tmp/sochat1/spack-stage/spack-stage-in
            tel-tbb-2021.1.1-dcgy3inpmd2p7h7bqa3n4fihupxn4fow/spack-build-dcgy3
            in'
  >> 610    make[1]: *** [test/CMakeFiles/test_concurrent_set.dir/all] Error 2
     611    [ 28%] Linking CXX executable ../gnu_10.2_cxx11_64_relwithdebinfo/t
            est_malloc_pools
     612    cd /tmp/sochat1/spack-stage/spack-stage-intel-tbb-2021.1.1-dcgy3inp
            md2p7h7bqa3n4fihupxn4fow/spack-build-dcgy3in/test && /p/vast1/build
            /spack/opt/spack/linux-rhel7-broadwell/gcc-10.2.1/cmake-3.22.2-7oku
            4yd37mfoi65gi3alunjbl35euphw/bin/cmake -E cmake_link_script CMakeFi
            les/test_malloc_pools.dir/link.txt --verbose=1
     613    /p/vast1/build/spack/lib/spack/env/gcc/g++ -O2 -g -DNDEBUG -rdynami
            c CMakeFiles/test_malloc_pools.dir/tbbmalloc/test_malloc_pools.cpp.
            o -o ../gnu_10.2_cxx11_64_relwithdebinfo/test_malloc_pools  -Wl,-rp
            ath,/tmp/sochat1/spack-stage/spack-stage-intel-tbb-2021.1.1-dcgy3in
            pmd2p7h7bqa3n4fihupxn4fow/spack-build-dcgy3in/gnu_10.2_cxx11_64_rel
            withdebinfo ../gnu_10.2_cxx11_64_relwithdebinfo/libtbbmalloc.so.2.1
             -ldl -pthread
     614    [ 28%] Linking CXX executable ../gnu_10.2_cxx11_64_relwithdebinfo/t
            est_arena_constraints
     615    cd /tmp/sochat1/spack-stage/spack-stage-intel-tbb-2021.1.1-dcgy3inp
            md2p7h7bqa3n4fihupxn4fow/spack-build-dcgy3in/test && /p/vast1/build
            /spack/opt/spack/linux-rhel7-broadwell/gcc-10.2.1/cmake-3.22.2-7oku
            4yd37mfoi65gi3alunjbl35euphw/bin/cmake -E cmake_link_script CMakeFi
            les/test_arena_constraints.dir/link.txt --verbose=1
     616    /p/vast1/build/spack/lib/spack/env/gcc/g++ -O2 -g -DNDEBUG -rdynami
            c CMakeFiles/test_arena_constraints.dir/tbb/test_arena_constraints.
            cpp.o -o ../gnu_10.2_cxx11_64_relwithdebinfo/test_arena_constraints
              -Wl,-rpath,/tmp/sochat1/spack-stage/spack-stage-intel-tbb-2021.1.
            1-dcgy3inpmd2p7h7bqa3n4fihupxn4fow/spack-build-dcgy3in/gnu_10.2_cxx
            11_64_relwithdebinfo ../gnu_10.2_cxx11_64_relwithdebinfo/libtbb.so.
            12.1 -ldl -pthread

     ...

     656    [ 32%] Linking CXX executable ../gnu_10.2_cxx11_64_relwithdebinfo/t
            est_concurrent_priority_queue
     657    cd /tmp/sochat1/spack-stage/spack-stage-intel-tbb-2021.1.1-dcgy3inp
            md2p7h7bqa3n4fihupxn4fow/spack-build-dcgy3in/test && /p/vast1/build
            /spack/opt/spack/linux-rhel7-broadwell/gcc-10.2.1/cmake-3.22.2-7oku
            4yd37mfoi65gi3alunjbl35euphw/bin/cmake -E cmake_link_script CMakeFi
            les/test_concurrent_priority_queue.dir/link.txt --verbose=1
     658    /p/vast1/build/spack/lib/spack/env/gcc/g++ -O2 -g -DNDEBUG -rdynami
            c CMakeFiles/test_concurrent_priority_queue.dir/tbb/test_concurrent
            _priority_queue.cpp.o -o ../gnu_10.2_cxx11_64_relwithdebinfo/test_c
            oncurrent_priority_queue  -Wl,-rpath,/tmp/sochat1/spack-stage/spack
            -stage-intel-tbb-2021.1.1-dcgy3inpmd2p7h7bqa3n4fihupxn4fow/spack-bu
            ild-dcgy3in/gnu_10.2_cxx11_64_relwithdebinfo ../gnu_10.2_cxx11_64_r
            elwithdebinfo/libtbb.so.12.1 -ldl -pthread
     659    make[2]: Leaving directory `/tmp/sochat1/spack-stage/spack-stage-in
            tel-tbb-2021.1.1-dcgy3inpmd2p7h7bqa3n4fihupxn4fow/spack-build-dcgy3
            in'
     660    [ 32%] Built target test_concurrent_priority_queue
     661    make[1]: Leaving directory `/tmp/sochat1/spack-stage/spack-stage-in
            tel-tbb-2021.1.1-dcgy3inpmd2p7h7bqa3n4fihupxn4fow/spack-build-dcgy3
            in'
  >> 662    make: *** [all] Error 2

See build log for details:
  /var/tmp/sochat1/spack-stage/spack-stage-intel-tbb-2021.1.1-dcgy3inpmd2p7h7bqa3n4fihupxn4fow/spack-build-out.txt

==> Warning: Missing a source id for hpctoolkit@develop
==> Warning: Missing a source id for hpctoolkit@develop
==> Warning: Missing a source id for hpctoolkit@develop
==> Warning: Missing a source id for hpctoolkit@develop
==> Warning: Missing a source id for hpctoolkit@develop
==> Warning: Missing a source id for hpctoolkit@develop
==> Warning: Missing a source id for hpctoolkit@develop
==> Warning: Missing a source id for hpctoolkit@develop
==> Warning: Missing a source id for hpctoolkit@develop
==> Warning: Missing a source id for hpctoolkit@develop
==> Warning: Missing a source id for hpctoolkit@develop
==> Warning: Missing a source id for hpctoolkit@develop
==> Warning: Missing a source id for hpctoolkit@develop
==> Warning: Missing a source id for hpctoolkit@develop
==> Warning: Missing a source id for hpctoolkit@develop
==> Warning: Missing a source id for hpctoolkit@develop
==> Warning: Missing a source id for hpctoolkit@develop
==> Warning: Missing a source id for hpctoolkit@develop
==> Warning: Missing a source id for hpctoolkit@develop
==> Warning: Missing a source id for hpctoolkit@develop
==> Warning: Missing a source id for hpctoolkit@develop
==> Warning: Missing a source id for hpctoolkit@develop
==> Warning: Missing a source id for hpctoolkit@develop
==> Warning: Missing a source id for hpctoolkit@develop
==> Warning: Missing a source id for hpctoolkit@develop
==> Warning: Missing a source id for hpctoolkit@develop
==> Warning: Missing a source id for hpctoolkit@develop
==> Warning: Missing a source id for hpctoolkit@develop
==> Warning: Missing a source id for hpctoolkit@develop
==> Warning: Missing a source id for hpctoolkit@develop
==> Warning: Missing a source id for hpctoolkit@develop
==> Warning: Missing a source id for hpctoolkit@develop
==> Warning: Missing a source id for hpctoolkit@develop
==> Warning: Missing a source id for hpctoolkit@develop
==> Warning: Missing a source id for hpctoolkit@develop
==> Warning: Missing a source id for hpctoolkit@develop
==> Warning: Missing a source id for hpctoolkit@develop
Making predictions for spack-test
Making predictions for symbolator
Making predictions for libabigail
abicompat not found on path, will look for spack instead.
Making predictions for actual
