==> Error: ProcessError: Command exited with status 2:
    'make' '-j2'

4 errors found in build log:
     32    cd /tmp/sochat1/spack-stage/spack-stage-heffte-1.0-pr6tnx4r4uqxftvxv
           rxslykb5cb7gs3w/spack-build-pr6tnx4/CMakeFiles/Heffte.dir/src && /p/
           vast1/build/spack/opt/spack/linux-rhel7-broadwell/gcc-10.2.1/cmake-3
           .21.4-hvgwgb6duea6jzf2rywitb4a5lqdrpii/bin/cmake -D verbose:BOOL=1 -
           D build_configuration:STRING=RelWithDebInfo -D generated_file:STRING
           =/tmp/sochat1/spack-stage/spack-stage-heffte-1.0-pr6tnx4r4uqxftvxvrx
           slykb5cb7gs3w/spack-build-pr6tnx4/CMakeFiles/Heffte.dir/src/./Heffte
           _generated_heffte_backend_cuda.cu.o -D generated_cubin_file:STRING=/
           tmp/sochat1/spack-stage/spack-stage-heffte-1.0-pr6tnx4r4uqxftvxvrxsl
           ykb5cb7gs3w/spack-build-pr6tnx4/CMakeFiles/Heffte.dir/src/./Heffte_g
           enerated_heffte_backend_cuda.cu.o.cubin.txt -P /tmp/sochat1/spack-st
           age/spack-stage-heffte-1.0-pr6tnx4r4uqxftvxvrxslykb5cb7gs3w/spack-bu
           ild-pr6tnx4/CMakeFiles/Heffte.dir/src/Heffte_generated_heffte_backen
           d_cuda.cu.o.RelWithDebInfo.cmake
     33    -- Removing /tmp/sochat1/spack-stage/spack-stage-heffte-1.0-pr6tnx4r
           4uqxftvxvrxslykb5cb7gs3w/spack-build-pr6tnx4/CMakeFiles/Heffte.dir/s
           rc/./Heffte_generated_heffte_backend_cuda.cu.o
     34    /p/vast1/build/spack/opt/spack/linux-rhel7-broadwell/gcc-10.2.1/cmak
           e-3.21.4-hvgwgb6duea6jzf2rywitb4a5lqdrpii/bin/cmake -E rm -f /tmp/so
           chat1/spack-stage/spack-stage-heffte-1.0-pr6tnx4r4uqxftvxvrxslykb5cb
           7gs3w/spack-build-pr6tnx4/CMakeFiles/Heffte.dir/src/./Heffte_generat
           ed_heffte_backend_cuda.cu.o
     35    -- Generating dependency file: /tmp/sochat1/spack-stage/spack-stage-
           heffte-1.0-pr6tnx4r4uqxftvxvrxslykb5cb7gs3w/spack-build-pr6tnx4/CMak
           eFiles/Heffte.dir/src/Heffte_generated_heffte_backend_cuda.cu.o.NVCC
           -depend
     36    /p/vast1/build/spack/opt/spack/linux-rhel7-broadwell/gcc-10.2.1/cuda
           -11.5.1-qmldae2ji6fe3pjaau3ubcmnor2fc2lm/bin/nvcc -M -D__CUDACC__ /v
           ar/tmp/sochat1/spack-stage/spack-stage-heffte-1.0-pr6tnx4r4uqxftvxvr
           xslykb5cb7gs3w/spack-src/src/heffte_backend_cuda.cu -o /tmp/sochat1/
           spack-stage/spack-stage-heffte-1.0-pr6tnx4r4uqxftvxvrxslykb5cb7gs3w/
           spack-build-pr6tnx4/CMakeFiles/Heffte.dir/src/Heffte_generated_hefft
           e_backend_cuda.cu.o.NVCC-depend -ccbin /usr/tce/packages/gcc/gcc-10.
           2.1/bin/g++ -m64 -DHeffte_EXPORTS -Xcompiler ,\"-fPIC\",\"-O2\",\"-g
           \",\"-DNDEBUG\" --generate-code arch=compute_none,code=sm_none --gen
           erate-code arch=compute_none,code=compute_none -std=c++11 -DNVCC -I/
           p/vast1/build/spack/opt/spack/linux-rhel7-broadwell/gcc-10.2.1/cuda-
           11.5.1-qmldae2ji6fe3pjaau3ubcmnor2fc2lm/include -I/var/tmp/sochat1/s
           pack-stage/spack-stage-heffte-1.0-pr6tnx4r4uqxftvxvrxslykb5cb7gs3w/s
           pack-src/include/ -I/tmp/sochat1/spack-stage/spack-stage-heffte-1.0-
           pr6tnx4r4uqxftvxvrxslykb5cb7gs3w/spack-build-pr6tnx4/include/ -I/p/v
           ast1/build/spack/opt/spack/linux-rhel7-broadwell/gcc-10.2.1/mpich-3.
           4.2-y5jp7zdd3xgbpzopqsopo5vonns6s6a2/include
     37    nvcc fatal   : Unsupported gpu architecture 'compute_none'
  >> 38    CMake Error at Heffte_generated_heffte_backend_cuda.cu.o.RelWithDebI
           nfo.cmake:220 (message):
     39      Error generating
     40      /tmp/sochat1/spack-stage/spack-stage-heffte-1.0-pr6tnx4r4uqxftvxvr
           xslykb5cb7gs3w/spack-build-pr6tnx4/CMakeFiles/Heffte.dir/src/./Hefft
           e_generated_heffte_backend_cuda.cu.o
     41    
     42    
  >> 43    make[2]: *** [CMakeFiles/Heffte.dir/src/Heffte_generated_heffte_back
           end_cuda.cu.o] Error 1
     44    make[2]: Leaving directory `/tmp/sochat1/spack-stage/spack-stage-hef
           fte-1.0-pr6tnx4r4uqxftvxvrxslykb5cb7gs3w/spack-build-pr6tnx4'
  >> 45    make[1]: *** [CMakeFiles/Heffte.dir/all] Error 2
     46    make[1]: Leaving directory `/tmp/sochat1/spack-stage/spack-stage-hef
           fte-1.0-pr6tnx4r4uqxftvxvrxslykb5cb7gs3w/spack-build-pr6tnx4'
  >> 47    make: *** [all] Error 2

See build log for details:
  /var/tmp/sochat1/spack-stage/spack-stage-heffte-1.0-pr6tnx4r4uqxftvxvrxslykb5cb7gs3w/spack-build-out.txt

Making predictions for symbolator
Making predictions for libabigail
Making predictions for actual
/var/spool/slurmd/job100249/slurm_script: line 12: 18727 Killed                  spliced splice --package heffte@1.0 --splice openmpi --runner spack --replace openmpi --experiment experiment --outfile /p/vast1/build/spliced-experiment/results/heffte/1.0/openmpi/experiment.json
==> Warning: heffte-1.0-uzmhgaogcetmkhnqpxydnrazyzj6anz3 failed to install
==> Warning: AssertionError exception when releasing read lock for heffte-1.0-uzmhgaogcetmkhnqpxydnrazyzj6anz3: 
==> Error: heffte-1.0-uzmhgaogcetmkhnqpxydnrazyzj6anz3: Package was not installed
Making predictions for spack-test
Making predictions for symbolator
Making predictions for libabigail
abicompat not found on path, will look for spack instead.
Making predictions for actual
