==> Error: ProcessError: Command exited with status 2:
    'make' '-j2'

4 errors found in build log:
     61    cd /tmp/sochat1/spack-stage/spack-stage-heffte-2.1.0-r3qpaxx74nv7ivw
           4jpzrimmflti6xcxi/spack-build-r3qpaxx/CMakeFiles/Heffte.dir/src && /
           p/vast1/build/spack/opt/spack/linux-rhel7-broadwell/gcc-10.2.1/cmake
           -3.21.4-hvgwgb6duea6jzf2rywitb4a5lqdrpii/bin/cmake -D verbose:BOOL=1
            -D build_configuration:STRING=RelWithDebInfo -D generated_file:STRI
           NG=/tmp/sochat1/spack-stage/spack-stage-heffte-2.1.0-r3qpaxx74nv7ivw
           4jpzrimmflti6xcxi/spack-build-r3qpaxx/CMakeFiles/Heffte.dir/src/./He
           ffte_generated_heffte_backend_cuda.cu.o -D generated_cubin_file:STRI
           NG=/tmp/sochat1/spack-stage/spack-stage-heffte-2.1.0-r3qpaxx74nv7ivw
           4jpzrimmflti6xcxi/spack-build-r3qpaxx/CMakeFiles/Heffte.dir/src/./He
           ffte_generated_heffte_backend_cuda.cu.o.cubin.txt -P /tmp/sochat1/sp
           ack-stage/spack-stage-heffte-2.1.0-r3qpaxx74nv7ivw4jpzrimmflti6xcxi/
           spack-build-r3qpaxx/CMakeFiles/Heffte.dir/src/Heffte_generated_hefft
           e_backend_cuda.cu.o.RelWithDebInfo.cmake
     62    -- Removing /tmp/sochat1/spack-stage/spack-stage-heffte-2.1.0-r3qpax
           x74nv7ivw4jpzrimmflti6xcxi/spack-build-r3qpaxx/CMakeFiles/Heffte.dir
           /src/./Heffte_generated_heffte_backend_cuda.cu.o
     63    /p/vast1/build/spack/opt/spack/linux-rhel7-broadwell/gcc-10.2.1/cmak
           e-3.21.4-hvgwgb6duea6jzf2rywitb4a5lqdrpii/bin/cmake -E rm -f /tmp/so
           chat1/spack-stage/spack-stage-heffte-2.1.0-r3qpaxx74nv7ivw4jpzrimmfl
           ti6xcxi/spack-build-r3qpaxx/CMakeFiles/Heffte.dir/src/./Heffte_gener
           ated_heffte_backend_cuda.cu.o
     64    -- Generating dependency file: /tmp/sochat1/spack-stage/spack-stage-
           heffte-2.1.0-r3qpaxx74nv7ivw4jpzrimmflti6xcxi/spack-build-r3qpaxx/CM
           akeFiles/Heffte.dir/src/Heffte_generated_heffte_backend_cuda.cu.o.NV
           CC-depend
     65    /p/vast1/build/spack/opt/spack/linux-rhel7-broadwell/gcc-10.2.1/cuda
           -11.5.1-qmldae2ji6fe3pjaau3ubcmnor2fc2lm/bin/nvcc -M -D__CUDACC__ /v
           ar/tmp/sochat1/spack-stage/spack-stage-heffte-2.1.0-r3qpaxx74nv7ivw4
           jpzrimmflti6xcxi/spack-src/src/heffte_backend_cuda.cu -o /tmp/sochat
           1/spack-stage/spack-stage-heffte-2.1.0-r3qpaxx74nv7ivw4jpzrimmflti6x
           cxi/spack-build-r3qpaxx/CMakeFiles/Heffte.dir/src/Heffte_generated_h
           effte_backend_cuda.cu.o.NVCC-depend -ccbin /usr/tce/packages/gcc/gcc
           -10.2.1/bin/g++ -m64 -DHeffte_EXPORTS -Xcompiler ,\"-fPIC\",\"-O2\",
           \"-g\",\"-DNDEBUG\" --generate-code arch=compute_none,code=sm_none -
           -generate-code arch=compute_none,code=compute_none -std=c++11 -DNVCC
            -I/p/vast1/build/spack/opt/spack/linux-rhel7-broadwell/gcc-10.2.1/c
           uda-11.5.1-qmldae2ji6fe3pjaau3ubcmnor2fc2lm/include -I/var/tmp/socha
           t1/spack-stage/spack-stage-heffte-2.1.0-r3qpaxx74nv7ivw4jpzrimmflti6
           xcxi/spack-src/include/ -I/tmp/sochat1/spack-stage/spack-stage-hefft
           e-2.1.0-r3qpaxx74nv7ivw4jpzrimmflti6xcxi/spack-build-r3qpaxx/include
           / -I/p/vast1/build/spack/opt/spack/linux-rhel7-broadwell/gcc-10.2.1/
           mpich-3.4.2-y5jp7zdd3xgbpzopqsopo5vonns6s6a2/include
     66    nvcc fatal   : Unsupported gpu architecture 'compute_none'
  >> 67    CMake Error at Heffte_generated_heffte_backend_cuda.cu.o.RelWithDebI
           nfo.cmake:220 (message):
     68      Error generating
     69      /tmp/sochat1/spack-stage/spack-stage-heffte-2.1.0-r3qpaxx74nv7ivw4
           jpzrimmflti6xcxi/spack-build-r3qpaxx/CMakeFiles/Heffte.dir/src/./Hef
           fte_generated_heffte_backend_cuda.cu.o
     70    
     71    
  >> 72    make[2]: *** [CMakeFiles/Heffte.dir/src/Heffte_generated_heffte_back
           end_cuda.cu.o] Error 1
     73    make[2]: Leaving directory `/tmp/sochat1/spack-stage/spack-stage-hef
           fte-2.1.0-r3qpaxx74nv7ivw4jpzrimmflti6xcxi/spack-build-r3qpaxx'
  >> 74    make[1]: *** [CMakeFiles/Heffte.dir/all] Error 2
     75    make[1]: Leaving directory `/tmp/sochat1/spack-stage/spack-stage-hef
           fte-2.1.0-r3qpaxx74nv7ivw4jpzrimmflti6xcxi/spack-build-r3qpaxx'
  >> 76    make: *** [all] Error 2

See build log for details:
  /var/tmp/sochat1/spack-stage/spack-stage-heffte-2.1.0-r3qpaxx74nv7ivw4jpzrimmflti6xcxi/spack-build-out.txt

Making predictions for symbolator
Making predictions for libabigail
Making predictions for actual
/var/spool/slurmd/job100245/slurm_script: line 12:  7110 Killed                  spliced splice --package heffte@2.1.0 --splice cmake --runner spack --replace cmake --experiment experiment --outfile /p/vast1/build/spliced-experiment/results/heffte/2.1.0/cmake/experiment.json
==> Error: ProcessError: Command exited with status 2:
    'make' '-j16'

4 errors found in build log:
     61    cd /tmp/sochat1/spack-stage/spack-stage-heffte-2.1.0-2tndu5q4y5veeyb
           eelh42md6fc7uljyy/spack-build-2tndu5q/CMakeFiles/Heffte.dir/src && /
           p/vast1/build/spack/opt/spack/linux-rhel7-broadwell/gcc-10.2.1/cmake
           -3.22.2-7oku4yd37mfoi65gi3alunjbl35euphw/bin/cmake -D verbose:BOOL=1
            -D build_configuration:STRING=RelWithDebInfo -D generated_file:STRI
           NG=/tmp/sochat1/spack-stage/spack-stage-heffte-2.1.0-2tndu5q4y5veeyb
           eelh42md6fc7uljyy/spack-build-2tndu5q/CMakeFiles/Heffte.dir/src/./He
           ffte_generated_heffte_backend_cuda.cu.o -D generated_cubin_file:STRI
           NG=/tmp/sochat1/spack-stage/spack-stage-heffte-2.1.0-2tndu5q4y5veeyb
           eelh42md6fc7uljyy/spack-build-2tndu5q/CMakeFiles/Heffte.dir/src/./He
           ffte_generated_heffte_backend_cuda.cu.o.cubin.txt -P /tmp/sochat1/sp
           ack-stage/spack-stage-heffte-2.1.0-2tndu5q4y5veeybeelh42md6fc7uljyy/
           spack-build-2tndu5q/CMakeFiles/Heffte.dir/src/Heffte_generated_hefft
           e_backend_cuda.cu.o.RelWithDebInfo.cmake
     62    -- Removing /tmp/sochat1/spack-stage/spack-stage-heffte-2.1.0-2tndu5
           q4y5veeybeelh42md6fc7uljyy/spack-build-2tndu5q/CMakeFiles/Heffte.dir
           /src/./Heffte_generated_heffte_backend_cuda.cu.o
     63    /p/vast1/build/spack/opt/spack/linux-rhel7-broadwell/gcc-10.2.1/cmak
           e-3.22.2-7oku4yd37mfoi65gi3alunjbl35euphw/bin/cmake -E rm -f /tmp/so
           chat1/spack-stage/spack-stage-heffte-2.1.0-2tndu5q4y5veeybeelh42md6f
           c7uljyy/spack-build-2tndu5q/CMakeFiles/Heffte.dir/src/./Heffte_gener
           ated_heffte_backend_cuda.cu.o
     64    -- Generating dependency file: /tmp/sochat1/spack-stage/spack-stage-
           heffte-2.1.0-2tndu5q4y5veeybeelh42md6fc7uljyy/spack-build-2tndu5q/CM
           akeFiles/Heffte.dir/src/Heffte_generated_heffte_backend_cuda.cu.o.NV
           CC-depend
     65    /p/vast1/build/spack/opt/spack/linux-rhel7-broadwell/gcc-10.2.1/cuda
           -11.6.1-lljcghp23bbgayfkhmfks7o26q6s45in/bin/nvcc -M -D__CUDACC__ /v
           ar/tmp/sochat1/spack-stage/spack-stage-heffte-2.1.0-2tndu5q4y5veeybe
           elh42md6fc7uljyy/spack-src/src/heffte_backend_cuda.cu -o /tmp/sochat
           1/spack-stage/spack-stage-heffte-2.1.0-2tndu5q4y5veeybeelh42md6fc7ul
           jyy/spack-build-2tndu5q/CMakeFiles/Heffte.dir/src/Heffte_generated_h
           effte_backend_cuda.cu.o.NVCC-depend -ccbin /usr/tce/packages/gcc/gcc
           -10.2.1/bin/g++ -m64 -DHeffte_EXPORTS -Xcompiler ,\"-fPIC\",\"-O2\",
           \"-g\",\"-DNDEBUG\" --generate-code arch=compute_none,code=sm_none -
           -generate-code arch=compute_none,code=compute_none -std=c++11 -DNVCC
            -I/p/vast1/build/spack/opt/spack/linux-rhel7-broadwell/gcc-10.2.1/c
           uda-11.6.1-lljcghp23bbgayfkhmfks7o26q6s45in/include -I/var/tmp/socha
           t1/spack-stage/spack-stage-heffte-2.1.0-2tndu5q4y5veeybeelh42md6fc7u
           ljyy/spack-src/include/ -I/tmp/sochat1/spack-stage/spack-stage-hefft
           e-2.1.0-2tndu5q4y5veeybeelh42md6fc7uljyy/spack-build-2tndu5q/include
           / -I/p/vast1/build/spack/opt/spack/linux-rhel7-broadwell/gcc-10.2.1/
           mpich-3.4.2-b5ciezi5ojdl5dodked5a2svlfxng2fr/include
     66    nvcc fatal   : Unsupported gpu architecture 'compute_none'
  >> 67    CMake Error at Heffte_generated_heffte_backend_cuda.cu.o.RelWithDebI
           nfo.cmake:220 (message):
     68      Error generating
     69      /tmp/sochat1/spack-stage/spack-stage-heffte-2.1.0-2tndu5q4y5veeybe
           elh42md6fc7uljyy/spack-build-2tndu5q/CMakeFiles/Heffte.dir/src/./Hef
           fte_generated_heffte_backend_cuda.cu.o
     70    
     71    
  >> 72    make[2]: *** [CMakeFiles/Heffte.dir/src/Heffte_generated_heffte_back
           end_cuda.cu.o] Error 1
     73    make[2]: Leaving directory `/tmp/sochat1/spack-stage/spack-stage-hef
           fte-2.1.0-2tndu5q4y5veeybeelh42md6fc7uljyy/spack-build-2tndu5q'
  >> 74    make[1]: *** [CMakeFiles/Heffte.dir/all] Error 2
     75    make[1]: Leaving directory `/tmp/sochat1/spack-stage/spack-stage-hef
           fte-2.1.0-2tndu5q4y5veeybeelh42md6fc7uljyy/spack-build-2tndu5q'
  >> 76    make: *** [all] Error 2

See build log for details:
  /var/tmp/sochat1/spack-stage/spack-stage-heffte-2.1.0-2tndu5q4y5veeybeelh42md6fc7uljyy/spack-build-out.txt

Making predictions for spack-test
Making predictions for symbolator
Making predictions for libabigail
abicompat not found on path, will look for spack instead.
Making predictions for actual
