==> Warning: Missing a source id for hpctoolkit@2022.01.15
Process Process-1:
Traceback (most recent call last):
  File "/p/vast1/build/spack/lib/spack/spack/fetch_strategy.py", line 1551, in _extrapolate
    return URLFetchStrategy(pkg.url_for_version(version),
  File "/p/vast1/build/spack/lib/spack/spack/package.py", line 962, in url_for_version
    raise NoURLError(self.__class__)
spack.package.NoURLError: Package Hpctoolkit has no version with a URL.

During handling of the above exception, another exception occurred:

Traceback (most recent call last):
  File "/p/vast1/build/spack/lib/spack/spack/build_environment.py", line 1035, in _setup_pkg_and_run
    return_value = function(pkg, kwargs)
  File "/p/vast1/build/spack/lib/spack/spack/installer.py", line 1958, in build_process
    return installer.run()
  File "/p/vast1/build/spack/lib/spack/spack/installer.py", line 1783, in run
    self.pkg.do_patch()
  File "/p/vast1/build/spack/lib/spack/spack/package.py", line 1423, in do_patch
    self.do_stage()
  File "/p/vast1/build/spack/lib/spack/spack/package.py", line 1404, in do_stage
    self.stage.create()
  File "/p/vast1/build/spack/lib/spack/spack/package.py", line 1035, in stage
    self._stage = self._make_stage()
  File "/p/vast1/build/spack/lib/spack/spack/package.py", line 1006, in _make_stage
    composite_fetcher = self.fetcher
  File "/p/vast1/build/spack/lib/spack/spack/package.py", line 1151, in fetcher
    self._fetcher = self._make_fetcher()
  File "/p/vast1/build/spack/lib/spack/spack/package.py", line 1137, in _make_fetcher
    root_fetcher = fs.for_package_version(self, self.version)
  File "/p/vast1/build/spack/lib/spack/spack/fetch_strategy.py", line 1600, in for_package_version
    return _extrapolate(pkg, version)
  File "/p/vast1/build/spack/lib/spack/spack/fetch_strategy.py", line 1556, in _extrapolate
    raise ExtrapolationError(msg % (version, pkg.name))
spack.fetch_strategy.ExtrapolationError: Can't extrapolate a URL for version 2022.01.15 because package hpctoolkit defines no URLs

During handling of the above exception, another exception occurred:

Traceback (most recent call last):
  File "/p/vast1/build/spack/lib/spack/spack/fetch_strategy.py", line 1551, in _extrapolate
    return URLFetchStrategy(pkg.url_for_version(version),
  File "/p/vast1/build/spack/lib/spack/spack/package.py", line 962, in url_for_version
    raise NoURLError(self.__class__)
spack.package.NoURLError: Package Hpctoolkit has no version with a URL.

During handling of the above exception, another exception occurred:

Traceback (most recent call last):
  File "/p/vast1/build/anaconda3/lib/python3.7/multiprocessing/process.py", line 297, in _bootstrap
    self.run()
  File "/p/vast1/build/anaconda3/lib/python3.7/multiprocessing/process.py", line 99, in run
    self._target(*self._args, **self._kwargs)
  File "/p/vast1/build/spack/lib/spack/spack/build_environment.py", line 1057, in _setup_pkg_and_run
    if hasattr(pkg, 'log_path'):
  File "/p/vast1/build/spack/lib/spack/spack/package.py", line 1085, in log_path
    old_log = os.path.join(self.stage.path, filename)
  File "/p/vast1/build/spack/lib/spack/spack/package.py", line 1035, in stage
    self._stage = self._make_stage()
  File "/p/vast1/build/spack/lib/spack/spack/package.py", line 1006, in _make_stage
    composite_fetcher = self.fetcher
  File "/p/vast1/build/spack/lib/spack/spack/package.py", line 1151, in fetcher
    self._fetcher = self._make_fetcher()
  File "/p/vast1/build/spack/lib/spack/spack/package.py", line 1137, in _make_fetcher
    root_fetcher = fs.for_package_version(self, self.version)
  File "/p/vast1/build/spack/lib/spack/spack/fetch_strategy.py", line 1600, in for_package_version
    return _extrapolate(pkg, version)
  File "/p/vast1/build/spack/lib/spack/spack/fetch_strategy.py", line 1556, in _extrapolate
    raise ExtrapolationError(msg % (version, pkg.name))
spack.fetch_strategy.ExtrapolationError: Can't extrapolate a URL for version 2022.01.15 because package hpctoolkit defines no URLs
slurmstepd: error: *** JOB 97059 ON oslic10 CANCELLED AT 2022-02-25T16:00:29 DUE TO TIME LIMIT ***
/var/spool/slurmd/job100413/slurm_script: line 12: 53338 Killed                  spliced splice --package hpctoolkit@2022.01.15 --splice libunwind --runner spack --replace libunwind --experiment experiment --outfile /p/vast1/build/spliced-experiment/results/hpctoolkit/2022.01.15/libunwind/experiment.json
==> Warning: Missing a source id for libunwind@master
==> Warning: Missing a source id for libunwind@1.5-stable
==> Warning: using "libunwind@1.1" which is a deprecated version
==> Warning: libunwind@1.1 is deprecated and may be removed in a future Spack release.
==> Error: FetchError: Will not fetch libunwind@1.1
    If you are willing to be a maintainer for this version of the package, submit a PR to remove `deprecated=False`, or use `--deprecated` to skip this check.

/p/vast1/build/spack/lib/spack/spack/package.py:1395, in do_fetch:
       1392                        dp_msg))
       1393
       1394            if not ignore_deprecation:
  >>   1395                raise FetchError("Will not fetch {0}".format(
       1396                    self.spec.format('{name}{@version}')), dp_msg)
       1397
       1398        self.stage.create()


Making predictions for spack-test
Making predictions for symbolator
Making predictions for libabigail
abicompat not found on path, will look for spack instead.
Making predictions for actual
