==> Error: ProcessError: Command exited with status 2:
    'make' 'ARFLAGS=rcs'

3 errors found in build log:
     241    /p/vast1/build/spack/lib/spack/env/gcc/g++  -g -O2 -I. -I. -I./../l
            ibdwarf -DCONFPREFIX=/p/vast1/build/spack/opt/spack/linux-rhel7-bro
            adwell/gcc-10.2.1/libdwarf-20130729-5dvcxo27hpeamtuzdzqlkgdwde63l2e
            w/lib    -c -o dwarfdump.o dwarfdump.cc
     242    /p/vast1/build/spack/lib/spack/env/gcc/g++  -g -O2 -I. -I. -I./../l
            ibdwarf -DCONFPREFIX=/p/vast1/build/spack/opt/spack/linux-rhel7-bro
            adwell/gcc-10.2.1/libdwarf-20130729-5dvcxo27hpeamtuzdzqlkgdwde63l2e
            w/lib    -c -o dwconf.o dwconf.cc
     243    /p/vast1/build/spack/lib/spack/env/gcc/g++  -g -O2 -I. -I. -I./../l
            ibdwarf -DCONFPREFIX=/p/vast1/build/spack/opt/spack/linux-rhel7-bro
            adwell/gcc-10.2.1/libdwarf-20130729-5dvcxo27hpeamtuzdzqlkgdwde63l2e
            w/lib    -c -o print_abbrevs.o print_abbrevs.cc
     244    /p/vast1/build/spack/lib/spack/env/gcc/g++  -g -O2 -I. -I. -I./../l
            ibdwarf -DCONFPREFIX=/p/vast1/build/spack/opt/spack/linux-rhel7-bro
            adwell/gcc-10.2.1/libdwarf-20130729-5dvcxo27hpeamtuzdzqlkgdwde63l2e
            w/lib    -c -o print_aranges.o print_aranges.cc
     245    /p/vast1/build/spack/lib/spack/env/gcc/g++  -g -O2 -I. -I. -I./../l
            ibdwarf -DCONFPREFIX=/p/vast1/build/spack/opt/spack/linux-rhel7-bro
            adwell/gcc-10.2.1/libdwarf-20130729-5dvcxo27hpeamtuzdzqlkgdwde63l2e
            w/lib    -c -o print_die.o print_die.cc
     246    print_die.cc: In function 'bool print_attribute(Dwarf_Debug, Dwarf_
            Die, Dwarf_Half, Dwarf_Attribute, bool, int, DieVec&, SrcfilesHolde
            r&)':
  >> 247    print_die.cc:2134:58: error: no match for 'operator<<' (operand typ
            es are 'std::basic_ostream<char>' and 'std::ostream' {aka 'std::bas
            ic_ostream<char>'})
     248     2133 |                                 cout << "Low = " <<
     249          |                                 ~~~~~~~~~~~~~~~~~~~
     250          |                                                  |
     251          |                                                  basic_ostr
            eam<[...]>
     252     2134 |                                     IToHex0N(lowAddr,10) <<
     253          |                                     ~~~~~~~~~~~~~~~~~~~~ ^~

     ...

     516    /usr/tce/packages/gcc/gcc-10.2.1/rh/usr/include/c++/10/ostream:773:
            5: note: candidate: 'template<class _Ostream, class _Tp> typename s
            td::enable_if<std::__and_<std::__not_<std::is_lvalue_reference<_Tp>
             >, std::__is_convertible_to_basic_ostream<_Ostream>, std::__is_ins
            ertable<typename std::__is_convertible_to_basic_ostream<_Tp>::__ost
            ream_type, const _Tp&, void> >::value, typename std::__is_convertib
            le_to_basic_ostream<_Tp>::__ostream_type>::type std::operator<<(_Os
            tream&&, const _Tp&)'
     517      773 |     operator<<(_Ostream&& __os, const _Tp& __x)
     518          |     ^~~~~~~~
     519    /usr/tce/packages/gcc/gcc-10.2.1/rh/usr/include/c++/10/ostream:773:
            5: note:   template argument deduction/substitution failed:
     520    /usr/tce/packages/gcc/gcc-10.2.1/rh/usr/include/c++/10/ostream: In 
            substitution of 'template<class _Ostream, class _Tp> typename std::
            enable_if<std::__and_<std::__not_<std::is_lvalue_reference<_Tp> >, 
            std::__is_convertible_to_basic_ostream<_Ostream>, std::__is_inserta
            ble<typename std::__is_convertible_to_basic_ostream<_Tp>::__ostream
            _type, const _Tp&, void> >::value, typename std::__is_convertible_t
            o_basic_ostream<_Tp>::__ostream_type>::type std::operator<<(_Ostrea
            m&&, const _Tp&) [with _Ostream = std::basic_ostream<char>&; _Tp = 
            std::basic_ostream<char>]':
     521    print_die.cc:2135:33:   required from here
  >> 522    /usr/tce/packages/gcc/gcc-10.2.1/rh/usr/include/c++/10/ostream:773:
            5: error: no type named 'type' in 'struct std::enable_if<false, std
            ::basic_ostream<char>&>'
     523    In file included from globals.h:95,
     524                     from print_die.cc:44:
     525    /usr/tce/packages/gcc/gcc-10.2.1/rh/usr/include/c++/10/iomanip:79:5
            : note: candidate: 'template<class _CharT, class _Traits> std::basi
            c_ostream<_CharT, _Traits>& std::operator<<(std::basic_ostream<_Cha
            rT, _Traits>&, std::_Resetiosflags)'
     526       79 |     operator<<(basic_ostream<_CharT, _Traits>& __os, _Reset
            iosflags __f)
     527          |     ^~~~~~~~
     528    /usr/tce/packages/gcc/gcc-10.2.1/rh/usr/include/c++/10/iomanip:79:5
            : note:   template argument deduction/substitution failed:

     ...

     589      363 |     operator<<(basic_ostream<_CharT, _Traits>& __os, _Put_t
            ime<_CharT> __f)
     590          |     ^~~~~~~~
     591    /usr/tce/packages/gcc/gcc-10.2.1/rh/usr/include/c++/10/iomanip:363:
            5: note:   template argument deduction/substitution failed:
     592    print_die.cc:2135:33: note:   'std::basic_ostream<char>' is not der
            ived from 'std::_Put_time<_CharT>'
     593     2135 |                                 cout << "High = " <<
     594          |                                 ^~~~
  >> 595    make: *** [print_die.o] Error 1

See build log for details:
  /var/tmp/sochat1/spack-stage/spack-stage-libdwarf-20130729-5dvcxo27hpeamtuzdzqlkgdwde63l2ew/spack-build-out.txt

==> Error: ProcessError: Command exited with status 2:
    'make' 'ARFLAGS=rcs'

3 errors found in build log:
     241    /p/vast1/build/spack/lib/spack/env/gcc/g++  -g -O2 -I. -I. -I./../l
            ibdwarf -DCONFPREFIX=/p/vast1/build/spack/opt/spack/linux-rhel7-bro
            adwell/gcc-10.2.1/libdwarf-20130207-r3pw3tcv4xzp7ctucxddvecvrzikiul
            y/lib    -c -o dwarfdump.o dwarfdump.cc
     242    /p/vast1/build/spack/lib/spack/env/gcc/g++  -g -O2 -I. -I. -I./../l
            ibdwarf -DCONFPREFIX=/p/vast1/build/spack/opt/spack/linux-rhel7-bro
            adwell/gcc-10.2.1/libdwarf-20130207-r3pw3tcv4xzp7ctucxddvecvrzikiul
            y/lib    -c -o dwconf.o dwconf.cc
     243    /p/vast1/build/spack/lib/spack/env/gcc/g++  -g -O2 -I. -I. -I./../l
            ibdwarf -DCONFPREFIX=/p/vast1/build/spack/opt/spack/linux-rhel7-bro
            adwell/gcc-10.2.1/libdwarf-20130207-r3pw3tcv4xzp7ctucxddvecvrzikiul
            y/lib    -c -o print_abbrevs.o print_abbrevs.cc
     244    /p/vast1/build/spack/lib/spack/env/gcc/g++  -g -O2 -I. -I. -I./../l
            ibdwarf -DCONFPREFIX=/p/vast1/build/spack/opt/spack/linux-rhel7-bro
            adwell/gcc-10.2.1/libdwarf-20130207-r3pw3tcv4xzp7ctucxddvecvrzikiul
            y/lib    -c -o print_aranges.o print_aranges.cc
     245    /p/vast1/build/spack/lib/spack/env/gcc/g++  -g -O2 -I. -I. -I./../l
            ibdwarf -DCONFPREFIX=/p/vast1/build/spack/opt/spack/linux-rhel7-bro
            adwell/gcc-10.2.1/libdwarf-20130207-r3pw3tcv4xzp7ctucxddvecvrzikiul
            y/lib    -c -o print_die.o print_die.cc
     246    print_die.cc: In function 'bool print_attribute(Dwarf_Debug, Dwarf_
            Die, Dwarf_Half, Dwarf_Attribute, bool, int, DieVec&, SrcfilesHolde
            r&)':
  >> 247    print_die.cc:2134:58: error: no match for 'operator<<' (operand typ
            es are 'std::basic_ostream<char>' and 'std::ostream' {aka 'std::bas
            ic_ostream<char>'})
     248     2133 |                                 cout << "Low = " <<
     249          |                                 ~~~~~~~~~~~~~~~~~~~
     250          |                                                  |
     251          |                                                  basic_ostr
            eam<[...]>
     252     2134 |                                     IToHex0N(lowAddr,10) <<
     253          |                                     ~~~~~~~~~~~~~~~~~~~~ ^~

     ...

     516    /usr/tce/packages/gcc/gcc-10.2.1/rh/usr/include/c++/10/ostream:773:
            5: note: candidate: 'template<class _Ostream, class _Tp> typename s
            td::enable_if<std::__and_<std::__not_<std::is_lvalue_reference<_Tp>
             >, std::__is_convertible_to_basic_ostream<_Ostream>, std::__is_ins
            ertable<typename std::__is_convertible_to_basic_ostream<_Tp>::__ost
            ream_type, const _Tp&, void> >::value, typename std::__is_convertib
            le_to_basic_ostream<_Tp>::__ostream_type>::type std::operator<<(_Os
            tream&&, const _Tp&)'
     517      773 |     operator<<(_Ostream&& __os, const _Tp& __x)
     518          |     ^~~~~~~~
     519    /usr/tce/packages/gcc/gcc-10.2.1/rh/usr/include/c++/10/ostream:773:
            5: note:   template argument deduction/substitution failed:
     520    /usr/tce/packages/gcc/gcc-10.2.1/rh/usr/include/c++/10/ostream: In 
            substitution of 'template<class _Ostream, class _Tp> typename std::
            enable_if<std::__and_<std::__not_<std::is_lvalue_reference<_Tp> >, 
            std::__is_convertible_to_basic_ostream<_Ostream>, std::__is_inserta
            ble<typename std::__is_convertible_to_basic_ostream<_Tp>::__ostream
            _type, const _Tp&, void> >::value, typename std::__is_convertible_t
            o_basic_ostream<_Tp>::__ostream_type>::type std::operator<<(_Ostrea
            m&&, const _Tp&) [with _Ostream = std::basic_ostream<char>&; _Tp = 
            std::basic_ostream<char>]':
     521    print_die.cc:2135:33:   required from here
  >> 522    /usr/tce/packages/gcc/gcc-10.2.1/rh/usr/include/c++/10/ostream:773:
            5: error: no type named 'type' in 'struct std::enable_if<false, std
            ::basic_ostream<char>&>'
     523    In file included from globals.h:95,
     524                     from print_die.cc:44:
     525    /usr/tce/packages/gcc/gcc-10.2.1/rh/usr/include/c++/10/iomanip:79:5
            : note: candidate: 'template<class _CharT, class _Traits> std::basi
            c_ostream<_CharT, _Traits>& std::operator<<(std::basic_ostream<_Cha
            rT, _Traits>&, std::_Resetiosflags)'
     526       79 |     operator<<(basic_ostream<_CharT, _Traits>& __os, _Reset
            iosflags __f)
     527          |     ^~~~~~~~
     528    /usr/tce/packages/gcc/gcc-10.2.1/rh/usr/include/c++/10/iomanip:79:5
            : note:   template argument deduction/substitution failed:

     ...

     589      363 |     operator<<(basic_ostream<_CharT, _Traits>& __os, _Put_t
            ime<_CharT> __f)
     590          |     ^~~~~~~~
     591    /usr/tce/packages/gcc/gcc-10.2.1/rh/usr/include/c++/10/iomanip:363:
            5: note:   template argument deduction/substitution failed:
     592    print_die.cc:2135:33: note:   'std::basic_ostream<char>' is not der
            ived from 'std::_Put_time<_CharT>'
     593     2135 |                                 cout << "High = " <<
     594          |                                 ^~~~
  >> 595    make: *** [print_die.o] Error 1

See build log for details:
  /var/tmp/sochat1/spack-stage/spack-stage-libdwarf-20130207-r3pw3tcv4xzp7ctucxddvecvrzikiuly/spack-build-out.txt

==> Error: FileNotFoundError: [Errno 2] No such file or directory: 'libdwarf/libdwarf.h.in'

/p/vast1/build/spack/var/spack/repos/builtin/packages/libdwarf/package.py:43, in patch:
         42    def patch(self):
  >>     43        filter_file(r'^typedef struct Elf Elf;$', '', 'libdwarf/libdwarf.h.in')


Making predictions for symbolator
Making predictions for libabigail
Making predictions for actual
/var/spool/slurmd/job100389/slurm_script: line 12: 73251 Killed                  spliced splice --package hpctoolkit@2021.10.15 --splice libdwarf --runner spack --replace libdwarf --experiment experiment --outfile /p/vast1/build/spliced-experiment/results/hpctoolkit/2021.10.15/libdwarf/experiment.json
slurmstepd: error: *** JOB 2468657 ON borax26 CANCELLED AT 2022-03-02T23:25:50 DUE TO TIME LIMIT ***
