/var/spool/slurmd/job97655/slurm_script: line 12: 34657 Killed                  spliced splice --package openmpi@1.5.3 --splice openssh --runner spack --replace openssh --experiment experiment --outfile /p/vast1/build/spliced-experiment/results/openmpi/1.5.3/openssh/experiment.json
==> Error: ProcessError: Command exited with status 2:
    'make' '-j16' 'V=1'

20 errors found in build log:
     2146     checking dynamic linker characteristics... GNU/Linux ld.so
     2147     checking how to hardcode library paths into programs... immediate
     2148     checking for OpenMP flag of C++ compiler... -fopenmp
     2149     checking vtf3.h usability... no
     2150     checking vtf3.h presence... no
     2151     checking for vtf3.h... no
  >> 2152     configure: error: no vtf3.h found; check path for VTF3 package fi
              rst...
     2153     checking zlib.h usability... yes
     2154     checking zlib.h presence... yes
     2155     checking for zlib.h... yes
     2156     checking whether linking with -lm works... yes
     2157     checking whether we need to link -lm to get math functions... no
     2158     checking for ANSI C header files... (cached) yes

     ...

     2210     checking whether linking with -ldl works... yes
     2211     checking whether RTLD_DEFAULT is declared... yes
     2212     checking whether RTLD_NEXT is declared... yes
     2213     checking BPatch.h usability... no
     2214     checking BPatch.h presence... no
     2215     checking for BPatch.h... no
  >> 2216     configure: error: no BPatch.h found; check path for Dyninst packa
              ge first...
     2217     configure: we are configuring inside Open MPI; presetting cache t
              o skip MPI related tests
     2218     checking for mpicc... (cached) /p/vast1/build/spack/lib/spack/env
              /gcc/gcc
     2219     checking for mpicxx... (cached) /p/vast1/build/spack/lib/spack/en
              v/gcc/g++
     2220     checking for PMPI_Win_test... (cached) yes
     2221     checking for PMPI_Win_lock... (cached) yes
     2222     checking for PMPI_Win_unlock... (cached) yes

     ...

     2225     checking math.h presence... yes
     2226     checking for math.h... yes
     2227     checking whether we need to link -lm to get math functions... no
     2228     checking f2c.h usability... no
     2229     checking f2c.h presence... no
     2230     checking for f2c.h... no
  >> 2231     configure: error: no f2c.h found; check path for CLAPACK package 
              first...
  >> 2232     configure: error: MPI Correctness Checking support cannot be buil
              t inside Open MPI
     2233     checking for the pthreads library -lpthreads... no
     2234     checking whether pthreads work without any flags... yes
     2235     checking for joinable pthread attribute... PTHREAD_CREATE_JOINABL
              E
     2236     checking if more special flags are required for pthreads... no
     2237     checking for cc_r... /p/vast1/build/spack/lib/spack/env/gcc/gcc
     2238     checking pthread.h usability... yes

     ...

     2247     checking omp.h presence... yes
     2248     checking for omp.h... yes
     2249     checking whether we can build shared libraries... yes
     2250     checking jvmti.h usability... no
     2251     checking jvmti.h presence... no
     2252     checking for jvmti.h... no
  >> 2253     configure: error: no jvmti.h found; check path for JVMTI package 
              first...
     2254     configure: selected timer: TIMER_CYCLE_COUNTER
     2255     configure: global timer: no
     2256     checking papi.h usability... yes
     2257     checking papi.h presence... yes
     2258     checking for papi.h... yes
     2259     checking whether linking with -lpapi works... yes

     ...

     2278     checking whether linking with -ldl works... yes
     2279     checking whether RTLD_DEFAULT is declared... (cached) yes
     2280     checking whether RTLD_NEXT is declared... (cached) yes
     2281     checking ctool/ctool.h usability... no
     2282     checking ctool/ctool.h presence... no
     2283     checking for ctool/ctool.h... no
  >> 2284     configure: error: no ctool/ctool.h found; check path for CTool pa
              ckage first...
     2285     checking for LIBC's pathname... /lib64/libc.so.6
     2286     checking for fork... yes
     2287     checking for execl... yes
     2288     checking for execle... yes
     2289     checking for execlp... yes
     2290     checking for execv... yes

     ...

     14451    
     14452       12 |   call MPI_Waitsome(incount, array_of_requests, outcount,
               array_of_indices, array_of_statuses, ierr)
     14453          |                                                          
                                2
     14454    ......
     14455       26 |   call MPI_Waitsome(incount, array_of_requests, outcount,
               array_of_indices, array_of_statuses, ierr)
     14456          |                                                          
                                1
  >> 14457    Error: Type mismatch between actual argument at (1) and actual ar
              gument at (2) (REAL(8)/INTEGER(4)).
     14458    mpi_waitall_f90.f90:18:45:
     14459    
     14460        8 |   call MPI_Waitall(count, array_of_requests, array_of_sta
              tuses, ierr)
     14461          |                                             2
     14462    ......
     14463       18 |   call MPI_Waitall(count, array_of_requests, array_of_sta
              tuses, ierr)
     14464          |                                             1
  >> 14465    Error: Type mismatch between actual argument at (1) and actual ar
              gument at (2) (REAL(8)/INTEGER(4)).
     14466    mpi_comm_spawn_multiple_f90.f90:36:57:
     14467    
     14468       16 |   call MPI_Comm_spawn_multiple(count, array_of_commands, 
              array_of_argv, &
     14469          |                                                         2
     14470    ......
     14471       36 |   call MPI_Comm_spawn_multiple(count, array_of_commands, 
              array_of_argv, &
     14472          |                                                         1
  >> 14473    Error: Type mismatch between actual argument at (1) and actual ar
              gument at (2) (REAL(8)/CHARACTER(*)).
  >> 14474    make[4]: *** [mpi_waitsome_f90.lo] Error 1
     14475    make[4]: *** Waiting for unfinished jobs....
  >> 14476    make[4]: *** [mpi_waitall_f90.lo] Error 1
  >> 14477    make[4]: *** [mpi_comm_spawn_multiple_f90.lo] Error 1
     14478    mpi_testall_f90.f90:22:51:
     14479    
     14480       10 |   call MPI_Testall(count, array_of_requests, flag, array_
              of_statuses, ierr)
     14481          |                                                   2
     14482    ......
     14483       22 |   call MPI_Testall(count, array_of_requests, flag, array_
              of_statuses, ierr)
     14484          |                                                   1
  >> 14485    Error: Type mismatch between actual argument at (1) and actual ar
              gument at (2) (REAL(8)/INTEGER(4)).
     14486    mpi_testsome_f90.f90:26:76:
     14487    
     14488       12 |   call MPI_Testsome(incount, array_of_requests, outcount,
               array_of_indices, array_of_statuses, ierr)
     14489          |                                                          
                                2
     14490    ......
     14491       26 |   call MPI_Testsome(incount, array_of_requests, outcount,
               array_of_indices, array_of_statuses, ierr)
     14492          |                                                          
                                1
  >> 14493    Error: Type mismatch between actual argument at (1) and actual ar
              gument at (2) (REAL(8)/INTEGER(4)).
  >> 14494    make[4]: *** [mpi_testall_f90.lo] Error 1
  >> 14495    make[4]: *** [mpi_testsome_f90.lo] Error 1
     14496    libtool: compile:  /p/vast1/build/spack/lib/spack/env/gcc/gfortra
              n -I../../../ompi/include -I/var/tmp/sochat1/spack-stage/spack-st
              age-openmpi-1.5.3-ebbqck5knmrci4326dmgtiw3rhu6eywd/spack-src/ompi
              /include -I. -I/var/tmp/sochat1/spack-stage/spack-stage-openmpi-1
              .5.3-ebbqck5knmrci4326dmgtiw3rhu6eywd/spack-src/ompi/mpi/f90 -I..
              /../../ompi/mpi/f90 -c mpi_wtick_f90.f90 -o mpi_wtick_f90.o >/dev
              /null 2>&1
     14497    libtool: compile:  /p/vast1/build/spack/lib/spack/env/gcc/gfortra
              n -I../../../ompi/include -I/var/tmp/sochat1/spack-stage/spack-st
              age-openmpi-1.5.3-ebbqck5knmrci4326dmgtiw3rhu6eywd/spack-src/ompi
              /include -I. -I/var/tmp/sochat1/spack-stage/spack-stage-openmpi-1
              .5.3-ebbqck5knmrci4326dmgtiw3rhu6eywd/spack-src/ompi/mpi/f90 -I..
              /../../ompi/mpi/f90 -c mpi_wtime_f90.f90 -o mpi_wtime_f90.o >/dev
              /null 2>&1
     14498    libtool: compile:  /p/vast1/build/spack/lib/spack/env/gcc/gfortra
              n -I../../../ompi/include -I/var/tmp/sochat1/spack-stage/spack-st
              age-openmpi-1.5.3-ebbqck5knmrci4326dmgtiw3rhu6eywd/spack-src/ompi
              /include -I. -I/var/tmp/sochat1/spack-stage/spack-stage-openmpi-1
              .5.3-ebbqck5knmrci4326dmgtiw3rhu6eywd/spack-src/ompi/mpi/f90 -I..
              /../../ompi/mpi/f90 -c mpi_sizeof.f90 -o mpi_sizeof.o >/dev/null 
              2>&1
     14499    libtool: compile:  /p/vast1/build/spack/lib/spack/env/gcc/gfortra
              n -I../../../ompi/include -I/var/tmp/sochat1/spack-stage/spack-st
              age-openmpi-1.5.3-ebbqck5knmrci4326dmgtiw3rhu6eywd/spack-src/ompi
              /include -I. -I/var/tmp/sochat1/spack-stage/spack-stage-openmpi-1
              .5.3-ebbqck5knmrci4326dmgtiw3rhu6eywd/spack-src/ompi/mpi/f90 -I..
              /../../ompi/mpi/f90 -c mpi.f90 -o mpi.o >/dev/null 2>&1
     14500    make[4]: Leaving directory `/tmp/sochat1/spack-stage/spack-stage-
              openmpi-1.5.3-ebbqck5knmrci4326dmgtiw3rhu6eywd/spack-src/ompi/mpi
              /f90'
  >> 14501    make[3]: *** [all-recursive] Error 1
     14502    make[3]: Leaving directory `/tmp/sochat1/spack-stage/spack-stage-
              openmpi-1.5.3-ebbqck5knmrci4326dmgtiw3rhu6eywd/spack-src/ompi/mpi
              /f90'
  >> 14503    make[2]: *** [all] Error 2
     14504    make[2]: Leaving directory `/tmp/sochat1/spack-stage/spack-stage-
              openmpi-1.5.3-ebbqck5knmrci4326dmgtiw3rhu6eywd/spack-src/ompi/mpi
              /f90'
  >> 14505    make[1]: *** [all-recursive] Error 1
     14506    make[1]: Leaving directory `/tmp/sochat1/spack-stage/spack-stage-
              openmpi-1.5.3-ebbqck5knmrci4326dmgtiw3rhu6eywd/spack-src/ompi'
  >> 14507    make: *** [all-recursive] Error 1

See build log for details:
  /var/tmp/sochat1/spack-stage/spack-stage-openmpi-1.5.3-ebbqck5knmrci4326dmgtiw3rhu6eywd/spack-build-out.txt

Making predictions for spack-test
Making predictions for symbolator
Making predictions for libabigail
abicompat not found on path, will look for spack instead.
Making predictions for actual
