==> Error: ProcessError: Command exited with status 1:
    '/var/tmp/sochat1/spack-stage/spack-stage-openmpi-1.1.1-tqd4e4p5nxeecwucwy3qjhwfphyp6vao/spack-src/configure' '--prefix=/p/vast1/build/spack/opt/spack/linux-rhel7-broadwell/gcc-10.2.1/openmpi-1.1.1-tqd4e4p5nxeecwucwy3qjhwfphyp6vao' '--enable-shared' '--disable-silent-rules' '--disable-builtin-atomics' '--enable-static' '--without-pmi' '--without-libfabric' '--without-fca' '--without-knem' '--without-psm' '--without-hcoll' '--without-ucx' '--without-openib' '--without-xpmem' '--without-mxm' '--without-psm2' '--without-cma' '--without-alps' '--without-slurm' '--without-lsf' '--without-tm' '--without-sge' '--without-loadleveler' '--disable-memchecker' '--with-gpfs' '--without-sqlite3' '--disable-wrapper-rpath' '--disable-mpi-cxx' '--disable-cxx-exceptions'

7 errors found in build log:
     2       ==> openmpi: Executing phase: 'configure'
     3       ==> [2022-02-25-18:35:55.837672] '/var/tmp/sochat1/spack-stage/spa
             ck-stage-openmpi-1.1.1-tqd4e4p5nxeecwucwy3qjhwfphyp6vao/spack-src/
             configure' '--prefix=/p/vast1/build/spack/opt/spack/linux-rhel7-br
             oadwell/gcc-10.2.1/openmpi-1.1.1-tqd4e4p5nxeecwucwy3qjhwfphyp6vao'
              '--enable-shared' '--disable-silent-rules' '--disable-builtin-ato
             mics' '--enable-static' '--without-pmi' '--without-libfabric' '--w
             ithout-fca' '--without-knem' '--without-psm' '--without-hcoll' '--
             without-ucx' '--without-openib' '--without-xpmem' '--without-mxm' 
             '--without-psm2' '--without-cma' '--without-alps' '--without-slurm
             ' '--without-lsf' '--without-tm' '--without-sge' '--without-loadle
             veler' '--disable-memchecker' '--with-gpfs' '--without-sqlite3' '-
             -disable-wrapper-rpath' '--disable-mpi-cxx' '--disable-cxx-excepti
             ons'
     4       checking for a BSD-compatible install... /usr/bin/install -c
     5       checking whether build environment is sane... yes
     6       checking for gawk... gawk
     7       checking whether make sets $(MAKE)... yes
  >> 8       configure: error: source directory already configured; run "make d
             istclean" there first
     9       ==> openmpi: Executing phase: 'build'
     10      ==> [2022-02-25-17:08:33.069329] 'make' '-j2' 'V=1'
     11      Making all in config
     12      make[1]: Entering directory `/tmp/sochat1/spack-stage/spack-stage-
             openmpi-1.1.1-tqd4e4p5nxeecwucwy3qjhwfphyp6vao/spack-src/config'
     13      make[1]: Nothing to be done for `all'.
     14      make[1]: Leaving directory `/tmp/sochat1/spack-stage/spack-stage-o
             penmpi-1.1.1-tqd4e4p5nxeecwucwy3qjhwfphyp6vao/spack-src/config'

     ...

     8306    
     8307       16 |   call MPI_Comm_spawn_multiple(count, array_of_commands, a
             rray_of_argv, &
     8308          |                                                         2
     8309    ......
     8310       36 |   call MPI_Comm_spawn_multiple(count, array_of_commands, a
             rray_of_argv, &
     8311          |                                                         1
  >> 8312    Error: Type mismatch between actual argument at (1) and actual arg
             ument at (2) (REAL(8)/CHARACTER(*)).
  >> 8313    make[4]: *** [mpi_comm_spawn_multiple_f90.o] Error 1
     8314    make[4]: *** Waiting for unfinished jobs....
     8315    make[4]: Leaving directory `/tmp/sochat1/spack-stage/spack-stage-o
             penmpi-1.1.1-tqd4e4p5nxeecwucwy3qjhwfphyp6vao/spack-src/ompi/mpi/f
             90'
  >> 8316    make[3]: *** [all-recursive] Error 1
     8317    make[3]: Leaving directory `/tmp/sochat1/spack-stage/spack-stage-o
             penmpi-1.1.1-tqd4e4p5nxeecwucwy3qjhwfphyp6vao/spack-src/ompi/mpi/f
             90'
  >> 8318    make[2]: *** [all-recursive] Error 1
     8319    make[2]: Leaving directory `/tmp/sochat1/spack-stage/spack-stage-o
             penmpi-1.1.1-tqd4e4p5nxeecwucwy3qjhwfphyp6vao/spack-src/ompi/mpi'
  >> 8320    make[1]: *** [all-recursive] Error 1
     8321    make[1]: Leaving directory `/tmp/sochat1/spack-stage/spack-stage-o
             penmpi-1.1.1-tqd4e4p5nxeecwucwy3qjhwfphyp6vao/spack-src/ompi'
  >> 8322    make: *** [all-recursive] Error 1

See build log for details:
  /var/tmp/sochat1/spack-stage/spack-stage-openmpi-1.1.1-tqd4e4p5nxeecwucwy3qjhwfphyp6vao/spack-build-out.txt

Making predictions for symbolator
Making predictions for libabigail
Making predictions for actual
==> Error: ProcessError: Command exited with status 2:
    'make' '-j16' 'V=1'

14 errors found in build log:
     10271    
     10272       10 |   call MPI_Testall(count, array_of_requests, flag, array_
              of_statuses, ierr)
     10273          |                                                   2
     10274    ......
     10275       22 |   call MPI_Testall(count, array_of_requests, flag, array_
              of_statuses, ierr)
     10276          |                                                   1
  >> 10277    Error: Type mismatch between actual argument at (1) and actual ar
              gument at (2) (REAL(8)/INTEGER(4)).
     10278    mpi_comm_spawn_multiple_f90.f90:36:57:
     10279    
     10280       16 |   call MPI_Comm_spawn_multiple(count, array_of_commands, 
              array_of_argv, &
     10281          |                                                         2
     10282    ......
     10283       36 |   call MPI_Comm_spawn_multiple(count, array_of_commands, 
              array_of_argv, &
     10284          |                                                         1
  >> 10285    Error: Type mismatch between actual argument at (1) and actual ar
              gument at (2) (REAL(8)/CHARACTER(*)).
     10286    mpi_testsome_f90.f90:26:76:
     10287    
     10288       12 |   call MPI_Testsome(incount, array_of_requests, outcount,
               array_of_indices, array_of_statuses, ierr)
     10289          |                                                          
                                2
     10290    ......
     10291       26 |   call MPI_Testsome(incount, array_of_requests, outcount,
               array_of_indices, array_of_statuses, ierr)
     10292          |                                                          
                                1
  >> 10293    Error: Type mismatch between actual argument at (1) and actual ar
              gument at (2) (REAL(8)/INTEGER(4)).
     10294    mpi_waitall_f90.f90:18:45:
     10295    
     10296        8 |   call MPI_Waitall(count, array_of_requests, array_of_sta
              tuses, ierr)
     10297          |                                             2
     10298    ......
     10299       18 |   call MPI_Waitall(count, array_of_requests, array_of_sta
              tuses, ierr)
     10300          |                                             1
  >> 10301    Error: Type mismatch between actual argument at (1) and actual ar
              gument at (2) (REAL(8)/INTEGER(4)).
  >> 10302    make[4]: *** [mpi_testall_f90.o] Error 1
     10303    make[4]: *** Waiting for unfinished jobs....
  >> 10304    make[4]: *** [mpi_comm_spawn_multiple_f90.o] Error 1
  >> 10305    make[4]: *** [mpi_testsome_f90.o] Error 1
  >> 10306    make[4]: *** [mpi_waitall_f90.o] Error 1
     10307    mpi_waitsome_f90.f90:26:76:
     10308    
     10309       12 |   call MPI_Waitsome(incount, array_of_requests, outcount,
               array_of_indices, array_of_statuses, ierr)
     10310          |                                                          
                                2
     10311    ......
     10312       26 |   call MPI_Waitsome(incount, array_of_requests, outcount,
               array_of_indices, array_of_statuses, ierr)
     10313          |                                                          
                                1
  >> 10314    Error: Type mismatch between actual argument at (1) and actual ar
              gument at (2) (REAL(8)/INTEGER(4)).
  >> 10315    make[4]: *** [mpi_waitsome_f90.o] Error 1
     10316    make[4]: Leaving directory `/tmp/sochat1/spack-stage/spack-stage-
              openmpi-1.1.1-tqd4e4p5nxeecwucwy3qjhwfphyp6vao/spack-src/ompi/mpi
              /f90'
  >> 10317    make[3]: *** [all-recursive] Error 1
     10318    make[3]: Leaving directory `/tmp/sochat1/spack-stage/spack-stage-
              openmpi-1.1.1-tqd4e4p5nxeecwucwy3qjhwfphyp6vao/spack-src/ompi/mpi
              /f90'
  >> 10319    make[2]: *** [all-recursive] Error 1
     10320    make[2]: Leaving directory `/tmp/sochat1/spack-stage/spack-stage-
              openmpi-1.1.1-tqd4e4p5nxeecwucwy3qjhwfphyp6vao/spack-src/ompi/mpi
              '
  >> 10321    make[1]: *** [all-recursive] Error 1
     10322    make[1]: Leaving directory `/tmp/sochat1/spack-stage/spack-stage-
              openmpi-1.1.1-tqd4e4p5nxeecwucwy3qjhwfphyp6vao/spack-src/ompi'
  >> 10323    make: *** [all-recursive] Error 1

See build log for details:
  /var/tmp/sochat1/spack-stage/spack-stage-openmpi-1.1.1-tqd4e4p5nxeecwucwy3qjhwfphyp6vao/spack-build-out.txt

Making predictions for spack-test
Making predictions for symbolator
Making predictions for libabigail
abicompat not found on path, will look for spack instead.
Making predictions for actual
