==> Error: ProcessError: Command exited with status 2:
    'make' '-j2' 'V=1'

9 errors found in build log:
     10433    
     10434       16 |   call MPI_Comm_spawn_multiple(count, array_of_commands, 
              array_of_argv, &
     10435          |                                                         2
     10436    ......
     10437       36 |   call MPI_Comm_spawn_multiple(count, array_of_commands, 
              array_of_argv, &
     10438          |                                                         1
  >> 10439    Error: Type mismatch between actual argument at (1) and actual ar
              gument at (2) (REAL(8)/CHARACTER(*)).
  >> 10440    make[5]: *** [mpi_comm_spawn_multiple_f90.lo] Error 1
     10441    make[5]: *** Waiting for unfinished jobs....
     10442    libtool: compile:  /p/vast1/build/spack/lib/spack/env/gcc/gfortra
              n -I../../../ompi/include -I/var/tmp/sochat1/spack-stage/spack-st
              age-openmpi-1.2.2-ogeswioh6hklj2z4cabpbsx5fg47kvhi/spack-src/ompi
              /include -I. -I/var/tmp/sochat1/spack-stage/spack-stage-openmpi-1
              .2.2-ogeswioh6hklj2z4cabpbsx5fg47kvhi/spack-src/ompi/mpi/f90 -I..
              /../../ompi/mpi/f90 -c mpi_testall_f90.f90  -fPIC -o .libs/mpi_te
              stall_f90.o
     10443    mpi_testall_f90.f90:22:51:
     10444    
     10445       10 |   call MPI_Testall(count, array_of_requests, flag, array_
              of_statuses, ierr)
     10446          |                                                   2
     10447    ......
     10448       22 |   call MPI_Testall(count, array_of_requests, flag, array_
              of_statuses, ierr)
     10449          |                                                   1
  >> 10450    Error: Type mismatch between actual argument at (1) and actual ar
              gument at (2) (REAL(8)/INTEGER(4)).
  >> 10451    make[5]: *** [mpi_testall_f90.lo] Error 1
     10452    make[5]: Leaving directory `/tmp/sochat1/spack-stage/spack-stage-
              openmpi-1.2.2-ogeswioh6hklj2z4cabpbsx5fg47kvhi/spack-src/ompi/mpi
              /f90'
  >> 10453    make[4]: *** [all-recursive] Error 1
     10454    make[4]: Leaving directory `/tmp/sochat1/spack-stage/spack-stage-
              openmpi-1.2.2-ogeswioh6hklj2z4cabpbsx5fg47kvhi/spack-src/ompi/mpi
              /f90'
  >> 10455    make[3]: *** [all] Error 2
     10456    make[3]: Leaving directory `/tmp/sochat1/spack-stage/spack-stage-
              openmpi-1.2.2-ogeswioh6hklj2z4cabpbsx5fg47kvhi/spack-src/ompi/mpi
              /f90'
  >> 10457    make[2]: *** [all-recursive] Error 1
     10458    make[2]: Leaving directory `/tmp/sochat1/spack-stage/spack-stage-
              openmpi-1.2.2-ogeswioh6hklj2z4cabpbsx5fg47kvhi/spack-src/ompi/mpi
              '
  >> 10459    make[1]: *** [all-recursive] Error 1
     10460    make[1]: Leaving directory `/tmp/sochat1/spack-stage/spack-stage-
              openmpi-1.2.2-ogeswioh6hklj2z4cabpbsx5fg47kvhi/spack-src/ompi'
  >> 10461    make: *** [all-recursive] Error 1

See build log for details:
  /var/tmp/sochat1/spack-stage/spack-stage-openmpi-1.2.2-ogeswioh6hklj2z4cabpbsx5fg47kvhi/spack-build-out.txt

Making predictions for symbolator
Making predictions for libabigail
Making predictions for actual
slurmstepd: error: *** JOB 100714 ON oslic10 CANCELLED AT 2022-03-01T15:28:10 ***
==> Error: ProcessError: Command exited with status 2:
    'make' '-j16' 'V=1'

13 errors found in build log:
     10440    
     10441       16 |   call MPI_Comm_spawn_multiple(count, array_of_commands, 
              array_of_argv, &
     10442          |                                                         2
     10443    ......
     10444       36 |   call MPI_Comm_spawn_multiple(count, array_of_commands, 
              array_of_argv, &
     10445          |                                                         1
  >> 10446    Error: Type mismatch between actual argument at (1) and actual ar
              gument at (2) (REAL(8)/CHARACTER(*)).
     10447    mpi_testall_f90.f90:22:51:
     10448    
     10449       10 |   call MPI_Testall(count, array_of_requests, flag, array_
              of_statuses, ierr)
     10450          |                                                   2
     10451    ......
     10452       22 |   call MPI_Testall(count, array_of_requests, flag, array_
              of_statuses, ierr)
     10453          |                                                   1
  >> 10454    Error: Type mismatch between actual argument at (1) and actual ar
              gument at (2) (REAL(8)/INTEGER(4)).
  >> 10455    make[5]: *** [mpi_comm_spawn_multiple_f90.lo] Error 1
     10456    make[5]: *** Waiting for unfinished jobs....
     10457    mpi_waitall_f90.f90:18:45:
     10458    
     10459        8 |   call MPI_Waitall(count, array_of_requests, array_of_sta
              tuses, ierr)
     10460          |                                             2
     10461    ......
     10462       18 |   call MPI_Waitall(count, array_of_requests, array_of_sta
              tuses, ierr)
     10463          |                                             1
  >> 10464    Error: Type mismatch between actual argument at (1) and actual ar
              gument at (2) (REAL(8)/INTEGER(4)).
     10465    mpi_waitsome_f90.f90:26:76:
     10466    
     10467       12 |   call MPI_Waitsome(incount, array_of_requests, outcount,
               array_of_indices, array_of_statuses, ierr)
     10468          |                                                          
                                2
     10469    ......
     10470       26 |   call MPI_Waitsome(incount, array_of_requests, outcount,
               array_of_indices, array_of_statuses, ierr)
     10471          |                                                          
                                1
  >> 10472    Error: Type mismatch between actual argument at (1) and actual ar
              gument at (2) (REAL(8)/INTEGER(4)).
  >> 10473    make[5]: *** [mpi_testall_f90.lo] Error 1
  >> 10474    make[5]: *** [mpi_waitall_f90.lo] Error 1
  >> 10475    make[5]: *** [mpi_waitsome_f90.lo] Error 1
     10476    libtool: compile:  /p/vast1/build/spack/lib/spack/env/gcc/gfortra
              n -I../../../ompi/include -I/var/tmp/sochat1/spack-stage/spack-st
              age-openmpi-1.2.2-ogeswioh6hklj2z4cabpbsx5fg47kvhi/spack-src/ompi
              /include -I. -I/var/tmp/sochat1/spack-stage/spack-stage-openmpi-1
              .2.2-ogeswioh6hklj2z4cabpbsx5fg47kvhi/spack-src/ompi/mpi/f90 -I..
              /../../ompi/mpi/f90 -c mpi_wtick_f90.f90 -o mpi_wtick_f90.o >/dev
              /null 2>&1
     10477    libtool: compile:  /p/vast1/build/spack/lib/spack/env/gcc/gfortra
              n -I../../../ompi/include -I/var/tmp/sochat1/spack-stage/spack-st
              age-openmpi-1.2.2-ogeswioh6hklj2z4cabpbsx5fg47kvhi/spack-src/ompi
              /include -I. -I/var/tmp/sochat1/spack-stage/spack-stage-openmpi-1
              .2.2-ogeswioh6hklj2z4cabpbsx5fg47kvhi/spack-src/ompi/mpi/f90 -I..
              /../../ompi/mpi/f90 -c mpi_wtime_f90.f90 -o mpi_wtime_f90.o >/dev
              /null 2>&1
     10478    libtool: compile:  /p/vast1/build/spack/lib/spack/env/gcc/gfortra
              n -I../../../ompi/include -I/var/tmp/sochat1/spack-stage/spack-st
              age-openmpi-1.2.2-ogeswioh6hklj2z4cabpbsx5fg47kvhi/spack-src/ompi
              /include -I. -I/var/tmp/sochat1/spack-stage/spack-stage-openmpi-1
              .2.2-ogeswioh6hklj2z4cabpbsx5fg47kvhi/spack-src/ompi/mpi/f90 -I..
              /../../ompi/mpi/f90 -c mpi_sizeof.f90 -o mpi_sizeof.o >/dev/null 
              2>&1
     10479    libtool: compile:  /p/vast1/build/spack/lib/spack/env/gcc/gfortra
              n -I../../../ompi/include -I/var/tmp/sochat1/spack-stage/spack-st
              age-openmpi-1.2.2-ogeswioh6hklj2z4cabpbsx5fg47kvhi/spack-src/ompi
              /include -I. -I/var/tmp/sochat1/spack-stage/spack-stage-openmpi-1
              .2.2-ogeswioh6hklj2z4cabpbsx5fg47kvhi/spack-src/ompi/mpi/f90 -I..
              /../../ompi/mpi/f90 -c mpi.f90 -o mpi.o >/dev/null 2>&1
     10480    make[5]: Leaving directory `/tmp/sochat1/spack-stage/spack-stage-
              openmpi-1.2.2-ogeswioh6hklj2z4cabpbsx5fg47kvhi/spack-src/ompi/mpi
              /f90'
  >> 10481    make[4]: *** [all-recursive] Error 1
     10482    make[4]: Leaving directory `/tmp/sochat1/spack-stage/spack-stage-
              openmpi-1.2.2-ogeswioh6hklj2z4cabpbsx5fg47kvhi/spack-src/ompi/mpi
              /f90'
  >> 10483    make[3]: *** [all] Error 2
     10484    make[3]: Leaving directory `/tmp/sochat1/spack-stage/spack-stage-
              openmpi-1.2.2-ogeswioh6hklj2z4cabpbsx5fg47kvhi/spack-src/ompi/mpi
              /f90'
  >> 10485    make[2]: *** [all-recursive] Error 1
     10486    make[2]: Leaving directory `/tmp/sochat1/spack-stage/spack-stage-
              openmpi-1.2.2-ogeswioh6hklj2z4cabpbsx5fg47kvhi/spack-src/ompi/mpi
              '
  >> 10487    make[1]: *** [all-recursive] Error 1
     10488    make[1]: Leaving directory `/tmp/sochat1/spack-stage/spack-stage-
              openmpi-1.2.2-ogeswioh6hklj2z4cabpbsx5fg47kvhi/spack-src/ompi'
  >> 10489    make: *** [all-recursive] Error 1

See build log for details:
  /var/tmp/sochat1/spack-stage/spack-stage-openmpi-1.2.2-ogeswioh6hklj2z4cabpbsx5fg47kvhi/spack-build-out.txt

Making predictions for spack-test
Making predictions for symbolator
Making predictions for libabigail
abicompat not found on path, will look for spack instead.
Making predictions for actual
