==> Error: ProcessError: Command exited with status 1:
    '/var/tmp/sochat1/spack-stage/spack-stage-openmpi-1.1.2-ic7xg6cifqabojywi6hdjoymew3s4b42/spack-src/configure' '--prefix=/p/vast1/build/spack/opt/spack/linux-rhel7-broadwell/gcc-10.2.1/openmpi-1.1.2-ic7xg6cifqabojywi6hdjoymew3s4b42' '--enable-shared' '--disable-silent-rules' '--disable-builtin-atomics' '--enable-static' '--without-pmi' '--without-psm2' '--without-openib' '--without-knem' '--without-psm' '--without-fca' '--without-hcoll' '--without-ucx' '--without-mxm' '--without-xpmem' '--without-libfabric' '--without-cma' '--without-alps' '--without-lsf' '--without-sge' '--without-loadleveler' '--without-slurm' '--without-tm' '--disable-memchecker' '--with-gpfs' '--without-sqlite3' '--disable-wrapper-rpath' '--disable-mpi-cxx' '--disable-cxx-exceptions'

7 errors found in build log:
     2       ==> openmpi: Executing phase: 'configure'
     3       ==> [2022-02-25-18:27:53.482274] '/var/tmp/sochat1/spack-stage/spa
             ck-stage-openmpi-1.1.2-ic7xg6cifqabojywi6hdjoymew3s4b42/spack-src/
             configure' '--prefix=/p/vast1/build/spack/opt/spack/linux-rhel7-br
             oadwell/gcc-10.2.1/openmpi-1.1.2-ic7xg6cifqabojywi6hdjoymew3s4b42'
              '--enable-shared' '--disable-silent-rules' '--disable-builtin-ato
             mics' '--enable-static' '--without-pmi' '--without-psm2' '--withou
             t-openib' '--without-knem' '--without-psm' '--without-fca' '--with
             out-hcoll' '--without-ucx' '--without-mxm' '--without-xpmem' '--wi
             thout-libfabric' '--without-cma' '--without-alps' '--without-lsf' 
             '--without-sge' '--without-loadleveler' '--without-slurm' '--witho
             ut-tm' '--disable-memchecker' '--with-gpfs' '--without-sqlite3' '-
             -disable-wrapper-rpath' '--disable-mpi-cxx' '--disable-cxx-excepti
             ons'
     4       checking for a BSD-compatible install... /usr/bin/install -c
     5       checking whether build environment is sane... yes
     6       checking for gawk... gawk
     7       checking whether make sets $(MAKE)... yes
  >> 8       configure: error: source directory already configured; run "make d
             istclean" there first
     9       ==> openmpi: Executing phase: 'build'
     10      ==> [2022-02-25-17:16:34.280103] 'make' '-j2' 'V=1'
     11      Making all in config
     12      make[1]: Entering directory `/tmp/sochat1/spack-stage/spack-stage-
             openmpi-1.1.2-ic7xg6cifqabojywi6hdjoymew3s4b42/spack-src/config'
     13      make[1]: Nothing to be done for `all'.
     14      make[1]: Leaving directory `/tmp/sochat1/spack-stage/spack-stage-o
             penmpi-1.1.2-ic7xg6cifqabojywi6hdjoymew3s4b42/spack-src/config'

     ...

     8320    
     8321       16 |   call MPI_Comm_spawn_multiple(count, array_of_commands, a
             rray_of_argv, &
     8322          |                                                         2
     8323    ......
     8324       36 |   call MPI_Comm_spawn_multiple(count, array_of_commands, a
             rray_of_argv, &
     8325          |                                                         1
  >> 8326    Error: Type mismatch between actual argument at (1) and actual arg
             ument at (2) (REAL(8)/CHARACTER(*)).
  >> 8327    make[4]: *** [mpi_comm_spawn_multiple_f90.o] Error 1
     8328    make[4]: *** Waiting for unfinished jobs....
     8329    make[4]: Leaving directory `/tmp/sochat1/spack-stage/spack-stage-o
             penmpi-1.1.2-ic7xg6cifqabojywi6hdjoymew3s4b42/spack-src/ompi/mpi/f
             90'
  >> 8330    make[3]: *** [all-recursive] Error 1
     8331    make[3]: Leaving directory `/tmp/sochat1/spack-stage/spack-stage-o
             penmpi-1.1.2-ic7xg6cifqabojywi6hdjoymew3s4b42/spack-src/ompi/mpi/f
             90'
  >> 8332    make[2]: *** [all-recursive] Error 1
     8333    make[2]: Leaving directory `/tmp/sochat1/spack-stage/spack-stage-o
             penmpi-1.1.2-ic7xg6cifqabojywi6hdjoymew3s4b42/spack-src/ompi/mpi'
  >> 8334    make[1]: *** [all-recursive] Error 1
     8335    make[1]: Leaving directory `/tmp/sochat1/spack-stage/spack-stage-o
             penmpi-1.1.2-ic7xg6cifqabojywi6hdjoymew3s4b42/spack-src/ompi'
  >> 8336    make: *** [all-recursive] Error 1

See build log for details:
  /var/tmp/sochat1/spack-stage/spack-stage-openmpi-1.1.2-ic7xg6cifqabojywi6hdjoymew3s4b42/spack-build-out.txt

Making predictions for symbolator
Making predictions for libabigail
Making predictions for actual
==> Error: ProcessError: Command exited with status 2:
    'make' '-j16' 'V=1'

14 errors found in build log:
     10277    
     10278       10 |   call MPI_Testall(count, array_of_requests, flag, array_
              of_statuses, ierr)
     10279          |                                                   2
     10280    ......
     10281       22 |   call MPI_Testall(count, array_of_requests, flag, array_
              of_statuses, ierr)
     10282          |                                                   1
  >> 10283    Error: Type mismatch between actual argument at (1) and actual ar
              gument at (2) (REAL(8)/INTEGER(4)).
     10284    mpi_comm_spawn_multiple_f90.f90:36:57:
     10285    
     10286       16 |   call MPI_Comm_spawn_multiple(count, array_of_commands, 
              array_of_argv, &
     10287          |                                                         2
     10288    ......
     10289       36 |   call MPI_Comm_spawn_multiple(count, array_of_commands, 
              array_of_argv, &
     10290          |                                                         1
  >> 10291    Error: Type mismatch between actual argument at (1) and actual ar
              gument at (2) (REAL(8)/CHARACTER(*)).
     10292    mpi_waitall_f90.f90:18:45:
     10293    
     10294        8 |   call MPI_Waitall(count, array_of_requests, array_of_sta
              tuses, ierr)
     10295          |                                             2
     10296    ......
     10297       18 |   call MPI_Waitall(count, array_of_requests, array_of_sta
              tuses, ierr)
     10298          |                                             1
  >> 10299    Error: Type mismatch between actual argument at (1) and actual ar
              gument at (2) (REAL(8)/INTEGER(4)).
     10300    mpi_testsome_f90.f90:26:76:
     10301    
     10302       12 |   call MPI_Testsome(incount, array_of_requests, outcount,
               array_of_indices, array_of_statuses, ierr)
     10303          |                                                          
                                2
     10304    ......
     10305       26 |   call MPI_Testsome(incount, array_of_requests, outcount,
               array_of_indices, array_of_statuses, ierr)
     10306          |                                                          
                                1
  >> 10307    Error: Type mismatch between actual argument at (1) and actual ar
              gument at (2) (REAL(8)/INTEGER(4)).
  >> 10308    make[4]: *** [mpi_testall_f90.o] Error 1
     10309    make[4]: *** Waiting for unfinished jobs....
  >> 10310    make[4]: *** [mpi_comm_spawn_multiple_f90.o] Error 1
     10311    mpi_waitsome_f90.f90:26:76:
     10312    
     10313       12 |   call MPI_Waitsome(incount, array_of_requests, outcount,
               array_of_indices, array_of_statuses, ierr)
     10314          |                                                          
                                2
     10315    ......
     10316       26 |   call MPI_Waitsome(incount, array_of_requests, outcount,
               array_of_indices, array_of_statuses, ierr)
     10317          |                                                          
                                1
  >> 10318    Error: Type mismatch between actual argument at (1) and actual ar
              gument at (2) (REAL(8)/INTEGER(4)).
  >> 10319    make[4]: *** [mpi_waitall_f90.o] Error 1
  >> 10320    make[4]: *** [mpi_testsome_f90.o] Error 1
  >> 10321    make[4]: *** [mpi_waitsome_f90.o] Error 1
     10322    make[4]: Leaving directory `/tmp/sochat1/spack-stage/spack-stage-
              openmpi-1.1.2-ic7xg6cifqabojywi6hdjoymew3s4b42/spack-src/ompi/mpi
              /f90'
  >> 10323    make[3]: *** [all-recursive] Error 1
     10324    make[3]: Leaving directory `/tmp/sochat1/spack-stage/spack-stage-
              openmpi-1.1.2-ic7xg6cifqabojywi6hdjoymew3s4b42/spack-src/ompi/mpi
              /f90'
  >> 10325    make[2]: *** [all-recursive] Error 1
     10326    make[2]: Leaving directory `/tmp/sochat1/spack-stage/spack-stage-
              openmpi-1.1.2-ic7xg6cifqabojywi6hdjoymew3s4b42/spack-src/ompi/mpi
              '
  >> 10327    make[1]: *** [all-recursive] Error 1
     10328    make[1]: Leaving directory `/tmp/sochat1/spack-stage/spack-stage-
              openmpi-1.1.2-ic7xg6cifqabojywi6hdjoymew3s4b42/spack-src/ompi'
  >> 10329    make: *** [all-recursive] Error 1

See build log for details:
  /var/tmp/sochat1/spack-stage/spack-stage-openmpi-1.1.2-ic7xg6cifqabojywi6hdjoymew3s4b42/spack-build-out.txt

Making predictions for spack-test
Making predictions for symbolator
Making predictions for libabigail
abicompat not found on path, will look for spack instead.
Making predictions for actual
