/var/spool/slurmd/job97668/slurm_script: line 12: 36814 Killed                  spliced splice --package openmpi@1.10.6 --splice openssh --runner spack --replace openssh --experiment experiment --outfile /p/vast1/build/spliced-experiment/results/openmpi/1.10.6/openssh/experiment.json
==> Warning: openssh-7.9p1-cehat7jbrnl2rjln3ggidredhodl7syp failed to install
==> Warning: AssertionError exception when releasing read lock for openssh-7.9p1-cehat7jbrnl2rjln3ggidredhodl7syp: 
==> Error: openssh-7.9p1-cehat7jbrnl2rjln3ggidredhodl7syp: Package was not installed
==> Warning: using "openssl@1.0.2u" which is a deprecated version
==> Error: Failed to upgrade to a write lock for openssl-1.0.2u-jg3ilhwnnge5yk5gd46f7izmlwt6izi2 due to LockUpgradeError: Cannot upgrade lock from read to write on file: /p/vast1/build/spack/opt/spack/.spack-db/prefix_lock
==> Warning: AssertionError exception when releasing read lock for openssl-1.0.2u-jg3ilhwnnge5yk5gd46f7izmlwt6izi2: 
==> Warning: using "openssl@1.0.2u" which is a deprecated version
==> Error: Failed to upgrade to a write lock for openssl-1.0.2u-jg3ilhwnnge5yk5gd46f7izmlwt6izi2 due to LockUpgradeError: Cannot upgrade lock from read to write on file: /p/vast1/build/spack/opt/spack/.spack-db/prefix_lock
==> Warning: AssertionError exception when releasing read lock for openssl-1.0.2u-jg3ilhwnnge5yk5gd46f7izmlwt6izi2: 
==> Warning: using "openssl@1.0.2u" which is a deprecated version
==> Error: Failed to upgrade to a write lock for openssl-1.0.2u-jg3ilhwnnge5yk5gd46f7izmlwt6izi2 due to LockUpgradeError: Cannot upgrade lock from read to write on file: /p/vast1/build/spack/opt/spack/.spack-db/prefix_lock
==> Warning: AssertionError exception when releasing read lock for openssl-1.0.2u-jg3ilhwnnge5yk5gd46f7izmlwt6izi2: 
==> Warning: using "openssl@1.0.2u" which is a deprecated version
==> Error: Failed to upgrade to a write lock for openssl-1.0.2u-jg3ilhwnnge5yk5gd46f7izmlwt6izi2 due to LockUpgradeError: Cannot upgrade lock from read to write on file: /p/vast1/build/spack/opt/spack/.spack-db/prefix_lock
==> Warning: AssertionError exception when releasing read lock for openssl-1.0.2u-jg3ilhwnnge5yk5gd46f7izmlwt6izi2: 
==> Warning: using "openssl@1.0.2u" which is a deprecated version
==> Error: Failed to upgrade to a write lock for openssl-1.0.2u-jg3ilhwnnge5yk5gd46f7izmlwt6izi2 due to LockUpgradeError: Cannot upgrade lock from read to write on file: /p/vast1/build/spack/opt/spack/.spack-db/prefix_lock
==> Warning: AssertionError exception when releasing read lock for openssl-1.0.2u-jg3ilhwnnge5yk5gd46f7izmlwt6izi2: 
==> Warning: using "openssl@1.0.2u" which is a deprecated version
==> Warning: openssl@1.0.2u is deprecated and may be removed in a future Spack release.
==> Error: FetchError: Will not fetch openssl@1.0.2u
    If you are willing to be a maintainer for this version of the package, submit a PR to remove `deprecated=False`, or use `--deprecated` to skip this check.

/p/vast1/build/spack/lib/spack/spack/package.py:1395, in do_fetch:
       1392                        dp_msg))
       1393
       1394            if not ignore_deprecation:
  >>   1395                raise FetchError("Will not fetch {0}".format(
       1396                    self.spec.format('{name}{@version}')), dp_msg)
       1397
       1398        self.stage.create()


==> Warning: Skipping build of openssh-7.1p2-3tbpvr5h7kakt3zusk5rbnp47ewy3kjx since openssl-1.0.2u-jg3ilhwnnge5yk5gd46f7izmlwt6izi2 failed
==> Error: openssh-7.1p2-3tbpvr5h7kakt3zusk5rbnp47ewy3kjx: Package was not installed
==> Warning: using "openssl@1.0.2u" which is a deprecated version
==> Warning: using "openssl@1.0.2u" which is a deprecated version
==> Warning: Unable to remove failure marking for openssl (/p/vast1/build/spack/opt/spack/.spack-db/failures/openssl-voejcgaqa4liu3i7qazmvqwghpfd2d3x): [Errno 2] No such file or directory: '/p/vast1/build/spack/opt/spack/.spack-db/failures/openssl-voejcgaqa4liu3i7qazmvqwghpfd2d3x'
==> Error: Failed to upgrade to a write lock for openssl-1.0.2u-jg3ilhwnnge5yk5gd46f7izmlwt6izi2 due to LockUpgradeError: Cannot upgrade lock from read to write on file: /p/vast1/build/spack/opt/spack/.spack-db/prefix_lock
==> Warning: AssertionError exception when releasing read lock for openssl-1.0.2u-jg3ilhwnnge5yk5gd46f7izmlwt6izi2: 
==> Warning: using "openssl@1.0.2u" which is a deprecated version
==> Warning: openssl-1.0.2u-jg3ilhwnnge5yk5gd46f7izmlwt6izi2 failed to install
==> Warning: Skipping build of openssh-6.8p1-se5qvnkblcigfxk2hbhhv42elsvn75c5 since openssl-1.0.2u-jg3ilhwnnge5yk5gd46f7izmlwt6izi2 failed
==> Warning: AssertionError exception when releasing read lock for openssl-1.0.2u-jg3ilhwnnge5yk5gd46f7izmlwt6izi2: 
==> Error: openssh-6.8p1-se5qvnkblcigfxk2hbhhv42elsvn75c5: Package was not installed
==> Warning: using "openssl@1.0.2u" which is a deprecated version
==> Warning: openssl-1.0.2u-jg3ilhwnnge5yk5gd46f7izmlwt6izi2 failed to install
==> Warning: Skipping build of openssh-6.7p1-hkynbaam3yttwm6xmaz2lkogaov66d3s since openssl-1.0.2u-jg3ilhwnnge5yk5gd46f7izmlwt6izi2 failed
==> Warning: AssertionError exception when releasing read lock for openssl-1.0.2u-jg3ilhwnnge5yk5gd46f7izmlwt6izi2: 
==> Error: openssh-6.7p1-hkynbaam3yttwm6xmaz2lkogaov66d3s: Package was not installed
==> Warning: using "openssl@1.0.2u" which is a deprecated version
==> Error: Failed to upgrade to a write lock for openssl-1.0.2u-jg3ilhwnnge5yk5gd46f7izmlwt6izi2 due to LockUpgradeError: Cannot upgrade lock from read to write on file: /p/vast1/build/spack/opt/spack/.spack-db/prefix_lock
==> Warning: AssertionError exception when releasing read lock for openssl-1.0.2u-jg3ilhwnnge5yk5gd46f7izmlwt6izi2: 
Making predictions for spack-test
Making predictions for symbolator
Making predictions for libabigail
abicompat not found on path, will look for spack instead.
Making predictions for actual
