/var/spool/slurmd/job97727/slurm_script: line 12: 66797 Killed                  spliced splice --package openmpi@1.1.4 --splice openssh --runner spack --replace openssh --experiment experiment --outfile /p/vast1/build/spliced-experiment/results/openmpi/1.1.4/openssh/experiment.json
==> Error: ProcessError: Command exited with status 2:
    'make' '-j16' 'V=1'

14 errors found in build log:
     10293    
     10294       10 |   call MPI_Testall(count, array_of_requests, flag, array_
              of_statuses, ierr)
     10295          |                                                   2
     10296    ......
     10297       22 |   call MPI_Testall(count, array_of_requests, flag, array_
              of_statuses, ierr)
     10298          |                                                   1
  >> 10299    Error: Type mismatch between actual argument at (1) and actual ar
              gument at (2) (REAL(8)/INTEGER(4)).
  >> 10300    make[4]: *** [mpi_testall_f90.o] Error 1
     10301    make[4]: *** Waiting for unfinished jobs....
     10302    mpi_testsome_f90.f90:26:76:
     10303    
     10304       12 |   call MPI_Testsome(incount, array_of_requests, outcount,
               array_of_indices, array_of_statuses, ierr)
     10305          |                                                          
                                2
     10306    ......
     10307       26 |   call MPI_Testsome(incount, array_of_requests, outcount,
               array_of_indices, array_of_statuses, ierr)
     10308          |                                                          
                                1
  >> 10309    Error: Type mismatch between actual argument at (1) and actual ar
              gument at (2) (REAL(8)/INTEGER(4)).
     10310    mpi_comm_spawn_multiple_f90.f90:36:57:
     10311    
     10312       16 |   call MPI_Comm_spawn_multiple(count, array_of_commands, 
              array_of_argv, &
     10313          |                                                         2
     10314    ......
     10315       36 |   call MPI_Comm_spawn_multiple(count, array_of_commands, 
              array_of_argv, &
     10316          |                                                         1
  >> 10317    Error: Type mismatch between actual argument at (1) and actual ar
              gument at (2) (REAL(8)/CHARACTER(*)).
     10318    mpi_waitall_f90.f90:18:45:
     10319    
     10320        8 |   call MPI_Waitall(count, array_of_requests, array_of_sta
              tuses, ierr)
     10321          |                                             2
     10322    ......
     10323       18 |   call MPI_Waitall(count, array_of_requests, array_of_sta
              tuses, ierr)
     10324          |                                             1
  >> 10325    Error: Type mismatch between actual argument at (1) and actual ar
              gument at (2) (REAL(8)/INTEGER(4)).
  >> 10326    make[4]: *** [mpi_testsome_f90.o] Error 1
     10327    mpi_waitsome_f90.f90:26:76:
     10328    
     10329       12 |   call MPI_Waitsome(incount, array_of_requests, outcount,
               array_of_indices, array_of_statuses, ierr)
     10330          |                                                          
                                2
     10331    ......
     10332       26 |   call MPI_Waitsome(incount, array_of_requests, outcount,
               array_of_indices, array_of_statuses, ierr)
     10333          |                                                          
                                1
  >> 10334    Error: Type mismatch between actual argument at (1) and actual ar
              gument at (2) (REAL(8)/INTEGER(4)).
  >> 10335    make[4]: *** [mpi_waitall_f90.o] Error 1
  >> 10336    make[4]: *** [mpi_comm_spawn_multiple_f90.o] Error 1
  >> 10337    make[4]: *** [mpi_waitsome_f90.o] Error 1
     10338    make[4]: Leaving directory `/tmp/sochat1/spack-stage/spack-stage-
              openmpi-1.1.4-3sfsru6ezwtnu75ca2yvjov6s6qdy2du/spack-src/ompi/mpi
              /f90'
  >> 10339    make[3]: *** [all-recursive] Error 1
     10340    make[3]: Leaving directory `/tmp/sochat1/spack-stage/spack-stage-
              openmpi-1.1.4-3sfsru6ezwtnu75ca2yvjov6s6qdy2du/spack-src/ompi/mpi
              /f90'
  >> 10341    make[2]: *** [all-recursive] Error 1
     10342    make[2]: Leaving directory `/tmp/sochat1/spack-stage/spack-stage-
              openmpi-1.1.4-3sfsru6ezwtnu75ca2yvjov6s6qdy2du/spack-src/ompi/mpi
              '
  >> 10343    make[1]: *** [all-recursive] Error 1
     10344    make[1]: Leaving directory `/tmp/sochat1/spack-stage/spack-stage-
              openmpi-1.1.4-3sfsru6ezwtnu75ca2yvjov6s6qdy2du/spack-src/ompi'
  >> 10345    make: *** [all-recursive] Error 1

See build log for details:
  /var/tmp/sochat1/spack-stage/spack-stage-openmpi-1.1.4-3sfsru6ezwtnu75ca2yvjov6s6qdy2du/spack-build-out.txt

Making predictions for spack-test
Making predictions for symbolator
Making predictions for libabigail
abicompat not found on path, will look for spack instead.
Making predictions for actual
