/var/spool/slurmd/job97743/slurm_script: line 12: 66804 Killed                  spliced splice --package openmpi@1.1 --splice perl --runner spack --replace perl --experiment experiment --outfile /p/vast1/build/spliced-experiment/results/openmpi/1.1/perl/experiment.json
==> Error: ProcessError: Command exited with status 2:
    'make' '-j16' 'V=1'

14 errors found in build log:
     10281    
     10282       16 |   call MPI_Comm_spawn_multiple(count, array_of_commands, 
              array_of_argv, &
     10283          |                                                         2
     10284    ......
     10285       36 |   call MPI_Comm_spawn_multiple(count, array_of_commands, 
              array_of_argv, &
     10286          |                                                         1
  >> 10287    Error: Type mismatch between actual argument at (1) and actual ar
              gument at (2) (INTEGER(4)/CHARACTER(*)).
  >> 10288    make[4]: *** [mpi_comm_spawn_multiple_f90.o] Error 1
     10289    make[4]: *** Waiting for unfinished jobs....
     10290    mpi_testall_f90.f90:21:51:
     10291    
     10292        9 |   call MPI_TESTALL(count, array_of_requests, flag, array_
              of_statuses, ierr)
     10293          |                                                   2
     10294    ......
     10295       21 |   call MPI_TESTALL(count, array_of_requests, flag, MPI_ST
              ATUSES_IGNORE, ierr)
     10296          |                                                   1
  >> 10297    Error: Type mismatch between actual argument at (1) and actual ar
              gument at (2) (COMPLEX(8)/INTEGER(4)).
  >> 10298    make[4]: *** [mpi_testall_f90.o] Error 1
     10299    mpi_testsome_f90.f90:25:76:
     10300    
     10301       11 |   call MPI_Testsome(incount, array_of_requests, outcount,
               array_of_indices, array_of_statuses, ierr)
     10302          |                                                          
                                2
     10303    ......
     10304       25 |   call MPI_Testsome(incount, array_of_requests, outcount,
               array_of_indices, MPI_STATUSES_IGNORE, ierr)
     10305          |                                                          
                                1
  >> 10306    Error: Type mismatch between actual argument at (1) and actual ar
              gument at (2) (COMPLEX(8)/INTEGER(4)).
  >> 10307    make[4]: *** [mpi_testsome_f90.o] Error 1
     10308    mpi_waitall_f90.f90:19:45:
     10309    
     10310        8 |   call MPI_Waitall(count, array_of_requests, array_of_sta
              tuses, ierr)
     10311          |                                             2
     10312    ......
     10313       19 |   call MPI_Waitall(count, array_of_requests, MPI_STATUSES
              _IGNORE, ierr)
     10314          |                                             1
  >> 10315    Error: Type mismatch between actual argument at (1) and actual ar
              gument at (2) (COMPLEX(8)/INTEGER(4)).
     10316    mpi_waitsome_f90.f90:25:76:
     10317    
     10318       11 |   call MPI_Waitsome(incount, array_of_requests, outcount,
               array_of_indices, array_of_statuses, ierr)
     10319          |                                                          
                                2
     10320    ......
     10321       25 |   call MPI_Waitsome(incount, array_of_requests, outcount,
               array_of_indices, MPI_STATUSES_IGNORE, ierr)
     10322          |                                                          
                                1
  >> 10323    Error: Type mismatch between actual argument at (1) and actual ar
              gument at (2) (COMPLEX(8)/INTEGER(4)).
  >> 10324    make[4]: *** [mpi_waitall_f90.o] Error 1
  >> 10325    make[4]: *** [mpi_waitsome_f90.o] Error 1
     10326    make[4]: Leaving directory `/tmp/sochat1/spack-stage/spack-stage-
              openmpi-1.1-qkjjuz2fhw2xphutfk4drfgld7a33d2o/spack-src/ompi/mpi/f
              90'
  >> 10327    make[3]: *** [all-recursive] Error 1
     10328    make[3]: Leaving directory `/tmp/sochat1/spack-stage/spack-stage-
              openmpi-1.1-qkjjuz2fhw2xphutfk4drfgld7a33d2o/spack-src/ompi/mpi/f
              90'
  >> 10329    make[2]: *** [all-recursive] Error 1
     10330    make[2]: Leaving directory `/tmp/sochat1/spack-stage/spack-stage-
              openmpi-1.1-qkjjuz2fhw2xphutfk4drfgld7a33d2o/spack-src/ompi/mpi'
  >> 10331    make[1]: *** [all-recursive] Error 1
     10332    make[1]: Leaving directory `/tmp/sochat1/spack-stage/spack-stage-
              openmpi-1.1-qkjjuz2fhw2xphutfk4drfgld7a33d2o/spack-src/ompi'
  >> 10333    make: *** [all-recursive] Error 1

See build log for details:
  /var/tmp/sochat1/spack-stage/spack-stage-openmpi-1.1-qkjjuz2fhw2xphutfk4drfgld7a33d2o/spack-build-out.txt

Making predictions for spack-test
Making predictions for symbolator
Making predictions for libabigail
abicompat not found on path, will look for spack instead.
Making predictions for actual
