/var/spool/slurmd/job97569/slurm_script: line 12: 51713 Killed                  spliced splice --package openmpi@1.3 --splice numactl --runner spack --replace numactl --experiment experiment --outfile /p/vast1/build/spliced-experiment/results/openmpi/1.3/numactl/experiment.json
==> Error: ProcessError: Command exited with status 1:
    '/var/tmp/sochat1/spack-stage/spack-stage-openmpi-1.3-36gwqwjma4g5wjo7tk4c7rpipeg6twj3/spack-src/configure' '--prefix=/p/vast1/build/spack/opt/spack/linux-rhel7-broadwell/gcc-10.2.1/openmpi-1.3-36gwqwjma4g5wjo7tk4c7rpipeg6twj3' '--enable-shared' '--disable-silent-rules' '--disable-builtin-atomics' '--enable-static' '--without-pmi' '--without-psm' '--without-xpmem' '--without-hcoll' '--without-ucx' '--without-psm2' '--without-openib' '--without-libfabric' '--without-fca' '--without-knem' '--without-cma' '--without-mxm' '--without-alps' '--without-lsf' '--without-loadleveler' '--without-sge' '--without-tm' '--without-slurm' '--disable-memchecker' '--with-gpfs' '--without-sqlite3' '--disable-wrapper-rpath' '--disable-mpi-cxx' '--disable-cxx-exceptions'

15 errors found in build log:
     4        configure: WARNING: unrecognized options: --disable-silent-rules,
               --disable-builtin-atomics, --without-pmi, --without-xpmem, --wit
              hout-hcoll, --without-ucx, --without-psm2, --without-libfabric, -
              -without-fca, --without-knem, --without-cma, --without-mxm, --wit
              h-gpfs, --without-sqlite3, --disable-wrapper-rpath
     5        checking for a BSD-compatible install... /usr/bin/install -c
     6        checking whether build environment is sane... yes
     7        checking for a thread-safe mkdir -p... /usr/bin/mkdir -p
     8        checking for gawk... gawk
     9        checking whether make sets $(MAKE)... yes
  >> 10       configure: error: source directory already configured; run "make 
              distclean" there first
     11       ==> openmpi: Executing phase: 'build'
     12       ==> [2022-03-04-02:22:52.829873] 'make' '-j16' 'V=1'
     13       Making all in config
     14       make[1]: Entering directory `/tmp/sochat1/spack-stage/spack-stage
              -openmpi-1.3-36gwqwjma4g5wjo7tk4c7rpipeg6twj3/spack-src/config'
     15       make[1]: Nothing to be done for `all'.
     16       make[1]: Leaving directory `/tmp/sochat1/spack-stage/spack-stage-
              openmpi-1.3-36gwqwjma4g5wjo7tk4c7rpipeg6twj3/spack-src/config'

     ...

     10739    
     10740       12 |   call MPI_Waitsome(incount, array_of_requests, outcount,
               array_of_indices, array_of_statuses, ierr)
     10741          |                                                          
                                2
     10742    ......
     10743       26 |   call MPI_Waitsome(incount, array_of_requests, outcount,
               array_of_indices, array_of_statuses, ierr)
     10744          |                                                          
                                1
  >> 10745    Error: Type mismatch between actual argument at (1) and actual ar
              gument at (2) (REAL(8)/INTEGER(4)).
     10746    mpi_waitall_f90.f90:18:45:
     10747    
     10748        8 |   call MPI_Waitall(count, array_of_requests, array_of_sta
              tuses, ierr)
     10749          |                                             2
     10750    ......
     10751       18 |   call MPI_Waitall(count, array_of_requests, array_of_sta
              tuses, ierr)
     10752          |                                             1
  >> 10753    Error: Type mismatch between actual argument at (1) and actual ar
              gument at (2) (REAL(8)/INTEGER(4)).
     10754    mpi_testsome_f90.f90:26:76:
     10755    
     10756       12 |   call MPI_Testsome(incount, array_of_requests, outcount,
               array_of_indices, array_of_statuses, ierr)
     10757          |                                                          
                                2
     10758    ......
     10759       26 |   call MPI_Testsome(incount, array_of_requests, outcount,
               array_of_indices, array_of_statuses, ierr)
     10760          |                                                          
                                1
  >> 10761    Error: Type mismatch between actual argument at (1) and actual ar
              gument at (2) (REAL(8)/INTEGER(4)).
     10762    mpi_comm_spawn_multiple_f90.f90:36:57:
     10763    
     10764       16 |   call MPI_Comm_spawn_multiple(count, array_of_commands, 
              array_of_argv, &
     10765          |                                                         2
     10766    ......
     10767       36 |   call MPI_Comm_spawn_multiple(count, array_of_commands, 
              array_of_argv, &
     10768          |                                                         1
  >> 10769    Error: Type mismatch between actual argument at (1) and actual ar
              gument at (2) (REAL(8)/CHARACTER(*)).
     10770    mpi_testall_f90.f90:22:51:
     10771    
     10772       10 |   call MPI_Testall(count, array_of_requests, flag, array_
              of_statuses, ierr)
     10773          |                                                   2
     10774    ......
     10775       22 |   call MPI_Testall(count, array_of_requests, flag, array_
              of_statuses, ierr)
     10776          |                                                   1
  >> 10777    Error: Type mismatch between actual argument at (1) and actual ar
              gument at (2) (REAL(8)/INTEGER(4)).
  >> 10778    make[4]: *** [mpi_waitsome_f90.lo] Error 1
     10779    make[4]: *** Waiting for unfinished jobs....
  >> 10780    make[4]: *** [mpi_waitall_f90.lo] Error 1
  >> 10781    make[4]: *** [mpi_testsome_f90.lo] Error 1
  >> 10782    make[4]: *** [mpi_comm_spawn_multiple_f90.lo] Error 1
  >> 10783    make[4]: *** [mpi_testall_f90.lo] Error 1
     10784    libtool: compile:  /p/vast1/build/spack/lib/spack/env/gcc/gfortra
              n -I../../../ompi/include -I/var/tmp/sochat1/spack-stage/spack-st
              age-openmpi-1.3-36gwqwjma4g5wjo7tk4c7rpipeg6twj3/spack-src/ompi/i
              nclude -I. -I/var/tmp/sochat1/spack-stage/spack-stage-openmpi-1.3
              -36gwqwjma4g5wjo7tk4c7rpipeg6twj3/spack-src/ompi/mpi/f90 -I../../
              ../ompi/mpi/f90 -c mpi_wtick_f90.f90 -o mpi_wtick_f90.o >/dev/nul
              l 2>&1
     10785    libtool: compile:  /p/vast1/build/spack/lib/spack/env/gcc/gfortra
              n -I../../../ompi/include -I/var/tmp/sochat1/spack-stage/spack-st
              age-openmpi-1.3-36gwqwjma4g5wjo7tk4c7rpipeg6twj3/spack-src/ompi/i
              nclude -I. -I/var/tmp/sochat1/spack-stage/spack-stage-openmpi-1.3
              -36gwqwjma4g5wjo7tk4c7rpipeg6twj3/spack-src/ompi/mpi/f90 -I../../
              ../ompi/mpi/f90 -c mpi_wtime_f90.f90 -o mpi_wtime_f90.o >/dev/nul
              l 2>&1
     10786    libtool: compile:  /p/vast1/build/spack/lib/spack/env/gcc/gfortra
              n -I../../../ompi/include -I/var/tmp/sochat1/spack-stage/spack-st
              age-openmpi-1.3-36gwqwjma4g5wjo7tk4c7rpipeg6twj3/spack-src/ompi/i
              nclude -I. -I/var/tmp/sochat1/spack-stage/spack-stage-openmpi-1.3
              -36gwqwjma4g5wjo7tk4c7rpipeg6twj3/spack-src/ompi/mpi/f90 -I../../
              ../ompi/mpi/f90 -c mpi_sizeof.f90 -o mpi_sizeof.o >/dev/null 2>&1
     10787    libtool: compile:  /p/vast1/build/spack/lib/spack/env/gcc/gfortra
              n -I../../../ompi/include -I/var/tmp/sochat1/spack-stage/spack-st
              age-openmpi-1.3-36gwqwjma4g5wjo7tk4c7rpipeg6twj3/spack-src/ompi/i
              nclude -I. -I/var/tmp/sochat1/spack-stage/spack-stage-openmpi-1.3
              -36gwqwjma4g5wjo7tk4c7rpipeg6twj3/spack-src/ompi/mpi/f90 -I../../
              ../ompi/mpi/f90 -c mpi.f90 -o mpi.o >/dev/null 2>&1
     10788    make[4]: Leaving directory `/tmp/sochat1/spack-stage/spack-stage-
              openmpi-1.3-36gwqwjma4g5wjo7tk4c7rpipeg6twj3/spack-src/ompi/mpi/f
              90'
  >> 10789    make[3]: *** [all-recursive] Error 1
     10790    make[3]: Leaving directory `/tmp/sochat1/spack-stage/spack-stage-
              openmpi-1.3-36gwqwjma4g5wjo7tk4c7rpipeg6twj3/spack-src/ompi/mpi/f
              90'
  >> 10791    make[2]: *** [all] Error 2
     10792    make[2]: Leaving directory `/tmp/sochat1/spack-stage/spack-stage-
              openmpi-1.3-36gwqwjma4g5wjo7tk4c7rpipeg6twj3/spack-src/ompi/mpi/f
              90'
  >> 10793    make[1]: *** [all-recursive] Error 1
     10794    make[1]: Leaving directory `/tmp/sochat1/spack-stage/spack-stage-
              openmpi-1.3-36gwqwjma4g5wjo7tk4c7rpipeg6twj3/spack-src/ompi'
  >> 10795    make: *** [all-recursive] Error 1

See build log for details:
  /var/tmp/sochat1/spack-stage/spack-stage-openmpi-1.3-36gwqwjma4g5wjo7tk4c7rpipeg6twj3/spack-build-out.txt

Making predictions for spack-test
Making predictions for symbolator
Making predictions for libabigail
abicompat not found on path, will look for spack instead.
Making predictions for actual
