/var/spool/slurmd/job97856/slurm_script: line 12: 37026 Killed                  spliced splice --package openmpi@1.3.1 --splice pkgconf --runner spack --replace pkgconf --experiment experiment --outfile /p/vast1/build/spliced-experiment/results/openmpi/1.3.1/pkgconf/experiment.json
==> Error: ProcessError: Command exited with status 2:
    'make' '-j16' 'V=1'

15 errors found in build log:
     1807     checking whether the /p/vast1/build/spack/lib/spack/env/gcc/g++ l
              inker (/usr/tce/packages/gcc/gcc-10.2.1/rh/usr/libexec/gcc/x86_64
              -redhat-linux/10/ld -m elf_x86_64) supports shared libraries... y
              es
     1808     checking dynamic linker characteristics... GNU/Linux ld.so
     1809     checking how to hardcode library paths into programs... immediate
     1810     checking vtf3.h usability... no
     1811     checking vtf3.h presence... no
     1812     checking for vtf3.h... no
  >> 1813     configure: error: no vtf3.h found; check path for VTF3 package fi
              rst...
     1814     checking zlib.h usability... yes
     1815     checking zlib.h presence... yes
     1816     checking for zlib.h... yes
     1817     checking for ANSI C header files... (cached) yes
     1818     checking stddef.h usability... yes
     1819     checking stddef.h presence... yes

     ...

     1868     checking demangle.h usability... yes
     1869     checking demangle.h presence... yes
     1870     checking for demangle.h... yes
     1871     checking BPatch.h usability... no
     1872     checking BPatch.h presence... no
     1873     checking for BPatch.h... no
  >> 1874     configure: error: no BPatch.h found; check path for Dyninst packa
              ge first...
     1875     checking for mpicc... /p/vast1/build/spack/lib/spack/env/gcc/gcc
     1876     checking for the value of MPI_STATUS_SIZE... skipped (--with-mpi-
              status-size=5)
     1877     checking whether MPI supports file access... no
     1878     checking for OpenMP flag of C compiler... -fopenmp
     1879     checking omp.h usability... yes
     1880     checking omp.h presence... yes

     ...

     1902     checking for pwrite64... yes
     1903     checking papi.h usability... yes
     1904     checking papi.h presence... yes
     1905     checking for papi.h... yes
     1906     checking whether linking with -lpapi works... yes
     1907     checking whether PAPI version = 3.x... no
  >> 1908     configure: error: PAPI version could not be determined and/or is 
              incompatible (!= 3.x)
     1909     See `config.log' for more details.
     1910     configure: creating ./config.status
     1911     config.status: creating Makefile
     1912     config.status: creating util/Makefile
     1913     config.status: creating extlib/Makefile
     1914     config.status: creating vtlib/Makefile

     ...

     13235    
     13236        8 |   call MPI_Waitall(count, array_of_requests, array_of_sta
              tuses, ierr)
     13237          |                                             2
     13238    ......
     13239       18 |   call MPI_Waitall(count, array_of_requests, array_of_sta
              tuses, ierr)
     13240          |                                             1
  >> 13241    Error: Type mismatch between actual argument at (1) and actual ar
              gument at (2) (REAL(8)/INTEGER(4)).
     13242    mpi_waitsome_f90.f90:26:76:
     13243    
     13244       12 |   call MPI_Waitsome(incount, array_of_requests, outcount,
               array_of_indices, array_of_statuses, ierr)
     13245          |                                                          
                                2
     13246    ......
     13247       26 |   call MPI_Waitsome(incount, array_of_requests, outcount,
               array_of_indices, array_of_statuses, ierr)
     13248          |                                                          
                                1
  >> 13249    Error: Type mismatch between actual argument at (1) and actual ar
              gument at (2) (REAL(8)/INTEGER(4)).
     13250    mpi_testall_f90.f90:22:51:
     13251    
     13252       10 |   call MPI_Testall(count, array_of_requests, flag, array_
              of_statuses, ierr)
     13253          |                                                   2
     13254    ......
     13255       22 |   call MPI_Testall(count, array_of_requests, flag, array_
              of_statuses, ierr)
     13256          |                                                   1
  >> 13257    Error: Type mismatch between actual argument at (1) and actual ar
              gument at (2) (REAL(8)/INTEGER(4)).
  >> 13258    make[4]: *** [mpi_waitall_f90.lo] Error 1
     13259    make[4]: *** Waiting for unfinished jobs....
  >> 13260    make[4]: *** [mpi_waitsome_f90.lo] Error 1
     13261    mpi_testsome_f90.f90:26:76:
     13262    
     13263       12 |   call MPI_Testsome(incount, array_of_requests, outcount,
               array_of_indices, array_of_statuses, ierr)
     13264          |                                                          
                                2
     13265    ......
     13266       26 |   call MPI_Testsome(incount, array_of_requests, outcount,
               array_of_indices, array_of_statuses, ierr)
     13267          |                                                          
                                1
  >> 13268    Error: Type mismatch between actual argument at (1) and actual ar
              gument at (2) (REAL(8)/INTEGER(4)).
  >> 13269    make[4]: *** [mpi_testall_f90.lo] Error 1
  >> 13270    make[4]: *** [mpi_testsome_f90.lo] Error 1
     13271    libtool: compile:  /p/vast1/build/spack/lib/spack/env/gcc/gfortra
              n -I../../../ompi/include -I/var/tmp/sochat1/spack-stage/spack-st
              age-openmpi-1.3.1-itrktuqstpq4zvgd7atj2ctitbxadnj5/spack-src/ompi
              /include -I. -I/var/tmp/sochat1/spack-stage/spack-stage-openmpi-1
              .3.1-itrktuqstpq4zvgd7atj2ctitbxadnj5/spack-src/ompi/mpi/f90 -I..
              /../../ompi/mpi/f90 -c mpi_wtick_f90.f90 -o mpi_wtick_f90.o >/dev
              /null 2>&1
     13272    libtool: compile:  /p/vast1/build/spack/lib/spack/env/gcc/gfortra
              n -I../../../ompi/include -I/var/tmp/sochat1/spack-stage/spack-st
              age-openmpi-1.3.1-itrktuqstpq4zvgd7atj2ctitbxadnj5/spack-src/ompi
              /include -I. -I/var/tmp/sochat1/spack-stage/spack-stage-openmpi-1
              .3.1-itrktuqstpq4zvgd7atj2ctitbxadnj5/spack-src/ompi/mpi/f90 -I..
              /../../ompi/mpi/f90 -c mpi_wtime_f90.f90 -o mpi_wtime_f90.o >/dev
              /null 2>&1
     13273    libtool: compile:  /p/vast1/build/spack/lib/spack/env/gcc/gfortra
              n -I../../../ompi/include -I/var/tmp/sochat1/spack-stage/spack-st
              age-openmpi-1.3.1-itrktuqstpq4zvgd7atj2ctitbxadnj5/spack-src/ompi
              /include -I. -I/var/tmp/sochat1/spack-stage/spack-stage-openmpi-1
              .3.1-itrktuqstpq4zvgd7atj2ctitbxadnj5/spack-src/ompi/mpi/f90 -I..
              /../../ompi/mpi/f90 -c mpi_sizeof.f90 -o mpi_sizeof.o >/dev/null 
              2>&1
     13274    libtool: compile:  /p/vast1/build/spack/lib/spack/env/gcc/gfortra
              n -I../../../ompi/include -I/var/tmp/sochat1/spack-stage/spack-st
              age-openmpi-1.3.1-itrktuqstpq4zvgd7atj2ctitbxadnj5/spack-src/ompi
              /include -I. -I/var/tmp/sochat1/spack-stage/spack-stage-openmpi-1
              .3.1-itrktuqstpq4zvgd7atj2ctitbxadnj5/spack-src/ompi/mpi/f90 -I..
              /../../ompi/mpi/f90 -c mpi.f90 -o mpi.o >/dev/null 2>&1
     13275    make[4]: Leaving directory `/tmp/sochat1/spack-stage/spack-stage-
              openmpi-1.3.1-itrktuqstpq4zvgd7atj2ctitbxadnj5/spack-src/ompi/mpi
              /f90'
  >> 13276    make[3]: *** [all-recursive] Error 1
     13277    make[3]: Leaving directory `/tmp/sochat1/spack-stage/spack-stage-
              openmpi-1.3.1-itrktuqstpq4zvgd7atj2ctitbxadnj5/spack-src/ompi/mpi
              /f90'
  >> 13278    make[2]: *** [all] Error 2
     13279    make[2]: Leaving directory `/tmp/sochat1/spack-stage/spack-stage-
              openmpi-1.3.1-itrktuqstpq4zvgd7atj2ctitbxadnj5/spack-src/ompi/mpi
              /f90'
  >> 13280    make[1]: *** [all-recursive] Error 1
     13281    make[1]: Leaving directory `/tmp/sochat1/spack-stage/spack-stage-
              openmpi-1.3.1-itrktuqstpq4zvgd7atj2ctitbxadnj5/spack-src/ompi'
  >> 13282    make: *** [all-recursive] Error 1

See build log for details:
  /var/tmp/sochat1/spack-stage/spack-stage-openmpi-1.3.1-itrktuqstpq4zvgd7atj2ctitbxadnj5/spack-build-out.txt

Making predictions for spack-test
Making predictions for symbolator
Making predictions for libabigail
abicompat not found on path, will look for spack instead.
Making predictions for actual
