==> Error: ProcessError: Command exited with status 1:
    '/var/tmp/sochat1/spack-stage/spack-stage-openmpi-1.1.1-tqd4e4p5nxeecwucwy3qjhwfphyp6vao/spack-src/configure' '--prefix=/p/vast1/build/spack/opt/spack/linux-rhel7-broadwell/gcc-10.2.1/openmpi-1.1.1-tqd4e4p5nxeecwucwy3qjhwfphyp6vao' '--enable-shared' '--disable-silent-rules' '--disable-builtin-atomics' '--enable-static' '--without-pmi' '--without-xpmem' '--without-openib' '--without-psm' '--without-psm2' '--without-cma' '--without-ucx' '--without-fca' '--without-hcoll' '--without-libfabric' '--without-knem' '--without-mxm' '--without-lsf' '--without-sge' '--without-loadleveler' '--without-alps' '--without-tm' '--without-slurm' '--disable-memchecker' '--with-gpfs' '--without-sqlite3' '--disable-wrapper-rpath' '--disable-mpi-cxx' '--disable-cxx-exceptions'

7 errors found in build log:
     2       ==> openmpi: Executing phase: 'configure'
     3       ==> [2022-02-25-17:48:18.558820] '/var/tmp/sochat1/spack-stage/spa
             ck-stage-openmpi-1.1.1-tqd4e4p5nxeecwucwy3qjhwfphyp6vao/spack-src/
             configure' '--prefix=/p/vast1/build/spack/opt/spack/linux-rhel7-br
             oadwell/gcc-10.2.1/openmpi-1.1.1-tqd4e4p5nxeecwucwy3qjhwfphyp6vao'
              '--enable-shared' '--disable-silent-rules' '--disable-builtin-ato
             mics' '--enable-static' '--without-pmi' '--without-xpmem' '--witho
             ut-openib' '--without-psm' '--without-psm2' '--without-cma' '--wit
             hout-ucx' '--without-fca' '--without-hcoll' '--without-libfabric' 
             '--without-knem' '--without-mxm' '--without-lsf' '--without-sge' '
             --without-loadleveler' '--without-alps' '--without-tm' '--without-
             slurm' '--disable-memchecker' '--with-gpfs' '--without-sqlite3' '-
             -disable-wrapper-rpath' '--disable-mpi-cxx' '--disable-cxx-excepti
             ons'
     4       checking for a BSD-compatible install... /usr/bin/install -c
     5       checking whether build environment is sane... yes
     6       checking for gawk... gawk
     7       checking whether make sets $(MAKE)... yes
  >> 8       configure: error: source directory already configured; run "make d
             istclean" there first
     9       ==> openmpi: Executing phase: 'build'
     10      ==> [2022-02-25-17:08:33.069329] 'make' '-j2' 'V=1'
     11      Making all in config
     12      make[1]: Entering directory `/tmp/sochat1/spack-stage/spack-stage-
             openmpi-1.1.1-tqd4e4p5nxeecwucwy3qjhwfphyp6vao/spack-src/config'
     13      make[1]: Nothing to be done for `all'.
     14      make[1]: Leaving directory `/tmp/sochat1/spack-stage/spack-stage-o
             penmpi-1.1.1-tqd4e4p5nxeecwucwy3qjhwfphyp6vao/spack-src/config'

     ...

     8306    
     8307       16 |   call MPI_Comm_spawn_multiple(count, array_of_commands, a
             rray_of_argv, &
     8308          |                                                         2
     8309    ......
     8310       36 |   call MPI_Comm_spawn_multiple(count, array_of_commands, a
             rray_of_argv, &
     8311          |                                                         1
  >> 8312    Error: Type mismatch between actual argument at (1) and actual arg
             ument at (2) (REAL(8)/CHARACTER(*)).
  >> 8313    make[4]: *** [mpi_comm_spawn_multiple_f90.o] Error 1
     8314    make[4]: *** Waiting for unfinished jobs....
     8315    make[4]: Leaving directory `/tmp/sochat1/spack-stage/spack-stage-o
             penmpi-1.1.1-tqd4e4p5nxeecwucwy3qjhwfphyp6vao/spack-src/ompi/mpi/f
             90'
  >> 8316    make[3]: *** [all-recursive] Error 1
     8317    make[3]: Leaving directory `/tmp/sochat1/spack-stage/spack-stage-o
             penmpi-1.1.1-tqd4e4p5nxeecwucwy3qjhwfphyp6vao/spack-src/ompi/mpi/f
             90'
  >> 8318    make[2]: *** [all-recursive] Error 1
     8319    make[2]: Leaving directory `/tmp/sochat1/spack-stage/spack-stage-o
             penmpi-1.1.1-tqd4e4p5nxeecwucwy3qjhwfphyp6vao/spack-src/ompi/mpi'
  >> 8320    make[1]: *** [all-recursive] Error 1
     8321    make[1]: Leaving directory `/tmp/sochat1/spack-stage/spack-stage-o
             penmpi-1.1.1-tqd4e4p5nxeecwucwy3qjhwfphyp6vao/spack-src/ompi'
  >> 8322    make: *** [all-recursive] Error 1

See build log for details:
  /var/tmp/sochat1/spack-stage/spack-stage-openmpi-1.1.1-tqd4e4p5nxeecwucwy3qjhwfphyp6vao/spack-build-out.txt

Making predictions for symbolator
Making predictions for libabigail
Making predictions for actual
slurmstepd: error: *** JOB 100794 ON oslic11 CANCELLED AT 2022-03-01T15:28:10 ***
==> Error: ProcessError: Command exited with status 2:
    'make' '-j16' 'V=1'

6 errors found in build log:
     10256    
     10257       16 |   call MPI_Comm_spawn_multiple(count, array_of_commands, 
              array_of_argv, &
     10258          |                                                         2
     10259    ......
     10260       36 |   call MPI_Comm_spawn_multiple(count, array_of_commands, 
              array_of_argv, &
     10261          |                                                         1
  >> 10262    Error: Type mismatch between actual argument at (1) and actual ar
              gument at (2) (REAL(8)/CHARACTER(*)).
  >> 10263    make[4]: *** [mpi_comm_spawn_multiple_f90.o] Error 1
     10264    make[4]: *** Waiting for unfinished jobs....
     10265    make[4]: Leaving directory `/tmp/sochat1/spack-stage/spack-stage-
              openmpi-1.1.1-tqd4e4p5nxeecwucwy3qjhwfphyp6vao/spack-src/ompi/mpi
              /f90'
  >> 10266    make[3]: *** [all-recursive] Error 1
     10267    make[3]: Leaving directory `/tmp/sochat1/spack-stage/spack-stage-
              openmpi-1.1.1-tqd4e4p5nxeecwucwy3qjhwfphyp6vao/spack-src/ompi/mpi
              /f90'
  >> 10268    make[2]: *** [all-recursive] Error 1
     10269    make[2]: Leaving directory `/tmp/sochat1/spack-stage/spack-stage-
              openmpi-1.1.1-tqd4e4p5nxeecwucwy3qjhwfphyp6vao/spack-src/ompi/mpi
              '
  >> 10270    make[1]: *** [all-recursive] Error 1
     10271    make[1]: Leaving directory `/tmp/sochat1/spack-stage/spack-stage-
              openmpi-1.1.1-tqd4e4p5nxeecwucwy3qjhwfphyp6vao/spack-src/ompi'
  >> 10272    make: *** [all-recursive] Error 1

See build log for details:
  /var/tmp/sochat1/spack-stage/spack-stage-openmpi-1.1.1-tqd4e4p5nxeecwucwy3qjhwfphyp6vao/spack-build-out.txt

Making predictions for spack-test
Making predictions for symbolator
Making predictions for libabigail
abicompat not found on path, will look for spack instead.
Making predictions for actual
