==> Error: ProcessError: Command exited with status 1:
    '/var/tmp/sochat1/spack-stage/spack-stage-openmpi-1.6-iiykdhphdvpxme62awgttybly2myryyg/spack-src/configure' '--prefix=/p/vast1/build/spack/opt/spack/linux-rhel7-broadwell/gcc-10.2.1/openmpi-1.6-iiykdhphdvpxme62awgttybly2myryyg' '--enable-shared' '--disable-silent-rules' '--disable-builtin-atomics' '--enable-static' '--without-pmi' '--without-fca' '--without-mxm' '--without-hcoll' '--without-cma' '--without-knem' '--without-openib' '--without-psm2' '--without-psm' '--without-ucx' '--without-libfabric' '--without-xpmem' '--without-lsf' '--without-loadleveler' '--without-tm' '--without-alps' '--without-sge' '--without-slurm' '--disable-memchecker' '--with-hwloc=/p/vast1/build/spack/opt/spack/linux-rhel7-broadwell/gcc-10.2.1/hwloc-1.11.13-u34fwahc4tbd77w4csoothe3vdimspeo' '--with-gpfs' '--without-sqlite3' '--disable-mpi-thread-multiple' '--disable-wrapper-rpath' '--disable-mpi-cxx' '--disable-cxx-exceptions'

9 errors found in build log:
     40       checking for a BSD-compatible install... /usr/bin/install -c
     41       checking whether build environment is sane... yes
     42       checking for a thread-safe mkdir -p... /usr/bin/mkdir -p
     43       checking for gawk... gawk
     44       checking whether make sets $(MAKE)... yes
     45       checking for style of include used by make... GNU
  >> 46       configure: error: source directory already configured; run "make 
              distclean" there first
     47       ==> openmpi: Executing phase: 'build'
     48       ==> [2022-02-25-17:50:37.159848] 'make' '-j2' 'V=1'
     49       Making all in config
     50       make[1]: Entering directory `/tmp/sochat1/spack-stage/spack-stage
              -openmpi-1.6-iiykdhphdvpxme62awgttybly2myryyg/spack-src/config'
     51       make[1]: Nothing to be done for `all'.
     52       make[1]: Leaving directory `/tmp/sochat1/spack-stage/spack-stage-
              openmpi-1.6-iiykdhphdvpxme62awgttybly2myryyg/spack-src/config'

     ...

     11708    
     11709       16 |   call MPI_Comm_spawn_multiple(count, array_of_commands, 
              array_of_argv, &
     11710          |                                                         2
     11711    ......
     11712       36 |   call MPI_Comm_spawn_multiple(count, array_of_commands, 
              array_of_argv, &
     11713          |                                                         1
  >> 11714    Error: Type mismatch between actual argument at (1) and actual ar
              gument at (2) (REAL(8)/CHARACTER(*)).
  >> 11715    make[4]: *** [mpi_comm_spawn_multiple_f90.lo] Error 1
     11716    make[4]: *** Waiting for unfinished jobs....
     11717    mpi_testall_f90.f90:22:51:
     11718    
     11719       10 |   call MPI_Testall(count, array_of_requests, flag, array_
              of_statuses, ierr)
     11720          |                                                   2
     11721    ......
     11722       22 |   call MPI_Testall(count, array_of_requests, flag, array_
              of_statuses, ierr)
     11723          |                                                   1
  >> 11724    Error: Type mismatch between actual argument at (1) and actual ar
              gument at (2) (REAL(8)/INTEGER(4)).
  >> 11725    make[4]: *** [mpi_testall_f90.lo] Error 1
     11726    make[4]: Leaving directory `/tmp/sochat1/spack-stage/spack-stage-
              openmpi-1.6-iiykdhphdvpxme62awgttybly2myryyg/spack-src/ompi/mpi/f
              90'
  >> 11727    make[3]: *** [all-recursive] Error 1
     11728    make[3]: Leaving directory `/tmp/sochat1/spack-stage/spack-stage-
              openmpi-1.6-iiykdhphdvpxme62awgttybly2myryyg/spack-src/ompi/mpi/f
              90'
  >> 11729    make[2]: *** [all] Error 2
     11730    make[2]: Leaving directory `/tmp/sochat1/spack-stage/spack-stage-
              openmpi-1.6-iiykdhphdvpxme62awgttybly2myryyg/spack-src/ompi/mpi/f
              90'
  >> 11731    make[1]: *** [all-recursive] Error 1
     11732    make[1]: Leaving directory `/tmp/sochat1/spack-stage/spack-stage-
              openmpi-1.6-iiykdhphdvpxme62awgttybly2myryyg/spack-src/ompi'
  >> 11733    make: *** [all-recursive] Error 1

See build log for details:
  /var/tmp/sochat1/spack-stage/spack-stage-openmpi-1.6-iiykdhphdvpxme62awgttybly2myryyg/spack-build-out.txt

Making predictions for symbolator
Making predictions for libabigail
Making predictions for actual
==> Error: ProcessError: Command exited with status 1:
    '/var/tmp/sochat1/spack-stage/spack-stage-openmpi-1.6-iiykdhphdvpxme62awgttybly2myryyg/spack-src/configure' '--prefix=/p/vast1/build/spack/opt/spack/linux-rhel7-broadwell/gcc-10.2.1/openmpi-1.6-iiykdhphdvpxme62awgttybly2myryyg' '--enable-shared' '--disable-silent-rules' '--disable-builtin-atomics' '--enable-static' '--without-pmi' '--without-knem' '--without-hcoll' '--without-ucx' '--without-psm' '--without-mxm' '--without-xpmem' '--without-psm2' '--without-fca' '--without-cma' '--without-libfabric' '--without-openib' '--without-slurm' '--without-sge' '--without-lsf' '--without-alps' '--without-loadleveler' '--without-tm' '--disable-memchecker' '--with-hwloc=/p/vast1/build/spack/opt/spack/linux-rhel7-broadwell/gcc-10.2.1/hwloc-1.11.13-u34fwahc4tbd77w4csoothe3vdimspeo' '--with-gpfs' '--without-sqlite3' '--disable-mpi-thread-multiple' '--disable-wrapper-rpath' '--disable-mpi-cxx' '--disable-cxx-exceptions'

15 errors found in build log:
     40       checking for a BSD-compatible install... /usr/bin/install -c
     41       checking whether build environment is sane... yes
     42       checking for a thread-safe mkdir -p... /usr/bin/mkdir -p
     43       checking for gawk... gawk
     44       checking whether make sets $(MAKE)... yes
     45       checking for style of include used by make... GNU
  >> 46       configure: error: source directory already configured; run "make 
              distclean" there first
     47       ==> openmpi: Executing phase: 'build'
     48       ==> [2022-03-04-05:29:47.444146] 'make' '-j16' 'V=1'
     49       Making all in config
     50       make[1]: Entering directory `/tmp/sochat1/spack-stage/spack-stage
              -openmpi-1.6-iiykdhphdvpxme62awgttybly2myryyg/spack-src/config'
     51       make[1]: Nothing to be done for `all'.
     52       make[1]: Leaving directory `/tmp/sochat1/spack-stage/spack-stage-
              openmpi-1.6-iiykdhphdvpxme62awgttybly2myryyg/spack-src/config'

     ...

     11716    
     11717       12 |   call MPI_Testsome(incount, array_of_requests, outcount,
               array_of_indices, array_of_statuses, ierr)
     11718          |                                                          
                                2
     11719    ......
     11720       26 |   call MPI_Testsome(incount, array_of_requests, outcount,
               array_of_indices, array_of_statuses, ierr)
     11721          |                                                          
                                1
  >> 11722    Error: Type mismatch between actual argument at (1) and actual ar
              gument at (2) (REAL(8)/INTEGER(4)).
     11723    mpi_testall_f90.f90:22:51:
     11724    
     11725       10 |   call MPI_Testall(count, array_of_requests, flag, array_
              of_statuses, ierr)
     11726          |                                                   2
     11727    ......
     11728       22 |   call MPI_Testall(count, array_of_requests, flag, array_
              of_statuses, ierr)
     11729          |                                                   1
  >> 11730    Error: Type mismatch between actual argument at (1) and actual ar
              gument at (2) (REAL(8)/INTEGER(4)).
     11731    mpi_comm_spawn_multiple_f90.f90:36:57:
     11732    
     11733       16 |   call MPI_Comm_spawn_multiple(count, array_of_commands, 
              array_of_argv, &
     11734          |                                                         2
     11735    ......
     11736       36 |   call MPI_Comm_spawn_multiple(count, array_of_commands, 
              array_of_argv, &
     11737          |                                                         1
  >> 11738    Error: Type mismatch between actual argument at (1) and actual ar
              gument at (2) (REAL(8)/CHARACTER(*)).
  >> 11739    make[4]: *** [mpi_testsome_f90.lo] Error 1
     11740    make[4]: *** Waiting for unfinished jobs....
     11741    mpi_waitall_f90.f90:18:45:
     11742    
     11743        8 |   call MPI_Waitall(count, array_of_requests, array_of_sta
              tuses, ierr)
     11744          |                                             2
     11745    ......
     11746       18 |   call MPI_Waitall(count, array_of_requests, array_of_sta
              tuses, ierr)
     11747          |                                             1
  >> 11748    Error: Type mismatch between actual argument at (1) and actual ar
              gument at (2) (REAL(8)/INTEGER(4)).
  >> 11749    make[4]: *** [mpi_testall_f90.lo] Error 1
  >> 11750    make[4]: *** [mpi_comm_spawn_multiple_f90.lo] Error 1
     11751    mpi_waitsome_f90.f90:26:76:
     11752    
     11753       12 |   call MPI_Waitsome(incount, array_of_requests, outcount,
               array_of_indices, array_of_statuses, ierr)
     11754          |                                                          
                                2
     11755    ......
     11756       26 |   call MPI_Waitsome(incount, array_of_requests, outcount,
               array_of_indices, array_of_statuses, ierr)
     11757          |                                                          
                                1
  >> 11758    Error: Type mismatch between actual argument at (1) and actual ar
              gument at (2) (REAL(8)/INTEGER(4)).
  >> 11759    make[4]: *** [mpi_waitall_f90.lo] Error 1
  >> 11760    make[4]: *** [mpi_waitsome_f90.lo] Error 1
     11761    libtool: compile:  /p/vast1/build/spack/lib/spack/env/gcc/gfortra
              n -I../../../ompi/include -I/var/tmp/sochat1/spack-stage/spack-st
              age-openmpi-1.6-iiykdhphdvpxme62awgttybly2myryyg/spack-src/ompi/i
              nclude -I. -I/var/tmp/sochat1/spack-stage/spack-stage-openmpi-1.6
              -iiykdhphdvpxme62awgttybly2myryyg/spack-src/ompi/mpi/f90 -I../../
              ../ompi/mpi/f90 -c mpi_wtick_f90.f90 -o mpi_wtick_f90.o >/dev/nul
              l 2>&1
     11762    libtool: compile:  /p/vast1/build/spack/lib/spack/env/gcc/gfortra
              n -I../../../ompi/include -I/var/tmp/sochat1/spack-stage/spack-st
              age-openmpi-1.6-iiykdhphdvpxme62awgttybly2myryyg/spack-src/ompi/i
              nclude -I. -I/var/tmp/sochat1/spack-stage/spack-stage-openmpi-1.6
              -iiykdhphdvpxme62awgttybly2myryyg/spack-src/ompi/mpi/f90 -I../../
              ../ompi/mpi/f90 -c mpi_wtime_f90.f90 -o mpi_wtime_f90.o >/dev/nul
              l 2>&1
     11763    libtool: compile:  /p/vast1/build/spack/lib/spack/env/gcc/gfortra
              n -I../../../ompi/include -I/var/tmp/sochat1/spack-stage/spack-st
              age-openmpi-1.6-iiykdhphdvpxme62awgttybly2myryyg/spack-src/ompi/i
              nclude -I. -I/var/tmp/sochat1/spack-stage/spack-stage-openmpi-1.6
              -iiykdhphdvpxme62awgttybly2myryyg/spack-src/ompi/mpi/f90 -I../../
              ../ompi/mpi/f90 -c mpi_sizeof.f90 -o mpi_sizeof.o >/dev/null 2>&1
     11764    libtool: compile:  /p/vast1/build/spack/lib/spack/env/gcc/gfortra
              n -I../../../ompi/include -I/var/tmp/sochat1/spack-stage/spack-st
              age-openmpi-1.6-iiykdhphdvpxme62awgttybly2myryyg/spack-src/ompi/i
              nclude -I. -I/var/tmp/sochat1/spack-stage/spack-stage-openmpi-1.6
              -iiykdhphdvpxme62awgttybly2myryyg/spack-src/ompi/mpi/f90 -I../../
              ../ompi/mpi/f90 -c mpi.f90 -o mpi.o >/dev/null 2>&1
     11765    make[4]: Leaving directory `/tmp/sochat1/spack-stage/spack-stage-
              openmpi-1.6-iiykdhphdvpxme62awgttybly2myryyg/spack-src/ompi/mpi/f
              90'
  >> 11766    make[3]: *** [all-recursive] Error 1
     11767    make[3]: Leaving directory `/tmp/sochat1/spack-stage/spack-stage-
              openmpi-1.6-iiykdhphdvpxme62awgttybly2myryyg/spack-src/ompi/mpi/f
              90'
  >> 11768    make[2]: *** [all] Error 2
     11769    make[2]: Leaving directory `/tmp/sochat1/spack-stage/spack-stage-
              openmpi-1.6-iiykdhphdvpxme62awgttybly2myryyg/spack-src/ompi/mpi/f
              90'
  >> 11770    make[1]: *** [all-recursive] Error 1
     11771    make[1]: Leaving directory `/tmp/sochat1/spack-stage/spack-stage-
              openmpi-1.6-iiykdhphdvpxme62awgttybly2myryyg/spack-src/ompi'
  >> 11772    make: *** [all-recursive] Error 1

See build log for details:
  /var/tmp/sochat1/spack-stage/spack-stage-openmpi-1.6-iiykdhphdvpxme62awgttybly2myryyg/spack-build-out.txt

Making predictions for spack-test
Making predictions for symbolator
Making predictions for libabigail
abicompat not found on path, will look for spack instead.
Making predictions for actual
