/var/spool/slurmd/job98039/slurm_script: line 12: 41905 Killed                  spliced splice --package openmpi@1.2 --splice zlib --runner spack --replace zlib --experiment experiment --outfile /p/vast1/build/spliced-experiment/results/openmpi/1.2/zlib/experiment.json
==> Error: ProcessError: Command exited with status 2:
    'make' '-j16' 'V=1'

9 errors found in build log:
     10414    
     10415       12 |   call MPI_Testsome(incount, array_of_requests, outcount,
               array_of_indices, array_of_statuses, ierr)
     10416          |                                                          
                                2
     10417    ......
     10418       26 |   call MPI_Testsome(incount, array_of_requests, outcount,
               array_of_indices, array_of_statuses, ierr)
     10419          |                                                          
                                1
  >> 10420    Error: Type mismatch between actual argument at (1) and actual ar
              gument at (2) (REAL(8)/INTEGER(4)).
     10421    mpi_testall_f90.f90:22:51:
     10422    
     10423       10 |   call MPI_Testall(count, array_of_requests, flag, array_
              of_statuses, ierr)
     10424          |                                                   2
     10425    ......
     10426       22 |   call MPI_Testall(count, array_of_requests, flag, array_
              of_statuses, ierr)
     10427          |                                                   1
  >> 10428    Error: Type mismatch between actual argument at (1) and actual ar
              gument at (2) (REAL(8)/INTEGER(4)).
  >> 10429    make[5]: *** [mpi_testsome_f90.lo] Error 1
     10430    make[5]: *** Waiting for unfinished jobs....
  >> 10431    make[5]: *** [mpi_testall_f90.lo] Error 1
     10432    libtool: compile:  /p/vast1/build/spack/lib/spack/env/gcc/gfortra
              n -I../../../ompi/include -I/var/tmp/sochat1/spack-stage/spack-st
              age-openmpi-1.2-6j3xkej42gtvvgnvboh5vcnqdrobrziz/spack-src/ompi/i
              nclude -I. -I/var/tmp/sochat1/spack-stage/spack-stage-openmpi-1.2
              -6j3xkej42gtvvgnvboh5vcnqdrobrziz/spack-src/ompi/mpi/f90 -I../../
              ../ompi/mpi/f90 -c mpi_wtime_f90.f90 -o mpi_wtime_f90.o >/dev/nul
              l 2>&1
     10433    libtool: compile:  /p/vast1/build/spack/lib/spack/env/gcc/gfortra
              n -I../../../ompi/include -I/var/tmp/sochat1/spack-stage/spack-st
              age-openmpi-1.2-6j3xkej42gtvvgnvboh5vcnqdrobrziz/spack-src/ompi/i
              nclude -I. -I/var/tmp/sochat1/spack-stage/spack-stage-openmpi-1.2
              -6j3xkej42gtvvgnvboh5vcnqdrobrziz/spack-src/ompi/mpi/f90 -I../../
              ../ompi/mpi/f90 -c mpi_wtick_f90.f90 -o mpi_wtick_f90.o >/dev/nul
              l 2>&1
     10434    libtool: compile:  /p/vast1/build/spack/lib/spack/env/gcc/gfortra
              n -I../../../ompi/include -I/var/tmp/sochat1/spack-stage/spack-st
              age-openmpi-1.2-6j3xkej42gtvvgnvboh5vcnqdrobrziz/spack-src/ompi/i
              nclude -I. -I/var/tmp/sochat1/spack-stage/spack-stage-openmpi-1.2
              -6j3xkej42gtvvgnvboh5vcnqdrobrziz/spack-src/ompi/mpi/f90 -I../../
              ../ompi/mpi/f90 -c mpi_sizeof.f90 -o mpi_sizeof.o >/dev/null 2>&1
     10435    libtool: compile:  /p/vast1/build/spack/lib/spack/env/gcc/gfortra
              n -I../../../ompi/include -I/var/tmp/sochat1/spack-stage/spack-st
              age-openmpi-1.2-6j3xkej42gtvvgnvboh5vcnqdrobrziz/spack-src/ompi/i
              nclude -I. -I/var/tmp/sochat1/spack-stage/spack-stage-openmpi-1.2
              -6j3xkej42gtvvgnvboh5vcnqdrobrziz/spack-src/ompi/mpi/f90 -I../../
              ../ompi/mpi/f90 -c mpi.f90 -o mpi.o >/dev/null 2>&1
     10436    make[5]: Leaving directory `/tmp/sochat1/spack-stage/spack-stage-
              openmpi-1.2-6j3xkej42gtvvgnvboh5vcnqdrobrziz/spack-src/ompi/mpi/f
              90'
  >> 10437    make[4]: *** [all-recursive] Error 1
     10438    make[4]: Leaving directory `/tmp/sochat1/spack-stage/spack-stage-
              openmpi-1.2-6j3xkej42gtvvgnvboh5vcnqdrobrziz/spack-src/ompi/mpi/f
              90'
  >> 10439    make[3]: *** [all] Error 2
     10440    make[3]: Leaving directory `/tmp/sochat1/spack-stage/spack-stage-
              openmpi-1.2-6j3xkej42gtvvgnvboh5vcnqdrobrziz/spack-src/ompi/mpi/f
              90'
  >> 10441    make[2]: *** [all-recursive] Error 1
     10442    make[2]: Leaving directory `/tmp/sochat1/spack-stage/spack-stage-
              openmpi-1.2-6j3xkej42gtvvgnvboh5vcnqdrobrziz/spack-src/ompi/mpi'
  >> 10443    make[1]: *** [all-recursive] Error 1
     10444    make[1]: Leaving directory `/tmp/sochat1/spack-stage/spack-stage-
              openmpi-1.2-6j3xkej42gtvvgnvboh5vcnqdrobrziz/spack-src/ompi'
  >> 10445    make: *** [all-recursive] Error 1

See build log for details:
  /var/tmp/sochat1/spack-stage/spack-stage-openmpi-1.2-6j3xkej42gtvvgnvboh5vcnqdrobrziz/spack-build-out.txt

Making predictions for spack-test
Making predictions for symbolator
Making predictions for libabigail
abicompat not found on path, will look for spack instead.
Making predictions for actual
