/var/spool/slurmd/job98000/slurm_script: line 12: 57247 Killed                  spliced splice --package openmpi@1.3.4 --splice zlib --runner spack --replace zlib --experiment experiment --outfile /p/vast1/build/spliced-experiment/results/openmpi/1.3.4/zlib/experiment.json
==> Error: ProcessError: Command exited with status 1:
    '/var/tmp/sochat1/spack-stage/spack-stage-openmpi-1.3.4-v4cty4ky5gs44nsbp6jxllixlk77qgvp/spack-src/configure' '--prefix=/p/vast1/build/spack/opt/spack/linux-rhel7-broadwell/gcc-10.2.1/openmpi-1.3.4-v4cty4ky5gs44nsbp6jxllixlk77qgvp' '--enable-shared' '--disable-silent-rules' '--disable-builtin-atomics' '--enable-static' '--without-pmi' '--without-cma' '--without-hcoll' '--without-xpmem' '--without-fca' '--without-psm' '--without-psm2' '--without-ucx' '--without-mxm' '--without-knem' '--without-libfabric' '--without-openib' '--without-alps' '--without-tm' '--without-loadleveler' '--without-slurm' '--without-lsf' '--without-sge' '--disable-memchecker' '--with-gpfs' '--without-sqlite3' '--disable-wrapper-rpath' '--disable-mpi-cxx' '--disable-cxx-exceptions'

13 errors found in build log:
     4        configure: WARNING: unrecognized options: --disable-silent-rules,
               --disable-builtin-atomics, --without-pmi, --without-cma, --witho
              ut-hcoll, --without-xpmem, --without-fca, --without-psm2, --witho
              ut-ucx, --without-mxm, --without-knem, --without-libfabric, --wit
              h-gpfs, --without-sqlite3, --disable-wrapper-rpath
     5        checking for a BSD-compatible install... /usr/bin/install -c
     6        checking whether build environment is sane... yes
     7        checking for a thread-safe mkdir -p... /usr/bin/mkdir -p
     8        checking for gawk... gawk
     9        checking whether make sets $(MAKE)... yes
  >> 10       configure: error: source directory already configured; run "make 
              distclean" there first
     11       ==> openmpi: Executing phase: 'build'
     12       ==> [2022-03-03-10:19:41.632633] 'make' '-j16' 'V=1'
     13       Making all in config
     14       make[1]: Entering directory `/tmp/sochat1/spack-stage/spack-stage
              -openmpi-1.3.4-v4cty4ky5gs44nsbp6jxllixlk77qgvp/spack-src/config'
     15       make[1]: Nothing to be done for `all'.
     16       make[1]: Leaving directory `/tmp/sochat1/spack-stage/spack-stage-
              openmpi-1.3.4-v4cty4ky5gs44nsbp6jxllixlk77qgvp/spack-src/config'

     ...

     10903    
     10904        8 |   call MPI_Waitall(count, array_of_requests, array_of_sta
              tuses, ierr)
     10905          |                                             2
     10906    ......
     10907       18 |   call MPI_Waitall(count, array_of_requests, array_of_sta
              tuses, ierr)
     10908          |                                             1
  >> 10909    Error: Type mismatch between actual argument at (1) and actual ar
              gument at (2) (REAL(8)/INTEGER(4)).
     10910    mpi_waitsome_f90.f90:26:76:
     10911    
     10912       12 |   call MPI_Waitsome(incount, array_of_requests, outcount,
               array_of_indices, array_of_statuses, ierr)
     10913          |                                                          
                                2
     10914    ......
     10915       26 |   call MPI_Waitsome(incount, array_of_requests, outcount,
               array_of_indices, array_of_statuses, ierr)
     10916          |                                                          
                                1
  >> 10917    Error: Type mismatch between actual argument at (1) and actual ar
              gument at (2) (REAL(8)/INTEGER(4)).
  >> 10918    make[4]: *** [mpi_waitall_f90.lo] Error 1
     10919    make[4]: *** Waiting for unfinished jobs....
  >> 10920    make[4]: *** [mpi_waitsome_f90.lo] Error 1
     10921    mpi_testsome_f90.f90:26:76:
     10922    
     10923       12 |   call MPI_Testsome(incount, array_of_requests, outcount,
               array_of_indices, array_of_statuses, ierr)
     10924          |                                                          
                                2
     10925    ......
     10926       26 |   call MPI_Testsome(incount, array_of_requests, outcount,
               array_of_indices, array_of_statuses, ierr)
     10927          |                                                          
                                1
  >> 10928    Error: Type mismatch between actual argument at (1) and actual ar
              gument at (2) (REAL(8)/INTEGER(4)).
     10929    mpi_comm_spawn_multiple_f90.f90:36:57:
     10930    
     10931       16 |   call MPI_Comm_spawn_multiple(count, array_of_commands, 
              array_of_argv, &
     10932          |                                                         2
     10933    ......
     10934       36 |   call MPI_Comm_spawn_multiple(count, array_of_commands, 
              array_of_argv, &
     10935          |                                                         1
  >> 10936    Error: Type mismatch between actual argument at (1) and actual ar
              gument at (2) (REAL(8)/CHARACTER(*)).
  >> 10937    make[4]: *** [mpi_testsome_f90.lo] Error 1
  >> 10938    make[4]: *** [mpi_comm_spawn_multiple_f90.lo] Error 1
     10939    libtool: compile:  /p/vast1/build/spack/lib/spack/env/gcc/gfortra
              n -I../../../ompi/include -I/var/tmp/sochat1/spack-stage/spack-st
              age-openmpi-1.3.4-v4cty4ky5gs44nsbp6jxllixlk77qgvp/spack-src/ompi
              /include -I. -I/var/tmp/sochat1/spack-stage/spack-stage-openmpi-1
              .3.4-v4cty4ky5gs44nsbp6jxllixlk77qgvp/spack-src/ompi/mpi/f90 -I..
              /../../ompi/mpi/f90 -c mpi_wtick_f90.f90 -o mpi_wtick_f90.o >/dev
              /null 2>&1
     10940    libtool: compile:  /p/vast1/build/spack/lib/spack/env/gcc/gfortra
              n -I../../../ompi/include -I/var/tmp/sochat1/spack-stage/spack-st
              age-openmpi-1.3.4-v4cty4ky5gs44nsbp6jxllixlk77qgvp/spack-src/ompi
              /include -I. -I/var/tmp/sochat1/spack-stage/spack-stage-openmpi-1
              .3.4-v4cty4ky5gs44nsbp6jxllixlk77qgvp/spack-src/ompi/mpi/f90 -I..
              /../../ompi/mpi/f90 -c mpi_wtime_f90.f90 -o mpi_wtime_f90.o >/dev
              /null 2>&1
     10941    libtool: compile:  /p/vast1/build/spack/lib/spack/env/gcc/gfortra
              n -I../../../ompi/include -I/var/tmp/sochat1/spack-stage/spack-st
              age-openmpi-1.3.4-v4cty4ky5gs44nsbp6jxllixlk77qgvp/spack-src/ompi
              /include -I. -I/var/tmp/sochat1/spack-stage/spack-stage-openmpi-1
              .3.4-v4cty4ky5gs44nsbp6jxllixlk77qgvp/spack-src/ompi/mpi/f90 -I..
              /../../ompi/mpi/f90 -c mpi_sizeof.f90 -o mpi_sizeof.o >/dev/null 
              2>&1
     10942    libtool: compile:  /p/vast1/build/spack/lib/spack/env/gcc/gfortra
              n -I../../../ompi/include -I/var/tmp/sochat1/spack-stage/spack-st
              age-openmpi-1.3.4-v4cty4ky5gs44nsbp6jxllixlk77qgvp/spack-src/ompi
              /include -I. -I/var/tmp/sochat1/spack-stage/spack-stage-openmpi-1
              .3.4-v4cty4ky5gs44nsbp6jxllixlk77qgvp/spack-src/ompi/mpi/f90 -I..
              /../../ompi/mpi/f90 -c mpi.f90 -o mpi.o >/dev/null 2>&1
     10943    make[4]: Leaving directory `/tmp/sochat1/spack-stage/spack-stage-
              openmpi-1.3.4-v4cty4ky5gs44nsbp6jxllixlk77qgvp/spack-src/ompi/mpi
              /f90'
  >> 10944    make[3]: *** [all-recursive] Error 1
     10945    make[3]: Leaving directory `/tmp/sochat1/spack-stage/spack-stage-
              openmpi-1.3.4-v4cty4ky5gs44nsbp6jxllixlk77qgvp/spack-src/ompi/mpi
              /f90'
  >> 10946    make[2]: *** [all] Error 2
     10947    make[2]: Leaving directory `/tmp/sochat1/spack-stage/spack-stage-
              openmpi-1.3.4-v4cty4ky5gs44nsbp6jxllixlk77qgvp/spack-src/ompi/mpi
              /f90'
  >> 10948    make[1]: *** [all-recursive] Error 1
     10949    make[1]: Leaving directory `/tmp/sochat1/spack-stage/spack-stage-
              openmpi-1.3.4-v4cty4ky5gs44nsbp6jxllixlk77qgvp/spack-src/ompi'
  >> 10950    make: *** [all-recursive] Error 1

See build log for details:
  /var/tmp/sochat1/spack-stage/spack-stage-openmpi-1.3.4-v4cty4ky5gs44nsbp6jxllixlk77qgvp/spack-build-out.txt

Making predictions for spack-test
Making predictions for symbolator
Making predictions for libabigail
abicompat not found on path, will look for spack instead.
Making predictions for actual
