==> Error: ProcessError: Command exited with status 1:
    '/var/tmp/sochat1/spack-stage/spack-stage-openmpi-1.3.1-itrktuqstpq4zvgd7atj2ctitbxadnj5/spack-src/configure' '--prefix=/p/vast1/build/spack/opt/spack/linux-rhel7-broadwell/gcc-10.2.1/openmpi-1.3.1-itrktuqstpq4zvgd7atj2ctitbxadnj5' '--enable-shared' '--disable-silent-rules' '--disable-builtin-atomics' '--enable-static' '--without-pmi' '--without-mxm' '--without-hcoll' '--without-ucx' '--without-libfabric' '--without-psm2' '--without-cma' '--without-knem' '--without-fca' '--without-xpmem' '--without-psm' '--without-openib' '--without-loadleveler' '--without-lsf' '--without-sge' '--without-tm' '--without-slurm' '--without-alps' '--disable-memchecker' '--with-gpfs' '--without-sqlite3' '--disable-wrapper-rpath' '--disable-mpi-cxx' '--disable-cxx-exceptions'

9 errors found in build log:
     4        configure: WARNING: unrecognized options: --disable-silent-rules,
               --disable-builtin-atomics, --without-pmi, --without-mxm, --witho
              ut-hcoll, --without-ucx, --without-libfabric, --without-psm2, --w
              ithout-cma, --without-knem, --without-fca, --without-xpmem, --wit
              h-gpfs, --without-sqlite3, --disable-wrapper-rpath
     5        checking for a BSD-compatible install... /usr/bin/install -c
     6        checking whether build environment is sane... yes
     7        checking for a thread-safe mkdir -p... /usr/bin/mkdir -p
     8        checking for gawk... gawk
     9        checking whether make sets $(MAKE)... yes
  >> 10       configure: error: source directory already configured; run "make 
              distclean" there first
     11       ==> openmpi: Executing phase: 'build'
     12       ==> [2022-02-25-17:48:54.051858] 'make' '-j2' 'V=1'
     13       Making all in config
     14       make[1]: Entering directory `/tmp/sochat1/spack-stage/spack-stage
              -openmpi-1.3.1-itrktuqstpq4zvgd7atj2ctitbxadnj5/spack-src/config'
     15       make[1]: Nothing to be done for `all'.
     16       make[1]: Leaving directory `/tmp/sochat1/spack-stage/spack-stage-
              openmpi-1.3.1-itrktuqstpq4zvgd7atj2ctitbxadnj5/spack-src/config'

     ...

     10798    
     10799       16 |   call MPI_Comm_spawn_multiple(count, array_of_commands, 
              array_of_argv, &
     10800          |                                                         2
     10801    ......
     10802       36 |   call MPI_Comm_spawn_multiple(count, array_of_commands, 
              array_of_argv, &
     10803          |                                                         1
  >> 10804    Error: Type mismatch between actual argument at (1) and actual ar
              gument at (2) (REAL(8)/CHARACTER(*)).
  >> 10805    make[4]: *** [mpi_comm_spawn_multiple_f90.lo] Error 1
     10806    make[4]: *** Waiting for unfinished jobs....
     10807    libtool: compile:  /p/vast1/build/spack/lib/spack/env/gcc/gfortra
              n -I../../../ompi/include -I/var/tmp/sochat1/spack-stage/spack-st
              age-openmpi-1.3.1-itrktuqstpq4zvgd7atj2ctitbxadnj5/spack-src/ompi
              /include -I. -I/var/tmp/sochat1/spack-stage/spack-stage-openmpi-1
              .3.1-itrktuqstpq4zvgd7atj2ctitbxadnj5/spack-src/ompi/mpi/f90 -I..
              /../../ompi/mpi/f90 -c mpi_testall_f90.f90  -fPIC -o .libs/mpi_te
              stall_f90.o
     10808    mpi_testall_f90.f90:22:51:
     10809    
     10810       10 |   call MPI_Testall(count, array_of_requests, flag, array_
              of_statuses, ierr)
     10811          |                                                   2
     10812    ......
     10813       22 |   call MPI_Testall(count, array_of_requests, flag, array_
              of_statuses, ierr)
     10814          |                                                   1
  >> 10815    Error: Type mismatch between actual argument at (1) and actual ar
              gument at (2) (REAL(8)/INTEGER(4)).
  >> 10816    make[4]: *** [mpi_testall_f90.lo] Error 1
     10817    make[4]: Leaving directory `/tmp/sochat1/spack-stage/spack-stage-
              openmpi-1.3.1-itrktuqstpq4zvgd7atj2ctitbxadnj5/spack-src/ompi/mpi
              /f90'
  >> 10818    make[3]: *** [all-recursive] Error 1
     10819    make[3]: Leaving directory `/tmp/sochat1/spack-stage/spack-stage-
              openmpi-1.3.1-itrktuqstpq4zvgd7atj2ctitbxadnj5/spack-src/ompi/mpi
              /f90'
  >> 10820    make[2]: *** [all] Error 2
     10821    make[2]: Leaving directory `/tmp/sochat1/spack-stage/spack-stage-
              openmpi-1.3.1-itrktuqstpq4zvgd7atj2ctitbxadnj5/spack-src/ompi/mpi
              /f90'
  >> 10822    make[1]: *** [all-recursive] Error 1
     10823    make[1]: Leaving directory `/tmp/sochat1/spack-stage/spack-stage-
              openmpi-1.3.1-itrktuqstpq4zvgd7atj2ctitbxadnj5/spack-src/ompi'
  >> 10824    make: *** [all-recursive] Error 1

See build log for details:
  /var/tmp/sochat1/spack-stage/spack-stage-openmpi-1.3.1-itrktuqstpq4zvgd7atj2ctitbxadnj5/spack-build-out.txt

Making predictions for symbolator
Making predictions for libabigail
Making predictions for actual
Making predictions for spack-test
Making predictions for symbolator
Making predictions for libabigail
abicompat not found on path, will look for spack instead.
Making predictions for actual
