==> Error: ProcessError: Command exited with status 1:
    '/var/tmp/sochat1/spack-stage/spack-stage-openmpi-1.2.2-ogeswioh6hklj2z4cabpbsx5fg47kvhi/spack-src/configure' '--prefix=/p/vast1/build/spack/opt/spack/linux-rhel7-broadwell/gcc-10.2.1/openmpi-1.2.2-ogeswioh6hklj2z4cabpbsx5fg47kvhi' '--enable-shared' '--disable-silent-rules' '--disable-builtin-atomics' '--enable-static' '--without-pmi' '--without-xpmem' '--without-psm2' '--without-libfabric' '--without-ucx' '--without-openib' '--without-fca' '--without-cma' '--without-knem' '--without-mxm' '--without-psm' '--without-hcoll' '--without-sge' '--without-alps' '--without-loadleveler' '--without-slurm' '--without-lsf' '--without-tm' '--disable-memchecker' '--with-gpfs' '--without-sqlite3' '--disable-wrapper-rpath' '--disable-mpi-cxx' '--disable-cxx-exceptions'

10 errors found in build log:
     2       ==> openmpi: Executing phase: 'configure'
     3       ==> [2022-02-25-21:59:41.960649] '/var/tmp/sochat1/spack-stage/spa
             ck-stage-openmpi-1.2.2-ogeswioh6hklj2z4cabpbsx5fg47kvhi/spack-src/
             configure' '--prefix=/p/vast1/build/spack/opt/spack/linux-rhel7-br
             oadwell/gcc-10.2.1/openmpi-1.2.2-ogeswioh6hklj2z4cabpbsx5fg47kvhi'
              '--enable-shared' '--disable-silent-rules' '--disable-builtin-ato
             mics' '--enable-static' '--without-pmi' '--without-xpmem' '--witho
             ut-psm2' '--without-libfabric' '--without-ucx' '--without-openib' 
             '--without-fca' '--without-cma' '--without-knem' '--without-mxm' '
             --without-psm' '--without-hcoll' '--without-sge' '--without-alps' 
             '--without-loadleveler' '--without-slurm' '--without-lsf' '--witho
             ut-tm' '--disable-memchecker' '--with-gpfs' '--without-sqlite3' '-
             -disable-wrapper-rpath' '--disable-mpi-cxx' '--disable-cxx-excepti
             ons'
     4       checking for a BSD-compatible install... /usr/bin/install -c
     5       checking whether build environment is sane... yes
     6       checking for gawk... gawk
     7       checking whether make sets $(MAKE)... yes
  >> 8       configure: error: source directory already configured; run "make d
             istclean" there first
     9       ==> openmpi: Executing phase: 'build'
     10      ==> [2022-02-25-14:21:47.240937] 'make' '-j2' 'V=1'
     11      Making all in config
     12      make[1]: Entering directory `/tmp/sochat1/spack-stage/spack-stage-
             openmpi-1.2.2-ogeswioh6hklj2z4cabpbsx5fg47kvhi/spack-src/config'
     13      make[1]: Nothing to be done for `all'.
     14      make[1]: Leaving directory `/tmp/sochat1/spack-stage/spack-stage-o
             penmpi-1.2.2-ogeswioh6hklj2z4cabpbsx5fg47kvhi/spack-src/config'

     ...

     8547    
     8548       16 |   call MPI_Comm_spawn_multiple(count, array_of_commands, a
             rray_of_argv, &
     8549          |                                                         2
     8550    ......
     8551       36 |   call MPI_Comm_spawn_multiple(count, array_of_commands, a
             rray_of_argv, &
     8552          |                                                         1
  >> 8553    Error: Type mismatch between actual argument at (1) and actual arg
             ument at (2) (REAL(8)/CHARACTER(*)).
  >> 8554    make[5]: *** [mpi_comm_spawn_multiple_f90.lo] Error 1
     8555    make[5]: *** Waiting for unfinished jobs....
     8556    libtool: compile:  /p/vast1/build/spack/lib/spack/env/gcc/gfortran
              -I../../../ompi/include -I/var/tmp/sochat1/spack-stage/spack-stag
             e-openmpi-1.2.2-ogeswioh6hklj2z4cabpbsx5fg47kvhi/spack-src/ompi/in
             clude -I. -I/var/tmp/sochat1/spack-stage/spack-stage-openmpi-1.2.2
             -ogeswioh6hklj2z4cabpbsx5fg47kvhi/spack-src/ompi/mpi/f90 -I../../.
             ./ompi/mpi/f90 -c mpi_testall_f90.f90  -fPIC -o .libs/mpi_testall_
             f90.o
     8557    mpi_testall_f90.f90:22:51:
     8558    
     8559       10 |   call MPI_Testall(count, array_of_requests, flag, array_o
             f_statuses, ierr)
     8560          |                                                   2
     8561    ......
     8562       22 |   call MPI_Testall(count, array_of_requests, flag, array_o
             f_statuses, ierr)
     8563          |                                                   1
  >> 8564    Error: Type mismatch between actual argument at (1) and actual arg
             ument at (2) (REAL(8)/INTEGER(4)).
  >> 8565    make[5]: *** [mpi_testall_f90.lo] Error 1
     8566    make[5]: Leaving directory `/tmp/sochat1/spack-stage/spack-stage-o
             penmpi-1.2.2-ogeswioh6hklj2z4cabpbsx5fg47kvhi/spack-src/ompi/mpi/f
             90'
  >> 8567    make[4]: *** [all-recursive] Error 1
     8568    make[4]: Leaving directory `/tmp/sochat1/spack-stage/spack-stage-o
             penmpi-1.2.2-ogeswioh6hklj2z4cabpbsx5fg47kvhi/spack-src/ompi/mpi/f
             90'
  >> 8569    make[3]: *** [all] Error 2
     8570    make[3]: Leaving directory `/tmp/sochat1/spack-stage/spack-stage-o
             penmpi-1.2.2-ogeswioh6hklj2z4cabpbsx5fg47kvhi/spack-src/ompi/mpi/f
             90'
  >> 8571    make[2]: *** [all-recursive] Error 1
     8572    make[2]: Leaving directory `/tmp/sochat1/spack-stage/spack-stage-o
             penmpi-1.2.2-ogeswioh6hklj2z4cabpbsx5fg47kvhi/spack-src/ompi/mpi'
  >> 8573    make[1]: *** [all-recursive] Error 1
     8574    make[1]: Leaving directory `/tmp/sochat1/spack-stage/spack-stage-o
             penmpi-1.2.2-ogeswioh6hklj2z4cabpbsx5fg47kvhi/spack-src/ompi'
  >> 8575    make: *** [all-recursive] Error 1

See build log for details:
  /var/tmp/sochat1/spack-stage/spack-stage-openmpi-1.2.2-ogeswioh6hklj2z4cabpbsx5fg47kvhi/spack-build-out.txt

Making predictions for symbolator
Making predictions for libabigail
Making predictions for actual
==> Error: ProcessError: Command exited with status 2:
    'make' '-j16' 'V=1'

15 errors found in build log:
     10442    
     10443       16 |   call MPI_Comm_spawn_multiple(count, array_of_commands, 
              array_of_argv, &
     10444          |                                                         2
     10445    ......
     10446       36 |   call MPI_Comm_spawn_multiple(count, array_of_commands, 
              array_of_argv, &
     10447          |                                                         1
  >> 10448    Error: Type mismatch between actual argument at (1) and actual ar
              gument at (2) (REAL(8)/CHARACTER(*)).
  >> 10449    make[5]: *** [mpi_comm_spawn_multiple_f90.lo] Error 1
     10450    make[5]: *** Waiting for unfinished jobs....
     10451    mpi_testsome_f90.f90:26:76:
     10452    
     10453       12 |   call MPI_Testsome(incount, array_of_requests, outcount,
               array_of_indices, array_of_statuses, ierr)
     10454          |                                                          
                                2
     10455    ......
     10456       26 |   call MPI_Testsome(incount, array_of_requests, outcount,
               array_of_indices, array_of_statuses, ierr)
     10457          |                                                          
                                1
  >> 10458    Error: Type mismatch between actual argument at (1) and actual ar
              gument at (2) (REAL(8)/INTEGER(4)).
     10459    mpi_waitsome_f90.f90:26:76:
     10460    
     10461       12 |   call MPI_Waitsome(incount, array_of_requests, outcount,
               array_of_indices, array_of_statuses, ierr)
     10462          |                                                          
                                2
     10463    ......
     10464       26 |   call MPI_Waitsome(incount, array_of_requests, outcount,
               array_of_indices, array_of_statuses, ierr)
     10465          |                                                          
                                1
  >> 10466    Error: Type mismatch between actual argument at (1) and actual ar
              gument at (2) (REAL(8)/INTEGER(4)).
  >> 10467    make[5]: *** [mpi_testsome_f90.lo] Error 1
  >> 10468    make[5]: *** [mpi_waitsome_f90.lo] Error 1
     10469    mpi_waitall_f90.f90:18:45:
     10470    
     10471        8 |   call MPI_Waitall(count, array_of_requests, array_of_sta
              tuses, ierr)
     10472          |                                             2
     10473    ......
     10474       18 |   call MPI_Waitall(count, array_of_requests, array_of_sta
              tuses, ierr)
     10475          |                                             1
  >> 10476    Error: Type mismatch between actual argument at (1) and actual ar
              gument at (2) (REAL(8)/INTEGER(4)).
     10477    mpi_testall_f90.f90:22:51:
     10478    
     10479       10 |   call MPI_Testall(count, array_of_requests, flag, array_
              of_statuses, ierr)
     10480          |                                                   2
     10481    ......
     10482       22 |   call MPI_Testall(count, array_of_requests, flag, array_
              of_statuses, ierr)
     10483          |                                                   1
  >> 10484    Error: Type mismatch between actual argument at (1) and actual ar
              gument at (2) (REAL(8)/INTEGER(4)).
  >> 10485    make[5]: *** [mpi_waitall_f90.lo] Error 1
  >> 10486    make[5]: *** [mpi_testall_f90.lo] Error 1
     10487    libtool: compile:  /p/vast1/build/spack/lib/spack/env/gcc/gfortra
              n -I../../../ompi/include -I/var/tmp/sochat1/spack-stage/spack-st
              age-openmpi-1.2.2-ogeswioh6hklj2z4cabpbsx5fg47kvhi/spack-src/ompi
              /include -I. -I/var/tmp/sochat1/spack-stage/spack-stage-openmpi-1
              .2.2-ogeswioh6hklj2z4cabpbsx5fg47kvhi/spack-src/ompi/mpi/f90 -I..
              /../../ompi/mpi/f90 -c mpi_wtick_f90.f90 -o mpi_wtick_f90.o >/dev
              /null 2>&1
     10488    libtool: compile:  /p/vast1/build/spack/lib/spack/env/gcc/gfortra
              n -I../../../ompi/include -I/var/tmp/sochat1/spack-stage/spack-st
              age-openmpi-1.2.2-ogeswioh6hklj2z4cabpbsx5fg47kvhi/spack-src/ompi
              /include -I. -I/var/tmp/sochat1/spack-stage/spack-stage-openmpi-1
              .2.2-ogeswioh6hklj2z4cabpbsx5fg47kvhi/spack-src/ompi/mpi/f90 -I..
              /../../ompi/mpi/f90 -c mpi_wtime_f90.f90 -o mpi_wtime_f90.o >/dev
              /null 2>&1
     10489    libtool: compile:  /p/vast1/build/spack/lib/spack/env/gcc/gfortra
              n -I../../../ompi/include -I/var/tmp/sochat1/spack-stage/spack-st
              age-openmpi-1.2.2-ogeswioh6hklj2z4cabpbsx5fg47kvhi/spack-src/ompi
              /include -I. -I/var/tmp/sochat1/spack-stage/spack-stage-openmpi-1
              .2.2-ogeswioh6hklj2z4cabpbsx5fg47kvhi/spack-src/ompi/mpi/f90 -I..
              /../../ompi/mpi/f90 -c mpi_sizeof.f90 -o mpi_sizeof.o >/dev/null 
              2>&1
     10490    libtool: compile:  /p/vast1/build/spack/lib/spack/env/gcc/gfortra
              n -I../../../ompi/include -I/var/tmp/sochat1/spack-stage/spack-st
              age-openmpi-1.2.2-ogeswioh6hklj2z4cabpbsx5fg47kvhi/spack-src/ompi
              /include -I. -I/var/tmp/sochat1/spack-stage/spack-stage-openmpi-1
              .2.2-ogeswioh6hklj2z4cabpbsx5fg47kvhi/spack-src/ompi/mpi/f90 -I..
              /../../ompi/mpi/f90 -c mpi.f90 -o mpi.o >/dev/null 2>&1
     10491    make[5]: Leaving directory `/tmp/sochat1/spack-stage/spack-stage-
              openmpi-1.2.2-ogeswioh6hklj2z4cabpbsx5fg47kvhi/spack-src/ompi/mpi
              /f90'
  >> 10492    make[4]: *** [all-recursive] Error 1
     10493    make[4]: Leaving directory `/tmp/sochat1/spack-stage/spack-stage-
              openmpi-1.2.2-ogeswioh6hklj2z4cabpbsx5fg47kvhi/spack-src/ompi/mpi
              /f90'
  >> 10494    make[3]: *** [all] Error 2
     10495    make[3]: Leaving directory `/tmp/sochat1/spack-stage/spack-stage-
              openmpi-1.2.2-ogeswioh6hklj2z4cabpbsx5fg47kvhi/spack-src/ompi/mpi
              /f90'
  >> 10496    make[2]: *** [all-recursive] Error 1
     10497    make[2]: Leaving directory `/tmp/sochat1/spack-stage/spack-stage-
              openmpi-1.2.2-ogeswioh6hklj2z4cabpbsx5fg47kvhi/spack-src/ompi/mpi
              '
  >> 10498    make[1]: *** [all-recursive] Error 1
     10499    make[1]: Leaving directory `/tmp/sochat1/spack-stage/spack-stage-
              openmpi-1.2.2-ogeswioh6hklj2z4cabpbsx5fg47kvhi/spack-src/ompi'
  >> 10500    make: *** [all-recursive] Error 1

See build log for details:
  /var/tmp/sochat1/spack-stage/spack-stage-openmpi-1.2.2-ogeswioh6hklj2z4cabpbsx5fg47kvhi/spack-build-out.txt

Making predictions for spack-test
Making predictions for symbolator
Making predictions for libabigail
abicompat not found on path, will look for spack instead.
Making predictions for actual
