/var/spool/slurmd/job97923/slurm_script: line 12: 57232 Killed                  spliced splice --package openmpi@1.5.1 --splice pkgconf --runner spack --replace pkgconf --experiment experiment --outfile /p/vast1/build/spliced-experiment/results/openmpi/1.5.1/pkgconf/experiment.json
==> Error: ProcessError: Command exited with status 1:
    '/var/tmp/sochat1/spack-stage/spack-stage-openmpi-1.5.1-zatch4jiugo2pm2zc4dnmi2ocvnkjxup/spack-src/configure' '--prefix=/p/vast1/build/spack/opt/spack/linux-rhel7-broadwell/gcc-10.2.1/openmpi-1.5.1-zatch4jiugo2pm2zc4dnmi2ocvnkjxup' '--enable-shared' '--disable-silent-rules' '--disable-builtin-atomics' '--enable-static' '--without-pmi' '--without-knem' '--without-ucx' '--without-libfabric' '--without-openib' '--without-fca' '--without-psm' '--without-psm2' '--without-xpmem' '--without-cma' '--without-hcoll' '--without-mxm' '--without-loadleveler' '--without-tm' '--without-sge' '--without-slurm' '--without-lsf' '--without-alps' '--disable-memchecker' '--with-gpfs' '--without-sqlite3' '--disable-wrapper-rpath' '--disable-mpi-cxx' '--disable-cxx-exceptions'

15 errors found in build log:
     4        configure: WARNING: unrecognized options: --disable-builtin-atomi
              cs, --without-pmi, --without-ucx, --without-libfabric, --without-
              psm2, --without-xpmem, --without-cma, --without-hcoll, --without-
              mxm, --with-gpfs, --without-sqlite3, --disable-wrapper-rpath
     5        checking for a BSD-compatible install... /usr/bin/install -c
     6        checking whether build environment is sane... yes
     7        checking for a thread-safe mkdir -p... /usr/bin/mkdir -p
     8        checking for gawk... gawk
     9        checking whether make sets $(MAKE)... yes
  >> 10       configure: error: source directory already configured; run "make 
              distclean" there first
     11       ==> openmpi: Executing phase: 'build'
     12       ==> [2022-03-02-01:11:08.783061] 'make' '-j16' 'V=1'
     13       Making all in config
     14       make[1]: Entering directory `/tmp/sochat1/spack-stage/spack-stage
              -openmpi-1.5.1-zatch4jiugo2pm2zc4dnmi2ocvnkjxup/spack-src/config'
     15       make[1]: Nothing to be done for `all'.
     16       make[1]: Leaving directory `/tmp/sochat1/spack-stage/spack-stage-
              openmpi-1.5.1-zatch4jiugo2pm2zc4dnmi2ocvnkjxup/spack-src/config'

     ...

     11508    
     11509       10 |   call MPI_Testall(count, array_of_requests, flag, array_
              of_statuses, ierr)
     11510          |                                                   2
     11511    ......
     11512       22 |   call MPI_Testall(count, array_of_requests, flag, array_
              of_statuses, ierr)
     11513          |                                                   1
  >> 11514    Error: Type mismatch between actual argument at (1) and actual ar
              gument at (2) (REAL(8)/INTEGER(4)).
     11515    mpi_waitsome_f90.f90:26:76:
     11516    
     11517       12 |   call MPI_Waitsome(incount, array_of_requests, outcount,
               array_of_indices, array_of_statuses, ierr)
     11518          |                                                          
                                2
     11519    ......
     11520       26 |   call MPI_Waitsome(incount, array_of_requests, outcount,
               array_of_indices, array_of_statuses, ierr)
     11521          |                                                          
                                1
  >> 11522    Error: Type mismatch between actual argument at (1) and actual ar
              gument at (2) (REAL(8)/INTEGER(4)).
     11523    mpi_testsome_f90.f90:26:76:
     11524    
     11525       12 |   call MPI_Testsome(incount, array_of_requests, outcount,
               array_of_indices, array_of_statuses, ierr)
     11526          |                                                          
                                2
     11527    ......
     11528       26 |   call MPI_Testsome(incount, array_of_requests, outcount,
               array_of_indices, array_of_statuses, ierr)
     11529          |                                                          
                                1
  >> 11530    Error: Type mismatch between actual argument at (1) and actual ar
              gument at (2) (REAL(8)/INTEGER(4)).
  >> 11531    make[4]: *** [mpi_testall_f90.lo] Error 1
     11532    make[4]: *** Waiting for unfinished jobs....
     11533    mpi_comm_spawn_multiple_f90.f90:36:57:
     11534    
     11535       16 |   call MPI_Comm_spawn_multiple(count, array_of_commands, 
              array_of_argv, &
     11536          |                                                         2
     11537    ......
     11538       36 |   call MPI_Comm_spawn_multiple(count, array_of_commands, 
              array_of_argv, &
     11539          |                                                         1
  >> 11540    Error: Type mismatch between actual argument at (1) and actual ar
              gument at (2) (REAL(8)/CHARACTER(*)).
  >> 11541    make[4]: *** [mpi_waitsome_f90.lo] Error 1
  >> 11542    make[4]: *** [mpi_testsome_f90.lo] Error 1
     11543    mpi_waitall_f90.f90:18:45:
     11544    
     11545        8 |   call MPI_Waitall(count, array_of_requests, array_of_sta
              tuses, ierr)
     11546          |                                             2
     11547    ......
     11548       18 |   call MPI_Waitall(count, array_of_requests, array_of_sta
              tuses, ierr)
     11549          |                                             1
  >> 11550    Error: Type mismatch between actual argument at (1) and actual ar
              gument at (2) (REAL(8)/INTEGER(4)).
  >> 11551    make[4]: *** [mpi_comm_spawn_multiple_f90.lo] Error 1
  >> 11552    make[4]: *** [mpi_waitall_f90.lo] Error 1
     11553    libtool: compile:  /p/vast1/build/spack/lib/spack/env/gcc/gfortra
              n -I../../../ompi/include -I/var/tmp/sochat1/spack-stage/spack-st
              age-openmpi-1.5.1-zatch4jiugo2pm2zc4dnmi2ocvnkjxup/spack-src/ompi
              /include -I. -I/var/tmp/sochat1/spack-stage/spack-stage-openmpi-1
              .5.1-zatch4jiugo2pm2zc4dnmi2ocvnkjxup/spack-src/ompi/mpi/f90 -I..
              /../../ompi/mpi/f90 -c mpi_wtick_f90.f90 -o mpi_wtick_f90.o >/dev
              /null 2>&1
     11554    libtool: compile:  /p/vast1/build/spack/lib/spack/env/gcc/gfortra
              n -I../../../ompi/include -I/var/tmp/sochat1/spack-stage/spack-st
              age-openmpi-1.5.1-zatch4jiugo2pm2zc4dnmi2ocvnkjxup/spack-src/ompi
              /include -I. -I/var/tmp/sochat1/spack-stage/spack-stage-openmpi-1
              .5.1-zatch4jiugo2pm2zc4dnmi2ocvnkjxup/spack-src/ompi/mpi/f90 -I..
              /../../ompi/mpi/f90 -c mpi_wtime_f90.f90 -o mpi_wtime_f90.o >/dev
              /null 2>&1
     11555    libtool: compile:  /p/vast1/build/spack/lib/spack/env/gcc/gfortra
              n -I../../../ompi/include -I/var/tmp/sochat1/spack-stage/spack-st
              age-openmpi-1.5.1-zatch4jiugo2pm2zc4dnmi2ocvnkjxup/spack-src/ompi
              /include -I. -I/var/tmp/sochat1/spack-stage/spack-stage-openmpi-1
              .5.1-zatch4jiugo2pm2zc4dnmi2ocvnkjxup/spack-src/ompi/mpi/f90 -I..
              /../../ompi/mpi/f90 -c mpi_sizeof.f90 -o mpi_sizeof.o >/dev/null 
              2>&1
     11556    libtool: compile:  /p/vast1/build/spack/lib/spack/env/gcc/gfortra
              n -I../../../ompi/include -I/var/tmp/sochat1/spack-stage/spack-st
              age-openmpi-1.5.1-zatch4jiugo2pm2zc4dnmi2ocvnkjxup/spack-src/ompi
              /include -I. -I/var/tmp/sochat1/spack-stage/spack-stage-openmpi-1
              .5.1-zatch4jiugo2pm2zc4dnmi2ocvnkjxup/spack-src/ompi/mpi/f90 -I..
              /../../ompi/mpi/f90 -c mpi.f90 -o mpi.o >/dev/null 2>&1
     11557    make[4]: Leaving directory `/tmp/sochat1/spack-stage/spack-stage-
              openmpi-1.5.1-zatch4jiugo2pm2zc4dnmi2ocvnkjxup/spack-src/ompi/mpi
              /f90'
  >> 11558    make[3]: *** [all-recursive] Error 1
     11559    make[3]: Leaving directory `/tmp/sochat1/spack-stage/spack-stage-
              openmpi-1.5.1-zatch4jiugo2pm2zc4dnmi2ocvnkjxup/spack-src/ompi/mpi
              /f90'
  >> 11560    make[2]: *** [all] Error 2
     11561    make[2]: Leaving directory `/tmp/sochat1/spack-stage/spack-stage-
              openmpi-1.5.1-zatch4jiugo2pm2zc4dnmi2ocvnkjxup/spack-src/ompi/mpi
              /f90'
  >> 11562    make[1]: *** [all-recursive] Error 1
     11563    make[1]: Leaving directory `/tmp/sochat1/spack-stage/spack-stage-
              openmpi-1.5.1-zatch4jiugo2pm2zc4dnmi2ocvnkjxup/spack-src/ompi'
  >> 11564    make: *** [all-recursive] Error 1

See build log for details:
  /var/tmp/sochat1/spack-stage/spack-stage-openmpi-1.5.1-zatch4jiugo2pm2zc4dnmi2ocvnkjxup/spack-build-out.txt

Making predictions for spack-test
Making predictions for symbolator
Making predictions for libabigail
abicompat not found on path, will look for spack instead.
Making predictions for actual
