==> Error: Failed to upgrade to a write lock for openmpi-1.1.5-bucvf7khf33x7urtvsbxxzb4oxshpn35 due to LockUpgradeError: Cannot upgrade lock from read to write on file: /p/vast1/build/spack/opt/spack/.spack-db/prefix_lock
==> Warning: AssertionError exception when releasing read lock for openmpi-1.1.5-bucvf7khf33x7urtvsbxxzb4oxshpn35: 
Making predictions for symbolator
Making predictions for libabigail
Making predictions for actual
==> Error: ProcessError: Command exited with status 2:
    'make' '-j16' 'V=1'

14 errors found in build log:
     10252    
     10253        8 |   call MPI_Waitall(count, array_of_requests, array_of_sta
              tuses, ierr)
     10254          |                                             2
     10255    ......
     10256       18 |   call MPI_Waitall(count, array_of_requests, array_of_sta
              tuses, ierr)
     10257          |                                             1
  >> 10258    Error: Type mismatch between actual argument at (1) and actual ar
              gument at (2) (REAL(8)/INTEGER(4)).
     10259    mpi_testall_f90.f90:22:51:
     10260    
     10261       10 |   call MPI_Testall(count, array_of_requests, flag, array_
              of_statuses, ierr)
     10262          |                                                   2
     10263    ......
     10264       22 |   call MPI_Testall(count, array_of_requests, flag, array_
              of_statuses, ierr)
     10265          |                                                   1
  >> 10266    Error: Type mismatch between actual argument at (1) and actual ar
              gument at (2) (REAL(8)/INTEGER(4)).
     10267    mpi_testsome_f90.f90:26:76:
     10268    
     10269       12 |   call MPI_Testsome(incount, array_of_requests, outcount,
               array_of_indices, array_of_statuses, ierr)
     10270          |                                                          
                                2
     10271    ......
     10272       26 |   call MPI_Testsome(incount, array_of_requests, outcount,
               array_of_indices, array_of_statuses, ierr)
     10273          |                                                          
                                1
  >> 10274    Error: Type mismatch between actual argument at (1) and actual ar
              gument at (2) (REAL(8)/INTEGER(4)).
  >> 10275    make[4]: *** [mpi_waitall_f90.o] Error 1
     10276    make[4]: *** Waiting for unfinished jobs....
  >> 10277    make[4]: *** [mpi_testall_f90.o] Error 1
  >> 10278    make[4]: *** [mpi_testsome_f90.o] Error 1
     10279    mpi_waitsome_f90.f90:26:76:
     10280    
     10281       12 |   call MPI_Waitsome(incount, array_of_requests, outcount,
               array_of_indices, array_of_statuses, ierr)
     10282          |                                                          
                                2
     10283    ......
     10284       26 |   call MPI_Waitsome(incount, array_of_requests, outcount,
               array_of_indices, array_of_statuses, ierr)
     10285          |                                                          
                                1
  >> 10286    Error: Type mismatch between actual argument at (1) and actual ar
              gument at (2) (REAL(8)/INTEGER(4)).
  >> 10287    make[4]: *** [mpi_waitsome_f90.o] Error 1
     10288    mpi_comm_spawn_multiple_f90.f90:36:57:
     10289    
     10290       16 |   call MPI_Comm_spawn_multiple(count, array_of_commands, 
              array_of_argv, &
     10291          |                                                         2
     10292    ......
     10293       36 |   call MPI_Comm_spawn_multiple(count, array_of_commands, 
              array_of_argv, &
     10294          |                                                         1
  >> 10295    Error: Type mismatch between actual argument at (1) and actual ar
              gument at (2) (REAL(8)/CHARACTER(*)).
  >> 10296    make[4]: *** [mpi_comm_spawn_multiple_f90.o] Error 1
     10297    make[4]: Leaving directory `/tmp/sochat1/spack-stage/spack-stage-
              openmpi-1.1.5-bucvf7khf33x7urtvsbxxzb4oxshpn35/spack-src/ompi/mpi
              /f90'
  >> 10298    make[3]: *** [all-recursive] Error 1
     10299    make[3]: Leaving directory `/tmp/sochat1/spack-stage/spack-stage-
              openmpi-1.1.5-bucvf7khf33x7urtvsbxxzb4oxshpn35/spack-src/ompi/mpi
              /f90'
  >> 10300    make[2]: *** [all-recursive] Error 1
     10301    make[2]: Leaving directory `/tmp/sochat1/spack-stage/spack-stage-
              openmpi-1.1.5-bucvf7khf33x7urtvsbxxzb4oxshpn35/spack-src/ompi/mpi
              '
  >> 10302    make[1]: *** [all-recursive] Error 1
     10303    make[1]: Leaving directory `/tmp/sochat1/spack-stage/spack-stage-
              openmpi-1.1.5-bucvf7khf33x7urtvsbxxzb4oxshpn35/spack-src/ompi'
  >> 10304    make: *** [all-recursive] Error 1

See build log for details:
  /var/tmp/sochat1/spack-stage/spack-stage-openmpi-1.1.5-bucvf7khf33x7urtvsbxxzb4oxshpn35/spack-build-out.txt

Making predictions for spack-test
Making predictions for symbolator
Making predictions for libabigail
abicompat not found on path, will look for spack instead.
Making predictions for actual
