/var/spool/slurmd/job97869/slurm_script: line 12: 38939 Killed                  spliced splice --package openmpi@1.2.4 --splice pkgconf --runner spack --replace pkgconf --experiment experiment --outfile /p/vast1/build/spliced-experiment/results/openmpi/1.2.4/pkgconf/experiment.json
==> Error: ProcessError: Command exited with status 2:
    'make' '-j16' 'V=1'

15 errors found in build log:
     10455    
     10456       12 |   call MPI_Testsome(incount, array_of_requests, outcount,
               array_of_indices, array_of_statuses, ierr)
     10457          |                                                          
                                2
     10458    ......
     10459       26 |   call MPI_Testsome(incount, array_of_requests, outcount,
               array_of_indices, array_of_statuses, ierr)
     10460          |                                                          
                                1
  >> 10461    Error: Type mismatch between actual argument at (1) and actual ar
              gument at (2) (REAL(8)/INTEGER(4)).
     10462    mpi_waitsome_f90.f90:26:76:
     10463    
     10464       12 |   call MPI_Waitsome(incount, array_of_requests, outcount,
               array_of_indices, array_of_statuses, ierr)
     10465          |                                                          
                                2
     10466    ......
     10467       26 |   call MPI_Waitsome(incount, array_of_requests, outcount,
               array_of_indices, array_of_statuses, ierr)
     10468          |                                                          
                                1
  >> 10469    Error: Type mismatch between actual argument at (1) and actual ar
              gument at (2) (REAL(8)/INTEGER(4)).
     10470    mpi_waitall_f90.f90:18:45:
     10471    
     10472        8 |   call MPI_Waitall(count, array_of_requests, array_of_sta
              tuses, ierr)
     10473          |                                             2
     10474    ......
     10475       18 |   call MPI_Waitall(count, array_of_requests, array_of_sta
              tuses, ierr)
     10476          |                                             1
  >> 10477    Error: Type mismatch between actual argument at (1) and actual ar
              gument at (2) (REAL(8)/INTEGER(4)).
     10478    mpi_testall_f90.f90:22:51:
     10479    
     10480       10 |   call MPI_Testall(count, array_of_requests, flag, array_
              of_statuses, ierr)
     10481          |                                                   2
     10482    ......
     10483       22 |   call MPI_Testall(count, array_of_requests, flag, array_
              of_statuses, ierr)
     10484          |                                                   1
  >> 10485    Error: Type mismatch between actual argument at (1) and actual ar
              gument at (2) (REAL(8)/INTEGER(4)).
  >> 10486    make[5]: *** [mpi_testsome_f90.lo] Error 1
     10487    make[5]: *** Waiting for unfinished jobs....
  >> 10488    make[5]: *** [mpi_waitall_f90.lo] Error 1
  >> 10489    make[5]: *** [mpi_waitsome_f90.lo] Error 1
     10490    mpi_comm_spawn_multiple_f90.f90:36:57:
     10491    
     10492       16 |   call MPI_Comm_spawn_multiple(count, array_of_commands, 
              array_of_argv, &
     10493          |                                                         2
     10494    ......
     10495       36 |   call MPI_Comm_spawn_multiple(count, array_of_commands, 
              array_of_argv, &
     10496          |                                                         1
  >> 10497    Error: Type mismatch between actual argument at (1) and actual ar
              gument at (2) (REAL(8)/CHARACTER(*)).
  >> 10498    make[5]: *** [mpi_testall_f90.lo] Error 1
  >> 10499    make[5]: *** [mpi_comm_spawn_multiple_f90.lo] Error 1
     10500    libtool: compile:  /p/vast1/build/spack/lib/spack/env/gcc/gfortra
              n -I../../../ompi/include -I/var/tmp/sochat1/spack-stage/spack-st
              age-openmpi-1.2.4-jsoztxegwf56l4ruguom2z64xe2vb243/spack-src/ompi
              /include -I. -I/var/tmp/sochat1/spack-stage/spack-stage-openmpi-1
              .2.4-jsoztxegwf56l4ruguom2z64xe2vb243/spack-src/ompi/mpi/f90 -I..
              /../../ompi/mpi/f90 -c mpi_wtick_f90.f90 -o mpi_wtick_f90.o >/dev
              /null 2>&1
     10501    libtool: compile:  /p/vast1/build/spack/lib/spack/env/gcc/gfortra
              n -I../../../ompi/include -I/var/tmp/sochat1/spack-stage/spack-st
              age-openmpi-1.2.4-jsoztxegwf56l4ruguom2z64xe2vb243/spack-src/ompi
              /include -I. -I/var/tmp/sochat1/spack-stage/spack-stage-openmpi-1
              .2.4-jsoztxegwf56l4ruguom2z64xe2vb243/spack-src/ompi/mpi/f90 -I..
              /../../ompi/mpi/f90 -c mpi_wtime_f90.f90 -o mpi_wtime_f90.o >/dev
              /null 2>&1
     10502    libtool: compile:  /p/vast1/build/spack/lib/spack/env/gcc/gfortra
              n -I../../../ompi/include -I/var/tmp/sochat1/spack-stage/spack-st
              age-openmpi-1.2.4-jsoztxegwf56l4ruguom2z64xe2vb243/spack-src/ompi
              /include -I. -I/var/tmp/sochat1/spack-stage/spack-stage-openmpi-1
              .2.4-jsoztxegwf56l4ruguom2z64xe2vb243/spack-src/ompi/mpi/f90 -I..
              /../../ompi/mpi/f90 -c mpi_sizeof.f90 -o mpi_sizeof.o >/dev/null 
              2>&1
     10503    libtool: compile:  /p/vast1/build/spack/lib/spack/env/gcc/gfortra
              n -I../../../ompi/include -I/var/tmp/sochat1/spack-stage/spack-st
              age-openmpi-1.2.4-jsoztxegwf56l4ruguom2z64xe2vb243/spack-src/ompi
              /include -I. -I/var/tmp/sochat1/spack-stage/spack-stage-openmpi-1
              .2.4-jsoztxegwf56l4ruguom2z64xe2vb243/spack-src/ompi/mpi/f90 -I..
              /../../ompi/mpi/f90 -c mpi.f90 -o mpi.o >/dev/null 2>&1
     10504    make[5]: Leaving directory `/tmp/sochat1/spack-stage/spack-stage-
              openmpi-1.2.4-jsoztxegwf56l4ruguom2z64xe2vb243/spack-src/ompi/mpi
              /f90'
  >> 10505    make[4]: *** [all-recursive] Error 1
     10506    make[4]: Leaving directory `/tmp/sochat1/spack-stage/spack-stage-
              openmpi-1.2.4-jsoztxegwf56l4ruguom2z64xe2vb243/spack-src/ompi/mpi
              /f90'
  >> 10507    make[3]: *** [all] Error 2
     10508    make[3]: Leaving directory `/tmp/sochat1/spack-stage/spack-stage-
              openmpi-1.2.4-jsoztxegwf56l4ruguom2z64xe2vb243/spack-src/ompi/mpi
              /f90'
  >> 10509    make[2]: *** [all-recursive] Error 1
     10510    make[2]: Leaving directory `/tmp/sochat1/spack-stage/spack-stage-
              openmpi-1.2.4-jsoztxegwf56l4ruguom2z64xe2vb243/spack-src/ompi/mpi
              '
  >> 10511    make[1]: *** [all-recursive] Error 1
     10512    make[1]: Leaving directory `/tmp/sochat1/spack-stage/spack-stage-
              openmpi-1.2.4-jsoztxegwf56l4ruguom2z64xe2vb243/spack-src/ompi'
  >> 10513    make: *** [all-recursive] Error 1

See build log for details:
  /var/tmp/sochat1/spack-stage/spack-stage-openmpi-1.2.4-jsoztxegwf56l4ruguom2z64xe2vb243/spack-build-out.txt

Making predictions for spack-test
Making predictions for symbolator
Making predictions for libabigail
abicompat not found on path, will look for spack instead.
Making predictions for actual
