==> Error: ProcessError: Command exited with status 2:
    'make' '-j2' 'install'

3 errors found in build log:
     917    sphinx-build -b html -a . ./build-sphinx
     918    Running Sphinx v1.7.9
     919    loading translations [C]... not available for built-in messages
     920    
     921    Extension error:
     922    Could not import extension breathe (exception: No module named 'bre
            athe')
  >> 923    make[2]: *** [build-docs] Error 2
     924    make[2]: Leaving directory `/tmp/sochat1/spack-stage/spack-stage-am
            l-0.1.0-vegvszoxq7jqkgxu46pc6oqiwimpbhfj/spack-src/doc'
  >> 925    make[1]: *** [install-am] Error 2
     926    make[1]: Leaving directory `/tmp/sochat1/spack-stage/spack-stage-am
            l-0.1.0-vegvszoxq7jqkgxu46pc6oqiwimpbhfj/spack-src/doc'
  >> 927    make: *** [install-recursive] Error 1

See build log for details:
  /var/tmp/sochat1/spack-stage/spack-stage-aml-0.1.0-vegvszoxq7jqkgxu46pc6oqiwimpbhfj/spack-build-out.txt

Making predictions for symbolator
Making predictions for libabigail
Making predictions for actual
/var/spool/slurmd/job99945/slurm_script: line 12: 16730 Killed                  spliced splice --package aml@0.1.0 --splice numactl --runner spack --replace numactl --experiment experiment --outfile /p/vast1/build/spliced-experiment/results/aml/0.1.0/numactl/experiment.json
==> Error: ProcessError: Command exited with status 2:
    'make' '-j16' 'install'

3 errors found in build log:
     917    sphinx-build -b html -a . ./build-sphinx
     918    Running Sphinx v1.7.9
     919    loading translations [C]... not available for built-in messages
     920    
     921    Extension error:
     922    Could not import extension breathe (exception: No module named 'bre
            athe')
  >> 923    make[2]: *** [build-docs] Error 2
     924    make[2]: Leaving directory `/tmp/sochat1/spack-stage/spack-stage-am
            l-0.1.0-vegvszoxq7jqkgxu46pc6oqiwimpbhfj/spack-src/doc'
  >> 925    make[1]: *** [install-am] Error 2
     926    make[1]: Leaving directory `/tmp/sochat1/spack-stage/spack-stage-am
            l-0.1.0-vegvszoxq7jqkgxu46pc6oqiwimpbhfj/spack-src/doc'
  >> 927    make: *** [install-recursive] Error 1

See build log for details:
  /var/tmp/sochat1/spack-stage/spack-stage-aml-0.1.0-vegvszoxq7jqkgxu46pc6oqiwimpbhfj/spack-build-out.txt

Making predictions for spack-test
Making predictions for symbolator
Making predictions for libabigail
abicompat not found on path, will look for spack instead.
Making predictions for actual
