==> Error: ProcessError: Command exited with status 2:
    'make' '-j2'

34 errors found in build log:
     88     cd /tmp/sochat1/spack-stage/spack-stage-omega-h-9.27.0-urmubdli4zqj
            pytnfqjmwmxaodcq56tu/spack-build-urmubdl/src && /p/vast1/build/spac
            k/opt/spack/linux-rhel7-broadwell/gcc-10.2.1/openmpi-4.1.2-mtnsjnbj
            5kuefhd6gtupaglpuytu6vhz/bin/mpic++ -Domega_h_EXPORTS -I/var/tmp/so
            chat1/spack-stage/spack-stage-omega-h-9.27.0-urmubdli4zqjpytnfqjmwm
            xaodcq56tu/spack-src/src -I/tmp/sochat1/spack-stage/spack-stage-ome
            ga-h-9.27.0-urmubdli4zqjpytnfqjmwmxaodcq56tu/spack-build-urmubdl/sr
            c -I/var/tmp/sochat1/spack-stage/spack-stage-omega-h-9.27.0-urmubdl
            i4zqjpytnfqjmwmxaodcq56tu/spack-src/tpl -isystem /p/vast1/build/spa
            ck/opt/spack/linux-rhel7-broadwell/gcc-10.2.1/zlib-1.2.11-su2ldy5of
            m424qnly3kitbbdgwovpfk4/include -O3 -g --std=c++11   -fPIC -MD -MT 
            src/CMakeFiles/omega_h.dir/Omega_h_approach.cpp.o -MF CMakeFiles/om
            ega_h.dir/Omega_h_approach.cpp.o.d -o CMakeFiles/omega_h.dir/Omega_
            h_approach.cpp.o -c /var/tmp/sochat1/spack-stage/spack-stage-omega-
            h-9.27.0-urmubdli4zqjpytnfqjmwmxaodcq56tu/spack-src/src/Omega_h_app
            roach.cpp
     89     [  7%] Building CXX object src/CMakeFiles/omega_h.dir/Omega_h_array
            .cpp.o
     90     cd /tmp/sochat1/spack-stage/spack-stage-omega-h-9.27.0-urmubdli4zqj
            pytnfqjmwmxaodcq56tu/spack-build-urmubdl/src && /p/vast1/build/spac
            k/opt/spack/linux-rhel7-broadwell/gcc-10.2.1/openmpi-4.1.2-mtnsjnbj
            5kuefhd6gtupaglpuytu6vhz/bin/mpic++ -Domega_h_EXPORTS -I/var/tmp/so
            chat1/spack-stage/spack-stage-omega-h-9.27.0-urmubdli4zqjpytnfqjmwm
            xaodcq56tu/spack-src/src -I/tmp/sochat1/spack-stage/spack-stage-ome
            ga-h-9.27.0-urmubdli4zqjpytnfqjmwmxaodcq56tu/spack-build-urmubdl/sr
            c -I/var/tmp/sochat1/spack-stage/spack-stage-omega-h-9.27.0-urmubdl
            i4zqjpytnfqjmwmxaodcq56tu/spack-src/tpl -isystem /p/vast1/build/spa
            ck/opt/spack/linux-rhel7-broadwell/gcc-10.2.1/zlib-1.2.11-su2ldy5of
            m424qnly3kitbbdgwovpfk4/include -O3 -g --std=c++11   -fPIC -MD -MT 
            src/CMakeFiles/omega_h.dir/Omega_h_array.cpp.o -MF CMakeFiles/omega
            _h.dir/Omega_h_array.cpp.o.d -o CMakeFiles/omega_h.dir/Omega_h_arra
            y.cpp.o -c /var/tmp/sochat1/spack-stage/spack-stage-omega-h-9.27.0-
            urmubdli4zqjpytnfqjmwmxaodcq56tu/spack-src/src/Omega_h_array.cpp
     91     [  7%] Building CXX object src/CMakeFiles/omega_h.dir/Omega_h_array
            _ops.cpp.o
     92     cd /tmp/sochat1/spack-stage/spack-stage-omega-h-9.27.0-urmubdli4zqj
            pytnfqjmwmxaodcq56tu/spack-build-urmubdl/src && /p/vast1/build/spac
            k/opt/spack/linux-rhel7-broadwell/gcc-10.2.1/openmpi-4.1.2-mtnsjnbj
            5kuefhd6gtupaglpuytu6vhz/bin/mpic++ -Domega_h_EXPORTS -I/var/tmp/so
            chat1/spack-stage/spack-stage-omega-h-9.27.0-urmubdli4zqjpytnfqjmwm
            xaodcq56tu/spack-src/src -I/tmp/sochat1/spack-stage/spack-stage-ome
            ga-h-9.27.0-urmubdli4zqjpytnfqjmwmxaodcq56tu/spack-build-urmubdl/sr
            c -I/var/tmp/sochat1/spack-stage/spack-stage-omega-h-9.27.0-urmubdl
            i4zqjpytnfqjmwmxaodcq56tu/spack-src/tpl -isystem /p/vast1/build/spa
            ck/opt/spack/linux-rhel7-broadwell/gcc-10.2.1/zlib-1.2.11-su2ldy5of
            m424qnly3kitbbdgwovpfk4/include -O3 -g --std=c++11   -fPIC -MD -MT 
            src/CMakeFiles/omega_h.dir/Omega_h_array_ops.cpp.o -MF CMakeFiles/o
            mega_h.dir/Omega_h_array_ops.cpp.o.d -o CMakeFiles/omega_h.dir/Omeg
            a_h_array_ops.cpp.o -c /var/tmp/sochat1/spack-stage/spack-stage-ome
            ga-h-9.27.0-urmubdli4zqjpytnfqjmwmxaodcq56tu/spack-src/src/Omega_h_
            array_ops.cpp
     93     /var/tmp/sochat1/spack-stage/spack-stage-omega-h-9.27.0-urmubdli4zq
            jpytnfqjmwmxaodcq56tu/spack-src/src/Omega_h_array_ops.cpp: In lambd
            a function:
  >> 94     /var/tmp/sochat1/spack-stage/spack-stage-omega-h-9.27.0-urmubdli4zq
            jpytnfqjmwmxaodcq56tu/spack-src/src/Omega_h_array_ops.cpp:17:40: er
            ror: expected '{' before '->' token
     95        17 |   auto transform = OMEGA_H_LAMBDA(LO i)->bool { return a[i]
             == b[i]; };
     96           |                                        ^~
     97     /var/tmp/sochat1/spack-stage/spack-stage-omega-h-9.27.0-urmubdli4zq
            jpytnfqjmwmxaodcq56tu/spack-src/src/Omega_h_array_ops.cpp: In funct
            ion 'bool Omega_h::operator==(Omega_h::Read<T>, Omega_h::Read<T>)':
  >> 98     /var/tmp/sochat1/spack-stage/spack-stage-omega-h-9.27.0-urmubdli4zq
            jpytnfqjmwmxaodcq56tu/spack-src/src/Omega_h_array_ops.cpp:17:42: er
            ror: expected unqualified-id before 'bool'
     99        17 |   auto transform = OMEGA_H_LAMBDA(LO i)->bool { return a[i]
             == b[i]; };
     100          |                                          ^~~~
     101    /var/tmp/sochat1/spack-stage/spack-stage-omega-h-9.27.0-urmubdli4zq
            jpytnfqjmwmxaodcq56tu/spack-src/src/Omega_h_array_ops.cpp: In lambd
            a function:
  >> 102    /var/tmp/sochat1/spack-stage/spack-stage-omega-h-9.27.0-urmubdli4zq
            jpytnfqjmwmxaodcq56tu/spack-src/src/Omega_h_array_ops.cpp:25:28: er
            ror: expected '{' before '->' token
     103       25 |       OMEGA_H_LAMBDA(T val)->PT { return PT(val); });
     104          |                            ^~
     105    /var/tmp/sochat1/spack-stage/spack-stage-omega-h-9.27.0-urmubdli4zq
            jpytnfqjmwmxaodcq56tu/spack-src/src/Omega_h_array_ops.cpp: In funct
            ion 'Omega_h::promoted_t<T> Omega_h::get_sum(Omega_h::Read<T>)':
  >> 106    /var/tmp/sochat1/spack-stage/spack-stage-omega-h-9.27.0-urmubdli4zq
            jpytnfqjmwmxaodcq56tu/spack-src/src/Omega_h_array_ops.cpp:25:32: er
            ror: expected ')' before '{' token
     107       25 |       OMEGA_H_LAMBDA(T val)->PT { return PT(val); });
     108          |                                ^~
     109          |                                )
     110    /var/tmp/sochat1/spack-stage/spack-stage-omega-h-9.27.0-urmubdli4zq
            jpytnfqjmwmxaodcq56tu/spack-src/src/Omega_h_array_ops.cpp:24:26: no
            te: to match this '('
     111       24 |   return transform_reduce(a.begin(), a.end(), PT(0), plus<P
            T>(),
     112          |                          ^
     113    /var/tmp/sochat1/spack-stage/spack-stage-omega-h-9.27.0-urmubdli4zq
            jpytnfqjmwmxaodcq56tu/spack-src/src/Omega_h_array_ops.cpp: In lambd
            a function:
  >> 114    /var/tmp/sochat1/spack-stage/spack-stage-omega-h-9.27.0-urmubdli4zq
            jpytnfqjmwmxaodcq56tu/spack-src/src/Omega_h_array_ops.cpp:39:40: er
            ror: expected '{' before '->' token
     115       39 |   auto transform = OMEGA_H_LAMBDA(LO i)->promoted_t<T> {
     116          |                                        ^~
     117    /var/tmp/sochat1/spack-stage/spack-stage-omega-h-9.27.0-urmubdli4zq
            jpytnfqjmwmxaodcq56tu/spack-src/src/Omega_h_array_ops.cpp: In funct
            ion 'T Omega_h::get_min(Omega_h::Read<T>)':
  >> 118    /var/tmp/sochat1/spack-stage/spack-stage-omega-h-9.27.0-urmubdli4zq
            jpytnfqjmwmxaodcq56tu/spack-src/src/Omega_h_array_ops.cpp:39:42: er
            ror: invalid use of 'using promoted_t = typename Omega_h::Promoted<
            T>::type'
     119       39 |   auto transform = OMEGA_H_LAMBDA(LO i)->promoted_t<T> {
     120          |                                          ^~~~~~~~~~~~~
     121    /var/tmp/sochat1/spack-stage/spack-stage-omega-h-9.27.0-urmubdli4zq
            jpytnfqjmwmxaodcq56tu/spack-src/src/Omega_h_array_ops.cpp: In lambd
            a function:
  >> 122    /var/tmp/sochat1/spack-stage/spack-stage-omega-h-9.27.0-urmubdli4zq
            jpytnfqjmwmxaodcq56tu/spack-src/src/Omega_h_array_ops.cpp:52:40: er
            ror: expected '{' before '->' token
     123       52 |   auto transform = OMEGA_H_LAMBDA(LO i)->promoted_t<T> {
     124          |                                        ^~
     125    /var/tmp/sochat1/spack-stage/spack-stage-omega-h-9.27.0-urmubdli4zq
            jpytnfqjmwmxaodcq56tu/spack-src/src/Omega_h_array_ops.cpp: In funct
            ion 'T Omega_h::get_max(Omega_h::Read<T>)':
  >> 126    /var/tmp/sochat1/spack-stage/spack-stage-omega-h-9.27.0-urmubdli4zq
            jpytnfqjmwmxaodcq56tu/spack-src/src/Omega_h_array_ops.cpp:52:42: er
            ror: invalid use of 'using promoted_t = typename Omega_h::Promoted<
            T>::type'
     127       52 |   auto transform = OMEGA_H_LAMBDA(LO i)->promoted_t<T> {
     128          |                                          ^~~~~~~~~~~~~
     129    /var/tmp/sochat1/spack-stage/spack-stage-omega-h-9.27.0-urmubdli4zq
            jpytnfqjmwmxaodcq56tu/spack-src/src/Omega_h_array_ops.cpp: In lambd
            a function:
  >> 130    /var/tmp/sochat1/spack-stage/spack-stage-omega-h-9.27.0-urmubdli4zq
            jpytnfqjmwmxaodcq56tu/spack-src/src/Omega_h_array_ops.cpp:80:40: er
            ror: expected '{' before '->' token
     131       80 |   auto transform = OMEGA_H_LAMBDA(LO i)->bool {
     132          |                                        ^~
     133    /var/tmp/sochat1/spack-stage/spack-stage-omega-h-9.27.0-urmubdli4zq
            jpytnfqjmwmxaodcq56tu/spack-src/src/Omega_h_array_ops.cpp: In funct
            ion 'bool Omega_h::are_close(Omega_h::Reals, Omega_h::Reals, Omega_
            h::Real, Omega_h::Real)':
  >> 134    /var/tmp/sochat1/spack-stage/spack-stage-omega-h-9.27.0-urmubdli4zq
            jpytnfqjmwmxaodcq56tu/spack-src/src/Omega_h_array_ops.cpp:80:40: er
            ror: base operand of '->' has non-pointer type 'Omega_h::are_close(
            Omega_h::Reals, Omega_h::Reals, Omega_h::Real, Omega_h::Real)::<lam
            bda(Omega_h::LO)>'
  >> 135    /var/tmp/sochat1/spack-stage/spack-stage-omega-h-9.27.0-urmubdli4zq
            jpytnfqjmwmxaodcq56tu/spack-src/src/Omega_h_array_ops.cpp:80:42: er
            ror: expected unqualified-id before 'bool'
     136       80 |   auto transform = OMEGA_H_LAMBDA(LO i)->bool {
     137          |                                          ^~~~
     138    /var/tmp/sochat1/spack-stage/spack-stage-omega-h-9.27.0-urmubdli4zq
            jpytnfqjmwmxaodcq56tu/spack-src/src/Omega_h_array_ops.cpp: In lambd
            a function:
  >> 139    /var/tmp/sochat1/spack-stage/spack-stage-omega-h-9.27.0-urmubdli4zq
            jpytnfqjmwmxaodcq56tu/spack-src/src/Omega_h_array_ops.cpp:94:40: er
            ror: expected '{' before '->' token
     140       94 |   auto transform = OMEGA_H_LAMBDA(LO i)->bool {
     141          |                                        ^~
     142    /var/tmp/sochat1/spack-stage/spack-stage-omega-h-9.27.0-urmubdli4zq
            jpytnfqjmwmxaodcq56tu/spack-src/src/Omega_h_array_ops.cpp: In funct
            ion 'bool Omega_h::are_close_abs(Omega_h::Reals, Omega_h::Reals, Om
            ega_h::Real)':
  >> 143    /var/tmp/sochat1/spack-stage/spack-stage-omega-h-9.27.0-urmubdli4zq
            jpytnfqjmwmxaodcq56tu/spack-src/src/Omega_h_array_ops.cpp:94:40: er
            ror: base operand of '->' has non-pointer type 'Omega_h::are_close_
            abs(Omega_h::Reals, Omega_h::Reals, Omega_h::Real)::<lambda(Omega_h
            ::LO)>'
  >> 144    /var/tmp/sochat1/spack-stage/spack-stage-omega-h-9.27.0-urmubdli4zq
            jpytnfqjmwmxaodcq56tu/spack-src/src/Omega_h_array_ops.cpp:94:42: er
            ror: expected unqualified-id before 'bool'
     145       94 |   auto transform = OMEGA_H_LAMBDA(LO i)->bool {
     146          |                                          ^~~~
     147    /var/tmp/sochat1/spack-stage/spack-stage-omega-h-9.27.0-urmubdli4zq
            jpytnfqjmwmxaodcq56tu/spack-src/src/Omega_h_array_ops.cpp: In lambd
            a function:
  >> 148    /var/tmp/sochat1/spack-stage/spack-stage-omega-h-9.27.0-urmubdli4zq
            jpytnfqjmwmxaodcq56tu/spack-src/src/Omega_h_array_ops.cpp:409:40: e
            rror: expected '{' before '->' token
     149      409 |   auto transform = OMEGA_H_LAMBDA(LO i)->LO {
     150          |                                        ^~
     151    /var/tmp/sochat1/spack-stage/spack-stage-omega-h-9.27.0-urmubdli4zq
            jpytnfqjmwmxaodcq56tu/spack-src/src/Omega_h_array_ops.cpp: In funct
            ion 'Omega_h::LO Omega_h::find_last(Omega_h::Read<T>, T)':
  >> 152    /var/tmp/sochat1/spack-stage/spack-stage-omega-h-9.27.0-urmubdli4zq
            jpytnfqjmwmxaodcq56tu/spack-src/src/Omega_h_array_ops.cpp:409:45: e
            rror: expected ',' or ';' before '{' token
     153      409 |   auto transform = OMEGA_H_LAMBDA(LO i)->LO {
     154          |                                             ^
     155    /var/tmp/sochat1/spack-stage/spack-stage-omega-h-9.27.0-urmubdli4zq
            jpytnfqjmwmxaodcq56tu/spack-src/src/Omega_h_array_ops.cpp: In lambd
            a function:
  >> 156    /var/tmp/sochat1/spack-stage/spack-stage-omega-h-9.27.0-urmubdli4zq
            jpytnfqjmwmxaodcq56tu/spack-src/src/Omega_h_array_ops.cpp:425:40: e
            rror: expected '{' before '->' token
     157      425 |   auto transform = OMEGA_H_LAMBDA(LO i)->bool { return a[i]
             <= a[i + 1]; };
     158          |                                        ^~
     159    /var/tmp/sochat1/spack-stage/spack-stage-omega-h-9.27.0-urmubdli4zq
            jpytnfqjmwmxaodcq56tu/spack-src/src/Omega_h_array_ops.cpp: In funct
            ion 'bool Omega_h::is_sorted(Omega_h::Read<T>)':
  >> 160    /var/tmp/sochat1/spack-stage/spack-stage-omega-h-9.27.0-urmubdli4zq
            jpytnfqjmwmxaodcq56tu/spack-src/src/Omega_h_array_ops.cpp:425:42: e
            rror: expected unqualified-id before 'bool'
     161      425 |   auto transform = OMEGA_H_LAMBDA(LO i)->bool { return a[i]
             <= a[i + 1]; };
     162          |                                          ^~~~
     163    /var/tmp/sochat1/spack-stage/spack-stage-omega-h-9.27.0-urmubdli4zq
            jpytnfqjmwmxaodcq56tu/spack-src/src/Omega_h_array_ops.cpp: In lambd
            a function:
  >> 164    /var/tmp/sochat1/spack-stage/spack-stage-omega-h-9.27.0-urmubdli4zq
            jpytnfqjmwmxaodcq56tu/spack-src/src/Omega_h_array_ops.cpp:499:40: e
            rror: expected '{' before '->' token
     165      499 |   auto transform = OMEGA_H_LAMBDA(LO i)->int {
     166          |                                        ^~
     167    /var/tmp/sochat1/spack-stage/spack-stage-omega-h-9.27.0-urmubdli4zq
            jpytnfqjmwmxaodcq56tu/spack-src/src/Omega_h_array_ops.cpp: In funct
            ion 'int Omega_h::max_exponent(Omega_h::Reals)':
  >> 168    /var/tmp/sochat1/spack-stage/spack-stage-omega-h-9.27.0-urmubdli4zq
            jpytnfqjmwmxaodcq56tu/spack-src/src/Omega_h_array_ops.cpp:499:40: e
            rror: base operand of '->' has non-pointer type 'Omega_h::max_expon
            ent(Omega_h::Reals)::<lambda(Omega_h::LO)>'
  >> 169    /var/tmp/sochat1/spack-stage/spack-stage-omega-h-9.27.0-urmubdli4zq
            jpytnfqjmwmxaodcq56tu/spack-src/src/Omega_h_array_ops.cpp:499:42: e
            rror: expected unqualified-id before 'int'
     170      499 |   auto transform = OMEGA_H_LAMBDA(LO i)->int {
     171          |                                          ^~~
     172    /var/tmp/sochat1/spack-stage/spack-stage-omega-h-9.27.0-urmubdli4zq
            jpytnfqjmwmxaodcq56tu/spack-src/src/Omega_h_array_ops.cpp: In lambd
            a function:
  >> 173    /var/tmp/sochat1/spack-stage/spack-stage-omega-h-9.27.0-urmubdli4zq
            jpytnfqjmwmxaodcq56tu/spack-src/src/Omega_h_array_ops.cpp:516:40: e
            rror: expected '{' before '->' token
     174      516 |   auto transform = OMEGA_H_LAMBDA(LO i)->Int128 {
     175          |                                        ^~
     176    /var/tmp/sochat1/spack-stage/spack-stage-omega-h-9.27.0-urmubdli4zq
            jpytnfqjmwmxaodcq56tu/spack-src/src/Omega_h_array_ops.cpp: In funct
            ion 'Omega_h::Int128 Omega_h::int128_sum(Omega_h::Reals, double)':
  >> 177    /var/tmp/sochat1/spack-stage/spack-stage-omega-h-9.27.0-urmubdli4zq
            jpytnfqjmwmxaodcq56tu/spack-src/src/Omega_h_array_ops.cpp:516:40: e
            rror: base operand of '->' has non-pointer type 'Omega_h::int128_su
            m(Omega_h::Reals, double)::<lambda(Omega_h::LO)>'
     178    In file included from /var/tmp/sochat1/spack-stage/spack-stage-omeg
            a-h-9.27.0-urmubdli4zqjpytnfqjmwmxaodcq56tu/spack-src/src/Omega_h_m
            pi.h:4,
     179                     from /var/tmp/sochat1/spack-stage/spack-stage-omeg
            a-h-9.27.0-urmubdli4zqjpytnfqjmwmxaodcq56tu/spack-src/src/Omega_h_c
            omm.hpp:6,
     180                     from /var/tmp/sochat1/spack-stage/spack-stage-omeg
            a-h-9.27.0-urmubdli4zqjpytnfqjmwmxaodcq56tu/spack-src/src/Omega_h_a
            rray_ops.hpp:6,
     181                     from /var/tmp/sochat1/spack-stage/spack-stage-omeg
            a-h-9.27.0-urmubdli4zqjpytnfqjmwmxaodcq56tu/spack-src/src/Omega_h_a
            rray_ops.cpp:1:
     182    /var/tmp/sochat1/spack-stage/spack-stage-omega-h-9.27.0-urmubdli4zq
            jpytnfqjmwmxaodcq56tu/spack-src/src/Omega_h_array_ops.cpp: In insta
            ntiation of 'Omega_h::promoted_t<T> Omega_h::get_sum(Omega_h::Read<
            T>) [with T = signed char; Omega_h::promoted_t<T> = int]':
     183    /var/tmp/sochat1/spack-stage/spack-stage-omega-h-9.27.0-urmubdli4zq
            jpytnfqjmwmxaodcq56tu/spack-src/src/Omega_h_array_ops.cpp:610:1:   
            required from here
  >> 184    /var/tmp/sochat1/spack-stage/spack-stage-omega-h-9.27.0-urmubdli4zq
            jpytnfqjmwmxaodcq56tu/spack-src/src/Omega_h_macros.h:45:29: error: 
            base operand of '->' has non-pointer type 'Omega_h::get_sum<signed 
            char>::<lambda(signed char)>'
     185       45 | #define OMEGA_H_LAMBDA(...) [=](__VA_ARGS__) __attribute__(
            (always_inline, flatten))
     186          |                             ^
     187    /var/tmp/sochat1/spack-stage/spack-stage-omega-h-9.27.0-urmubdli4zq
            jpytnfqjmwmxaodcq56tu/spack-src/src/Omega_h_array_ops.cpp:25:7: not
            e: in expansion of macro 'OMEGA_H_LAMBDA'
     188       25 |       OMEGA_H_LAMBDA(T val)->PT { return PT(val); });
     189          |       ^~~~~~~~~~~~~~
     190    /var/tmp/sochat1/spack-stage/spack-stage-omega-h-9.27.0-urmubdli4zq
            jpytnfqjmwmxaodcq56tu/spack-src/src/Omega_h_array_ops.cpp: In insta
            ntiation of 'Omega_h::LO Omega_h::find_last(Omega_h::Read<T>, T) [w
            ith T = signed char; Omega_h::LO = int]':
     191    /var/tmp/sochat1/spack-stage/spack-stage-omega-h-9.27.0-urmubdli4zq
            jpytnfqjmwmxaodcq56tu/spack-src/src/Omega_h_array_ops.cpp:610:1:   
            required from here
  >> 192    /var/tmp/sochat1/spack-stage/spack-stage-omega-h-9.27.0-urmubdli4zq
            jpytnfqjmwmxaodcq56tu/spack-src/src/Omega_h_macros.h:45:29: error: 
            base operand of '->' has non-pointer type 'Omega_h::find_last<signe
            d char>::<lambda(Omega_h::LO)>'
     193       45 | #define OMEGA_H_LAMBDA(...) [=](__VA_ARGS__) __attribute__(
            (always_inline, flatten))
     194          |                             ^
     195    /var/tmp/sochat1/spack-stage/spack-stage-omega-h-9.27.0-urmubdli4zq
            jpytnfqjmwmxaodcq56tu/spack-src/src/Omega_h_array_ops.cpp:409:20: n
            ote: in expansion of macro 'OMEGA_H_LAMBDA'
     196      409 |   auto transform = OMEGA_H_LAMBDA(LO i)->LO {
     197          |                    ^~~~~~~~~~~~~~
     198    /var/tmp/sochat1/spack-stage/spack-stage-omega-h-9.27.0-urmubdli4zq
            jpytnfqjmwmxaodcq56tu/spack-src/src/Omega_h_array_ops.cpp: In insta
            ntiation of 'Omega_h::promoted_t<T> Omega_h::get_sum(Omega_h::Read<
            T>) [with T = int; Omega_h::promoted_t<T> = int]':
     199    /var/tmp/sochat1/spack-stage/spack-stage-omega-h-9.27.0-urmubdli4zq
            jpytnfqjmwmxaodcq56tu/spack-src/src/Omega_h_array_ops.cpp:611:1:   
            required from here
  >> 200    /var/tmp/sochat1/spack-stage/spack-stage-omega-h-9.27.0-urmubdli4zq
            jpytnfqjmwmxaodcq56tu/spack-src/src/Omega_h_macros.h:45:29: error: 
            base operand of '->' has non-pointer type 'Omega_h::get_sum<int>::<
            lambda(int)>'
     201       45 | #define OMEGA_H_LAMBDA(...) [=](__VA_ARGS__) __attribute__(
            (always_inline, flatten))
     202          |                             ^
     203    /var/tmp/sochat1/spack-stage/spack-stage-omega-h-9.27.0-urmubdli4zq
            jpytnfqjmwmxaodcq56tu/spack-src/src/Omega_h_array_ops.cpp:25:7: not
            e: in expansion of macro 'OMEGA_H_LAMBDA'
     204       25 |       OMEGA_H_LAMBDA(T val)->PT { return PT(val); });
     205          |       ^~~~~~~~~~~~~~
     206    /var/tmp/sochat1/spack-stage/spack-stage-omega-h-9.27.0-urmubdli4zq
            jpytnfqjmwmxaodcq56tu/spack-src/src/Omega_h_array_ops.cpp: In insta
            ntiation of 'Omega_h::LO Omega_h::find_last(Omega_h::Read<T>, T) [w
            ith T = int; Omega_h::LO = int]':
     207    /var/tmp/sochat1/spack-stage/spack-stage-omega-h-9.27.0-urmubdli4zq
            jpytnfqjmwmxaodcq56tu/spack-src/src/Omega_h_array_ops.cpp:611:1:   
            required from here
  >> 208    /var/tmp/sochat1/spack-stage/spack-stage-omega-h-9.27.0-urmubdli4zq
            jpytnfqjmwmxaodcq56tu/spack-src/src/Omega_h_macros.h:45:29: error: 
            base operand of '->' has non-pointer type 'Omega_h::find_last<int>:
            :<lambda(Omega_h::LO)>'
     209       45 | #define OMEGA_H_LAMBDA(...) [=](__VA_ARGS__) __attribute__(
            (always_inline, flatten))
     210          |                             ^
     211    /var/tmp/sochat1/spack-stage/spack-stage-omega-h-9.27.0-urmubdli4zq
            jpytnfqjmwmxaodcq56tu/spack-src/src/Omega_h_array_ops.cpp:409:20: n
            ote: in expansion of macro 'OMEGA_H_LAMBDA'
     212      409 |   auto transform = OMEGA_H_LAMBDA(LO i)->LO {
     213          |                    ^~~~~~~~~~~~~~
     214    /var/tmp/sochat1/spack-stage/spack-stage-omega-h-9.27.0-urmubdli4zq
            jpytnfqjmwmxaodcq56tu/spack-src/src/Omega_h_array_ops.cpp: In insta
            ntiation of 'Omega_h::promoted_t<T> Omega_h::get_sum(Omega_h::Read<
            T>) [with T = long int; Omega_h::promoted_t<T> = long int]':
     215    /var/tmp/sochat1/spack-stage/spack-stage-omega-h-9.27.0-urmubdli4zq
            jpytnfqjmwmxaodcq56tu/spack-src/src/Omega_h_array_ops.cpp:612:1:   
            required from here
  >> 216    /var/tmp/sochat1/spack-stage/spack-stage-omega-h-9.27.0-urmubdli4zq
            jpytnfqjmwmxaodcq56tu/spack-src/src/Omega_h_macros.h:45:29: error: 
            base operand of '->' has non-pointer type 'Omega_h::get_sum<long in
            t>::<lambda(long int)>'
     217       45 | #define OMEGA_H_LAMBDA(...) [=](__VA_ARGS__) __attribute__(
            (always_inline, flatten))
     218          |                             ^
     219    /var/tmp/sochat1/spack-stage/spack-stage-omega-h-9.27.0-urmubdli4zq
            jpytnfqjmwmxaodcq56tu/spack-src/src/Omega_h_array_ops.cpp:25:7: not
            e: in expansion of macro 'OMEGA_H_LAMBDA'
     220       25 |       OMEGA_H_LAMBDA(T val)->PT { return PT(val); });
     221          |       ^~~~~~~~~~~~~~
     222    /var/tmp/sochat1/spack-stage/spack-stage-omega-h-9.27.0-urmubdli4zq
            jpytnfqjmwmxaodcq56tu/spack-src/src/Omega_h_array_ops.cpp: In insta
            ntiation of 'Omega_h::LO Omega_h::find_last(Omega_h::Read<T>, T) [w
            ith T = long int; Omega_h::LO = int]':
     223    /var/tmp/sochat1/spack-stage/spack-stage-omega-h-9.27.0-urmubdli4zq
            jpytnfqjmwmxaodcq56tu/spack-src/src/Omega_h_array_ops.cpp:612:1:   
            required from here
  >> 224    /var/tmp/sochat1/spack-stage/spack-stage-omega-h-9.27.0-urmubdli4zq
            jpytnfqjmwmxaodcq56tu/spack-src/src/Omega_h_macros.h:45:29: error: 
            base operand of '->' has non-pointer type 'Omega_h::find_last<long 
            int>::<lambda(Omega_h::LO)>'
     225       45 | #define OMEGA_H_LAMBDA(...) [=](__VA_ARGS__) __attribute__(
            (always_inline, flatten))
     226          |                             ^
     227    /var/tmp/sochat1/spack-stage/spack-stage-omega-h-9.27.0-urmubdli4zq
            jpytnfqjmwmxaodcq56tu/spack-src/src/Omega_h_array_ops.cpp:409:20: n
            ote: in expansion of macro 'OMEGA_H_LAMBDA'
     228      409 |   auto transform = OMEGA_H_LAMBDA(LO i)->LO {
     229          |                    ^~~~~~~~~~~~~~
     230    /var/tmp/sochat1/spack-stage/spack-stage-omega-h-9.27.0-urmubdli4zq
            jpytnfqjmwmxaodcq56tu/spack-src/src/Omega_h_array_ops.cpp: In insta
            ntiation of 'Omega_h::promoted_t<T> Omega_h::get_sum(Omega_h::Read<
            T>) [with T = double; Omega_h::promoted_t<T> = double]':
     231    /var/tmp/sochat1/spack-stage/spack-stage-omega-h-9.27.0-urmubdli4zq
            jpytnfqjmwmxaodcq56tu/spack-src/src/Omega_h_array_ops.cpp:613:1:   
            required from here
  >> 232    /var/tmp/sochat1/spack-stage/spack-stage-omega-h-9.27.0-urmubdli4zq
            jpytnfqjmwmxaodcq56tu/spack-src/src/Omega_h_macros.h:45:29: error: 
            base operand of '->' has non-pointer type 'Omega_h::get_sum<double>
            ::<lambda(double)>'
     233       45 | #define OMEGA_H_LAMBDA(...) [=](__VA_ARGS__) __attribute__(
            (always_inline, flatten))
     234          |                             ^
     235    /var/tmp/sochat1/spack-stage/spack-stage-omega-h-9.27.0-urmubdli4zq
            jpytnfqjmwmxaodcq56tu/spack-src/src/Omega_h_array_ops.cpp:25:7: not
            e: in expansion of macro 'OMEGA_H_LAMBDA'
     236       25 |       OMEGA_H_LAMBDA(T val)->PT { return PT(val); });
     237          |       ^~~~~~~~~~~~~~
     238    /var/tmp/sochat1/spack-stage/spack-stage-omega-h-9.27.0-urmubdli4zq
            jpytnfqjmwmxaodcq56tu/spack-src/src/Omega_h_array_ops.cpp: In insta
            ntiation of 'Omega_h::LO Omega_h::find_last(Omega_h::Read<T>, T) [w
            ith T = double; Omega_h::LO = int]':
     239    /var/tmp/sochat1/spack-stage/spack-stage-omega-h-9.27.0-urmubdli4zq
            jpytnfqjmwmxaodcq56tu/spack-src/src/Omega_h_array_ops.cpp:613:1:   
            required from here
  >> 240    /var/tmp/sochat1/spack-stage/spack-stage-omega-h-9.27.0-urmubdli4zq
            jpytnfqjmwmxaodcq56tu/spack-src/src/Omega_h_macros.h:45:29: error: 
            base operand of '->' has non-pointer type 'Omega_h::find_last<doubl
            e>::<lambda(Omega_h::LO)>'
     241       45 | #define OMEGA_H_LAMBDA(...) [=](__VA_ARGS__) __attribute__(
            (always_inline, flatten))
     242          |                             ^
     243    /var/tmp/sochat1/spack-stage/spack-stage-omega-h-9.27.0-urmubdli4zq
            jpytnfqjmwmxaodcq56tu/spack-src/src/Omega_h_array_ops.cpp:409:20: n
            ote: in expansion of macro 'OMEGA_H_LAMBDA'
     244      409 |   auto transform = OMEGA_H_LAMBDA(LO i)->LO {
     245          |                    ^~~~~~~~~~~~~~
     246    /var/tmp/sochat1/spack-stage/spack-stage-omega-h-9.27.0-urmubdli4zq
            jpytnfqjmwmxaodcq56tu/spack-src/src/Omega_h_array_ops.cpp: In funct
            ion 'bool Omega_h::operator==(Omega_h::Read<T>, Omega_h::Read<T>) [
            with T = signed char]':

     ...

     272       15 |   auto const init = true;
     273          |              ^~~~
     274    /var/tmp/sochat1/spack-stage/spack-stage-omega-h-9.27.0-urmubdli4zq
            jpytnfqjmwmxaodcq56tu/spack-src/src/Omega_h_array_ops.cpp: In funct
            ion 'bool Omega_h::is_sorted(Omega_h::Read<T>) [with T = double]':
     275    /var/tmp/sochat1/spack-stage/spack-stage-omega-h-9.27.0-urmubdli4zq
            jpytnfqjmwmxaodcq56tu/spack-src/src/Omega_h_array_ops.cpp:423:14: w
            arning: control reaches end of non-void function [-Wreturn-type]
     276      423 |   auto const init = true;
     277          |              ^~~~
  >> 278    make[2]: *** [src/CMakeFiles/omega_h.dir/Omega_h_array_ops.cpp.o] E
            rror 1
     279    make[2]: *** Waiting for unfinished jobs....
     280    make[2]: Leaving directory `/tmp/sochat1/spack-stage/spack-stage-om
            ega-h-9.27.0-urmubdli4zqjpytnfqjmwmxaodcq56tu/spack-build-urmubdl'
  >> 281    make[1]: *** [src/CMakeFiles/omega_h.dir/all] Error 2
     282    make[1]: Leaving directory `/tmp/sochat1/spack-stage/spack-stage-om
            ega-h-9.27.0-urmubdli4zqjpytnfqjmwmxaodcq56tu/spack-build-urmubdl'
  >> 283    make: *** [all] Error 2

See build log for details:
  /var/tmp/sochat1/spack-stage/spack-stage-omega-h-9.27.0-urmubdli4zqjpytnfqjmwmxaodcq56tu/spack-build-out.txt

Making predictions for symbolator
Making predictions for libabigail
Making predictions for actual
/var/spool/slurmd/job100677/slurm_script: line 12:   543 Killed                  spliced splice --package omega-h@9.27.0 --splice zlib --runner spack --replace zlib --experiment experiment --outfile /p/vast1/build/spliced-experiment/results/omega-h/9.27.0/zlib/experiment.json
==> Error: ProcessError: Command exited with status 1:
    'cmake' '-G' 'Unix Makefiles' '-DCMAKE_INSTALL_PREFIX:STRING=/p/vast1/build/spack/opt/spack/linux-rhel7-broadwell/gcc-10.2.1/omega-h-9.27.0-urmubdli4zqjpytnfqjmwmxaodcq56tu' '-DCMAKE_BUILD_TYPE:STRING=RelWithDebInfo' '-DCMAKE_INTERPROCEDURAL_OPTIMIZATION:BOOL=OFF' '-DCMAKE_VERBOSE_MAKEFILE:BOOL=ON' '-DCMAKE_INSTALL_RPATH_USE_LINK_PATH:BOOL=OFF' '-DCMAKE_INSTALL_RPATH:STRING=/p/vast1/build/spack/opt/spack/linux-rhel7-broadwell/gcc-10.2.1/omega-h-9.27.0-urmubdli4zqjpytnfqjmwmxaodcq56tu/lib;/p/vast1/build/spack/opt/spack/linux-rhel7-broadwell/gcc-10.2.1/omega-h-9.27.0-urmubdli4zqjpytnfqjmwmxaodcq56tu/lib64;/p/vast1/build/spack/opt/spack/linux-rhel7-broadwell/gcc-10.2.1/openmpi-4.1.2-mtnsjnbj5kuefhd6gtupaglpuytu6vhz/lib;/p/vast1/build/spack/opt/spack/linux-rhel7-broadwell/gcc-10.2.1/hwloc-2.7.0-zcvfxqfecuheq2vakvpuosok2avakr6j/lib;/p/vast1/build/spack/opt/spack/linux-rhel7-broadwell/gcc-10.2.1/libpciaccess-0.16-vzg6r6gyrqyboudgxfqbdwe36epu6s7s/lib;/p/vast1/build/spack/opt/spack/linux-rhel7-broadwell/gcc-10.2.1/libxml2-2.9.12-rs3llxgrrh537ywuyzjxyebuzo3gnxpt/lib;/p/vast1/build/spack/opt/spack/linux-rhel7-broadwell/gcc-10.2.1/libiconv-1.16-glggocpnh7m2dgmtu4fedhbfeessepbe/lib;/p/vast1/build/spack/opt/spack/linux-rhel7-broadwell/gcc-10.2.1/xz-5.2.5-d536jz4ora4tt45q72d2lklqr3dqx34m/lib;/p/vast1/build/spack/opt/spack/linux-rhel7-broadwell/gcc-10.2.1/zlib-1.2.11-su2ldy5ofm424qnly3kitbbdgwovpfk4/lib;/p/vast1/build/spack/opt/spack/linux-rhel7-broadwell/gcc-10.2.1/ncurses-6.2-2xef6sx47tqatqlceqguyz3rza5okbhy/lib;/p/vast1/build/spack/opt/spack/linux-rhel7-broadwell/gcc-10.2.1/libevent-2.1.12-ojhvas6alyezjgn2r2flj4slwat4cowk/lib;/p/vast1/build/spack/opt/spack/linux-rhel7-broadwell/gcc-10.2.1/openssl-1.1.1m-momhhzpwxq3fzqnlqbabquoitiq5d6q6/lib;/p/vast1/build/spack/opt/spack/linux-rhel7-broadwell/gcc-10.2.1/numactl-2.0.14-wiobx4m5fgmgis4po6hi44kpy7ad57vj/lib;/p/vast1/build/spack/opt/spack/linux-rhel7-broadwell/gcc-10.2.1/trilinos-13.0.1-ek3l55mwgojtjozcq4td2bstgfpxei4m/lib;/p/vast1/build/spack/opt/spack/linux-rhel7-broadwell/gcc-10.2.1/openblas-0.3.19-jubz2yn2ui3jzqphbt3w2jyqt2pwvz7f/lib' '-DCMAKE_PREFIX_PATH:STRING=/p/vast1/build/spack/opt/spack/linux-rhel7-broadwell/gcc-10.2.1/trilinos-13.0.1-ek3l55mwgojtjozcq4td2bstgfpxei4m;/p/vast1/build/spack/opt/spack/linux-rhel7-broadwell/gcc-10.2.1/openblas-0.3.19-jubz2yn2ui3jzqphbt3w2jyqt2pwvz7f;/p/vast1/build/spack/opt/spack/linux-rhel7-broadwell/gcc-10.2.1/openmpi-4.1.2-mtnsjnbj5kuefhd6gtupaglpuytu6vhz;/p/vast1/build/spack/opt/spack/linux-rhel7-broadwell/gcc-10.2.1/numactl-2.0.14-wiobx4m5fgmgis4po6hi44kpy7ad57vj;/p/vast1/build/spack/opt/spack/linux-rhel7-broadwell/gcc-10.2.1/libevent-2.1.12-ojhvas6alyezjgn2r2flj4slwat4cowk;/p/vast1/build/spack/opt/spack/linux-rhel7-broadwell/gcc-10.2.1/hwloc-2.7.0-zcvfxqfecuheq2vakvpuosok2avakr6j;/p/vast1/build/spack/opt/spack/linux-rhel7-broadwell/gcc-10.2.1/libxml2-2.9.12-rs3llxgrrh537ywuyzjxyebuzo3gnxpt;/p/vast1/build/spack/opt/spack/linux-rhel7-broadwell/gcc-10.2.1/xz-5.2.5-d536jz4ora4tt45q72d2lklqr3dqx34m;/p/vast1/build/spack/opt/spack/linux-rhel7-broadwell/gcc-10.2.1/libpciaccess-0.16-vzg6r6gyrqyboudgxfqbdwe36epu6s7s;/p/vast1/build/spack/opt/spack/linux-rhel7-broadwell/gcc-10.2.1/cmake-3.22.2-7oku4yd37mfoi65gi3alunjbl35euphw;/p/vast1/build/spack/opt/spack/linux-rhel7-broadwell/gcc-10.2.1/openssl-1.1.1m-momhhzpwxq3fzqnlqbabquoitiq5d6q6;/p/vast1/build/spack/opt/spack/linux-rhel7-broadwell/gcc-10.2.1/zlib-1.2.11-su2ldy5ofm424qnly3kitbbdgwovpfk4;/p/vast1/build/spack/opt/spack/linux-rhel7-broadwell/gcc-10.2.1/libiconv-1.16-glggocpnh7m2dgmtu4fedhbfeessepbe;/p/vast1/build/spack/opt/spack/linux-rhel7-broadwell/gcc-10.2.1/ncurses-6.2-2xef6sx47tqatqlceqguyz3rza5okbhy' '-DCMAKE_CXX_FLAGS=-std=c++11' '-DUSE_XSDK_DEFAULTS:BOOL=OFF' '-DBUILD_SHARED_LIBS:BOOL=ON' '-DOmega_h_USE_MPI:BOOL=ON' '-DCMAKE_CXX_COMPILER:FILEPATH=/p/vast1/build/spack/opt/spack/linux-rhel7-broadwell/gcc-10.2.1/openmpi-4.1.2-mtnsjnbj5kuefhd6gtupaglpuytu6vhz/bin/mpic++' '-DOmega_h_USE_Trilinos:BOOL=ON' '-DOmega_h_USE_ZLIB:BOOL=ON' '-DZLIB_ROOT:PATH=/p/vast1/build/spack/opt/spack/linux-rhel7-broadwell/gcc-10.2.1/zlib-1.2.11-su2ldy5ofm424qnly3kitbbdgwovpfk4' '-DOmega_h_EXAMPLES:BOOL=OFF' '-DOmega_h_THROW:BOOL=OFF' '-DCMAKE_BUILD_TYPE:STRING=' '-DOmega_h_CXX_OPTIMIZE:BOOL=ON' '-DOmega_h_CXX_SYMBOLS:BOOL=ON' '-DOmega_h_CXX_WARNINGS:BOOL=FALSE' '/var/tmp/sochat1/spack-stage/spack-stage-omega-h-9.27.0-urmubdli4zqjpytnfqjmwmxaodcq56tu/spack-src'

5 errors found in build log:
     2     ==> [2022-03-04-01:56:35.740918] 'cmake' '-G' 'Unix Makefiles' '-DCM
           AKE_INSTALL_PREFIX:STRING=/p/vast1/build/spack/opt/spack/linux-rhel7
           -broadwell/gcc-10.2.1/omega-h-9.27.0-urmubdli4zqjpytnfqjmwmxaodcq56t
           u' '-DCMAKE_BUILD_TYPE:STRING=RelWithDebInfo' '-DCMAKE_INTERPROCEDUR
           AL_OPTIMIZATION:BOOL=OFF' '-DCMAKE_VERBOSE_MAKEFILE:BOOL=ON' '-DCMAK
           E_INSTALL_RPATH_USE_LINK_PATH:BOOL=OFF' '-DCMAKE_INSTALL_RPATH:STRIN
           G=/p/vast1/build/spack/opt/spack/linux-rhel7-broadwell/gcc-10.2.1/om
           ega-h-9.27.0-urmubdli4zqjpytnfqjmwmxaodcq56tu/lib;/p/vast1/build/spa
           ck/opt/spack/linux-rhel7-broadwell/gcc-10.2.1/omega-h-9.27.0-urmubdl
           i4zqjpytnfqjmwmxaodcq56tu/lib64;/p/vast1/build/spack/opt/spack/linux
           -rhel7-broadwell/gcc-10.2.1/openmpi-4.1.2-mtnsjnbj5kuefhd6gtupaglpuy
           tu6vhz/lib;/p/vast1/build/spack/opt/spack/linux-rhel7-broadwell/gcc-
           10.2.1/hwloc-2.7.0-zcvfxqfecuheq2vakvpuosok2avakr6j/lib;/p/vast1/bui
           ld/spack/opt/spack/linux-rhel7-broadwell/gcc-10.2.1/libpciaccess-0.1
           6-vzg6r6gyrqyboudgxfqbdwe36epu6s7s/lib;/p/vast1/build/spack/opt/spac
           k/linux-rhel7-broadwell/gcc-10.2.1/libxml2-2.9.12-rs3llxgrrh537ywuyz
           jxyebuzo3gnxpt/lib;/p/vast1/build/spack/opt/spack/linux-rhel7-broadw
           ell/gcc-10.2.1/libiconv-1.16-glggocpnh7m2dgmtu4fedhbfeessepbe/lib;/p
           /vast1/build/spack/opt/spack/linux-rhel7-broadwell/gcc-10.2.1/xz-5.2
           .5-d536jz4ora4tt45q72d2lklqr3dqx34m/lib;/p/vast1/build/spack/opt/spa
           ck/linux-rhel7-broadwell/gcc-10.2.1/zlib-1.2.11-su2ldy5ofm424qnly3ki
           tbbdgwovpfk4/lib;/p/vast1/build/spack/opt/spack/linux-rhel7-broadwel
           l/gcc-10.2.1/ncurses-6.2-2xef6sx47tqatqlceqguyz3rza5okbhy/lib;/p/vas
           t1/build/spack/opt/spack/linux-rhel7-broadwell/gcc-10.2.1/libevent-2
           .1.12-ojhvas6alyezjgn2r2flj4slwat4cowk/lib;/p/vast1/build/spack/opt/
           spack/linux-rhel7-broadwell/gcc-10.2.1/openssl-1.1.1m-momhhzpwxq3fzq
           nlqbabquoitiq5d6q6/lib;/p/vast1/build/spack/opt/spack/linux-rhel7-br
           oadwell/gcc-10.2.1/numactl-2.0.14-wiobx4m5fgmgis4po6hi44kpy7ad57vj/l
           ib;/p/vast1/build/spack/opt/spack/linux-rhel7-broadwell/gcc-10.2.1/t
           rilinos-13.0.1-ek3l55mwgojtjozcq4td2bstgfpxei4m/lib;/p/vast1/build/s
           pack/opt/spack/linux-rhel7-broadwell/gcc-10.2.1/openblas-0.3.19-jubz
           2yn2ui3jzqphbt3w2jyqt2pwvz7f/lib' '-DCMAKE_PREFIX_PATH:STRING=/p/vas
           t1/build/spack/opt/spack/linux-rhel7-broadwell/gcc-10.2.1/trilinos-1
           3.0.1-ek3l55mwgojtjozcq4td2bstgfpxei4m;/p/vast1/build/spack/opt/spac
           k/linux-rhel7-broadwell/gcc-10.2.1/openblas-0.3.19-jubz2yn2ui3jzqphb
           t3w2jyqt2pwvz7f;/p/vast1/build/spack/opt/spack/linux-rhel7-broadwell
           /gcc-10.2.1/openmpi-4.1.2-mtnsjnbj5kuefhd6gtupaglpuytu6vhz;/p/vast1/
           build/spack/opt/spack/linux-rhel7-broadwell/gcc-10.2.1/numactl-2.0.1
           4-wiobx4m5fgmgis4po6hi44kpy7ad57vj;/p/vast1/build/spack/opt/spack/li
           nux-rhel7-broadwell/gcc-10.2.1/libevent-2.1.12-ojhvas6alyezjgn2r2flj
           4slwat4cowk;/p/vast1/build/spack/opt/spack/linux-rhel7-broadwell/gcc
           -10.2.1/hwloc-2.7.0-zcvfxqfecuheq2vakvpuosok2avakr6j;/p/vast1/build/
           spack/opt/spack/linux-rhel7-broadwell/gcc-10.2.1/libxml2-2.9.12-rs3l
           lxgrrh537ywuyzjxyebuzo3gnxpt;/p/vast1/build/spack/opt/spack/linux-rh
           el7-broadwell/gcc-10.2.1/xz-5.2.5-d536jz4ora4tt45q72d2lklqr3dqx34m;/
           p/vast1/build/spack/opt/spack/linux-rhel7-broadwell/gcc-10.2.1/libpc
           iaccess-0.16-vzg6r6gyrqyboudgxfqbdwe36epu6s7s;/p/vast1/build/spack/o
           pt/spack/linux-rhel7-broadwell/gcc-10.2.1/cmake-3.22.2-7oku4yd37mfoi
           65gi3alunjbl35euphw;/p/vast1/build/spack/opt/spack/linux-rhel7-broad
           well/gcc-10.2.1/openssl-1.1.1m-momhhzpwxq3fzqnlqbabquoitiq5d6q6;/p/v
           ast1/build/spack/opt/spack/linux-rhel7-broadwell/gcc-10.2.1/zlib-1.2
           .11-su2ldy5ofm424qnly3kitbbdgwovpfk4;/p/vast1/build/spack/opt/spack/
           linux-rhel7-broadwell/gcc-10.2.1/libiconv-1.16-glggocpnh7m2dgmtu4fed
           hbfeessepbe;/p/vast1/build/spack/opt/spack/linux-rhel7-broadwell/gcc
           -10.2.1/ncurses-6.2-2xef6sx47tqatqlceqguyz3rza5okbhy' '-DCMAKE_CXX_F
           LAGS=-std=c++11' '-DUSE_XSDK_DEFAULTS:BOOL=OFF' '-DBUILD_SHARED_LIBS
           :BOOL=ON' '-DOmega_h_USE_MPI:BOOL=ON' '-DCMAKE_CXX_COMPILER:FILEPATH
           =/p/vast1/build/spack/opt/spack/linux-rhel7-broadwell/gcc-10.2.1/ope
           nmpi-4.1.2-mtnsjnbj5kuefhd6gtupaglpuytu6vhz/bin/mpic++' '-DOmega_h_U
           SE_Trilinos:BOOL=ON' '-DOmega_h_USE_ZLIB:BOOL=ON' '-DZLIB_ROOT:PATH=
           /p/vast1/build/spack/opt/spack/linux-rhel7-broadwell/gcc-10.2.1/zlib
           -1.2.11-su2ldy5ofm424qnly3kitbbdgwovpfk4' '-DOmega_h_EXAMPLES:BOOL=O
           FF' '-DOmega_h_THROW:BOOL=OFF' '-DCMAKE_BUILD_TYPE:STRING=' '-DOmega
           _h_CXX_OPTIMIZE:BOOL=ON' '-DOmega_h_CXX_SYMBOLS:BOOL=ON' '-DOmega_h_
           CXX_WARNINGS:BOOL=FALSE' '/var/tmp/sochat1/spack-stage/spack-stage-o
           mega-h-9.27.0-urmubdli4zqjpytnfqjmwmxaodcq56tu/spack-src'
     3     -- The CXX compiler identification is GNU 10.2.1
     4     -- Detecting CXX compiler ABI info
     5     -- Detecting CXX compiler ABI info - failed
     6     -- Check for working CXX compiler: /p/vast1/build/spack/opt/spack/li
           nux-rhel7-broadwell/gcc-10.2.1/openmpi-4.1.2-mtnsjnbj5kuefhd6gtupagl
           puytu6vhz/bin/mpic++
     7     -- Check for working CXX compiler: /p/vast1/build/spack/opt/spack/li
           nux-rhel7-broadwell/gcc-10.2.1/openmpi-4.1.2-mtnsjnbj5kuefhd6gtupagl
           puytu6vhz/bin/mpic++ - broken
  >> 8     CMake Error at /p/vast1/build/spack/opt/spack/linux-rhel7-broadwell/
           gcc-10.2.1/cmake-3.22.2-7oku4yd37mfoi65gi3alunjbl35euphw/share/cmake
           -3.22/Modules/CMakeTestCXXCompiler.cmake:62 (message):
     9       The C++ compiler
     10    
     11        "/p/vast1/build/spack/opt/spack/linux-rhel7-broadwell/gcc-10.2.1
           /openmpi-4.1.2-mtnsjnbj5kuefhd6gtupaglpuytu6vhz/bin/mpic++"
     12    
     13      is not able to compile a simple test program.
     14    

     ...

     21        Building CXX object CMakeFiles/cmTC_fb7e1.dir/testCXXCompiler.cx
           x.o
     22        /p/vast1/build/spack/opt/spack/linux-rhel7-broadwell/gcc-10.2.1/
           openmpi-4.1.2-mtnsjnbj5kuefhd6gtupaglpuytu6vhz/bin/mpic++   -std=c++
           11  -o CMakeFiles/cmTC_fb7e1.dir/testCXXCompiler.cxx.o -c /tmp/socha
           t1/spack-stage/spack-stage-omega-h-9.27.0-urmubdli4zqjpytnfqjmwmxaod
           cq56tu/spack-build-urmubdl/CMakeFiles/CMakeTmp/testCXXCompiler.cxx
     23        Linking CXX executable cmTC_fb7e1
     24        /p/vast1/build/spack/opt/spack/linux-rhel7-broadwell/gcc-10.2.1/
           cmake-3.22.2-7oku4yd37mfoi65gi3alunjbl35euphw/bin/cmake -E cmake_lin
           k_script CMakeFiles/cmTC_fb7e1.dir/link.txt --verbose=1
     25        /p/vast1/build/spack/opt/spack/linux-rhel7-broadwell/gcc-10.2.1/
           openmpi-4.1.2-mtnsjnbj5kuefhd6gtupaglpuytu6vhz/bin/mpic++ -std=c++11
             CMakeFiles/cmTC_fb7e1.dir/testCXXCompiler.cxx.o -o cmTC_fb7e1
     26        /usr/tce/packages/gcc/gcc-10.2.1/rh/usr/bin/../libexec/gcc/x86_6
           4-redhat-linux/10/ld: warning: libgpfs.so, needed by /p/vast1/build/
           spack/opt/spack/linux-rhel7-broadwell/gcc-10.2.1/openmpi-4.1.2-mtnsj
           nbj5kuefhd6gtupaglpuytu6vhz/lib/libmpi.so, not found (try using -rpa
           th or -rpath-link)
  >> 27    /usr/tce/packages/gcc/gcc-10.2.1/rh/usr/bin/../libexec/gcc/x86_64-re
           dhat-linux/10/ld: /p/vast1/build/spack/opt/spack/linux-rhel7-broadwe
           ll/gcc-10.2.1/openmpi-4.1.2-mtnsjnbj5kuefhd6gtupaglpuytu6vhz/lib/lib
           mpi.so: undefined reference to `gpfs_fcntl'
  >> 28        collect2: error: ld returned 1 exit status
  >> 29        gmake[1]: *** [cmTC_fb7e1] Error 1
     30        gmake[1]: Leaving directory `/tmp/sochat1/spack-stage/spack-stag
           e-omega-h-9.27.0-urmubdli4zqjpytnfqjmwmxaodcq56tu/spack-build-urmubd
           l/CMakeFiles/CMakeTmp'
  >> 31        gmake: *** [cmTC_fb7e1/fast] Error 2
     32    
     33    
     34    
     35    
     36    
     37      CMake will not be able to correctly generate this project.

See build log for details:
  /var/tmp/sochat1/spack-stage/spack-stage-omega-h-9.27.0-urmubdli4zqjpytnfqjmwmxaodcq56tu/spack-build-out.txt

Making predictions for spack-test
Making predictions for symbolator
Making predictions for libabigail
abicompat not found on path, will look for spack instead.
Making predictions for actual
