{
    "failed": [
        {
            "experiment": "bolt-main-argobots-experiment",
            "splice": "argobots@main",
            "package": "bolt@main",
            "result": "rewiring-failed"
        },
        {
            "experiment": "bolt-main-argobots-experiment",
            "splice": "argobots@1.0.1",
            "package": "bolt@main",
            "result": "rewiring-failed"
        },
        {
            "experiment": "bolt-main-automake-experiment",
            "splice": "automake@1.16.5",
            "package": "bolt@main",
            "result": "rewiring-failed"
        },
        {
            "experiment": "bolt-main-automake-experiment",
            "splice": "automake@1.16.3",
            "package": "bolt@main",
            "result": "rewiring-failed"
        },
        {
            "experiment": "bolt-main-automake-experiment",
            "splice": "automake@1.16.2",
            "package": "bolt@main",
            "result": "rewiring-failed"
        },
        {
            "experiment": "bolt-main-automake-experiment",
            "splice": "automake@1.16.1",
            "package": "bolt@main",
            "result": "rewiring-failed"
        },
        {
            "experiment": "bolt-main-automake-experiment",
            "splice": "automake@1.15.1",
            "package": "bolt@main",
            "result": "rewiring-failed"
        },
        {
            "experiment": "bolt-main-automake-experiment",
            "splice": "automake@1.15",
            "package": "bolt@main",
            "result": "rewiring-failed"
        },
        {
            "experiment": "bolt-main-automake-experiment",
            "splice": "automake@1.14.1",
            "package": "bolt@main",
            "result": "rewiring-failed"
        },
        {
            "experiment": "bolt-main-automake-experiment",
            "splice": "automake@1.13.4",
            "package": "bolt@main",
            "result": "rewiring-failed"
        },
        {
            "experiment": "bolt-main-automake-experiment",
            "splice": "automake@1.11.6",
            "package": "bolt@main",
            "result": "splice-install-failed"
        },
        {
            "experiment": "bolt-main-libtool-experiment",
            "splice": "libtool@develop",
            "package": "bolt@main",
            "result": "rewiring-failed"
        },
        {
            "experiment": "bolt-main-libtool-experiment",
            "splice": "libtool@2.4.2",
            "package": "bolt@main",
            "result": "splice-install-failed"
        },
        {
            "experiment": "bolt-main-autoconf-experiment",
            "splice": "autoconf@2.71",
            "package": "bolt@main",
            "result": "rewiring-failed"
        },
        {
            "experiment": "bolt-main-autoconf-experiment",
            "splice": "autoconf@2.70",
            "package": "bolt@main",
            "result": "rewiring-failed"
        },
        {
            "experiment": "bolt-main-autoconf-experiment",
            "splice": "autoconf@2.69",
            "package": "bolt@main",
            "result": "rewiring-failed"
        },
        {
            "experiment": "bolt-main-autoconf-experiment",
            "splice": "autoconf@2.62",
            "package": "bolt@main",
            "result": "rewiring-failed"
        },
        {
            "experiment": "bolt-main-autoconf-experiment",
            "splice": "autoconf@2.59",
            "package": "bolt@main",
            "result": "rewiring-failed"
        },
        {
            "experiment": "bolt-1.0.1-argobots-experiment",
            "splice": "argobots@main",
            "package": "bolt@1.0.1",
            "result": "rewiring-failed"
        },
        {
            "experiment": "bolt-1.0.1-argobots-experiment",
            "splice": "argobots@1.0.1",
            "package": "bolt@1.0.1",
            "result": "rewiring-failed"
        },
        {
            "experiment": "bolt-1.0.1-automake-experiment",
            "splice": "automake@1.16.5",
            "package": "bolt@1.0.1",
            "result": "rewiring-failed"
        },
        {
            "experiment": "bolt-1.0.1-automake-experiment",
            "splice": "automake@1.16.3",
            "package": "bolt@1.0.1",
            "result": "rewiring-failed"
        },
        {
            "experiment": "bolt-1.0.1-automake-experiment",
            "splice": "automake@1.16.2",
            "package": "bolt@1.0.1",
            "result": "rewiring-failed"
        },
        {
            "experiment": "bolt-1.0.1-automake-experiment",
            "splice": "automake@1.16.1",
            "package": "bolt@1.0.1",
            "result": "rewiring-failed"
        },
        {
            "experiment": "bolt-1.0.1-automake-experiment",
            "splice": "automake@1.15.1",
            "package": "bolt@1.0.1",
            "result": "rewiring-failed"
        },
        {
            "experiment": "bolt-1.0.1-automake-experiment",
            "splice": "automake@1.15",
            "package": "bolt@1.0.1",
            "result": "rewiring-failed"
        },
        {
            "experiment": "bolt-1.0.1-automake-experiment",
            "splice": "automake@1.14.1",
            "package": "bolt@1.0.1",
            "result": "rewiring-failed"
        },
        {
            "experiment": "bolt-1.0.1-automake-experiment",
            "splice": "automake@1.13.4",
            "package": "bolt@1.0.1",
            "result": "rewiring-failed"
        },
        {
            "experiment": "bolt-1.0.1-automake-experiment",
            "splice": "automake@1.11.6",
            "package": "bolt@1.0.1",
            "result": "splice-install-failed"
        },
        {
            "experiment": "bolt-1.0.1-libtool-experiment",
            "splice": "libtool@develop",
            "package": "bolt@1.0.1",
            "result": "rewiring-failed"
        },
        {
            "experiment": "bolt-1.0.1-libtool-experiment",
            "splice": "libtool@2.4.2",
            "package": "bolt@1.0.1",
            "result": "splice-install-failed"
        },
        {
            "experiment": "bolt-1.0.1-autoconf-experiment",
            "splice": "autoconf@2.71",
            "package": "bolt@1.0.1",
            "result": "rewiring-failed"
        },
        {
            "experiment": "bolt-1.0.1-autoconf-experiment",
            "splice": "autoconf@2.70",
            "package": "bolt@1.0.1",
            "result": "rewiring-failed"
        },
        {
            "experiment": "bolt-1.0.1-autoconf-experiment",
            "splice": "autoconf@2.69",
            "package": "bolt@1.0.1",
            "result": "rewiring-failed"
        },
        {
            "experiment": "bolt-1.0.1-autoconf-experiment",
            "splice": "autoconf@2.62",
            "package": "bolt@1.0.1",
            "result": "rewiring-failed"
        },
        {
            "experiment": "bolt-1.0.1-autoconf-experiment",
            "splice": "autoconf@2.59",
            "package": "bolt@1.0.1",
            "result": "rewiring-failed"
        },
        {
            "experiment": "bolt-2.0-argobots-experiment",
            "splice": "argobots@main",
            "package": "bolt@2.0",
            "result": "rewiring-failed"
        },
        {
            "experiment": "bolt-2.0-argobots-experiment",
            "splice": "argobots@1.0.1",
            "package": "bolt@2.0",
            "result": "rewiring-failed"
        },
        {
            "experiment": "bolt-2.0-automake-experiment",
            "splice": "automake@1.16.5",
            "package": "bolt@2.0",
            "result": "rewiring-failed"
        },
        {
            "experiment": "bolt-2.0-automake-experiment",
            "splice": "automake@1.16.3",
            "package": "bolt@2.0",
            "result": "rewiring-failed"
        },
        {
            "experiment": "bolt-2.0-automake-experiment",
            "splice": "automake@1.16.2",
            "package": "bolt@2.0",
            "result": "rewiring-failed"
        },
        {
            "experiment": "bolt-2.0-automake-experiment",
            "splice": "automake@1.16.1",
            "package": "bolt@2.0",
            "result": "rewiring-failed"
        },
        {
            "experiment": "bolt-2.0-automake-experiment",
            "splice": "automake@1.15.1",
            "package": "bolt@2.0",
            "result": "rewiring-failed"
        },
        {
            "experiment": "bolt-2.0-automake-experiment",
            "splice": "automake@1.15",
            "package": "bolt@2.0",
            "result": "rewiring-failed"
        },
        {
            "experiment": "bolt-2.0-automake-experiment",
            "splice": "automake@1.14.1",
            "package": "bolt@2.0",
            "result": "rewiring-failed"
        },
        {
            "experiment": "bolt-2.0-automake-experiment",
            "splice": "automake@1.13.4",
            "package": "bolt@2.0",
            "result": "rewiring-failed"
        },
        {
            "experiment": "bolt-2.0-automake-experiment",
            "splice": "automake@1.11.6",
            "package": "bolt@2.0",
            "result": "splice-install-failed"
        },
        {
            "experiment": "bolt-2.0-libtool-experiment",
            "splice": "libtool@develop",
            "package": "bolt@2.0",
            "result": "rewiring-failed"
        },
        {
            "experiment": "bolt-2.0-libtool-experiment",
            "splice": "libtool@2.4.2",
            "package": "bolt@2.0",
            "result": "splice-install-failed"
        },
        {
            "experiment": "bolt-2.0-autoconf-experiment",
            "splice": "autoconf@2.71",
            "package": "bolt@2.0",
            "result": "rewiring-failed"
        },
        {
            "experiment": "bolt-2.0-autoconf-experiment",
            "splice": "autoconf@2.70",
            "package": "bolt@2.0",
            "result": "rewiring-failed"
        },
        {
            "experiment": "bolt-2.0-autoconf-experiment",
            "splice": "autoconf@2.69",
            "package": "bolt@2.0",
            "result": "rewiring-failed"
        },
        {
            "experiment": "bolt-2.0-autoconf-experiment",
            "splice": "autoconf@2.62",
            "package": "bolt@2.0",
            "result": "rewiring-failed"
        },
        {
            "experiment": "bolt-2.0-autoconf-experiment",
            "splice": "autoconf@2.59",
            "package": "bolt@2.0",
            "result": "rewiring-failed"
        },
        {
            "experiment": "bolt-1.0-argobots-experiment",
            "splice": "argobots@main",
            "package": "bolt@1.0",
            "result": "rewiring-failed"
        },
        {
            "experiment": "bolt-1.0-argobots-experiment",
            "splice": "argobots@1.0.1",
            "package": "bolt@1.0",
            "result": "rewiring-failed"
        },
        {
            "experiment": "bolt-1.0-automake-experiment",
            "splice": "automake@1.16.5",
            "package": "bolt@1.0",
            "result": "rewiring-failed"
        },
        {
            "experiment": "bolt-1.0-automake-experiment",
            "splice": "automake@1.16.3",
            "package": "bolt@1.0",
            "result": "rewiring-failed"
        },
        {
            "experiment": "bolt-1.0-automake-experiment",
            "splice": "automake@1.16.2",
            "package": "bolt@1.0",
            "result": "rewiring-failed"
        },
        {
            "experiment": "bolt-1.0-automake-experiment",
            "splice": "automake@1.16.1",
            "package": "bolt@1.0",
            "result": "rewiring-failed"
        },
        {
            "experiment": "bolt-1.0-automake-experiment",
            "splice": "automake@1.15.1",
            "package": "bolt@1.0",
            "result": "rewiring-failed"
        },
        {
            "experiment": "bolt-1.0-automake-experiment",
            "splice": "automake@1.15",
            "package": "bolt@1.0",
            "result": "rewiring-failed"
        },
        {
            "experiment": "bolt-1.0-automake-experiment",
            "splice": "automake@1.14.1",
            "package": "bolt@1.0",
            "result": "rewiring-failed"
        },
        {
            "experiment": "bolt-1.0-automake-experiment",
            "splice": "automake@1.13.4",
            "package": "bolt@1.0",
            "result": "rewiring-failed"
        },
        {
            "experiment": "bolt-1.0-automake-experiment",
            "splice": "automake@1.11.6",
            "package": "bolt@1.0",
            "result": "splice-install-failed"
        },
        {
            "experiment": "bolt-1.0-libtool-experiment",
            "splice": "libtool@develop",
            "package": "bolt@1.0",
            "result": "rewiring-failed"
        },
        {
            "experiment": "bolt-1.0-libtool-experiment",
            "splice": "libtool@2.4.2",
            "package": "bolt@1.0",
            "result": "splice-install-failed"
        },
        {
            "experiment": "bolt-1.0-autoconf-experiment",
            "splice": "autoconf@2.71",
            "package": "bolt@1.0",
            "result": "rewiring-failed"
        },
        {
            "experiment": "bolt-1.0-autoconf-experiment",
            "splice": "autoconf@2.70",
            "package": "bolt@1.0",
            "result": "rewiring-failed"
        },
        {
            "experiment": "bolt-1.0-autoconf-experiment",
            "splice": "autoconf@2.69",
            "package": "bolt@1.0",
            "result": "rewiring-failed"
        },
        {
            "experiment": "bolt-1.0-autoconf-experiment",
            "splice": "autoconf@2.62",
            "package": "bolt@1.0",
            "result": "rewiring-failed"
        },
        {
            "experiment": "bolt-1.0-autoconf-experiment",
            "splice": "autoconf@2.59",
            "package": "bolt@1.0",
            "result": "rewiring-failed"
        }
    ],
    "spack-test": [
        {
            "binary": null,
            "lib": null,
            "prediction": true,
            "message": "==> Spack test w25r3j4hkes5o7mmfq5q5mgal2tpugf3\n==> Testing package bolt-main-inddzdu\n============================= 1 passed of 1 specs ==============================\n",
            "return_code": 0,
            "command": "/p/vast1/build/spack/bin/spack test run /inddzd",
            "splice": "argobots@1.1",
            "package": "bolt@main",
            "result": "splice-success",
            "experiment": "bolt-main-argobots-experiment"
        },
        {
            "binary": null,
            "lib": null,
            "prediction": false,
            "message": "==> Spack test aqay4cgaotqg3awd7kvxtmq3awn2wz32\n==> Testing package bolt-main-pe7k44p\n==> Error: TestFailure: 1 tests failed.\n\n\nCommand exited with status 127:\n    './sample_nested'\n./sample_nested: error while loading shared libraries: libabt.so.1: cannot open shared object file: No such file or directory\n\n\n\n1 error found in test log:\n     6     PASSED\n     7     ==> [2022-03-01-15:47:01.724688] test: run sample_nested example\n     8     ==> [2022-03-01-15:47:01.725275] './sample_nested'\n     9     ./sample_nested: error while loading shared libraries: libabt.so.1: \n           cannot open shared object file: No such file or directory\n     10    FAILED: Command exited with status 127:\n     11        './sample_nested'\n  >> 12    ./sample_nested: error while loading shared libraries: libabt.so.1: \n           cannot open shared object file: No such file or directory\n     13    \n     14      File \"/p/vast1/build/spack/bin/spack\", line 98, in <module>\n     15        sys.exit(spack.main.main())\n     16      File \"/p/vast1/build/spack/lib/spack/spack/main.py\", line 916, in \n           main\n     17        return _main(argv)\n     18      File \"/p/vast1/build/spack/lib/spack/spack/main.py\", line 871, in \n           _main\n\n\n\n/p/vast1/build/spack/lib/spack/spack/build_environment.py:1061, in _setup_pkg_and_run:\n       1058        tb_string = traceback.format_exc()\n       1059\n       1060        # build up some context from the offending package so we can\n  >>   1061        # show that, too.\n       1062        package_context = get_package_context(tb)\n       1063\n       1064        logfile = None\n\nSee test log for details:\n  /g/g0/sochat1/.spack/test/aqay4cgaotqg3awd7kvxtmq3awn2wz32/bolt-main-pe7k44p-test-out.txt\n\n==> Error: 1 test(s) in the suite failed.\n\n======================== 1 failed, 0 passed of 1 specs =========================\n",
            "return_code": 1,
            "command": "/p/vast1/build/spack/bin/spack test run /pe7k44",
            "splice": "argobots@1.0",
            "package": "bolt@main",
            "result": "splice-success",
            "experiment": "bolt-main-argobots-experiment"
        },
        {
            "binary": null,
            "lib": null,
            "prediction": true,
            "message": "==> Spack test w25r3j4hkes5o7mmfq5q5mgal2tpugf3\n==> Testing package bolt-main-inddzdu\n============================= 1 passed of 1 specs ==============================\n",
            "return_code": 0,
            "command": "/p/vast1/build/spack/bin/spack test run /inddzd",
            "splice": "libtool@2.4.6",
            "package": "bolt@main",
            "result": "splice-success",
            "experiment": "bolt-main-libtool-experiment"
        },
        {
            "binary": null,
            "lib": null,
            "prediction": true,
            "message": "==> Spack test j5bakzfsosh4mn7lrqaxbsbbasssmnz4\n==> Testing package bolt-1.0.1-emohz5v\n============================= 1 passed of 1 specs ==============================\n",
            "return_code": 0,
            "command": "/p/vast1/build/spack/bin/spack test run /emohz5",
            "splice": "argobots@1.1",
            "package": "bolt@1.0.1",
            "result": "splice-success",
            "experiment": "bolt-1.0.1-argobots-experiment"
        },
        {
            "binary": null,
            "lib": null,
            "prediction": false,
            "message": "==> Spack test vveoogkvs6k25u76q2otzjwyzkd4eb2s\n==> Testing package bolt-1.0.1-gquu2hw\n==> Error: TestFailure: 1 tests failed.\n\n\nCommand exited with status 127:\n    './sample_nested'\n./sample_nested: error while loading shared libraries: libabt.so.1: cannot open shared object file: No such file or directory\n\n\n\n1 error found in test log:\n     18    PASSED\n     19    ==> [2022-03-01-15:46:45.565871] test: run sample_nested example\n     20    ==> [2022-03-01-15:46:45.566529] './sample_nested'\n     21    ./sample_nested: error while loading shared libraries: libabt.so.1: \n           cannot open shared object file: No such file or directory\n     22    FAILED: Command exited with status 127:\n     23        './sample_nested'\n  >> 24    ./sample_nested: error while loading shared libraries: libabt.so.1: \n           cannot open shared object file: No such file or directory\n     25    \n     26      File \"/p/vast1/build/spack/bin/spack\", line 98, in <module>\n     27        sys.exit(spack.main.main())\n     28      File \"/p/vast1/build/spack/lib/spack/spack/main.py\", line 916, in \n           main\n     29        return _main(argv)\n     30      File \"/p/vast1/build/spack/lib/spack/spack/main.py\", line 871, in \n           _main\n\n\n\n/p/vast1/build/spack/lib/spack/spack/build_environment.py:1061, in _setup_pkg_and_run:\n       1058        tb_string = traceback.format_exc()\n       1059\n       1060        # build up some context from the offending package so we can\n  >>   1061        # show that, too.\n       1062        package_context = get_package_context(tb)\n       1063\n       1064        logfile = None\n\nSee test log for details:\n  /g/g0/sochat1/.spack/test/vveoogkvs6k25u76q2otzjwyzkd4eb2s/bolt-1.0.1-gquu2hw-test-out.txt\n\n==> Error: 1 test(s) in the suite failed.\n\n======================== 1 failed, 0 passed of 1 specs =========================\n",
            "return_code": 1,
            "command": "/p/vast1/build/spack/bin/spack test run /gquu2h",
            "splice": "argobots@1.0",
            "package": "bolt@1.0.1",
            "result": "splice-success",
            "experiment": "bolt-1.0.1-argobots-experiment"
        },
        {
            "binary": null,
            "lib": null,
            "prediction": true,
            "message": "==> Spack test j5bakzfsosh4mn7lrqaxbsbbasssmnz4\n==> Testing package bolt-1.0.1-emohz5v\n============================= 1 passed of 1 specs ==============================\n",
            "return_code": 0,
            "command": "/p/vast1/build/spack/bin/spack test run /emohz5",
            "splice": "libtool@2.4.6",
            "package": "bolt@1.0.1",
            "result": "splice-success",
            "experiment": "bolt-1.0.1-libtool-experiment"
        },
        {
            "binary": null,
            "lib": null,
            "prediction": true,
            "message": "==> Spack test crwcthcmcft7wqxew7vah2akl6igakf7\n==> Testing package bolt-2.0-3s3ziij\n============================= 1 passed of 1 specs ==============================\n",
            "return_code": 0,
            "command": "/p/vast1/build/spack/bin/spack test run /3s3zii",
            "splice": "argobots@1.1",
            "package": "bolt@2.0",
            "result": "splice-success",
            "experiment": "bolt-2.0-argobots-experiment"
        },
        {
            "binary": null,
            "lib": null,
            "prediction": false,
            "message": "==> Spack test ude5wb2gsyuk7xafszpalcjoqds4o4xx\n==> Testing package bolt-2.0-yzh7mvq\n==> Error: TestFailure: 1 tests failed.\n\n\nCommand exited with status 127:\n    './sample_nested'\n./sample_nested: error while loading shared libraries: libabt.so.1: cannot open shared object file: No such file or directory\n\n\n\n1 error found in test log:\n     18    PASSED\n     19    ==> [2022-03-01-15:47:09.099348] test: run sample_nested example\n     20    ==> [2022-03-01-15:47:09.100101] './sample_nested'\n     21    ./sample_nested: error while loading shared libraries: libabt.so.1: \n           cannot open shared object file: No such file or directory\n     22    FAILED: Command exited with status 127:\n     23        './sample_nested'\n  >> 24    ./sample_nested: error while loading shared libraries: libabt.so.1: \n           cannot open shared object file: No such file or directory\n     25    \n     26      File \"/p/vast1/build/spack/bin/spack\", line 98, in <module>\n     27        sys.exit(spack.main.main())\n     28      File \"/p/vast1/build/spack/lib/spack/spack/main.py\", line 916, in \n           main\n     29        return _main(argv)\n     30      File \"/p/vast1/build/spack/lib/spack/spack/main.py\", line 871, in \n           _main\n\n\n\n/p/vast1/build/spack/lib/spack/spack/build_environment.py:1061, in _setup_pkg_and_run:\n       1058        tb_string = traceback.format_exc()\n       1059\n       1060        # build up some context from the offending package so we can\n  >>   1061        # show that, too.\n       1062        package_context = get_package_context(tb)\n       1063\n       1064        logfile = None\n\nSee test log for details:\n  /g/g0/sochat1/.spack/test/ude5wb2gsyuk7xafszpalcjoqds4o4xx/bolt-2.0-yzh7mvq-test-out.txt\n\n==> Error: 1 test(s) in the suite failed.\n\n======================== 1 failed, 0 passed of 1 specs =========================\n",
            "return_code": 1,
            "command": "/p/vast1/build/spack/bin/spack test run /yzh7mv",
            "splice": "argobots@1.0",
            "package": "bolt@2.0",
            "result": "splice-success",
            "experiment": "bolt-2.0-argobots-experiment"
        },
        {
            "binary": null,
            "lib": null,
            "prediction": true,
            "message": "==> Spack test crwcthcmcft7wqxew7vah2akl6igakf7\n==> Testing package bolt-2.0-3s3ziij\n============================= 1 passed of 1 specs ==============================\n",
            "return_code": 0,
            "command": "/p/vast1/build/spack/bin/spack test run /3s3zii",
            "splice": "libtool@2.4.6",
            "package": "bolt@2.0",
            "result": "splice-success",
            "experiment": "bolt-2.0-libtool-experiment"
        },
        {
            "binary": null,
            "lib": null,
            "prediction": true,
            "message": "==> Spack test 5gap4tc6groox7pyfacudakrbmoslvly\n==> Testing package bolt-1.0-nn6j5vz\n============================= 1 passed of 1 specs ==============================\n",
            "return_code": 0,
            "command": "/p/vast1/build/spack/bin/spack test run /nn6j5v",
            "splice": "argobots@1.1",
            "package": "bolt@1.0",
            "result": "splice-success",
            "experiment": "bolt-1.0-argobots-experiment"
        },
        {
            "binary": null,
            "lib": null,
            "prediction": false,
            "message": "==> Spack test t5gjxg7m3vgjxu4yiki6yrrvlkp3gant\n==> Testing package bolt-1.0-5ac3bma\n==> Error: TestFailure: 2 tests failed.\n\n\nCommand exited with status 1:\n    '/p/vast1/build/spack/lib/spack/env/gcc/gcc' '-lomp' '-o' 'sample_nested' '-L/p/vast1/build/spack/opt/spack/linux-rhel7-broadwell/gcc-10.2.1/bolt-1.0-5ac3bma4xckeoqvcuwsp52r32hy74qzd/lib' '/g/g0/sochat1/.spack/test/t5gjxg7m3vgjxu4yiki6yrrvlkp3gant/bolt-1.0-5ac3bma/cache/bolt/examples/sample_nested.c'\n/g/g0/sochat1/.spack/test/t5gjxg7m3vgjxu4yiki6yrrvlkp3gant/bolt-1.0-5ac3bma/cache/bolt/examples/sample_nested.c: In function 'main':\n/g/g0/sochat1/.spack/test/t5gjxg7m3vgjxu4yiki6yrrvlkp3gant/bolt-1.0-5ac3bma/cache/bolt/examples/sample_nested.c:15:23: warning: implicit declaration of function 'atoi' [-Wimplicit-function-declaration]\n   15 |     int size=(argc>1)?atoi(argv[1]):100;\n      |                       ^~~~\n/g/g0/sochat1/.spack/test/t5gjxg7m3vgjxu4yiki6yrrvlkp3gant/bolt-1.0-5ac3bma/cache/bolt/examples/sample_nested.c:21:27: warning: implicit declaration of function 'malloc' [-Wimplicit-function-declaration]\n   21 |     double *a = (double *)malloc(sizeof(double)*size*size);\n      |                           ^~~~~~\n/g/g0/sochat1/.spack/test/t5gjxg7m3vgjxu4yiki6yrrvlkp3gant/bolt-1.0-5ac3bma/cache/bolt/examples/sample_nested.c:21:27: warning: incompatible implicit declaration of built-in function 'malloc'\n/g/g0/sochat1/.spack/test/t5gjxg7m3vgjxu4yiki6yrrvlkp3gant/bolt-1.0-5ac3bma/cache/bolt/examples/sample_nested.c:10:1: note: include '<stdlib.h>' or provide a declaration of 'malloc'\n    9 | #include <sys/time.h>\n  +++ |+#include <stdlib.h>\n   10 | \n/usr/tce/packages/gcc/gcc-10.2.1/rh/usr/bin/../libexec/gcc/x86_64-redhat-linux/10/ld: warning: libabt.so.1, needed by /p/vast1/build/spack/opt/spack/linux-rhel7-broadwell/gcc-10.2.1/bolt-1.0-5ac3bma4xckeoqvcuwsp52r32hy74qzd/lib/libomp.so, not found (try using -rpath or -rpath-link)\n/usr/tce/packages/gcc/gcc-10.2.1/rh/usr/bin/../libexec/gcc/x86_64-redhat-linux/10/ld: /p/vast1/build/spack/opt/spack/linux-rhel7-broadwell/gcc-10.2.1/bolt-1.0-5ac3bma4xckeoqvcuwsp52r32hy74qzd/lib/libomp.so: undefined reference to `ABT_thread_yield'\n/usr/tce/packages/gcc/gcc-10.2.1/rh/usr/bin/../libexec/gcc/x86_64-redhat-linux/10/ld: /p/vast1/build/spack/opt/spack/linux-rhel7-broadwell/gcc-10.2.1/bolt-1.0-5ac3bma4xckeoqvcuwsp52r32hy74qzd/lib/libomp.so: undefined reference to `ABT_thread_attr_set_stacksize'\n/usr/tce/packages/gcc/gcc-10.2.1/rh/usr/bin/../libexec/gcc/x86_64-redhat-linux/10/ld: /p/vast1/build/spack/opt/spack/linux-rhel7-broadwell/gcc-10.2.1/bolt-1.0-5ac3bma4xckeoqvcuwsp52r32hy74qzd/lib/libomp.so: undefined reference to `ABT_thread_set_arg'\n/usr/tce/packages/gcc/gcc-10.2.1/rh/usr/bin/../libexec/gcc/x86_64-redhat-linux/10/ld: /p/vast1/build/spack/opt/spack/linux-rhel7-broadwell/gcc-10.2.1/bolt-1.0-5ac3bma4xckeoqvcuwsp52r32hy74qzd/lib/libomp.so: undefined reference to `ABT_sched_create'\n/usr/tce/packages/gcc/gcc-10.2.1/rh/usr/bin/../libexec/gcc/x86_64-redhat-linux/10/ld: /p/vast1/build/spack/opt/spack/linux-rhel7-broadwell/gcc-10.2.1/bolt-1.0-5ac3bma4xckeoqvcuwsp52r32hy74qzd/lib/libomp.so: undefined reference to `ABT_xstream_free'\n/usr/tce/packages/gcc/gcc-10.2.1/rh/usr/bin/../libexec/gcc/x86_64-redhat-linux/10/ld: /p/vast1/build/spack/opt/spack/linux-rhel7-broadwell/gcc-10.2.1/bolt-1.0-5ac3bma4xckeoqvcuwsp52r32hy74qzd/lib/libomp.so: undefined reference to `ABT_xstream_join'\n/usr/tce/packages/gcc/gcc-10.2.1/rh/usr/bin/../libexec/gcc/x86_64-redhat-linux/10/ld: /p/vast1/build/spack/opt/spack/linux-rhel7-broadwell/gcc-10.2.1/bolt-1.0-5ac3bma4xckeoqvcuwsp52r32hy74qzd/lib/libomp.so: undefined reference to `ABT_thread_join'\n/usr/tce/packages/gcc/gcc-10.2.1/rh/usr/bin/../libexec/gcc/x86_64-redhat-linux/10/ld: /p/vast1/build/spack/opt/spack/linux-rhel7-broadwell/gcc-10.2.1/bolt-1.0-5ac3bma4xckeoqvcuwsp52r32hy74qzd/lib/libomp.so: undefined reference to `ABT_sched_free'\n/usr/tce/packages/gcc/gcc-10.2.1/rh/usr/bin/../libexec/gcc/x86_64-redhat-linux/10/ld: /p/vast1/build/spack/opt/spack/linux-rhel7-broadwell/gcc-10.2.1/bolt-1.0-5ac3bma4xckeoqvcuwsp52r32hy74qzd/lib/libomp.so: undefined reference to `ABT_thread_exit'\n/usr/tce/packages/gcc/gcc-10.2.1/rh/usr/bin/../libexec/gcc/x86_64-redhat-linux/10/ld: /p/vast1/build/spack/opt/spack/linux-rhel7-broadwell/gcc-10.2.1/bolt-1.0-5ac3bma4xckeoqvcuwsp52r32hy74qzd/lib/libomp.so: undefined reference to `ABT_xstream_set_main_sched'\n/usr/tce/packages/gcc/gcc-10.2.1/rh/usr/bin/../libexec/gcc/x86_64-redhat-linux/10/ld: /p/vast1/build/spack/opt/spack/linux-rhel7-broadwell/gcc-10.2.1/bolt-1.0-5ac3bma4xckeoqvcuwsp52r32hy74qzd/lib/libomp.so: undefined reference to `ABT_thread_attr_free'\n/usr/tce/packages/gcc/gcc-10.2.1/rh/usr/bin/../libexec/gcc/x86_64-redhat-linux/10/ld: /p/vast1/build/spack/opt/spack/linux-rhel7-broadwell/gcc-10.2.1/bolt-1.0-5ac3bma4xckeoqvcuwsp52r32hy74qzd/lib/libomp.so: undefined reference to `ABT_thread_create'\n/usr/tce/packages/gcc/gcc-10.2.1/rh/usr/bin/../libexec/gcc/x86_64-redhat-linux/10/ld: /p/vast1/build/spack/opt/spack/linux-rhel7-broadwell/gcc-10.2.1/bolt-1.0-5ac3bma4xckeoqvcuwsp52r32hy74qzd/lib/libomp.so: undefined reference to `ABT_sched_get_num_pools'\n/usr/tce/packages/gcc/gcc-10.2.1/rh/usr/bin/../libexec/gcc/x86_64-redhat-linux/10/ld: /p/vast1/build/spack/opt/spack/linux-rhel7-broadwell/gcc-10.2.1/bolt-1.0-5ac3bma4xckeoqvcuwsp52r32hy74qzd/lib/libomp.so: undefined reference to `ABT_xstream_check_events'\n/usr/tce/packages/gcc/gcc-10.2.1/rh/usr/bin/../libexec/gcc/x86_64-redhat-linux/10/ld: /p/vast1/build/spack/opt/spack/linux-rhel7-broadwell/gcc-10.2.1/bolt-1.0-5ac3bma4xckeoqvcuwsp52r32hy74qzd/lib/libomp.so: undefined reference to `ABT_finalize'\n/usr/tce/packages/gcc/gcc-10.2.1/rh/usr/bin/../libexec/gcc/x86_64-redhat-linux/10/ld: /p/vast1/build/spack/opt/spack/linux-rhel7-broadwell/gcc-10.2.1/bolt-1.0-5ac3bma4xckeoqvcuwsp52r32hy74qzd/lib/libomp.so: undefined reference to `ABT_thread_get_arg'\n/usr/tce/packages/gcc/gcc-10.2.1/rh/usr/bin/../libexec/gcc/x86_64-redhat-linux/10/ld: /p/vast1/build/spack/opt/spack/linux-rhel7-broadwell/gcc-10.2.1/bolt-1.0-5ac3bma4xckeoqvcuwsp52r32hy74qzd/lib/libomp.so: undefined reference to `ABT_xstream_self'\n/usr/tce/packages/gcc/gcc-10.2.1/rh/usr/bin/../libexec/gcc/x86_64-redhat-linux/10/ld: /p/vast1/build/spack/opt/spack/linux-rhel7-broadwell/gcc-10.2.1/bolt-1.0-5ac3bma4xckeoqvcuwsp52r32hy74qzd/lib/libomp.so: undefined reference to `ABT_barrier_free'\n/usr/tce/packages/gcc/gcc-10.2.1/rh/usr/bin/../libexec/gcc/x86_64-redhat-linux/10/ld: /p/vast1/build/spack/opt/spack/linux-rhel7-broadwell/gcc-10.2.1/bolt-1.0-5ac3bma4xckeoqvcuwsp52r32hy74qzd/lib/libomp.so: undefined reference to `ABT_sched_get_pools'\n/usr/tce/packages/gcc/gcc-10.2.1/rh/usr/bin/../libexec/gcc/x86_64-redhat-linux/10/ld: /p/vast1/build/spack/opt/spack/linux-rhel7-broadwell/gcc-10.2.1/bolt-1.0-5ac3bma4xckeoqvcuwsp52r32hy74qzd/lib/libomp.so: undefined reference to `ABT_init'\n/usr/tce/packages/gcc/gcc-10.2.1/rh/usr/bin/../libexec/gcc/x86_64-redhat-linux/10/ld: /p/vast1/build/spack/opt/spack/linux-rhel7-broadwell/gcc-10.2.1/bolt-1.0-5ac3bma4xckeoqvcuwsp52r32hy74qzd/lib/libomp.so: undefined reference to `ABT_sched_has_to_stop'\n/usr/tce/packages/gcc/gcc-10.2.1/rh/usr/bin/../libexec/gcc/x86_64-redhat-linux/10/ld: /p/vast1/build/spack/opt/spack/linux-rhel7-broadwell/gcc-10.2.1/bolt-1.0-5ac3bma4xckeoqvcuwsp52r32hy74qzd/lib/libomp.so: undefined reference to `ABT_xstream_run_unit'\n/usr/tce/packages/gcc/gcc-10.2.1/rh/usr/bin/../libexec/gcc/x86_64-redhat-linux/10/ld: /p/vast1/build/spack/opt/spack/linux-rhel7-broadwell/gcc-10.2.1/bolt-1.0-5ac3bma4xckeoqvcuwsp52r32hy74qzd/lib/libomp.so: undefined reference to `ABT_unit_set_associated_pool'\n/usr/tce/packages/gcc/gcc-10.2.1/rh/usr/bin/../libexec/gcc/x86_64-redhat-linux/10/ld: /p/vast1/build/spack/opt/spack/linux-rhel7-broadwell/gcc-10.2.1/bolt-1.0-5ac3bma4xckeoqvcuwsp52r32hy74qzd/lib/libomp.so: undefined reference to `ABT_barrier_create'\n/usr/tce/packages/gcc/gcc-10.2.1/rh/usr/bin/../libexec/gcc/x86_64-redhat-linux/10/ld: /p/vast1/build/spack/opt/spack/linux-rhel7-broadwell/gcc-10.2.1/bolt-1.0-5ac3bma4xckeoqvcuwsp52r32hy74qzd/lib/libomp.so: undefined reference to `ABT_thread_cancel'\n/usr/tce/packages/gcc/gcc-10.2.1/rh/usr/bin/../libexec/gcc/x86_64-redhat-linux/10/ld: /p/vast1/build/spack/opt/spack/linux-rhel7-broadwell/gcc-10.2.1/bolt-1.0-5ac3bma4xckeoqvcuwsp52r32hy74qzd/lib/libomp.so: undefined reference to `ABT_barrier_reinit'\n/usr/tce/packages/gcc/gcc-10.2.1/rh/usr/bin/../libexec/gcc/x86_64-redhat-linux/10/ld: /p/vast1/build/spack/opt/spack/linux-rhel7-broadwell/gcc-10.2.1/bolt-1.0-5ac3bma4xckeoqvcuwsp52r32hy74qzd/lib/libomp.so: undefined reference to `ABT_thread_self'\n/usr/tce/packages/gcc/gcc-10.2.1/rh/usr/bin/../libexec/gcc/x86_64-redhat-linux/10/ld: /p/vast1/build/spack/opt/spack/linux-rhel7-broadwell/gcc-10.2.1/bolt-1.0-5ac3bma4xckeoqvcuwsp52r32hy74qzd/lib/libomp.so: undefined reference to `ABT_thread_free'\n/usr/tce/packages/gcc/gcc-10.2.1/rh/usr/bin/../libexec/gcc/x86_64-redhat-linux/10/ld: /p/vast1/build/spack/opt/spack/linux-rhel7-broadwell/gcc-10.2.1/bolt-1.0-5ac3bma4xckeoqvcuwsp52r32hy74qzd/lib/libomp.so: undefined reference to `ABT_xstream_create'\n/usr/tce/packages/gcc/gcc-10.2.1/rh/usr/bin/../libexec/gcc/x86_64-redhat-linux/10/ld: /p/vast1/build/spack/opt/spack/linux-rhel7-broadwell/gcc-10.2.1/bolt-1.0-5ac3bma4xckeoqvcuwsp52r32hy74qzd/lib/libomp.so: undefined reference to `ABT_barrier_wait'\n/usr/tce/packages/gcc/gcc-10.2.1/rh/usr/bin/../libexec/gcc/x86_64-redhat-linux/10/ld: /p/vast1/build/spack/opt/spack/linux-rhel7-broadwell/gcc-10.2.1/bolt-1.0-5ac3bma4xckeoqvcuwsp52r32hy74qzd/lib/libomp.so: undefined reference to `ABT_pool_create_basic'\n/usr/tce/packages/gcc/gcc-10.2.1/rh/usr/bin/../libexec/gcc/x86_64-redhat-linux/10/ld: /p/vast1/build/spack/opt/spack/linux-rhel7-broadwell/gcc-10.2.1/bolt-1.0-5ac3bma4xckeoqvcuwsp52r32hy74qzd/lib/libomp.so: undefined reference to `ABT_thread_revive'\n/usr/tce/packages/gcc/gcc-10.2.1/rh/usr/bin/../libexec/gcc/x86_64-redhat-linux/10/ld: /p/vast1/build/spack/opt/spack/linux-rhel7-broadwell/gcc-10.2.1/bolt-1.0-5ac3bma4xckeoqvcuwsp52r32hy74qzd/lib/libomp.so: undefined reference to `ABT_pool_pop'\n/usr/tce/packages/gcc/gcc-10.2.1/rh/usr/bin/../libexec/gcc/x86_64-redhat-linux/10/ld: /p/vast1/build/spack/opt/spack/linux-rhel7-broadwell/gcc-10.2.1/bolt-1.0-5ac3bma4xckeoqvcuwsp52r32hy74qzd/lib/libomp.so: undefined reference to `ABT_initialized'\n/usr/tce/packages/gcc/gcc-10.2.1/rh/usr/bin/../libexec/gcc/x86_64-redhat-linux/10/ld: /p/vast1/build/spack/opt/spack/linux-rhel7-broadwell/gcc-10.2.1/bolt-1.0-5ac3bma4xckeoqvcuwsp52r32hy74qzd/lib/libomp.so: undefined reference to `ABT_thread_attr_create'\n/usr/tce/packages/gcc/gcc-10.2.1/rh/usr/bin/../libexec/gcc/x86_64-redhat-linux/10/ld: /p/vast1/build/spack/opt/spack/linux-rhel7-broadwell/gcc-10.2.1/bolt-1.0-5ac3bma4xckeoqvcuwsp52r32hy74qzd/lib/libomp.so: undefined reference to `ABT_xstream_self_rank'\ncollect2: error: ld returned 1 exit status\n\n\n\n1 error found in test log:\n     101    /usr/tce/packages/gcc/gcc-10.2.1/rh/usr/bin/../libexec/gcc/x86_64-r\n            edhat-linux/10/ld: /p/vast1/build/spack/opt/spack/linux-rhel7-broad\n            well/gcc-10.2.1/bolt-1.0-5ac3bma4xckeoqvcuwsp52r32hy74qzd/lib/libom\n            p.so: undefined reference to `ABT_pool_create_basic'\n     102    /usr/tce/packages/gcc/gcc-10.2.1/rh/usr/bin/../libexec/gcc/x86_64-r\n            edhat-linux/10/ld: /p/vast1/build/spack/opt/spack/linux-rhel7-broad\n            well/gcc-10.2.1/bolt-1.0-5ac3bma4xckeoqvcuwsp52r32hy74qzd/lib/libom\n            p.so: undefined reference to `ABT_thread_revive'\n     103    /usr/tce/packages/gcc/gcc-10.2.1/rh/usr/bin/../libexec/gcc/x86_64-r\n            edhat-linux/10/ld: /p/vast1/build/spack/opt/spack/linux-rhel7-broad\n            well/gcc-10.2.1/bolt-1.0-5ac3bma4xckeoqvcuwsp52r32hy74qzd/lib/libom\n            p.so: undefined reference to `ABT_pool_pop'\n     104    /usr/tce/packages/gcc/gcc-10.2.1/rh/usr/bin/../libexec/gcc/x86_64-r\n            edhat-linux/10/ld: /p/vast1/build/spack/opt/spack/linux-rhel7-broad\n            well/gcc-10.2.1/bolt-1.0-5ac3bma4xckeoqvcuwsp52r32hy74qzd/lib/libom\n            p.so: undefined reference to `ABT_initialized'\n     105    /usr/tce/packages/gcc/gcc-10.2.1/rh/usr/bin/../libexec/gcc/x86_64-r\n            edhat-linux/10/ld: /p/vast1/build/spack/opt/spack/linux-rhel7-broad\n            well/gcc-10.2.1/bolt-1.0-5ac3bma4xckeoqvcuwsp52r32hy74qzd/lib/libom\n            p.so: undefined reference to `ABT_thread_attr_create'\n     106    /usr/tce/packages/gcc/gcc-10.2.1/rh/usr/bin/../libexec/gcc/x86_64-r\n            edhat-linux/10/ld: /p/vast1/build/spack/opt/spack/linux-rhel7-broad\n            well/gcc-10.2.1/bolt-1.0-5ac3bma4xckeoqvcuwsp52r32hy74qzd/lib/libom\n            p.so: undefined reference to `ABT_xstream_self_rank'\n  >> 107    collect2: error: ld returned 1 exit status\n     108    \n     109      File \"/p/vast1/build/spack/bin/spack\", line 98, in <module>\n\n\n\nFailed to find executable 'sample_nested'\n\n/p/vast1/build/spack/lib/spack/spack/package.py:1902, in run_test:\n       1899                    # stack instead of from traceback.\n       1900                    # The traceback is truncated here, so we can't use it to\n       1901                    # traverse the stack.\n  >>   1902                    m = '\\n'.join(\n       1903                        spack.build_environment.get_package_context(tb)\n       1904                    )\n       1905\n\n\n/p/vast1/build/spack/lib/spack/spack/build_environment.py:1061, in _setup_pkg_and_run:\n       1058        tb_string = traceback.format_exc()\n       1059\n       1060        # build up some context from the offending package so we can\n  >>   1061        # show that, too.\n       1062        package_context = get_package_context(tb)\n       1063\n       1064        logfile = None\n\nSee test log for details:\n  /g/g0/sochat1/.spack/test/t5gjxg7m3vgjxu4yiki6yrrvlkp3gant/bolt-1.0-5ac3bma-test-out.txt\n\n==> Error: 1 test(s) in the suite failed.\n\n======================== 1 failed, 0 passed of 1 specs =========================\n",
            "return_code": 1,
            "command": "/p/vast1/build/spack/bin/spack test run /5ac3bm",
            "splice": "argobots@1.0",
            "package": "bolt@1.0",
            "result": "splice-success",
            "experiment": "bolt-1.0-argobots-experiment"
        },
        {
            "binary": null,
            "lib": null,
            "prediction": true,
            "message": "==> Spack test 5gap4tc6groox7pyfacudakrbmoslvly\n==> Testing package bolt-1.0-nn6j5vz\n============================= 1 passed of 1 specs ==============================\n",
            "return_code": 0,
            "command": "/p/vast1/build/spack/bin/spack test run /nn6j5v",
            "splice": "libtool@2.4.6",
            "package": "bolt@1.0",
            "result": "splice-success",
            "experiment": "bolt-1.0-libtool-experiment"
        }
    ]
}