slurmstepd: error: *** JOB 96658 ON oslic11 CANCELLED AT 2022-02-24T21:59:27 DUE TO TIME LIMIT ***
==> Error: Failed to upgrade to a write lock for caliper-2.1.1-26wbiylup57sqprbctpzsatfsjfl6nmo due to LockUpgradeError: Cannot upgrade lock from read to write on file: /p/vast1/build/spack/opt/spack/.spack-db/prefix_lock
==> Warning: AssertionError exception when releasing read lock for caliper-2.1.1-26wbiylup57sqprbctpzsatfsjfl6nmo: 
Making predictions for spack-test
Making predictions for symbolator
Making predictions for libabigail
abicompat not found on path, will look for spack instead.
Making predictions for actual
==> Warning: Missing a source id for cmake@master
==> Warning: cmake-2.8.10.2-62xh3dj52yzayczfgo4de6xhzsuerhm2 failed to install
==> Warning: AssertionError exception when releasing read lock for cmake-2.8.10.2-62xh3dj52yzayczfgo4de6xhzsuerhm2: 
==> Error: cmake-2.8.10.2-62xh3dj52yzayczfgo4de6xhzsuerhm2: Package was not installed
Making predictions for spack-test
Making predictions for symbolator
slurmstepd: error: *** JOB 2468277 ON borax11 CANCELLED AT 2022-03-02T01:45:59 DUE TO TIME LIMIT ***
